<?xml version="1.0" encoding="UTF-8" standalone="no"?>
<debugInfo>
    <manifest filename="/Users/erdalgunes/garmin-jailbot/manifest.xml"/>
    <pcToLineNum>
        <entry filename="/Users/erdalgunes/garmin-jailbot/source/JailbotWatchFaceApp.mc" id="1" lineNum="5" parent="globals/JailbotWatchFaceApp" pc="268435460" symbol="&lt;init&gt;"/>
        <entry filename="/Users/erdalgunes/garmin-jailbot/build/gen/006-B3906-00/source/Rez.mcgen" id="2" lineNum="7" parent="globals/Rez" pc="268435472" symbol="&lt;init&gt;"/>
        <entry filename="/Users/erdalgunes/garmin-jailbot/source/MoodSystem.mc" id="3" lineNum="363" parent="globals/StandbyState" pc="268435492" symbol="&lt;init&gt;"/>
        <entry filename="/Users/erdalgunes/garmin-jailbot/source/MoodSystem.mc" id="4" lineNum="194" parent="globals/DrowsyState" pc="268435504" symbol="&lt;init&gt;"/>
        <entry filename="/Users/erdalgunes/garmin-jailbot/source/MoodSystem.mc" id="5" lineNum="157" parent="globals/OverheatState" pc="268435516" symbol="&lt;init&gt;"/>
        <entry filename="/Users/erdalgunes/garmin-jailbot/source/MoodSystem.mc" id="6" lineNum="289" parent="globals/FocusedState" pc="268435528" symbol="&lt;init&gt;"/>
        <entry filename="/Users/erdalgunes/garmin-jailbot/source/MoodSystem.mc" id="7" lineNum="325" parent="globals/ChargedState" pc="268435540" symbol="&lt;init&gt;"/>
        <entry filename="/Users/erdalgunes/garmin-jailbot/source/MoodSystem.mc" id="8" lineNum="122" parent="globals/VictoryState" pc="268435552" symbol="&lt;init&gt;"/>
        <entry filename="/Users/erdalgunes/garmin-jailbot/source/JailbotWatchFaceView.mc" id="9" lineNum="8" parent="globals/JailbotWatchFaceView" pc="268435564" symbol="&lt;init&gt;"/>
        <entry filename="/Users/erdalgunes/garmin-jailbot/source/MoodSystem.mc" id="10" lineNum="252" parent="globals/RecoveringState" pc="268435576" symbol="&lt;init&gt;"/>
        <entry filename="/Users/erdalgunes/garmin-jailbot/source/EyeRenderer.mc" id="11" lineNum="17" parent="globals/EyeRenderer" pc="268435588" symbol="drawEyes"/>
        <entry filename="/Users/erdalgunes/garmin-jailbot/source/EyeRenderer.mc" id="11" lineNum="18" parent="globals/EyeRenderer" pc="268435591" symbol="drawEyes"/>
        <entry filename="/Users/erdalgunes/garmin-jailbot/source/EyeRenderer.mc" id="11" lineNum="21" parent="globals/EyeRenderer" pc="268435621" symbol="drawEyes"/>
        <entry filename="/Users/erdalgunes/garmin-jailbot/source/EyeRenderer.mc" id="11" lineNum="22" parent="globals/EyeRenderer" pc="268435631" symbol="drawEyes"/>
        <entry filename="/Users/erdalgunes/garmin-jailbot/source/EyeRenderer.mc" id="11" lineNum="24" parent="globals/EyeRenderer" pc="268435644" symbol="drawEyes"/>
        <entry filename="/Users/erdalgunes/garmin-jailbot/source/EyeRenderer.mc" id="11" lineNum="25" parent="globals/EyeRenderer" pc="268435651" symbol="drawEyes"/>
        <entry filename="/Users/erdalgunes/garmin-jailbot/source/EyeRenderer.mc" id="11" lineNum="28" parent="globals/EyeRenderer" pc="268435658" symbol="drawEyes"/>
        <entry filename="/Users/erdalgunes/garmin-jailbot/source/EyeRenderer.mc" id="11" lineNum="30" parent="globals/EyeRenderer" pc="268435674" symbol="drawEyes"/>
        <entry filename="/Users/erdalgunes/garmin-jailbot/source/EyeRenderer.mc" id="11" lineNum="31" parent="globals/EyeRenderer" pc="268435691" symbol="drawEyes"/>
        <entry filename="/Users/erdalgunes/garmin-jailbot/source/EyeRenderer.mc" id="11" lineNum="32" parent="globals/EyeRenderer" pc="268435713" symbol="drawEyes"/>
        <entry filename="/Users/erdalgunes/garmin-jailbot/source/EyeRenderer.mc" id="11" lineNum="33" parent="globals/EyeRenderer" pc="268435730" symbol="drawEyes"/>
        <entry filename="/Users/erdalgunes/garmin-jailbot/source/EyeRenderer.mc" id="11" lineNum="35" parent="globals/EyeRenderer" pc="268435752" symbol="drawEyes"/>
        <entry filename="/Users/erdalgunes/garmin-jailbot/source/EyeRenderer.mc" id="11" lineNum="37" parent="globals/EyeRenderer" pc="268435773" symbol="drawEyes"/>
        <entry filename="/Users/erdalgunes/garmin-jailbot/source/EyeRenderer.mc" id="12" lineNum="8" parent="globals/EyeRenderer" pc="268435793" symbol="initialize"/>
        <entry filename="/Users/erdalgunes/garmin-jailbot/source/EyeRenderer.mc" id="12" lineNum="9" parent="globals/EyeRenderer" pc="268435795" symbol="initialize"/>
        <entry filename="/Users/erdalgunes/garmin-jailbot/source/EyeRenderer.mc" id="13" lineNum="100" parent="globals/EyeRenderer" pc="268435814" symbol="getDebugInfo"/>
        <entry filename="/Users/erdalgunes/garmin-jailbot/source/EyeRenderer.mc" id="13" lineNum="101" parent="globals/EyeRenderer" pc="268435816" symbol="getDebugInfo"/>
        <entry filename="/Users/erdalgunes/garmin-jailbot/source/EyeRenderer.mc" id="14" lineNum="71" parent="globals/EyeRenderer" pc="268435844" symbol="&lt;globals/EyeRenderer/&lt;&gt;drawClosedEyes&gt;"/>
        <entry filename="/Users/erdalgunes/garmin-jailbot/source/EyeRenderer.mc" id="14" lineNum="72" parent="globals/EyeRenderer" pc="268435847" symbol="&lt;globals/EyeRenderer/&lt;&gt;drawClosedEyes&gt;"/>
        <entry filename="/Users/erdalgunes/garmin-jailbot/source/EyeRenderer.mc" id="14" lineNum="73" parent="globals/EyeRenderer" pc="268435857" symbol="&lt;globals/EyeRenderer/&lt;&gt;drawClosedEyes&gt;"/>
        <entry filename="/Users/erdalgunes/garmin-jailbot/source/EyeRenderer.mc" id="14" lineNum="74" parent="globals/EyeRenderer" pc="268435870" symbol="&lt;globals/EyeRenderer/&lt;&gt;drawClosedEyes&gt;"/>
        <entry filename="/Users/erdalgunes/garmin-jailbot/source/EyeRenderer.mc" id="14" lineNum="74" parent="globals/EyeRenderer" pc="268435878" symbol="&lt;globals/EyeRenderer/&lt;&gt;drawClosedEyes&gt;"/>
        <entry filename="/Users/erdalgunes/garmin-jailbot/source/EyeRenderer.mc" id="14" lineNum="76" parent="globals/EyeRenderer" pc="268435885" symbol="&lt;globals/EyeRenderer/&lt;&gt;drawClosedEyes&gt;"/>
        <entry filename="/Users/erdalgunes/garmin-jailbot/source/EyeRenderer.mc" id="14" lineNum="78" parent="globals/EyeRenderer" pc="268435915" symbol="&lt;globals/EyeRenderer/&lt;&gt;drawClosedEyes&gt;"/>
        <entry filename="/Users/erdalgunes/garmin-jailbot/source/EyeRenderer.mc" id="14" lineNum="81" parent="globals/EyeRenderer" pc="268435927" symbol="&lt;globals/EyeRenderer/&lt;&gt;drawClosedEyes&gt;"/>
        <entry filename="/Users/erdalgunes/garmin-jailbot/source/EyeRenderer.mc" id="14" lineNum="89" parent="globals/EyeRenderer" pc="268435957" symbol="&lt;globals/EyeRenderer/&lt;&gt;drawClosedEyes&gt;"/>
        <entry filename="/Users/erdalgunes/garmin-jailbot/source/EyeRenderer.mc" id="14" lineNum="96" parent="globals/EyeRenderer" pc="268435987" symbol="&lt;globals/EyeRenderer/&lt;&gt;drawClosedEyes&gt;"/>
        <entry filename="/Users/erdalgunes/garmin-jailbot/source/EyeRenderer.mc" id="15" lineNum="42" parent="globals/EyeRenderer" pc="268436042" symbol="&lt;globals/EyeRenderer/&lt;&gt;drawOpenEyes&gt;"/>
        <entry filename="/Users/erdalgunes/garmin-jailbot/source/EyeRenderer.mc" id="15" lineNum="43" parent="globals/EyeRenderer" pc="268436045" symbol="&lt;globals/EyeRenderer/&lt;&gt;drawOpenEyes&gt;"/>
        <entry filename="/Users/erdalgunes/garmin-jailbot/source/EyeRenderer.mc" id="15" lineNum="44" parent="globals/EyeRenderer" pc="268436055" symbol="&lt;globals/EyeRenderer/&lt;&gt;drawOpenEyes&gt;"/>
        <entry filename="/Users/erdalgunes/garmin-jailbot/source/EyeRenderer.mc" id="15" lineNum="45" parent="globals/EyeRenderer" pc="268436065" symbol="&lt;globals/EyeRenderer/&lt;&gt;drawOpenEyes&gt;"/>
        <entry filename="/Users/erdalgunes/garmin-jailbot/source/EyeRenderer.mc" id="15" lineNum="47" parent="globals/EyeRenderer" pc="268436088" symbol="&lt;globals/EyeRenderer/&lt;&gt;drawOpenEyes&gt;"/>
        <entry filename="/Users/erdalgunes/garmin-jailbot/source/EyeRenderer.mc" id="15" lineNum="50" parent="globals/EyeRenderer" pc="268436118" symbol="&lt;globals/EyeRenderer/&lt;&gt;drawOpenEyes&gt;"/>
        <entry filename="/Users/erdalgunes/garmin-jailbot/source/EyeRenderer.mc" id="15" lineNum="59" parent="globals/EyeRenderer" pc="268436150" symbol="&lt;globals/EyeRenderer/&lt;&gt;drawOpenEyes&gt;"/>
        <entry filename="/Users/erdalgunes/garmin-jailbot/source/EyeRenderer.mc" id="15" lineNum="67" parent="globals/EyeRenderer" pc="268436182" symbol="&lt;globals/EyeRenderer/&lt;&gt;drawOpenEyes&gt;"/>
        <entry filename="/Users/erdalgunes/garmin-jailbot/source/JailbotWatchFaceApp.mc" id="16" lineNum="11" parent="globals/JailbotWatchFaceApp" pc="268436237" symbol="onStart"/>
        <entry filename="/Users/erdalgunes/garmin-jailbot/source/JailbotWatchFaceApp.mc" id="17" lineNum="21" parent="globals/JailbotWatchFaceApp" pc="268436240" symbol="onSettingsChanged"/>
        <entry filename="/Users/erdalgunes/garmin-jailbot/source/JailbotWatchFaceApp.mc" id="17" lineNum="22" parent="globals/JailbotWatchFaceApp" pc="268436242" symbol="onSettingsChanged"/>
        <entry filename="/Users/erdalgunes/garmin-jailbot/source/JailbotWatchFaceApp.mc" id="18" lineNum="17" parent="globals/JailbotWatchFaceApp" pc="268436254" symbol="getInitialView"/>
        <entry filename="/Users/erdalgunes/garmin-jailbot/source/JailbotWatchFaceApp.mc" id="18" lineNum="18" parent="globals/JailbotWatchFaceApp" pc="268436256" symbol="getInitialView"/>
        <entry filename="/Users/erdalgunes/garmin-jailbot/source/JailbotWatchFaceApp.mc" id="19" lineNum="7" parent="globals/JailbotWatchFaceApp" pc="268436282" symbol="initialize"/>
        <entry filename="/Users/erdalgunes/garmin-jailbot/source/JailbotWatchFaceApp.mc" id="19" lineNum="8" parent="globals/JailbotWatchFaceApp" pc="268436284" symbol="initialize"/>
        <entry filename="/Users/erdalgunes/garmin-jailbot/source/JailbotWatchFaceApp.mc" id="20" lineNum="14" parent="globals/JailbotWatchFaceApp" pc="268436297" symbol="onStop"/>
        <entry filename="/Users/erdalgunes/garmin-jailbot/source/MoodEngine.mc" id="21" lineNum="211" parent="globals/MoodMemory" pc="268436300" symbol="isAchievementEventRecent"/>
        <entry filename="/Users/erdalgunes/garmin-jailbot/source/MoodEngine.mc" id="21" lineNum="212" parent="globals/MoodMemory" pc="268436302" symbol="isAchievementEventRecent"/>
        <entry filename="/Users/erdalgunes/garmin-jailbot/source/MoodEngine.mc" id="22" lineNum="191" parent="globals/MoodMemory" pc="268436324" symbol="selectVariant"/>
        <entry filename="/Users/erdalgunes/garmin-jailbot/source/MoodEngine.mc" id="22" lineNum="193" parent="globals/MoodMemory" pc="268436327" symbol="selectVariant"/>
        <entry filename="/Users/erdalgunes/garmin-jailbot/source/MoodEngine.mc" id="22" lineNum="194" parent="globals/MoodMemory" pc="268436340" symbol="selectVariant"/>
        <entry filename="/Users/erdalgunes/garmin-jailbot/source/MoodEngine.mc" id="22" lineNum="198" parent="globals/MoodMemory" pc="268436348" symbol="selectVariant"/>
        <entry filename="/Users/erdalgunes/garmin-jailbot/source/MoodEngine.mc" id="22" lineNum="199" parent="globals/MoodMemory" pc="268436368" symbol="selectVariant"/>
        <entry filename="/Users/erdalgunes/garmin-jailbot/source/MoodEngine.mc" id="22" lineNum="200" parent="globals/MoodMemory" pc="268436380" symbol="selectVariant"/>
        <entry filename="/Users/erdalgunes/garmin-jailbot/source/MoodEngine.mc" id="22" lineNum="201" parent="globals/MoodMemory" pc="268436396" symbol="selectVariant"/>
        <entry filename="/Users/erdalgunes/garmin-jailbot/source/MoodEngine.mc" id="22" lineNum="202" parent="globals/MoodMemory" pc="268436415" symbol="selectVariant"/>
        <entry filename="/Users/erdalgunes/garmin-jailbot/source/MoodEngine.mc" id="22" lineNum="203" parent="globals/MoodMemory" pc="268436424" symbol="selectVariant"/>
        <entry filename="/Users/erdalgunes/garmin-jailbot/source/MoodEngine.mc" id="22" lineNum="208" parent="globals/MoodMemory" pc="268436439" symbol="selectVariant"/>
        <entry filename="/Users/erdalgunes/garmin-jailbot/source/MoodEngine.mc" id="23" lineNum="184" parent="globals/MoodMemory" pc="268436444" symbol="update"/>
        <entry filename="/Users/erdalgunes/garmin-jailbot/source/MoodEngine.mc" id="23" lineNum="186" parent="globals/MoodMemory" pc="268436446" symbol="update"/>
        <entry filename="/Users/erdalgunes/garmin-jailbot/source/MoodEngine.mc" id="23" lineNum="187" parent="globals/MoodMemory" pc="268436455" symbol="update"/>
        <entry filename="/Users/erdalgunes/garmin-jailbot/source/MoodEngine.mc" id="24" lineNum="177" parent="globals/MoodMemory" pc="268436476" symbol="initialize"/>
        <entry filename="/Users/erdalgunes/garmin-jailbot/source/MoodEngine.mc" id="24" lineNum="178" parent="globals/MoodMemory" pc="268436478" symbol="initialize"/>
        <entry filename="/Users/erdalgunes/garmin-jailbot/source/MoodEngine.mc" id="24" lineNum="179" parent="globals/MoodMemory" pc="268436487" symbol="initialize"/>
        <entry filename="/Users/erdalgunes/garmin-jailbot/source/MoodEngine.mc" id="24" lineNum="180" parent="globals/MoodMemory" pc="268436495" symbol="initialize"/>
        <entry filename="/Users/erdalgunes/garmin-jailbot/source/MoodEngine.mc" id="24" lineNum="181" parent="globals/MoodMemory" pc="268436507" symbol="initialize"/>
        <entry filename="/Users/erdalgunes/garmin-jailbot/source/EmoticonSystem.mc" id="25" lineNum="142" parent="globals/EmoticonParser" pc="268436516" symbol="&lt;globals/EmoticonParser/&lt;&gt;applyTongue&gt;"/>
        <entry filename="/Users/erdalgunes/garmin-jailbot/source/EmoticonSystem.mc" id="25" lineNum="143" parent="globals/EmoticonParser" pc="268436518" symbol="&lt;globals/EmoticonParser/&lt;&gt;applyTongue&gt;"/>
        <entry filename="/Users/erdalgunes/garmin-jailbot/source/EmoticonSystem.mc" id="25" lineNum="144" parent="globals/EmoticonParser" pc="268436531" symbol="&lt;globals/EmoticonParser/&lt;&gt;applyTongue&gt;"/>
        <entry filename="/Users/erdalgunes/garmin-jailbot/source/EmoticonSystem.mc" id="25" lineNum="145" parent="globals/EmoticonParser" pc="268436544" symbol="&lt;globals/EmoticonParser/&lt;&gt;applyTongue&gt;"/>
        <entry filename="/Users/erdalgunes/garmin-jailbot/source/EmoticonSystem.mc" id="25" lineNum="146" parent="globals/EmoticonParser" pc="268436557" symbol="&lt;globals/EmoticonParser/&lt;&gt;applyTongue&gt;"/>
        <entry filename="/Users/erdalgunes/garmin-jailbot/source/EmoticonSystem.mc" id="25" lineNum="147" parent="globals/EmoticonParser" pc="268436566" symbol="&lt;globals/EmoticonParser/&lt;&gt;applyTongue&gt;"/>
        <entry filename="/Users/erdalgunes/garmin-jailbot/source/EmoticonSystem.mc" id="25" lineNum="148" parent="globals/EmoticonParser" pc="268436579" symbol="&lt;globals/EmoticonParser/&lt;&gt;applyTongue&gt;"/>
        <entry filename="/Users/erdalgunes/garmin-jailbot/source/EmoticonSystem.mc" id="26" lineNum="216" parent="globals/EmoticonParser" pc="268436593" symbol="&lt;globals/EmoticonParser/&lt;&gt;applyConfused&gt;"/>
        <entry filename="/Users/erdalgunes/garmin-jailbot/source/EmoticonSystem.mc" id="26" lineNum="217" parent="globals/EmoticonParser" pc="268436595" symbol="&lt;globals/EmoticonParser/&lt;&gt;applyConfused&gt;"/>
        <entry filename="/Users/erdalgunes/garmin-jailbot/source/EmoticonSystem.mc" id="26" lineNum="218" parent="globals/EmoticonParser" pc="268436608" symbol="&lt;globals/EmoticonParser/&lt;&gt;applyConfused&gt;"/>
        <entry filename="/Users/erdalgunes/garmin-jailbot/source/EmoticonSystem.mc" id="26" lineNum="219" parent="globals/EmoticonParser" pc="268436621" symbol="&lt;globals/EmoticonParser/&lt;&gt;applyConfused&gt;"/>
        <entry filename="/Users/erdalgunes/garmin-jailbot/source/EmoticonSystem.mc" id="26" lineNum="220" parent="globals/EmoticonParser" pc="268436634" symbol="&lt;globals/EmoticonParser/&lt;&gt;applyConfused&gt;"/>
        <entry filename="/Users/erdalgunes/garmin-jailbot/source/EmoticonSystem.mc" id="26" lineNum="221" parent="globals/EmoticonParser" pc="268436647" symbol="&lt;globals/EmoticonParser/&lt;&gt;applyConfused&gt;"/>
        <entry filename="/Users/erdalgunes/garmin-jailbot/source/EmoticonSystem.mc" id="26" lineNum="222" parent="globals/EmoticonParser" pc="268436660" symbol="&lt;globals/EmoticonParser/&lt;&gt;applyConfused&gt;"/>
        <entry filename="/Users/erdalgunes/garmin-jailbot/source/EmoticonSystem.mc" id="26" lineNum="223" parent="globals/EmoticonParser" pc="268436673" symbol="&lt;globals/EmoticonParser/&lt;&gt;applyConfused&gt;"/>
        <entry filename="/Users/erdalgunes/garmin-jailbot/source/EmoticonSystem.mc" id="26" lineNum="224" parent="globals/EmoticonParser" pc="268436686" symbol="&lt;globals/EmoticonParser/&lt;&gt;applyConfused&gt;"/>
        <entry filename="/Users/erdalgunes/garmin-jailbot/source/EmoticonSystem.mc" id="27" lineNum="246" parent="globals/EmoticonParser" pc="268436700" symbol="&lt;globals/EmoticonParser/&lt;&gt;applyLove&gt;"/>
        <entry filename="/Users/erdalgunes/garmin-jailbot/source/EmoticonSystem.mc" id="27" lineNum="247" parent="globals/EmoticonParser" pc="268436702" symbol="&lt;globals/EmoticonParser/&lt;&gt;applyLove&gt;"/>
        <entry filename="/Users/erdalgunes/garmin-jailbot/source/EmoticonSystem.mc" id="27" lineNum="248" parent="globals/EmoticonParser" pc="268436715" symbol="&lt;globals/EmoticonParser/&lt;&gt;applyLove&gt;"/>
        <entry filename="/Users/erdalgunes/garmin-jailbot/source/EmoticonSystem.mc" id="27" lineNum="249" parent="globals/EmoticonParser" pc="268436728" symbol="&lt;globals/EmoticonParser/&lt;&gt;applyLove&gt;"/>
        <entry filename="/Users/erdalgunes/garmin-jailbot/source/EmoticonSystem.mc" id="27" lineNum="250" parent="globals/EmoticonParser" pc="268436741" symbol="&lt;globals/EmoticonParser/&lt;&gt;applyLove&gt;"/>
        <entry filename="/Users/erdalgunes/garmin-jailbot/source/EmoticonSystem.mc" id="27" lineNum="251" parent="globals/EmoticonParser" pc="268436754" symbol="&lt;globals/EmoticonParser/&lt;&gt;applyLove&gt;"/>
        <entry filename="/Users/erdalgunes/garmin-jailbot/source/EmoticonSystem.mc" id="27" lineNum="252" parent="globals/EmoticonParser" pc="268436767" symbol="&lt;globals/EmoticonParser/&lt;&gt;applyLove&gt;"/>
        <entry filename="/Users/erdalgunes/garmin-jailbot/source/EmoticonSystem.mc" id="27" lineNum="253" parent="globals/EmoticonParser" pc="268436780" symbol="&lt;globals/EmoticonParser/&lt;&gt;applyLove&gt;"/>
        <entry filename="/Users/erdalgunes/garmin-jailbot/source/EmoticonSystem.mc" id="27" lineNum="254" parent="globals/EmoticonParser" pc="268436789" symbol="&lt;globals/EmoticonParser/&lt;&gt;applyLove&gt;"/>
        <entry filename="/Users/erdalgunes/garmin-jailbot/source/EmoticonSystem.mc" id="27" lineNum="255" parent="globals/EmoticonParser" pc="268436802" symbol="&lt;globals/EmoticonParser/&lt;&gt;applyLove&gt;"/>
        <entry filename="/Users/erdalgunes/garmin-jailbot/source/EmoticonSystem.mc" id="28" lineNum="179" parent="globals/EmoticonParser" pc="268436816" symbol="&lt;globals/EmoticonParser/&lt;&gt;applyNeutral&gt;"/>
        <entry filename="/Users/erdalgunes/garmin-jailbot/source/EmoticonSystem.mc" id="28" lineNum="180" parent="globals/EmoticonParser" pc="268436818" symbol="&lt;globals/EmoticonParser/&lt;&gt;applyNeutral&gt;"/>
        <entry filename="/Users/erdalgunes/garmin-jailbot/source/EmoticonSystem.mc" id="28" lineNum="181" parent="globals/EmoticonParser" pc="268436831" symbol="&lt;globals/EmoticonParser/&lt;&gt;applyNeutral&gt;"/>
        <entry filename="/Users/erdalgunes/garmin-jailbot/source/EmoticonSystem.mc" id="28" lineNum="182" parent="globals/EmoticonParser" pc="268436844" symbol="&lt;globals/EmoticonParser/&lt;&gt;applyNeutral&gt;"/>
        <entry filename="/Users/erdalgunes/garmin-jailbot/source/EmoticonSystem.mc" id="29" lineNum="185" parent="globals/EmoticonParser" pc="268436858" symbol="&lt;globals/EmoticonParser/&lt;&gt;applyShock&gt;"/>
        <entry filename="/Users/erdalgunes/garmin-jailbot/source/EmoticonSystem.mc" id="29" lineNum="186" parent="globals/EmoticonParser" pc="268436860" symbol="&lt;globals/EmoticonParser/&lt;&gt;applyShock&gt;"/>
        <entry filename="/Users/erdalgunes/garmin-jailbot/source/EmoticonSystem.mc" id="29" lineNum="187" parent="globals/EmoticonParser" pc="268436873" symbol="&lt;globals/EmoticonParser/&lt;&gt;applyShock&gt;"/>
        <entry filename="/Users/erdalgunes/garmin-jailbot/source/EmoticonSystem.mc" id="29" lineNum="188" parent="globals/EmoticonParser" pc="268436886" symbol="&lt;globals/EmoticonParser/&lt;&gt;applyShock&gt;"/>
        <entry filename="/Users/erdalgunes/garmin-jailbot/source/EmoticonSystem.mc" id="29" lineNum="189" parent="globals/EmoticonParser" pc="268436899" symbol="&lt;globals/EmoticonParser/&lt;&gt;applyShock&gt;"/>
        <entry filename="/Users/erdalgunes/garmin-jailbot/source/EmoticonSystem.mc" id="29" lineNum="190" parent="globals/EmoticonParser" pc="268436912" symbol="&lt;globals/EmoticonParser/&lt;&gt;applyShock&gt;"/>
        <entry filename="/Users/erdalgunes/garmin-jailbot/source/EmoticonSystem.mc" id="29" lineNum="191" parent="globals/EmoticonParser" pc="268436925" symbol="&lt;globals/EmoticonParser/&lt;&gt;applyShock&gt;"/>
        <entry filename="/Users/erdalgunes/garmin-jailbot/source/EmoticonSystem.mc" id="29" lineNum="192" parent="globals/EmoticonParser" pc="268436938" symbol="&lt;globals/EmoticonParser/&lt;&gt;applyShock&gt;"/>
        <entry filename="/Users/erdalgunes/garmin-jailbot/source/EmoticonSystem.mc" id="29" lineNum="193" parent="globals/EmoticonParser" pc="268436951" symbol="&lt;globals/EmoticonParser/&lt;&gt;applyShock&gt;"/>
        <entry filename="/Users/erdalgunes/garmin-jailbot/source/EmoticonSystem.mc" id="30" lineNum="204" parent="globals/EmoticonParser" pc="268436965" symbol="&lt;globals/EmoticonParser/&lt;&gt;applyJoy&gt;"/>
        <entry filename="/Users/erdalgunes/garmin-jailbot/source/EmoticonSystem.mc" id="30" lineNum="205" parent="globals/EmoticonParser" pc="268436967" symbol="&lt;globals/EmoticonParser/&lt;&gt;applyJoy&gt;"/>
        <entry filename="/Users/erdalgunes/garmin-jailbot/source/EmoticonSystem.mc" id="30" lineNum="206" parent="globals/EmoticonParser" pc="268436980" symbol="&lt;globals/EmoticonParser/&lt;&gt;applyJoy&gt;"/>
        <entry filename="/Users/erdalgunes/garmin-jailbot/source/EmoticonSystem.mc" id="30" lineNum="207" parent="globals/EmoticonParser" pc="268436993" symbol="&lt;globals/EmoticonParser/&lt;&gt;applyJoy&gt;"/>
        <entry filename="/Users/erdalgunes/garmin-jailbot/source/EmoticonSystem.mc" id="30" lineNum="208" parent="globals/EmoticonParser" pc="268437006" symbol="&lt;globals/EmoticonParser/&lt;&gt;applyJoy&gt;"/>
        <entry filename="/Users/erdalgunes/garmin-jailbot/source/EmoticonSystem.mc" id="30" lineNum="209" parent="globals/EmoticonParser" pc="268437019" symbol="&lt;globals/EmoticonParser/&lt;&gt;applyJoy&gt;"/>
        <entry filename="/Users/erdalgunes/garmin-jailbot/source/EmoticonSystem.mc" id="30" lineNum="210" parent="globals/EmoticonParser" pc="268437032" symbol="&lt;globals/EmoticonParser/&lt;&gt;applyJoy&gt;"/>
        <entry filename="/Users/erdalgunes/garmin-jailbot/source/EmoticonSystem.mc" id="30" lineNum="211" parent="globals/EmoticonParser" pc="268437045" symbol="&lt;globals/EmoticonParser/&lt;&gt;applyJoy&gt;"/>
        <entry filename="/Users/erdalgunes/garmin-jailbot/source/EmoticonSystem.mc" id="30" lineNum="212" parent="globals/EmoticonParser" pc="268437054" symbol="&lt;globals/EmoticonParser/&lt;&gt;applyJoy&gt;"/>
        <entry filename="/Users/erdalgunes/garmin-jailbot/source/EmoticonSystem.mc" id="30" lineNum="213" parent="globals/EmoticonParser" pc="268437067" symbol="&lt;globals/EmoticonParser/&lt;&gt;applyJoy&gt;"/>
        <entry filename="/Users/erdalgunes/garmin-jailbot/source/EmoticonSystem.mc" id="31" lineNum="160" parent="globals/EmoticonParser" pc="268437081" symbol="&lt;globals/EmoticonParser/&lt;&gt;applyLaugh&gt;"/>
        <entry filename="/Users/erdalgunes/garmin-jailbot/source/EmoticonSystem.mc" id="31" lineNum="161" parent="globals/EmoticonParser" pc="268437083" symbol="&lt;globals/EmoticonParser/&lt;&gt;applyLaugh&gt;"/>
        <entry filename="/Users/erdalgunes/garmin-jailbot/source/EmoticonSystem.mc" id="31" lineNum="162" parent="globals/EmoticonParser" pc="268437096" symbol="&lt;globals/EmoticonParser/&lt;&gt;applyLaugh&gt;"/>
        <entry filename="/Users/erdalgunes/garmin-jailbot/source/EmoticonSystem.mc" id="31" lineNum="163" parent="globals/EmoticonParser" pc="268437109" symbol="&lt;globals/EmoticonParser/&lt;&gt;applyLaugh&gt;"/>
        <entry filename="/Users/erdalgunes/garmin-jailbot/source/EmoticonSystem.mc" id="31" lineNum="164" parent="globals/EmoticonParser" pc="268437122" symbol="&lt;globals/EmoticonParser/&lt;&gt;applyLaugh&gt;"/>
        <entry filename="/Users/erdalgunes/garmin-jailbot/source/EmoticonSystem.mc" id="31" lineNum="165" parent="globals/EmoticonParser" pc="268437135" symbol="&lt;globals/EmoticonParser/&lt;&gt;applyLaugh&gt;"/>
        <entry filename="/Users/erdalgunes/garmin-jailbot/source/EmoticonSystem.mc" id="31" lineNum="166" parent="globals/EmoticonParser" pc="268437148" symbol="&lt;globals/EmoticonParser/&lt;&gt;applyLaugh&gt;"/>
        <entry filename="/Users/erdalgunes/garmin-jailbot/source/EmoticonSystem.mc" id="32" lineNum="77" parent="globals/EmoticonParser" pc="268437162" symbol="parseEmoticon"/>
        <entry filename="/Users/erdalgunes/garmin-jailbot/source/EmoticonSystem.mc" id="32" lineNum="78" parent="globals/EmoticonParser" pc="268437165" symbol="parseEmoticon"/>
        <entry filename="/Users/erdalgunes/garmin-jailbot/source/EmoticonSystem.mc" id="32" lineNum="79" parent="globals/EmoticonParser" pc="268437185" symbol="parseEmoticon"/>
        <entry filename="/Users/erdalgunes/garmin-jailbot/source/EmoticonSystem.mc" id="32" lineNum="82" parent="globals/EmoticonParser" pc="268437194" symbol="parseEmoticon"/>
        <entry filename="/Users/erdalgunes/garmin-jailbot/source/EmoticonSystem.mc" id="32" lineNum="83" parent="globals/EmoticonParser" pc="268437228" symbol="parseEmoticon"/>
        <entry filename="/Users/erdalgunes/garmin-jailbot/source/EmoticonSystem.mc" id="32" lineNum="84" parent="globals/EmoticonParser" pc="268437242" symbol="parseEmoticon"/>
        <entry filename="/Users/erdalgunes/garmin-jailbot/source/EmoticonSystem.mc" id="32" lineNum="85" parent="globals/EmoticonParser" pc="268437276" symbol="parseEmoticon"/>
        <entry filename="/Users/erdalgunes/garmin-jailbot/source/EmoticonSystem.mc" id="32" lineNum="86" parent="globals/EmoticonParser" pc="268437290" symbol="parseEmoticon"/>
        <entry filename="/Users/erdalgunes/garmin-jailbot/source/EmoticonSystem.mc" id="32" lineNum="87" parent="globals/EmoticonParser" pc="268437307" symbol="parseEmoticon"/>
        <entry filename="/Users/erdalgunes/garmin-jailbot/source/EmoticonSystem.mc" id="32" lineNum="88" parent="globals/EmoticonParser" pc="268437321" symbol="parseEmoticon"/>
        <entry filename="/Users/erdalgunes/garmin-jailbot/source/EmoticonSystem.mc" id="32" lineNum="89" parent="globals/EmoticonParser" pc="268437338" symbol="parseEmoticon"/>
        <entry filename="/Users/erdalgunes/garmin-jailbot/source/EmoticonSystem.mc" id="32" lineNum="90" parent="globals/EmoticonParser" pc="268437352" symbol="parseEmoticon"/>
        <entry filename="/Users/erdalgunes/garmin-jailbot/source/EmoticonSystem.mc" id="32" lineNum="91" parent="globals/EmoticonParser" pc="268437369" symbol="parseEmoticon"/>
        <entry filename="/Users/erdalgunes/garmin-jailbot/source/EmoticonSystem.mc" id="32" lineNum="92" parent="globals/EmoticonParser" pc="268437383" symbol="parseEmoticon"/>
        <entry filename="/Users/erdalgunes/garmin-jailbot/source/EmoticonSystem.mc" id="32" lineNum="93" parent="globals/EmoticonParser" pc="268437400" symbol="parseEmoticon"/>
        <entry filename="/Users/erdalgunes/garmin-jailbot/source/EmoticonSystem.mc" id="32" lineNum="94" parent="globals/EmoticonParser" pc="268437414" symbol="parseEmoticon"/>
        <entry filename="/Users/erdalgunes/garmin-jailbot/source/EmoticonSystem.mc" id="32" lineNum="95" parent="globals/EmoticonParser" pc="268437431" symbol="parseEmoticon"/>
        <entry filename="/Users/erdalgunes/garmin-jailbot/source/EmoticonSystem.mc" id="32" lineNum="96" parent="globals/EmoticonParser" pc="268437445" symbol="parseEmoticon"/>
        <entry filename="/Users/erdalgunes/garmin-jailbot/source/EmoticonSystem.mc" id="32" lineNum="97" parent="globals/EmoticonParser" pc="268437462" symbol="parseEmoticon"/>
        <entry filename="/Users/erdalgunes/garmin-jailbot/source/EmoticonSystem.mc" id="32" lineNum="98" parent="globals/EmoticonParser" pc="268437476" symbol="parseEmoticon"/>
        <entry filename="/Users/erdalgunes/garmin-jailbot/source/EmoticonSystem.mc" id="32" lineNum="99" parent="globals/EmoticonParser" pc="268437493" symbol="parseEmoticon"/>
        <entry filename="/Users/erdalgunes/garmin-jailbot/source/EmoticonSystem.mc" id="32" lineNum="100" parent="globals/EmoticonParser" pc="268437507" symbol="parseEmoticon"/>
        <entry filename="/Users/erdalgunes/garmin-jailbot/source/EmoticonSystem.mc" id="32" lineNum="101" parent="globals/EmoticonParser" pc="268437524" symbol="parseEmoticon"/>
        <entry filename="/Users/erdalgunes/garmin-jailbot/source/EmoticonSystem.mc" id="32" lineNum="102" parent="globals/EmoticonParser" pc="268437538" symbol="parseEmoticon"/>
        <entry filename="/Users/erdalgunes/garmin-jailbot/source/EmoticonSystem.mc" id="32" lineNum="103" parent="globals/EmoticonParser" pc="268437555" symbol="parseEmoticon"/>
        <entry filename="/Users/erdalgunes/garmin-jailbot/source/EmoticonSystem.mc" id="32" lineNum="104" parent="globals/EmoticonParser" pc="268437569" symbol="parseEmoticon"/>
        <entry filename="/Users/erdalgunes/garmin-jailbot/source/EmoticonSystem.mc" id="32" lineNum="105" parent="globals/EmoticonParser" pc="268437586" symbol="parseEmoticon"/>
        <entry filename="/Users/erdalgunes/garmin-jailbot/source/EmoticonSystem.mc" id="32" lineNum="106" parent="globals/EmoticonParser" pc="268437600" symbol="parseEmoticon"/>
        <entry filename="/Users/erdalgunes/garmin-jailbot/source/EmoticonSystem.mc" id="32" lineNum="107" parent="globals/EmoticonParser" pc="268437617" symbol="parseEmoticon"/>
        <entry filename="/Users/erdalgunes/garmin-jailbot/source/EmoticonSystem.mc" id="32" lineNum="108" parent="globals/EmoticonParser" pc="268437631" symbol="parseEmoticon"/>
        <entry filename="/Users/erdalgunes/garmin-jailbot/source/EmoticonSystem.mc" id="32" lineNum="109" parent="globals/EmoticonParser" pc="268437648" symbol="parseEmoticon"/>
        <entry filename="/Users/erdalgunes/garmin-jailbot/source/EmoticonSystem.mc" id="32" lineNum="110" parent="globals/EmoticonParser" pc="268437662" symbol="parseEmoticon"/>
        <entry filename="/Users/erdalgunes/garmin-jailbot/source/EmoticonSystem.mc" id="32" lineNum="111" parent="globals/EmoticonParser" pc="268437679" symbol="parseEmoticon"/>
        <entry filename="/Users/erdalgunes/garmin-jailbot/source/EmoticonSystem.mc" id="32" lineNum="114" parent="globals/EmoticonParser" pc="268437693" symbol="parseEmoticon"/>
        <entry filename="/Users/erdalgunes/garmin-jailbot/source/EmoticonSystem.mc" id="33" lineNum="151" parent="globals/EmoticonParser" pc="268437696" symbol="&lt;globals/EmoticonParser/&lt;&gt;applyWink&gt;"/>
        <entry filename="/Users/erdalgunes/garmin-jailbot/source/EmoticonSystem.mc" id="33" lineNum="152" parent="globals/EmoticonParser" pc="268437698" symbol="&lt;globals/EmoticonParser/&lt;&gt;applyWink&gt;"/>
        <entry filename="/Users/erdalgunes/garmin-jailbot/source/EmoticonSystem.mc" id="33" lineNum="153" parent="globals/EmoticonParser" pc="268437711" symbol="&lt;globals/EmoticonParser/&lt;&gt;applyWink&gt;"/>
        <entry filename="/Users/erdalgunes/garmin-jailbot/source/EmoticonSystem.mc" id="33" lineNum="154" parent="globals/EmoticonParser" pc="268437724" symbol="&lt;globals/EmoticonParser/&lt;&gt;applyWink&gt;"/>
        <entry filename="/Users/erdalgunes/garmin-jailbot/source/EmoticonSystem.mc" id="33" lineNum="155" parent="globals/EmoticonParser" pc="268437737" symbol="&lt;globals/EmoticonParser/&lt;&gt;applyWink&gt;"/>
        <entry filename="/Users/erdalgunes/garmin-jailbot/source/EmoticonSystem.mc" id="33" lineNum="156" parent="globals/EmoticonParser" pc="268437750" symbol="&lt;globals/EmoticonParser/&lt;&gt;applyWink&gt;"/>
        <entry filename="/Users/erdalgunes/garmin-jailbot/source/EmoticonSystem.mc" id="33" lineNum="157" parent="globals/EmoticonParser" pc="268437763" symbol="&lt;globals/EmoticonParser/&lt;&gt;applyWink&gt;"/>
        <entry filename="/Users/erdalgunes/garmin-jailbot/source/EmoticonSystem.mc" id="34" lineNum="117" parent="globals/EmoticonParser" pc="268437777" symbol="&lt;globals/EmoticonParser/&lt;&gt;applyHappy&gt;"/>
        <entry filename="/Users/erdalgunes/garmin-jailbot/source/EmoticonSystem.mc" id="34" lineNum="118" parent="globals/EmoticonParser" pc="268437779" symbol="&lt;globals/EmoticonParser/&lt;&gt;applyHappy&gt;"/>
        <entry filename="/Users/erdalgunes/garmin-jailbot/source/EmoticonSystem.mc" id="34" lineNum="119" parent="globals/EmoticonParser" pc="268437792" symbol="&lt;globals/EmoticonParser/&lt;&gt;applyHappy&gt;"/>
        <entry filename="/Users/erdalgunes/garmin-jailbot/source/EmoticonSystem.mc" id="34" lineNum="120" parent="globals/EmoticonParser" pc="268437805" symbol="&lt;globals/EmoticonParser/&lt;&gt;applyHappy&gt;"/>
        <entry filename="/Users/erdalgunes/garmin-jailbot/source/EmoticonSystem.mc" id="34" lineNum="121" parent="globals/EmoticonParser" pc="268437818" symbol="&lt;globals/EmoticonParser/&lt;&gt;applyHappy&gt;"/>
        <entry filename="/Users/erdalgunes/garmin-jailbot/source/EmoticonSystem.mc" id="35" lineNum="196" parent="globals/EmoticonParser" pc="268437832" symbol="&lt;globals/EmoticonParser/&lt;&gt;applyUnimpressed&gt;"/>
        <entry filename="/Users/erdalgunes/garmin-jailbot/source/EmoticonSystem.mc" id="35" lineNum="197" parent="globals/EmoticonParser" pc="268437834" symbol="&lt;globals/EmoticonParser/&lt;&gt;applyUnimpressed&gt;"/>
        <entry filename="/Users/erdalgunes/garmin-jailbot/source/EmoticonSystem.mc" id="35" lineNum="198" parent="globals/EmoticonParser" pc="268437847" symbol="&lt;globals/EmoticonParser/&lt;&gt;applyUnimpressed&gt;"/>
        <entry filename="/Users/erdalgunes/garmin-jailbot/source/EmoticonSystem.mc" id="35" lineNum="199" parent="globals/EmoticonParser" pc="268437860" symbol="&lt;globals/EmoticonParser/&lt;&gt;applyUnimpressed&gt;"/>
        <entry filename="/Users/erdalgunes/garmin-jailbot/source/EmoticonSystem.mc" id="35" lineNum="200" parent="globals/EmoticonParser" pc="268437873" symbol="&lt;globals/EmoticonParser/&lt;&gt;applyUnimpressed&gt;"/>
        <entry filename="/Users/erdalgunes/garmin-jailbot/source/EmoticonSystem.mc" id="35" lineNum="201" parent="globals/EmoticonParser" pc="268437886" symbol="&lt;globals/EmoticonParser/&lt;&gt;applyUnimpressed&gt;"/>
        <entry filename="/Users/erdalgunes/garmin-jailbot/source/EmoticonSystem.mc" id="36" lineNum="169" parent="globals/EmoticonParser" pc="268437900" symbol="&lt;globals/EmoticonParser/&lt;&gt;applyCrying&gt;"/>
        <entry filename="/Users/erdalgunes/garmin-jailbot/source/EmoticonSystem.mc" id="36" lineNum="170" parent="globals/EmoticonParser" pc="268437902" symbol="&lt;globals/EmoticonParser/&lt;&gt;applyCrying&gt;"/>
        <entry filename="/Users/erdalgunes/garmin-jailbot/source/EmoticonSystem.mc" id="36" lineNum="171" parent="globals/EmoticonParser" pc="268437915" symbol="&lt;globals/EmoticonParser/&lt;&gt;applyCrying&gt;"/>
        <entry filename="/Users/erdalgunes/garmin-jailbot/source/EmoticonSystem.mc" id="36" lineNum="172" parent="globals/EmoticonParser" pc="268437928" symbol="&lt;globals/EmoticonParser/&lt;&gt;applyCrying&gt;"/>
        <entry filename="/Users/erdalgunes/garmin-jailbot/source/EmoticonSystem.mc" id="36" lineNum="173" parent="globals/EmoticonParser" pc="268437941" symbol="&lt;globals/EmoticonParser/&lt;&gt;applyCrying&gt;"/>
        <entry filename="/Users/erdalgunes/garmin-jailbot/source/EmoticonSystem.mc" id="36" lineNum="174" parent="globals/EmoticonParser" pc="268437950" symbol="&lt;globals/EmoticonParser/&lt;&gt;applyCrying&gt;"/>
        <entry filename="/Users/erdalgunes/garmin-jailbot/source/EmoticonSystem.mc" id="36" lineNum="175" parent="globals/EmoticonParser" pc="268437963" symbol="&lt;globals/EmoticonParser/&lt;&gt;applyCrying&gt;"/>
        <entry filename="/Users/erdalgunes/garmin-jailbot/source/EmoticonSystem.mc" id="36" lineNum="176" parent="globals/EmoticonParser" pc="268437976" symbol="&lt;globals/EmoticonParser/&lt;&gt;applyCrying&gt;"/>
        <entry filename="/Users/erdalgunes/garmin-jailbot/source/EmoticonSystem.mc" id="37" lineNum="227" parent="globals/EmoticonParser" pc="268437990" symbol="&lt;globals/EmoticonParser/&lt;&gt;applyAngry&gt;"/>
        <entry filename="/Users/erdalgunes/garmin-jailbot/source/EmoticonSystem.mc" id="37" lineNum="228" parent="globals/EmoticonParser" pc="268437992" symbol="&lt;globals/EmoticonParser/&lt;&gt;applyAngry&gt;"/>
        <entry filename="/Users/erdalgunes/garmin-jailbot/source/EmoticonSystem.mc" id="37" lineNum="229" parent="globals/EmoticonParser" pc="268438005" symbol="&lt;globals/EmoticonParser/&lt;&gt;applyAngry&gt;"/>
        <entry filename="/Users/erdalgunes/garmin-jailbot/source/EmoticonSystem.mc" id="37" lineNum="230" parent="globals/EmoticonParser" pc="268438018" symbol="&lt;globals/EmoticonParser/&lt;&gt;applyAngry&gt;"/>
        <entry filename="/Users/erdalgunes/garmin-jailbot/source/EmoticonSystem.mc" id="37" lineNum="231" parent="globals/EmoticonParser" pc="268438031" symbol="&lt;globals/EmoticonParser/&lt;&gt;applyAngry&gt;"/>
        <entry filename="/Users/erdalgunes/garmin-jailbot/source/EmoticonSystem.mc" id="37" lineNum="232" parent="globals/EmoticonParser" pc="268438044" symbol="&lt;globals/EmoticonParser/&lt;&gt;applyAngry&gt;"/>
        <entry filename="/Users/erdalgunes/garmin-jailbot/source/EmoticonSystem.mc" id="37" lineNum="233" parent="globals/EmoticonParser" pc="268438057" symbol="&lt;globals/EmoticonParser/&lt;&gt;applyAngry&gt;"/>
        <entry filename="/Users/erdalgunes/garmin-jailbot/source/EmoticonSystem.mc" id="37" lineNum="234" parent="globals/EmoticonParser" pc="268438070" symbol="&lt;globals/EmoticonParser/&lt;&gt;applyAngry&gt;"/>
        <entry filename="/Users/erdalgunes/garmin-jailbot/source/EmoticonSystem.mc" id="37" lineNum="235" parent="globals/EmoticonParser" pc="268438083" symbol="&lt;globals/EmoticonParser/&lt;&gt;applyAngry&gt;"/>
        <entry filename="/Users/erdalgunes/garmin-jailbot/source/EmoticonSystem.mc" id="39" lineNum="124" parent="globals/EmoticonParser" pc="268438097" symbol="&lt;globals/EmoticonParser/&lt;&gt;applySad&gt;"/>
        <entry filename="/Users/erdalgunes/garmin-jailbot/source/EmoticonSystem.mc" id="39" lineNum="125" parent="globals/EmoticonParser" pc="268438099" symbol="&lt;globals/EmoticonParser/&lt;&gt;applySad&gt;"/>
        <entry filename="/Users/erdalgunes/garmin-jailbot/source/EmoticonSystem.mc" id="39" lineNum="126" parent="globals/EmoticonParser" pc="268438112" symbol="&lt;globals/EmoticonParser/&lt;&gt;applySad&gt;"/>
        <entry filename="/Users/erdalgunes/garmin-jailbot/source/EmoticonSystem.mc" id="39" lineNum="127" parent="globals/EmoticonParser" pc="268438125" symbol="&lt;globals/EmoticonParser/&lt;&gt;applySad&gt;"/>
        <entry filename="/Users/erdalgunes/garmin-jailbot/source/EmoticonSystem.mc" id="39" lineNum="128" parent="globals/EmoticonParser" pc="268438138" symbol="&lt;globals/EmoticonParser/&lt;&gt;applySad&gt;"/>
        <entry filename="/Users/erdalgunes/garmin-jailbot/source/EmoticonSystem.mc" id="39" lineNum="129" parent="globals/EmoticonParser" pc="268438151" symbol="&lt;globals/EmoticonParser/&lt;&gt;applySad&gt;"/>
        <entry filename="/Users/erdalgunes/garmin-jailbot/source/EmoticonSystem.mc" id="40" lineNum="132" parent="globals/EmoticonParser" pc="268438165" symbol="&lt;globals/EmoticonParser/&lt;&gt;applyGrin&gt;"/>
        <entry filename="/Users/erdalgunes/garmin-jailbot/source/EmoticonSystem.mc" id="40" lineNum="133" parent="globals/EmoticonParser" pc="268438167" symbol="&lt;globals/EmoticonParser/&lt;&gt;applyGrin&gt;"/>
        <entry filename="/Users/erdalgunes/garmin-jailbot/source/EmoticonSystem.mc" id="40" lineNum="134" parent="globals/EmoticonParser" pc="268438180" symbol="&lt;globals/EmoticonParser/&lt;&gt;applyGrin&gt;"/>
        <entry filename="/Users/erdalgunes/garmin-jailbot/source/EmoticonSystem.mc" id="40" lineNum="135" parent="globals/EmoticonParser" pc="268438193" symbol="&lt;globals/EmoticonParser/&lt;&gt;applyGrin&gt;"/>
        <entry filename="/Users/erdalgunes/garmin-jailbot/source/EmoticonSystem.mc" id="40" lineNum="136" parent="globals/EmoticonParser" pc="268438206" symbol="&lt;globals/EmoticonParser/&lt;&gt;applyGrin&gt;"/>
        <entry filename="/Users/erdalgunes/garmin-jailbot/source/EmoticonSystem.mc" id="40" lineNum="137" parent="globals/EmoticonParser" pc="268438219" symbol="&lt;globals/EmoticonParser/&lt;&gt;applyGrin&gt;"/>
        <entry filename="/Users/erdalgunes/garmin-jailbot/source/EmoticonSystem.mc" id="40" lineNum="138" parent="globals/EmoticonParser" pc="268438232" symbol="&lt;globals/EmoticonParser/&lt;&gt;applyGrin&gt;"/>
        <entry filename="/Users/erdalgunes/garmin-jailbot/source/EmoticonSystem.mc" id="40" lineNum="139" parent="globals/EmoticonParser" pc="268438245" symbol="&lt;globals/EmoticonParser/&lt;&gt;applyGrin&gt;"/>
        <entry filename="/Users/erdalgunes/garmin-jailbot/source/EmoticonSystem.mc" id="41" lineNum="238" parent="globals/EmoticonParser" pc="268438259" symbol="&lt;globals/EmoticonParser/&lt;&gt;applyCat&gt;"/>
        <entry filename="/Users/erdalgunes/garmin-jailbot/source/EmoticonSystem.mc" id="41" lineNum="239" parent="globals/EmoticonParser" pc="268438261" symbol="&lt;globals/EmoticonParser/&lt;&gt;applyCat&gt;"/>
        <entry filename="/Users/erdalgunes/garmin-jailbot/source/EmoticonSystem.mc" id="41" lineNum="240" parent="globals/EmoticonParser" pc="268438274" symbol="&lt;globals/EmoticonParser/&lt;&gt;applyCat&gt;"/>
        <entry filename="/Users/erdalgunes/garmin-jailbot/source/EmoticonSystem.mc" id="41" lineNum="241" parent="globals/EmoticonParser" pc="268438287" symbol="&lt;globals/EmoticonParser/&lt;&gt;applyCat&gt;"/>
        <entry filename="/Users/erdalgunes/garmin-jailbot/source/EmoticonSystem.mc" id="41" lineNum="242" parent="globals/EmoticonParser" pc="268438300" symbol="&lt;globals/EmoticonParser/&lt;&gt;applyCat&gt;"/>
        <entry filename="/Users/erdalgunes/garmin-jailbot/source/EmoticonSystem.mc" id="41" lineNum="243" parent="globals/EmoticonParser" pc="268438313" symbol="&lt;globals/EmoticonParser/&lt;&gt;applyCat&gt;"/>
        <entry filename="/Users/erdalgunes/garmin-jailbot/source/MoodSystem.mc" id="42" lineNum="366" parent="globals/StandbyState" pc="268438327" symbol="score"/>
        <entry filename="/Users/erdalgunes/garmin-jailbot/source/MoodSystem.mc" id="42" lineNum="367" parent="globals/StandbyState" pc="268438329" symbol="score"/>
        <entry filename="/Users/erdalgunes/garmin-jailbot/source/MoodSystem.mc" id="43" lineNum="364" parent="globals/StandbyState" pc="268438335" symbol="id"/>
        <entry filename="/Users/erdalgunes/garmin-jailbot/source/MoodSystem.mc" id="43" lineNum="364" parent="globals/StandbyState" pc="268438337" symbol="id"/>
        <entry filename="/Users/erdalgunes/garmin-jailbot/source/PixelTimeComponents.mc" id="45" lineNum="8" parent="globals/PixelTime/DigitPatterns/&lt;statics&gt;" pc="268438343" symbol="&lt;init&gt;"/>
        <entry filename="/Users/erdalgunes/garmin-jailbot/source/MoodSystem.mc" id="46" lineNum="197" parent="globals/DrowsyState" pc="268438825" symbol="score"/>
        <entry filename="/Users/erdalgunes/garmin-jailbot/source/MoodSystem.mc" id="46" lineNum="198" parent="globals/DrowsyState" pc="268438827" symbol="score"/>
        <entry filename="/Users/erdalgunes/garmin-jailbot/source/MoodSystem.mc" id="46" lineNum="198" parent="globals/DrowsyState" pc="268438842" symbol="score"/>
        <entry filename="/Users/erdalgunes/garmin-jailbot/source/MoodSystem.mc" id="46" lineNum="199" parent="globals/DrowsyState" pc="268438851" symbol="score"/>
        <entry filename="/Users/erdalgunes/garmin-jailbot/source/MoodSystem.mc" id="46" lineNum="199" parent="globals/DrowsyState" pc="268438881" symbol="score"/>
        <entry filename="/Users/erdalgunes/garmin-jailbot/source/MoodSystem.mc" id="46" lineNum="200" parent="globals/DrowsyState" pc="268438890" symbol="score"/>
        <entry filename="/Users/erdalgunes/garmin-jailbot/source/MoodSystem.mc" id="47" lineNum="221" parent="globals/DrowsyState" pc="268438892" symbol="getExpression"/>
        <entry filename="/Users/erdalgunes/garmin-jailbot/source/MoodSystem.mc" id="47" lineNum="222" parent="globals/DrowsyState" pc="268438894" symbol="getExpression"/>
        <entry filename="/Users/erdalgunes/garmin-jailbot/source/MoodSystem.mc" id="47" lineNum="223" parent="globals/DrowsyState" pc="268438911" symbol="getExpression"/>
        <entry filename="/Users/erdalgunes/garmin-jailbot/source/MoodSystem.mc" id="47" lineNum="235" parent="globals/DrowsyState" pc="268438999" symbol="getExpression"/>
        <entry filename="/Users/erdalgunes/garmin-jailbot/source/MoodSystem.mc" id="48" lineNum="213" parent="globals/DrowsyState" pc="268439084" symbol="allowedVariants"/>
        <entry filename="/Users/erdalgunes/garmin-jailbot/source/MoodSystem.mc" id="48" lineNum="214" parent="globals/DrowsyState" pc="268439087" symbol="allowedVariants"/>
        <entry filename="/Users/erdalgunes/garmin-jailbot/source/MoodSystem.mc" id="48" lineNum="215" parent="globals/DrowsyState" pc="268439094" symbol="allowedVariants"/>
        <entry filename="/Users/erdalgunes/garmin-jailbot/source/MoodSystem.mc" id="48" lineNum="216" parent="globals/DrowsyState" pc="268439109" symbol="allowedVariants"/>
        <entry filename="/Users/erdalgunes/garmin-jailbot/source/MoodSystem.mc" id="48" lineNum="218" parent="globals/DrowsyState" pc="268439127" symbol="allowedVariants"/>
        <entry filename="/Users/erdalgunes/garmin-jailbot/source/MoodSystem.mc" id="49" lineNum="203" parent="globals/DrowsyState" pc="268439130" symbol="blinkProfile"/>
        <entry filename="/Users/erdalgunes/garmin-jailbot/source/MoodSystem.mc" id="49" lineNum="204" parent="globals/DrowsyState" pc="268439132" symbol="blinkProfile"/>
        <entry filename="/Users/erdalgunes/garmin-jailbot/source/MoodSystem.mc" id="50" lineNum="247" parent="globals/DrowsyState" pc="268439187" symbol="getEmoticon"/>
        <entry filename="/Users/erdalgunes/garmin-jailbot/source/MoodSystem.mc" id="50" lineNum="248" parent="globals/DrowsyState" pc="268439189" symbol="getEmoticon"/>
        <entry filename="/Users/erdalgunes/garmin-jailbot/source/MoodSystem.mc" id="51" lineNum="195" parent="globals/DrowsyState" pc="268439195" symbol="id"/>
        <entry filename="/Users/erdalgunes/garmin-jailbot/source/MoodSystem.mc" id="51" lineNum="195" parent="globals/DrowsyState" pc="268439197" symbol="id"/>
        <entry filename="/Users/erdalgunes/garmin-jailbot/source/MoodEngine.mc" id="53" lineNum="369" parent="globals/ExpressionRenderer" pc="268439203" symbol="renderLegacy"/>
        <entry filename="/Users/erdalgunes/garmin-jailbot/source/MoodEngine.mc" id="53" lineNum="370" parent="globals/ExpressionRenderer" pc="268439206" symbol="renderLegacy"/>
        <entry filename="/Users/erdalgunes/garmin-jailbot/source/MoodEngine.mc" id="53" lineNum="371" parent="globals/ExpressionRenderer" pc="268439222" symbol="renderLegacy"/>
        <entry filename="/Users/erdalgunes/garmin-jailbot/source/MoodEngine.mc" id="53" lineNum="372" parent="globals/ExpressionRenderer" pc="268439238" symbol="renderLegacy"/>
        <entry filename="/Users/erdalgunes/garmin-jailbot/source/MoodEngine.mc" id="53" lineNum="375" parent="globals/ExpressionRenderer" pc="268439254" symbol="renderLegacy"/>
        <entry filename="/Users/erdalgunes/garmin-jailbot/source/MoodEngine.mc" id="53" lineNum="376" parent="globals/ExpressionRenderer" pc="268439276" symbol="renderLegacy"/>
        <entry filename="/Users/erdalgunes/garmin-jailbot/source/MoodEngine.mc" id="53" lineNum="377" parent="globals/ExpressionRenderer" pc="268439298" symbol="renderLegacy"/>
        <entry filename="/Users/erdalgunes/garmin-jailbot/source/MoodEngine.mc" id="53" lineNum="380" parent="globals/ExpressionRenderer" pc="268439317" symbol="renderLegacy"/>
        <entry filename="/Users/erdalgunes/garmin-jailbot/source/MoodEngine.mc" id="53" lineNum="383" parent="globals/ExpressionRenderer" pc="268439330" symbol="renderLegacy"/>
        <entry filename="/Users/erdalgunes/garmin-jailbot/source/MoodEngine.mc" id="53" lineNum="384" parent="globals/ExpressionRenderer" pc="268439340" symbol="renderLegacy"/>
        <entry filename="/Users/erdalgunes/garmin-jailbot/source/MoodEngine.mc" id="53" lineNum="385" parent="globals/ExpressionRenderer" pc="268439350" symbol="renderLegacy"/>
        <entry filename="/Users/erdalgunes/garmin-jailbot/source/MoodEngine.mc" id="53" lineNum="388" parent="globals/ExpressionRenderer" pc="268439360" symbol="renderLegacy"/>
        <entry filename="/Users/erdalgunes/garmin-jailbot/source/MoodEngine.mc" id="53" lineNum="389" parent="globals/ExpressionRenderer" pc="268439368" symbol="renderLegacy"/>
        <entry filename="/Users/erdalgunes/garmin-jailbot/source/MoodEngine.mc" id="53" lineNum="390" parent="globals/ExpressionRenderer" pc="268439384" symbol="renderLegacy"/>
        <entry filename="/Users/erdalgunes/garmin-jailbot/source/MoodEngine.mc" id="53" lineNum="391" parent="globals/ExpressionRenderer" pc="268439410" symbol="renderLegacy"/>
        <entry filename="/Users/erdalgunes/garmin-jailbot/source/MoodEngine.mc" id="53" lineNum="395" parent="globals/ExpressionRenderer" pc="268439439" symbol="renderLegacy"/>
        <entry filename="/Users/erdalgunes/garmin-jailbot/source/MoodEngine.mc" id="53" lineNum="396" parent="globals/ExpressionRenderer" pc="268439464" symbol="renderLegacy"/>
        <entry filename="/Users/erdalgunes/garmin-jailbot/source/MoodEngine.mc" id="53" lineNum="397" parent="globals/ExpressionRenderer" pc="268439486" symbol="renderLegacy"/>
        <entry filename="/Users/erdalgunes/garmin-jailbot/source/MoodEngine.mc" id="53" lineNum="398" parent="globals/ExpressionRenderer" pc="268439496" symbol="renderLegacy"/>
        <entry filename="/Users/erdalgunes/garmin-jailbot/source/MoodEngine.mc" id="53" lineNum="400" parent="globals/ExpressionRenderer" pc="268439506" symbol="renderLegacy"/>
        <entry filename="/Users/erdalgunes/garmin-jailbot/source/MoodEngine.mc" id="53" lineNum="401" parent="globals/ExpressionRenderer" pc="268439522" symbol="renderLegacy"/>
        <entry filename="/Users/erdalgunes/garmin-jailbot/source/MoodEngine.mc" id="53" lineNum="404" parent="globals/ExpressionRenderer" pc="268439548" symbol="renderLegacy"/>
        <entry filename="/Users/erdalgunes/garmin-jailbot/source/MoodEngine.mc" id="53" lineNum="405" parent="globals/ExpressionRenderer" pc="268439571" symbol="renderLegacy"/>
        <entry filename="/Users/erdalgunes/garmin-jailbot/source/MoodEngine.mc" id="54" lineNum="427" parent="globals/ExpressionRenderer" pc="268439606" symbol="&lt;globals/ExpressionRenderer/&lt;&gt;drawAccentEffects&gt;"/>
        <entry filename="/Users/erdalgunes/garmin-jailbot/source/MoodEngine.mc" id="55" lineNum="409" parent="globals/ExpressionRenderer" pc="268439609" symbol="&lt;globals/ExpressionRenderer/&lt;&gt;applyBlinkOverlay&gt;"/>
        <entry filename="/Users/erdalgunes/garmin-jailbot/source/MoodEngine.mc" id="55" lineNum="411" parent="globals/ExpressionRenderer" pc="268439612" symbol="&lt;globals/ExpressionRenderer/&lt;&gt;applyBlinkOverlay&gt;"/>
        <entry filename="/Users/erdalgunes/garmin-jailbot/source/MoodEngine.mc" id="55" lineNum="412" parent="globals/ExpressionRenderer" pc="268439622" symbol="&lt;globals/ExpressionRenderer/&lt;&gt;applyBlinkOverlay&gt;"/>
        <entry filename="/Users/erdalgunes/garmin-jailbot/source/MoodEngine.mc" id="55" lineNum="413" parent="globals/ExpressionRenderer" pc="268439632" symbol="&lt;globals/ExpressionRenderer/&lt;&gt;applyBlinkOverlay&gt;"/>
        <entry filename="/Users/erdalgunes/garmin-jailbot/source/MoodEngine.mc" id="55" lineNum="414" parent="globals/ExpressionRenderer" pc="268439642" symbol="&lt;globals/ExpressionRenderer/&lt;&gt;applyBlinkOverlay&gt;"/>
        <entry filename="/Users/erdalgunes/garmin-jailbot/source/MoodEngine.mc" id="55" lineNum="415" parent="globals/ExpressionRenderer" pc="268439649" symbol="&lt;globals/ExpressionRenderer/&lt;&gt;applyBlinkOverlay&gt;"/>
        <entry filename="/Users/erdalgunes/garmin-jailbot/source/MoodEngine.mc" id="55" lineNum="418" parent="globals/ExpressionRenderer" pc="268439656" symbol="&lt;globals/ExpressionRenderer/&lt;&gt;applyBlinkOverlay&gt;"/>
        <entry filename="/Users/erdalgunes/garmin-jailbot/source/MoodEngine.mc" id="55" lineNum="420" parent="globals/ExpressionRenderer" pc="268439663" symbol="&lt;globals/ExpressionRenderer/&lt;&gt;applyBlinkOverlay&gt;"/>
        <entry filename="/Users/erdalgunes/garmin-jailbot/source/MoodEngine.mc" id="55" lineNum="421" parent="globals/ExpressionRenderer" pc="268439671" symbol="&lt;globals/ExpressionRenderer/&lt;&gt;applyBlinkOverlay&gt;"/>
        <entry filename="/Users/erdalgunes/garmin-jailbot/source/MoodEngine.mc" id="55" lineNum="422" parent="globals/ExpressionRenderer" pc="268439684" symbol="&lt;globals/ExpressionRenderer/&lt;&gt;applyBlinkOverlay&gt;"/>
        <entry filename="/Users/erdalgunes/garmin-jailbot/source/MoodEngine.mc" id="55" lineNum="423" parent="globals/ExpressionRenderer" pc="268439708" symbol="&lt;globals/ExpressionRenderer/&lt;&gt;applyBlinkOverlay&gt;"/>
        <entry filename="/Users/erdalgunes/garmin-jailbot/source/MoodEngine.mc" id="57" lineNum="355" parent="globals/ExpressionRenderer" pc="268439736" symbol="renderWithEmoticon"/>
        <entry filename="/Users/erdalgunes/garmin-jailbot/source/MoodEngine.mc" id="57" lineNum="356" parent="globals/ExpressionRenderer" pc="268439739" symbol="renderWithEmoticon"/>
        <entry filename="/Users/erdalgunes/garmin-jailbot/source/MoodEngine.mc" id="57" lineNum="357" parent="globals/ExpressionRenderer" pc="268439755" symbol="renderWithEmoticon"/>
        <entry filename="/Users/erdalgunes/garmin-jailbot/source/MoodEngine.mc" id="57" lineNum="360" parent="globals/ExpressionRenderer" pc="268439771" symbol="renderWithEmoticon"/>
        <entry filename="/Users/erdalgunes/garmin-jailbot/source/MoodEngine.mc" id="57" lineNum="361" parent="globals/ExpressionRenderer" pc="268439791" symbol="renderWithEmoticon"/>
        <entry filename="/Users/erdalgunes/garmin-jailbot/source/MoodEngine.mc" id="57" lineNum="364" parent="globals/ExpressionRenderer" pc="268439811" symbol="renderWithEmoticon"/>
        <entry filename="/Users/erdalgunes/garmin-jailbot/source/MoodEngine.mc" id="57" lineNum="365" parent="globals/ExpressionRenderer" pc="268439822" symbol="renderWithEmoticon"/>
        <entry filename="/Users/erdalgunes/garmin-jailbot/source/MoodEngine.mc" id="58" lineNum="341" parent="globals/ExpressionRenderer" pc="268439845" symbol="render"/>
        <entry filename="/Users/erdalgunes/garmin-jailbot/source/MoodEngine.mc" id="58" lineNum="342" parent="globals/ExpressionRenderer" pc="268439848" symbol="render"/>
        <entry filename="/Users/erdalgunes/garmin-jailbot/source/MoodEngine.mc" id="58" lineNum="343" parent="globals/ExpressionRenderer" pc="268439864" symbol="render"/>
        <entry filename="/Users/erdalgunes/garmin-jailbot/source/MoodEngine.mc" id="58" lineNum="344" parent="globals/ExpressionRenderer" pc="268439880" symbol="render"/>
        <entry filename="/Users/erdalgunes/garmin-jailbot/source/MoodEngine.mc" id="58" lineNum="347" parent="globals/ExpressionRenderer" pc="268439896" symbol="render"/>
        <entry filename="/Users/erdalgunes/garmin-jailbot/source/MoodEngine.mc" id="58" lineNum="348" parent="globals/ExpressionRenderer" pc="268439902" symbol="render"/>
        <entry filename="/Users/erdalgunes/garmin-jailbot/source/MoodEngine.mc" id="58" lineNum="351" parent="globals/ExpressionRenderer" pc="268439924" symbol="render"/>
        <entry filename="/Users/erdalgunes/garmin-jailbot/source/EmoticonSystem.mc" id="59" lineNum="41" parent="globals/ExpressionParams" pc="268439944" symbol="initialize"/>
        <entry filename="/Users/erdalgunes/garmin-jailbot/source/EmoticonSystem.mc" id="59" lineNum="43" parent="globals/ExpressionParams" pc="268439946" symbol="initialize"/>
        <entry filename="/Users/erdalgunes/garmin-jailbot/source/EmoticonSystem.mc" id="59" lineNum="44" parent="globals/ExpressionParams" pc="268439958" symbol="initialize"/>
        <entry filename="/Users/erdalgunes/garmin-jailbot/source/EmoticonSystem.mc" id="59" lineNum="45" parent="globals/ExpressionParams" pc="268439970" symbol="initialize"/>
        <entry filename="/Users/erdalgunes/garmin-jailbot/source/EmoticonSystem.mc" id="59" lineNum="46" parent="globals/ExpressionParams" pc="268439982" symbol="initialize"/>
        <entry filename="/Users/erdalgunes/garmin-jailbot/source/EmoticonSystem.mc" id="59" lineNum="47" parent="globals/ExpressionParams" pc="268439994" symbol="initialize"/>
        <entry filename="/Users/erdalgunes/garmin-jailbot/source/EmoticonSystem.mc" id="59" lineNum="48" parent="globals/ExpressionParams" pc="268440006" symbol="initialize"/>
        <entry filename="/Users/erdalgunes/garmin-jailbot/source/EmoticonSystem.mc" id="59" lineNum="49" parent="globals/ExpressionParams" pc="268440014" symbol="initialize"/>
        <entry filename="/Users/erdalgunes/garmin-jailbot/source/EmoticonSystem.mc" id="59" lineNum="51" parent="globals/ExpressionParams" pc="268440026" symbol="initialize"/>
        <entry filename="/Users/erdalgunes/garmin-jailbot/source/EmoticonSystem.mc" id="59" lineNum="52" parent="globals/ExpressionParams" pc="268440038" symbol="initialize"/>
        <entry filename="/Users/erdalgunes/garmin-jailbot/source/EmoticonSystem.mc" id="59" lineNum="53" parent="globals/ExpressionParams" pc="268440050" symbol="initialize"/>
        <entry filename="/Users/erdalgunes/garmin-jailbot/source/EmoticonSystem.mc" id="59" lineNum="54" parent="globals/ExpressionParams" pc="268440062" symbol="initialize"/>
        <entry filename="/Users/erdalgunes/garmin-jailbot/source/EmoticonSystem.mc" id="59" lineNum="55" parent="globals/ExpressionParams" pc="268440074" symbol="initialize"/>
        <entry filename="/Users/erdalgunes/garmin-jailbot/source/EmoticonSystem.mc" id="59" lineNum="56" parent="globals/ExpressionParams" pc="268440082" symbol="initialize"/>
        <entry filename="/Users/erdalgunes/garmin-jailbot/source/EmoticonSystem.mc" id="59" lineNum="58" parent="globals/ExpressionParams" pc="268440090" symbol="initialize"/>
        <entry filename="/Users/erdalgunes/garmin-jailbot/source/EmoticonSystem.mc" id="59" lineNum="59" parent="globals/ExpressionParams" pc="268440098" symbol="initialize"/>
        <entry filename="/Users/erdalgunes/garmin-jailbot/source/EmoticonSystem.mc" id="59" lineNum="60" parent="globals/ExpressionParams" pc="268440110" symbol="initialize"/>
        <entry filename="/Users/erdalgunes/garmin-jailbot/source/EmoticonSystem.mc" id="59" lineNum="61" parent="globals/ExpressionParams" pc="268440118" symbol="initialize"/>
        <entry filename="/Users/erdalgunes/garmin-jailbot/source/EmoticonSystem.mc" id="59" lineNum="62" parent="globals/ExpressionParams" pc="268440130" symbol="initialize"/>
        <entry filename="/Users/erdalgunes/garmin-jailbot/source/EmoticonSystem.mc" id="59" lineNum="63" parent="globals/ExpressionParams" pc="268440138" symbol="initialize"/>
        <entry filename="/Users/erdalgunes/garmin-jailbot/source/EmoticonSystem.mc" id="59" lineNum="65" parent="globals/ExpressionParams" pc="268440150" symbol="initialize"/>
        <entry filename="/Users/erdalgunes/garmin-jailbot/source/EmoticonSystem.mc" id="59" lineNum="66" parent="globals/ExpressionParams" pc="268440162" symbol="initialize"/>
        <entry filename="/Users/erdalgunes/garmin-jailbot/source/EmoticonSystem.mc" id="59" lineNum="67" parent="globals/ExpressionParams" pc="268440171" symbol="initialize"/>
        <entry filename="/Users/erdalgunes/garmin-jailbot/source/AODComponents.mc" id="60" lineNum="12" parent="globals/AOD/MinimalTimeDisplay" pc="268440184" symbol="&lt;init&gt;"/>
        <entry filename="/Users/erdalgunes/garmin-jailbot/source/MoodSystem.mc" id="61" lineNum="160" parent="globals/OverheatState" pc="268440666" symbol="score"/>
        <entry filename="/Users/erdalgunes/garmin-jailbot/source/MoodSystem.mc" id="61" lineNum="161" parent="globals/OverheatState" pc="268440668" symbol="score"/>
        <entry filename="/Users/erdalgunes/garmin-jailbot/source/MoodSystem.mc" id="61" lineNum="161" parent="globals/OverheatState" pc="268440677" symbol="score"/>
        <entry filename="/Users/erdalgunes/garmin-jailbot/source/MoodSystem.mc" id="61" lineNum="162" parent="globals/OverheatState" pc="268440686" symbol="score"/>
        <entry filename="/Users/erdalgunes/garmin-jailbot/source/MoodSystem.mc" id="61" lineNum="162" parent="globals/OverheatState" pc="268440701" symbol="score"/>
        <entry filename="/Users/erdalgunes/garmin-jailbot/source/MoodSystem.mc" id="61" lineNum="163" parent="globals/OverheatState" pc="268440710" symbol="score"/>
        <entry filename="/Users/erdalgunes/garmin-jailbot/source/MoodSystem.mc" id="62" lineNum="176" parent="globals/OverheatState" pc="268440712" symbol="getExpression"/>
        <entry filename="/Users/erdalgunes/garmin-jailbot/source/MoodSystem.mc" id="62" lineNum="177" parent="globals/OverheatState" pc="268440714" symbol="getExpression"/>
        <entry filename="/Users/erdalgunes/garmin-jailbot/source/MoodSystem.mc" id="63" lineNum="166" parent="globals/OverheatState" pc="268440803" symbol="blinkProfile"/>
        <entry filename="/Users/erdalgunes/garmin-jailbot/source/MoodSystem.mc" id="63" lineNum="167" parent="globals/OverheatState" pc="268440805" symbol="blinkProfile"/>
        <entry filename="/Users/erdalgunes/garmin-jailbot/source/MoodSystem.mc" id="64" lineNum="189" parent="globals/OverheatState" pc="268440863" symbol="getEmoticon"/>
        <entry filename="/Users/erdalgunes/garmin-jailbot/source/MoodSystem.mc" id="64" lineNum="190" parent="globals/OverheatState" pc="268440865" symbol="getEmoticon"/>
        <entry filename="/Users/erdalgunes/garmin-jailbot/source/MoodSystem.mc" id="65" lineNum="158" parent="globals/OverheatState" pc="268440871" symbol="id"/>
        <entry filename="/Users/erdalgunes/garmin-jailbot/source/MoodSystem.mc" id="65" lineNum="158" parent="globals/OverheatState" pc="268440873" symbol="id"/>
        <entry filename="/Users/erdalgunes/garmin-jailbot/source/JailbotAnalogFace.mc" id="67" lineNum="7" parent="globals/JailbotAnalog/JailbotAnalogFace" pc="268440879" symbol="&lt;init&gt;"/>
        <entry filename="/Users/erdalgunes/garmin-jailbot/source/BlinkController.mc" id="68" lineNum="103" parent="globals/BlinkController" pc="268440891" symbol="&lt;globals/BlinkController/&lt;&gt;scheduleNextBlink&gt;"/>
        <entry filename="/Users/erdalgunes/garmin-jailbot/source/BlinkController.mc" id="68" lineNum="104" parent="globals/BlinkController" pc="268440894" symbol="&lt;globals/BlinkController/&lt;&gt;scheduleNextBlink&gt;"/>
        <entry filename="/Users/erdalgunes/garmin-jailbot/source/BlinkController.mc" id="68" lineNum="105" parent="globals/BlinkController" pc="268440903" symbol="&lt;globals/BlinkController/&lt;&gt;scheduleNextBlink&gt;"/>
        <entry filename="/Users/erdalgunes/garmin-jailbot/source/BlinkController.mc" id="68" lineNum="106" parent="globals/BlinkController" pc="268440921" symbol="&lt;globals/BlinkController/&lt;&gt;scheduleNextBlink&gt;"/>
        <entry filename="/Users/erdalgunes/garmin-jailbot/source/BlinkController.mc" id="68" lineNum="110" parent="globals/BlinkController" pc="268440925" symbol="&lt;globals/BlinkController/&lt;&gt;scheduleNextBlink&gt;"/>
        <entry filename="/Users/erdalgunes/garmin-jailbot/source/BlinkController.mc" id="68" lineNum="112" parent="globals/BlinkController" pc="268440945" symbol="&lt;globals/BlinkController/&lt;&gt;scheduleNextBlink&gt;"/>
        <entry filename="/Users/erdalgunes/garmin-jailbot/source/BlinkController.mc" id="68" lineNum="114" parent="globals/BlinkController" pc="268440972" symbol="&lt;globals/BlinkController/&lt;&gt;scheduleNextBlink&gt;"/>
        <entry filename="/Users/erdalgunes/garmin-jailbot/source/BlinkController.mc" id="68" lineNum="115" parent="globals/BlinkController" pc="268441001" symbol="&lt;globals/BlinkController/&lt;&gt;scheduleNextBlink&gt;"/>
        <entry filename="/Users/erdalgunes/garmin-jailbot/source/BlinkController.mc" id="69" lineNum="37" parent="globals/BlinkController" pc="268441032" symbol="start"/>
        <entry filename="/Users/erdalgunes/garmin-jailbot/source/BlinkController.mc" id="69" lineNum="38" parent="globals/BlinkController" pc="268441034" symbol="start"/>
        <entry filename="/Users/erdalgunes/garmin-jailbot/source/BlinkController.mc" id="69" lineNum="39" parent="globals/BlinkController" pc="268441042" symbol="start"/>
        <entry filename="/Users/erdalgunes/garmin-jailbot/source/BlinkController.mc" id="69" lineNum="40" parent="globals/BlinkController" pc="268441060" symbol="start"/>
        <entry filename="/Users/erdalgunes/garmin-jailbot/source/BlinkController.mc" id="69" lineNum="43" parent="globals/BlinkController" pc="268441064" symbol="start"/>
        <entry filename="/Users/erdalgunes/garmin-jailbot/source/BlinkController.mc" id="69" lineNum="44" parent="globals/BlinkController" pc="268441072" symbol="start"/>
        <entry filename="/Users/erdalgunes/garmin-jailbot/source/BlinkController.mc" id="69" lineNum="45" parent="globals/BlinkController" pc="268441084" symbol="start"/>
        <entry filename="/Users/erdalgunes/garmin-jailbot/source/BlinkController.mc" id="69" lineNum="47" parent="globals/BlinkController" pc="268441102" symbol="start"/>
        <entry filename="/Users/erdalgunes/garmin-jailbot/source/BlinkController.mc" id="70" lineNum="75" parent="globals/BlinkController" pc="268441110" symbol="getBlinkState"/>
        <entry filename="/Users/erdalgunes/garmin-jailbot/source/BlinkController.mc" id="70" lineNum="76" parent="globals/BlinkController" pc="268441112" symbol="getBlinkState"/>
        <entry filename="/Users/erdalgunes/garmin-jailbot/source/BlinkController.mc" id="71" lineNum="51" parent="globals/BlinkController" pc="268441118" symbol="stop"/>
        <entry filename="/Users/erdalgunes/garmin-jailbot/source/BlinkController.mc" id="71" lineNum="52" parent="globals/BlinkController" pc="268441120" symbol="stop"/>
        <entry filename="/Users/erdalgunes/garmin-jailbot/source/BlinkController.mc" id="71" lineNum="53" parent="globals/BlinkController" pc="268441129" symbol="stop"/>
        <entry filename="/Users/erdalgunes/garmin-jailbot/source/BlinkController.mc" id="71" lineNum="54" parent="globals/BlinkController" pc="268441147" symbol="stop"/>
        <entry filename="/Users/erdalgunes/garmin-jailbot/source/BlinkController.mc" id="71" lineNum="57" parent="globals/BlinkController" pc="268441151" symbol="stop"/>
        <entry filename="/Users/erdalgunes/garmin-jailbot/source/BlinkController.mc" id="71" lineNum="58" parent="globals/BlinkController" pc="268441169" symbol="stop"/>
        <entry filename="/Users/erdalgunes/garmin-jailbot/source/BlinkController.mc" id="71" lineNum="59" parent="globals/BlinkController" pc="268441177" symbol="stop"/>
        <entry filename="/Users/erdalgunes/garmin-jailbot/source/BlinkController.mc" id="71" lineNum="62" parent="globals/BlinkController" pc="268441189" symbol="stop"/>
        <entry filename="/Users/erdalgunes/garmin-jailbot/source/BlinkController.mc" id="71" lineNum="63" parent="globals/BlinkController" pc="268441198" symbol="stop"/>
        <entry filename="/Users/erdalgunes/garmin-jailbot/source/BlinkController.mc" id="71" lineNum="64" parent="globals/BlinkController" pc="268441210" symbol="stop"/>
        <entry filename="/Users/erdalgunes/garmin-jailbot/source/BlinkController.mc" id="71" lineNum="66" parent="globals/BlinkController" pc="268441221" symbol="stop"/>
        <entry filename="/Users/erdalgunes/garmin-jailbot/source/BlinkController.mc" id="71" lineNum="67" parent="globals/BlinkController" pc="268441230" symbol="stop"/>
        <entry filename="/Users/erdalgunes/garmin-jailbot/source/BlinkController.mc" id="71" lineNum="68" parent="globals/BlinkController" pc="268441242" symbol="stop"/>
        <entry filename="/Users/erdalgunes/garmin-jailbot/source/BlinkController.mc" id="71" lineNum="71" parent="globals/BlinkController" pc="268441253" symbol="stop"/>
        <entry filename="/Users/erdalgunes/garmin-jailbot/source/BlinkController.mc" id="72" lineNum="25" parent="globals/BlinkController" pc="268441272" symbol="initialize"/>
        <entry filename="/Users/erdalgunes/garmin-jailbot/source/BlinkController.mc" id="72" lineNum="26" parent="globals/BlinkController" pc="268441274" symbol="initialize"/>
        <entry filename="/Users/erdalgunes/garmin-jailbot/source/BlinkController.mc" id="72" lineNum="27" parent="globals/BlinkController" pc="268441286" symbol="initialize"/>
        <entry filename="/Users/erdalgunes/garmin-jailbot/source/BlinkController.mc" id="72" lineNum="28" parent="globals/BlinkController" pc="268441294" symbol="initialize"/>
        <entry filename="/Users/erdalgunes/garmin-jailbot/source/BlinkController.mc" id="72" lineNum="29" parent="globals/BlinkController" pc="268441302" symbol="initialize"/>
        <entry filename="/Users/erdalgunes/garmin-jailbot/source/BlinkController.mc" id="72" lineNum="30" parent="globals/BlinkController" pc="268441310" symbol="initialize"/>
        <entry filename="/Users/erdalgunes/garmin-jailbot/source/BlinkController.mc" id="72" lineNum="31" parent="globals/BlinkController" pc="268441318" symbol="initialize"/>
        <entry filename="/Users/erdalgunes/garmin-jailbot/source/BlinkController.mc" id="72" lineNum="33" parent="globals/BlinkController" pc="268441326" symbol="initialize"/>
        <entry filename="/Users/erdalgunes/garmin-jailbot/source/BlinkController.mc" id="73" lineNum="92" parent="globals/BlinkController" pc="268441351" symbol="onLowPowerChange"/>
        <entry filename="/Users/erdalgunes/garmin-jailbot/source/BlinkController.mc" id="73" lineNum="93" parent="globals/BlinkController" pc="268441353" symbol="onLowPowerChange"/>
        <entry filename="/Users/erdalgunes/garmin-jailbot/source/BlinkController.mc" id="73" lineNum="95" parent="globals/BlinkController" pc="268441374" symbol="onLowPowerChange"/>
        <entry filename="/Users/erdalgunes/garmin-jailbot/source/BlinkController.mc" id="73" lineNum="96" parent="globals/BlinkController" pc="268441379" symbol="onLowPowerChange"/>
        <entry filename="/Users/erdalgunes/garmin-jailbot/source/BlinkController.mc" id="73" lineNum="97" parent="globals/BlinkController" pc="268441389" symbol="onLowPowerChange"/>
        <entry filename="/Users/erdalgunes/garmin-jailbot/source/BlinkController.mc" id="73" lineNum="98" parent="globals/BlinkController" pc="268441398" symbol="onLowPowerChange"/>
        <entry filename="/Users/erdalgunes/garmin-jailbot/source/BlinkController.mc" id="74" lineNum="80" parent="globals/BlinkController" pc="268441409" symbol="getDebugInfo"/>
        <entry filename="/Users/erdalgunes/garmin-jailbot/source/BlinkController.mc" id="74" lineNum="81" parent="globals/BlinkController" pc="268441411" symbol="getDebugInfo"/>
        <entry filename="/Users/erdalgunes/garmin-jailbot/source/BlinkController.mc" id="75" lineNum="141" parent="globals/BlinkController" pc="268441485" symbol="endBlink"/>
        <entry filename="/Users/erdalgunes/garmin-jailbot/source/BlinkController.mc" id="75" lineNum="142" parent="globals/BlinkController" pc="268441488" symbol="endBlink"/>
        <entry filename="/Users/erdalgunes/garmin-jailbot/source/BlinkController.mc" id="75" lineNum="143" parent="globals/BlinkController" pc="268441497" symbol="endBlink"/>
        <entry filename="/Users/erdalgunes/garmin-jailbot/source/BlinkController.mc" id="75" lineNum="144" parent="globals/BlinkController" pc="268441515" symbol="endBlink"/>
        <entry filename="/Users/erdalgunes/garmin-jailbot/source/BlinkController.mc" id="75" lineNum="147" parent="globals/BlinkController" pc="268441519" symbol="endBlink"/>
        <entry filename="/Users/erdalgunes/garmin-jailbot/source/BlinkController.mc" id="75" lineNum="148" parent="globals/BlinkController" pc="268441527" symbol="endBlink"/>
        <entry filename="/Users/erdalgunes/garmin-jailbot/source/BlinkController.mc" id="75" lineNum="150" parent="globals/BlinkController" pc="268441539" symbol="endBlink"/>
        <entry filename="/Users/erdalgunes/garmin-jailbot/source/BlinkController.mc" id="75" lineNum="153" parent="globals/BlinkController" pc="268441563" symbol="endBlink"/>
        <entry filename="/Users/erdalgunes/garmin-jailbot/source/BlinkController.mc" id="75" lineNum="156" parent="globals/BlinkController" pc="268441574" symbol="endBlink"/>
        <entry filename="/Users/erdalgunes/garmin-jailbot/source/BlinkController.mc" id="75" lineNum="157" parent="globals/BlinkController" pc="268441590" symbol="endBlink"/>
        <entry filename="/Users/erdalgunes/garmin-jailbot/source/BlinkController.mc" id="75" lineNum="159" parent="globals/BlinkController" pc="268441597" symbol="endBlink"/>
        <entry filename="/Users/erdalgunes/garmin-jailbot/source/BlinkController.mc" id="75" lineNum="160" parent="globals/BlinkController" pc="268441605" symbol="endBlink"/>
        <entry filename="/Users/erdalgunes/garmin-jailbot/source/BlinkController.mc" id="75" lineNum="163" parent="globals/BlinkController" pc="268441641" symbol="endBlink"/>
        <entry filename="/Users/erdalgunes/garmin-jailbot/source/BlinkController.mc" id="75" lineNum="164" parent="globals/BlinkController" pc="268441670" symbol="endBlink"/>
        <entry filename="/Users/erdalgunes/garmin-jailbot/source/BlinkController.mc" id="75" lineNum="166" parent="globals/BlinkController" pc="268441704" symbol="endBlink"/>
        <entry filename="/Users/erdalgunes/garmin-jailbot/source/BlinkController.mc" id="75" lineNum="167" parent="globals/BlinkController" pc="268441722" symbol="endBlink"/>
        <entry filename="/Users/erdalgunes/garmin-jailbot/source/BlinkController.mc" id="76" lineNum="119" parent="globals/BlinkController" pc="268441730" symbol="beginBlink"/>
        <entry filename="/Users/erdalgunes/garmin-jailbot/source/BlinkController.mc" id="76" lineNum="120" parent="globals/BlinkController" pc="268441732" symbol="beginBlink"/>
        <entry filename="/Users/erdalgunes/garmin-jailbot/source/BlinkController.mc" id="76" lineNum="121" parent="globals/BlinkController" pc="268441741" symbol="beginBlink"/>
        <entry filename="/Users/erdalgunes/garmin-jailbot/source/BlinkController.mc" id="76" lineNum="122" parent="globals/BlinkController" pc="268441759" symbol="beginBlink"/>
        <entry filename="/Users/erdalgunes/garmin-jailbot/source/BlinkController.mc" id="76" lineNum="125" parent="globals/BlinkController" pc="268441763" symbol="beginBlink"/>
        <entry filename="/Users/erdalgunes/garmin-jailbot/source/BlinkController.mc" id="76" lineNum="126" parent="globals/BlinkController" pc="268441771" symbol="beginBlink"/>
        <entry filename="/Users/erdalgunes/garmin-jailbot/source/BlinkController.mc" id="76" lineNum="127" parent="globals/BlinkController" pc="268441783" symbol="beginBlink"/>
        <entry filename="/Users/erdalgunes/garmin-jailbot/source/BlinkController.mc" id="76" lineNum="128" parent="globals/BlinkController" pc="268441798" symbol="beginBlink"/>
        <entry filename="/Users/erdalgunes/garmin-jailbot/source/BlinkController.mc" id="76" lineNum="130" parent="globals/BlinkController" pc="268441815" symbol="beginBlink"/>
        <entry filename="/Users/erdalgunes/garmin-jailbot/source/BlinkController.mc" id="76" lineNum="133" parent="globals/BlinkController" pc="268441845" symbol="beginBlink"/>
        <entry filename="/Users/erdalgunes/garmin-jailbot/source/BlinkController.mc" id="76" lineNum="136" parent="globals/BlinkController" pc="268441856" symbol="beginBlink"/>
        <entry filename="/Users/erdalgunes/garmin-jailbot/source/BlinkController.mc" id="76" lineNum="137" parent="globals/BlinkController" pc="268441885" symbol="beginBlink"/>
        <entry filename="/Users/erdalgunes/garmin-jailbot/source/EmoticonSystem.mc" id="77" lineNum="356" parent="globals/EmoticonRenderer" pc="268441917" symbol="&lt;globals/EmoticonRenderer/&lt;&gt;drawHeartEyes&gt;"/>
        <entry filename="/Users/erdalgunes/garmin-jailbot/source/EmoticonSystem.mc" id="77" lineNum="358" parent="globals/EmoticonRenderer" pc="268441920" symbol="&lt;globals/EmoticonRenderer/&lt;&gt;drawHeartEyes&gt;"/>
        <entry filename="/Users/erdalgunes/garmin-jailbot/source/EmoticonSystem.mc" id="77" lineNum="359" parent="globals/EmoticonRenderer" pc="268441930" symbol="&lt;globals/EmoticonRenderer/&lt;&gt;drawHeartEyes&gt;"/>
        <entry filename="/Users/erdalgunes/garmin-jailbot/source/EmoticonSystem.mc" id="77" lineNum="361" parent="globals/EmoticonRenderer" pc="268441940" symbol="&lt;globals/EmoticonRenderer/&lt;&gt;drawHeartEyes&gt;"/>
        <entry filename="/Users/erdalgunes/garmin-jailbot/source/EmoticonSystem.mc" id="77" lineNum="362" parent="globals/EmoticonRenderer" pc="268441969" symbol="&lt;globals/EmoticonRenderer/&lt;&gt;drawHeartEyes&gt;"/>
        <entry filename="/Users/erdalgunes/garmin-jailbot/source/EmoticonSystem.mc" id="78" lineNum="334" parent="globals/EmoticonRenderer" pc="268441999" symbol="&lt;globals/EmoticonRenderer/&lt;&gt;drawXEyes&gt;"/>
        <entry filename="/Users/erdalgunes/garmin-jailbot/source/EmoticonSystem.mc" id="78" lineNum="335" parent="globals/EmoticonRenderer" pc="268442002" symbol="&lt;globals/EmoticonRenderer/&lt;&gt;drawXEyes&gt;"/>
        <entry filename="/Users/erdalgunes/garmin-jailbot/source/EmoticonSystem.mc" id="78" lineNum="336" parent="globals/EmoticonRenderer" pc="268442012" symbol="&lt;globals/EmoticonRenderer/&lt;&gt;drawXEyes&gt;"/>
        <entry filename="/Users/erdalgunes/garmin-jailbot/source/EmoticonSystem.mc" id="78" lineNum="337" parent="globals/EmoticonRenderer" pc="268442022" symbol="&lt;globals/EmoticonRenderer/&lt;&gt;drawXEyes&gt;"/>
        <entry filename="/Users/erdalgunes/garmin-jailbot/source/EmoticonSystem.mc" id="78" lineNum="340" parent="globals/EmoticonRenderer" pc="268442032" symbol="&lt;globals/EmoticonRenderer/&lt;&gt;drawXEyes&gt;"/>
        <entry filename="/Users/erdalgunes/garmin-jailbot/source/EmoticonSystem.mc" id="78" lineNum="341" parent="globals/EmoticonRenderer" pc="268442070" symbol="&lt;globals/EmoticonRenderer/&lt;&gt;drawXEyes&gt;"/>
        <entry filename="/Users/erdalgunes/garmin-jailbot/source/EmoticonSystem.mc" id="78" lineNum="344" parent="globals/EmoticonRenderer" pc="268442114" symbol="&lt;globals/EmoticonRenderer/&lt;&gt;drawXEyes&gt;"/>
        <entry filename="/Users/erdalgunes/garmin-jailbot/source/EmoticonSystem.mc" id="78" lineNum="345" parent="globals/EmoticonRenderer" pc="268442152" symbol="&lt;globals/EmoticonRenderer/&lt;&gt;drawXEyes&gt;"/>
        <entry filename="/Users/erdalgunes/garmin-jailbot/source/EmoticonSystem.mc" id="79" lineNum="267" parent="globals/EmoticonRenderer" pc="268442197" symbol="renderEmoticon"/>
        <entry filename="/Users/erdalgunes/garmin-jailbot/source/EmoticonSystem.mc" id="79" lineNum="268" parent="globals/EmoticonRenderer" pc="268442200" symbol="renderEmoticon"/>
        <entry filename="/Users/erdalgunes/garmin-jailbot/source/EmoticonSystem.mc" id="79" lineNum="269" parent="globals/EmoticonRenderer" pc="268442217" symbol="renderEmoticon"/>
        <entry filename="/Users/erdalgunes/garmin-jailbot/source/EmoticonSystem.mc" id="80" lineNum="348" parent="globals/EmoticonRenderer" pc="268442237" symbol="&lt;globals/EmoticonRenderer/&lt;&gt;drawArcEyes&gt;"/>
        <entry filename="/Users/erdalgunes/garmin-jailbot/source/EmoticonSystem.mc" id="80" lineNum="349" parent="globals/EmoticonRenderer" pc="268442240" symbol="&lt;globals/EmoticonRenderer/&lt;&gt;drawArcEyes&gt;"/>
        <entry filename="/Users/erdalgunes/garmin-jailbot/source/EmoticonSystem.mc" id="80" lineNum="350" parent="globals/EmoticonRenderer" pc="268442250" symbol="&lt;globals/EmoticonRenderer/&lt;&gt;drawArcEyes&gt;"/>
        <entry filename="/Users/erdalgunes/garmin-jailbot/source/EmoticonSystem.mc" id="80" lineNum="352" parent="globals/EmoticonRenderer" pc="268442270" symbol="&lt;globals/EmoticonRenderer/&lt;&gt;drawArcEyes&gt;"/>
        <entry filename="/Users/erdalgunes/garmin-jailbot/source/EmoticonSystem.mc" id="80" lineNum="353" parent="globals/EmoticonRenderer" pc="268442299" symbol="&lt;globals/EmoticonRenderer/&lt;&gt;drawArcEyes&gt;"/>
        <entry filename="/Users/erdalgunes/garmin-jailbot/source/EmoticonSystem.mc" id="81" lineNum="296" parent="globals/EmoticonRenderer" pc="268442329" symbol="&lt;globals/EmoticonRenderer/&lt;&gt;drawEyes&gt;"/>
        <entry filename="/Users/erdalgunes/garmin-jailbot/source/EmoticonSystem.mc" id="81" lineNum="297" parent="globals/EmoticonRenderer" pc="268442332" symbol="&lt;globals/EmoticonRenderer/&lt;&gt;drawEyes&gt;"/>
        <entry filename="/Users/erdalgunes/garmin-jailbot/source/EmoticonSystem.mc" id="81" lineNum="298" parent="globals/EmoticonRenderer" pc="268442343" symbol="&lt;globals/EmoticonRenderer/&lt;&gt;drawEyes&gt;"/>
        <entry filename="/Users/erdalgunes/garmin-jailbot/source/EmoticonSystem.mc" id="81" lineNum="299" parent="globals/EmoticonRenderer" pc="268442361" symbol="&lt;globals/EmoticonRenderer/&lt;&gt;drawEyes&gt;"/>
        <entry filename="/Users/erdalgunes/garmin-jailbot/source/EmoticonSystem.mc" id="81" lineNum="301" parent="globals/EmoticonRenderer" pc="268442372" symbol="&lt;globals/EmoticonRenderer/&lt;&gt;drawEyes&gt;"/>
        <entry filename="/Users/erdalgunes/garmin-jailbot/source/EmoticonSystem.mc" id="81" lineNum="303" parent="globals/EmoticonRenderer" pc="268442388" symbol="&lt;globals/EmoticonRenderer/&lt;&gt;drawEyes&gt;"/>
        <entry filename="/Users/erdalgunes/garmin-jailbot/source/EmoticonSystem.mc" id="81" lineNum="305" parent="globals/EmoticonRenderer" pc="268442432" symbol="&lt;globals/EmoticonRenderer/&lt;&gt;drawEyes&gt;"/>
        <entry filename="/Users/erdalgunes/garmin-jailbot/source/EmoticonSystem.mc" id="81" lineNum="306" parent="globals/EmoticonRenderer" pc="268442458" symbol="&lt;globals/EmoticonRenderer/&lt;&gt;drawEyes&gt;"/>
        <entry filename="/Users/erdalgunes/garmin-jailbot/source/EmoticonSystem.mc" id="81" lineNum="308" parent="globals/EmoticonRenderer" pc="268442487" symbol="&lt;globals/EmoticonRenderer/&lt;&gt;drawEyes&gt;"/>
        <entry filename="/Users/erdalgunes/garmin-jailbot/source/EmoticonSystem.mc" id="81" lineNum="310" parent="globals/EmoticonRenderer" pc="268442509" symbol="&lt;globals/EmoticonRenderer/&lt;&gt;drawEyes&gt;"/>
        <entry filename="/Users/erdalgunes/garmin-jailbot/source/EmoticonSystem.mc" id="81" lineNum="311" parent="globals/EmoticonRenderer" pc="268442519" symbol="&lt;globals/EmoticonRenderer/&lt;&gt;drawEyes&gt;"/>
        <entry filename="/Users/erdalgunes/garmin-jailbot/source/EmoticonSystem.mc" id="81" lineNum="312" parent="globals/EmoticonRenderer" pc="268442554" symbol="&lt;globals/EmoticonRenderer/&lt;&gt;drawEyes&gt;"/>
        <entry filename="/Users/erdalgunes/garmin-jailbot/source/EmoticonSystem.mc" id="81" lineNum="314" parent="globals/EmoticonRenderer" pc="268442583" symbol="&lt;globals/EmoticonRenderer/&lt;&gt;drawEyes&gt;"/>
        <entry filename="/Users/erdalgunes/garmin-jailbot/source/EmoticonSystem.mc" id="81" lineNum="316" parent="globals/EmoticonRenderer" pc="268442605" symbol="&lt;globals/EmoticonRenderer/&lt;&gt;drawEyes&gt;"/>
        <entry filename="/Users/erdalgunes/garmin-jailbot/source/EmoticonSystem.mc" id="81" lineNum="317" parent="globals/EmoticonRenderer" pc="268442615" symbol="&lt;globals/EmoticonRenderer/&lt;&gt;drawEyes&gt;"/>
        <entry filename="/Users/erdalgunes/garmin-jailbot/source/EmoticonSystem.mc" id="81" lineNum="318" parent="globals/EmoticonRenderer" pc="268442653" symbol="&lt;globals/EmoticonRenderer/&lt;&gt;drawEyes&gt;"/>
        <entry filename="/Users/erdalgunes/garmin-jailbot/source/EmoticonSystem.mc" id="81" lineNum="320" parent="globals/EmoticonRenderer" pc="268442694" symbol="&lt;globals/EmoticonRenderer/&lt;&gt;drawEyes&gt;"/>
        <entry filename="/Users/erdalgunes/garmin-jailbot/source/EmoticonSystem.mc" id="81" lineNum="322" parent="globals/EmoticonRenderer" pc="268442716" symbol="&lt;globals/EmoticonRenderer/&lt;&gt;drawEyes&gt;"/>
        <entry filename="/Users/erdalgunes/garmin-jailbot/source/EmoticonSystem.mc" id="81" lineNum="324" parent="globals/EmoticonRenderer" pc="268442740" symbol="&lt;globals/EmoticonRenderer/&lt;&gt;drawEyes&gt;"/>
        <entry filename="/Users/erdalgunes/garmin-jailbot/source/EmoticonSystem.mc" id="81" lineNum="326" parent="globals/EmoticonRenderer" pc="268442762" symbol="&lt;globals/EmoticonRenderer/&lt;&gt;drawEyes&gt;"/>
        <entry filename="/Users/erdalgunes/garmin-jailbot/source/EmoticonSystem.mc" id="81" lineNum="328" parent="globals/EmoticonRenderer" pc="268442787" symbol="&lt;globals/EmoticonRenderer/&lt;&gt;drawEyes&gt;"/>
        <entry filename="/Users/erdalgunes/garmin-jailbot/source/EmoticonSystem.mc" id="81" lineNum="330" parent="globals/EmoticonRenderer" pc="268442809" symbol="&lt;globals/EmoticonRenderer/&lt;&gt;drawEyes&gt;"/>
        <entry filename="/Users/erdalgunes/garmin-jailbot/source/EmoticonSystem.mc" id="82" lineNum="263" parent="globals/EmoticonRenderer" pc="268442834" symbol="initialize"/>
        <entry filename="/Users/erdalgunes/garmin-jailbot/source/EmoticonSystem.mc" id="82" lineNum="264" parent="globals/EmoticonRenderer" pc="268442836" symbol="initialize"/>
        <entry filename="/Users/erdalgunes/garmin-jailbot/source/EmoticonSystem.mc" id="83" lineNum="272" parent="globals/EmoticonRenderer" pc="268442862" symbol="drawExpression"/>
        <entry filename="/Users/erdalgunes/garmin-jailbot/source/EmoticonSystem.mc" id="83" lineNum="274" parent="globals/EmoticonRenderer" pc="268442865" symbol="drawExpression"/>
        <entry filename="/Users/erdalgunes/garmin-jailbot/source/EmoticonSystem.mc" id="83" lineNum="275" parent="globals/EmoticonRenderer" pc="268442872" symbol="drawExpression"/>
        <entry filename="/Users/erdalgunes/garmin-jailbot/source/EmoticonSystem.mc" id="83" lineNum="276" parent="globals/EmoticonRenderer" pc="268442879" symbol="drawExpression"/>
        <entry filename="/Users/erdalgunes/garmin-jailbot/source/EmoticonSystem.mc" id="83" lineNum="277" parent="globals/EmoticonRenderer" pc="268442889" symbol="drawExpression"/>
        <entry filename="/Users/erdalgunes/garmin-jailbot/source/EmoticonSystem.mc" id="83" lineNum="280" parent="globals/EmoticonRenderer" pc="268442896" symbol="drawExpression"/>
        <entry filename="/Users/erdalgunes/garmin-jailbot/source/EmoticonSystem.mc" id="83" lineNum="281" parent="globals/EmoticonRenderer" pc="268442906" symbol="drawExpression"/>
        <entry filename="/Users/erdalgunes/garmin-jailbot/source/EmoticonSystem.mc" id="83" lineNum="282" parent="globals/EmoticonRenderer" pc="268442926" symbol="drawExpression"/>
        <entry filename="/Users/erdalgunes/garmin-jailbot/source/EmoticonSystem.mc" id="83" lineNum="283" parent="globals/EmoticonRenderer" pc="268442933" symbol="drawExpression"/>
        <entry filename="/Users/erdalgunes/garmin-jailbot/source/EmoticonSystem.mc" id="83" lineNum="286" parent="globals/EmoticonRenderer" pc="268442940" symbol="drawExpression"/>
        <entry filename="/Users/erdalgunes/garmin-jailbot/source/EmoticonSystem.mc" id="83" lineNum="289" parent="globals/EmoticonRenderer" pc="268442963" symbol="drawExpression"/>
        <entry filename="/Users/erdalgunes/garmin-jailbot/source/EmoticonSystem.mc" id="83" lineNum="290" parent="globals/EmoticonRenderer" pc="268442973" symbol="drawExpression"/>
        <entry filename="/Users/erdalgunes/garmin-jailbot/source/EmoticonSystem.mc" id="83" lineNum="293" parent="globals/EmoticonRenderer" pc="268442994" symbol="drawExpression"/>
        <entry filename="/Users/erdalgunes/garmin-jailbot/source/EmoticonSystem.mc" id="84" lineNum="365" parent="globals/EmoticonRenderer" pc="268443014" symbol="&lt;globals/EmoticonRenderer/&lt;&gt;drawMouth&gt;"/>
        <entry filename="/Users/erdalgunes/garmin-jailbot/source/EmoticonSystem.mc" id="84" lineNum="366" parent="globals/EmoticonRenderer" pc="268443017" symbol="&lt;globals/EmoticonRenderer/&lt;&gt;drawMouth&gt;"/>
        <entry filename="/Users/erdalgunes/garmin-jailbot/source/EmoticonSystem.mc" id="84" lineNum="367" parent="globals/EmoticonRenderer" pc="268443028" symbol="&lt;globals/EmoticonRenderer/&lt;&gt;drawMouth&gt;"/>
        <entry filename="/Users/erdalgunes/garmin-jailbot/source/EmoticonSystem.mc" id="84" lineNum="368" parent="globals/EmoticonRenderer" pc="268443039" symbol="&lt;globals/EmoticonRenderer/&lt;&gt;drawMouth&gt;"/>
        <entry filename="/Users/erdalgunes/garmin-jailbot/source/EmoticonSystem.mc" id="84" lineNum="370" parent="globals/EmoticonRenderer" pc="268443050" symbol="&lt;globals/EmoticonRenderer/&lt;&gt;drawMouth&gt;"/>
        <entry filename="/Users/erdalgunes/garmin-jailbot/source/EmoticonSystem.mc" id="84" lineNum="372" parent="globals/EmoticonRenderer" pc="268443066" symbol="&lt;globals/EmoticonRenderer/&lt;&gt;drawMouth&gt;"/>
        <entry filename="/Users/erdalgunes/garmin-jailbot/source/EmoticonSystem.mc" id="84" lineNum="374" parent="globals/EmoticonRenderer" pc="268443088" symbol="&lt;globals/EmoticonRenderer/&lt;&gt;drawMouth&gt;"/>
        <entry filename="/Users/erdalgunes/garmin-jailbot/source/EmoticonSystem.mc" id="84" lineNum="376" parent="globals/EmoticonRenderer" pc="268443117" symbol="&lt;globals/EmoticonRenderer/&lt;&gt;drawMouth&gt;"/>
        <entry filename="/Users/erdalgunes/garmin-jailbot/source/EmoticonSystem.mc" id="84" lineNum="378" parent="globals/EmoticonRenderer" pc="268443139" symbol="&lt;globals/EmoticonRenderer/&lt;&gt;drawMouth&gt;"/>
        <entry filename="/Users/erdalgunes/garmin-jailbot/source/EmoticonSystem.mc" id="84" lineNum="380" parent="globals/EmoticonRenderer" pc="268443150" symbol="&lt;globals/EmoticonRenderer/&lt;&gt;drawMouth&gt;"/>
        <entry filename="/Users/erdalgunes/garmin-jailbot/source/EmoticonSystem.mc" id="84" lineNum="381" parent="globals/EmoticonRenderer" pc="268443160" symbol="&lt;globals/EmoticonRenderer/&lt;&gt;drawMouth&gt;"/>
        <entry filename="/Users/erdalgunes/garmin-jailbot/source/EmoticonSystem.mc" id="84" lineNum="382" parent="globals/EmoticonRenderer" pc="268443186" symbol="&lt;globals/EmoticonRenderer/&lt;&gt;drawMouth&gt;"/>
        <entry filename="/Users/erdalgunes/garmin-jailbot/source/EmoticonSystem.mc" id="84" lineNum="384" parent="globals/EmoticonRenderer" pc="268443197" symbol="&lt;globals/EmoticonRenderer/&lt;&gt;drawMouth&gt;"/>
        <entry filename="/Users/erdalgunes/garmin-jailbot/source/EmoticonSystem.mc" id="84" lineNum="385" parent="globals/EmoticonRenderer" pc="268443207" symbol="&lt;globals/EmoticonRenderer/&lt;&gt;drawMouth&gt;"/>
        <entry filename="/Users/erdalgunes/garmin-jailbot/source/EmoticonSystem.mc" id="84" lineNum="387" parent="globals/EmoticonRenderer" pc="268443233" symbol="&lt;globals/EmoticonRenderer/&lt;&gt;drawMouth&gt;"/>
        <entry filename="/Users/erdalgunes/garmin-jailbot/source/EmoticonSystem.mc" id="84" lineNum="389" parent="globals/EmoticonRenderer" pc="268443262" symbol="&lt;globals/EmoticonRenderer/&lt;&gt;drawMouth&gt;"/>
        <entry filename="/Users/erdalgunes/garmin-jailbot/source/EmoticonSystem.mc" id="84" lineNum="391" parent="globals/EmoticonRenderer" pc="268443284" symbol="&lt;globals/EmoticonRenderer/&lt;&gt;drawMouth&gt;"/>
        <entry filename="/Users/erdalgunes/garmin-jailbot/source/EmoticonSystem.mc" id="84" lineNum="392" parent="globals/EmoticonRenderer" pc="268443301" symbol="&lt;globals/EmoticonRenderer/&lt;&gt;drawMouth&gt;"/>
        <entry filename="/Users/erdalgunes/garmin-jailbot/source/EmoticonSystem.mc" id="84" lineNum="394" parent="globals/EmoticonRenderer" pc="268443330" symbol="&lt;globals/EmoticonRenderer/&lt;&gt;drawMouth&gt;"/>
        <entry filename="/Users/erdalgunes/garmin-jailbot/source/EmoticonSystem.mc" id="84" lineNum="396" parent="globals/EmoticonRenderer" pc="268443352" symbol="&lt;globals/EmoticonRenderer/&lt;&gt;drawMouth&gt;"/>
        <entry filename="/Users/erdalgunes/garmin-jailbot/source/EmoticonSystem.mc" id="84" lineNum="397" parent="globals/EmoticonRenderer" pc="268443362" symbol="&lt;globals/EmoticonRenderer/&lt;&gt;drawMouth&gt;"/>
        <entry filename="/Users/erdalgunes/garmin-jailbot/source/EmoticonSystem.mc" id="84" lineNum="398" parent="globals/EmoticonRenderer" pc="268443382" symbol="&lt;globals/EmoticonRenderer/&lt;&gt;drawMouth&gt;"/>
        <entry filename="/Users/erdalgunes/garmin-jailbot/source/EmoticonSystem.mc" id="84" lineNum="400" parent="globals/EmoticonRenderer" pc="268443414" symbol="&lt;globals/EmoticonRenderer/&lt;&gt;drawMouth&gt;"/>
        <entry filename="/Users/erdalgunes/garmin-jailbot/source/EmoticonSystem.mc" id="84" lineNum="402" parent="globals/EmoticonRenderer" pc="268443436" symbol="&lt;globals/EmoticonRenderer/&lt;&gt;drawMouth&gt;"/>
        <entry filename="/Users/erdalgunes/garmin-jailbot/source/EmoticonSystem.mc" id="84" lineNum="403" parent="globals/EmoticonRenderer" pc="268443446" symbol="&lt;globals/EmoticonRenderer/&lt;&gt;drawMouth&gt;"/>
        <entry filename="/Users/erdalgunes/garmin-jailbot/source/EmoticonSystem.mc" id="84" lineNum="405" parent="globals/EmoticonRenderer" pc="268443475" symbol="&lt;globals/EmoticonRenderer/&lt;&gt;drawMouth&gt;"/>
        <entry filename="/Users/erdalgunes/garmin-jailbot/source/EmoticonSystem.mc" id="84" lineNum="407" parent="globals/EmoticonRenderer" pc="268443497" symbol="&lt;globals/EmoticonRenderer/&lt;&gt;drawMouth&gt;"/>
        <entry filename="/Users/erdalgunes/garmin-jailbot/source/EmoticonSystem.mc" id="84" lineNum="408" parent="globals/EmoticonRenderer" pc="268443523" symbol="&lt;globals/EmoticonRenderer/&lt;&gt;drawMouth&gt;"/>
        <entry filename="/Users/erdalgunes/garmin-jailbot/source/EmoticonSystem.mc" id="84" lineNum="409" parent="globals/EmoticonRenderer" pc="268443532" symbol="&lt;globals/EmoticonRenderer/&lt;&gt;drawMouth&gt;"/>
        <entry filename="/Users/erdalgunes/garmin-jailbot/source/EmoticonSystem.mc" id="84" lineNum="410" parent="globals/EmoticonRenderer" pc="268443542" symbol="&lt;globals/EmoticonRenderer/&lt;&gt;drawMouth&gt;"/>
        <entry filename="/Users/erdalgunes/garmin-jailbot/source/EmoticonSystem.mc" id="84" lineNum="411" parent="globals/EmoticonRenderer" pc="268443556" symbol="&lt;globals/EmoticonRenderer/&lt;&gt;drawMouth&gt;"/>
        <entry filename="/Users/erdalgunes/garmin-jailbot/source/EmoticonSystem.mc" id="84" lineNum="412" parent="globals/EmoticonRenderer" pc="268443563" symbol="&lt;globals/EmoticonRenderer/&lt;&gt;drawMouth&gt;"/>
        <entry filename="/Users/erdalgunes/garmin-jailbot/source/EmoticonSystem.mc" id="85" lineNum="417" parent="globals/EmoticonRenderer" pc="268443599" symbol="&lt;globals/EmoticonRenderer/&lt;&gt;drawAccessories&gt;"/>
        <entry filename="/Users/erdalgunes/garmin-jailbot/source/EmoticonSystem.mc" id="85" lineNum="418" parent="globals/EmoticonRenderer" pc="268443602" symbol="&lt;globals/EmoticonRenderer/&lt;&gt;drawAccessories&gt;"/>
        <entry filename="/Users/erdalgunes/garmin-jailbot/source/EmoticonSystem.mc" id="85" lineNum="421" parent="globals/EmoticonRenderer" pc="268443618" symbol="&lt;globals/EmoticonRenderer/&lt;&gt;drawAccessories&gt;"/>
        <entry filename="/Users/erdalgunes/garmin-jailbot/source/EmoticonSystem.mc" id="85" lineNum="422" parent="globals/EmoticonRenderer" pc="268443627" symbol="&lt;globals/EmoticonRenderer/&lt;&gt;drawAccessories&gt;"/>
        <entry filename="/Users/erdalgunes/garmin-jailbot/source/EmoticonSystem.mc" id="85" lineNum="423" parent="globals/EmoticonRenderer" pc="268443638" symbol="&lt;globals/EmoticonRenderer/&lt;&gt;drawAccessories&gt;"/>
        <entry filename="/Users/erdalgunes/garmin-jailbot/source/EmoticonSystem.mc" id="85" lineNum="424" parent="globals/EmoticonRenderer" pc="268443648" symbol="&lt;globals/EmoticonRenderer/&lt;&gt;drawAccessories&gt;"/>
        <entry filename="/Users/erdalgunes/garmin-jailbot/source/EmoticonSystem.mc" id="85" lineNum="425" parent="globals/EmoticonRenderer" pc="268443658" symbol="&lt;globals/EmoticonRenderer/&lt;&gt;drawAccessories&gt;"/>
        <entry filename="/Users/erdalgunes/garmin-jailbot/source/EmoticonSystem.mc" id="85" lineNum="429" parent="globals/EmoticonRenderer" pc="268443690" symbol="&lt;globals/EmoticonRenderer/&lt;&gt;drawAccessories&gt;"/>
        <entry filename="/Users/erdalgunes/garmin-jailbot/source/EmoticonSystem.mc" id="85" lineNum="430" parent="globals/EmoticonRenderer" pc="268443699" symbol="&lt;globals/EmoticonRenderer/&lt;&gt;drawAccessories&gt;"/>
        <entry filename="/Users/erdalgunes/garmin-jailbot/source/EmoticonSystem.mc" id="85" lineNum="431" parent="globals/EmoticonRenderer" pc="268443716" symbol="&lt;globals/EmoticonRenderer/&lt;&gt;drawAccessories&gt;"/>
        <entry filename="/Users/erdalgunes/garmin-jailbot/source/EmoticonSystem.mc" id="85" lineNum="432" parent="globals/EmoticonRenderer" pc="268443726" symbol="&lt;globals/EmoticonRenderer/&lt;&gt;drawAccessories&gt;"/>
        <entry filename="/Users/erdalgunes/garmin-jailbot/source/EmoticonSystem.mc" id="85" lineNum="433" parent="globals/EmoticonRenderer" pc="268443761" symbol="&lt;globals/EmoticonRenderer/&lt;&gt;drawAccessories&gt;"/>
        <entry filename="/Users/erdalgunes/garmin-jailbot/source/MoodEngine.mc" id="86" lineNum="99" parent="globals/MoodEngine" pc="268443797" symbol="&lt;globals/MoodEngine/&lt;&gt;transitionToState&gt;"/>
        <entry filename="/Users/erdalgunes/garmin-jailbot/source/MoodEngine.mc" id="86" lineNum="101" parent="globals/MoodEngine" pc="268443800" symbol="&lt;globals/MoodEngine/&lt;&gt;transitionToState&gt;"/>
        <entry filename="/Users/erdalgunes/garmin-jailbot/source/MoodEngine.mc" id="86" lineNum="104" parent="globals/MoodEngine" pc="268443816" symbol="&lt;globals/MoodEngine/&lt;&gt;transitionToState&gt;"/>
        <entry filename="/Users/erdalgunes/garmin-jailbot/source/MoodEngine.mc" id="86" lineNum="107" parent="globals/MoodEngine" pc="268443828" symbol="&lt;globals/MoodEngine/&lt;&gt;transitionToState&gt;"/>
        <entry filename="/Users/erdalgunes/garmin-jailbot/source/MoodEngine.mc" id="86" lineNum="108" parent="globals/MoodEngine" pc="268443841" symbol="&lt;globals/MoodEngine/&lt;&gt;transitionToState&gt;"/>
        <entry filename="/Users/erdalgunes/garmin-jailbot/source/MoodEngine.mc" id="86" lineNum="109" parent="globals/MoodEngine" pc="268443859" symbol="&lt;globals/MoodEngine/&lt;&gt;transitionToState&gt;"/>
        <entry filename="/Users/erdalgunes/garmin-jailbot/source/MoodEngine.mc" id="86" lineNum="113" parent="globals/MoodEngine" pc="268443880" symbol="&lt;globals/MoodEngine/&lt;&gt;transitionToState&gt;"/>
        <entry filename="/Users/erdalgunes/garmin-jailbot/source/MoodEngine.mc" id="86" lineNum="116" parent="globals/MoodEngine" pc="268443889" symbol="&lt;globals/MoodEngine/&lt;&gt;transitionToState&gt;"/>
        <entry filename="/Users/erdalgunes/garmin-jailbot/source/MoodEngine.mc" id="86" lineNum="119" parent="globals/MoodEngine" pc="268443901" symbol="&lt;globals/MoodEngine/&lt;&gt;transitionToState&gt;"/>
        <entry filename="/Users/erdalgunes/garmin-jailbot/source/MoodEngine.mc" id="87" lineNum="42" parent="globals/MoodEngine" pc="268443937" symbol="update"/>
        <entry filename="/Users/erdalgunes/garmin-jailbot/source/MoodEngine.mc" id="87" lineNum="43" parent="globals/MoodEngine" pc="268443940" symbol="update"/>
        <entry filename="/Users/erdalgunes/garmin-jailbot/source/MoodEngine.mc" id="87" lineNum="44" parent="globals/MoodEngine" pc="268443962" symbol="update"/>
        <entry filename="/Users/erdalgunes/garmin-jailbot/source/MoodEngine.mc" id="87" lineNum="45" parent="globals/MoodEngine" pc="268443974" symbol="update"/>
        <entry filename="/Users/erdalgunes/garmin-jailbot/source/MoodEngine.mc" id="87" lineNum="46" parent="globals/MoodEngine" pc="268443984" symbol="update"/>
        <entry filename="/Users/erdalgunes/garmin-jailbot/source/MoodEngine.mc" id="87" lineNum="49" parent="globals/MoodEngine" pc="268443993" symbol="update"/>
        <entry filename="/Users/erdalgunes/garmin-jailbot/source/MoodEngine.mc" id="87" lineNum="52" parent="globals/MoodEngine" pc="268444004" symbol="update"/>
        <entry filename="/Users/erdalgunes/garmin-jailbot/source/MoodEngine.mc" id="87" lineNum="55" parent="globals/MoodEngine" pc="268444016" symbol="update"/>
        <entry filename="/Users/erdalgunes/garmin-jailbot/source/MoodEngine.mc" id="87" lineNum="56" parent="globals/MoodEngine" pc="268444038" symbol="update"/>
        <entry filename="/Users/erdalgunes/garmin-jailbot/source/MoodEngine.mc" id="87" lineNum="60" parent="globals/MoodEngine" pc="268444054" symbol="update"/>
        <entry filename="/Users/erdalgunes/garmin-jailbot/source/MoodEngine.mc" id="87" lineNum="63" parent="globals/MoodEngine" pc="268444085" symbol="update"/>
        <entry filename="/Users/erdalgunes/garmin-jailbot/source/MoodEngine.mc" id="87" lineNum="65" parent="globals/MoodEngine" pc="268444103" symbol="update"/>
        <entry filename="/Users/erdalgunes/garmin-jailbot/source/MoodEngine.mc" id="88" lineNum="122" parent="globals/MoodEngine" pc="268444114" symbol="&lt;globals/MoodEngine/&lt;&gt;getCooldownForState&gt;"/>
        <entry filename="/Users/erdalgunes/garmin-jailbot/source/MoodEngine.mc" id="88" lineNum="124" parent="globals/MoodEngine" pc="268444116" symbol="&lt;globals/MoodEngine/&lt;&gt;getCooldownForState&gt;"/>
        <entry filename="/Users/erdalgunes/garmin-jailbot/source/MoodEngine.mc" id="88" lineNum="124" parent="globals/MoodEngine" pc="268444133" symbol="&lt;globals/MoodEngine/&lt;&gt;getCooldownForState&gt;"/>
        <entry filename="/Users/erdalgunes/garmin-jailbot/source/MoodEngine.mc" id="88" lineNum="125" parent="globals/MoodEngine" pc="268444141" symbol="&lt;globals/MoodEngine/&lt;&gt;getCooldownForState&gt;"/>
        <entry filename="/Users/erdalgunes/garmin-jailbot/source/MoodEngine.mc" id="88" lineNum="125" parent="globals/MoodEngine" pc="268444158" symbol="&lt;globals/MoodEngine/&lt;&gt;getCooldownForState&gt;"/>
        <entry filename="/Users/erdalgunes/garmin-jailbot/source/MoodEngine.mc" id="88" lineNum="126" parent="globals/MoodEngine" pc="268444166" symbol="&lt;globals/MoodEngine/&lt;&gt;getCooldownForState&gt;"/>
        <entry filename="/Users/erdalgunes/garmin-jailbot/source/MoodEngine.mc" id="88" lineNum="126" parent="globals/MoodEngine" pc="268444183" symbol="&lt;globals/MoodEngine/&lt;&gt;getCooldownForState&gt;"/>
        <entry filename="/Users/erdalgunes/garmin-jailbot/source/MoodEngine.mc" id="88" lineNum="127" parent="globals/MoodEngine" pc="268444191" symbol="&lt;globals/MoodEngine/&lt;&gt;getCooldownForState&gt;"/>
        <entry filename="/Users/erdalgunes/garmin-jailbot/source/MoodEngine.mc" id="88" lineNum="127" parent="globals/MoodEngine" pc="268444208" symbol="&lt;globals/MoodEngine/&lt;&gt;getCooldownForState&gt;"/>
        <entry filename="/Users/erdalgunes/garmin-jailbot/source/MoodEngine.mc" id="88" lineNum="128" parent="globals/MoodEngine" pc="268444216" symbol="&lt;globals/MoodEngine/&lt;&gt;getCooldownForState&gt;"/>
        <entry filename="/Users/erdalgunes/garmin-jailbot/source/MoodEngine.mc" id="88" lineNum="128" parent="globals/MoodEngine" pc="268444233" symbol="&lt;globals/MoodEngine/&lt;&gt;getCooldownForState&gt;"/>
        <entry filename="/Users/erdalgunes/garmin-jailbot/source/MoodEngine.mc" id="88" lineNum="129" parent="globals/MoodEngine" pc="268444241" symbol="&lt;globals/MoodEngine/&lt;&gt;getCooldownForState&gt;"/>
        <entry filename="/Users/erdalgunes/garmin-jailbot/source/MoodEngine.mc" id="88" lineNum="129" parent="globals/MoodEngine" pc="268444258" symbol="&lt;globals/MoodEngine/&lt;&gt;getCooldownForState&gt;"/>
        <entry filename="/Users/erdalgunes/garmin-jailbot/source/MoodEngine.mc" id="88" lineNum="130" parent="globals/MoodEngine" pc="268444266" symbol="&lt;globals/MoodEngine/&lt;&gt;getCooldownForState&gt;"/>
        <entry filename="/Users/erdalgunes/garmin-jailbot/source/MoodEngine.mc" id="89" lineNum="146" parent="globals/MoodEngine" pc="268444271" symbol="&lt;globals/MoodEngine/&lt;&gt;getRenderData&gt;"/>
        <entry filename="/Users/erdalgunes/garmin-jailbot/source/MoodEngine.mc" id="89" lineNum="148" parent="globals/MoodEngine" pc="268444274" symbol="&lt;globals/MoodEngine/&lt;&gt;getRenderData&gt;"/>
        <entry filename="/Users/erdalgunes/garmin-jailbot/source/MoodEngine.mc" id="89" lineNum="149" parent="globals/MoodEngine" pc="268444291" symbol="&lt;globals/MoodEngine/&lt;&gt;getRenderData&gt;"/>
        <entry filename="/Users/erdalgunes/garmin-jailbot/source/MoodEngine.mc" id="89" lineNum="152" parent="globals/MoodEngine" pc="268444310" symbol="&lt;globals/MoodEngine/&lt;&gt;getRenderData&gt;"/>
        <entry filename="/Users/erdalgunes/garmin-jailbot/source/MoodEngine.mc" id="89" lineNum="157" parent="globals/MoodEngine" pc="268444356" symbol="&lt;globals/MoodEngine/&lt;&gt;getRenderData&gt;"/>
        <entry filename="/Users/erdalgunes/garmin-jailbot/source/MoodEngine.mc" id="89" lineNum="159" parent="globals/MoodEngine" pc="268444369" symbol="&lt;globals/MoodEngine/&lt;&gt;getRenderData&gt;"/>
        <entry filename="/Users/erdalgunes/garmin-jailbot/source/MoodEngine.mc" id="90" lineNum="133" parent="globals/MoodEngine" pc="268444445" symbol="&lt;globals/MoodEngine/&lt;&gt;updateCooldowns&gt;"/>
        <entry filename="/Users/erdalgunes/garmin-jailbot/source/MoodEngine.mc" id="90" lineNum="134" parent="globals/MoodEngine" pc="268444448" symbol="&lt;globals/MoodEngine/&lt;&gt;updateCooldowns&gt;"/>
        <entry filename="/Users/erdalgunes/garmin-jailbot/source/MoodEngine.mc" id="90" lineNum="135" parent="globals/MoodEngine" pc="268444461" symbol="&lt;globals/MoodEngine/&lt;&gt;updateCooldowns&gt;"/>
        <entry filename="/Users/erdalgunes/garmin-jailbot/source/MoodEngine.mc" id="90" lineNum="136" parent="globals/MoodEngine" pc="268444477" symbol="&lt;globals/MoodEngine/&lt;&gt;updateCooldowns&gt;"/>
        <entry filename="/Users/erdalgunes/garmin-jailbot/source/MoodEngine.mc" id="90" lineNum="137" parent="globals/MoodEngine" pc="268444484" symbol="&lt;globals/MoodEngine/&lt;&gt;updateCooldowns&gt;"/>
        <entry filename="/Users/erdalgunes/garmin-jailbot/source/MoodEngine.mc" id="90" lineNum="138" parent="globals/MoodEngine" pc="268444497" symbol="&lt;globals/MoodEngine/&lt;&gt;updateCooldowns&gt;"/>
        <entry filename="/Users/erdalgunes/garmin-jailbot/source/MoodEngine.mc" id="90" lineNum="139" parent="globals/MoodEngine" pc="268444513" symbol="&lt;globals/MoodEngine/&lt;&gt;updateCooldowns&gt;"/>
        <entry filename="/Users/erdalgunes/garmin-jailbot/source/MoodEngine.mc" id="90" lineNum="140" parent="globals/MoodEngine" pc="268444526" symbol="&lt;globals/MoodEngine/&lt;&gt;updateCooldowns&gt;"/>
        <entry filename="/Users/erdalgunes/garmin-jailbot/source/MoodEngine.mc" id="91" lineNum="16" parent="globals/MoodEngine" pc="268444552" symbol="initialize"/>
        <entry filename="/Users/erdalgunes/garmin-jailbot/source/MoodEngine.mc" id="91" lineNum="18" parent="globals/MoodEngine" pc="268444555" symbol="initialize"/>
        <entry filename="/Users/erdalgunes/garmin-jailbot/source/MoodEngine.mc" id="91" lineNum="28" parent="globals/MoodEngine" pc="268444713" symbol="initialize"/>
        <entry filename="/Users/erdalgunes/garmin-jailbot/source/MoodEngine.mc" id="91" lineNum="29" parent="globals/MoodEngine" pc="268444740" symbol="initialize"/>
        <entry filename="/Users/erdalgunes/garmin-jailbot/source/MoodEngine.mc" id="91" lineNum="30" parent="globals/MoodEngine" pc="268444765" symbol="initialize"/>
        <entry filename="/Users/erdalgunes/garmin-jailbot/source/MoodEngine.mc" id="91" lineNum="31" parent="globals/MoodEngine" pc="268444790" symbol="initialize"/>
        <entry filename="/Users/erdalgunes/garmin-jailbot/source/MoodEngine.mc" id="91" lineNum="32" parent="globals/MoodEngine" pc="268444815" symbol="initialize"/>
        <entry filename="/Users/erdalgunes/garmin-jailbot/source/MoodEngine.mc" id="91" lineNum="33" parent="globals/MoodEngine" pc="268444840" symbol="initialize"/>
        <entry filename="/Users/erdalgunes/garmin-jailbot/source/MoodEngine.mc" id="91" lineNum="34" parent="globals/MoodEngine" pc="268444857" symbol="initialize"/>
        <entry filename="/Users/erdalgunes/garmin-jailbot/source/MoodEngine.mc" id="91" lineNum="37" parent="globals/MoodEngine" pc="268444866" symbol="initialize"/>
        <entry filename="/Users/erdalgunes/garmin-jailbot/source/MoodEngine.mc" id="91" lineNum="38" parent="globals/MoodEngine" pc="268444886" symbol="initialize"/>
        <entry filename="/Users/erdalgunes/garmin-jailbot/source/MoodEngine.mc" id="92" lineNum="68" parent="globals/MoodEngine" pc="268444918" symbol="&lt;globals/MoodEngine/&lt;&gt;selectState&gt;"/>
        <entry filename="/Users/erdalgunes/garmin-jailbot/source/MoodEngine.mc" id="92" lineNum="69" parent="globals/MoodEngine" pc="268444921" symbol="&lt;globals/MoodEngine/&lt;&gt;selectState&gt;"/>
        <entry filename="/Users/erdalgunes/garmin-jailbot/source/MoodEngine.mc" id="92" lineNum="70" parent="globals/MoodEngine" pc="268444924" symbol="&lt;globals/MoodEngine/&lt;&gt;selectState&gt;"/>
        <entry filename="/Users/erdalgunes/garmin-jailbot/source/MoodEngine.mc" id="92" lineNum="73" parent="globals/MoodEngine" pc="268444931" symbol="&lt;globals/MoodEngine/&lt;&gt;selectState&gt;"/>
        <entry filename="/Users/erdalgunes/garmin-jailbot/source/MoodEngine.mc" id="92" lineNum="74" parent="globals/MoodEngine" pc="268444951" symbol="&lt;globals/MoodEngine/&lt;&gt;selectState&gt;"/>
        <entry filename="/Users/erdalgunes/garmin-jailbot/source/MoodEngine.mc" id="92" lineNum="75" parent="globals/MoodEngine" pc="268444961" symbol="&lt;globals/MoodEngine/&lt;&gt;selectState&gt;"/>
        <entry filename="/Users/erdalgunes/garmin-jailbot/source/MoodEngine.mc" id="92" lineNum="78" parent="globals/MoodEngine" pc="268444970" symbol="&lt;globals/MoodEngine/&lt;&gt;selectState&gt;"/>
        <entry filename="/Users/erdalgunes/garmin-jailbot/source/MoodEngine.mc" id="92" lineNum="79" parent="globals/MoodEngine" pc="268444983" symbol="&lt;globals/MoodEngine/&lt;&gt;selectState&gt;"/>
        <entry filename="/Users/erdalgunes/garmin-jailbot/source/MoodEngine.mc" id="92" lineNum="82" parent="globals/MoodEngine" pc="268444989" symbol="&lt;globals/MoodEngine/&lt;&gt;selectState&gt;"/>
        <entry filename="/Users/erdalgunes/garmin-jailbot/source/MoodEngine.mc" id="92" lineNum="85" parent="globals/MoodEngine" pc="268445002" symbol="&lt;globals/MoodEngine/&lt;&gt;selectState&gt;"/>
        <entry filename="/Users/erdalgunes/garmin-jailbot/source/MoodEngine.mc" id="92" lineNum="86" parent="globals/MoodEngine" pc="268445025" symbol="&lt;globals/MoodEngine/&lt;&gt;selectState&gt;"/>
        <entry filename="/Users/erdalgunes/garmin-jailbot/source/MoodEngine.mc" id="92" lineNum="90" parent="globals/MoodEngine" pc="268445038" symbol="&lt;globals/MoodEngine/&lt;&gt;selectState&gt;"/>
        <entry filename="/Users/erdalgunes/garmin-jailbot/source/MoodEngine.mc" id="92" lineNum="91" parent="globals/MoodEngine" pc="268445060" symbol="&lt;globals/MoodEngine/&lt;&gt;selectState&gt;"/>
        <entry filename="/Users/erdalgunes/garmin-jailbot/source/MoodEngine.mc" id="92" lineNum="92" parent="globals/MoodEngine" pc="268445064" symbol="&lt;globals/MoodEngine/&lt;&gt;selectState&gt;"/>
        <entry filename="/Users/erdalgunes/garmin-jailbot/source/MoodEngine.mc" id="92" lineNum="96" parent="globals/MoodEngine" pc="268445081" symbol="&lt;globals/MoodEngine/&lt;&gt;selectState&gt;"/>
        <entry filename="/Users/erdalgunes/garmin-jailbot/source/MoodSystem.mc" id="93" lineNum="292" parent="globals/FocusedState" pc="268445113" symbol="score"/>
        <entry filename="/Users/erdalgunes/garmin-jailbot/source/MoodSystem.mc" id="93" lineNum="293" parent="globals/FocusedState" pc="268445115" symbol="score"/>
        <entry filename="/Users/erdalgunes/garmin-jailbot/source/MoodSystem.mc" id="93" lineNum="293" parent="globals/FocusedState" pc="268445139" symbol="score"/>
        <entry filename="/Users/erdalgunes/garmin-jailbot/source/MoodSystem.mc" id="93" lineNum="294" parent="globals/FocusedState" pc="268445148" symbol="score"/>
        <entry filename="/Users/erdalgunes/garmin-jailbot/source/MoodSystem.mc" id="94" lineNum="307" parent="globals/FocusedState" pc="268445150" symbol="getExpression"/>
        <entry filename="/Users/erdalgunes/garmin-jailbot/source/MoodSystem.mc" id="94" lineNum="308" parent="globals/FocusedState" pc="268445152" symbol="getExpression"/>
        <entry filename="/Users/erdalgunes/garmin-jailbot/source/MoodSystem.mc" id="95" lineNum="297" parent="globals/FocusedState" pc="268445237" symbol="blinkProfile"/>
        <entry filename="/Users/erdalgunes/garmin-jailbot/source/MoodSystem.mc" id="95" lineNum="298" parent="globals/FocusedState" pc="268445239" symbol="blinkProfile"/>
        <entry filename="/Users/erdalgunes/garmin-jailbot/source/MoodSystem.mc" id="96" lineNum="320" parent="globals/FocusedState" pc="268445293" symbol="getEmoticon"/>
        <entry filename="/Users/erdalgunes/garmin-jailbot/source/MoodSystem.mc" id="96" lineNum="321" parent="globals/FocusedState" pc="268445295" symbol="getEmoticon"/>
        <entry filename="/Users/erdalgunes/garmin-jailbot/source/MoodSystem.mc" id="97" lineNum="290" parent="globals/FocusedState" pc="268445301" symbol="id"/>
        <entry filename="/Users/erdalgunes/garmin-jailbot/source/MoodSystem.mc" id="97" lineNum="290" parent="globals/FocusedState" pc="268445303" symbol="id"/>
        <entry filename="/Users/erdalgunes/garmin-jailbot/source/MoodSystem.mc" id="99" lineNum="103" parent="globals/MoodContext" pc="268445309" symbol="&lt;globals/MoodContext/&lt;&gt;clamp01&gt;"/>
        <entry filename="/Users/erdalgunes/garmin-jailbot/source/MoodSystem.mc" id="99" lineNum="104" parent="globals/MoodContext" pc="268445311" symbol="&lt;globals/MoodContext/&lt;&gt;clamp01&gt;"/>
        <entry filename="/Users/erdalgunes/garmin-jailbot/source/MoodSystem.mc" id="99" lineNum="104" parent="globals/MoodContext" pc="268445318" symbol="&lt;globals/MoodContext/&lt;&gt;clamp01&gt;"/>
        <entry filename="/Users/erdalgunes/garmin-jailbot/source/MoodSystem.mc" id="99" lineNum="105" parent="globals/MoodContext" pc="268445323" symbol="&lt;globals/MoodContext/&lt;&gt;clamp01&gt;"/>
        <entry filename="/Users/erdalgunes/garmin-jailbot/source/MoodSystem.mc" id="99" lineNum="105" parent="globals/MoodContext" pc="268445331" symbol="&lt;globals/MoodContext/&lt;&gt;clamp01&gt;"/>
        <entry filename="/Users/erdalgunes/garmin-jailbot/source/MoodSystem.mc" id="99" lineNum="106" parent="globals/MoodContext" pc="268445340" symbol="&lt;globals/MoodContext/&lt;&gt;clamp01&gt;"/>
        <entry filename="/Users/erdalgunes/garmin-jailbot/source/MoodSystem.mc" id="100" lineNum="109" parent="globals/MoodContext" pc="268445348" symbol="&lt;globals/MoodContext/&lt;&gt;getTimeAdjustedGoal&gt;"/>
        <entry filename="/Users/erdalgunes/garmin-jailbot/source/MoodSystem.mc" id="100" lineNum="110" parent="globals/MoodContext" pc="268445351" symbol="&lt;globals/MoodContext/&lt;&gt;getTimeAdjustedGoal&gt;"/>
        <entry filename="/Users/erdalgunes/garmin-jailbot/source/MoodSystem.mc" id="100" lineNum="111" parent="globals/MoodContext" pc="268445363" symbol="&lt;globals/MoodContext/&lt;&gt;getTimeAdjustedGoal&gt;"/>
        <entry filename="/Users/erdalgunes/garmin-jailbot/source/MoodSystem.mc" id="100" lineNum="114" parent="globals/MoodContext" pc="268445371" symbol="&lt;globals/MoodContext/&lt;&gt;getTimeAdjustedGoal&gt;"/>
        <entry filename="/Users/erdalgunes/garmin-jailbot/source/MoodSystem.mc" id="100" lineNum="115" parent="globals/MoodContext" pc="268445379" symbol="&lt;globals/MoodContext/&lt;&gt;getTimeAdjustedGoal&gt;"/>
        <entry filename="/Users/erdalgunes/garmin-jailbot/source/MoodSystem.mc" id="100" lineNum="117" parent="globals/MoodContext" pc="268445391" symbol="&lt;globals/MoodContext/&lt;&gt;getTimeAdjustedGoal&gt;"/>
        <entry filename="/Users/erdalgunes/garmin-jailbot/source/MoodSystem.mc" id="101" lineNum="81" parent="globals/MoodContext" pc="268445394" symbol="initialize"/>
        <entry filename="/Users/erdalgunes/garmin-jailbot/source/MoodSystem.mc" id="101" lineNum="82" parent="globals/MoodContext" pc="268445397" symbol="initialize"/>
        <entry filename="/Users/erdalgunes/garmin-jailbot/source/MoodSystem.mc" id="101" lineNum="83" parent="globals/MoodContext" pc="268445426" symbol="initialize"/>
        <entry filename="/Users/erdalgunes/garmin-jailbot/source/MoodSystem.mc" id="101" lineNum="85" parent="globals/MoodContext" pc="268445455" symbol="initialize"/>
        <entry filename="/Users/erdalgunes/garmin-jailbot/source/MoodSystem.mc" id="101" lineNum="86" parent="globals/MoodContext" pc="268445484" symbol="initialize"/>
        <entry filename="/Users/erdalgunes/garmin-jailbot/source/MoodSystem.mc" id="101" lineNum="87" parent="globals/MoodContext" pc="268445496" symbol="initialize"/>
        <entry filename="/Users/erdalgunes/garmin-jailbot/source/MoodSystem.mc" id="101" lineNum="89" parent="globals/MoodContext" pc="268445520" symbol="initialize"/>
        <entry filename="/Users/erdalgunes/garmin-jailbot/source/MoodSystem.mc" id="101" lineNum="90" parent="globals/MoodContext" pc="268445544" symbol="initialize"/>
        <entry filename="/Users/erdalgunes/garmin-jailbot/source/MoodSystem.mc" id="101" lineNum="91" parent="globals/MoodContext" pc="268445559" symbol="initialize"/>
        <entry filename="/Users/erdalgunes/garmin-jailbot/source/MoodSystem.mc" id="101" lineNum="92" parent="globals/MoodContext" pc="268445574" symbol="initialize"/>
        <entry filename="/Users/erdalgunes/garmin-jailbot/source/MoodSystem.mc" id="101" lineNum="93" parent="globals/MoodContext" pc="268445589" symbol="initialize"/>
        <entry filename="/Users/erdalgunes/garmin-jailbot/source/MoodSystem.mc" id="101" lineNum="94" parent="globals/MoodContext" pc="268445604" symbol="initialize"/>
        <entry filename="/Users/erdalgunes/garmin-jailbot/source/MoodSystem.mc" id="101" lineNum="97" parent="globals/MoodContext" pc="268445619" symbol="initialize"/>
        <entry filename="/Users/erdalgunes/garmin-jailbot/source/MoodSystem.mc" id="101" lineNum="98" parent="globals/MoodContext" pc="268445648" symbol="initialize"/>
        <entry filename="/Users/erdalgunes/garmin-jailbot/source/MoodSystem.mc" id="101" lineNum="100" parent="globals/MoodContext" pc="268445708" symbol="initialize"/>
        <entry filename="/Users/erdalgunes/garmin-jailbot/source/MoodSystem.mc" id="102" lineNum="328" parent="globals/ChargedState" pc="268445753" symbol="score"/>
        <entry filename="/Users/erdalgunes/garmin-jailbot/source/MoodSystem.mc" id="102" lineNum="329" parent="globals/ChargedState" pc="268445755" symbol="score"/>
        <entry filename="/Users/erdalgunes/garmin-jailbot/source/MoodSystem.mc" id="102" lineNum="330" parent="globals/ChargedState" pc="268445800" symbol="score"/>
        <entry filename="/Users/erdalgunes/garmin-jailbot/source/MoodSystem.mc" id="102" lineNum="332" parent="globals/ChargedState" pc="268445809" symbol="score"/>
        <entry filename="/Users/erdalgunes/garmin-jailbot/source/MoodSystem.mc" id="103" lineNum="345" parent="globals/ChargedState" pc="268445811" symbol="getExpression"/>
        <entry filename="/Users/erdalgunes/garmin-jailbot/source/MoodSystem.mc" id="103" lineNum="346" parent="globals/ChargedState" pc="268445813" symbol="getExpression"/>
        <entry filename="/Users/erdalgunes/garmin-jailbot/source/MoodSystem.mc" id="104" lineNum="335" parent="globals/ChargedState" pc="268445902" symbol="blinkProfile"/>
        <entry filename="/Users/erdalgunes/garmin-jailbot/source/MoodSystem.mc" id="104" lineNum="336" parent="globals/ChargedState" pc="268445904" symbol="blinkProfile"/>
        <entry filename="/Users/erdalgunes/garmin-jailbot/source/MoodSystem.mc" id="105" lineNum="358" parent="globals/ChargedState" pc="268445962" symbol="getEmoticon"/>
        <entry filename="/Users/erdalgunes/garmin-jailbot/source/MoodSystem.mc" id="105" lineNum="359" parent="globals/ChargedState" pc="268445964" symbol="getEmoticon"/>
        <entry filename="/Users/erdalgunes/garmin-jailbot/source/MoodSystem.mc" id="106" lineNum="326" parent="globals/ChargedState" pc="268445970" symbol="id"/>
        <entry filename="/Users/erdalgunes/garmin-jailbot/source/MoodSystem.mc" id="106" lineNum="326" parent="globals/ChargedState" pc="268445972" symbol="id"/>
        <entry filename="/Users/erdalgunes/garmin-jailbot/source/HealthDataProvider.mc" id="108" lineNum="204" parent="globals/HealthDataProvider" pc="268445978" symbol="&lt;globals/HealthDataProvider/&lt;&gt;wasActiveRecently&gt;"/>
        <entry filename="/Users/erdalgunes/garmin-jailbot/source/HealthDataProvider.mc" id="108" lineNum="207" parent="globals/HealthDataProvider" pc="268445980" symbol="&lt;globals/HealthDataProvider/&lt;&gt;wasActiveRecently&gt;"/>
        <entry filename="/Users/erdalgunes/garmin-jailbot/source/HealthDataProvider.mc" id="109" lineNum="210" parent="globals/HealthDataProvider" pc="268445982" symbol="&lt;globals/HealthDataProvider/&lt;&gt;estimateSleepQuality&gt;"/>
        <entry filename="/Users/erdalgunes/garmin-jailbot/source/HealthDataProvider.mc" id="109" lineNum="211" parent="globals/HealthDataProvider" pc="268445985" symbol="&lt;globals/HealthDataProvider/&lt;&gt;estimateSleepQuality&gt;"/>
        <entry filename="/Users/erdalgunes/garmin-jailbot/source/HealthDataProvider.mc" id="109" lineNum="215" parent="globals/HealthDataProvider" pc="268445992" symbol="&lt;globals/HealthDataProvider/&lt;&gt;estimateSleepQuality&gt;"/>
        <entry filename="/Users/erdalgunes/garmin-jailbot/source/HealthDataProvider.mc" id="109" lineNum="216" parent="globals/HealthDataProvider" pc="268446004" symbol="&lt;globals/HealthDataProvider/&lt;&gt;estimateSleepQuality&gt;"/>
        <entry filename="/Users/erdalgunes/garmin-jailbot/source/HealthDataProvider.mc" id="109" lineNum="219" parent="globals/HealthDataProvider" pc="268446012" symbol="&lt;globals/HealthDataProvider/&lt;&gt;estimateSleepQuality&gt;"/>
        <entry filename="/Users/erdalgunes/garmin-jailbot/source/HealthDataProvider.mc" id="109" lineNum="220" parent="globals/HealthDataProvider" pc="268446028" symbol="&lt;globals/HealthDataProvider/&lt;&gt;estimateSleepQuality&gt;"/>
        <entry filename="/Users/erdalgunes/garmin-jailbot/source/HealthDataProvider.mc" id="109" lineNum="221" parent="globals/HealthDataProvider" pc="268446036" symbol="&lt;globals/HealthDataProvider/&lt;&gt;estimateSleepQuality&gt;"/>
        <entry filename="/Users/erdalgunes/garmin-jailbot/source/HealthDataProvider.mc" id="109" lineNum="224" parent="globals/HealthDataProvider" pc="268446049" symbol="&lt;globals/HealthDataProvider/&lt;&gt;estimateSleepQuality&gt;"/>
        <entry filename="/Users/erdalgunes/garmin-jailbot/source/HealthDataProvider.mc" id="109" lineNum="227" parent="globals/HealthDataProvider" pc="268446062" symbol="&lt;globals/HealthDataProvider/&lt;&gt;estimateSleepQuality&gt;"/>
        <entry filename="/Users/erdalgunes/garmin-jailbot/source/HealthDataProvider.mc" id="109" lineNum="228" parent="globals/HealthDataProvider" pc="268446066" symbol="&lt;globals/HealthDataProvider/&lt;&gt;estimateSleepQuality&gt;"/>
        <entry filename="/Users/erdalgunes/garmin-jailbot/source/HealthDataProvider.mc" id="109" lineNum="231" parent="globals/HealthDataProvider" pc="268446104" symbol="&lt;globals/HealthDataProvider/&lt;&gt;estimateSleepQuality&gt;"/>
        <entry filename="/Users/erdalgunes/garmin-jailbot/source/HealthDataProvider.mc" id="110" lineNum="168" parent="globals/HealthDataProvider" pc="268446107" symbol="&lt;globals/HealthDataProvider/&lt;&gt;getActivityStatus&gt;"/>
        <entry filename="/Users/erdalgunes/garmin-jailbot/source/HealthDataProvider.mc" id="110" lineNum="169" parent="globals/HealthDataProvider" pc="268446110" symbol="&lt;globals/HealthDataProvider/&lt;&gt;getActivityStatus&gt;"/>
        <entry filename="/Users/erdalgunes/garmin-jailbot/source/HealthDataProvider.mc" id="110" lineNum="170" parent="globals/HealthDataProvider" pc="268446113" symbol="&lt;globals/HealthDataProvider/&lt;&gt;getActivityStatus&gt;"/>
        <entry filename="/Users/erdalgunes/garmin-jailbot/source/HealthDataProvider.mc" id="110" lineNum="176" parent="globals/HealthDataProvider" pc="268446116" symbol="&lt;globals/HealthDataProvider/&lt;&gt;getActivityStatus&gt;"/>
        <entry filename="/Users/erdalgunes/garmin-jailbot/source/HealthDataProvider.mc" id="110" lineNum="177" parent="globals/HealthDataProvider" pc="268446124" symbol="&lt;globals/HealthDataProvider/&lt;&gt;getActivityStatus&gt;"/>
        <entry filename="/Users/erdalgunes/garmin-jailbot/source/HealthDataProvider.mc" id="110" lineNum="180" parent="globals/HealthDataProvider" pc="268446143" symbol="&lt;globals/HealthDataProvider/&lt;&gt;getActivityStatus&gt;"/>
        <entry filename="/Users/erdalgunes/garmin-jailbot/source/HealthDataProvider.mc" id="110" lineNum="183" parent="globals/HealthDataProvider" pc="268446150" symbol="&lt;globals/HealthDataProvider/&lt;&gt;getActivityStatus&gt;"/>
        <entry filename="/Users/erdalgunes/garmin-jailbot/source/HealthDataProvider.mc" id="110" lineNum="184" parent="globals/HealthDataProvider" pc="268446162" symbol="&lt;globals/HealthDataProvider/&lt;&gt;getActivityStatus&gt;"/>
        <entry filename="/Users/erdalgunes/garmin-jailbot/source/HealthDataProvider.mc" id="110" lineNum="185" parent="globals/HealthDataProvider" pc="268446172" symbol="&lt;globals/HealthDataProvider/&lt;&gt;getActivityStatus&gt;"/>
        <entry filename="/Users/erdalgunes/garmin-jailbot/source/HealthDataProvider.mc" id="110" lineNum="186" parent="globals/HealthDataProvider" pc="268446182" symbol="&lt;globals/HealthDataProvider/&lt;&gt;getActivityStatus&gt;"/>
        <entry filename="/Users/erdalgunes/garmin-jailbot/source/HealthDataProvider.mc" id="110" lineNum="190" parent="globals/HealthDataProvider" pc="268446194" symbol="&lt;globals/HealthDataProvider/&lt;&gt;getActivityStatus&gt;"/>
        <entry filename="/Users/erdalgunes/garmin-jailbot/source/HealthDataProvider.mc" id="110" lineNum="191" parent="globals/HealthDataProvider" pc="268446209" symbol="&lt;globals/HealthDataProvider/&lt;&gt;getActivityStatus&gt;"/>
        <entry filename="/Users/erdalgunes/garmin-jailbot/source/HealthDataProvider.mc" id="110" lineNum="194" parent="globals/HealthDataProvider" pc="268446227" symbol="&lt;globals/HealthDataProvider/&lt;&gt;getActivityStatus&gt;"/>
        <entry filename="/Users/erdalgunes/garmin-jailbot/source/HealthDataProvider.mc" id="110" lineNum="195" parent="globals/HealthDataProvider" pc="268446231" symbol="&lt;globals/HealthDataProvider/&lt;&gt;getActivityStatus&gt;"/>
        <entry filename="/Users/erdalgunes/garmin-jailbot/source/HealthDataProvider.mc" id="110" lineNum="198" parent="globals/HealthDataProvider" pc="268446269" symbol="&lt;globals/HealthDataProvider/&lt;&gt;getActivityStatus&gt;"/>
        <entry filename="/Users/erdalgunes/garmin-jailbot/source/HealthDataProvider.mc" id="111" lineNum="234" parent="globals/HealthDataProvider" pc="268446291" symbol="&lt;globals/HealthDataProvider/&lt;&gt;detectAchievements&gt;"/>
        <entry filename="/Users/erdalgunes/garmin-jailbot/source/HealthDataProvider.mc" id="111" lineNum="235" parent="globals/HealthDataProvider" pc="268446294" symbol="&lt;globals/HealthDataProvider/&lt;&gt;detectAchievements&gt;"/>
        <entry filename="/Users/erdalgunes/garmin-jailbot/source/HealthDataProvider.mc" id="111" lineNum="238" parent="globals/HealthDataProvider" pc="268446297" symbol="&lt;globals/HealthDataProvider/&lt;&gt;detectAchievements&gt;"/>
        <entry filename="/Users/erdalgunes/garmin-jailbot/source/HealthDataProvider.mc" id="111" lineNum="239" parent="globals/HealthDataProvider" pc="268446320" symbol="&lt;globals/HealthDataProvider/&lt;&gt;detectAchievements&gt;"/>
        <entry filename="/Users/erdalgunes/garmin-jailbot/source/HealthDataProvider.mc" id="111" lineNum="240" parent="globals/HealthDataProvider" pc="268446323" symbol="&lt;globals/HealthDataProvider/&lt;&gt;detectAchievements&gt;"/>
        <entry filename="/Users/erdalgunes/garmin-jailbot/source/HealthDataProvider.mc" id="111" lineNum="241" parent="globals/HealthDataProvider" pc="268446335" symbol="&lt;globals/HealthDataProvider/&lt;&gt;detectAchievements&gt;"/>
        <entry filename="/Users/erdalgunes/garmin-jailbot/source/HealthDataProvider.mc" id="111" lineNum="245" parent="globals/HealthDataProvider" pc="268446356" symbol="&lt;globals/HealthDataProvider/&lt;&gt;detectAchievements&gt;"/>
        <entry filename="/Users/erdalgunes/garmin-jailbot/source/HealthDataProvider.mc" id="111" lineNum="246" parent="globals/HealthDataProvider" pc="268446373" symbol="&lt;globals/HealthDataProvider/&lt;&gt;detectAchievements&gt;"/>
        <entry filename="/Users/erdalgunes/garmin-jailbot/source/HealthDataProvider.mc" id="111" lineNum="249" parent="globals/HealthDataProvider" pc="268446388" symbol="&lt;globals/HealthDataProvider/&lt;&gt;detectAchievements&gt;"/>
        <entry filename="/Users/erdalgunes/garmin-jailbot/source/HealthDataProvider.mc" id="111" lineNum="251" parent="globals/HealthDataProvider" pc="268446401" symbol="&lt;globals/HealthDataProvider/&lt;&gt;detectAchievements&gt;"/>
        <entry filename="/Users/erdalgunes/garmin-jailbot/source/HealthDataProvider.mc" id="112" lineNum="85" parent="globals/HealthDataProvider" pc="268446404" symbol="&lt;globals/HealthDataProvider/&lt;&gt;getStressLevel&gt;"/>
        <entry filename="/Users/erdalgunes/garmin-jailbot/source/HealthDataProvider.mc" id="112" lineNum="88" parent="globals/HealthDataProvider" pc="268446407" symbol="&lt;globals/HealthDataProvider/&lt;&gt;getStressLevel&gt;"/>
        <entry filename="/Users/erdalgunes/garmin-jailbot/source/HealthDataProvider.mc" id="112" lineNum="89" parent="globals/HealthDataProvider" pc="268446415" symbol="&lt;globals/HealthDataProvider/&lt;&gt;getStressLevel&gt;"/>
        <entry filename="/Users/erdalgunes/garmin-jailbot/source/HealthDataProvider.mc" id="113" lineNum="144" parent="globals/HealthDataProvider" pc="268446418" symbol="&lt;globals/HealthDataProvider/&lt;&gt;estimateBodyBattery&gt;"/>
        <entry filename="/Users/erdalgunes/garmin-jailbot/source/HealthDataProvider.mc" id="113" lineNum="146" parent="globals/HealthDataProvider" pc="268446421" symbol="&lt;globals/HealthDataProvider/&lt;&gt;estimateBodyBattery&gt;"/>
        <entry filename="/Users/erdalgunes/garmin-jailbot/source/HealthDataProvider.mc" id="113" lineNum="147" parent="globals/HealthDataProvider" pc="268446433" symbol="&lt;globals/HealthDataProvider/&lt;&gt;estimateBodyBattery&gt;"/>
        <entry filename="/Users/erdalgunes/garmin-jailbot/source/HealthDataProvider.mc" id="113" lineNum="150" parent="globals/HealthDataProvider" pc="268446441" symbol="&lt;globals/HealthDataProvider/&lt;&gt;estimateBodyBattery&gt;"/>
        <entry filename="/Users/erdalgunes/garmin-jailbot/source/HealthDataProvider.mc" id="113" lineNum="153" parent="globals/HealthDataProvider" pc="268446454" symbol="&lt;globals/HealthDataProvider/&lt;&gt;estimateBodyBattery&gt;"/>
        <entry filename="/Users/erdalgunes/garmin-jailbot/source/HealthDataProvider.mc" id="113" lineNum="154" parent="globals/HealthDataProvider" pc="268446466" symbol="&lt;globals/HealthDataProvider/&lt;&gt;estimateBodyBattery&gt;"/>
        <entry filename="/Users/erdalgunes/garmin-jailbot/source/HealthDataProvider.mc" id="113" lineNum="155" parent="globals/HealthDataProvider" pc="268446488" symbol="&lt;globals/HealthDataProvider/&lt;&gt;estimateBodyBattery&gt;"/>
        <entry filename="/Users/erdalgunes/garmin-jailbot/source/HealthDataProvider.mc" id="113" lineNum="157" parent="globals/HealthDataProvider" pc="268446512" symbol="&lt;globals/HealthDataProvider/&lt;&gt;estimateBodyBattery&gt;"/>
        <entry filename="/Users/erdalgunes/garmin-jailbot/source/HealthDataProvider.mc" id="113" lineNum="158" parent="globals/HealthDataProvider" pc="268446515" symbol="&lt;globals/HealthDataProvider/&lt;&gt;estimateBodyBattery&gt;"/>
        <entry filename="/Users/erdalgunes/garmin-jailbot/source/HealthDataProvider.mc" id="113" lineNum="159" parent="globals/HealthDataProvider" pc="268446529" symbol="&lt;globals/HealthDataProvider/&lt;&gt;estimateBodyBattery&gt;"/>
        <entry filename="/Users/erdalgunes/garmin-jailbot/source/HealthDataProvider.mc" id="113" lineNum="160" parent="globals/HealthDataProvider" pc="268446536" symbol="&lt;globals/HealthDataProvider/&lt;&gt;estimateBodyBattery&gt;"/>
        <entry filename="/Users/erdalgunes/garmin-jailbot/source/HealthDataProvider.mc" id="113" lineNum="161" parent="globals/HealthDataProvider" pc="268446550" symbol="&lt;globals/HealthDataProvider/&lt;&gt;estimateBodyBattery&gt;"/>
        <entry filename="/Users/erdalgunes/garmin-jailbot/source/HealthDataProvider.mc" id="113" lineNum="164" parent="globals/HealthDataProvider" pc="268446557" symbol="&lt;globals/HealthDataProvider/&lt;&gt;estimateBodyBattery&gt;"/>
        <entry filename="/Users/erdalgunes/garmin-jailbot/source/HealthDataProvider.mc" id="113" lineNum="165" parent="globals/HealthDataProvider" pc="268446564" symbol="&lt;globals/HealthDataProvider/&lt;&gt;estimateBodyBattery&gt;"/>
        <entry filename="/Users/erdalgunes/garmin-jailbot/source/HealthDataProvider.mc" id="114" lineNum="273" parent="globals/HealthDataProvider" pc="268446591" symbol="updateRestingHRBaseline"/>
        <entry filename="/Users/erdalgunes/garmin-jailbot/source/HealthDataProvider.mc" id="114" lineNum="274" parent="globals/HealthDataProvider" pc="268446594" symbol="updateRestingHRBaseline"/>
        <entry filename="/Users/erdalgunes/garmin-jailbot/source/HealthDataProvider.mc" id="114" lineNum="276" parent="globals/HealthDataProvider" pc="268446615" symbol="updateRestingHRBaseline"/>
        <entry filename="/Users/erdalgunes/garmin-jailbot/source/HealthDataProvider.mc" id="114" lineNum="277" parent="globals/HealthDataProvider" pc="268446622" symbol="updateRestingHRBaseline"/>
        <entry filename="/Users/erdalgunes/garmin-jailbot/source/HealthDataProvider.mc" id="115" lineNum="109" parent="globals/HealthDataProvider" pc="268446653" symbol="&lt;globals/HealthDataProvider/&lt;&gt;estimateStressFromActivity&gt;"/>
        <entry filename="/Users/erdalgunes/garmin-jailbot/source/HealthDataProvider.mc" id="115" lineNum="110" parent="globals/HealthDataProvider" pc="268446656" symbol="&lt;globals/HealthDataProvider/&lt;&gt;estimateStressFromActivity&gt;"/>
        <entry filename="/Users/erdalgunes/garmin-jailbot/source/HealthDataProvider.mc" id="115" lineNum="113" parent="globals/HealthDataProvider" pc="268446660" symbol="&lt;globals/HealthDataProvider/&lt;&gt;estimateStressFromActivity&gt;"/>
        <entry filename="/Users/erdalgunes/garmin-jailbot/source/HealthDataProvider.mc" id="115" lineNum="114" parent="globals/HealthDataProvider" pc="268446672" symbol="&lt;globals/HealthDataProvider/&lt;&gt;estimateStressFromActivity&gt;"/>
        <entry filename="/Users/erdalgunes/garmin-jailbot/source/HealthDataProvider.mc" id="115" lineNum="115" parent="globals/HealthDataProvider" pc="268446684" symbol="&lt;globals/HealthDataProvider/&lt;&gt;estimateStressFromActivity&gt;"/>
        <entry filename="/Users/erdalgunes/garmin-jailbot/source/HealthDataProvider.mc" id="115" lineNum="118" parent="globals/HealthDataProvider" pc="268446692" symbol="&lt;globals/HealthDataProvider/&lt;&gt;estimateStressFromActivity&gt;"/>
        <entry filename="/Users/erdalgunes/garmin-jailbot/source/HealthDataProvider.mc" id="115" lineNum="119" parent="globals/HealthDataProvider" pc="268446708" symbol="&lt;globals/HealthDataProvider/&lt;&gt;estimateStressFromActivity&gt;"/>
        <entry filename="/Users/erdalgunes/garmin-jailbot/source/HealthDataProvider.mc" id="115" lineNum="121" parent="globals/HealthDataProvider" pc="268446718" symbol="&lt;globals/HealthDataProvider/&lt;&gt;estimateStressFromActivity&gt;"/>
        <entry filename="/Users/erdalgunes/garmin-jailbot/source/HealthDataProvider.mc" id="115" lineNum="122" parent="globals/HealthDataProvider" pc="268446734" symbol="&lt;globals/HealthDataProvider/&lt;&gt;estimateStressFromActivity&gt;"/>
        <entry filename="/Users/erdalgunes/garmin-jailbot/source/HealthDataProvider.mc" id="115" lineNum="126" parent="globals/HealthDataProvider" pc="268446744" symbol="&lt;globals/HealthDataProvider/&lt;&gt;estimateStressFromActivity&gt;"/>
        <entry filename="/Users/erdalgunes/garmin-jailbot/source/HealthDataProvider.mc" id="115" lineNum="127" parent="globals/HealthDataProvider" pc="268446766" symbol="&lt;globals/HealthDataProvider/&lt;&gt;estimateStressFromActivity&gt;"/>
        <entry filename="/Users/erdalgunes/garmin-jailbot/source/HealthDataProvider.mc" id="115" lineNum="128" parent="globals/HealthDataProvider" pc="268446780" symbol="&lt;globals/HealthDataProvider/&lt;&gt;estimateStressFromActivity&gt;"/>
        <entry filename="/Users/erdalgunes/garmin-jailbot/source/HealthDataProvider.mc" id="115" lineNum="129" parent="globals/HealthDataProvider" pc="268446789" symbol="&lt;globals/HealthDataProvider/&lt;&gt;estimateStressFromActivity&gt;"/>
        <entry filename="/Users/erdalgunes/garmin-jailbot/source/HealthDataProvider.mc" id="115" lineNum="134" parent="globals/HealthDataProvider" pc="268446802" symbol="&lt;globals/HealthDataProvider/&lt;&gt;estimateStressFromActivity&gt;"/>
        <entry filename="/Users/erdalgunes/garmin-jailbot/source/HealthDataProvider.mc" id="115" lineNum="134" parent="globals/HealthDataProvider" pc="268446809" symbol="&lt;globals/HealthDataProvider/&lt;&gt;estimateStressFromActivity&gt;"/>
        <entry filename="/Users/erdalgunes/garmin-jailbot/source/HealthDataProvider.mc" id="115" lineNum="135" parent="globals/HealthDataProvider" pc="268446815" symbol="&lt;globals/HealthDataProvider/&lt;&gt;estimateStressFromActivity&gt;"/>
        <entry filename="/Users/erdalgunes/garmin-jailbot/source/HealthDataProvider.mc" id="115" lineNum="135" parent="globals/HealthDataProvider" pc="268446823" symbol="&lt;globals/HealthDataProvider/&lt;&gt;estimateStressFromActivity&gt;"/>
        <entry filename="/Users/erdalgunes/garmin-jailbot/source/HealthDataProvider.mc" id="115" lineNum="137" parent="globals/HealthDataProvider" pc="268446836" symbol="&lt;globals/HealthDataProvider/&lt;&gt;estimateStressFromActivity&gt;"/>
        <entry filename="/Users/erdalgunes/garmin-jailbot/source/HealthDataProvider.mc" id="115" lineNum="138" parent="globals/HealthDataProvider" pc="268446840" symbol="&lt;globals/HealthDataProvider/&lt;&gt;estimateStressFromActivity&gt;"/>
        <entry filename="/Users/erdalgunes/garmin-jailbot/source/HealthDataProvider.mc" id="115" lineNum="141" parent="globals/HealthDataProvider" pc="268446878" symbol="&lt;globals/HealthDataProvider/&lt;&gt;estimateStressFromActivity&gt;"/>
        <entry filename="/Users/erdalgunes/garmin-jailbot/source/HealthDataProvider.mc" id="116" lineNum="23" parent="globals/HealthDataProvider" pc="268446881" symbol="gatherSensorData"/>
        <entry filename="/Users/erdalgunes/garmin-jailbot/source/HealthDataProvider.mc" id="116" lineNum="24" parent="globals/HealthDataProvider" pc="268446884" symbol="gatherSensorData"/>
        <entry filename="/Users/erdalgunes/garmin-jailbot/source/HealthDataProvider.mc" id="116" lineNum="27" parent="globals/HealthDataProvider" pc="268446888" symbol="gatherSensorData"/>
        <entry filename="/Users/erdalgunes/garmin-jailbot/source/HealthDataProvider.mc" id="116" lineNum="28" parent="globals/HealthDataProvider" pc="268446900" symbol="gatherSensorData"/>
        <entry filename="/Users/erdalgunes/garmin-jailbot/source/HealthDataProvider.mc" id="116" lineNum="31" parent="globals/HealthDataProvider" pc="268446912" symbol="gatherSensorData"/>
        <entry filename="/Users/erdalgunes/garmin-jailbot/source/HealthDataProvider.mc" id="116" lineNum="32" parent="globals/HealthDataProvider" pc="268446940" symbol="gatherSensorData"/>
        <entry filename="/Users/erdalgunes/garmin-jailbot/source/HealthDataProvider.mc" id="116" lineNum="35" parent="globals/HealthDataProvider" pc="268446972" symbol="gatherSensorData"/>
        <entry filename="/Users/erdalgunes/garmin-jailbot/source/HealthDataProvider.mc" id="116" lineNum="36" parent="globals/HealthDataProvider" pc="268446993" symbol="gatherSensorData"/>
        <entry filename="/Users/erdalgunes/garmin-jailbot/source/HealthDataProvider.mc" id="116" lineNum="40" parent="globals/HealthDataProvider" pc="268447009" symbol="gatherSensorData"/>
        <entry filename="/Users/erdalgunes/garmin-jailbot/source/HealthDataProvider.mc" id="116" lineNum="41" parent="globals/HealthDataProvider" pc="268447017" symbol="gatherSensorData"/>
        <entry filename="/Users/erdalgunes/garmin-jailbot/source/HealthDataProvider.mc" id="116" lineNum="42" parent="globals/HealthDataProvider" pc="268447033" symbol="gatherSensorData"/>
        <entry filename="/Users/erdalgunes/garmin-jailbot/source/HealthDataProvider.mc" id="116" lineNum="45" parent="globals/HealthDataProvider" pc="268447049" symbol="gatherSensorData"/>
        <entry filename="/Users/erdalgunes/garmin-jailbot/source/HealthDataProvider.mc" id="116" lineNum="46" parent="globals/HealthDataProvider" pc="268447063" symbol="gatherSensorData"/>
        <entry filename="/Users/erdalgunes/garmin-jailbot/source/HealthDataProvider.mc" id="116" lineNum="49" parent="globals/HealthDataProvider" pc="268447077" symbol="gatherSensorData"/>
        <entry filename="/Users/erdalgunes/garmin-jailbot/source/HealthDataProvider.mc" id="116" lineNum="50" parent="globals/HealthDataProvider" pc="268447085" symbol="gatherSensorData"/>
        <entry filename="/Users/erdalgunes/garmin-jailbot/source/HealthDataProvider.mc" id="116" lineNum="51" parent="globals/HealthDataProvider" pc="268447101" symbol="gatherSensorData"/>
        <entry filename="/Users/erdalgunes/garmin-jailbot/source/HealthDataProvider.mc" id="116" lineNum="54" parent="globals/HealthDataProvider" pc="268447117" symbol="gatherSensorData"/>
        <entry filename="/Users/erdalgunes/garmin-jailbot/source/HealthDataProvider.mc" id="116" lineNum="57" parent="globals/HealthDataProvider" pc="268447131" symbol="gatherSensorData"/>
        <entry filename="/Users/erdalgunes/garmin-jailbot/source/HealthDataProvider.mc" id="116" lineNum="60" parent="globals/HealthDataProvider" pc="268447163" symbol="gatherSensorData"/>
        <entry filename="/Users/erdalgunes/garmin-jailbot/source/HealthDataProvider.mc" id="116" lineNum="62" parent="globals/HealthDataProvider" pc="268447177" symbol="gatherSensorData"/>
        <entry filename="/Users/erdalgunes/garmin-jailbot/source/HealthDataProvider.mc" id="117" lineNum="282" parent="globals/HealthDataProvider" pc="268447180" symbol="debugSensorData"/>
        <entry filename="/Users/erdalgunes/garmin-jailbot/source/HealthDataProvider.mc" id="117" lineNum="283" parent="globals/HealthDataProvider" pc="268447183" symbol="debugSensorData"/>
        <entry filename="/Users/erdalgunes/garmin-jailbot/source/HealthDataProvider.mc" id="117" lineNum="285" parent="globals/HealthDataProvider" pc="268447191" symbol="debugSensorData"/>
        <entry filename="/Users/erdalgunes/garmin-jailbot/source/HealthDataProvider.mc" id="117" lineNum="286" parent="globals/HealthDataProvider" pc="268447209" symbol="debugSensorData"/>
        <entry filename="/Users/erdalgunes/garmin-jailbot/source/HealthDataProvider.mc" id="117" lineNum="287" parent="globals/HealthDataProvider" pc="268447251" symbol="debugSensorData"/>
        <entry filename="/Users/erdalgunes/garmin-jailbot/source/HealthDataProvider.mc" id="117" lineNum="288" parent="globals/HealthDataProvider" pc="268447299" symbol="debugSensorData"/>
        <entry filename="/Users/erdalgunes/garmin-jailbot/source/HealthDataProvider.mc" id="117" lineNum="289" parent="globals/HealthDataProvider" pc="268447326" symbol="debugSensorData"/>
        <entry filename="/Users/erdalgunes/garmin-jailbot/source/HealthDataProvider.mc" id="117" lineNum="290" parent="globals/HealthDataProvider" pc="268447353" symbol="debugSensorData"/>
        <entry filename="/Users/erdalgunes/garmin-jailbot/source/HealthDataProvider.mc" id="117" lineNum="291" parent="globals/HealthDataProvider" pc="268447380" symbol="debugSensorData"/>
        <entry filename="/Users/erdalgunes/garmin-jailbot/source/HealthDataProvider.mc" id="117" lineNum="292" parent="globals/HealthDataProvider" pc="268447407" symbol="debugSensorData"/>
        <entry filename="/Users/erdalgunes/garmin-jailbot/source/HealthDataProvider.mc" id="117" lineNum="293" parent="globals/HealthDataProvider" pc="268447434" symbol="debugSensorData"/>
        <entry filename="/Users/erdalgunes/garmin-jailbot/source/HealthDataProvider.mc" id="117" lineNum="294" parent="globals/HealthDataProvider" pc="268447461" symbol="debugSensorData"/>
        <entry filename="/Users/erdalgunes/garmin-jailbot/source/HealthDataProvider.mc" id="117" lineNum="295" parent="globals/HealthDataProvider" pc="268447488" symbol="debugSensorData"/>
        <entry filename="/Users/erdalgunes/garmin-jailbot/source/HealthDataProvider.mc" id="118" lineNum="65" parent="globals/HealthDataProvider" pc="268447507" symbol="&lt;globals/HealthDataProvider/&lt;&gt;getHeartRateData&gt;"/>
        <entry filename="/Users/erdalgunes/garmin-jailbot/source/HealthDataProvider.mc" id="118" lineNum="66" parent="globals/HealthDataProvider" pc="268447510" symbol="&lt;globals/HealthDataProvider/&lt;&gt;getHeartRateData&gt;"/>
        <entry filename="/Users/erdalgunes/garmin-jailbot/source/HealthDataProvider.mc" id="118" lineNum="70" parent="globals/HealthDataProvider" pc="268447514" symbol="&lt;globals/HealthDataProvider/&lt;&gt;getHeartRateData&gt;"/>
        <entry filename="/Users/erdalgunes/garmin-jailbot/source/HealthDataProvider.mc" id="118" lineNum="71" parent="globals/HealthDataProvider" pc="268447526" symbol="&lt;globals/HealthDataProvider/&lt;&gt;getHeartRateData&gt;"/>
        <entry filename="/Users/erdalgunes/garmin-jailbot/source/HealthDataProvider.mc" id="118" lineNum="72" parent="globals/HealthDataProvider" pc="268447548" symbol="&lt;globals/HealthDataProvider/&lt;&gt;getHeartRateData&gt;"/>
        <entry filename="/Users/erdalgunes/garmin-jailbot/source/HealthDataProvider.mc" id="118" lineNum="74" parent="globals/HealthDataProvider" pc="268447566" symbol="&lt;globals/HealthDataProvider/&lt;&gt;getHeartRateData&gt;"/>
        <entry filename="/Users/erdalgunes/garmin-jailbot/source/HealthDataProvider.mc" id="118" lineNum="76" parent="globals/HealthDataProvider" pc="268447570" symbol="&lt;globals/HealthDataProvider/&lt;&gt;getHeartRateData&gt;"/>
        <entry filename="/Users/erdalgunes/garmin-jailbot/source/HealthDataProvider.mc" id="118" lineNum="79" parent="globals/HealthDataProvider" pc="268447608" symbol="&lt;globals/HealthDataProvider/&lt;&gt;getHeartRateData&gt;"/>
        <entry filename="/Users/erdalgunes/garmin-jailbot/source/HealthDataProvider.mc" id="119" lineNum="92" parent="globals/HealthDataProvider" pc="268447633" symbol="&lt;globals/HealthDataProvider/&lt;&gt;getBodyBatteryLevel&gt;"/>
        <entry filename="/Users/erdalgunes/garmin-jailbot/source/HealthDataProvider.mc" id="119" lineNum="93" parent="globals/HealthDataProvider" pc="268447636" symbol="&lt;globals/HealthDataProvider/&lt;&gt;getBodyBatteryLevel&gt;"/>
        <entry filename="/Users/erdalgunes/garmin-jailbot/source/HealthDataProvider.mc" id="119" lineNum="97" parent="globals/HealthDataProvider" pc="268447640" symbol="&lt;globals/HealthDataProvider/&lt;&gt;getBodyBatteryLevel&gt;"/>
        <entry filename="/Users/erdalgunes/garmin-jailbot/source/HealthDataProvider.mc" id="119" lineNum="98" parent="globals/HealthDataProvider" pc="268447652" symbol="&lt;globals/HealthDataProvider/&lt;&gt;getBodyBatteryLevel&gt;"/>
        <entry filename="/Users/erdalgunes/garmin-jailbot/source/HealthDataProvider.mc" id="119" lineNum="100" parent="globals/HealthDataProvider" pc="268447663" symbol="&lt;globals/HealthDataProvider/&lt;&gt;getBodyBatteryLevel&gt;"/>
        <entry filename="/Users/erdalgunes/garmin-jailbot/source/HealthDataProvider.mc" id="119" lineNum="102" parent="globals/HealthDataProvider" pc="268447680" symbol="&lt;globals/HealthDataProvider/&lt;&gt;getBodyBatteryLevel&gt;"/>
        <entry filename="/Users/erdalgunes/garmin-jailbot/source/HealthDataProvider.mc" id="119" lineNum="103" parent="globals/HealthDataProvider" pc="268447684" symbol="&lt;globals/HealthDataProvider/&lt;&gt;getBodyBatteryLevel&gt;"/>
        <entry filename="/Users/erdalgunes/garmin-jailbot/source/HealthDataProvider.mc" id="119" lineNum="106" parent="globals/HealthDataProvider" pc="268447722" symbol="&lt;globals/HealthDataProvider/&lt;&gt;getBodyBatteryLevel&gt;"/>
        <entry filename="/Users/erdalgunes/garmin-jailbot/source/HealthDataProvider.mc" id="120" lineNum="13" parent="globals/HealthDataProvider" pc="268447725" symbol="initialize"/>
        <entry filename="/Users/erdalgunes/garmin-jailbot/source/HealthDataProvider.mc" id="120" lineNum="14" parent="globals/HealthDataProvider" pc="268447727" symbol="initialize"/>
        <entry filename="/Users/erdalgunes/garmin-jailbot/source/HealthDataProvider.mc" id="120" lineNum="15" parent="globals/HealthDataProvider" pc="268447735" symbol="initialize"/>
        <entry filename="/Users/erdalgunes/garmin-jailbot/source/HealthDataProvider.mc" id="120" lineNum="16" parent="globals/HealthDataProvider" pc="268447744" symbol="initialize"/>
        <entry filename="/Users/erdalgunes/garmin-jailbot/source/HealthDataProvider.mc" id="120" lineNum="17" parent="globals/HealthDataProvider" pc="268447754" symbol="initialize"/>
        <entry filename="/Users/erdalgunes/garmin-jailbot/source/HealthDataProvider.mc" id="121" lineNum="254" parent="globals/HealthDataProvider" pc="268447781" symbol="&lt;globals/HealthDataProvider/&lt;&gt;isInAODMode&gt;"/>
        <entry filename="/Users/erdalgunes/garmin-jailbot/source/HealthDataProvider.mc" id="121" lineNum="258" parent="globals/HealthDataProvider" pc="268447784" symbol="&lt;globals/HealthDataProvider/&lt;&gt;isInAODMode&gt;"/>
        <entry filename="/Users/erdalgunes/garmin-jailbot/source/HealthDataProvider.mc" id="121" lineNum="260" parent="globals/HealthDataProvider" pc="268447796" symbol="&lt;globals/HealthDataProvider/&lt;&gt;isInAODMode&gt;"/>
        <entry filename="/Users/erdalgunes/garmin-jailbot/source/HealthDataProvider.mc" id="121" lineNum="261" parent="globals/HealthDataProvider" pc="268447807" symbol="&lt;globals/HealthDataProvider/&lt;&gt;isInAODMode&gt;"/>
        <entry filename="/Users/erdalgunes/garmin-jailbot/source/HealthDataProvider.mc" id="121" lineNum="265" parent="globals/HealthDataProvider" pc="268447821" symbol="&lt;globals/HealthDataProvider/&lt;&gt;isInAODMode&gt;"/>
        <entry filename="/Users/erdalgunes/garmin-jailbot/source/HealthDataProvider.mc" id="121" lineNum="267" parent="globals/HealthDataProvider" pc="268447840" symbol="&lt;globals/HealthDataProvider/&lt;&gt;isInAODMode&gt;"/>
        <entry filename="/Users/erdalgunes/garmin-jailbot/source/HealthDataProvider.mc" id="121" lineNum="268" parent="globals/HealthDataProvider" pc="268447844" symbol="&lt;globals/HealthDataProvider/&lt;&gt;isInAODMode&gt;"/>
        <entry filename="/Users/erdalgunes/garmin-jailbot/source/MoodSystem.mc" id="122" lineNum="125" parent="globals/VictoryState" pc="268447863" symbol="score"/>
        <entry filename="/Users/erdalgunes/garmin-jailbot/source/MoodSystem.mc" id="122" lineNum="126" parent="globals/VictoryState" pc="268447865" symbol="score"/>
        <entry filename="/Users/erdalgunes/garmin-jailbot/source/MoodSystem.mc" id="123" lineNum="139" parent="globals/VictoryState" pc="268447884" symbol="getExpression"/>
        <entry filename="/Users/erdalgunes/garmin-jailbot/source/MoodSystem.mc" id="123" lineNum="140" parent="globals/VictoryState" pc="268447886" symbol="getExpression"/>
        <entry filename="/Users/erdalgunes/garmin-jailbot/source/MoodSystem.mc" id="124" lineNum="129" parent="globals/VictoryState" pc="268447975" symbol="blinkProfile"/>
        <entry filename="/Users/erdalgunes/garmin-jailbot/source/MoodSystem.mc" id="124" lineNum="130" parent="globals/VictoryState" pc="268447977" symbol="blinkProfile"/>
        <entry filename="/Users/erdalgunes/garmin-jailbot/source/MoodSystem.mc" id="125" lineNum="152" parent="globals/VictoryState" pc="268448035" symbol="getEmoticon"/>
        <entry filename="/Users/erdalgunes/garmin-jailbot/source/MoodSystem.mc" id="125" lineNum="153" parent="globals/VictoryState" pc="268448037" symbol="getEmoticon"/>
        <entry filename="/Users/erdalgunes/garmin-jailbot/source/MoodSystem.mc" id="126" lineNum="123" parent="globals/VictoryState" pc="268448043" symbol="id"/>
        <entry filename="/Users/erdalgunes/garmin-jailbot/source/MoodSystem.mc" id="126" lineNum="123" parent="globals/VictoryState" pc="268448045" symbol="id"/>
        <entry filename="/Users/erdalgunes/garmin-jailbot/source/JailbotWatchFaceView.mc" id="128" lineNum="212" parent="globals/JailbotWatchFaceView" pc="268448051" symbol="drawAuthenticJailbot"/>
        <entry filename="/Users/erdalgunes/garmin-jailbot/source/JailbotWatchFaceView.mc" id="128" lineNum="213" parent="globals/JailbotWatchFaceView" pc="268448054" symbol="drawAuthenticJailbot"/>
        <entry filename="/Users/erdalgunes/garmin-jailbot/source/JailbotWatchFaceView.mc" id="128" lineNum="214" parent="globals/JailbotWatchFaceView" pc="268448061" symbol="drawAuthenticJailbot"/>
        <entry filename="/Users/erdalgunes/garmin-jailbot/source/JailbotWatchFaceView.mc" id="128" lineNum="215" parent="globals/JailbotWatchFaceView" pc="268448068" symbol="drawAuthenticJailbot"/>
        <entry filename="/Users/erdalgunes/garmin-jailbot/source/JailbotWatchFaceView.mc" id="128" lineNum="217" parent="globals/JailbotWatchFaceView" pc="268448091" symbol="drawAuthenticJailbot"/>
        <entry filename="/Users/erdalgunes/garmin-jailbot/source/JailbotWatchFaceView.mc" id="128" lineNum="218" parent="globals/JailbotWatchFaceView" pc="268448103" symbol="drawAuthenticJailbot"/>
        <entry filename="/Users/erdalgunes/garmin-jailbot/source/JailbotWatchFaceView.mc" id="128" lineNum="219" parent="globals/JailbotWatchFaceView" pc="268448111" symbol="drawAuthenticJailbot"/>
        <entry filename="/Users/erdalgunes/garmin-jailbot/source/JailbotWatchFaceView.mc" id="128" lineNum="220" parent="globals/JailbotWatchFaceView" pc="268448119" symbol="drawAuthenticJailbot"/>
        <entry filename="/Users/erdalgunes/garmin-jailbot/source/JailbotWatchFaceView.mc" id="128" lineNum="223" parent="globals/JailbotWatchFaceView" pc="268448127" symbol="drawAuthenticJailbot"/>
        <entry filename="/Users/erdalgunes/garmin-jailbot/source/JailbotWatchFaceView.mc" id="128" lineNum="226" parent="globals/JailbotWatchFaceView" pc="268448144" symbol="drawAuthenticJailbot"/>
        <entry filename="/Users/erdalgunes/garmin-jailbot/source/JailbotWatchFaceView.mc" id="128" lineNum="227" parent="globals/JailbotWatchFaceView" pc="268448178" symbol="drawAuthenticJailbot"/>
        <entry filename="/Users/erdalgunes/garmin-jailbot/source/JailbotWatchFaceView.mc" id="128" lineNum="228" parent="globals/JailbotWatchFaceView" pc="268448188" symbol="drawAuthenticJailbot"/>
        <entry filename="/Users/erdalgunes/garmin-jailbot/source/JailbotWatchFaceView.mc" id="128" lineNum="229" parent="globals/JailbotWatchFaceView" pc="268448198" symbol="drawAuthenticJailbot"/>
        <entry filename="/Users/erdalgunes/garmin-jailbot/source/JailbotWatchFaceView.mc" id="128" lineNum="230" parent="globals/JailbotWatchFaceView" pc="268448220" symbol="drawAuthenticJailbot"/>
        <entry filename="/Users/erdalgunes/garmin-jailbot/source/JailbotWatchFaceView.mc" id="128" lineNum="231" parent="globals/JailbotWatchFaceView" pc="268448242" symbol="drawAuthenticJailbot"/>
        <entry filename="/Users/erdalgunes/garmin-jailbot/source/JailbotWatchFaceView.mc" id="128" lineNum="232" parent="globals/JailbotWatchFaceView" pc="268448264" symbol="drawAuthenticJailbot"/>
        <entry filename="/Users/erdalgunes/garmin-jailbot/source/JailbotWatchFaceView.mc" id="128" lineNum="233" parent="globals/JailbotWatchFaceView" pc="268448286" symbol="drawAuthenticJailbot"/>
        <entry filename="/Users/erdalgunes/garmin-jailbot/source/JailbotWatchFaceView.mc" id="128" lineNum="234" parent="globals/JailbotWatchFaceView" pc="268448298" symbol="drawAuthenticJailbot"/>
        <entry filename="/Users/erdalgunes/garmin-jailbot/source/JailbotWatchFaceView.mc" id="128" lineNum="237" parent="globals/JailbotWatchFaceView" pc="268448316" symbol="drawAuthenticJailbot"/>
        <entry filename="/Users/erdalgunes/garmin-jailbot/source/JailbotWatchFaceView.mc" id="128" lineNum="238" parent="globals/JailbotWatchFaceView" pc="268448332" symbol="drawAuthenticJailbot"/>
        <entry filename="/Users/erdalgunes/garmin-jailbot/source/JailbotWatchFaceView.mc" id="128" lineNum="239" parent="globals/JailbotWatchFaceView" pc="268448342" symbol="drawAuthenticJailbot"/>
        <entry filename="/Users/erdalgunes/garmin-jailbot/source/JailbotWatchFaceView.mc" id="128" lineNum="240" parent="globals/JailbotWatchFaceView" pc="268448352" symbol="drawAuthenticJailbot"/>
        <entry filename="/Users/erdalgunes/garmin-jailbot/source/JailbotWatchFaceView.mc" id="128" lineNum="241" parent="globals/JailbotWatchFaceView" pc="268448374" symbol="drawAuthenticJailbot"/>
        <entry filename="/Users/erdalgunes/garmin-jailbot/source/JailbotWatchFaceView.mc" id="128" lineNum="242" parent="globals/JailbotWatchFaceView" pc="268448396" symbol="drawAuthenticJailbot"/>
        <entry filename="/Users/erdalgunes/garmin-jailbot/source/JailbotWatchFaceView.mc" id="128" lineNum="243" parent="globals/JailbotWatchFaceView" pc="268448418" symbol="drawAuthenticJailbot"/>
        <entry filename="/Users/erdalgunes/garmin-jailbot/source/JailbotWatchFaceView.mc" id="128" lineNum="244" parent="globals/JailbotWatchFaceView" pc="268448440" symbol="drawAuthenticJailbot"/>
        <entry filename="/Users/erdalgunes/garmin-jailbot/source/JailbotWatchFaceView.mc" id="128" lineNum="245" parent="globals/JailbotWatchFaceView" pc="268448452" symbol="drawAuthenticJailbot"/>
        <entry filename="/Users/erdalgunes/garmin-jailbot/source/JailbotWatchFaceView.mc" id="128" lineNum="248" parent="globals/JailbotWatchFaceView" pc="268448470" symbol="drawAuthenticJailbot"/>
        <entry filename="/Users/erdalgunes/garmin-jailbot/source/JailbotWatchFaceView.mc" id="128" lineNum="249" parent="globals/JailbotWatchFaceView" pc="268448486" symbol="drawAuthenticJailbot"/>
        <entry filename="/Users/erdalgunes/garmin-jailbot/source/JailbotWatchFaceView.mc" id="128" lineNum="250" parent="globals/JailbotWatchFaceView" pc="268448496" symbol="drawAuthenticJailbot"/>
        <entry filename="/Users/erdalgunes/garmin-jailbot/source/JailbotWatchFaceView.mc" id="128" lineNum="251" parent="globals/JailbotWatchFaceView" pc="268448506" symbol="drawAuthenticJailbot"/>
        <entry filename="/Users/erdalgunes/garmin-jailbot/source/JailbotWatchFaceView.mc" id="128" lineNum="252" parent="globals/JailbotWatchFaceView" pc="268448528" symbol="drawAuthenticJailbot"/>
        <entry filename="/Users/erdalgunes/garmin-jailbot/source/JailbotWatchFaceView.mc" id="128" lineNum="253" parent="globals/JailbotWatchFaceView" pc="268448550" symbol="drawAuthenticJailbot"/>
        <entry filename="/Users/erdalgunes/garmin-jailbot/source/JailbotWatchFaceView.mc" id="128" lineNum="254" parent="globals/JailbotWatchFaceView" pc="268448572" symbol="drawAuthenticJailbot"/>
        <entry filename="/Users/erdalgunes/garmin-jailbot/source/JailbotWatchFaceView.mc" id="128" lineNum="255" parent="globals/JailbotWatchFaceView" pc="268448594" symbol="drawAuthenticJailbot"/>
        <entry filename="/Users/erdalgunes/garmin-jailbot/source/JailbotWatchFaceView.mc" id="128" lineNum="256" parent="globals/JailbotWatchFaceView" pc="268448606" symbol="drawAuthenticJailbot"/>
        <entry filename="/Users/erdalgunes/garmin-jailbot/source/JailbotWatchFaceView.mc" id="128" lineNum="259" parent="globals/JailbotWatchFaceView" pc="268448624" symbol="drawAuthenticJailbot"/>
        <entry filename="/Users/erdalgunes/garmin-jailbot/source/JailbotWatchFaceView.mc" id="128" lineNum="260" parent="globals/JailbotWatchFaceView" pc="268448634" symbol="drawAuthenticJailbot"/>
        <entry filename="/Users/erdalgunes/garmin-jailbot/source/JailbotWatchFaceView.mc" id="128" lineNum="261" parent="globals/JailbotWatchFaceView" pc="268448644" symbol="drawAuthenticJailbot"/>
        <entry filename="/Users/erdalgunes/garmin-jailbot/source/JailbotWatchFaceView.mc" id="128" lineNum="264" parent="globals/JailbotWatchFaceView" pc="268448654" symbol="drawAuthenticJailbot"/>
        <entry filename="/Users/erdalgunes/garmin-jailbot/source/JailbotWatchFaceView.mc" id="128" lineNum="265" parent="globals/JailbotWatchFaceView" pc="268448671" symbol="drawAuthenticJailbot"/>
        <entry filename="/Users/erdalgunes/garmin-jailbot/source/JailbotWatchFaceView.mc" id="128" lineNum="268" parent="globals/JailbotWatchFaceView" pc="268448694" symbol="drawAuthenticJailbot"/>
        <entry filename="/Users/erdalgunes/garmin-jailbot/source/JailbotWatchFaceView.mc" id="128" lineNum="269" parent="globals/JailbotWatchFaceView" pc="268448707" symbol="drawAuthenticJailbot"/>
        <entry filename="/Users/erdalgunes/garmin-jailbot/source/JailbotWatchFaceView.mc" id="128" lineNum="270" parent="globals/JailbotWatchFaceView" pc="268448719" symbol="drawAuthenticJailbot"/>
        <entry filename="/Users/erdalgunes/garmin-jailbot/source/JailbotWatchFaceView.mc" id="128" lineNum="273" parent="globals/JailbotWatchFaceView" pc="268448742" symbol="drawAuthenticJailbot"/>
        <entry filename="/Users/erdalgunes/garmin-jailbot/source/JailbotWatchFaceView.mc" id="128" lineNum="274" parent="globals/JailbotWatchFaceView" pc="268448752" symbol="drawAuthenticJailbot"/>
        <entry filename="/Users/erdalgunes/garmin-jailbot/source/JailbotWatchFaceView.mc" id="128" lineNum="275" parent="globals/JailbotWatchFaceView" pc="268448762" symbol="drawAuthenticJailbot"/>
        <entry filename="/Users/erdalgunes/garmin-jailbot/source/JailbotWatchFaceView.mc" id="128" lineNum="276" parent="globals/JailbotWatchFaceView" pc="268448772" symbol="drawAuthenticJailbot"/>
        <entry filename="/Users/erdalgunes/garmin-jailbot/source/JailbotWatchFaceView.mc" id="128" lineNum="278" parent="globals/JailbotWatchFaceView" pc="268448785" symbol="drawAuthenticJailbot"/>
        <entry filename="/Users/erdalgunes/garmin-jailbot/source/JailbotWatchFaceView.mc" id="128" lineNum="279" parent="globals/JailbotWatchFaceView" pc="268448798" symbol="drawAuthenticJailbot"/>
        <entry filename="/Users/erdalgunes/garmin-jailbot/source/JailbotWatchFaceView.mc" id="128" lineNum="282" parent="globals/JailbotWatchFaceView" pc="268448816" symbol="drawAuthenticJailbot"/>
        <entry filename="/Users/erdalgunes/garmin-jailbot/source/JailbotWatchFaceView.mc" id="128" lineNum="283" parent="globals/JailbotWatchFaceView" pc="268448823" symbol="drawAuthenticJailbot"/>
        <entry filename="/Users/erdalgunes/garmin-jailbot/source/JailbotWatchFaceView.mc" id="128" lineNum="284" parent="globals/JailbotWatchFaceView" pc="268448833" symbol="drawAuthenticJailbot"/>
        <entry filename="/Users/erdalgunes/garmin-jailbot/source/JailbotWatchFaceView.mc" id="128" lineNum="285" parent="globals/JailbotWatchFaceView" pc="268448840" symbol="drawAuthenticJailbot"/>
        <entry filename="/Users/erdalgunes/garmin-jailbot/source/JailbotWatchFaceView.mc" id="128" lineNum="287" parent="globals/JailbotWatchFaceView" pc="268448847" symbol="drawAuthenticJailbot"/>
        <entry filename="/Users/erdalgunes/garmin-jailbot/source/JailbotWatchFaceView.mc" id="128" lineNum="288" parent="globals/JailbotWatchFaceView" pc="268448860" symbol="drawAuthenticJailbot"/>
        <entry filename="/Users/erdalgunes/garmin-jailbot/source/JailbotWatchFaceView.mc" id="128" lineNum="291" parent="globals/JailbotWatchFaceView" pc="268448876" symbol="drawAuthenticJailbot"/>
        <entry filename="/Users/erdalgunes/garmin-jailbot/source/JailbotWatchFaceView.mc" id="128" lineNum="292" parent="globals/JailbotWatchFaceView" pc="268448880" symbol="drawAuthenticJailbot"/>
        <entry filename="/Users/erdalgunes/garmin-jailbot/source/JailbotWatchFaceView.mc" id="128" lineNum="293" parent="globals/JailbotWatchFaceView" pc="268448884" symbol="drawAuthenticJailbot"/>
        <entry filename="/Users/erdalgunes/garmin-jailbot/source/JailbotWatchFaceView.mc" id="128" lineNum="294" parent="globals/JailbotWatchFaceView" pc="268448894" symbol="drawAuthenticJailbot"/>
        <entry filename="/Users/erdalgunes/garmin-jailbot/source/JailbotWatchFaceView.mc" id="128" lineNum="295" parent="globals/JailbotWatchFaceView" pc="268448904" symbol="drawAuthenticJailbot"/>
        <entry filename="/Users/erdalgunes/garmin-jailbot/source/JailbotWatchFaceView.mc" id="128" lineNum="296" parent="globals/JailbotWatchFaceView" pc="268448917" symbol="drawAuthenticJailbot"/>
        <entry filename="/Users/erdalgunes/garmin-jailbot/source/JailbotWatchFaceView.mc" id="128" lineNum="302" parent="globals/JailbotWatchFaceView" pc="268448930" symbol="drawAuthenticJailbot"/>
        <entry filename="/Users/erdalgunes/garmin-jailbot/source/JailbotWatchFaceView.mc" id="128" lineNum="303" parent="globals/JailbotWatchFaceView" pc="268448942" symbol="drawAuthenticJailbot"/>
        <entry filename="/Users/erdalgunes/garmin-jailbot/source/JailbotWatchFaceView.mc" id="128" lineNum="304" parent="globals/JailbotWatchFaceView" pc="268448948" symbol="drawAuthenticJailbot"/>
        <entry filename="/Users/erdalgunes/garmin-jailbot/source/JailbotWatchFaceView.mc" id="128" lineNum="305" parent="globals/JailbotWatchFaceView" pc="268448961" symbol="drawAuthenticJailbot"/>
        <entry filename="/Users/erdalgunes/garmin-jailbot/source/JailbotWatchFaceView.mc" id="128" lineNum="306" parent="globals/JailbotWatchFaceView" pc="268448974" symbol="drawAuthenticJailbot"/>
        <entry filename="/Users/erdalgunes/garmin-jailbot/source/JailbotWatchFaceView.mc" id="128" lineNum="311" parent="globals/JailbotWatchFaceView" pc="268449005" symbol="drawAuthenticJailbot"/>
        <entry filename="/Users/erdalgunes/garmin-jailbot/source/JailbotWatchFaceView.mc" id="128" lineNum="312" parent="globals/JailbotWatchFaceView" pc="268449017" symbol="drawAuthenticJailbot"/>
        <entry filename="/Users/erdalgunes/garmin-jailbot/source/JailbotWatchFaceView.mc" id="128" lineNum="313" parent="globals/JailbotWatchFaceView" pc="268449030" symbol="drawAuthenticJailbot"/>
        <entry filename="/Users/erdalgunes/garmin-jailbot/source/JailbotWatchFaceView.mc" id="128" lineNum="314" parent="globals/JailbotWatchFaceView" pc="268449043" symbol="drawAuthenticJailbot"/>
        <entry filename="/Users/erdalgunes/garmin-jailbot/source/JailbotWatchFaceView.mc" id="128" lineNum="319" parent="globals/JailbotWatchFaceView" pc="268449071" symbol="drawAuthenticJailbot"/>
        <entry filename="/Users/erdalgunes/garmin-jailbot/source/JailbotWatchFaceView.mc" id="128" lineNum="320" parent="globals/JailbotWatchFaceView" pc="268449083" symbol="drawAuthenticJailbot"/>
        <entry filename="/Users/erdalgunes/garmin-jailbot/source/JailbotWatchFaceView.mc" id="128" lineNum="321" parent="globals/JailbotWatchFaceView" pc="268449089" symbol="drawAuthenticJailbot"/>
        <entry filename="/Users/erdalgunes/garmin-jailbot/source/JailbotWatchFaceView.mc" id="128" lineNum="322" parent="globals/JailbotWatchFaceView" pc="268449102" symbol="drawAuthenticJailbot"/>
        <entry filename="/Users/erdalgunes/garmin-jailbot/source/JailbotWatchFaceView.mc" id="128" lineNum="323" parent="globals/JailbotWatchFaceView" pc="268449115" symbol="drawAuthenticJailbot"/>
        <entry filename="/Users/erdalgunes/garmin-jailbot/source/JailbotWatchFaceView.mc" id="128" lineNum="328" parent="globals/JailbotWatchFaceView" pc="268449146" symbol="drawAuthenticJailbot"/>
        <entry filename="/Users/erdalgunes/garmin-jailbot/source/JailbotWatchFaceView.mc" id="128" lineNum="329" parent="globals/JailbotWatchFaceView" pc="268449158" symbol="drawAuthenticJailbot"/>
        <entry filename="/Users/erdalgunes/garmin-jailbot/source/JailbotWatchFaceView.mc" id="128" lineNum="330" parent="globals/JailbotWatchFaceView" pc="268449171" symbol="drawAuthenticJailbot"/>
        <entry filename="/Users/erdalgunes/garmin-jailbot/source/JailbotWatchFaceView.mc" id="128" lineNum="331" parent="globals/JailbotWatchFaceView" pc="268449184" symbol="drawAuthenticJailbot"/>
        <entry filename="/Users/erdalgunes/garmin-jailbot/source/JailbotWatchFaceView.mc" id="128" lineNum="335" parent="globals/JailbotWatchFaceView" pc="268449212" symbol="drawAuthenticJailbot"/>
        <entry filename="/Users/erdalgunes/garmin-jailbot/source/JailbotWatchFaceView.mc" id="128" lineNum="336" parent="globals/JailbotWatchFaceView" pc="268449224" symbol="drawAuthenticJailbot"/>
        <entry filename="/Users/erdalgunes/garmin-jailbot/source/JailbotWatchFaceView.mc" id="128" lineNum="337" parent="globals/JailbotWatchFaceView" pc="268449236" symbol="drawAuthenticJailbot"/>
        <entry filename="/Users/erdalgunes/garmin-jailbot/source/JailbotWatchFaceView.mc" id="128" lineNum="338" parent="globals/JailbotWatchFaceView" pc="268449249" symbol="drawAuthenticJailbot"/>
        <entry filename="/Users/erdalgunes/garmin-jailbot/source/JailbotWatchFaceView.mc" id="128" lineNum="339" parent="globals/JailbotWatchFaceView" pc="268449262" symbol="drawAuthenticJailbot"/>
        <entry filename="/Users/erdalgunes/garmin-jailbot/source/JailbotWatchFaceView.mc" id="129" lineNum="559" parent="globals/JailbotWatchFaceView" pc="268449301" symbol="drawStaticJailbotFace"/>
        <entry filename="/Users/erdalgunes/garmin-jailbot/source/JailbotWatchFaceView.mc" id="129" lineNum="561" parent="globals/JailbotWatchFaceView" pc="268449304" symbol="drawStaticJailbotFace"/>
        <entry filename="/Users/erdalgunes/garmin-jailbot/source/JailbotWatchFaceView.mc" id="129" lineNum="562" parent="globals/JailbotWatchFaceView" pc="268449311" symbol="drawStaticJailbotFace"/>
        <entry filename="/Users/erdalgunes/garmin-jailbot/source/JailbotWatchFaceView.mc" id="129" lineNum="563" parent="globals/JailbotWatchFaceView" pc="268449318" symbol="drawStaticJailbotFace"/>
        <entry filename="/Users/erdalgunes/garmin-jailbot/source/JailbotWatchFaceView.mc" id="129" lineNum="564" parent="globals/JailbotWatchFaceView" pc="268449328" symbol="drawStaticJailbotFace"/>
        <entry filename="/Users/erdalgunes/garmin-jailbot/source/JailbotWatchFaceView.mc" id="129" lineNum="565" parent="globals/JailbotWatchFaceView" pc="268449338" symbol="drawStaticJailbotFace"/>
        <entry filename="/Users/erdalgunes/garmin-jailbot/source/JailbotWatchFaceView.mc" id="129" lineNum="567" parent="globals/JailbotWatchFaceView" pc="268449348" symbol="drawStaticJailbotFace"/>
        <entry filename="/Users/erdalgunes/garmin-jailbot/source/JailbotWatchFaceView.mc" id="129" lineNum="568" parent="globals/JailbotWatchFaceView" pc="268449364" symbol="drawStaticJailbotFace"/>
        <entry filename="/Users/erdalgunes/garmin-jailbot/source/JailbotWatchFaceView.mc" id="129" lineNum="569" parent="globals/JailbotWatchFaceView" pc="268449390" symbol="drawStaticJailbotFace"/>
        <entry filename="/Users/erdalgunes/garmin-jailbot/source/JailbotWatchFaceView.mc" id="129" lineNum="571" parent="globals/JailbotWatchFaceView" pc="268449416" symbol="drawStaticJailbotFace"/>
        <entry filename="/Users/erdalgunes/garmin-jailbot/source/JailbotWatchFaceView.mc" id="129" lineNum="572" parent="globals/JailbotWatchFaceView" pc="268449426" symbol="drawStaticJailbotFace"/>
        <entry filename="/Users/erdalgunes/garmin-jailbot/source/JailbotWatchFaceView.mc" id="129" lineNum="573" parent="globals/JailbotWatchFaceView" pc="268449433" symbol="drawStaticJailbotFace"/>
        <entry filename="/Users/erdalgunes/garmin-jailbot/source/JailbotWatchFaceView.mc" id="129" lineNum="575" parent="globals/JailbotWatchFaceView" pc="268449443" symbol="drawStaticJailbotFace"/>
        <entry filename="/Users/erdalgunes/garmin-jailbot/source/JailbotWatchFaceView.mc" id="130" lineNum="186" parent="globals/JailbotWatchFaceView" pc="268449470" symbol="drawHollowBlock"/>
        <entry filename="/Users/erdalgunes/garmin-jailbot/source/JailbotWatchFaceView.mc" id="130" lineNum="188" parent="globals/JailbotWatchFaceView" pc="268449473" symbol="drawHollowBlock"/>
        <entry filename="/Users/erdalgunes/garmin-jailbot/source/JailbotWatchFaceView.mc" id="130" lineNum="191" parent="globals/JailbotWatchFaceView" pc="268449477" symbol="drawHollowBlock"/>
        <entry filename="/Users/erdalgunes/garmin-jailbot/source/JailbotWatchFaceView.mc" id="130" lineNum="193" parent="globals/JailbotWatchFaceView" pc="268449495" symbol="drawHollowBlock"/>
        <entry filename="/Users/erdalgunes/garmin-jailbot/source/JailbotWatchFaceView.mc" id="130" lineNum="195" parent="globals/JailbotWatchFaceView" pc="268449519" symbol="drawHollowBlock"/>
        <entry filename="/Users/erdalgunes/garmin-jailbot/source/JailbotWatchFaceView.mc" id="130" lineNum="197" parent="globals/JailbotWatchFaceView" pc="268449537" symbol="drawHollowBlock"/>
        <entry filename="/Users/erdalgunes/garmin-jailbot/source/JailbotWatchFaceView.mc" id="131" lineNum="344" parent="globals/JailbotWatchFaceView" pc="268449562" symbol="drawJailbot3"/>
        <entry filename="/Users/erdalgunes/garmin-jailbot/source/JailbotWatchFaceView.mc" id="131" lineNum="345" parent="globals/JailbotWatchFaceView" pc="268449565" symbol="drawJailbot3"/>
        <entry filename="/Users/erdalgunes/garmin-jailbot/source/JailbotWatchFaceView.mc" id="131" lineNum="346" parent="globals/JailbotWatchFaceView" pc="268449572" symbol="drawJailbot3"/>
        <entry filename="/Users/erdalgunes/garmin-jailbot/source/JailbotWatchFaceView.mc" id="131" lineNum="348" parent="globals/JailbotWatchFaceView" pc="268449579" symbol="drawJailbot3"/>
        <entry filename="/Users/erdalgunes/garmin-jailbot/source/JailbotWatchFaceView.mc" id="131" lineNum="349" parent="globals/JailbotWatchFaceView" pc="268449591" symbol="drawJailbot3"/>
        <entry filename="/Users/erdalgunes/garmin-jailbot/source/JailbotWatchFaceView.mc" id="131" lineNum="350" parent="globals/JailbotWatchFaceView" pc="268449599" symbol="drawJailbot3"/>
        <entry filename="/Users/erdalgunes/garmin-jailbot/source/JailbotWatchFaceView.mc" id="131" lineNum="355" parent="globals/JailbotWatchFaceView" pc="268449607" symbol="drawJailbot3"/>
        <entry filename="/Users/erdalgunes/garmin-jailbot/source/JailbotWatchFaceView.mc" id="131" lineNum="356" parent="globals/JailbotWatchFaceView" pc="268449617" symbol="drawJailbot3"/>
        <entry filename="/Users/erdalgunes/garmin-jailbot/source/JailbotWatchFaceView.mc" id="131" lineNum="357" parent="globals/JailbotWatchFaceView" pc="268449627" symbol="drawJailbot3"/>
        <entry filename="/Users/erdalgunes/garmin-jailbot/source/JailbotWatchFaceView.mc" id="131" lineNum="358" parent="globals/JailbotWatchFaceView" pc="268449637" symbol="drawJailbot3"/>
        <entry filename="/Users/erdalgunes/garmin-jailbot/source/JailbotWatchFaceView.mc" id="131" lineNum="361" parent="globals/JailbotWatchFaceView" pc="268449647" symbol="drawJailbot3"/>
        <entry filename="/Users/erdalgunes/garmin-jailbot/source/JailbotWatchFaceView.mc" id="131" lineNum="362" parent="globals/JailbotWatchFaceView" pc="268449660" symbol="drawJailbot3"/>
        <entry filename="/Users/erdalgunes/garmin-jailbot/source/JailbotWatchFaceView.mc" id="131" lineNum="365" parent="globals/JailbotWatchFaceView" pc="268449686" symbol="drawJailbot3"/>
        <entry filename="/Users/erdalgunes/garmin-jailbot/source/JailbotWatchFaceView.mc" id="131" lineNum="366" parent="globals/JailbotWatchFaceView" pc="268449702" symbol="drawJailbot3"/>
        <entry filename="/Users/erdalgunes/garmin-jailbot/source/JailbotWatchFaceView.mc" id="131" lineNum="367" parent="globals/JailbotWatchFaceView" pc="268449714" symbol="drawJailbot3"/>
        <entry filename="/Users/erdalgunes/garmin-jailbot/source/JailbotWatchFaceView.mc" id="131" lineNum="370" parent="globals/JailbotWatchFaceView" pc="268449740" symbol="drawJailbot3"/>
        <entry filename="/Users/erdalgunes/garmin-jailbot/source/JailbotWatchFaceView.mc" id="131" lineNum="371" parent="globals/JailbotWatchFaceView" pc="268449753" symbol="drawJailbot3"/>
        <entry filename="/Users/erdalgunes/garmin-jailbot/source/JailbotWatchFaceView.mc" id="131" lineNum="372" parent="globals/JailbotWatchFaceView" pc="268449760" symbol="drawJailbot3"/>
        <entry filename="/Users/erdalgunes/garmin-jailbot/source/JailbotWatchFaceView.mc" id="131" lineNum="373" parent="globals/JailbotWatchFaceView" pc="268449767" symbol="drawJailbot3"/>
        <entry filename="/Users/erdalgunes/garmin-jailbot/source/JailbotWatchFaceView.mc" id="131" lineNum="374" parent="globals/JailbotWatchFaceView" pc="268449780" symbol="drawJailbot3"/>
        <entry filename="/Users/erdalgunes/garmin-jailbot/source/JailbotWatchFaceView.mc" id="131" lineNum="375" parent="globals/JailbotWatchFaceView" pc="268449793" symbol="drawJailbot3"/>
        <entry filename="/Users/erdalgunes/garmin-jailbot/source/JailbotWatchFaceView.mc" id="131" lineNum="377" parent="globals/JailbotWatchFaceView" pc="268449806" symbol="drawJailbot3"/>
        <entry filename="/Users/erdalgunes/garmin-jailbot/source/JailbotWatchFaceView.mc" id="131" lineNum="379" parent="globals/JailbotWatchFaceView" pc="268449812" symbol="drawJailbot3"/>
        <entry filename="/Users/erdalgunes/garmin-jailbot/source/JailbotWatchFaceView.mc" id="131" lineNum="380" parent="globals/JailbotWatchFaceView" pc="268449828" symbol="drawJailbot3"/>
        <entry filename="/Users/erdalgunes/garmin-jailbot/source/JailbotWatchFaceView.mc" id="131" lineNum="381" parent="globals/JailbotWatchFaceView" pc="268449858" symbol="drawJailbot3"/>
        <entry filename="/Users/erdalgunes/garmin-jailbot/source/JailbotWatchFaceView.mc" id="131" lineNum="384" parent="globals/JailbotWatchFaceView" pc="268449888" symbol="drawJailbot3"/>
        <entry filename="/Users/erdalgunes/garmin-jailbot/source/JailbotWatchFaceView.mc" id="131" lineNum="385" parent="globals/JailbotWatchFaceView" pc="268449905" symbol="drawJailbot3"/>
        <entry filename="/Users/erdalgunes/garmin-jailbot/source/JailbotWatchFaceView.mc" id="131" lineNum="386" parent="globals/JailbotWatchFaceView" pc="268449923" symbol="drawJailbot3"/>
        <entry filename="/Users/erdalgunes/garmin-jailbot/source/JailbotWatchFaceView.mc" id="131" lineNum="390" parent="globals/JailbotWatchFaceView" pc="268449944" symbol="drawJailbot3"/>
        <entry filename="/Users/erdalgunes/garmin-jailbot/source/JailbotWatchFaceView.mc" id="131" lineNum="391" parent="globals/JailbotWatchFaceView" pc="268449961" symbol="drawJailbot3"/>
        <entry filename="/Users/erdalgunes/garmin-jailbot/source/JailbotWatchFaceView.mc" id="131" lineNum="392" parent="globals/JailbotWatchFaceView" pc="268449965" symbol="drawJailbot3"/>
        <entry filename="/Users/erdalgunes/garmin-jailbot/source/JailbotWatchFaceView.mc" id="131" lineNum="393" parent="globals/JailbotWatchFaceView" pc="268449979" symbol="drawJailbot3"/>
        <entry filename="/Users/erdalgunes/garmin-jailbot/source/JailbotWatchFaceView.mc" id="131" lineNum="394" parent="globals/JailbotWatchFaceView" pc="268449989" symbol="drawJailbot3"/>
        <entry filename="/Users/erdalgunes/garmin-jailbot/source/JailbotWatchFaceView.mc" id="131" lineNum="395" parent="globals/JailbotWatchFaceView" pc="268450002" symbol="drawJailbot3"/>
        <entry filename="/Users/erdalgunes/garmin-jailbot/source/JailbotWatchFaceView.mc" id="131" lineNum="398" parent="globals/JailbotWatchFaceView" pc="268450009" symbol="drawJailbot3"/>
        <entry filename="/Users/erdalgunes/garmin-jailbot/source/JailbotWatchFaceView.mc" id="131" lineNum="399" parent="globals/JailbotWatchFaceView" pc="268450016" symbol="drawJailbot3"/>
        <entry filename="/Users/erdalgunes/garmin-jailbot/source/JailbotWatchFaceView.mc" id="131" lineNum="400" parent="globals/JailbotWatchFaceView" pc="268450032" symbol="drawJailbot3"/>
        <entry filename="/Users/erdalgunes/garmin-jailbot/source/JailbotWatchFaceView.mc" id="131" lineNum="403" parent="globals/JailbotWatchFaceView" pc="268450048" symbol="drawJailbot3"/>
        <entry filename="/Users/erdalgunes/garmin-jailbot/source/JailbotWatchFaceView.mc" id="131" lineNum="404" parent="globals/JailbotWatchFaceView" pc="268450065" symbol="drawJailbot3"/>
        <entry filename="/Users/erdalgunes/garmin-jailbot/source/JailbotWatchFaceView.mc" id="131" lineNum="405" parent="globals/JailbotWatchFaceView" pc="268450087" symbol="drawJailbot3"/>
        <entry filename="/Users/erdalgunes/garmin-jailbot/source/JailbotWatchFaceView.mc" id="131" lineNum="408" parent="globals/JailbotWatchFaceView" pc="268450110" symbol="drawJailbot3"/>
        <entry filename="/Users/erdalgunes/garmin-jailbot/source/JailbotWatchFaceView.mc" id="131" lineNum="409" parent="globals/JailbotWatchFaceView" pc="268450126" symbol="drawJailbot3"/>
        <entry filename="/Users/erdalgunes/garmin-jailbot/source/JailbotWatchFaceView.mc" id="131" lineNum="412" parent="globals/JailbotWatchFaceView" pc="268450150" symbol="drawJailbot3"/>
        <entry filename="/Users/erdalgunes/garmin-jailbot/source/JailbotWatchFaceView.mc" id="131" lineNum="413" parent="globals/JailbotWatchFaceView" pc="268450154" symbol="drawJailbot3"/>
        <entry filename="/Users/erdalgunes/garmin-jailbot/source/JailbotWatchFaceView.mc" id="131" lineNum="414" parent="globals/JailbotWatchFaceView" pc="268450164" symbol="drawJailbot3"/>
        <entry filename="/Users/erdalgunes/garmin-jailbot/source/JailbotWatchFaceView.mc" id="131" lineNum="417" parent="globals/JailbotWatchFaceView" pc="268450174" symbol="drawJailbot3"/>
        <entry filename="/Users/erdalgunes/garmin-jailbot/source/JailbotWatchFaceView.mc" id="131" lineNum="418" parent="globals/JailbotWatchFaceView" pc="268450191" symbol="drawJailbot3"/>
        <entry filename="/Users/erdalgunes/garmin-jailbot/source/JailbotWatchFaceView.mc" id="131" lineNum="419" parent="globals/JailbotWatchFaceView" pc="268450201" symbol="drawJailbot3"/>
        <entry filename="/Users/erdalgunes/garmin-jailbot/source/JailbotWatchFaceView.mc" id="131" lineNum="422" parent="globals/JailbotWatchFaceView" pc="268450217" symbol="drawJailbot3"/>
        <entry filename="/Users/erdalgunes/garmin-jailbot/source/JailbotWatchFaceView.mc" id="131" lineNum="425" parent="globals/JailbotWatchFaceView" pc="268450265" symbol="drawJailbot3"/>
        <entry filename="/Users/erdalgunes/garmin-jailbot/source/JailbotWatchFaceView.mc" id="131" lineNum="428" parent="globals/JailbotWatchFaceView" pc="268450289" symbol="drawJailbot3"/>
        <entry filename="/Users/erdalgunes/garmin-jailbot/source/JailbotWatchFaceView.mc" id="131" lineNum="429" parent="globals/JailbotWatchFaceView" pc="268450305" symbol="drawJailbot3"/>
        <entry filename="/Users/erdalgunes/garmin-jailbot/source/JailbotWatchFaceView.mc" id="131" lineNum="430" parent="globals/JailbotWatchFaceView" pc="268450317" symbol="drawJailbot3"/>
        <entry filename="/Users/erdalgunes/garmin-jailbot/source/JailbotWatchFaceView.mc" id="131" lineNum="433" parent="globals/JailbotWatchFaceView" pc="268450335" symbol="drawJailbot3"/>
        <entry filename="/Users/erdalgunes/garmin-jailbot/source/JailbotWatchFaceView.mc" id="131" lineNum="434" parent="globals/JailbotWatchFaceView" pc="268450345" symbol="drawJailbot3"/>
        <entry filename="/Users/erdalgunes/garmin-jailbot/source/JailbotWatchFaceView.mc" id="131" lineNum="436" parent="globals/JailbotWatchFaceView" pc="268450355" symbol="drawJailbot3"/>
        <entry filename="/Users/erdalgunes/garmin-jailbot/source/JailbotWatchFaceView.mc" id="131" lineNum="437" parent="globals/JailbotWatchFaceView" pc="268450371" symbol="drawJailbot3"/>
        <entry filename="/Users/erdalgunes/garmin-jailbot/source/JailbotWatchFaceView.mc" id="131" lineNum="439" parent="globals/JailbotWatchFaceView" pc="268450395" symbol="drawJailbot3"/>
        <entry filename="/Users/erdalgunes/garmin-jailbot/source/JailbotWatchFaceView.mc" id="131" lineNum="440" parent="globals/JailbotWatchFaceView" pc="268450411" symbol="drawJailbot3"/>
        <entry filename="/Users/erdalgunes/garmin-jailbot/source/JailbotWatchFaceView.mc" id="131" lineNum="441" parent="globals/JailbotWatchFaceView" pc="268450423" symbol="drawJailbot3"/>
        <entry filename="/Users/erdalgunes/garmin-jailbot/source/JailbotWatchFaceView.mc" id="131" lineNum="444" parent="globals/JailbotWatchFaceView" pc="268450441" symbol="drawJailbot3"/>
        <entry filename="/Users/erdalgunes/garmin-jailbot/source/JailbotWatchFaceView.mc" id="131" lineNum="445" parent="globals/JailbotWatchFaceView" pc="268450451" symbol="drawJailbot3"/>
        <entry filename="/Users/erdalgunes/garmin-jailbot/source/JailbotWatchFaceView.mc" id="131" lineNum="448" parent="globals/JailbotWatchFaceView" pc="268450468" symbol="drawJailbot3"/>
        <entry filename="/Users/erdalgunes/garmin-jailbot/source/JailbotWatchFaceView.mc" id="131" lineNum="449" parent="globals/JailbotWatchFaceView" pc="268450493" symbol="drawJailbot3"/>
        <entry filename="/Users/erdalgunes/garmin-jailbot/source/JailbotWatchFaceView.mc" id="131" lineNum="450" parent="globals/JailbotWatchFaceView" pc="268450534" symbol="drawJailbot3"/>
        <entry filename="/Users/erdalgunes/garmin-jailbot/source/JailbotWatchFaceView.mc" id="131" lineNum="453" parent="globals/JailbotWatchFaceView" pc="268450560" symbol="drawJailbot3"/>
        <entry filename="/Users/erdalgunes/garmin-jailbot/source/JailbotWatchFaceView.mc" id="131" lineNum="454" parent="globals/JailbotWatchFaceView" pc="268450600" symbol="drawJailbot3"/>
        <entry filename="/Users/erdalgunes/garmin-jailbot/source/JailbotWatchFaceView.mc" id="132" lineNum="457" parent="globals/JailbotWatchFaceView" pc="268450627" symbol="drawJailbot20PixelArt"/>
        <entry filename="/Users/erdalgunes/garmin-jailbot/source/JailbotWatchFaceView.mc" id="132" lineNum="458" parent="globals/JailbotWatchFaceView" pc="268450630" symbol="drawJailbot20PixelArt"/>
        <entry filename="/Users/erdalgunes/garmin-jailbot/source/JailbotWatchFaceView.mc" id="132" lineNum="459" parent="globals/JailbotWatchFaceView" pc="268450637" symbol="drawJailbot20PixelArt"/>
        <entry filename="/Users/erdalgunes/garmin-jailbot/source/JailbotWatchFaceView.mc" id="132" lineNum="461" parent="globals/JailbotWatchFaceView" pc="268450644" symbol="drawJailbot20PixelArt"/>
        <entry filename="/Users/erdalgunes/garmin-jailbot/source/JailbotWatchFaceView.mc" id="132" lineNum="463" parent="globals/JailbotWatchFaceView" pc="268450698" symbol="drawJailbot20PixelArt"/>
        <entry filename="/Users/erdalgunes/garmin-jailbot/source/JailbotWatchFaceView.mc" id="132" lineNum="464" parent="globals/JailbotWatchFaceView" pc="268450710" symbol="drawJailbot20PixelArt"/>
        <entry filename="/Users/erdalgunes/garmin-jailbot/source/JailbotWatchFaceView.mc" id="132" lineNum="465" parent="globals/JailbotWatchFaceView" pc="268450718" symbol="drawJailbot20PixelArt"/>
        <entry filename="/Users/erdalgunes/garmin-jailbot/source/JailbotWatchFaceView.mc" id="132" lineNum="468" parent="globals/JailbotWatchFaceView" pc="268450726" symbol="drawJailbot20PixelArt"/>
        <entry filename="/Users/erdalgunes/garmin-jailbot/source/JailbotWatchFaceView.mc" id="132" lineNum="469" parent="globals/JailbotWatchFaceView" pc="268450738" symbol="drawJailbot20PixelArt"/>
        <entry filename="/Users/erdalgunes/garmin-jailbot/source/JailbotWatchFaceView.mc" id="132" lineNum="472" parent="globals/JailbotWatchFaceView" pc="268450746" symbol="drawJailbot20PixelArt"/>
        <entry filename="/Users/erdalgunes/garmin-jailbot/source/JailbotWatchFaceView.mc" id="132" lineNum="475" parent="globals/JailbotWatchFaceView" pc="268450769" symbol="drawJailbot20PixelArt"/>
        <entry filename="/Users/erdalgunes/garmin-jailbot/source/JailbotWatchFaceView.mc" id="132" lineNum="476" parent="globals/JailbotWatchFaceView" pc="268450780" symbol="drawJailbot20PixelArt"/>
        <entry filename="/Users/erdalgunes/garmin-jailbot/source/JailbotWatchFaceView.mc" id="132" lineNum="477" parent="globals/JailbotWatchFaceView" pc="268450796" symbol="drawJailbot20PixelArt"/>
        <entry filename="/Users/erdalgunes/garmin-jailbot/source/JailbotWatchFaceView.mc" id="132" lineNum="478" parent="globals/JailbotWatchFaceView" pc="268450818" symbol="drawJailbot20PixelArt"/>
        <entry filename="/Users/erdalgunes/garmin-jailbot/source/JailbotWatchFaceView.mc" id="132" lineNum="480" parent="globals/JailbotWatchFaceView" pc="268450840" symbol="drawJailbot20PixelArt"/>
        <entry filename="/Users/erdalgunes/garmin-jailbot/source/JailbotWatchFaceView.mc" id="132" lineNum="482" parent="globals/JailbotWatchFaceView" pc="268450856" symbol="drawJailbot20PixelArt"/>
        <entry filename="/Users/erdalgunes/garmin-jailbot/source/JailbotWatchFaceView.mc" id="132" lineNum="484" parent="globals/JailbotWatchFaceView" pc="268450866" symbol="drawJailbot20PixelArt"/>
        <entry filename="/Users/erdalgunes/garmin-jailbot/source/JailbotWatchFaceView.mc" id="132" lineNum="486" parent="globals/JailbotWatchFaceView" pc="268450873" symbol="drawJailbot20PixelArt"/>
        <entry filename="/Users/erdalgunes/garmin-jailbot/source/JailbotWatchFaceView.mc" id="132" lineNum="488" parent="globals/JailbotWatchFaceView" pc="268450902" symbol="drawJailbot20PixelArt"/>
        <entry filename="/Users/erdalgunes/garmin-jailbot/source/JailbotWatchFaceView.mc" id="132" lineNum="492" parent="globals/JailbotWatchFaceView" pc="268450931" symbol="drawJailbot20PixelArt"/>
        <entry filename="/Users/erdalgunes/garmin-jailbot/source/JailbotWatchFaceView.mc" id="132" lineNum="498" parent="globals/JailbotWatchFaceView" pc="268450967" symbol="drawJailbot20PixelArt"/>
        <entry filename="/Users/erdalgunes/garmin-jailbot/source/JailbotWatchFaceView.mc" id="132" lineNum="499" parent="globals/JailbotWatchFaceView" pc="268450980" symbol="drawJailbot20PixelArt"/>
        <entry filename="/Users/erdalgunes/garmin-jailbot/source/JailbotWatchFaceView.mc" id="132" lineNum="501" parent="globals/JailbotWatchFaceView" pc="268450993" symbol="drawJailbot20PixelArt"/>
        <entry filename="/Users/erdalgunes/garmin-jailbot/source/JailbotWatchFaceView.mc" id="132" lineNum="504" parent="globals/JailbotWatchFaceView" pc="268451010" symbol="drawJailbot20PixelArt"/>
        <entry filename="/Users/erdalgunes/garmin-jailbot/source/JailbotWatchFaceView.mc" id="132" lineNum="505" parent="globals/JailbotWatchFaceView" pc="268451020" symbol="drawJailbot20PixelArt"/>
        <entry filename="/Users/erdalgunes/garmin-jailbot/source/JailbotWatchFaceView.mc" id="132" lineNum="506" parent="globals/JailbotWatchFaceView" pc="268451040" symbol="drawJailbot20PixelArt"/>
        <entry filename="/Users/erdalgunes/garmin-jailbot/source/JailbotWatchFaceView.mc" id="132" lineNum="510" parent="globals/JailbotWatchFaceView" pc="268451066" symbol="drawJailbot20PixelArt"/>
        <entry filename="/Users/erdalgunes/garmin-jailbot/source/JailbotWatchFaceView.mc" id="132" lineNum="512" parent="globals/JailbotWatchFaceView" pc="268451070" symbol="drawJailbot20PixelArt"/>
        <entry filename="/Users/erdalgunes/garmin-jailbot/source/JailbotWatchFaceView.mc" id="132" lineNum="513" parent="globals/JailbotWatchFaceView" pc="268451096" symbol="drawJailbot20PixelArt"/>
        <entry filename="/Users/erdalgunes/garmin-jailbot/source/JailbotWatchFaceView.mc" id="132" lineNum="517" parent="globals/JailbotWatchFaceView" pc="268451131" symbol="drawJailbot20PixelArt"/>
        <entry filename="/Users/erdalgunes/garmin-jailbot/source/JailbotWatchFaceView.mc" id="132" lineNum="518" parent="globals/JailbotWatchFaceView" pc="268451157" symbol="drawJailbot20PixelArt"/>
        <entry filename="/Users/erdalgunes/garmin-jailbot/source/JailbotWatchFaceView.mc" id="132" lineNum="519" parent="globals/JailbotWatchFaceView" pc="268451170" symbol="drawJailbot20PixelArt"/>
        <entry filename="/Users/erdalgunes/garmin-jailbot/source/JailbotWatchFaceView.mc" id="132" lineNum="520" parent="globals/JailbotWatchFaceView" pc="268451180" symbol="drawJailbot20PixelArt"/>
        <entry filename="/Users/erdalgunes/garmin-jailbot/source/JailbotWatchFaceView.mc" id="132" lineNum="523" parent="globals/JailbotWatchFaceView" pc="268451204" symbol="drawJailbot20PixelArt"/>
        <entry filename="/Users/erdalgunes/garmin-jailbot/source/JailbotWatchFaceView.mc" id="132" lineNum="524" parent="globals/JailbotWatchFaceView" pc="268451217" symbol="drawJailbot20PixelArt"/>
        <entry filename="/Users/erdalgunes/garmin-jailbot/source/JailbotWatchFaceView.mc" id="132" lineNum="528" parent="globals/JailbotWatchFaceView" pc="268451256" symbol="drawJailbot20PixelArt"/>
        <entry filename="/Users/erdalgunes/garmin-jailbot/source/JailbotWatchFaceView.mc" id="132" lineNum="529" parent="globals/JailbotWatchFaceView" pc="268451272" symbol="drawJailbot20PixelArt"/>
        <entry filename="/Users/erdalgunes/garmin-jailbot/source/JailbotWatchFaceView.mc" id="132" lineNum="530" parent="globals/JailbotWatchFaceView" pc="268451279" symbol="drawJailbot20PixelArt"/>
        <entry filename="/Users/erdalgunes/garmin-jailbot/source/JailbotWatchFaceView.mc" id="132" lineNum="531" parent="globals/JailbotWatchFaceView" pc="268451301" symbol="drawJailbot20PixelArt"/>
        <entry filename="/Users/erdalgunes/garmin-jailbot/source/JailbotWatchFaceView.mc" id="132" lineNum="534" parent="globals/JailbotWatchFaceView" pc="268451323" symbol="drawJailbot20PixelArt"/>
        <entry filename="/Users/erdalgunes/garmin-jailbot/source/JailbotWatchFaceView.mc" id="132" lineNum="535" parent="globals/JailbotWatchFaceView" pc="268451327" symbol="drawJailbot20PixelArt"/>
        <entry filename="/Users/erdalgunes/garmin-jailbot/source/JailbotWatchFaceView.mc" id="132" lineNum="537" parent="globals/JailbotWatchFaceView" pc="268451344" symbol="drawJailbot20PixelArt"/>
        <entry filename="/Users/erdalgunes/garmin-jailbot/source/JailbotWatchFaceView.mc" id="132" lineNum="538" parent="globals/JailbotWatchFaceView" pc="268451350" symbol="drawJailbot20PixelArt"/>
        <entry filename="/Users/erdalgunes/garmin-jailbot/source/JailbotWatchFaceView.mc" id="132" lineNum="539" parent="globals/JailbotWatchFaceView" pc="268451357" symbol="drawJailbot20PixelArt"/>
        <entry filename="/Users/erdalgunes/garmin-jailbot/source/JailbotWatchFaceView.mc" id="132" lineNum="540" parent="globals/JailbotWatchFaceView" pc="268451364" symbol="drawJailbot20PixelArt"/>
        <entry filename="/Users/erdalgunes/garmin-jailbot/source/JailbotWatchFaceView.mc" id="132" lineNum="541" parent="globals/JailbotWatchFaceView" pc="268451372" symbol="drawJailbot20PixelArt"/>
        <entry filename="/Users/erdalgunes/garmin-jailbot/source/JailbotWatchFaceView.mc" id="132" lineNum="545" parent="globals/JailbotWatchFaceView" pc="268451385" symbol="drawJailbot20PixelArt"/>
        <entry filename="/Users/erdalgunes/garmin-jailbot/source/JailbotWatchFaceView.mc" id="132" lineNum="548" parent="globals/JailbotWatchFaceView" pc="268451401" symbol="drawJailbot20PixelArt"/>
        <entry filename="/Users/erdalgunes/garmin-jailbot/source/JailbotWatchFaceView.mc" id="132" lineNum="549" parent="globals/JailbotWatchFaceView" pc="268451414" symbol="drawJailbot20PixelArt"/>
        <entry filename="/Users/erdalgunes/garmin-jailbot/source/JailbotWatchFaceView.mc" id="132" lineNum="552" parent="globals/JailbotWatchFaceView" pc="268451440" symbol="drawJailbot20PixelArt"/>
        <entry filename="/Users/erdalgunes/garmin-jailbot/source/JailbotWatchFaceView.mc" id="132" lineNum="553" parent="globals/JailbotWatchFaceView" pc="268451456" symbol="drawJailbot20PixelArt"/>
        <entry filename="/Users/erdalgunes/garmin-jailbot/source/JailbotWatchFaceView.mc" id="133" lineNum="176" parent="globals/JailbotWatchFaceView" pc="268451477" symbol="drawHollowDigit"/>
        <entry filename="/Users/erdalgunes/garmin-jailbot/source/JailbotWatchFaceView.mc" id="133" lineNum="177" parent="globals/JailbotWatchFaceView" pc="268451480" symbol="drawHollowDigit"/>
        <entry filename="/Users/erdalgunes/garmin-jailbot/source/JailbotWatchFaceView.mc" id="133" lineNum="178" parent="globals/JailbotWatchFaceView" pc="268451491" symbol="drawHollowDigit"/>
        <entry filename="/Users/erdalgunes/garmin-jailbot/source/JailbotWatchFaceView.mc" id="133" lineNum="179" parent="globals/JailbotWatchFaceView" pc="268451502" symbol="drawHollowDigit"/>
        <entry filename="/Users/erdalgunes/garmin-jailbot/source/JailbotWatchFaceView.mc" id="133" lineNum="180" parent="globals/JailbotWatchFaceView" pc="268451516" symbol="drawHollowDigit"/>
        <entry filename="/Users/erdalgunes/garmin-jailbot/source/JailbotWatchFaceView.mc" id="134" lineNum="93" parent="globals/JailbotWatchFaceView" pc="268451569" symbol="onHide"/>
        <entry filename="/Users/erdalgunes/garmin-jailbot/source/JailbotWatchFaceView.mc" id="134" lineNum="95" parent="globals/JailbotWatchFaceView" pc="268451571" symbol="onHide"/>
        <entry filename="/Users/erdalgunes/garmin-jailbot/source/JailbotWatchFaceView.mc" id="134" lineNum="98" parent="globals/JailbotWatchFaceView" pc="268451583" symbol="onHide"/>
        <entry filename="/Users/erdalgunes/garmin-jailbot/source/JailbotWatchFaceView.mc" id="134" lineNum="99" parent="globals/JailbotWatchFaceView" pc="268451600" symbol="onHide"/>
        <entry filename="/Users/erdalgunes/garmin-jailbot/source/JailbotWatchFaceView.mc" id="134" lineNum="100" parent="globals/JailbotWatchFaceView" pc="268451612" symbol="onHide"/>
        <entry filename="/Users/erdalgunes/garmin-jailbot/source/JailbotWatchFaceView.mc" id="135" lineNum="203" parent="globals/JailbotWatchFaceView" pc="268451634" symbol="drawDirectAnalogJailbot"/>
        <entry filename="/Users/erdalgunes/garmin-jailbot/source/JailbotWatchFaceView.mc" id="135" lineNum="205" parent="globals/JailbotWatchFaceView" pc="268451636" symbol="drawDirectAnalogJailbot"/>
        <entry filename="/Users/erdalgunes/garmin-jailbot/source/JailbotWatchFaceView.mc" id="135" lineNum="206" parent="globals/JailbotWatchFaceView" pc="268451648" symbol="drawDirectAnalogJailbot"/>
        <entry filename="/Users/erdalgunes/garmin-jailbot/source/JailbotWatchFaceView.mc" id="135" lineNum="209" parent="globals/JailbotWatchFaceView" pc="268451656" symbol="drawDirectAnalogJailbot"/>
        <entry filename="/Users/erdalgunes/garmin-jailbot/source/JailbotWatchFaceView.mc" id="137" lineNum="63" parent="globals/JailbotWatchFaceView" pc="268451672" symbol="onShow"/>
        <entry filename="/Users/erdalgunes/garmin-jailbot/source/JailbotWatchFaceView.mc" id="137" lineNum="65" parent="globals/JailbotWatchFaceView" pc="268451674" symbol="onShow"/>
        <entry filename="/Users/erdalgunes/garmin-jailbot/source/JailbotWatchFaceView.mc" id="137" lineNum="68" parent="globals/JailbotWatchFaceView" pc="268451705" symbol="onShow"/>
        <entry filename="/Users/erdalgunes/garmin-jailbot/source/JailbotWatchFaceView.mc" id="137" lineNum="69" parent="globals/JailbotWatchFaceView" pc="268451722" symbol="onShow"/>
        <entry filename="/Users/erdalgunes/garmin-jailbot/source/JailbotWatchFaceView.mc" id="137" lineNum="70" parent="globals/JailbotWatchFaceView" pc="268451734" symbol="onShow"/>
        <entry filename="/Users/erdalgunes/garmin-jailbot/source/JailbotWatchFaceView.mc" id="138" lineNum="44" parent="globals/JailbotWatchFaceView" pc="268451756" symbol="onLayout"/>
        <entry filename="/Users/erdalgunes/garmin-jailbot/source/JailbotWatchFaceView.mc" id="138" lineNum="46" parent="globals/JailbotWatchFaceView" pc="268451759" symbol="onLayout"/>
        <entry filename="/Users/erdalgunes/garmin-jailbot/source/JailbotWatchFaceView.mc" id="138" lineNum="47" parent="globals/JailbotWatchFaceView" pc="268451771" symbol="onLayout"/>
        <entry filename="/Users/erdalgunes/garmin-jailbot/source/JailbotWatchFaceView.mc" id="138" lineNum="48" parent="globals/JailbotWatchFaceView" pc="268451779" symbol="onLayout"/>
        <entry filename="/Users/erdalgunes/garmin-jailbot/source/JailbotWatchFaceView.mc" id="138" lineNum="49" parent="globals/JailbotWatchFaceView" pc="268451787" symbol="onLayout"/>
        <entry filename="/Users/erdalgunes/garmin-jailbot/source/JailbotWatchFaceView.mc" id="138" lineNum="50" parent="globals/JailbotWatchFaceView" pc="268451794" symbol="onLayout"/>
        <entry filename="/Users/erdalgunes/garmin-jailbot/source/JailbotWatchFaceView.mc" id="138" lineNum="51" parent="globals/JailbotWatchFaceView" pc="268451801" symbol="onLayout"/>
        <entry filename="/Users/erdalgunes/garmin-jailbot/source/JailbotWatchFaceView.mc" id="138" lineNum="54" parent="globals/JailbotWatchFaceView" pc="268451824" symbol="onLayout"/>
        <entry filename="/Users/erdalgunes/garmin-jailbot/source/JailbotWatchFaceView.mc" id="138" lineNum="55" parent="globals/JailbotWatchFaceView" pc="268451859" symbol="onLayout"/>
        <entry filename="/Users/erdalgunes/garmin-jailbot/source/JailbotWatchFaceView.mc" id="138" lineNum="56" parent="globals/JailbotWatchFaceView" pc="268451885" symbol="onLayout"/>
        <entry filename="/Users/erdalgunes/garmin-jailbot/source/JailbotWatchFaceView.mc" id="138" lineNum="58" parent="globals/JailbotWatchFaceView" pc="268451889" symbol="onLayout"/>
        <entry filename="/Users/erdalgunes/garmin-jailbot/source/JailbotWatchFaceView.mc" id="138" lineNum="59" parent="globals/JailbotWatchFaceView" pc="268451915" symbol="onLayout"/>
        <entry filename="/Users/erdalgunes/garmin-jailbot/source/JailbotWatchFaceView.mc" id="139" lineNum="115" parent="globals/JailbotWatchFaceView" pc="268451936" symbol="drawPixelatedAOD"/>
        <entry filename="/Users/erdalgunes/garmin-jailbot/source/JailbotWatchFaceView.mc" id="139" lineNum="116" parent="globals/JailbotWatchFaceView" pc="268451939" symbol="drawPixelatedAOD"/>
        <entry filename="/Users/erdalgunes/garmin-jailbot/source/JailbotWatchFaceView.mc" id="139" lineNum="117" parent="globals/JailbotWatchFaceView" pc="268451951" symbol="drawPixelatedAOD"/>
        <entry filename="/Users/erdalgunes/garmin-jailbot/source/JailbotWatchFaceView.mc" id="139" lineNum="118" parent="globals/JailbotWatchFaceView" pc="268451959" symbol="drawPixelatedAOD"/>
        <entry filename="/Users/erdalgunes/garmin-jailbot/source/JailbotWatchFaceView.mc" id="139" lineNum="120" parent="globals/JailbotWatchFaceView" pc="268451967" symbol="drawPixelatedAOD"/>
        <entry filename="/Users/erdalgunes/garmin-jailbot/source/JailbotWatchFaceView.mc" id="139" lineNum="121" parent="globals/JailbotWatchFaceView" pc="268451984" symbol="drawPixelatedAOD"/>
        <entry filename="/Users/erdalgunes/garmin-jailbot/source/JailbotWatchFaceView.mc" id="139" lineNum="122" parent="globals/JailbotWatchFaceView" pc="268451990" symbol="drawPixelatedAOD"/>
        <entry filename="/Users/erdalgunes/garmin-jailbot/source/JailbotWatchFaceView.mc" id="139" lineNum="123" parent="globals/JailbotWatchFaceView" pc="268451997" symbol="drawPixelatedAOD"/>
        <entry filename="/Users/erdalgunes/garmin-jailbot/source/JailbotWatchFaceView.mc" id="139" lineNum="124" parent="globals/JailbotWatchFaceView" pc="268452004" symbol="drawPixelatedAOD"/>
        <entry filename="/Users/erdalgunes/garmin-jailbot/source/JailbotWatchFaceView.mc" id="139" lineNum="125" parent="globals/JailbotWatchFaceView" pc="268452012" symbol="drawPixelatedAOD"/>
        <entry filename="/Users/erdalgunes/garmin-jailbot/source/JailbotWatchFaceView.mc" id="139" lineNum="130" parent="globals/JailbotWatchFaceView" pc="268452025" symbol="drawPixelatedAOD"/>
        <entry filename="/Users/erdalgunes/garmin-jailbot/source/JailbotWatchFaceView.mc" id="139" lineNum="143" parent="globals/JailbotWatchFaceView" pc="268452501" symbol="drawPixelatedAOD"/>
        <entry filename="/Users/erdalgunes/garmin-jailbot/source/JailbotWatchFaceView.mc" id="139" lineNum="145" parent="globals/JailbotWatchFaceView" pc="268452517" symbol="drawPixelatedAOD"/>
        <entry filename="/Users/erdalgunes/garmin-jailbot/source/JailbotWatchFaceView.mc" id="139" lineNum="146" parent="globals/JailbotWatchFaceView" pc="268452521" symbol="drawPixelatedAOD"/>
        <entry filename="/Users/erdalgunes/garmin-jailbot/source/JailbotWatchFaceView.mc" id="139" lineNum="147" parent="globals/JailbotWatchFaceView" pc="268452528" symbol="drawPixelatedAOD"/>
        <entry filename="/Users/erdalgunes/garmin-jailbot/source/JailbotWatchFaceView.mc" id="139" lineNum="148" parent="globals/JailbotWatchFaceView" pc="268452532" symbol="drawPixelatedAOD"/>
        <entry filename="/Users/erdalgunes/garmin-jailbot/source/JailbotWatchFaceView.mc" id="139" lineNum="150" parent="globals/JailbotWatchFaceView" pc="268452536" symbol="drawPixelatedAOD"/>
        <entry filename="/Users/erdalgunes/garmin-jailbot/source/JailbotWatchFaceView.mc" id="139" lineNum="151" parent="globals/JailbotWatchFaceView" pc="268452552" symbol="drawPixelatedAOD"/>
        <entry filename="/Users/erdalgunes/garmin-jailbot/source/JailbotWatchFaceView.mc" id="139" lineNum="152" parent="globals/JailbotWatchFaceView" pc="268452562" symbol="drawPixelatedAOD"/>
        <entry filename="/Users/erdalgunes/garmin-jailbot/source/JailbotWatchFaceView.mc" id="139" lineNum="155" parent="globals/JailbotWatchFaceView" pc="268452575" symbol="drawPixelatedAOD"/>
        <entry filename="/Users/erdalgunes/garmin-jailbot/source/JailbotWatchFaceView.mc" id="139" lineNum="156" parent="globals/JailbotWatchFaceView" pc="268452582" symbol="drawPixelatedAOD"/>
        <entry filename="/Users/erdalgunes/garmin-jailbot/source/JailbotWatchFaceView.mc" id="139" lineNum="159" parent="globals/JailbotWatchFaceView" pc="268452604" symbol="drawPixelatedAOD"/>
        <entry filename="/Users/erdalgunes/garmin-jailbot/source/JailbotWatchFaceView.mc" id="139" lineNum="160" parent="globals/JailbotWatchFaceView" pc="268452611" symbol="drawPixelatedAOD"/>
        <entry filename="/Users/erdalgunes/garmin-jailbot/source/JailbotWatchFaceView.mc" id="139" lineNum="163" parent="globals/JailbotWatchFaceView" pc="268452639" symbol="drawPixelatedAOD"/>
        <entry filename="/Users/erdalgunes/garmin-jailbot/source/JailbotWatchFaceView.mc" id="139" lineNum="164" parent="globals/JailbotWatchFaceView" pc="268452655" symbol="drawPixelatedAOD"/>
        <entry filename="/Users/erdalgunes/garmin-jailbot/source/JailbotWatchFaceView.mc" id="139" lineNum="165" parent="globals/JailbotWatchFaceView" pc="268452675" symbol="drawPixelatedAOD"/>
        <entry filename="/Users/erdalgunes/garmin-jailbot/source/JailbotWatchFaceView.mc" id="139" lineNum="168" parent="globals/JailbotWatchFaceView" pc="268452698" symbol="drawPixelatedAOD"/>
        <entry filename="/Users/erdalgunes/garmin-jailbot/source/JailbotWatchFaceView.mc" id="139" lineNum="169" parent="globals/JailbotWatchFaceView" pc="268452705" symbol="drawPixelatedAOD"/>
        <entry filename="/Users/erdalgunes/garmin-jailbot/source/JailbotWatchFaceView.mc" id="139" lineNum="172" parent="globals/JailbotWatchFaceView" pc="268452733" symbol="drawPixelatedAOD"/>
        <entry filename="/Users/erdalgunes/garmin-jailbot/source/JailbotWatchFaceView.mc" id="139" lineNum="173" parent="globals/JailbotWatchFaceView" pc="268452740" symbol="drawPixelatedAOD"/>
        <entry filename="/Users/erdalgunes/garmin-jailbot/source/JailbotWatchFaceView.mc" id="140" lineNum="104" parent="globals/JailbotWatchFaceView" pc="268452775" symbol="requestUpdate"/>
        <entry filename="/Users/erdalgunes/garmin-jailbot/source/JailbotWatchFaceView.mc" id="140" lineNum="106" parent="globals/JailbotWatchFaceView" pc="268452777" symbol="requestUpdate"/>
        <entry filename="/Users/erdalgunes/garmin-jailbot/source/JailbotWatchFaceView.mc" id="141" lineNum="84" parent="globals/JailbotWatchFaceView" pc="268452789" symbol="onPartialUpdate"/>
        <entry filename="/Users/erdalgunes/garmin-jailbot/source/JailbotWatchFaceView.mc" id="141" lineNum="85" parent="globals/JailbotWatchFaceView" pc="268452792" symbol="onPartialUpdate"/>
        <entry filename="/Users/erdalgunes/garmin-jailbot/source/JailbotWatchFaceView.mc" id="141" lineNum="87" parent="globals/JailbotWatchFaceView" pc="268452800" symbol="onPartialUpdate"/>
        <entry filename="/Users/erdalgunes/garmin-jailbot/source/JailbotWatchFaceView.mc" id="141" lineNum="88" parent="globals/JailbotWatchFaceView" pc="268452809" symbol="onPartialUpdate"/>
        <entry filename="/Users/erdalgunes/garmin-jailbot/source/JailbotWatchFaceView.mc" id="141" lineNum="90" parent="globals/JailbotWatchFaceView" pc="268452818" symbol="onPartialUpdate"/>
        <entry filename="/Users/erdalgunes/garmin-jailbot/source/JailbotWatchFaceView.mc" id="143" lineNum="22" parent="globals/JailbotWatchFaceView" pc="268452839" symbol="initialize"/>
        <entry filename="/Users/erdalgunes/garmin-jailbot/source/JailbotWatchFaceView.mc" id="143" lineNum="23" parent="globals/JailbotWatchFaceView" pc="268452841" symbol="initialize"/>
        <entry filename="/Users/erdalgunes/garmin-jailbot/source/JailbotWatchFaceView.mc" id="143" lineNum="26" parent="globals/JailbotWatchFaceView" pc="268452853" symbol="initialize"/>
        <entry filename="/Users/erdalgunes/garmin-jailbot/source/JailbotWatchFaceView.mc" id="143" lineNum="27" parent="globals/JailbotWatchFaceView" pc="268452861" symbol="initialize"/>
        <entry filename="/Users/erdalgunes/garmin-jailbot/source/JailbotWatchFaceView.mc" id="143" lineNum="30" parent="globals/JailbotWatchFaceView" pc="268452890" symbol="initialize"/>
        <entry filename="/Users/erdalgunes/garmin-jailbot/source/JailbotWatchFaceView.mc" id="143" lineNum="31" parent="globals/JailbotWatchFaceView" pc="268452915" symbol="initialize"/>
        <entry filename="/Users/erdalgunes/garmin-jailbot/source/JailbotWatchFaceView.mc" id="143" lineNum="34" parent="globals/JailbotWatchFaceView" pc="268452940" symbol="initialize"/>
        <entry filename="/Users/erdalgunes/garmin-jailbot/source/JailbotWatchFaceView.mc" id="143" lineNum="35" parent="globals/JailbotWatchFaceView" pc="268452948" symbol="initialize"/>
        <entry filename="/Users/erdalgunes/garmin-jailbot/source/JailbotWatchFaceView.mc" id="143" lineNum="36" parent="globals/JailbotWatchFaceView" pc="268452973" symbol="initialize"/>
        <entry filename="/Users/erdalgunes/garmin-jailbot/source/JailbotWatchFaceView.mc" id="143" lineNum="37" parent="globals/JailbotWatchFaceView" pc="268452998" symbol="initialize"/>
        <entry filename="/Users/erdalgunes/garmin-jailbot/source/JailbotWatchFaceView.mc" id="143" lineNum="41" parent="globals/JailbotWatchFaceView" pc="268453019" symbol="initialize"/>
        <entry filename="/Users/erdalgunes/garmin-jailbot/source/JailbotWatchFaceView.mc" id="144" lineNum="74" parent="globals/JailbotWatchFaceView" pc="268453049" symbol="onUpdate"/>
        <entry filename="/Users/erdalgunes/garmin-jailbot/source/JailbotWatchFaceView.mc" id="144" lineNum="75" parent="globals/JailbotWatchFaceView" pc="268453052" symbol="onUpdate"/>
        <entry filename="/Users/erdalgunes/garmin-jailbot/source/JailbotWatchFaceView.mc" id="144" lineNum="77" parent="globals/JailbotWatchFaceView" pc="268453060" symbol="onUpdate"/>
        <entry filename="/Users/erdalgunes/garmin-jailbot/source/JailbotWatchFaceView.mc" id="144" lineNum="78" parent="globals/JailbotWatchFaceView" pc="268453069" symbol="onUpdate"/>
        <entry filename="/Users/erdalgunes/garmin-jailbot/source/JailbotWatchFaceView.mc" id="144" lineNum="81" parent="globals/JailbotWatchFaceView" pc="268453078" symbol="onUpdate"/>
        <entry filename="/Users/erdalgunes/garmin-jailbot/source/MoodSystem.mc" id="145" lineNum="13" parent="globals/IMoodState" pc="268453094" symbol="score"/>
        <entry filename="/Users/erdalgunes/garmin-jailbot/source/MoodSystem.mc" id="145" lineNum="14" parent="globals/IMoodState" pc="268453096" symbol="score"/>
        <entry filename="/Users/erdalgunes/garmin-jailbot/source/MoodSystem.mc" id="146" lineNum="21" parent="globals/IMoodState" pc="268453098" symbol="exit"/>
        <entry filename="/Users/erdalgunes/garmin-jailbot/source/MoodSystem.mc" id="147" lineNum="39" parent="globals/IMoodState" pc="268453101" symbol="aodExpression"/>
        <entry filename="/Users/erdalgunes/garmin-jailbot/source/MoodSystem.mc" id="147" lineNum="40" parent="globals/IMoodState" pc="268453103" symbol="aodExpression"/>
        <entry filename="/Users/erdalgunes/garmin-jailbot/source/MoodSystem.mc" id="148" lineNum="48" parent="globals/IMoodState" pc="268453149" symbol="getExpression"/>
        <entry filename="/Users/erdalgunes/garmin-jailbot/source/MoodSystem.mc" id="148" lineNum="49" parent="globals/IMoodState" pc="268453151" symbol="getExpression"/>
        <entry filename="/Users/erdalgunes/garmin-jailbot/source/MoodSystem.mc" id="149" lineNum="25" parent="globals/IMoodState" pc="268453236" symbol="allowedVariants"/>
        <entry filename="/Users/erdalgunes/garmin-jailbot/source/MoodSystem.mc" id="149" lineNum="26" parent="globals/IMoodState" pc="268453238" symbol="allowedVariants"/>
        <entry filename="/Users/erdalgunes/garmin-jailbot/source/MoodSystem.mc" id="150" lineNum="29" parent="globals/IMoodState" pc="268453244" symbol="blinkProfile"/>
        <entry filename="/Users/erdalgunes/garmin-jailbot/source/MoodSystem.mc" id="150" lineNum="30" parent="globals/IMoodState" pc="268453246" symbol="blinkProfile"/>
        <entry filename="/Users/erdalgunes/garmin-jailbot/source/MoodSystem.mc" id="151" lineNum="61" parent="globals/IMoodState" pc="268453300" symbol="getEmoticon"/>
        <entry filename="/Users/erdalgunes/garmin-jailbot/source/MoodSystem.mc" id="151" lineNum="62" parent="globals/IMoodState" pc="268453302" symbol="getEmoticon"/>
        <entry filename="/Users/erdalgunes/garmin-jailbot/source/MoodSystem.mc" id="152" lineNum="9" parent="globals/IMoodState" pc="268453308" symbol="id"/>
        <entry filename="/Users/erdalgunes/garmin-jailbot/source/MoodSystem.mc" id="152" lineNum="10" parent="globals/IMoodState" pc="268453310" symbol="id"/>
        <entry filename="/Users/erdalgunes/garmin-jailbot/source/MoodSystem.mc" id="153" lineNum="17" parent="globals/IMoodState" pc="268453316" symbol="enter"/>
        <entry filename="/Users/erdalgunes/garmin-jailbot/source/MoodEngine.mc" id="155" lineNum="276" parent="globals/BlinkScheduler" pc="268453319" symbol="&lt;globals/BlinkScheduler/&lt;&gt;scheduleNextBlink&gt;"/>
        <entry filename="/Users/erdalgunes/garmin-jailbot/source/MoodEngine.mc" id="155" lineNum="278" parent="globals/BlinkScheduler" pc="268453322" symbol="&lt;globals/BlinkScheduler/&lt;&gt;scheduleNextBlink&gt;"/>
        <entry filename="/Users/erdalgunes/garmin-jailbot/source/MoodEngine.mc" id="155" lineNum="279" parent="globals/BlinkScheduler" pc="268453342" symbol="&lt;globals/BlinkScheduler/&lt;&gt;scheduleNextBlink&gt;"/>
        <entry filename="/Users/erdalgunes/garmin-jailbot/source/MoodEngine.mc" id="155" lineNum="280" parent="globals/BlinkScheduler" pc="268453362" symbol="&lt;globals/BlinkScheduler/&lt;&gt;scheduleNextBlink&gt;"/>
        <entry filename="/Users/erdalgunes/garmin-jailbot/source/MoodEngine.mc" id="155" lineNum="283" parent="globals/BlinkScheduler" pc="268453382" symbol="&lt;globals/BlinkScheduler/&lt;&gt;scheduleNextBlink&gt;"/>
        <entry filename="/Users/erdalgunes/garmin-jailbot/source/MoodEngine.mc" id="155" lineNum="285" parent="globals/BlinkScheduler" pc="268453398" symbol="&lt;globals/BlinkScheduler/&lt;&gt;scheduleNextBlink&gt;"/>
        <entry filename="/Users/erdalgunes/garmin-jailbot/source/MoodEngine.mc" id="156" lineNum="308" parent="globals/BlinkScheduler" pc="268453419" symbol="getBlinkPhase"/>
        <entry filename="/Users/erdalgunes/garmin-jailbot/source/MoodEngine.mc" id="156" lineNum="309" parent="globals/BlinkScheduler" pc="268453422" symbol="getBlinkPhase"/>
        <entry filename="/Users/erdalgunes/garmin-jailbot/source/MoodEngine.mc" id="156" lineNum="310" parent="globals/BlinkScheduler" pc="268453431" symbol="getBlinkPhase"/>
        <entry filename="/Users/erdalgunes/garmin-jailbot/source/MoodEngine.mc" id="156" lineNum="313" parent="globals/BlinkScheduler" pc="268453436" symbol="getBlinkPhase"/>
        <entry filename="/Users/erdalgunes/garmin-jailbot/source/MoodEngine.mc" id="156" lineNum="314" parent="globals/BlinkScheduler" pc="268453454" symbol="getBlinkPhase"/>
        <entry filename="/Users/erdalgunes/garmin-jailbot/source/MoodEngine.mc" id="156" lineNum="316" parent="globals/BlinkScheduler" pc="268453469" symbol="getBlinkPhase"/>
        <entry filename="/Users/erdalgunes/garmin-jailbot/source/MoodEngine.mc" id="156" lineNum="317" parent="globals/BlinkScheduler" pc="268453480" symbol="getBlinkPhase"/>
        <entry filename="/Users/erdalgunes/garmin-jailbot/source/MoodEngine.mc" id="156" lineNum="321" parent="globals/BlinkScheduler" pc="268453485" symbol="getBlinkPhase"/>
        <entry filename="/Users/erdalgunes/garmin-jailbot/source/MoodEngine.mc" id="157" lineNum="324" parent="globals/BlinkScheduler" pc="268453506" symbol="&lt;globals/BlinkScheduler/&lt;&gt;getDefaultProfile&gt;"/>
        <entry filename="/Users/erdalgunes/garmin-jailbot/source/MoodEngine.mc" id="157" lineNum="325" parent="globals/BlinkScheduler" pc="268453508" symbol="&lt;globals/BlinkScheduler/&lt;&gt;getDefaultProfile&gt;"/>
        <entry filename="/Users/erdalgunes/garmin-jailbot/source/MoodEngine.mc" id="158" lineNum="270" parent="globals/BlinkScheduler" pc="268453562" symbol="&lt;globals/BlinkScheduler/&lt;&gt;startBlink&gt;"/>
        <entry filename="/Users/erdalgunes/garmin-jailbot/source/MoodEngine.mc" id="158" lineNum="271" parent="globals/BlinkScheduler" pc="268453564" symbol="&lt;globals/BlinkScheduler/&lt;&gt;startBlink&gt;"/>
        <entry filename="/Users/erdalgunes/garmin-jailbot/source/MoodEngine.mc" id="158" lineNum="272" parent="globals/BlinkScheduler" pc="268453572" symbol="&lt;globals/BlinkScheduler/&lt;&gt;startBlink&gt;"/>
        <entry filename="/Users/erdalgunes/garmin-jailbot/source/MoodEngine.mc" id="158" lineNum="273" parent="globals/BlinkScheduler" pc="268453589" symbol="&lt;globals/BlinkScheduler/&lt;&gt;startBlink&gt;"/>
        <entry filename="/Users/erdalgunes/garmin-jailbot/source/MoodEngine.mc" id="159" lineNum="288" parent="globals/BlinkScheduler" pc="268453599" symbol="&lt;globals/BlinkScheduler/&lt;&gt;generateBlinkInterval&gt;"/>
        <entry filename="/Users/erdalgunes/garmin-jailbot/source/MoodEngine.mc" id="159" lineNum="290" parent="globals/BlinkScheduler" pc="268453602" symbol="&lt;globals/BlinkScheduler/&lt;&gt;generateBlinkInterval&gt;"/>
        <entry filename="/Users/erdalgunes/garmin-jailbot/source/MoodEngine.mc" id="159" lineNum="291" parent="globals/BlinkScheduler" pc="268453609" symbol="&lt;globals/BlinkScheduler/&lt;&gt;generateBlinkInterval&gt;"/>
        <entry filename="/Users/erdalgunes/garmin-jailbot/source/MoodEngine.mc" id="159" lineNum="293" parent="globals/BlinkScheduler" pc="268453619" symbol="&lt;globals/BlinkScheduler/&lt;&gt;generateBlinkInterval&gt;"/>
        <entry filename="/Users/erdalgunes/garmin-jailbot/source/MoodEngine.mc" id="159" lineNum="294" parent="globals/BlinkScheduler" pc="268453641" symbol="&lt;globals/BlinkScheduler/&lt;&gt;generateBlinkInterval&gt;"/>
        <entry filename="/Users/erdalgunes/garmin-jailbot/source/MoodEngine.mc" id="159" lineNum="297" parent="globals/BlinkScheduler" pc="268453663" symbol="&lt;globals/BlinkScheduler/&lt;&gt;generateBlinkInterval&gt;"/>
        <entry filename="/Users/erdalgunes/garmin-jailbot/source/MoodEngine.mc" id="159" lineNum="301" parent="globals/BlinkScheduler" pc="268453740" symbol="&lt;globals/BlinkScheduler/&lt;&gt;generateBlinkInterval&gt;"/>
        <entry filename="/Users/erdalgunes/garmin-jailbot/source/MoodEngine.mc" id="160" lineNum="236" parent="globals/BlinkScheduler" pc="268453749" symbol="update"/>
        <entry filename="/Users/erdalgunes/garmin-jailbot/source/MoodEngine.mc" id="160" lineNum="237" parent="globals/BlinkScheduler" pc="268453752" symbol="update"/>
        <entry filename="/Users/erdalgunes/garmin-jailbot/source/MoodEngine.mc" id="160" lineNum="238" parent="globals/BlinkScheduler" pc="268453761" symbol="update"/>
        <entry filename="/Users/erdalgunes/garmin-jailbot/source/MoodEngine.mc" id="160" lineNum="241" parent="globals/BlinkScheduler" pc="268453773" symbol="update"/>
        <entry filename="/Users/erdalgunes/garmin-jailbot/source/MoodEngine.mc" id="160" lineNum="242" parent="globals/BlinkScheduler" pc="268453781" symbol="update"/>
        <entry filename="/Users/erdalgunes/garmin-jailbot/source/MoodEngine.mc" id="160" lineNum="243" parent="globals/BlinkScheduler" pc="268453804" symbol="update"/>
        <entry filename="/Users/erdalgunes/garmin-jailbot/source/MoodEngine.mc" id="160" lineNum="244" parent="globals/BlinkScheduler" pc="268453812" symbol="update"/>
        <entry filename="/Users/erdalgunes/garmin-jailbot/source/MoodEngine.mc" id="160" lineNum="248" parent="globals/BlinkScheduler" pc="268453816" symbol="update"/>
        <entry filename="/Users/erdalgunes/garmin-jailbot/source/MoodEngine.mc" id="160" lineNum="249" parent="globals/BlinkScheduler" pc="268453836" symbol="update"/>
        <entry filename="/Users/erdalgunes/garmin-jailbot/source/MoodEngine.mc" id="160" lineNum="252" parent="globals/BlinkScheduler" pc="268453859" symbol="update"/>
        <entry filename="/Users/erdalgunes/garmin-jailbot/source/MoodEngine.mc" id="160" lineNum="254" parent="globals/BlinkScheduler" pc="268453895" symbol="update"/>
        <entry filename="/Users/erdalgunes/garmin-jailbot/source/MoodEngine.mc" id="160" lineNum="256" parent="globals/BlinkScheduler" pc="268453925" symbol="update"/>
        <entry filename="/Users/erdalgunes/garmin-jailbot/source/MoodEngine.mc" id="160" lineNum="261" parent="globals/BlinkScheduler" pc="268453939" symbol="update"/>
        <entry filename="/Users/erdalgunes/garmin-jailbot/source/MoodEngine.mc" id="160" lineNum="262" parent="globals/BlinkScheduler" pc="268453964" symbol="update"/>
        <entry filename="/Users/erdalgunes/garmin-jailbot/source/MoodEngine.mc" id="160" lineNum="264" parent="globals/BlinkScheduler" pc="268453972" symbol="update"/>
        <entry filename="/Users/erdalgunes/garmin-jailbot/source/MoodEngine.mc" id="160" lineNum="265" parent="globals/BlinkScheduler" pc="268453983" symbol="update"/>
        <entry filename="/Users/erdalgunes/garmin-jailbot/source/MoodEngine.mc" id="161" lineNum="304" parent="globals/BlinkScheduler" pc="268454001" symbol="triggerEventBlink"/>
        <entry filename="/Users/erdalgunes/garmin-jailbot/source/MoodEngine.mc" id="161" lineNum="305" parent="globals/BlinkScheduler" pc="268454003" symbol="triggerEventBlink"/>
        <entry filename="/Users/erdalgunes/garmin-jailbot/source/MoodEngine.mc" id="162" lineNum="225" parent="globals/BlinkScheduler" pc="268454012" symbol="initialize"/>
        <entry filename="/Users/erdalgunes/garmin-jailbot/source/MoodEngine.mc" id="162" lineNum="226" parent="globals/BlinkScheduler" pc="268454014" symbol="initialize"/>
        <entry filename="/Users/erdalgunes/garmin-jailbot/source/MoodEngine.mc" id="162" lineNum="227" parent="globals/BlinkScheduler" pc="268454022" symbol="initialize"/>
        <entry filename="/Users/erdalgunes/garmin-jailbot/source/MoodEngine.mc" id="162" lineNum="228" parent="globals/BlinkScheduler" pc="268454030" symbol="initialize"/>
        <entry filename="/Users/erdalgunes/garmin-jailbot/source/MoodEngine.mc" id="162" lineNum="229" parent="globals/BlinkScheduler" pc="268454039" symbol="initialize"/>
        <entry filename="/Users/erdalgunes/garmin-jailbot/source/MoodEngine.mc" id="162" lineNum="230" parent="globals/BlinkScheduler" pc="268454047" symbol="initialize"/>
        <entry filename="/Users/erdalgunes/garmin-jailbot/source/MoodEngine.mc" id="162" lineNum="231" parent="globals/BlinkScheduler" pc="268454055" symbol="initialize"/>
        <entry filename="/Users/erdalgunes/garmin-jailbot/source/MoodEngine.mc" id="162" lineNum="233" parent="globals/BlinkScheduler" pc="268454063" symbol="initialize"/>
        <entry filename="/Users/erdalgunes/garmin-jailbot/source/MoodSystem.mc" id="163" lineNum="255" parent="globals/RecoveringState" pc="268454079" symbol="score"/>
        <entry filename="/Users/erdalgunes/garmin-jailbot/source/MoodSystem.mc" id="163" lineNum="256" parent="globals/RecoveringState" pc="268454081" symbol="score"/>
        <entry filename="/Users/erdalgunes/garmin-jailbot/source/MoodSystem.mc" id="163" lineNum="256" parent="globals/RecoveringState" pc="268454090" symbol="score"/>
        <entry filename="/Users/erdalgunes/garmin-jailbot/source/MoodSystem.mc" id="163" lineNum="257" parent="globals/RecoveringState" pc="268454099" symbol="score"/>
        <entry filename="/Users/erdalgunes/garmin-jailbot/source/MoodSystem.mc" id="163" lineNum="257" parent="globals/RecoveringState" pc="268454123" symbol="score"/>
        <entry filename="/Users/erdalgunes/garmin-jailbot/source/MoodSystem.mc" id="163" lineNum="258" parent="globals/RecoveringState" pc="268454132" symbol="score"/>
        <entry filename="/Users/erdalgunes/garmin-jailbot/source/MoodSystem.mc" id="164" lineNum="271" parent="globals/RecoveringState" pc="268454134" symbol="getExpression"/>
        <entry filename="/Users/erdalgunes/garmin-jailbot/source/MoodSystem.mc" id="164" lineNum="272" parent="globals/RecoveringState" pc="268454136" symbol="getExpression"/>
        <entry filename="/Users/erdalgunes/garmin-jailbot/source/MoodSystem.mc" id="165" lineNum="261" parent="globals/RecoveringState" pc="268454225" symbol="blinkProfile"/>
        <entry filename="/Users/erdalgunes/garmin-jailbot/source/MoodSystem.mc" id="165" lineNum="262" parent="globals/RecoveringState" pc="268454227" symbol="blinkProfile"/>
        <entry filename="/Users/erdalgunes/garmin-jailbot/source/MoodSystem.mc" id="166" lineNum="284" parent="globals/RecoveringState" pc="268454281" symbol="getEmoticon"/>
        <entry filename="/Users/erdalgunes/garmin-jailbot/source/MoodSystem.mc" id="166" lineNum="285" parent="globals/RecoveringState" pc="268454283" symbol="getEmoticon"/>
        <entry filename="/Users/erdalgunes/garmin-jailbot/source/MoodSystem.mc" id="167" lineNum="253" parent="globals/RecoveringState" pc="268454289" symbol="id"/>
        <entry filename="/Users/erdalgunes/garmin-jailbot/source/MoodSystem.mc" id="167" lineNum="253" parent="globals/RecoveringState" pc="268454291" symbol="id"/>
        <entry filename="/Users/erdalgunes/garmin-jailbot/source/PixelResolution.mc" id="169" lineNum="29" parent="globals/PixelResolution/PixelMetrics" pc="268454297" symbol="getCellX"/>
        <entry filename="/Users/erdalgunes/garmin-jailbot/source/PixelResolution.mc" id="169" lineNum="30" parent="globals/PixelResolution/PixelMetrics" pc="268454299" symbol="getCellX"/>
        <entry filename="/Users/erdalgunes/garmin-jailbot/source/PixelResolution.mc" id="170" lineNum="33" parent="globals/PixelResolution/PixelMetrics" pc="268454320" symbol="getCellY"/>
        <entry filename="/Users/erdalgunes/garmin-jailbot/source/PixelResolution.mc" id="170" lineNum="34" parent="globals/PixelResolution/PixelMetrics" pc="268454322" symbol="getCellY"/>
        <entry filename="/Users/erdalgunes/garmin-jailbot/source/PixelResolution.mc" id="171" lineNum="37" parent="globals/PixelResolution/PixelMetrics" pc="268454343" symbol="getTotalWidth"/>
        <entry filename="/Users/erdalgunes/garmin-jailbot/source/PixelResolution.mc" id="171" lineNum="38" parent="globals/PixelResolution/PixelMetrics" pc="268454345" symbol="getTotalWidth"/>
        <entry filename="/Users/erdalgunes/garmin-jailbot/source/PixelResolution.mc" id="172" lineNum="41" parent="globals/PixelResolution/PixelMetrics" pc="268454366" symbol="getTotalHeight"/>
        <entry filename="/Users/erdalgunes/garmin-jailbot/source/PixelResolution.mc" id="172" lineNum="42" parent="globals/PixelResolution/PixelMetrics" pc="268454368" symbol="getTotalHeight"/>
        <entry filename="/Users/erdalgunes/garmin-jailbot/source/PixelResolution.mc" id="173" lineNum="22" parent="globals/PixelResolution/PixelMetrics" pc="268454389" symbol="initialize"/>
        <entry filename="/Users/erdalgunes/garmin-jailbot/source/PixelResolution.mc" id="173" lineNum="23" parent="globals/PixelResolution/PixelMetrics" pc="268454391" symbol="initialize"/>
        <entry filename="/Users/erdalgunes/garmin-jailbot/source/PixelResolution.mc" id="173" lineNum="24" parent="globals/PixelResolution/PixelMetrics" pc="268454400" symbol="initialize"/>
        <entry filename="/Users/erdalgunes/garmin-jailbot/source/PixelResolution.mc" id="173" lineNum="25" parent="globals/PixelResolution/PixelMetrics" pc="268454409" symbol="initialize"/>
        <entry filename="/Users/erdalgunes/garmin-jailbot/source/PixelResolution.mc" id="173" lineNum="26" parent="globals/PixelResolution/PixelMetrics" pc="268454418" symbol="initialize"/>
        <entry filename="/Users/erdalgunes/garmin-jailbot/source/PixelResolution.mc" id="174" lineNum="57" parent="globals/PixelResolution/ResolutionManager" pc="268454428" symbol="updateScale"/>
        <entry filename="/Users/erdalgunes/garmin-jailbot/source/PixelResolution.mc" id="174" lineNum="58" parent="globals/PixelResolution/ResolutionManager" pc="268454431" symbol="updateScale"/>
        <entry filename="/Users/erdalgunes/garmin-jailbot/source/PixelResolution.mc" id="174" lineNum="59" parent="globals/PixelResolution/ResolutionManager" pc="268454440" symbol="updateScale"/>
        <entry filename="/Users/erdalgunes/garmin-jailbot/source/PixelResolution.mc" id="174" lineNum="61" parent="globals/PixelResolution/ResolutionManager" pc="268454450" symbol="updateScale"/>
        <entry filename="/Users/erdalgunes/garmin-jailbot/source/PixelResolution.mc" id="174" lineNum="62" parent="globals/PixelResolution/ResolutionManager" pc="268454477" symbol="updateScale"/>
        <entry filename="/Users/erdalgunes/garmin-jailbot/source/PixelResolution.mc" id="174" lineNum="62" parent="globals/PixelResolution/ResolutionManager" pc="268454488" symbol="updateScale"/>
        <entry filename="/Users/erdalgunes/garmin-jailbot/source/PixelResolution.mc" id="174" lineNum="64" parent="globals/PixelResolution/ResolutionManager" pc="268454500" symbol="updateScale"/>
        <entry filename="/Users/erdalgunes/garmin-jailbot/source/PixelResolution.mc" id="174" lineNum="65" parent="globals/PixelResolution/ResolutionManager" pc="268454527" symbol="updateScale"/>
        <entry filename="/Users/erdalgunes/garmin-jailbot/source/PixelResolution.mc" id="174" lineNum="65" parent="globals/PixelResolution/ResolutionManager" pc="268454537" symbol="updateScale"/>
        <entry filename="/Users/erdalgunes/garmin-jailbot/source/PixelResolution.mc" id="175" lineNum="80" parent="globals/PixelResolution/ResolutionManager" pc="268454549" symbol="setGap"/>
        <entry filename="/Users/erdalgunes/garmin-jailbot/source/PixelResolution.mc" id="175" lineNum="81" parent="globals/PixelResolution/ResolutionManager" pc="268454551" symbol="setGap"/>
        <entry filename="/Users/erdalgunes/garmin-jailbot/source/PixelResolution.mc" id="176" lineNum="84" parent="globals/PixelResolution/ResolutionManager" pc="268454561" symbol="centerGrid"/>
        <entry filename="/Users/erdalgunes/garmin-jailbot/source/PixelResolution.mc" id="176" lineNum="85" parent="globals/PixelResolution/ResolutionManager" pc="268454564" symbol="centerGrid"/>
        <entry filename="/Users/erdalgunes/garmin-jailbot/source/PixelResolution.mc" id="176" lineNum="86" parent="globals/PixelResolution/ResolutionManager" pc="268454596" symbol="centerGrid"/>
        <entry filename="/Users/erdalgunes/garmin-jailbot/source/PixelResolution.mc" id="176" lineNum="87" parent="globals/PixelResolution/ResolutionManager" pc="268454613" symbol="centerGrid"/>
        <entry filename="/Users/erdalgunes/garmin-jailbot/source/PixelResolution.mc" id="176" lineNum="89" parent="globals/PixelResolution/ResolutionManager" pc="268454630" symbol="centerGrid"/>
        <entry filename="/Users/erdalgunes/garmin-jailbot/source/PixelResolution.mc" id="176" lineNum="90" parent="globals/PixelResolution/ResolutionManager" pc="268454646" symbol="centerGrid"/>
        <entry filename="/Users/erdalgunes/garmin-jailbot/source/PixelResolution.mc" id="176" lineNum="92" parent="globals/PixelResolution/ResolutionManager" pc="268454662" symbol="centerGrid"/>
        <entry filename="/Users/erdalgunes/garmin-jailbot/source/PixelResolution.mc" id="178" lineNum="68" parent="globals/PixelResolution/ResolutionManager" pc="268454665" symbol="dp"/>
        <entry filename="/Users/erdalgunes/garmin-jailbot/source/PixelResolution.mc" id="178" lineNum="69" parent="globals/PixelResolution/ResolutionManager" pc="268454668" symbol="dp"/>
        <entry filename="/Users/erdalgunes/garmin-jailbot/source/PixelResolution.mc" id="178" lineNum="70" parent="globals/PixelResolution/ResolutionManager" pc="268454677" symbol="dp"/>
        <entry filename="/Users/erdalgunes/garmin-jailbot/source/PixelResolution.mc" id="178" lineNum="71" parent="globals/PixelResolution/ResolutionManager" pc="268454687" symbol="dp"/>
        <entry filename="/Users/erdalgunes/garmin-jailbot/source/PixelResolution.mc" id="178" lineNum="72" parent="globals/PixelResolution/ResolutionManager" pc="268454706" symbol="dp"/>
        <entry filename="/Users/erdalgunes/garmin-jailbot/source/PixelResolution.mc" id="178" lineNum="72" parent="globals/PixelResolution/ResolutionManager" pc="268454714" symbol="dp"/>
        <entry filename="/Users/erdalgunes/garmin-jailbot/source/PixelResolution.mc" id="178" lineNum="73" parent="globals/PixelResolution/ResolutionManager" pc="268454721" symbol="dp"/>
        <entry filename="/Users/erdalgunes/garmin-jailbot/source/PixelResolution.mc" id="179" lineNum="76" parent="globals/PixelResolution/ResolutionManager" pc="268454724" symbol="setBlockSize"/>
        <entry filename="/Users/erdalgunes/garmin-jailbot/source/PixelResolution.mc" id="179" lineNum="77" parent="globals/PixelResolution/ResolutionManager" pc="268454726" symbol="setBlockSize"/>
        <entry filename="/Users/erdalgunes/garmin-jailbot/source/PixelResolution.mc" id="180" lineNum="95" parent="globals/PixelResolution/ResolutionManager" pc="268454736" symbol="positionGrid"/>
        <entry filename="/Users/erdalgunes/garmin-jailbot/source/PixelResolution.mc" id="180" lineNum="96" parent="globals/PixelResolution/ResolutionManager" pc="268454738" symbol="positionGrid"/>
        <entry filename="/Users/erdalgunes/garmin-jailbot/source/PixelResolution.mc" id="181" lineNum="10" parent="globals/PixelResolution/GridSpec" pc="268454771" symbol="initialize"/>
        <entry filename="/Users/erdalgunes/garmin-jailbot/source/PixelResolution.mc" id="181" lineNum="11" parent="globals/PixelResolution/GridSpec" pc="268454773" symbol="initialize"/>
        <entry filename="/Users/erdalgunes/garmin-jailbot/source/PixelResolution.mc" id="181" lineNum="12" parent="globals/PixelResolution/GridSpec" pc="268454782" symbol="initialize"/>
        <entry filename="/Users/erdalgunes/garmin-jailbot/source/PixelResolution.mc" id="182" lineNum="124" parent="globals/PixelResolution/PixelRenderer" pc="268454792" symbol="drawRectangle"/>
        <entry filename="/Users/erdalgunes/garmin-jailbot/source/PixelResolution.mc" id="182" lineNum="125" parent="globals/PixelResolution/PixelRenderer" pc="268454795" symbol="drawRectangle"/>
        <entry filename="/Users/erdalgunes/garmin-jailbot/source/PixelResolution.mc" id="182" lineNum="126" parent="globals/PixelResolution/PixelRenderer" pc="268454806" symbol="drawRectangle"/>
        <entry filename="/Users/erdalgunes/garmin-jailbot/source/PixelResolution.mc" id="182" lineNum="127" parent="globals/PixelResolution/PixelRenderer" pc="268454817" symbol="drawRectangle"/>
        <entry filename="/Users/erdalgunes/garmin-jailbot/source/PixelResolution.mc" id="183" lineNum="109" parent="globals/PixelResolution/PixelRenderer" pc="268454908" symbol="drawGrid"/>
        <entry filename="/Users/erdalgunes/garmin-jailbot/source/PixelResolution.mc" id="183" lineNum="110" parent="globals/PixelResolution/PixelRenderer" pc="268454911" symbol="drawGrid"/>
        <entry filename="/Users/erdalgunes/garmin-jailbot/source/PixelResolution.mc" id="183" lineNum="111" parent="globals/PixelResolution/PixelRenderer" pc="268454926" symbol="drawGrid"/>
        <entry filename="/Users/erdalgunes/garmin-jailbot/source/PixelResolution.mc" id="183" lineNum="112" parent="globals/PixelResolution/PixelRenderer" pc="268454941" symbol="drawGrid"/>
        <entry filename="/Users/erdalgunes/garmin-jailbot/source/PixelResolution.mc" id="183" lineNum="113" parent="globals/PixelResolution/PixelRenderer" pc="268454970" symbol="drawGrid"/>
        <entry filename="/Users/erdalgunes/garmin-jailbot/source/PixelResolution.mc" id="184" lineNum="104" parent="globals/PixelResolution/PixelRenderer" pc="268455058" symbol="initialize"/>
        <entry filename="/Users/erdalgunes/garmin-jailbot/source/PixelResolution.mc" id="184" lineNum="105" parent="globals/PixelResolution/PixelRenderer" pc="268455060" symbol="initialize"/>
        <entry filename="/Users/erdalgunes/garmin-jailbot/source/PixelResolution.mc" id="184" lineNum="106" parent="globals/PixelResolution/PixelRenderer" pc="268455069" symbol="initialize"/>
        <entry filename="/Users/erdalgunes/garmin-jailbot/source/PixelTimeComponents.mc" id="185" lineNum="145" parent="globals/PixelTime/TimeDisplay" pc="268455079" symbol="drawDigit"/>
        <entry filename="/Users/erdalgunes/garmin-jailbot/source/PixelTimeComponents.mc" id="185" lineNum="146" parent="globals/PixelTime/TimeDisplay" pc="268455082" symbol="drawDigit"/>
        <entry filename="/Users/erdalgunes/garmin-jailbot/source/PixelTimeComponents.mc" id="185" lineNum="147" parent="globals/PixelTime/TimeDisplay" pc="268455097" symbol="drawDigit"/>
        <entry filename="/Users/erdalgunes/garmin-jailbot/source/PixelTimeComponents.mc" id="185" lineNum="148" parent="globals/PixelTime/TimeDisplay" pc="268455116" symbol="drawDigit"/>
        <entry filename="/Users/erdalgunes/garmin-jailbot/source/PixelTimeComponents.mc" id="185" lineNum="150" parent="globals/PixelTime/TimeDisplay" pc="268455144" symbol="drawDigit"/>
        <entry filename="/Users/erdalgunes/garmin-jailbot/source/PixelTimeComponents.mc" id="185" lineNum="151" parent="globals/PixelTime/TimeDisplay" pc="268455158" symbol="drawDigit"/>
        <entry filename="/Users/erdalgunes/garmin-jailbot/source/PixelTimeComponents.mc" id="185" lineNum="152" parent="globals/PixelTime/TimeDisplay" pc="268455172" symbol="drawDigit"/>
        <entry filename="/Users/erdalgunes/garmin-jailbot/source/PixelTimeComponents.mc" id="185" lineNum="153" parent="globals/PixelTime/TimeDisplay" pc="268455186" symbol="drawDigit"/>
        <entry filename="/Users/erdalgunes/garmin-jailbot/source/PixelTimeComponents.mc" id="186" lineNum="78" parent="globals/PixelTime/TimeDisplay" pc="268455228" symbol="initialize"/>
        <entry filename="/Users/erdalgunes/garmin-jailbot/source/PixelTimeComponents.mc" id="186" lineNum="79" parent="globals/PixelTime/TimeDisplay" pc="268455230" symbol="initialize"/>
        <entry filename="/Users/erdalgunes/garmin-jailbot/source/PixelTimeComponents.mc" id="187" lineNum="82" parent="globals/PixelTime/TimeDisplay" pc="268455260" symbol="draw"/>
        <entry filename="/Users/erdalgunes/garmin-jailbot/source/PixelTimeComponents.mc" id="187" lineNum="83" parent="globals/PixelTime/TimeDisplay" pc="268455263" symbol="draw"/>
        <entry filename="/Users/erdalgunes/garmin-jailbot/source/PixelTimeComponents.mc" id="187" lineNum="84" parent="globals/PixelTime/TimeDisplay" pc="268455275" symbol="draw"/>
        <entry filename="/Users/erdalgunes/garmin-jailbot/source/PixelTimeComponents.mc" id="187" lineNum="85" parent="globals/PixelTime/TimeDisplay" pc="268455283" symbol="draw"/>
        <entry filename="/Users/erdalgunes/garmin-jailbot/source/PixelTimeComponents.mc" id="187" lineNum="87" parent="globals/PixelTime/TimeDisplay" pc="268455291" symbol="draw"/>
        <entry filename="/Users/erdalgunes/garmin-jailbot/source/PixelTimeComponents.mc" id="187" lineNum="88" parent="globals/PixelTime/TimeDisplay" pc="268455308" symbol="draw"/>
        <entry filename="/Users/erdalgunes/garmin-jailbot/source/PixelTimeComponents.mc" id="187" lineNum="89" parent="globals/PixelTime/TimeDisplay" pc="268455314" symbol="draw"/>
        <entry filename="/Users/erdalgunes/garmin-jailbot/source/PixelTimeComponents.mc" id="187" lineNum="90" parent="globals/PixelTime/TimeDisplay" pc="268455321" symbol="draw"/>
        <entry filename="/Users/erdalgunes/garmin-jailbot/source/PixelTimeComponents.mc" id="187" lineNum="91" parent="globals/PixelTime/TimeDisplay" pc="268455328" symbol="draw"/>
        <entry filename="/Users/erdalgunes/garmin-jailbot/source/PixelTimeComponents.mc" id="187" lineNum="92" parent="globals/PixelTime/TimeDisplay" pc="268455336" symbol="draw"/>
        <entry filename="/Users/erdalgunes/garmin-jailbot/source/PixelTimeComponents.mc" id="187" lineNum="96" parent="globals/PixelTime/TimeDisplay" pc="268455349" symbol="draw"/>
        <entry filename="/Users/erdalgunes/garmin-jailbot/source/PixelTimeComponents.mc" id="187" lineNum="99" parent="globals/PixelTime/TimeDisplay" pc="268455366" symbol="draw"/>
        <entry filename="/Users/erdalgunes/garmin-jailbot/source/PixelTimeComponents.mc" id="187" lineNum="101" parent="globals/PixelTime/TimeDisplay" pc="268455382" symbol="draw"/>
        <entry filename="/Users/erdalgunes/garmin-jailbot/source/PixelTimeComponents.mc" id="187" lineNum="102" parent="globals/PixelTime/TimeDisplay" pc="268455394" symbol="draw"/>
        <entry filename="/Users/erdalgunes/garmin-jailbot/source/PixelTimeComponents.mc" id="187" lineNum="105" parent="globals/PixelTime/TimeDisplay" pc="268455406" symbol="draw"/>
        <entry filename="/Users/erdalgunes/garmin-jailbot/source/PixelTimeComponents.mc" id="187" lineNum="106" parent="globals/PixelTime/TimeDisplay" pc="268455428" symbol="draw"/>
        <entry filename="/Users/erdalgunes/garmin-jailbot/source/PixelTimeComponents.mc" id="187" lineNum="107" parent="globals/PixelTime/TimeDisplay" pc="268455450" symbol="draw"/>
        <entry filename="/Users/erdalgunes/garmin-jailbot/source/PixelTimeComponents.mc" id="187" lineNum="108" parent="globals/PixelTime/TimeDisplay" pc="268455454" symbol="draw"/>
        <entry filename="/Users/erdalgunes/garmin-jailbot/source/PixelTimeComponents.mc" id="187" lineNum="111" parent="globals/PixelTime/TimeDisplay" pc="268455467" symbol="draw"/>
        <entry filename="/Users/erdalgunes/garmin-jailbot/source/PixelTimeComponents.mc" id="187" lineNum="112" parent="globals/PixelTime/TimeDisplay" pc="268455483" symbol="draw"/>
        <entry filename="/Users/erdalgunes/garmin-jailbot/source/PixelTimeComponents.mc" id="187" lineNum="113" parent="globals/PixelTime/TimeDisplay" pc="268455493" symbol="draw"/>
        <entry filename="/Users/erdalgunes/garmin-jailbot/source/PixelTimeComponents.mc" id="187" lineNum="116" parent="globals/PixelTime/TimeDisplay" pc="268455497" symbol="draw"/>
        <entry filename="/Users/erdalgunes/garmin-jailbot/source/PixelTimeComponents.mc" id="187" lineNum="117" parent="globals/PixelTime/TimeDisplay" pc="268455504" symbol="draw"/>
        <entry filename="/Users/erdalgunes/garmin-jailbot/source/PixelTimeComponents.mc" id="187" lineNum="120" parent="globals/PixelTime/TimeDisplay" pc="268455521" symbol="draw"/>
        <entry filename="/Users/erdalgunes/garmin-jailbot/source/PixelTimeComponents.mc" id="187" lineNum="121" parent="globals/PixelTime/TimeDisplay" pc="268455528" symbol="draw"/>
        <entry filename="/Users/erdalgunes/garmin-jailbot/source/PixelTimeComponents.mc" id="187" lineNum="124" parent="globals/PixelTime/TimeDisplay" pc="268455551" symbol="draw"/>
        <entry filename="/Users/erdalgunes/garmin-jailbot/source/PixelTimeComponents.mc" id="187" lineNum="125" parent="globals/PixelTime/TimeDisplay" pc="268455564" symbol="draw"/>
        <entry filename="/Users/erdalgunes/garmin-jailbot/source/PixelTimeComponents.mc" id="187" lineNum="126" parent="globals/PixelTime/TimeDisplay" pc="268455574" symbol="draw"/>
        <entry filename="/Users/erdalgunes/garmin-jailbot/source/PixelTimeComponents.mc" id="187" lineNum="128" parent="globals/PixelTime/TimeDisplay" pc="268455587" symbol="draw"/>
        <entry filename="/Users/erdalgunes/garmin-jailbot/source/PixelTimeComponents.mc" id="187" lineNum="129" parent="globals/PixelTime/TimeDisplay" pc="268455606" symbol="draw"/>
        <entry filename="/Users/erdalgunes/garmin-jailbot/source/PixelTimeComponents.mc" id="187" lineNum="130" parent="globals/PixelTime/TimeDisplay" pc="268455634" symbol="draw"/>
        <entry filename="/Users/erdalgunes/garmin-jailbot/source/PixelTimeComponents.mc" id="187" lineNum="132" parent="globals/PixelTime/TimeDisplay" pc="268455650" symbol="draw"/>
        <entry filename="/Users/erdalgunes/garmin-jailbot/source/PixelTimeComponents.mc" id="187" lineNum="133" parent="globals/PixelTime/TimeDisplay" pc="268455669" symbol="draw"/>
        <entry filename="/Users/erdalgunes/garmin-jailbot/source/PixelTimeComponents.mc" id="187" lineNum="134" parent="globals/PixelTime/TimeDisplay" pc="268455697" symbol="draw"/>
        <entry filename="/Users/erdalgunes/garmin-jailbot/source/PixelTimeComponents.mc" id="187" lineNum="137" parent="globals/PixelTime/TimeDisplay" pc="268455713" symbol="draw"/>
        <entry filename="/Users/erdalgunes/garmin-jailbot/source/PixelTimeComponents.mc" id="187" lineNum="138" parent="globals/PixelTime/TimeDisplay" pc="268455720" symbol="draw"/>
        <entry filename="/Users/erdalgunes/garmin-jailbot/source/PixelTimeComponents.mc" id="187" lineNum="141" parent="globals/PixelTime/TimeDisplay" pc="268455743" symbol="draw"/>
        <entry filename="/Users/erdalgunes/garmin-jailbot/source/PixelTimeComponents.mc" id="187" lineNum="142" parent="globals/PixelTime/TimeDisplay" pc="268455750" symbol="draw"/>
        <entry filename="/Users/erdalgunes/garmin-jailbot/source/AODComponents.mc" id="189" lineNum="138" parent="globals/AOD/MinimalTimeDisplay" pc="268455780" symbol="drawHollowDigit"/>
        <entry filename="/Users/erdalgunes/garmin-jailbot/source/AODComponents.mc" id="189" lineNum="140" parent="globals/AOD/MinimalTimeDisplay" pc="268455783" symbol="drawHollowDigit"/>
        <entry filename="/Users/erdalgunes/garmin-jailbot/source/AODComponents.mc" id="189" lineNum="141" parent="globals/AOD/MinimalTimeDisplay" pc="268455794" symbol="drawHollowDigit"/>
        <entry filename="/Users/erdalgunes/garmin-jailbot/source/AODComponents.mc" id="189" lineNum="142" parent="globals/AOD/MinimalTimeDisplay" pc="268455805" symbol="drawHollowDigit"/>
        <entry filename="/Users/erdalgunes/garmin-jailbot/source/AODComponents.mc" id="189" lineNum="144" parent="globals/AOD/MinimalTimeDisplay" pc="268455819" symbol="drawHollowDigit"/>
        <entry filename="/Users/erdalgunes/garmin-jailbot/source/AODComponents.mc" id="189" lineNum="147" parent="globals/AOD/MinimalTimeDisplay" pc="268455822" symbol="drawHollowDigit"/>
        <entry filename="/Users/erdalgunes/garmin-jailbot/source/AODComponents.mc" id="189" lineNum="148" parent="globals/AOD/MinimalTimeDisplay" pc="268455852" symbol="drawHollowDigit"/>
        <entry filename="/Users/erdalgunes/garmin-jailbot/source/AODComponents.mc" id="189" lineNum="149" parent="globals/AOD/MinimalTimeDisplay" pc="268455858" symbol="drawHollowDigit"/>
        <entry filename="/Users/erdalgunes/garmin-jailbot/source/AODComponents.mc" id="189" lineNum="151" parent="globals/AOD/MinimalTimeDisplay" pc="268455922" symbol="drawHollowDigit"/>
        <entry filename="/Users/erdalgunes/garmin-jailbot/source/AODComponents.mc" id="189" lineNum="154" parent="globals/AOD/MinimalTimeDisplay" pc="268455928" symbol="drawHollowDigit"/>
        <entry filename="/Users/erdalgunes/garmin-jailbot/source/AODComponents.mc" id="189" lineNum="155" parent="globals/AOD/MinimalTimeDisplay" pc="268455933" symbol="drawHollowDigit"/>
        <entry filename="/Users/erdalgunes/garmin-jailbot/source/AODComponents.mc" id="190" lineNum="168" parent="globals/AOD/MinimalTimeDisplay" pc="268455981" symbol="drawPixelDot"/>
        <entry filename="/Users/erdalgunes/garmin-jailbot/source/AODComponents.mc" id="190" lineNum="170" parent="globals/AOD/MinimalTimeDisplay" pc="268455984" symbol="drawPixelDot"/>
        <entry filename="/Users/erdalgunes/garmin-jailbot/source/AODComponents.mc" id="190" lineNum="171" parent="globals/AOD/MinimalTimeDisplay" pc="268456002" symbol="drawPixelDot"/>
        <entry filename="/Users/erdalgunes/garmin-jailbot/source/AODComponents.mc" id="190" lineNum="172" parent="globals/AOD/MinimalTimeDisplay" pc="268456020" symbol="drawPixelDot"/>
        <entry filename="/Users/erdalgunes/garmin-jailbot/source/AODComponents.mc" id="190" lineNum="173" parent="globals/AOD/MinimalTimeDisplay" pc="268456033" symbol="drawPixelDot"/>
        <entry filename="/Users/erdalgunes/garmin-jailbot/source/AODComponents.mc" id="191" lineNum="79" parent="globals/AOD/MinimalTimeDisplay" pc="268456057" symbol="drawAOD"/>
        <entry filename="/Users/erdalgunes/garmin-jailbot/source/AODComponents.mc" id="191" lineNum="80" parent="globals/AOD/MinimalTimeDisplay" pc="268456060" symbol="drawAOD"/>
        <entry filename="/Users/erdalgunes/garmin-jailbot/source/AODComponents.mc" id="191" lineNum="81" parent="globals/AOD/MinimalTimeDisplay" pc="268456072" symbol="drawAOD"/>
        <entry filename="/Users/erdalgunes/garmin-jailbot/source/AODComponents.mc" id="191" lineNum="82" parent="globals/AOD/MinimalTimeDisplay" pc="268456080" symbol="drawAOD"/>
        <entry filename="/Users/erdalgunes/garmin-jailbot/source/AODComponents.mc" id="191" lineNum="85" parent="globals/AOD/MinimalTimeDisplay" pc="268456088" symbol="drawAOD"/>
        <entry filename="/Users/erdalgunes/garmin-jailbot/source/AODComponents.mc" id="191" lineNum="86" parent="globals/AOD/MinimalTimeDisplay" pc="268456100" symbol="drawAOD"/>
        <entry filename="/Users/erdalgunes/garmin-jailbot/source/AODComponents.mc" id="191" lineNum="88" parent="globals/AOD/MinimalTimeDisplay" pc="268456108" symbol="drawAOD"/>
        <entry filename="/Users/erdalgunes/garmin-jailbot/source/AODComponents.mc" id="191" lineNum="89" parent="globals/AOD/MinimalTimeDisplay" pc="268456125" symbol="drawAOD"/>
        <entry filename="/Users/erdalgunes/garmin-jailbot/source/AODComponents.mc" id="191" lineNum="90" parent="globals/AOD/MinimalTimeDisplay" pc="268456131" symbol="drawAOD"/>
        <entry filename="/Users/erdalgunes/garmin-jailbot/source/AODComponents.mc" id="191" lineNum="91" parent="globals/AOD/MinimalTimeDisplay" pc="268456138" symbol="drawAOD"/>
        <entry filename="/Users/erdalgunes/garmin-jailbot/source/AODComponents.mc" id="191" lineNum="92" parent="globals/AOD/MinimalTimeDisplay" pc="268456145" symbol="drawAOD"/>
        <entry filename="/Users/erdalgunes/garmin-jailbot/source/AODComponents.mc" id="191" lineNum="93" parent="globals/AOD/MinimalTimeDisplay" pc="268456153" symbol="drawAOD"/>
        <entry filename="/Users/erdalgunes/garmin-jailbot/source/AODComponents.mc" id="191" lineNum="98" parent="globals/AOD/MinimalTimeDisplay" pc="268456166" symbol="drawAOD"/>
        <entry filename="/Users/erdalgunes/garmin-jailbot/source/AODComponents.mc" id="191" lineNum="101" parent="globals/AOD/MinimalTimeDisplay" pc="268456182" symbol="drawAOD"/>
        <entry filename="/Users/erdalgunes/garmin-jailbot/source/AODComponents.mc" id="191" lineNum="102" parent="globals/AOD/MinimalTimeDisplay" pc="268456210" symbol="drawAOD"/>
        <entry filename="/Users/erdalgunes/garmin-jailbot/source/AODComponents.mc" id="191" lineNum="103" parent="globals/AOD/MinimalTimeDisplay" pc="268456231" symbol="drawAOD"/>
        <entry filename="/Users/erdalgunes/garmin-jailbot/source/AODComponents.mc" id="191" lineNum="106" parent="globals/AOD/MinimalTimeDisplay" pc="268456259" symbol="drawAOD"/>
        <entry filename="/Users/erdalgunes/garmin-jailbot/source/AODComponents.mc" id="191" lineNum="107" parent="globals/AOD/MinimalTimeDisplay" pc="268456271" symbol="drawAOD"/>
        <entry filename="/Users/erdalgunes/garmin-jailbot/source/AODComponents.mc" id="191" lineNum="108" parent="globals/AOD/MinimalTimeDisplay" pc="268456288" symbol="drawAOD"/>
        <entry filename="/Users/erdalgunes/garmin-jailbot/source/AODComponents.mc" id="191" lineNum="109" parent="globals/AOD/MinimalTimeDisplay" pc="268456305" symbol="drawAOD"/>
        <entry filename="/Users/erdalgunes/garmin-jailbot/source/AODComponents.mc" id="191" lineNum="117" parent="globals/AOD/MinimalTimeDisplay" pc="268456365" symbol="drawAOD"/>
        <entry filename="/Users/erdalgunes/garmin-jailbot/source/AODComponents.mc" id="191" lineNum="119" parent="globals/AOD/MinimalTimeDisplay" pc="268456381" symbol="drawAOD"/>
        <entry filename="/Users/erdalgunes/garmin-jailbot/source/AODComponents.mc" id="191" lineNum="120" parent="globals/AOD/MinimalTimeDisplay" pc="268456388" symbol="drawAOD"/>
        <entry filename="/Users/erdalgunes/garmin-jailbot/source/AODComponents.mc" id="191" lineNum="121" parent="globals/AOD/MinimalTimeDisplay" pc="268456395" symbol="drawAOD"/>
        <entry filename="/Users/erdalgunes/garmin-jailbot/source/AODComponents.mc" id="191" lineNum="122" parent="globals/AOD/MinimalTimeDisplay" pc="268456402" symbol="drawAOD"/>
        <entry filename="/Users/erdalgunes/garmin-jailbot/source/AODComponents.mc" id="191" lineNum="125" parent="globals/AOD/MinimalTimeDisplay" pc="268456409" symbol="drawAOD"/>
        <entry filename="/Users/erdalgunes/garmin-jailbot/source/AODComponents.mc" id="191" lineNum="126" parent="globals/AOD/MinimalTimeDisplay" pc="268456432" symbol="drawAOD"/>
        <entry filename="/Users/erdalgunes/garmin-jailbot/source/AODComponents.mc" id="191" lineNum="129" parent="globals/AOD/MinimalTimeDisplay" pc="268456455" symbol="drawAOD"/>
        <entry filename="/Users/erdalgunes/garmin-jailbot/source/AODComponents.mc" id="191" lineNum="131" parent="globals/AOD/MinimalTimeDisplay" pc="268456470" symbol="drawAOD"/>
        <entry filename="/Users/erdalgunes/garmin-jailbot/source/AODComponents.mc" id="191" lineNum="132" parent="globals/AOD/MinimalTimeDisplay" pc="268456493" symbol="drawAOD"/>
        <entry filename="/Users/erdalgunes/garmin-jailbot/source/AODComponents.mc" id="191" lineNum="135" parent="globals/AOD/MinimalTimeDisplay" pc="268456516" symbol="drawAOD"/>
        <entry filename="/Users/erdalgunes/garmin-jailbot/source/AODComponents.mc" id="192" lineNum="176" parent="globals/AOD/MinimalTimeDisplay" pc="268456535" symbol="drawGhostJailbot"/>
        <entry filename="/Users/erdalgunes/garmin-jailbot/source/AODComponents.mc" id="192" lineNum="177" parent="globals/AOD/MinimalTimeDisplay" pc="268456538" symbol="drawGhostJailbot"/>
        <entry filename="/Users/erdalgunes/garmin-jailbot/source/AODComponents.mc" id="192" lineNum="178" parent="globals/AOD/MinimalTimeDisplay" pc="268456545" symbol="drawGhostJailbot"/>
        <entry filename="/Users/erdalgunes/garmin-jailbot/source/AODComponents.mc" id="192" lineNum="181" parent="globals/AOD/MinimalTimeDisplay" pc="268456552" symbol="drawGhostJailbot"/>
        <entry filename="/Users/erdalgunes/garmin-jailbot/source/AODComponents.mc" id="192" lineNum="182" parent="globals/AOD/MinimalTimeDisplay" pc="268456564" symbol="drawGhostJailbot"/>
        <entry filename="/Users/erdalgunes/garmin-jailbot/source/AODComponents.mc" id="192" lineNum="185" parent="globals/AOD/MinimalTimeDisplay" pc="268456599" symbol="drawGhostJailbot"/>
        <entry filename="/Users/erdalgunes/garmin-jailbot/source/AODComponents.mc" id="192" lineNum="186" parent="globals/AOD/MinimalTimeDisplay" pc="268456611" symbol="drawGhostJailbot"/>
        <entry filename="/Users/erdalgunes/garmin-jailbot/source/AODComponents.mc" id="192" lineNum="190" parent="globals/AOD/MinimalTimeDisplay" pc="268456619" symbol="drawGhostJailbot"/>
        <entry filename="/Users/erdalgunes/garmin-jailbot/source/AODComponents.mc" id="192" lineNum="192" parent="globals/AOD/MinimalTimeDisplay" pc="268456641" symbol="drawGhostJailbot"/>
        <entry filename="/Users/erdalgunes/garmin-jailbot/source/AODComponents.mc" id="192" lineNum="193" parent="globals/AOD/MinimalTimeDisplay" pc="268456651" symbol="drawGhostJailbot"/>
        <entry filename="/Users/erdalgunes/garmin-jailbot/source/AODComponents.mc" id="192" lineNum="194" parent="globals/AOD/MinimalTimeDisplay" pc="268456661" symbol="drawGhostJailbot"/>
        <entry filename="/Users/erdalgunes/garmin-jailbot/source/AODComponents.mc" id="192" lineNum="196" parent="globals/AOD/MinimalTimeDisplay" pc="268456671" symbol="drawGhostJailbot"/>
        <entry filename="/Users/erdalgunes/garmin-jailbot/source/AODComponents.mc" id="192" lineNum="198" parent="globals/AOD/MinimalTimeDisplay" pc="268456676" symbol="drawGhostJailbot"/>
        <entry filename="/Users/erdalgunes/garmin-jailbot/source/AODComponents.mc" id="192" lineNum="199" parent="globals/AOD/MinimalTimeDisplay" pc="268456700" symbol="drawGhostJailbot"/>
        <entry filename="/Users/erdalgunes/garmin-jailbot/source/AODComponents.mc" id="192" lineNum="202" parent="globals/AOD/MinimalTimeDisplay" pc="268456727" symbol="drawGhostJailbot"/>
        <entry filename="/Users/erdalgunes/garmin-jailbot/source/AODComponents.mc" id="192" lineNum="203" parent="globals/AOD/MinimalTimeDisplay" pc="268456743" symbol="drawGhostJailbot"/>
        <entry filename="/Users/erdalgunes/garmin-jailbot/source/AODComponents.mc" id="192" lineNum="207" parent="globals/AOD/MinimalTimeDisplay" pc="268456759" symbol="drawGhostJailbot"/>
        <entry filename="/Users/erdalgunes/garmin-jailbot/source/AODComponents.mc" id="192" lineNum="208" parent="globals/AOD/MinimalTimeDisplay" pc="268456769" symbol="drawGhostJailbot"/>
        <entry filename="/Users/erdalgunes/garmin-jailbot/source/AODComponents.mc" id="193" lineNum="75" parent="globals/AOD/MinimalTimeDisplay" pc="268456800" symbol="initialize"/>
        <entry filename="/Users/erdalgunes/garmin-jailbot/source/AODComponents.mc" id="193" lineNum="76" parent="globals/AOD/MinimalTimeDisplay" pc="268456802" symbol="initialize"/>
        <entry filename="/Users/erdalgunes/garmin-jailbot/source/AODComponents.mc" id="194" lineNum="162" parent="globals/AOD/MinimalTimeDisplay" pc="268456832" symbol="drawMinimalColon"/>
        <entry filename="/Users/erdalgunes/garmin-jailbot/source/AODComponents.mc" id="194" lineNum="164" parent="globals/AOD/MinimalTimeDisplay" pc="268456834" symbol="drawMinimalColon"/>
        <entry filename="/Users/erdalgunes/garmin-jailbot/source/AODComponents.mc" id="194" lineNum="165" parent="globals/AOD/MinimalTimeDisplay" pc="268456852" symbol="drawMinimalColon"/>
        <entry filename="/Users/erdalgunes/garmin-jailbot/source/AnalogComponents.mc" id="195" lineNum="12" parent="globals/AnalogClock/HourHand" pc="268456871" symbol="setup"/>
        <entry filename="/Users/erdalgunes/garmin-jailbot/source/AnalogComponents.mc" id="195" lineNum="13" parent="globals/AnalogClock/HourHand" pc="268456873" symbol="setup"/>
        <entry filename="/Users/erdalgunes/garmin-jailbot/source/AnalogComponents.mc" id="195" lineNum="14" parent="globals/AnalogClock/HourHand" pc="268456888" symbol="setup"/>
        <entry filename="/Users/erdalgunes/garmin-jailbot/source/AnalogComponents.mc" id="195" lineNum="15" parent="globals/AnalogClock/HourHand" pc="268456897" symbol="setup"/>
        <entry filename="/Users/erdalgunes/garmin-jailbot/source/AnalogComponents.mc" id="196" lineNum="18" parent="globals/AnalogClock/HourHand" pc="268456910" symbol="draw"/>
        <entry filename="/Users/erdalgunes/garmin-jailbot/source/AnalogComponents.mc" id="196" lineNum="20" parent="globals/AnalogClock/HourHand" pc="268456913" symbol="draw"/>
        <entry filename="/Users/erdalgunes/garmin-jailbot/source/AnalogComponents.mc" id="196" lineNum="21" parent="globals/AnalogClock/HourHand" pc="268456938" symbol="draw"/>
        <entry filename="/Users/erdalgunes/garmin-jailbot/source/AnalogComponents.mc" id="196" lineNum="22" parent="globals/AnalogClock/HourHand" pc="268456963" symbol="draw"/>
        <entry filename="/Users/erdalgunes/garmin-jailbot/source/AnalogComponents.mc" id="196" lineNum="23" parent="globals/AnalogClock/HourHand" pc="268456994" symbol="draw"/>
        <entry filename="/Users/erdalgunes/garmin-jailbot/source/AnalogComponents.mc" id="196" lineNum="25" parent="globals/AnalogClock/HourHand" pc="268457025" symbol="draw"/>
        <entry filename="/Users/erdalgunes/garmin-jailbot/source/AnalogComponents.mc" id="196" lineNum="26" parent="globals/AnalogClock/HourHand" pc="268457042" symbol="draw"/>
        <entry filename="/Users/erdalgunes/garmin-jailbot/source/AnalogComponents.mc" id="196" lineNum="27" parent="globals/AnalogClock/HourHand" pc="268457057" symbol="draw"/>
        <entry filename="/Users/erdalgunes/garmin-jailbot/source/AnalogComponents.mc" id="198" lineNum="30" parent="globals/AnalogClock/HourHand" pc="268457076" symbol="calculateAngle"/>
        <entry filename="/Users/erdalgunes/garmin-jailbot/source/AnalogComponents.mc" id="198" lineNum="32" parent="globals/AnalogClock/HourHand" pc="268457079" symbol="calculateAngle"/>
        <entry filename="/Users/erdalgunes/garmin-jailbot/source/AnalogComponents.mc" id="198" lineNum="33" parent="globals/AnalogClock/HourHand" pc="268457092" symbol="calculateAngle"/>
        <entry filename="/Users/erdalgunes/garmin-jailbot/source/AnalogComponents.mc" id="199" lineNum="125" parent="globals/AnalogClock/RimIndicators" pc="268457110" symbol="drawStrongMark"/>
        <entry filename="/Users/erdalgunes/garmin-jailbot/source/AnalogComponents.mc" id="199" lineNum="127" parent="globals/AnalogClock/RimIndicators" pc="268457113" symbol="drawStrongMark"/>
        <entry filename="/Users/erdalgunes/garmin-jailbot/source/AnalogComponents.mc" id="199" lineNum="128" parent="globals/AnalogClock/RimIndicators" pc="268457126" symbol="drawStrongMark"/>
        <entry filename="/Users/erdalgunes/garmin-jailbot/source/AnalogComponents.mc" id="199" lineNum="130" parent="globals/AnalogClock/RimIndicators" pc="268457142" symbol="drawStrongMark"/>
        <entry filename="/Users/erdalgunes/garmin-jailbot/source/AnalogComponents.mc" id="199" lineNum="131" parent="globals/AnalogClock/RimIndicators" pc="268457167" symbol="drawStrongMark"/>
        <entry filename="/Users/erdalgunes/garmin-jailbot/source/AnalogComponents.mc" id="199" lineNum="132" parent="globals/AnalogClock/RimIndicators" pc="268457192" symbol="drawStrongMark"/>
        <entry filename="/Users/erdalgunes/garmin-jailbot/source/AnalogComponents.mc" id="199" lineNum="133" parent="globals/AnalogClock/RimIndicators" pc="268457217" symbol="drawStrongMark"/>
        <entry filename="/Users/erdalgunes/garmin-jailbot/source/AnalogComponents.mc" id="199" lineNum="135" parent="globals/AnalogClock/RimIndicators" pc="268457242" symbol="drawStrongMark"/>
        <entry filename="/Users/erdalgunes/garmin-jailbot/source/AnalogComponents.mc" id="199" lineNum="136" parent="globals/AnalogClock/RimIndicators" pc="268457254" symbol="drawStrongMark"/>
        <entry filename="/Users/erdalgunes/garmin-jailbot/source/AnalogComponents.mc" id="200" lineNum="139" parent="globals/AnalogClock/RimIndicators" pc="268457273" symbol="drawSecondaryMark"/>
        <entry filename="/Users/erdalgunes/garmin-jailbot/source/AnalogComponents.mc" id="200" lineNum="141" parent="globals/AnalogClock/RimIndicators" pc="268457276" symbol="drawSecondaryMark"/>
        <entry filename="/Users/erdalgunes/garmin-jailbot/source/AnalogComponents.mc" id="200" lineNum="142" parent="globals/AnalogClock/RimIndicators" pc="268457289" symbol="drawSecondaryMark"/>
        <entry filename="/Users/erdalgunes/garmin-jailbot/source/AnalogComponents.mc" id="200" lineNum="144" parent="globals/AnalogClock/RimIndicators" pc="268457305" symbol="drawSecondaryMark"/>
        <entry filename="/Users/erdalgunes/garmin-jailbot/source/AnalogComponents.mc" id="200" lineNum="145" parent="globals/AnalogClock/RimIndicators" pc="268457330" symbol="drawSecondaryMark"/>
        <entry filename="/Users/erdalgunes/garmin-jailbot/source/AnalogComponents.mc" id="200" lineNum="146" parent="globals/AnalogClock/RimIndicators" pc="268457355" symbol="drawSecondaryMark"/>
        <entry filename="/Users/erdalgunes/garmin-jailbot/source/AnalogComponents.mc" id="200" lineNum="147" parent="globals/AnalogClock/RimIndicators" pc="268457380" symbol="drawSecondaryMark"/>
        <entry filename="/Users/erdalgunes/garmin-jailbot/source/AnalogComponents.mc" id="200" lineNum="149" parent="globals/AnalogClock/RimIndicators" pc="268457405" symbol="drawSecondaryMark"/>
        <entry filename="/Users/erdalgunes/garmin-jailbot/source/AnalogComponents.mc" id="200" lineNum="150" parent="globals/AnalogClock/RimIndicators" pc="268457417" symbol="drawSecondaryMark"/>
        <entry filename="/Users/erdalgunes/garmin-jailbot/source/AnalogComponents.mc" id="201" lineNum="103" parent="globals/AnalogClock/RimIndicators" pc="268457436" symbol="setup"/>
        <entry filename="/Users/erdalgunes/garmin-jailbot/source/AnalogComponents.mc" id="201" lineNum="104" parent="globals/AnalogClock/RimIndicators" pc="268457438" symbol="setup"/>
        <entry filename="/Users/erdalgunes/garmin-jailbot/source/AnalogComponents.mc" id="201" lineNum="105" parent="globals/AnalogClock/RimIndicators" pc="268457447" symbol="setup"/>
        <entry filename="/Users/erdalgunes/garmin-jailbot/source/AnalogComponents.mc" id="201" lineNum="106" parent="globals/AnalogClock/RimIndicators" pc="268457456" symbol="setup"/>
        <entry filename="/Users/erdalgunes/garmin-jailbot/source/AnalogComponents.mc" id="201" lineNum="107" parent="globals/AnalogClock/RimIndicators" pc="268457465" symbol="setup"/>
        <entry filename="/Users/erdalgunes/garmin-jailbot/source/AnalogComponents.mc" id="201" lineNum="108" parent="globals/AnalogClock/RimIndicators" pc="268457480" symbol="setup"/>
        <entry filename="/Users/erdalgunes/garmin-jailbot/source/AnalogComponents.mc" id="202" lineNum="111" parent="globals/AnalogClock/RimIndicators" pc="268457496" symbol="draw"/>
        <entry filename="/Users/erdalgunes/garmin-jailbot/source/AnalogComponents.mc" id="202" lineNum="112" parent="globals/AnalogClock/RimIndicators" pc="268457498" symbol="draw"/>
        <entry filename="/Users/erdalgunes/garmin-jailbot/source/AnalogComponents.mc" id="202" lineNum="116" parent="globals/AnalogClock/RimIndicators" pc="268457515" symbol="draw"/>
        <entry filename="/Users/erdalgunes/garmin-jailbot/source/AnalogComponents.mc" id="202" lineNum="119" parent="globals/AnalogClock/RimIndicators" pc="268457527" symbol="draw"/>
        <entry filename="/Users/erdalgunes/garmin-jailbot/source/AnalogComponents.mc" id="202" lineNum="120" parent="globals/AnalogClock/RimIndicators" pc="268457543" symbol="draw"/>
        <entry filename="/Users/erdalgunes/garmin-jailbot/source/AnalogComponents.mc" id="202" lineNum="121" parent="globals/AnalogClock/RimIndicators" pc="268457559" symbol="draw"/>
        <entry filename="/Users/erdalgunes/garmin-jailbot/source/AnalogComponents.mc" id="204" lineNum="42" parent="globals/AnalogClock/MinuteHand" pc="268457576" symbol="setup"/>
        <entry filename="/Users/erdalgunes/garmin-jailbot/source/AnalogComponents.mc" id="204" lineNum="43" parent="globals/AnalogClock/MinuteHand" pc="268457578" symbol="setup"/>
        <entry filename="/Users/erdalgunes/garmin-jailbot/source/AnalogComponents.mc" id="204" lineNum="44" parent="globals/AnalogClock/MinuteHand" pc="268457593" symbol="setup"/>
        <entry filename="/Users/erdalgunes/garmin-jailbot/source/AnalogComponents.mc" id="204" lineNum="45" parent="globals/AnalogClock/MinuteHand" pc="268457602" symbol="setup"/>
        <entry filename="/Users/erdalgunes/garmin-jailbot/source/AnalogComponents.mc" id="205" lineNum="48" parent="globals/AnalogClock/MinuteHand" pc="268457615" symbol="draw"/>
        <entry filename="/Users/erdalgunes/garmin-jailbot/source/AnalogComponents.mc" id="205" lineNum="50" parent="globals/AnalogClock/MinuteHand" pc="268457618" symbol="draw"/>
        <entry filename="/Users/erdalgunes/garmin-jailbot/source/AnalogComponents.mc" id="205" lineNum="51" parent="globals/AnalogClock/MinuteHand" pc="268457643" symbol="draw"/>
        <entry filename="/Users/erdalgunes/garmin-jailbot/source/AnalogComponents.mc" id="205" lineNum="52" parent="globals/AnalogClock/MinuteHand" pc="268457668" symbol="draw"/>
        <entry filename="/Users/erdalgunes/garmin-jailbot/source/AnalogComponents.mc" id="205" lineNum="53" parent="globals/AnalogClock/MinuteHand" pc="268457699" symbol="draw"/>
        <entry filename="/Users/erdalgunes/garmin-jailbot/source/AnalogComponents.mc" id="205" lineNum="55" parent="globals/AnalogClock/MinuteHand" pc="268457730" symbol="draw"/>
        <entry filename="/Users/erdalgunes/garmin-jailbot/source/AnalogComponents.mc" id="205" lineNum="56" parent="globals/AnalogClock/MinuteHand" pc="268457747" symbol="draw"/>
        <entry filename="/Users/erdalgunes/garmin-jailbot/source/AnalogComponents.mc" id="205" lineNum="57" parent="globals/AnalogClock/MinuteHand" pc="268457762" symbol="draw"/>
        <entry filename="/Users/erdalgunes/garmin-jailbot/source/AnalogComponents.mc" id="207" lineNum="60" parent="globals/AnalogClock/MinuteHand" pc="268457781" symbol="calculateAngle"/>
        <entry filename="/Users/erdalgunes/garmin-jailbot/source/AnalogComponents.mc" id="207" lineNum="62" parent="globals/AnalogClock/MinuteHand" pc="268457784" symbol="calculateAngle"/>
        <entry filename="/Users/erdalgunes/garmin-jailbot/source/AnalogComponents.mc" id="207" lineNum="63" parent="globals/AnalogClock/MinuteHand" pc="268457794" symbol="calculateAngle"/>
        <entry filename="/Users/erdalgunes/garmin-jailbot/source/AnalogComponents.mc" id="208" lineNum="164" parent="globals/AnalogClock/AnalogClockFace" pc="268457812" symbol="initialize"/>
        <entry filename="/Users/erdalgunes/garmin-jailbot/source/AnalogComponents.mc" id="208" lineNum="165" parent="globals/AnalogClock/AnalogClockFace" pc="268457814" symbol="initialize"/>
        <entry filename="/Users/erdalgunes/garmin-jailbot/source/AnalogComponents.mc" id="208" lineNum="166" parent="globals/AnalogClock/AnalogClockFace" pc="268457823" symbol="initialize"/>
        <entry filename="/Users/erdalgunes/garmin-jailbot/source/AnalogComponents.mc" id="208" lineNum="167" parent="globals/AnalogClock/AnalogClockFace" pc="268457832" symbol="initialize"/>
        <entry filename="/Users/erdalgunes/garmin-jailbot/source/AnalogComponents.mc" id="208" lineNum="169" parent="globals/AnalogClock/AnalogClockFace" pc="268457841" symbol="initialize"/>
        <entry filename="/Users/erdalgunes/garmin-jailbot/source/AnalogComponents.mc" id="208" lineNum="170" parent="globals/AnalogClock/AnalogClockFace" pc="268457866" symbol="initialize"/>
        <entry filename="/Users/erdalgunes/garmin-jailbot/source/AnalogComponents.mc" id="208" lineNum="172" parent="globals/AnalogClock/AnalogClockFace" pc="268457885" symbol="initialize"/>
        <entry filename="/Users/erdalgunes/garmin-jailbot/source/AnalogComponents.mc" id="208" lineNum="173" parent="globals/AnalogClock/AnalogClockFace" pc="268457910" symbol="initialize"/>
        <entry filename="/Users/erdalgunes/garmin-jailbot/source/AnalogComponents.mc" id="208" lineNum="175" parent="globals/AnalogClock/AnalogClockFace" pc="268457929" symbol="initialize"/>
        <entry filename="/Users/erdalgunes/garmin-jailbot/source/AnalogComponents.mc" id="208" lineNum="176" parent="globals/AnalogClock/AnalogClockFace" pc="268457954" symbol="initialize"/>
        <entry filename="/Users/erdalgunes/garmin-jailbot/source/AnalogComponents.mc" id="208" lineNum="178" parent="globals/AnalogClock/AnalogClockFace" pc="268457973" symbol="initialize"/>
        <entry filename="/Users/erdalgunes/garmin-jailbot/source/AnalogComponents.mc" id="208" lineNum="179" parent="globals/AnalogClock/AnalogClockFace" pc="268457998" symbol="initialize"/>
        <entry filename="/Users/erdalgunes/garmin-jailbot/source/AnalogComponents.mc" id="209" lineNum="182" parent="globals/AnalogClock/AnalogClockFace" pc="268458028" symbol="draw"/>
        <entry filename="/Users/erdalgunes/garmin-jailbot/source/AnalogComponents.mc" id="209" lineNum="184" parent="globals/AnalogClock/AnalogClockFace" pc="268458031" symbol="draw"/>
        <entry filename="/Users/erdalgunes/garmin-jailbot/source/AnalogComponents.mc" id="209" lineNum="187" parent="globals/AnalogClock/AnalogClockFace" pc="268458047" symbol="draw"/>
        <entry filename="/Users/erdalgunes/garmin-jailbot/source/AnalogComponents.mc" id="209" lineNum="188" parent="globals/AnalogClock/AnalogClockFace" pc="268458066" symbol="draw"/>
        <entry filename="/Users/erdalgunes/garmin-jailbot/source/AnalogComponents.mc" id="209" lineNum="189" parent="globals/AnalogClock/AnalogClockFace" pc="268458085" symbol="draw"/>
        <entry filename="/Users/erdalgunes/garmin-jailbot/source/AnalogComponents.mc" id="209" lineNum="191" parent="globals/AnalogClock/AnalogClockFace" pc="268458102" symbol="draw"/>
        <entry filename="/Users/erdalgunes/garmin-jailbot/source/AnalogComponents.mc" id="209" lineNum="192" parent="globals/AnalogClock/AnalogClockFace" pc="268458130" symbol="draw"/>
        <entry filename="/Users/erdalgunes/garmin-jailbot/source/AnalogComponents.mc" id="209" lineNum="193" parent="globals/AnalogClock/AnalogClockFace" pc="268458158" symbol="draw"/>
        <entry filename="/Users/erdalgunes/garmin-jailbot/source/AnalogComponents.mc" id="210" lineNum="72" parent="globals/AnalogClock/SecondHand" pc="268458187" symbol="setup"/>
        <entry filename="/Users/erdalgunes/garmin-jailbot/source/AnalogComponents.mc" id="210" lineNum="73" parent="globals/AnalogClock/SecondHand" pc="268458189" symbol="setup"/>
        <entry filename="/Users/erdalgunes/garmin-jailbot/source/AnalogComponents.mc" id="210" lineNum="74" parent="globals/AnalogClock/SecondHand" pc="268458204" symbol="setup"/>
        <entry filename="/Users/erdalgunes/garmin-jailbot/source/AnalogComponents.mc" id="210" lineNum="75" parent="globals/AnalogClock/SecondHand" pc="268458213" symbol="setup"/>
        <entry filename="/Users/erdalgunes/garmin-jailbot/source/AnalogComponents.mc" id="211" lineNum="78" parent="globals/AnalogClock/SecondHand" pc="268458226" symbol="draw"/>
        <entry filename="/Users/erdalgunes/garmin-jailbot/source/AnalogComponents.mc" id="211" lineNum="80" parent="globals/AnalogClock/SecondHand" pc="268458229" symbol="draw"/>
        <entry filename="/Users/erdalgunes/garmin-jailbot/source/AnalogComponents.mc" id="211" lineNum="81" parent="globals/AnalogClock/SecondHand" pc="268458254" symbol="draw"/>
        <entry filename="/Users/erdalgunes/garmin-jailbot/source/AnalogComponents.mc" id="211" lineNum="82" parent="globals/AnalogClock/SecondHand" pc="268458279" symbol="draw"/>
        <entry filename="/Users/erdalgunes/garmin-jailbot/source/AnalogComponents.mc" id="211" lineNum="83" parent="globals/AnalogClock/SecondHand" pc="268458310" symbol="draw"/>
        <entry filename="/Users/erdalgunes/garmin-jailbot/source/AnalogComponents.mc" id="211" lineNum="85" parent="globals/AnalogClock/SecondHand" pc="268458341" symbol="draw"/>
        <entry filename="/Users/erdalgunes/garmin-jailbot/source/AnalogComponents.mc" id="211" lineNum="86" parent="globals/AnalogClock/SecondHand" pc="268458358" symbol="draw"/>
        <entry filename="/Users/erdalgunes/garmin-jailbot/source/AnalogComponents.mc" id="211" lineNum="87" parent="globals/AnalogClock/SecondHand" pc="268458373" symbol="draw"/>
        <entry filename="/Users/erdalgunes/garmin-jailbot/source/AnalogComponents.mc" id="213" lineNum="90" parent="globals/AnalogClock/SecondHand" pc="268458392" symbol="calculateAngle"/>
        <entry filename="/Users/erdalgunes/garmin-jailbot/source/AnalogComponents.mc" id="213" lineNum="91" parent="globals/AnalogClock/SecondHand" pc="268458394" symbol="calculateAngle"/>
        <entry filename="/Users/erdalgunes/garmin-jailbot/source/JailbotAnalogFace.mc" id="214" lineNum="90" parent="globals/JailbotAnalog/AnalogStyleFactory" pc="268458412" symbol="createMinimalStyle"/>
        <entry filename="/Users/erdalgunes/garmin-jailbot/source/JailbotAnalogFace.mc" id="214" lineNum="91" parent="globals/JailbotAnalog/AnalogStyleFactory" pc="268458415" symbol="createMinimalStyle"/>
        <entry filename="/Users/erdalgunes/garmin-jailbot/source/JailbotAnalogFace.mc" id="214" lineNum="93" parent="globals/JailbotAnalog/AnalogStyleFactory" pc="268458441" symbol="createMinimalStyle"/>
        <entry filename="/Users/erdalgunes/garmin-jailbot/source/JailbotAnalogFace.mc" id="215" lineNum="85" parent="globals/JailbotAnalog/AnalogStyleFactory" pc="268458444" symbol="createClassicStyle"/>
        <entry filename="/Users/erdalgunes/garmin-jailbot/source/JailbotAnalogFace.mc" id="215" lineNum="86" parent="globals/JailbotAnalog/AnalogStyleFactory" pc="268458447" symbol="createClassicStyle"/>
        <entry filename="/Users/erdalgunes/garmin-jailbot/source/JailbotAnalogFace.mc" id="215" lineNum="87" parent="globals/JailbotAnalog/AnalogStyleFactory" pc="268458473" symbol="createClassicStyle"/>
        <entry filename="/Users/erdalgunes/garmin-jailbot/source/JailbotAnalogFace.mc" id="217" lineNum="42" parent="globals/JailbotAnalog/JailbotAnalogFace" pc="268458476" symbol="drawJailbotElements"/>
        <entry filename="/Users/erdalgunes/garmin-jailbot/source/JailbotAnalogFace.mc" id="217" lineNum="44" parent="globals/JailbotAnalog/JailbotAnalogFace" pc="268458479" symbol="drawJailbotElements"/>
        <entry filename="/Users/erdalgunes/garmin-jailbot/source/JailbotAnalogFace.mc" id="217" lineNum="47" parent="globals/JailbotAnalog/JailbotAnalogFace" pc="268458492" symbol="drawJailbotElements"/>
        <entry filename="/Users/erdalgunes/garmin-jailbot/source/JailbotAnalogFace.mc" id="217" lineNum="48" parent="globals/JailbotAnalog/JailbotAnalogFace" pc="268458505" symbol="drawJailbotElements"/>
        <entry filename="/Users/erdalgunes/garmin-jailbot/source/JailbotAnalogFace.mc" id="217" lineNum="49" parent="globals/JailbotAnalog/JailbotAnalogFace" pc="268458518" symbol="drawJailbotElements"/>
        <entry filename="/Users/erdalgunes/garmin-jailbot/source/JailbotAnalogFace.mc" id="217" lineNum="51" parent="globals/JailbotAnalog/JailbotAnalogFace" pc="268458531" symbol="drawJailbotElements"/>
        <entry filename="/Users/erdalgunes/garmin-jailbot/source/JailbotAnalogFace.mc" id="218" lineNum="37" parent="globals/JailbotAnalog/JailbotAnalogFace" pc="268458551" symbol="drawWithScreen"/>
        <entry filename="/Users/erdalgunes/garmin-jailbot/source/JailbotAnalogFace.mc" id="218" lineNum="38" parent="globals/JailbotAnalog/JailbotAnalogFace" pc="268458554" symbol="drawWithScreen"/>
        <entry filename="/Users/erdalgunes/garmin-jailbot/source/JailbotAnalogFace.mc" id="218" lineNum="39" parent="globals/JailbotAnalog/JailbotAnalogFace" pc="268458566" symbol="drawWithScreen"/>
        <entry filename="/Users/erdalgunes/garmin-jailbot/source/JailbotAnalogFace.mc" id="219" lineNum="78" parent="globals/JailbotAnalog/JailbotAnalogFace" pc="268458596" symbol="toggleJailbotDisplay"/>
        <entry filename="/Users/erdalgunes/garmin-jailbot/source/JailbotAnalogFace.mc" id="219" lineNum="79" parent="globals/JailbotAnalog/JailbotAnalogFace" pc="268458598" symbol="toggleJailbotDisplay"/>
        <entry filename="/Users/erdalgunes/garmin-jailbot/source/JailbotAnalogFace.mc" id="220" lineNum="12" parent="globals/JailbotAnalog/JailbotAnalogFace" pc="268458612" symbol="initialize"/>
        <entry filename="/Users/erdalgunes/garmin-jailbot/source/JailbotAnalogFace.mc" id="220" lineNum="13" parent="globals/JailbotAnalog/JailbotAnalogFace" pc="268458614" symbol="initialize"/>
        <entry filename="/Users/erdalgunes/garmin-jailbot/source/JailbotAnalogFace.mc" id="220" lineNum="16" parent="globals/JailbotAnalog/JailbotAnalogFace" pc="268458634" symbol="initialize"/>
        <entry filename="/Users/erdalgunes/garmin-jailbot/source/JailbotAnalogFace.mc" id="220" lineNum="17" parent="globals/JailbotAnalog/JailbotAnalogFace" pc="268458663" symbol="initialize"/>
        <entry filename="/Users/erdalgunes/garmin-jailbot/source/JailbotAnalogFace.mc" id="220" lineNum="19" parent="globals/JailbotAnalog/JailbotAnalogFace" pc="268458675" symbol="initialize"/>
        <entry filename="/Users/erdalgunes/garmin-jailbot/source/JailbotAnalogFace.mc" id="220" lineNum="20" parent="globals/JailbotAnalog/JailbotAnalogFace" pc="268458683" symbol="initialize"/>
        <entry filename="/Users/erdalgunes/garmin-jailbot/source/JailbotAnalogFace.mc" id="221" lineNum="23" parent="globals/JailbotAnalog/JailbotAnalogFace" pc="268458692" symbol="draw"/>
        <entry filename="/Users/erdalgunes/garmin-jailbot/source/JailbotAnalogFace.mc" id="221" lineNum="25" parent="globals/JailbotAnalog/JailbotAnalogFace" pc="268458695" symbol="draw"/>
        <entry filename="/Users/erdalgunes/garmin-jailbot/source/JailbotAnalogFace.mc" id="221" lineNum="26" parent="globals/JailbotAnalog/JailbotAnalogFace" pc="268458707" symbol="draw"/>
        <entry filename="/Users/erdalgunes/garmin-jailbot/source/JailbotAnalogFace.mc" id="221" lineNum="29" parent="globals/JailbotAnalog/JailbotAnalogFace" pc="268458715" symbol="draw"/>
        <entry filename="/Users/erdalgunes/garmin-jailbot/source/JailbotAnalogFace.mc" id="221" lineNum="31" parent="globals/JailbotAnalog/JailbotAnalogFace" pc="268458737" symbol="draw"/>
        <entry filename="/Users/erdalgunes/garmin-jailbot/source/JailbotAnalogFace.mc" id="221" lineNum="32" parent="globals/JailbotAnalog/JailbotAnalogFace" pc="268458745" symbol="draw"/>
        <entry filename="/Users/erdalgunes/garmin-jailbot/source/JailbotAnalogFace.mc" id="221" lineNum="33" parent="globals/JailbotAnalog/JailbotAnalogFace" pc="268458757" symbol="draw"/>
        <entry filename="/Users/erdalgunes/garmin-jailbot/source/JailbotAnalogFace.mc" id="222" lineNum="54" parent="globals/JailbotAnalog/JailbotAnalogFace" pc="268458774" symbol="drawMiniJailbot"/>
        <entry filename="/Users/erdalgunes/garmin-jailbot/source/JailbotAnalogFace.mc" id="222" lineNum="55" parent="globals/JailbotAnalog/JailbotAnalogFace" pc="268458777" symbol="drawMiniJailbot"/>
        <entry filename="/Users/erdalgunes/garmin-jailbot/source/JailbotAnalogFace.mc" id="222" lineNum="57" parent="globals/JailbotAnalog/JailbotAnalogFace" pc="268458794" symbol="drawMiniJailbot"/>
        <entry filename="/Users/erdalgunes/garmin-jailbot/source/JailbotAnalogFace.mc" id="222" lineNum="60" parent="globals/JailbotAnalog/JailbotAnalogFace" pc="268458801" symbol="drawMiniJailbot"/>
        <entry filename="/Users/erdalgunes/garmin-jailbot/source/JailbotAnalogFace.mc" id="222" lineNum="61" parent="globals/JailbotAnalog/JailbotAnalogFace" pc="268458811" symbol="drawMiniJailbot"/>
        <entry filename="/Users/erdalgunes/garmin-jailbot/source/JailbotAnalogFace.mc" id="222" lineNum="62" parent="globals/JailbotAnalog/JailbotAnalogFace" pc="268458821" symbol="drawMiniJailbot"/>
        <entry filename="/Users/erdalgunes/garmin-jailbot/source/JailbotAnalogFace.mc" id="222" lineNum="63" parent="globals/JailbotAnalog/JailbotAnalogFace" pc="268458831" symbol="drawMiniJailbot"/>
        <entry filename="/Users/erdalgunes/garmin-jailbot/source/JailbotAnalogFace.mc" id="222" lineNum="64" parent="globals/JailbotAnalog/JailbotAnalogFace" pc="268458838" symbol="drawMiniJailbot"/>
        <entry filename="/Users/erdalgunes/garmin-jailbot/source/JailbotAnalogFace.mc" id="222" lineNum="66" parent="globals/JailbotAnalog/JailbotAnalogFace" pc="268458855" symbol="drawMiniJailbot"/>
        <entry filename="/Users/erdalgunes/garmin-jailbot/source/JailbotAnalogFace.mc" id="222" lineNum="67" parent="globals/JailbotAnalog/JailbotAnalogFace" pc="268458873" symbol="drawMiniJailbot"/>
        <entry filename="/Users/erdalgunes/garmin-jailbot/source/JailbotAnalogFace.mc" id="222" lineNum="70" parent="globals/JailbotAnalog/JailbotAnalogFace" pc="268458891" symbol="drawMiniJailbot"/>
        <entry filename="/Users/erdalgunes/garmin-jailbot/source/JailbotAnalogFace.mc" id="222" lineNum="71" parent="globals/JailbotAnalog/JailbotAnalogFace" pc="268458901" symbol="drawMiniJailbot"/>
        <entry filename="/Users/erdalgunes/garmin-jailbot/source/JailbotAnalogFace.mc" id="222" lineNum="72" parent="globals/JailbotAnalog/JailbotAnalogFace" pc="268458911" symbol="drawMiniJailbot"/>
        <entry filename="/Users/erdalgunes/garmin-jailbot/source/JailbotAnalogFace.mc" id="222" lineNum="73" parent="globals/JailbotAnalog/JailbotAnalogFace" pc="268458918" symbol="drawMiniJailbot"/>
        <entry filename="/Users/erdalgunes/garmin-jailbot/source/JailbotAnalogFace.mc" id="222" lineNum="75" parent="globals/JailbotAnalog/JailbotAnalogFace" pc="268458922" symbol="drawMiniJailbot"/>
        <entry filename="/Users/erdalgunes/garmin-jailbot/source/JailbotFaceComponents.mc" id="223" lineNum="9" parent="globals/JailbotFace/Eye" pc="268458941" symbol="getSpec"/>
        <entry filename="/Users/erdalgunes/garmin-jailbot/source/JailbotFaceComponents.mc" id="223" lineNum="10" parent="globals/JailbotFace/Eye" pc="268458943" symbol="getSpec"/>
        <entry filename="/Users/erdalgunes/garmin-jailbot/source/JailbotFaceComponents.mc" id="225" lineNum="18" parent="globals/JailbotFace/Mouth" pc="268458976" symbol="getSpec"/>
        <entry filename="/Users/erdalgunes/garmin-jailbot/source/JailbotFaceComponents.mc" id="225" lineNum="19" parent="globals/JailbotFace/Mouth" pc="268458978" symbol="getSpec"/>
        <entry filename="/Users/erdalgunes/garmin-jailbot/source/JailbotFaceComponents.mc" id="227" lineNum="45" parent="globals/JailbotFace/FaceLayout" pc="268459011" symbol="moveEyesCloser"/>
        <entry filename="/Users/erdalgunes/garmin-jailbot/source/JailbotFaceComponents.mc" id="227" lineNum="46" parent="globals/JailbotFace/FaceLayout" pc="268459013" symbol="moveEyesCloser"/>
        <entry filename="/Users/erdalgunes/garmin-jailbot/source/JailbotFaceComponents.mc" id="227" lineNum="47" parent="globals/JailbotFace/FaceLayout" pc="268459023" symbol="moveEyesCloser"/>
        <entry filename="/Users/erdalgunes/garmin-jailbot/source/JailbotFaceComponents.mc" id="228" lineNum="51" parent="globals/JailbotFace/FaceLayout" pc="268459042" symbol="setEyeSpacing"/>
        <entry filename="/Users/erdalgunes/garmin-jailbot/source/JailbotFaceComponents.mc" id="228" lineNum="52" parent="globals/JailbotFace/FaceLayout" pc="268459044" symbol="setEyeSpacing"/>
        <entry filename="/Users/erdalgunes/garmin-jailbot/source/JailbotFaceComponents.mc" id="229" lineNum="37" parent="globals/JailbotFace/FaceLayout" pc="268459054" symbol="adjustEyeSpacing"/>
        <entry filename="/Users/erdalgunes/garmin-jailbot/source/JailbotFaceComponents.mc" id="229" lineNum="38" parent="globals/JailbotFace/FaceLayout" pc="268459056" symbol="adjustEyeSpacing"/>
        <entry filename="/Users/erdalgunes/garmin-jailbot/source/JailbotFaceComponents.mc" id="230" lineNum="30" parent="globals/JailbotFace/FaceLayout" pc="268459066" symbol="initialize"/>
        <entry filename="/Users/erdalgunes/garmin-jailbot/source/JailbotFaceComponents.mc" id="230" lineNum="31" parent="globals/JailbotFace/FaceLayout" pc="268459068" symbol="initialize"/>
        <entry filename="/Users/erdalgunes/garmin-jailbot/source/JailbotFaceComponents.mc" id="230" lineNum="32" parent="globals/JailbotFace/FaceLayout" pc="268459097" symbol="initialize"/>
        <entry filename="/Users/erdalgunes/garmin-jailbot/source/JailbotFaceComponents.mc" id="230" lineNum="33" parent="globals/JailbotFace/FaceLayout" pc="268459122" symbol="initialize"/>
        <entry filename="/Users/erdalgunes/garmin-jailbot/source/JailbotFaceComponents.mc" id="230" lineNum="34" parent="globals/JailbotFace/FaceLayout" pc="268459147" symbol="initialize"/>
        <entry filename="/Users/erdalgunes/garmin-jailbot/source/JailbotFaceComponents.mc" id="231" lineNum="55" parent="globals/JailbotFace/FaceLayout" pc="268459173" symbol="draw"/>
        <entry filename="/Users/erdalgunes/garmin-jailbot/source/JailbotFaceComponents.mc" id="231" lineNum="56" parent="globals/JailbotFace/FaceLayout" pc="268459176" symbol="draw"/>
        <entry filename="/Users/erdalgunes/garmin-jailbot/source/JailbotFaceComponents.mc" id="231" lineNum="59" parent="globals/JailbotFace/FaceLayout" pc="268459193" symbol="draw"/>
        <entry filename="/Users/erdalgunes/garmin-jailbot/source/JailbotFaceComponents.mc" id="231" lineNum="61" parent="globals/JailbotFace/FaceLayout" pc="268459209" symbol="draw"/>
        <entry filename="/Users/erdalgunes/garmin-jailbot/source/JailbotFaceComponents.mc" id="231" lineNum="62" parent="globals/JailbotFace/FaceLayout" pc="268459221" symbol="draw"/>
        <entry filename="/Users/erdalgunes/garmin-jailbot/source/JailbotFaceComponents.mc" id="231" lineNum="65" parent="globals/JailbotFace/FaceLayout" pc="268459233" symbol="draw"/>
        <entry filename="/Users/erdalgunes/garmin-jailbot/source/JailbotFaceComponents.mc" id="231" lineNum="67" parent="globals/JailbotFace/FaceLayout" pc="268459245" symbol="draw"/>
        <entry filename="/Users/erdalgunes/garmin-jailbot/source/JailbotFaceComponents.mc" id="231" lineNum="70" parent="globals/JailbotFace/FaceLayout" pc="268459258" symbol="draw"/>
        <entry filename="/Users/erdalgunes/garmin-jailbot/source/JailbotFaceComponents.mc" id="231" lineNum="71" parent="globals/JailbotFace/FaceLayout" pc="268459271" symbol="draw"/>
        <entry filename="/Users/erdalgunes/garmin-jailbot/source/JailbotFaceComponents.mc" id="231" lineNum="72" parent="globals/JailbotFace/FaceLayout" pc="268459295" symbol="draw"/>
        <entry filename="/Users/erdalgunes/garmin-jailbot/source/JailbotFaceComponents.mc" id="231" lineNum="75" parent="globals/JailbotFace/FaceLayout" pc="268459319" symbol="draw"/>
        <entry filename="/Users/erdalgunes/garmin-jailbot/source/JailbotFaceComponents.mc" id="231" lineNum="78" parent="globals/JailbotFace/FaceLayout" pc="268459332" symbol="draw"/>
        <entry filename="/Users/erdalgunes/garmin-jailbot/source/JailbotFaceComponents.mc" id="231" lineNum="79" parent="globals/JailbotFace/FaceLayout" pc="268459342" symbol="draw"/>
        <entry filename="/Users/erdalgunes/garmin-jailbot/source/JailbotFaceComponents.mc" id="231" lineNum="80" parent="globals/JailbotFace/FaceLayout" pc="268459352" symbol="draw"/>
        <entry filename="/Users/erdalgunes/garmin-jailbot/source/JailbotFaceComponents.mc" id="231" lineNum="81" parent="globals/JailbotFace/FaceLayout" pc="268459362" symbol="draw"/>
        <entry filename="/Users/erdalgunes/garmin-jailbot/source/JailbotFaceComponents.mc" id="231" lineNum="84" parent="globals/JailbotFace/FaceLayout" pc="268459375" symbol="draw"/>
        <entry filename="/Users/erdalgunes/garmin-jailbot/source/JailbotFaceComponents.mc" id="231" lineNum="85" parent="globals/JailbotFace/FaceLayout" pc="268459394" symbol="draw"/>
        <entry filename="/Users/erdalgunes/garmin-jailbot/source/JailbotFaceComponents.mc" id="231" lineNum="86" parent="globals/JailbotFace/FaceLayout" pc="268459422" symbol="draw"/>
        <entry filename="/Users/erdalgunes/garmin-jailbot/source/JailbotFaceComponents.mc" id="231" lineNum="88" parent="globals/JailbotFace/FaceLayout" pc="268459428" symbol="draw"/>
        <entry filename="/Users/erdalgunes/garmin-jailbot/source/JailbotFaceComponents.mc" id="231" lineNum="91" parent="globals/JailbotFace/FaceLayout" pc="268459455" symbol="draw"/>
        <entry filename="/Users/erdalgunes/garmin-jailbot/source/JailbotFaceComponents.mc" id="231" lineNum="95" parent="globals/JailbotFace/FaceLayout" pc="268459483" symbol="draw"/>
        <entry filename="/Users/erdalgunes/garmin-jailbot/source/JailbotFaceComponents.mc" id="231" lineNum="96" parent="globals/JailbotFace/FaceLayout" pc="268459502" symbol="draw"/>
        <entry filename="/Users/erdalgunes/garmin-jailbot/source/JailbotFaceComponents.mc" id="231" lineNum="97" parent="globals/JailbotFace/FaceLayout" pc="268459530" symbol="draw"/>
        <entry filename="/Users/erdalgunes/garmin-jailbot/source/JailbotFaceComponents.mc" id="231" lineNum="99" parent="globals/JailbotFace/FaceLayout" pc="268459536" symbol="draw"/>
        <entry filename="/Users/erdalgunes/garmin-jailbot/source/JailbotFaceComponents.mc" id="231" lineNum="102" parent="globals/JailbotFace/FaceLayout" pc="268459563" symbol="draw"/>
        <entry filename="/Users/erdalgunes/garmin-jailbot/source/JailbotFaceComponents.mc" id="231" lineNum="106" parent="globals/JailbotFace/FaceLayout" pc="268459591" symbol="draw"/>
        <entry filename="/Users/erdalgunes/garmin-jailbot/source/JailbotFaceComponents.mc" id="231" lineNum="107" parent="globals/JailbotFace/FaceLayout" pc="268459604" symbol="draw"/>
        <entry filename="/Users/erdalgunes/garmin-jailbot/source/JailbotFaceComponents.mc" id="231" lineNum="108" parent="globals/JailbotFace/FaceLayout" pc="268459628" symbol="draw"/>
        <entry filename="/Users/erdalgunes/garmin-jailbot/source/JailbotFaceComponents.mc" id="231" lineNum="109" parent="globals/JailbotFace/FaceLayout" pc="268459638" symbol="draw"/>
        <entry filename="/Users/erdalgunes/garmin-jailbot/source/JailbotFaceComponents.mc" id="231" lineNum="111" parent="globals/JailbotFace/FaceLayout" pc="268459654" symbol="draw"/>
        <entry filename="/Users/erdalgunes/garmin-jailbot/source/JailbotFaceComponents.mc" id="231" lineNum="112" parent="globals/JailbotFace/FaceLayout" pc="268459673" symbol="draw"/>
        <entry filename="/Users/erdalgunes/garmin-jailbot/source/JailbotFaceComponents.mc" id="231" lineNum="113" parent="globals/JailbotFace/FaceLayout" pc="268459701" symbol="draw"/>
        <entry filename="/Users/erdalgunes/garmin-jailbot/source/JailbotFaceComponents.mc" id="232" lineNum="41" parent="globals/JailbotFace/FaceLayout" pc="268459726" symbol="moveEyesApart"/>
        <entry filename="/Users/erdalgunes/garmin-jailbot/source/JailbotFaceComponents.mc" id="232" lineNum="42" parent="globals/JailbotFace/FaceLayout" pc="268459728" symbol="moveEyesApart"/>
    </pcToLineNum>
    <symbolTable>
        <entry id="290" symbol="hasBlinkTimer"/>
        <entry id="8388639" module="true" symbol="Graphics"/>
        <entry id="286" symbol="emoticon"/>
        <entry id="36" module="true" symbol="PixelTime"/>
        <entry id="205" method="true" symbol="&lt;globals/BlinkScheduler/&lt;&gt;getDefaultProfile&gt;"/>
        <entry id="186" method="true" symbol="drawHollowDigit"/>
        <entry id="229" method="true" symbol="updateScale"/>
        <entry field="true" id="163" symbol="&lt;globals/HealthDataProvider/&lt;&gt;achievementFlags&gt;"/>
        <entry field="true" id="236" symbol="digitCols"/>
        <entry field="true" id="200" symbol="&lt;globals/BlinkScheduler/&lt;&gt;blinkStartTime&gt;"/>
        <entry id="168" method="true" symbol="&lt;globals/HealthDataProvider/&lt;&gt;estimateStressFromActivity&gt;"/>
        <entry field="true" id="223" symbol="baseWidth"/>
        <entry id="174" method="true" symbol="&lt;globals/HealthDataProvider/&lt;&gt;isInAODMode&gt;"/>
        <entry field="true" id="272" symbol="mouth"/>
        <entry id="172" method="true" symbol="&lt;globals/HealthDataProvider/&lt;&gt;getHeartRateData&gt;"/>
        <entry id="287" symbol="isRunning"/>
        <entry id="5" module="true" symbol="globals/JailbotAnalog/AnalogStyleFactory/&lt;statics&gt;"/>
        <entry id="126" method="true" symbol="&lt;globals/BlinkController/&lt;&gt;scheduleNextBlink&gt;"/>
        <entry id="8388632" method="true" symbol="&lt;init&gt;"/>
        <entry field="true" id="87" symbol="eyeAsymmetry"/>
        <entry id="20" object="true" symbol="EmoticonRenderer"/>
        <entry field="true" id="146" symbol="&lt;globals/MoodEngine/&lt;&gt;states&gt;"/>
        <entry field="true" id="125" symbol="&lt;globals/BlinkController/&lt;&gt;reopenTimer&gt;"/>
        <entry id="243" method="true" symbol="drawGhostJailbot"/>
        <entry id="18" object="true" symbol="DrowsyState"/>
        <entry id="8391212" method="true" symbol="mean"/>
        <entry id="189" method="true" symbol="drawPixelatedAOD"/>
        <entry id="267" method="true" symbol="toggleJailbotDisplay"/>
        <entry id="204" method="true" symbol="getBlinkPhase"/>
        <entry id="8389683" method="true" symbol="onSettingsChanged"/>
        <entry id="297" symbol="resting"/>
        <entry id="2" module="true" symbol="globals/AOD"/>
        <entry field="true" id="117" symbol="&lt;globals/BlinkController/&lt;&gt;blinkCount&gt;"/>
        <entry field="true" id="8389759" symbol="radius"/>
        <entry id="109" object="true" symbol="RimIndicators"/>
        <entry id="9" module="true" symbol="globals/PixelTime/DigitPatterns/&lt;statics&gt;"/>
        <entry field="true" id="221" symbol="baseBlockSize"/>
        <entry id="4" module="true" symbol="globals/JailbotAnalog"/>
        <entry id="35" module="true" symbol="PixelResolution"/>
        <entry field="true" id="266" symbol="showJailbot"/>
        <entry id="260" method="true" symbol="createMinimalStyle"/>
        <entry id="55" method="true" symbol="&lt;globals/EmoticonParser/&lt;&gt;applyHappy&gt;"/>
        <entry id="80" method="true" symbol="render"/>
        <entry id="244" method="true" symbol="drawMinimalColon"/>
        <entry id="228" method="true" symbol="setGap"/>
        <entry id="106" object="true" symbol="AnalogClockFace"/>
        <entry id="62" method="true" symbol="&lt;globals/EmoticonParser/&lt;&gt;applyTongue&gt;"/>
        <entry id="188" method="true" symbol="drawJailbot3"/>
        <entry field="true" id="222" symbol="baseGap"/>
        <entry field="true" id="92" symbol="eyeShape"/>
        <entry field="true" id="149" symbol="achievementEvent"/>
        <entry id="82" method="true" symbol="renderWithEmoticon"/>
        <entry field="true" id="231" symbol="rows"/>
        <entry id="71" method="true" symbol="score"/>
        <entry id="14" module="true" symbol="AnalogClock"/>
        <entry id="259" method="true" symbol="createClassicStyle"/>
        <entry id="27" module="true" symbol="JailbotAnalog"/>
        <entry id="69" object="true" symbol="ResolutionManager"/>
        <entry field="true" id="137" symbol="&lt;globals/MoodEngine/&lt;&gt;currentState&gt;"/>
        <entry id="30" object="true" symbol="JailbotWatchFaceView"/>
        <entry id="277" symbol="renderer"/>
        <entry field="true" id="98" symbol="mouthShape"/>
        <entry id="66" object="true" symbol="GridSpec"/>
        <entry id="8388924" module="true" symbol="Gregorian"/>
        <entry field="true" id="159" symbol="recoveryNeed"/>
        <entry id="17" object="true" symbol="ChargedState"/>
        <entry field="true" id="136" symbol="&lt;globals/MoodEngine/&lt;&gt;blinkScheduler&gt;"/>
        <entry field="true" id="8388611" module="true" symbol="Toybox"/>
        <entry id="289" symbol="lastBlinkTime"/>
        <entry field="true" id="138" symbol="&lt;globals/MoodEngine/&lt;&gt;emoticonRenderer&gt;"/>
        <entry field="true" id="96" symbol="mouthOpenness"/>
        <entry id="78" method="true" symbol="&lt;globals/ExpressionRenderer/&lt;&gt;applyBlinkOverlay&gt;"/>
        <entry field="true" id="145" symbol="&lt;globals/MoodEngine/&lt;&gt;stateMemory&gt;"/>
        <entry id="73" object="true" symbol="TimeDisplay"/>
        <entry id="143" method="true" symbol="&lt;globals/MoodEngine/&lt;&gt;selectState&gt;"/>
        <entry field="true" id="237" symbol="digitRows"/>
        <entry id="183" method="true" symbol="drawAuthenticJailbot"/>
        <entry id="74" method="true" symbol="allowedVariants"/>
        <entry id="48" method="true" symbol="selectVariant"/>
        <entry id="293" symbol="bodyBattery"/>
        <entry id="264" method="true" symbol="drawWithScreen"/>
        <entry id="50" method="true" symbol="&lt;globals/EmoticonParser/&lt;&gt;applyAngry&gt;"/>
        <entry id="37" object="true" symbol="RecoveringState"/>
        <entry field="true" id="100" symbol="showBlush"/>
        <entry field="true" id="235" symbol="colonSpacing"/>
        <entry field="true" id="265" symbol="jailbotFace"/>
        <entry field="true" id="150" symbol="aod"/>
        <entry id="75" method="true" symbol="blinkProfile"/>
        <entry field="true" id="101" symbol="showTears"/>
        <entry field="true" id="212" symbol="AppName"/>
        <entry id="216" method="true" symbol="getCellY"/>
        <entry id="215" method="true" symbol="getCellX"/>
        <entry id="8388633" module="true" symbol="ActivityMonitor"/>
        <entry id="42" method="true" symbol="&lt;globals/EyeRenderer/&lt;&gt;drawOpenEyes&gt;"/>
        <entry id="65" method="true" symbol="parseEmoticon"/>
        <entry field="true" id="161" symbol="stepProgress"/>
        <entry id="67" object="true" symbol="PixelMetrics"/>
        <entry id="190" method="true" symbol="drawStaticJailbotFace"/>
        <entry field="true" id="123" symbol="&lt;globals/BlinkController/&lt;&gt;lastBlinkTime&gt;"/>
        <entry id="12" module="true" symbol="globals/Rez/Strings"/>
        <entry id="76" method="true" symbol="getEmoticon"/>
        <entry field="true" id="8388912" symbol="steps"/>
        <entry field="true" id="8388795" method="true" symbol="length"/>
        <entry id="28" module="true" symbol="JailbotFace"/>
        <entry id="173" method="true" symbol="&lt;globals/HealthDataProvider/&lt;&gt;getStressLevel&gt;"/>
        <entry id="197" method="true" symbol="aodExpression"/>
        <entry id="8388648" module="true" symbol="WatchUi"/>
        <entry id="8389181" method="true" symbol="drawRectangle"/>
        <entry id="8390097" method="true" symbol="onPartialUpdate"/>
        <entry field="true" id="44" symbol="&lt;globals/MoodMemory/&lt;&gt;achievementEventTime&gt;"/>
        <entry id="252" method="true" symbol="drawStrongMark"/>
        <entry field="true" id="256" symbol="minuteHand"/>
        <entry id="38" object="true" symbol="StandbyState"/>
        <entry id="165" method="true" symbol="&lt;globals/HealthDataProvider/&lt;&gt;detectAchievements&gt;"/>
        <entry field="true" id="8388913" symbol="stepGoal"/>
        <entry field="true" id="177" symbol="&lt;globals/HealthDataProvider/&lt;&gt;stepGoalCache&gt;"/>
        <entry id="10" module="true" symbol="globals/Rez"/>
        <entry id="127" method="true" symbol="&lt;globals/EmoticonRenderer/&lt;&gt;drawAccessories&gt;"/>
        <entry id="58" method="true" symbol="&lt;globals/EmoticonParser/&lt;&gt;applyLove&gt;"/>
        <entry id="218" method="true" symbol="getTotalWidth"/>
        <entry id="26" object="true" symbol="IMoodState"/>
        <entry id="269" method="true" symbol="adjustEyeSpacing"/>
        <entry id="263" method="true" symbol="drawMiniJailbot"/>
        <entry id="120" method="true" symbol="endBlink"/>
        <entry id="251" method="true" symbol="drawSecondaryMark"/>
        <entry id="8389124" method="true" symbol="onUpdate"/>
        <entry id="112" object="true" symbol="JailbotAnalogFace"/>
        <entry field="true" id="97" symbol="mouthRadius"/>
        <entry id="292" symbol="variant"/>
        <entry id="147" method="true" symbol="&lt;globals/MoodEngine/&lt;&gt;transitionToState&gt;"/>
        <entry field="true" id="214" symbol="gap"/>
        <entry id="209" method="true" symbol="&lt;globals/BlinkScheduler/&lt;&gt;startBlink&gt;"/>
        <entry field="true" id="220" symbol="originY"/>
        <entry field="true" id="219" symbol="originX"/>
        <entry id="60" method="true" symbol="&lt;globals/EmoticonParser/&lt;&gt;applySad&gt;"/>
        <entry field="true" id="254" symbol="minuteMarkLength"/>
        <entry id="167" method="true" symbol="&lt;globals/HealthDataProvider/&lt;&gt;estimateSleepQuality&gt;"/>
        <entry field="true" id="207" symbol="&lt;globals/BlinkScheduler/&lt;&gt;nextBlinkTime&gt;"/>
        <entry id="8389026" method="true" symbol="requestUpdate"/>
        <entry field="true" id="8388721" symbol="min"/>
        <entry id="8388771" module="true" object="true" symbol="Drawables"/>
        <entry field="true" id="202" symbol="&lt;globals/BlinkScheduler/&lt;&gt;eventBlinkPending&gt;"/>
        <entry field="true" id="84" symbol="blinkRate"/>
        <entry field="true" id="152" symbol="energy"/>
        <entry field="true" id="157" symbol="overloadRisk"/>
        <entry id="283" symbol="closureMs"/>
        <entry id="268" method="true" symbol="getSpec"/>
        <entry id="13" module="true" symbol="AOD"/>
        <entry field="true" id="8389869" symbol="activeMinutesWeek"/>
        <entry id="217" method="true" symbol="getTotalHeight"/>
        <entry field="true" id="8389066" symbol="width"/>
        <entry id="295" symbol="restingHR"/>
        <entry field="true" id="195" symbol="testMode"/>
        <entry id="208" method="true" symbol="&lt;globals/BlinkScheduler/&lt;&gt;scheduleNextBlink&gt;"/>
        <entry id="281" symbol="max"/>
        <entry id="8389122" method="true" symbol="onLayout"/>
        <entry field="true" id="153" symbol="focusContext"/>
        <entry field="true" id="201" symbol="&lt;globals/BlinkScheduler/&lt;&gt;currentProfile&gt;"/>
        <entry id="8389376" method="true" symbol="onEnterSleep"/>
        <entry id="70" method="true" symbol="id"/>
        <entry id="77" method="true" symbol="getExpression"/>
        <entry id="29" object="true" symbol="JailbotWatchFaceApp"/>
        <entry field="true" id="93" symbol="eyeWidth"/>
        <entry id="54" method="true" symbol="&lt;globals/EmoticonParser/&lt;&gt;applyGrin&gt;"/>
        <entry id="225" method="true" symbol="dp"/>
        <entry field="true" id="232" symbol="dc"/>
        <entry id="274" method="true" symbol="moveEyesCloser"/>
        <entry field="true" id="258" symbol="secondHand"/>
        <entry id="22" object="true" symbol="ExpressionRenderer"/>
        <entry field="true" id="99" symbol="mouthWidth"/>
        <entry field="true" id="181" symbol="aodDisplay"/>
        <entry field="true" id="271" symbol="leftEye"/>
        <entry id="111" object="true" symbol="AnalogStyleFactory"/>
        <entry id="16" object="true" symbol="BlinkScheduler"/>
        <entry field="true" id="89" symbol="eyeOpenness"/>
        <entry id="298" symbol="active"/>
        <entry id="72" object="true" symbol="DigitPatterns"/>
        <entry id="187" method="true" symbol="drawJailbot20PixelArt"/>
        <entry id="238" method="true" symbol="drawDigit"/>
        <entry field="true" id="8391854" symbol="batteryInDays"/>
        <entry field="true" id="158" symbol="postActivity30"/>
        <entry id="79" method="true" symbol="&lt;globals/ExpressionRenderer/&lt;&gt;drawAccentEffects&gt;"/>
        <entry id="41" method="true" symbol="drawEyes"/>
        <entry field="true" id="261" symbol="blinkTimer"/>
        <entry id="23" object="true" symbol="EyeRenderer"/>
        <entry id="128" method="true" symbol="&lt;globals/EmoticonRenderer/&lt;&gt;drawArcEyes&gt;"/>
        <entry id="285" symbol="blinkPhase"/>
        <entry id="11" module="true" symbol="globals/Rez/Drawables"/>
        <entry id="178" method="true" symbol="updateRestingHRBaseline"/>
        <entry id="33" object="true" symbol="MoodMemory"/>
        <entry id="164" method="true" symbol="debugSensorData"/>
        <entry field="true" id="142" symbol="&lt;globals/MoodEngine/&lt;&gt;lastUpdateTime&gt;"/>
        <entry id="154" method="true" symbol="&lt;globals/MoodContext/&lt;&gt;getTimeAdjustedGoal&gt;"/>
        <entry id="108" object="true" symbol="MinuteHand"/>
        <entry id="242" method="true" symbol="drawAOD"/>
        <entry field="true" id="180" symbol="analogFace"/>
        <entry field="true" id="193" symbol="inAOD"/>
        <entry field="true" id="118" symbol="&lt;globals/BlinkController/&lt;&gt;blinkState&gt;"/>
        <entry id="46" method="true" symbol="isAchievementEventRecent"/>
        <entry id="57" method="true" symbol="&lt;globals/EmoticonParser/&lt;&gt;applyLaugh&gt;"/>
        <entry id="40" method="true" symbol="&lt;globals/EyeRenderer/&lt;&gt;drawClosedEyes&gt;"/>
        <entry id="8388699" method="true" symbol="stop"/>
        <entry id="116" method="true" symbol="beginBlink"/>
        <entry id="53" method="true" symbol="&lt;globals/EmoticonParser/&lt;&gt;applyCrying&gt;"/>
        <entry id="25" object="true" symbol="HealthDataProvider"/>
        <entry id="113" object="true" symbol="Eye"/>
        <entry id="169" method="true" symbol="gatherSensorData"/>
        <entry field="true" id="246" symbol="lastMinute"/>
        <entry id="114" object="true" symbol="FaceLayout"/>
        <entry field="true" id="83" symbol="blinkDuration"/>
        <entry field="true" id="47" symbol="&lt;globals/MoodMemory/&lt;&gt;lastVariantTime&gt;"/>
        <entry id="291" symbol="hasReopenTimer"/>
        <entry field="true" id="257" symbol="rimIndicators"/>
        <entry id="280" symbol="accent"/>
        <entry id="8389377" method="true" symbol="onExitSleep"/>
        <entry id="8388644" module="true" symbol="System"/>
        <entry id="59" method="true" symbol="&lt;globals/EmoticonParser/&lt;&gt;applyNeutral&gt;"/>
        <entry id="166" method="true" symbol="&lt;globals/HealthDataProvider/&lt;&gt;estimateBodyBattery&gt;"/>
        <entry field="true" id="162" symbol="stressLevel"/>
        <entry id="8388645" module="true" symbol="Time"/>
        <entry id="8388769" module="true" object="true" symbol="Rez"/>
        <entry field="true" id="192" symbol="healthDataProvider"/>
        <entry id="131" method="true" symbol="&lt;globals/EmoticonRenderer/&lt;&gt;drawHeartEyes&gt;"/>
        <entry id="81" method="true" symbol="renderLegacy"/>
        <entry field="true" id="95" symbol="mouthHeight"/>
        <entry id="276" method="true" symbol="setEyeSpacing"/>
        <entry id="248" method="true" symbol="setup"/>
        <entry id="247" method="true" symbol="calculateAngle"/>
        <entry id="8388640" module="true" symbol="Lang"/>
        <entry id="262" method="true" symbol="drawJailbotElements"/>
        <entry id="299" symbol="stepGoalReached"/>
        <entry id="8389068" method="true" symbol="draw"/>
        <entry field="true" id="240" symbol="patterns"/>
        <entry id="245" method="true" symbol="drawPixelDot"/>
        <entry field="true" id="206" symbol="&lt;globals/BlinkScheduler/&lt;&gt;isBlinking&gt;"/>
        <entry id="107" object="true" symbol="HourHand"/>
        <entry id="3" module="true" symbol="globals/AnalogClock"/>
        <entry field="true" id="90" symbol="eyeRadius"/>
        <entry field="true" id="144" symbol="&lt;globals/MoodEngine/&lt;&gt;stateCooldowns&gt;"/>
        <entry field="true" id="211" symbol="LauncherIcon"/>
        <entry id="179" method="true" symbol="&lt;globals/HealthDataProvider/&lt;&gt;wasActiveRecently&gt;"/>
        <entry field="true" id="194" symbol="moodEngine"/>
        <entry id="300" symbol="lastStepCount"/>
        <entry id="8388610" symbol="statics"/>
        <entry id="8389123" method="true" symbol="onShow"/>
        <entry field="true" id="253" symbol="hourMarkLength"/>
        <entry field="true" id="275" symbol="rightEye"/>
        <entry field="true" id="49" symbol="&lt;globals/MoodMemory/&lt;&gt;stateHistory&gt;"/>
        <entry field="true" id="191" symbol="eyeRenderer"/>
        <entry id="110" object="true" symbol="SecondHand"/>
        <entry id="56" method="true" symbol="&lt;globals/EmoticonParser/&lt;&gt;applyJoy&gt;"/>
        <entry field="true" id="196" symbol="updateTimer"/>
        <entry id="8389350" module="true" symbol="globals"/>
        <entry id="132" method="true" symbol="&lt;globals/EmoticonRenderer/&lt;&gt;drawMouth&gt;"/>
        <entry id="184" method="true" symbol="drawDirectAnalogJailbot"/>
        <entry field="true" id="122" symbol="&lt;globals/BlinkController/&lt;&gt;isRunning&gt;"/>
        <entry id="8388770" module="true" object="true" symbol="Strings"/>
        <entry field="true" id="8388960" symbol="heartRate"/>
        <entry id="61" method="true" symbol="&lt;globals/EmoticonParser/&lt;&gt;applyShock&gt;"/>
        <entry id="24" object="true" symbol="FocusedState"/>
        <entry field="true" id="250" symbol="centerY"/>
        <entry field="true" id="249" symbol="centerX"/>
        <entry field="true" id="88" symbol="eyeHeight"/>
        <entry field="true" id="199" symbol="&lt;globals/BlinkScheduler/&lt;&gt;blinkDuration&gt;"/>
        <entry id="8388702" method="true" symbol="initialize"/>
        <entry id="210" method="true" symbol="triggerEventBlink"/>
        <entry field="true" id="241" symbol="digitPatterns"/>
        <entry id="8389279" method="true" symbol="onStart"/>
        <entry field="true" id="139" symbol="&lt;globals/MoodEngine/&lt;&gt;expressionRenderer&gt;"/>
        <entry id="105" object="true" symbol="MinimalTimeDisplay"/>
        <entry field="true" id="213" symbol="blockSize"/>
        <entry field="true" id="104" symbol="tongueSize"/>
        <entry id="8388641" module="true" symbol="Math"/>
        <entry field="true" id="182" symbol="blinkController"/>
        <entry id="203" method="true" symbol="&lt;globals/BlinkScheduler/&lt;&gt;generateBlinkInterval&gt;"/>
        <entry id="278" symbol="version"/>
        <entry id="198" method="true" symbol="enter"/>
        <entry id="171" method="true" symbol="&lt;globals/HealthDataProvider/&lt;&gt;getBodyBatteryLevel&gt;"/>
        <entry field="true" id="239" symbol="resManager"/>
        <entry id="115" object="true" symbol="Mouth"/>
        <entry id="6" module="true" symbol="globals/JailbotFace"/>
        <entry field="true" id="45" symbol="&lt;globals/MoodMemory/&lt;&gt;currentVariant&gt;"/>
        <entry id="8389280" method="true" symbol="getInitialView"/>
        <entry id="227" method="true" symbol="setBlockSize"/>
        <entry id="8389281" method="true" symbol="onStop"/>
        <entry id="133" method="true" symbol="&lt;globals/EmoticonRenderer/&lt;&gt;drawXEyes&gt;"/>
        <entry field="true" id="156" symbol="inActivity"/>
        <entry id="224" method="true" symbol="centerGrid"/>
        <entry id="279" symbol="mouthCurve"/>
        <entry field="true" id="8389347" symbol="color"/>
        <entry id="52" method="true" symbol="&lt;globals/EmoticonParser/&lt;&gt;applyConfused&gt;"/>
        <entry id="31" object="true" symbol="MoodContext"/>
        <entry field="true" id="134" symbol="&lt;globals/EmoticonRenderer/&lt;&gt;parser&gt;"/>
        <entry field="true" id="155" symbol="hrAnomaly"/>
        <entry id="288" symbol="blinkCount"/>
        <entry id="8388717" method="true" symbol="exit"/>
        <entry id="19" object="true" symbol="EmoticonParser"/>
        <entry id="21" object="true" symbol="ExpressionParams"/>
        <entry field="true" id="86" symbol="expressionIntensity"/>
        <entry id="140" method="true" symbol="&lt;globals/MoodEngine/&lt;&gt;getCooldownForState&gt;"/>
        <entry id="151" method="true" symbol="&lt;globals/MoodContext/&lt;&gt;clamp01&gt;"/>
        <entry id="170" method="true" symbol="&lt;globals/HealthDataProvider/&lt;&gt;getActivityStatus&gt;"/>
        <entry field="true" id="160" symbol="sleepQuality"/>
        <entry id="121" method="true" symbol="getBlinkState"/>
        <entry id="51" method="true" symbol="&lt;globals/EmoticonParser/&lt;&gt;applyCat&gt;"/>
        <entry id="8388646" module="true" object="true" symbol="Timer"/>
        <entry id="39" object="true" symbol="VictoryState"/>
        <entry id="284" symbol="expression"/>
        <entry id="148" method="true" symbol="&lt;globals/MoodEngine/&lt;&gt;updateCooldowns&gt;"/>
        <entry field="true" id="270" symbol="eyeSpacingBlocks"/>
        <entry field="true" id="8389487" symbol="state"/>
        <entry id="8388698" method="true" symbol="start"/>
        <entry id="233" method="true" symbol="drawGrid"/>
        <entry field="true" id="85" symbol="blushIntensity"/>
        <entry field="true" id="119" symbol="&lt;globals/BlinkController/&lt;&gt;blinkTimer&gt;"/>
        <entry id="296" symbol="current"/>
        <entry id="34" object="true" symbol="OverheatState"/>
        <entry id="282" symbol="doubleProb"/>
        <entry field="true" id="255" symbol="hourHand"/>
        <entry id="185" method="true" symbol="drawHollowBlock"/>
        <entry id="141" method="true" symbol="&lt;globals/MoodEngine/&lt;&gt;getRenderData&gt;"/>
        <entry field="true" id="102" symbol="showTongue"/>
        <entry id="226" method="true" symbol="positionGrid"/>
        <entry id="135" method="true" symbol="renderEmoticon"/>
        <entry id="130" method="true" symbol="&lt;globals/EmoticonRenderer/&lt;&gt;drawEyes&gt;"/>
        <entry id="8" module="true" symbol="globals/PixelTime"/>
        <entry id="32" object="true" symbol="MoodEngine"/>
        <entry field="true" id="176" symbol="&lt;globals/HealthDataProvider/&lt;&gt;restingHRBaseline&gt;"/>
        <entry id="68" object="true" symbol="PixelRenderer"/>
        <entry id="64" method="true" symbol="&lt;globals/EmoticonParser/&lt;&gt;applyWink&gt;"/>
        <entry id="8389125" method="true" symbol="onHide"/>
        <entry field="true" id="103" symbol="tearSize"/>
        <entry id="8390514" method="true" symbol="update"/>
        <entry field="true" id="230" symbol="cols"/>
        <entry field="true" id="91" symbol="eyeSeparation"/>
        <entry id="124" method="true" symbol="onLowPowerChange"/>
        <entry field="true" id="94" symbol="mouthCurvature"/>
        <entry id="63" method="true" symbol="&lt;globals/EmoticonParser/&lt;&gt;applyUnimpressed&gt;"/>
        <entry id="129" method="true" symbol="drawExpression"/>
        <entry field="true" id="234" symbol="metrics"/>
        <entry id="8388635" module="true" symbol="Application"/>
        <entry id="273" method="true" symbol="moveEyesApart"/>
        <entry id="7" module="true" symbol="globals/PixelResolution"/>
        <entry id="43" method="true" symbol="getDebugInfo"/>
        <entry field="true" id="175" symbol="&lt;globals/HealthDataProvider/&lt;&gt;lastActivityEndTime&gt;"/>
        <entry id="294" symbol="stress"/>
        <entry id="15" object="true" symbol="BlinkController"/>
    </symbolTable>
    <localVars>
        <entry arg="true" endPc="268435792" name="dc" stackId="1" startPc="268435588"/>
        <entry arg="true" endPc="268435792" name="centerX" stackId="2" startPc="268435588"/>
        <entry arg="true" endPc="268435792" name="centerY" stackId="3" startPc="268435588"/>
        <entry arg="true" endPc="268435792" name="faceSize" stackId="4" startPc="268435588"/>
        <entry arg="true" endPc="268435792" name="state" stackId="5" startPc="268435588"/>
        <entry endPc="268435791" name="eyeSpacing" stackId="6" startPc="268435591"/>
        <entry endPc="268435791" name="eyeY" stackId="7" startPc="268435591"/>
        <entry endPc="268435791" name="leftEyeX" stackId="8" startPc="268435591"/>
        <entry endPc="268435791" name="rightEyeX" stackId="9" startPc="268435591"/>
        <entry arg="true" endPc="268436041" name="dc" stackId="1" startPc="268435844"/>
        <entry arg="true" endPc="268436041" name="leftX" stackId="2" startPc="268435844"/>
        <entry arg="true" endPc="268436041" name="rightX" stackId="3" startPc="268435844"/>
        <entry arg="true" endPc="268436041" name="y" stackId="4" startPc="268435844"/>
        <entry arg="true" endPc="268436041" name="faceSize" stackId="5" startPc="268435844"/>
        <entry endPc="268436040" name="lidWidth" stackId="6" startPc="268435847"/>
        <entry endPc="268436040" name="lineWidth" stackId="7" startPc="268435847"/>
        <entry arg="true" endPc="268436236" name="dc" stackId="1" startPc="268436042"/>
        <entry arg="true" endPc="268436236" name="leftX" stackId="2" startPc="268436042"/>
        <entry arg="true" endPc="268436236" name="rightX" stackId="3" startPc="268436042"/>
        <entry arg="true" endPc="268436236" name="y" stackId="4" startPc="268436042"/>
        <entry arg="true" endPc="268436236" name="faceSize" stackId="5" startPc="268436042"/>
        <entry endPc="268436235" name="eyeWidth" stackId="6" startPc="268436045"/>
        <entry endPc="268436235" name="eyeHeight" stackId="7" startPc="268436045"/>
        <entry endPc="268436235" name="eyeRadius" stackId="8" startPc="268436045"/>
        <entry arg="true" endPc="268436443" name="allowedVariants" stackId="1" startPc="268436324"/>
        <entry arg="true" endPc="268436443" name="ctx" stackId="2" startPc="268436324"/>
        <entry endPc="268436435" name="now" stackId="3" startPc="268436368"/>
        <entry arg="true" endPc="268436475" name="ctx" stackId="1" startPc="268436444"/>
        <entry arg="true" endPc="268436475" name="deltaMs" stackId="2" startPc="268436444"/>
        <entry arg="true" endPc="268436592" name="params" stackId="1" startPc="268436516"/>
        <entry arg="true" endPc="268436699" name="params" stackId="1" startPc="268436593"/>
        <entry arg="true" endPc="268436815" name="params" stackId="1" startPc="268436700"/>
        <entry arg="true" endPc="268436857" name="params" stackId="1" startPc="268436816"/>
        <entry arg="true" endPc="268436964" name="params" stackId="1" startPc="268436858"/>
        <entry arg="true" endPc="268437080" name="params" stackId="1" startPc="268436965"/>
        <entry arg="true" endPc="268437161" name="params" stackId="1" startPc="268437081"/>
        <entry arg="true" endPc="268437695" name="emoticon" stackId="1" startPc="268437162"/>
        <entry endPc="268437695" name="params" stackId="2" startPc="268437165"/>
        <entry endPc="268437695" name="emotStr" stackId="3" startPc="268437165"/>
        <entry arg="true" endPc="268437776" name="params" stackId="1" startPc="268437696"/>
        <entry arg="true" endPc="268437831" name="params" stackId="1" startPc="268437777"/>
        <entry arg="true" endPc="268437899" name="params" stackId="1" startPc="268437832"/>
        <entry arg="true" endPc="268437989" name="params" stackId="1" startPc="268437900"/>
        <entry arg="true" endPc="268438096" name="params" stackId="1" startPc="268437990"/>
        <entry arg="true" endPc="268438164" name="params" stackId="1" startPc="268438097"/>
        <entry arg="true" endPc="268438258" name="params" stackId="1" startPc="268438165"/>
        <entry arg="true" endPc="268438326" name="params" stackId="1" startPc="268438259"/>
        <entry arg="true" endPc="268438334" name="ctx" stackId="1" startPc="268438327"/>
        <entry arg="true" endPc="268438891" name="ctx" stackId="1" startPc="268438825"/>
        <entry arg="true" endPc="268439083" name="ctx" stackId="1" startPc="268438892"/>
        <entry arg="true" endPc="268439083" name="variant" stackId="2" startPc="268438892"/>
        <entry arg="true" endPc="268439129" name="ctx" stackId="1" startPc="268439084"/>
        <entry endPc="268439129" name="variants" stackId="2" startPc="268439087"/>
        <entry arg="true" endPc="268439186" name="ctx" stackId="1" startPc="268439130"/>
        <entry arg="true" endPc="268439605" name="dc" stackId="1" startPc="268439203"/>
        <entry arg="true" endPc="268439605" name="renderData" stackId="2" startPc="268439203"/>
        <entry arg="true" endPc="268439605" name="faceSize" stackId="3" startPc="268439203"/>
        <entry arg="true" endPc="268439605" name="centerX" stackId="4" startPc="268439203"/>
        <entry arg="true" endPc="268439605" name="centerY" stackId="5" startPc="268439203"/>
        <entry endPc="268439604" name="expression" stackId="6" startPc="268439206"/>
        <entry endPc="268439604" name="blinkPhase" stackId="7" startPc="268439206"/>
        <entry endPc="268439604" name="aod" stackId="8" startPc="268439206"/>
        <entry endPc="268439604" name="eyeWidth" stackId="9" startPc="268439206"/>
        <entry endPc="268439604" name="eyeHeight" stackId="10" startPc="268439206"/>
        <entry endPc="268439604" name="eyeRadius" stackId="11" startPc="268439206"/>
        <entry endPc="268439604" name="currentEyeHeight" stackId="12" startPc="268439206"/>
        <entry endPc="268439604" name="eyeY" stackId="13" startPc="268439206"/>
        <entry endPc="268439604" name="leftEyeX" stackId="14" startPc="268439206"/>
        <entry endPc="268439604" name="rightEyeX" stackId="15" startPc="268439206"/>
        <entry endPc="268439604" name="mouthWidth" stackId="16" startPc="268439206"/>
        <entry endPc="268439604" name="mouthHeight" stackId="17" startPc="268439206"/>
        <entry endPc="268439604" name="mouthY" stackId="18" startPc="268439206"/>
        <entry endPc="268439604" name="mouthRadius" stackId="19" startPc="268439206"/>
        <entry arg="true" endPc="268439735" name="dc" stackId="1" startPc="268439609"/>
        <entry arg="true" endPc="268439735" name="centerX" stackId="2" startPc="268439609"/>
        <entry arg="true" endPc="268439735" name="centerY" stackId="3" startPc="268439609"/>
        <entry arg="true" endPc="268439735" name="faceSize" stackId="4" startPc="268439609"/>
        <entry arg="true" endPc="268439735" name="blinkPhase" stackId="5" startPc="268439609"/>
        <entry endPc="268439734" name="eyeY" stackId="6" startPc="268439612"/>
        <entry endPc="268439734" name="leftEyeX" stackId="7" startPc="268439612"/>
        <entry endPc="268439734" name="rightEyeX" stackId="8" startPc="268439612"/>
        <entry endPc="268439734" name="eyeWidth" stackId="9" startPc="268439612"/>
        <entry endPc="268439734" name="eyeHeight" stackId="10" startPc="268439612"/>
        <entry endPc="268439734" name="eyelidHeight" stackId="11" startPc="268439612"/>
        <entry arg="true" endPc="268439844" name="dc" stackId="1" startPc="268439736"/>
        <entry arg="true" endPc="268439844" name="renderData" stackId="2" startPc="268439736"/>
        <entry arg="true" endPc="268439844" name="faceSize" stackId="3" startPc="268439736"/>
        <entry arg="true" endPc="268439844" name="centerX" stackId="4" startPc="268439736"/>
        <entry arg="true" endPc="268439844" name="centerY" stackId="5" startPc="268439736"/>
        <entry endPc="268439843" name="emoticon" stackId="6" startPc="268439739"/>
        <entry endPc="268439843" name="blinkPhase" stackId="7" startPc="268439739"/>
        <entry endPc="268439843" name="emoticonRenderer" stackId="8" startPc="268439739"/>
        <entry arg="true" endPc="268439943" name="dc" stackId="1" startPc="268439845"/>
        <entry arg="true" endPc="268439943" name="renderData" stackId="2" startPc="268439845"/>
        <entry arg="true" endPc="268439943" name="faceSize" stackId="3" startPc="268439845"/>
        <entry arg="true" endPc="268439943" name="centerX" stackId="4" startPc="268439845"/>
        <entry arg="true" endPc="268439943" name="centerY" stackId="5" startPc="268439845"/>
        <entry endPc="268439942" name="emoticon" stackId="6" startPc="268439848"/>
        <entry endPc="268439942" name="blinkPhase" stackId="7" startPc="268439848"/>
        <entry endPc="268439942" name="aod" stackId="8" startPc="268439848"/>
        <entry arg="true" endPc="268440711" name="ctx" stackId="1" startPc="268440666"/>
        <entry arg="true" endPc="268440802" name="ctx" stackId="1" startPc="268440712"/>
        <entry arg="true" endPc="268440802" name="variant" stackId="2" startPc="268440712"/>
        <entry arg="true" endPc="268440862" name="ctx" stackId="1" startPc="268440803"/>
        <entry endPc="268441030" name="interval" stackId="1" startPc="268440894"/>
        <entry arg="true" endPc="268441408" name="isLowPower" stackId="1" startPc="268441351"/>
        <entry endPc="268441728" name="rand" stackId="1" startPc="268441488"/>
        <entry endPc="268441728" name="doubleThreshold" stackId="2" startPc="268441488"/>
        <entry arg="true" endPc="268441998" name="dc" stackId="1" startPc="268441917"/>
        <entry arg="true" endPc="268441998" name="leftX" stackId="2" startPc="268441917"/>
        <entry arg="true" endPc="268441998" name="rightX" stackId="3" startPc="268441917"/>
        <entry arg="true" endPc="268441998" name="eyeY" stackId="4" startPc="268441917"/>
        <entry arg="true" endPc="268441998" name="width" stackId="5" startPc="268441917"/>
        <entry arg="true" endPc="268441998" name="height" stackId="6" startPc="268441917"/>
        <entry endPc="268441997" name="heartWidth" stackId="7" startPc="268441920"/>
        <entry endPc="268441997" name="heartHeight" stackId="8" startPc="268441920"/>
        <entry arg="true" endPc="268442196" name="dc" stackId="1" startPc="268441999"/>
        <entry arg="true" endPc="268442196" name="leftX" stackId="2" startPc="268441999"/>
        <entry arg="true" endPc="268442196" name="rightX" stackId="3" startPc="268441999"/>
        <entry arg="true" endPc="268442196" name="eyeY" stackId="4" startPc="268441999"/>
        <entry arg="true" endPc="268442196" name="width" stackId="5" startPc="268441999"/>
        <entry arg="true" endPc="268442196" name="height" stackId="6" startPc="268441999"/>
        <entry endPc="268442195" name="thickness" stackId="7" startPc="268442002"/>
        <entry endPc="268442195" name="halfWidth" stackId="8" startPc="268442002"/>
        <entry endPc="268442195" name="halfHeight" stackId="9" startPc="268442002"/>
        <entry arg="true" endPc="268442236" name="dc" stackId="1" startPc="268442197"/>
        <entry arg="true" endPc="268442236" name="emoticon" stackId="2" startPc="268442197"/>
        <entry arg="true" endPc="268442236" name="centerX" stackId="3" startPc="268442197"/>
        <entry arg="true" endPc="268442236" name="centerY" stackId="4" startPc="268442197"/>
        <entry arg="true" endPc="268442236" name="faceSize" stackId="5" startPc="268442197"/>
        <entry endPc="268442235" name="params" stackId="6" startPc="268442200"/>
        <entry arg="true" endPc="268442328" name="dc" stackId="1" startPc="268442237"/>
        <entry arg="true" endPc="268442328" name="leftX" stackId="2" startPc="268442237"/>
        <entry arg="true" endPc="268442328" name="rightX" stackId="3" startPc="268442237"/>
        <entry arg="true" endPc="268442328" name="eyeY" stackId="4" startPc="268442237"/>
        <entry arg="true" endPc="268442328" name="width" stackId="5" startPc="268442237"/>
        <entry arg="true" endPc="268442328" name="height" stackId="6" startPc="268442237"/>
        <entry arg="true" endPc="268442328" name="upward" stackId="7" startPc="268442237"/>
        <entry endPc="268442327" name="arcHeight" stackId="8" startPc="268442240"/>
        <entry endPc="268442327" name="y" stackId="9" startPc="268442240"/>
        <entry arg="true" endPc="268442833" name="dc" stackId="1" startPc="268442329"/>
        <entry arg="true" endPc="268442833" name="params" stackId="2" startPc="268442329"/>
        <entry arg="true" endPc="268442833" name="leftX" stackId="3" startPc="268442329"/>
        <entry arg="true" endPc="268442833" name="rightX" stackId="4" startPc="268442329"/>
        <entry arg="true" endPc="268442833" name="eyeY" stackId="5" startPc="268442329"/>
        <entry arg="true" endPc="268442833" name="baseWidth" stackId="6" startPc="268442329"/>
        <entry arg="true" endPc="268442833" name="baseHeight" stackId="7" startPc="268442329"/>
        <entry endPc="268442832" name="eyeWidth" stackId="8" startPc="268442332"/>
        <entry endPc="268442832" name="eyeHeight" stackId="9" startPc="268442332"/>
        <entry endPc="268442832" name="eyeRadius" stackId="10" startPc="268442332"/>
        <entry endPc="268442579" name="closedHeight" stackId="11" startPc="268442509"/>
        <entry endPc="268442690" name="lineHeight" stackId="12" startPc="268442605"/>
        <entry arg="true" endPc="268443013" name="dc" stackId="1" startPc="268442862"/>
        <entry arg="true" endPc="268443013" name="params" stackId="2" startPc="268442862"/>
        <entry arg="true" endPc="268443013" name="centerX" stackId="3" startPc="268442862"/>
        <entry arg="true" endPc="268443013" name="centerY" stackId="4" startPc="268442862"/>
        <entry arg="true" endPc="268443013" name="faceSize" stackId="5" startPc="268442862"/>
        <entry endPc="268443012" name="baseEyeWidth" stackId="6" startPc="268442865"/>
        <entry endPc="268443012" name="baseEyeHeight" stackId="7" startPc="268442865"/>
        <entry endPc="268443012" name="baseMouthWidth" stackId="8" startPc="268442865"/>
        <entry endPc="268443012" name="baseMouthHeight" stackId="9" startPc="268442865"/>
        <entry endPc="268443012" name="eyeY" stackId="10" startPc="268442865"/>
        <entry endPc="268443012" name="eyeSep" stackId="11" startPc="268442865"/>
        <entry endPc="268443012" name="leftEyeX" stackId="12" startPc="268442865"/>
        <entry endPc="268443012" name="rightEyeX" stackId="13" startPc="268442865"/>
        <entry endPc="268443012" name="mouthY" stackId="14" startPc="268442865"/>
        <entry arg="true" endPc="268443598" name="dc" stackId="1" startPc="268443014"/>
        <entry arg="true" endPc="268443598" name="params" stackId="2" startPc="268443014"/>
        <entry arg="true" endPc="268443598" name="centerX" stackId="3" startPc="268443014"/>
        <entry arg="true" endPc="268443598" name="mouthY" stackId="4" startPc="268443014"/>
        <entry arg="true" endPc="268443598" name="baseWidth" stackId="5" startPc="268443014"/>
        <entry arg="true" endPc="268443598" name="baseHeight" stackId="6" startPc="268443014"/>
        <entry endPc="268443597" name="mouthWidth" stackId="7" startPc="268443017"/>
        <entry endPc="268443597" name="mouthHeight" stackId="8" startPc="268443017"/>
        <entry endPc="268443597" name="mouthRadius" stackId="9" startPc="268443017"/>
        <entry endPc="268443410" name="ovalWidth" stackId="10" startPc="268443352"/>
        <entry endPc="268443410" name="ovalHeight" stackId="11" startPc="268443352"/>
        <entry endPc="268443471" name="catWidth" stackId="12" startPc="268443436"/>
        <entry endPc="268443591" name="tongueWidth" stackId="13" startPc="268443532"/>
        <entry endPc="268443591" name="tongueHeight" stackId="14" startPc="268443532"/>
        <entry endPc="268443591" name="tongueY" stackId="15" startPc="268443532"/>
        <entry arg="true" endPc="268443796" name="dc" stackId="1" startPc="268443599"/>
        <entry arg="true" endPc="268443796" name="params" stackId="2" startPc="268443599"/>
        <entry arg="true" endPc="268443796" name="centerX" stackId="3" startPc="268443599"/>
        <entry arg="true" endPc="268443796" name="centerY" stackId="4" startPc="268443599"/>
        <entry arg="true" endPc="268443796" name="faceSize" stackId="5" startPc="268443599"/>
        <entry endPc="268443686" name="tearSize" stackId="6" startPc="268443627"/>
        <entry endPc="268443686" name="tearX" stackId="7" startPc="268443627"/>
        <entry endPc="268443686" name="tearY" stackId="8" startPc="268443627"/>
        <entry endPc="268443792" name="blushSize" stackId="9" startPc="268443699"/>
        <entry endPc="268443792" name="blushY" stackId="10" startPc="268443699"/>
        <entry arg="true" endPc="268443936" name="newState" stackId="1" startPc="268443797"/>
        <entry arg="true" endPc="268443936" name="ctx" stackId="2" startPc="268443797"/>
        <entry endPc="268443935" name="prevStateId" stackId="3" startPc="268443800"/>
        <entry arg="true" endPc="268444113" name="rawSensors" stackId="1" startPc="268443937"/>
        <entry endPc="268444113" name="ctx" stackId="2" startPc="268443940"/>
        <entry endPc="268444113" name="now" stackId="3" startPc="268443940"/>
        <entry endPc="268444113" name="deltaMs" stackId="4" startPc="268443940"/>
        <entry endPc="268444113" name="newState" stackId="5" startPc="268443940"/>
        <entry arg="true" endPc="268444270" name="stateId" stackId="1" startPc="268444114"/>
        <entry arg="true" endPc="268444444" name="ctx" stackId="1" startPc="268444271"/>
        <entry endPc="268444444" name="allowedVariants" stackId="2" startPc="268444274"/>
        <entry endPc="268444444" name="variant" stackId="3" startPc="268444274"/>
        <entry endPc="268444444" name="expression" stackId="4" startPc="268444274"/>
        <entry endPc="268444444" name="blinkPhase" stackId="5" startPc="268444274"/>
        <entry arg="true" endPc="268444551" name="deltaMs" stackId="1" startPc="268444445"/>
        <entry endPc="268444550" name="keys" stackId="2" startPc="268444448"/>
        <entry endPc="268444550" name="i" stackId="3" startPc="268444477"/>
        <entry endPc="268444540" name="key" stackId="4" startPc="268444477"/>
        <entry endPc="268444916" name="i" stackId="1" startPc="268444886"/>
        <entry arg="true" endPc="268445112" name="ctx" stackId="1" startPc="268444918"/>
        <entry endPc="268445112" name="bestState" stackId="2" startPc="268444921"/>
        <entry endPc="268445112" name="bestScore" stackId="3" startPc="268444921"/>
        <entry endPc="268445080" name="i" stackId="4" startPc="268444951"/>
        <entry endPc="268445070" name="state" stackId="5" startPc="268444951"/>
        <entry endPc="268445070" name="stateId" stackId="6" startPc="268444951"/>
        <entry endPc="268445070" name="score" stackId="7" startPc="268444951"/>
        <entry arg="true" endPc="268445149" name="ctx" stackId="1" startPc="268445113"/>
        <entry arg="true" endPc="268445236" name="ctx" stackId="1" startPc="268445150"/>
        <entry arg="true" endPc="268445236" name="variant" stackId="2" startPc="268445150"/>
        <entry arg="true" endPc="268445292" name="ctx" stackId="1" startPc="268445237"/>
        <entry arg="true" endPc="268445347" name="value" stackId="1" startPc="268445309"/>
        <entry arg="true" endPc="268445393" name="goal" stackId="1" startPc="268445348"/>
        <entry endPc="268445393" name="now" stackId="2" startPc="268445351"/>
        <entry endPc="268445393" name="hour" stackId="3" startPc="268445351"/>
        <entry arg="true" endPc="268445752" name="sensors" stackId="1" startPc="268445394"/>
        <entry endPc="268445751" name="stepGoal" stackId="2" startPc="268445397"/>
        <entry endPc="268445751" name="timeAdjustedGoal" stackId="3" startPc="268445397"/>
        <entry arg="true" endPc="268445810" name="ctx" stackId="1" startPc="268445753"/>
        <entry arg="true" endPc="268445901" name="ctx" stackId="1" startPc="268445811"/>
        <entry arg="true" endPc="268445901" name="variant" stackId="2" startPc="268445811"/>
        <entry arg="true" endPc="268445961" name="ctx" stackId="1" startPc="268445902"/>
        <entry endPc="268446106" name="quality" stackId="1" startPc="268445985"/>
        <entry endPc="268446055" name="now" stackId="2" startPc="268445992"/>
        <entry endPc="268446055" name="hour" stackId="3" startPc="268445992"/>
        <entry endPc="268446045" name="bodyBattery" stackId="4" startPc="268446028"/>
        <entry endPc="268446098" name="ex" stackId="5" startPc="268446062"/>
        <entry endPc="268446290" name="active" stackId="1" startPc="268446110"/>
        <entry endPc="268446290" name="postActivity30" stackId="2" startPc="268446110"/>
        <entry endPc="268446220" name="hrData" stackId="3" startPc="268446116"/>
        <entry endPc="268446220" name="hrElevation" stackId="4" startPc="268446116"/>
        <entry endPc="268446220" name="now" stackId="5" startPc="268446116"/>
        <entry endPc="268446190" name="timeSinceActivity" stackId="6" startPc="268446172"/>
        <entry endPc="268446263" name="ex" stackId="7" startPc="268446227"/>
        <entry arg="true" endPc="268446403" name="steps" stackId="1" startPc="268446291"/>
        <entry arg="true" endPc="268446403" name="stepGoal" stackId="2" startPc="268446291"/>
        <entry endPc="268446403" name="achievementDetected" stackId="3" startPc="268446294"/>
        <entry endPc="268446417" name="stress" stackId="1" startPc="268446407"/>
        <entry endPc="268446590" name="now" stackId="1" startPc="268446421"/>
        <entry endPc="268446590" name="hour" stackId="2" startPc="268446421"/>
        <entry endPc="268446590" name="timeBasedEnergy" stackId="3" startPc="268446421"/>
        <entry endPc="268446590" name="info" stackId="4" startPc="268446421"/>
        <entry endPc="268446590" name="steps" stackId="5" startPc="268446421"/>
        <entry endPc="268446590" name="stepGoal" stackId="6" startPc="268446421"/>
        <entry endPc="268446590" name="activityAdjustment" stackId="7" startPc="268446421"/>
        <entry endPc="268446590" name="estimated" stackId="8" startPc="268446421"/>
        <entry arg="true" endPc="268446652" name="currentHR" stackId="1" startPc="268446591"/>
        <entry arg="true" endPc="268446652" name="isResting" stackId="2" startPc="268446591"/>
        <entry endPc="268446648" name="alpha" stackId="3" startPc="268446615"/>
        <entry endPc="268446880" name="stress" stackId="1" startPc="268446656"/>
        <entry endPc="268446829" name="info" stackId="2" startPc="268446660"/>
        <entry endPc="268446829" name="now" stackId="3" startPc="268446660"/>
        <entry endPc="268446829" name="hour" stackId="4" startPc="268446660"/>
        <entry endPc="268446798" name="weeklyActive" stackId="5" startPc="268446766"/>
        <entry endPc="268446872" name="ex" stackId="6" startPc="268446836"/>
        <entry endPc="268447179" name="sensors" stackId="1" startPc="268446884"/>
        <entry endPc="268447179" name="info" stackId="2" startPc="268446884"/>
        <entry endPc="268447179" name="stats" stackId="3" startPc="268446884"/>
        <entry endPc="268447179" name="heartRateData" stackId="4" startPc="268446884"/>
        <entry endPc="268447179" name="activityInfo" stackId="5" startPc="268446884"/>
        <entry endPc="268447505" name="sensors" stackId="1" startPc="268447183"/>
        <entry endPc="268447632" name="currentHR" stackId="1" startPc="268447510"/>
        <entry endPc="268447559" name="info" stackId="2" startPc="268447514"/>
        <entry endPc="268447602" name="ex" stackId="3" startPc="268447566"/>
        <entry endPc="268447724" name="bodyBattery" stackId="1" startPc="268447636"/>
        <entry endPc="268447673" name="stats" stackId="2" startPc="268447640"/>
        <entry endPc="268447716" name="ex" stackId="3" startPc="268447680"/>
        <entry endPc="268447833" name="stats" stackId="1" startPc="268447784"/>
        <entry endPc="268447856" name="ex" stackId="2" startPc="268447840"/>
        <entry arg="true" endPc="268447883" name="ctx" stackId="1" startPc="268447863"/>
        <entry arg="true" endPc="268447974" name="ctx" stackId="1" startPc="268447884"/>
        <entry arg="true" endPc="268447974" name="variant" stackId="2" startPc="268447884"/>
        <entry arg="true" endPc="268448034" name="ctx" stackId="1" startPc="268447975"/>
        <entry arg="true" endPc="268449300" name="dc" stackId="1" startPc="268448051"/>
        <entry arg="true" endPc="268449300" name="width" stackId="2" startPc="268448051"/>
        <entry arg="true" endPc="268449300" name="height" stackId="3" startPc="268448051"/>
        <entry endPc="268449299" name="centerX" stackId="4" startPc="268448054"/>
        <entry endPc="268449299" name="centerY" stackId="5" startPc="268448054"/>
        <entry endPc="268449299" name="radius" stackId="6" startPc="268448054"/>
        <entry endPc="268449299" name="clockTime" stackId="7" startPc="268448054"/>
        <entry endPc="268449299" name="hours" stackId="8" startPc="268448054"/>
        <entry endPc="268449299" name="minutes" stackId="9" startPc="268448054"/>
        <entry endPc="268449299" name="seconds" stackId="10" startPc="268448054"/>
        <entry endPc="268449299" name="hourAngle" stackId="11" startPc="268448054"/>
        <entry endPc="268449299" name="hourLength" stackId="12" startPc="268448054"/>
        <entry endPc="268449299" name="hourTail" stackId="13" startPc="268448054"/>
        <entry endPc="268449299" name="hourStartX" stackId="14" startPc="268448054"/>
        <entry endPc="268449299" name="hourStartY" stackId="15" startPc="268448054"/>
        <entry endPc="268449299" name="hourEndX" stackId="16" startPc="268448054"/>
        <entry endPc="268449299" name="hourEndY" stackId="17" startPc="268448054"/>
        <entry endPc="268449299" name="minuteAngle" stackId="18" startPc="268448054"/>
        <entry endPc="268449299" name="minuteLength" stackId="19" startPc="268448054"/>
        <entry endPc="268449299" name="minuteTail" stackId="20" startPc="268448054"/>
        <entry endPc="268449299" name="minuteStartX" stackId="21" startPc="268448054"/>
        <entry endPc="268449299" name="minuteStartY" stackId="22" startPc="268448054"/>
        <entry endPc="268449299" name="minuteEndX" stackId="23" startPc="268448054"/>
        <entry endPc="268449299" name="minuteEndY" stackId="24" startPc="268448054"/>
        <entry endPc="268449299" name="secondAngle" stackId="25" startPc="268448054"/>
        <entry endPc="268449299" name="secondLength" stackId="26" startPc="268448054"/>
        <entry endPc="268449299" name="secondTail" stackId="27" startPc="268448054"/>
        <entry endPc="268449299" name="secondStartX" stackId="28" startPc="268448054"/>
        <entry endPc="268449299" name="secondStartY" stackId="29" startPc="268448054"/>
        <entry endPc="268449299" name="secondEndX" stackId="30" startPc="268448054"/>
        <entry endPc="268449299" name="secondEndY" stackId="31" startPc="268448054"/>
        <entry endPc="268449299" name="jailbotSize" stackId="32" startPc="268448054"/>
        <entry endPc="268449299" name="bodyX" stackId="33" startPc="268448054"/>
        <entry endPc="268449299" name="bodyY" stackId="34" startPc="268448054"/>
        <entry endPc="268449299" name="panelWidth" stackId="35" startPc="268448054"/>
        <entry endPc="268449299" name="panelHeight" stackId="36" startPc="268448054"/>
        <entry endPc="268449299" name="panelX" stackId="37" startPc="268448054"/>
        <entry endPc="268449299" name="panelY" stackId="38" startPc="268448054"/>
        <entry endPc="268449299" name="dotSize" stackId="39" startPc="268448054"/>
        <entry endPc="268449299" name="dotSpacing" stackId="40" startPc="268448054"/>
        <entry endPc="268449299" name="gridStartX" stackId="41" startPc="268448054"/>
        <entry endPc="268449299" name="gridStartY" stackId="42" startPc="268448054"/>
        <entry endPc="268449299" name="shouldBlink" stackId="43" startPc="268448054"/>
        <entry endPc="268449299" name="cols" stackId="44" startPc="268448054"/>
        <entry endPc="268449299" name="rows" stackId="45" startPc="268448054"/>
        <entry endPc="268449004" name="col" stackId="46" startPc="268448942"/>
        <entry endPc="268448991" name="dotX" stackId="47" startPc="268448948"/>
        <entry endPc="268448991" name="dotY" stackId="48" startPc="268448948"/>
        <entry endPc="268449070" name="col" stackId="49" startPc="268449017"/>
        <entry endPc="268449060" name="dotX" stackId="50" startPc="268449017"/>
        <entry endPc="268449060" name="dotY" stackId="51" startPc="268449017"/>
        <entry endPc="268449145" name="col" stackId="52" startPc="268449083"/>
        <entry endPc="268449132" name="dotX" stackId="53" startPc="268449089"/>
        <entry endPc="268449132" name="dotY" stackId="54" startPc="268449089"/>
        <entry endPc="268449211" name="col" stackId="55" startPc="268449158"/>
        <entry endPc="268449201" name="dotX" stackId="56" startPc="268449158"/>
        <entry endPc="268449201" name="dotY" stackId="57" startPc="268449158"/>
        <entry endPc="268449299" name="row" stackId="58" startPc="268449224"/>
        <entry endPc="268449289" name="col" stackId="59" startPc="268449236"/>
        <entry endPc="268449279" name="dotX" stackId="60" startPc="268449236"/>
        <entry endPc="268449279" name="dotY" stackId="61" startPc="268449236"/>
        <entry arg="true" endPc="268449469" name="dc" stackId="1" startPc="268449301"/>
        <entry arg="true" endPc="268449469" name="centerX" stackId="2" startPc="268449301"/>
        <entry arg="true" endPc="268449469" name="centerY" stackId="3" startPc="268449301"/>
        <entry arg="true" endPc="268449469" name="faceSize" stackId="4" startPc="268449301"/>
        <entry endPc="268449468" name="eyeWidth" stackId="5" startPc="268449304"/>
        <entry endPc="268449468" name="eyeHeight" stackId="6" startPc="268449304"/>
        <entry endPc="268449468" name="eyeY" stackId="7" startPc="268449304"/>
        <entry endPc="268449468" name="leftEyeX" stackId="8" startPc="268449304"/>
        <entry endPc="268449468" name="rightEyeX" stackId="9" startPc="268449304"/>
        <entry endPc="268449468" name="mouthWidth" stackId="10" startPc="268449304"/>
        <entry endPc="268449468" name="mouthHeight" stackId="11" startPc="268449304"/>
        <entry endPc="268449468" name="mouthY" stackId="12" startPc="268449304"/>
        <entry arg="true" endPc="268449561" name="dc" stackId="1" startPc="268449470"/>
        <entry arg="true" endPc="268449561" name="x" stackId="2" startPc="268449470"/>
        <entry arg="true" endPc="268449561" name="y" stackId="3" startPc="268449470"/>
        <entry arg="true" endPc="268449561" name="size" stackId="4" startPc="268449470"/>
        <entry endPc="268449560" name="borderWidth" stackId="5" startPc="268449473"/>
        <entry arg="true" endPc="268450626" name="dc" stackId="1" startPc="268449562"/>
        <entry arg="true" endPc="268450626" name="width" stackId="2" startPc="268449562"/>
        <entry arg="true" endPc="268450626" name="height" stackId="3" startPc="268449562"/>
        <entry endPc="268450625" name="centerX" stackId="4" startPc="268449565"/>
        <entry endPc="268450625" name="centerY" stackId="5" startPc="268449565"/>
        <entry endPc="268450625" name="clockTime" stackId="6" startPc="268449565"/>
        <entry endPc="268450625" name="hours" stackId="7" startPc="268449565"/>
        <entry endPc="268450625" name="minutes" stackId="8" startPc="268449565"/>
        <entry endPc="268450625" name="visorWidth" stackId="9" startPc="268449565"/>
        <entry endPc="268450625" name="visorHeight" stackId="10" startPc="268449565"/>
        <entry endPc="268450625" name="visorX" stackId="11" startPc="268449565"/>
        <entry endPc="268450625" name="visorY" stackId="12" startPc="268449565"/>
        <entry endPc="268450625" name="shouldBlink" stackId="13" startPc="268449565"/>
        <entry endPc="268450625" name="eyeWidth" stackId="14" startPc="268449565"/>
        <entry endPc="268450625" name="eyeHeight" stackId="15" startPc="268449565"/>
        <entry endPc="268450625" name="leftEyeX" stackId="16" startPc="268449565"/>
        <entry endPc="268450625" name="rightEyeX" stackId="17" startPc="268449565"/>
        <entry endPc="268450625" name="eyeY" stackId="18" startPc="268449565"/>
        <entry endPc="268450625" name="is24Hour" stackId="19" startPc="268449565"/>
        <entry endPc="268450625" name="timeHour" stackId="20" startPc="268449565"/>
        <entry endPc="268450625" name="timeY" stackId="21" startPc="268449565"/>
        <entry endPc="268450625" name="hourStr" stackId="22" startPc="268449565"/>
        <entry endPc="268450625" name="minStr" stackId="23" startPc="268449565"/>
        <entry endPc="268450625" name="barWidth" stackId="24" startPc="268449565"/>
        <entry endPc="268450625" name="barHeight" stackId="25" startPc="268449565"/>
        <entry endPc="268450625" name="barY" stackId="26" startPc="268449565"/>
        <entry endPc="268450625" name="batteryLevel" stackId="27" startPc="268449565"/>
        <entry endPc="268450625" name="leftBarX" stackId="28" startPc="268449565"/>
        <entry endPc="268450625" name="batteryHeight" stackId="29" startPc="268449565"/>
        <entry endPc="268450625" name="rightBarX" stackId="30" startPc="268449565"/>
        <entry endPc="268450625" name="stepsHeight" stackId="31" startPc="268449565"/>
        <entry endPc="268450625" name="bottomY" stackId="32" startPc="268449565"/>
        <entry endPc="268450625" name="today" stackId="33" startPc="268449565"/>
        <entry endPc="268450625" name="dateStr" stackId="34" startPc="268449565"/>
        <entry endPc="268450625" name="battStr" stackId="35" startPc="268449565"/>
        <entry arg="true" endPc="268451476" name="dc" stackId="1" startPc="268450627"/>
        <entry arg="true" endPc="268451476" name="width" stackId="2" startPc="268450627"/>
        <entry arg="true" endPc="268451476" name="height" stackId="3" startPc="268450627"/>
        <entry endPc="268451475" name="centerX" stackId="4" startPc="268450630"/>
        <entry endPc="268451475" name="centerY" stackId="5" startPc="268450630"/>
        <entry endPc="268451475" name="clockTime" stackId="6" startPc="268450630"/>
        <entry endPc="268451475" name="hours" stackId="7" startPc="268450630"/>
        <entry endPc="268451475" name="minutes" stackId="8" startPc="268450630"/>
        <entry endPc="268451475" name="rimRadius" stackId="9" startPc="268450630"/>
        <entry endPc="268450966" name="i" stackId="10" startPc="268450780"/>
        <entry endPc="268450956" name="angle" stackId="11" startPc="268450780"/>
        <entry endPc="268450956" name="markerX" stackId="12" startPc="268450780"/>
        <entry endPc="268450956" name="markerY" stackId="13" startPc="268450780"/>
        <entry endPc="268451059" name="rawSensors" stackId="14" startPc="268450967"/>
        <entry endPc="268451059" name="renderData" stackId="15" startPc="268450967"/>
        <entry endPc="268451059" name="faceSize" stackId="16" startPc="268450967"/>
        <entry endPc="268451059" name="renderer" stackId="17" startPc="268450967"/>
        <entry endPc="268451125" name="ex" stackId="18" startPc="268451066"/>
        <entry endPc="268451252" name="blinkState" stackId="19" startPc="268451157"/>
        <entry endPc="268451252" name="faceSize" stackId="20" startPc="268451157"/>
        <entry endPc="268451252" name="debugInfo" stackId="21" startPc="268451157"/>
        <entry endPc="268451475" name="minuteAngle" stackId="22" startPc="268450630"/>
        <entry endPc="268451475" name="handRadius" stackId="23" startPc="268450630"/>
        <entry endPc="268451475" name="numberX" stackId="24" startPc="268450630"/>
        <entry endPc="268451475" name="numberY" stackId="25" startPc="268450630"/>
        <entry endPc="268451475" name="displayHour" stackId="26" startPc="268450630"/>
        <entry endPc="268451475" name="is24Hour" stackId="27" startPc="268450630"/>
        <entry endPc="268451475" name="hourStr" stackId="28" startPc="268450630"/>
        <entry arg="true" endPc="268451568" name="dc" stackId="1" startPc="268451477"/>
        <entry arg="true" endPc="268451568" name="pattern" stackId="2" startPc="268451477"/>
        <entry arg="true" endPc="268451568" name="x" stackId="3" startPc="268451477"/>
        <entry arg="true" endPc="268451568" name="y" stackId="4" startPc="268451477"/>
        <entry arg="true" endPc="268451568" name="blockSize" stackId="5" startPc="268451477"/>
        <entry endPc="268451567" name="row" stackId="6" startPc="268451491"/>
        <entry endPc="268451557" name="col" stackId="7" startPc="268451502"/>
        <entry arg="true" endPc="268451671" name="dc" stackId="1" startPc="268451634"/>
        <entry arg="true" endPc="268451671" name="width" stackId="2" startPc="268451634"/>
        <entry arg="true" endPc="268451671" name="height" stackId="3" startPc="268451634"/>
        <entry arg="true" endPc="268451935" name="dc" stackId="1" startPc="268451756"/>
        <entry endPc="268451934" name="deviceSettings" stackId="2" startPc="268451759"/>
        <entry endPc="268451934" name="width" stackId="3" startPc="268451759"/>
        <entry endPc="268451934" name="height" stackId="4" startPc="268451759"/>
        <entry endPc="268451934" name="centerX" stackId="5" startPc="268451759"/>
        <entry endPc="268451934" name="centerY" stackId="6" startPc="268451759"/>
        <entry endPc="268451934" name="radius" stackId="7" startPc="268451759"/>
        <entry endPc="268451929" name="ex" stackId="8" startPc="268451885"/>
        <entry arg="true" endPc="268452774" name="dc" stackId="1" startPc="268451936"/>
        <entry arg="true" endPc="268452774" name="screenWidth" stackId="2" startPc="268451936"/>
        <entry arg="true" endPc="268452774" name="screenHeight" stackId="3" startPc="268451936"/>
        <entry endPc="268452773" name="clockTime" stackId="4" startPc="268451939"/>
        <entry endPc="268452773" name="hour" stackId="5" startPc="268451939"/>
        <entry endPc="268452773" name="min" stackId="6" startPc="268451939"/>
        <entry endPc="268452773" name="is24Hour" stackId="7" startPc="268451939"/>
        <entry endPc="268452773" name="digitPatterns" stackId="8" startPc="268451939"/>
        <entry endPc="268452773" name="blockSize" stackId="9" startPc="268451939"/>
        <entry endPc="268452773" name="digitWidth" stackId="10" startPc="268451939"/>
        <entry endPc="268452773" name="digitSpacing" stackId="11" startPc="268451939"/>
        <entry endPc="268452773" name="colonWidth" stackId="12" startPc="268451939"/>
        <entry endPc="268452773" name="totalWidth" stackId="13" startPc="268451939"/>
        <entry endPc="268452773" name="startX" stackId="14" startPc="268451939"/>
        <entry endPc="268452773" name="startY" stackId="15" startPc="268451939"/>
        <entry endPc="268452773" name="hourTens" stackId="16" startPc="268451939"/>
        <entry endPc="268452773" name="hourOnes" stackId="17" startPc="268451939"/>
        <entry endPc="268452773" name="colonX" stackId="18" startPc="268451939"/>
        <entry endPc="268452773" name="minTens" stackId="19" startPc="268451939"/>
        <entry endPc="268452773" name="minOnes" stackId="20" startPc="268451939"/>
        <entry arg="true" endPc="268452838" name="dc" stackId="1" startPc="268452789"/>
        <entry endPc="268452837" name="width" stackId="2" startPc="268452792"/>
        <entry endPc="268452837" name="height" stackId="3" startPc="268452792"/>
        <entry arg="true" endPc="268453093" name="dc" stackId="1" startPc="268453049"/>
        <entry endPc="268453092" name="width" stackId="2" startPc="268453052"/>
        <entry endPc="268453092" name="height" stackId="3" startPc="268453052"/>
        <entry arg="true" endPc="268453097" name="ctx" stackId="1" startPc="268453094"/>
        <entry arg="true" endPc="268453148" name="ctx" stackId="1" startPc="268453101"/>
        <entry arg="true" endPc="268453235" name="ctx" stackId="1" startPc="268453149"/>
        <entry arg="true" endPc="268453235" name="variant" stackId="2" startPc="268453149"/>
        <entry arg="true" endPc="268453243" name="ctx" stackId="1" startPc="268453236"/>
        <entry arg="true" endPc="268453299" name="ctx" stackId="1" startPc="268453244"/>
        <entry arg="true" endPc="268453418" name="profile" stackId="1" startPc="268453319"/>
        <entry endPc="268453417" name="min" stackId="2" startPc="268453322"/>
        <entry endPc="268453417" name="max" stackId="3" startPc="268453322"/>
        <entry endPc="268453417" name="mean" stackId="4" startPc="268453322"/>
        <entry endPc="268453417" name="interval" stackId="5" startPc="268453322"/>
        <entry endPc="268453505" name="elapsed" stackId="1" startPc="268453422"/>
        <entry endPc="268453505" name="progress" stackId="2" startPc="268453422"/>
        <entry arg="true" endPc="268453598" name="duration" stackId="1" startPc="268453562"/>
        <entry arg="true" endPc="268453748" name="min" stackId="1" startPc="268453599"/>
        <entry arg="true" endPc="268453748" name="max" stackId="2" startPc="268453599"/>
        <entry arg="true" endPc="268453748" name="mean" stackId="3" startPc="268453599"/>
        <entry endPc="268453748" name="range" stackId="4" startPc="268453602"/>
        <entry endPc="268453748" name="meanOffset" stackId="5" startPc="268453602"/>
        <entry endPc="268453748" name="rand1" stackId="6" startPc="268453602"/>
        <entry endPc="268453748" name="rand2" stackId="7" startPc="268453602"/>
        <entry endPc="268453748" name="biased" stackId="8" startPc="268453602"/>
        <entry arg="true" endPc="268454000" name="profile" stackId="1" startPc="268453749"/>
        <entry arg="true" endPc="268454000" name="deltaMs" stackId="2" startPc="268453749"/>
        <entry endPc="268453999" name="now" stackId="3" startPc="268453752"/>
        <entry arg="true" endPc="268454133" name="ctx" stackId="1" startPc="268454079"/>
        <entry arg="true" endPc="268454224" name="ctx" stackId="1" startPc="268454134"/>
        <entry arg="true" endPc="268454224" name="variant" stackId="2" startPc="268454134"/>
        <entry arg="true" endPc="268454280" name="ctx" stackId="1" startPc="268454225"/>
        <entry arg="true" endPc="268454319" name="col" stackId="1" startPc="268454297"/>
        <entry arg="true" endPc="268454342" name="row" stackId="1" startPc="268454320"/>
        <entry arg="true" endPc="268454365" name="cols" stackId="1" startPc="268454343"/>
        <entry arg="true" endPc="268454388" name="rows" stackId="1" startPc="268454366"/>
        <entry arg="true" endPc="268454427" name="block" stackId="1" startPc="268454389"/>
        <entry arg="true" endPc="268454427" name="g" stackId="2" startPc="268454389"/>
        <entry arg="true" endPc="268454427" name="x" stackId="3" startPc="268454389"/>
        <entry arg="true" endPc="268454427" name="y" stackId="4" startPc="268454389"/>
        <entry arg="true" endPc="268454548" name="dc" stackId="1" startPc="268454428"/>
        <entry endPc="268454547" name="currentWidth" stackId="2" startPc="268454431"/>
        <entry endPc="268454547" name="scale" stackId="3" startPc="268454431"/>
        <entry arg="true" endPc="268454560" name="g" stackId="1" startPc="268454549"/>
        <entry arg="true" endPc="268454664" name="screenWidth" stackId="1" startPc="268454561"/>
        <entry arg="true" endPc="268454664" name="screenHeight" stackId="2" startPc="268454561"/>
        <entry arg="true" endPc="268454664" name="gridSpec" stackId="3" startPc="268454561"/>
        <entry endPc="268454664" name="metrics" stackId="4" startPc="268454564"/>
        <entry endPc="268454664" name="totalWidth" stackId="5" startPc="268454564"/>
        <entry endPc="268454664" name="totalHeight" stackId="6" startPc="268454564"/>
        <entry arg="true" endPc="268454723" name="pixels" stackId="1" startPc="268454665"/>
        <entry arg="true" endPc="268454723" name="dc" stackId="2" startPc="268454665"/>
        <entry endPc="268454723" name="currentWidth" stackId="3" startPc="268454668"/>
        <entry endPc="268454723" name="scale" stackId="4" startPc="268454668"/>
        <entry endPc="268454723" name="result" stackId="5" startPc="268454668"/>
        <entry arg="true" endPc="268454735" name="size" stackId="1" startPc="268454724"/>
        <entry arg="true" endPc="268454770" name="x" stackId="1" startPc="268454736"/>
        <entry arg="true" endPc="268454770" name="y" stackId="2" startPc="268454736"/>
        <entry arg="true" endPc="268454791" name="c" stackId="1" startPc="268454771"/>
        <entry arg="true" endPc="268454791" name="r" stackId="2" startPc="268454771"/>
        <entry arg="true" endPc="268454907" name="startCol" stackId="1" startPc="268454792"/>
        <entry arg="true" endPc="268454907" name="startRow" stackId="2" startPc="268454792"/>
        <entry arg="true" endPc="268454907" name="cols" stackId="3" startPc="268454792"/>
        <entry arg="true" endPc="268454907" name="rows" stackId="4" startPc="268454792"/>
        <entry endPc="268454906" name="row" stackId="5" startPc="268454806"/>
        <entry endPc="268454896" name="col" stackId="6" startPc="268454817"/>
        <entry arg="true" endPc="268455057" name="gridSpec" stackId="1" startPc="268454908"/>
        <entry arg="true" endPc="268455057" name="pattern" stackId="2" startPc="268454908"/>
        <entry endPc="268455056" name="row" stackId="3" startPc="268454926"/>
        <entry endPc="268455046" name="col" stackId="4" startPc="268454941"/>
        <entry arg="true" endPc="268455078" name="drawContext" stackId="1" startPc="268455058"/>
        <entry arg="true" endPc="268455078" name="pixelMetrics" stackId="2" startPc="268455058"/>
        <entry arg="true" endPc="268455227" name="dc" stackId="1" startPc="268455079"/>
        <entry arg="true" endPc="268455227" name="digit" stackId="2" startPc="268455079"/>
        <entry arg="true" endPc="268455227" name="x" stackId="3" startPc="268455079"/>
        <entry arg="true" endPc="268455227" name="y" stackId="4" startPc="268455079"/>
        <entry endPc="268455226" name="pattern" stackId="5" startPc="268455082"/>
        <entry endPc="268455226" name="metrics" stackId="6" startPc="268455082"/>
        <entry endPc="268455226" name="renderer" stackId="7" startPc="268455082"/>
        <entry endPc="268455226" name="row" stackId="8" startPc="268455158"/>
        <entry endPc="268455216" name="col" stackId="9" startPc="268455172"/>
        <entry arg="true" endPc="268455779" name="dc" stackId="1" startPc="268455260"/>
        <entry arg="true" endPc="268455779" name="screenWidth" stackId="2" startPc="268455260"/>
        <entry arg="true" endPc="268455779" name="screenHeight" stackId="3" startPc="268455260"/>
        <entry endPc="268455778" name="clockTime" stackId="4" startPc="268455263"/>
        <entry endPc="268455778" name="hour" stackId="5" startPc="268455263"/>
        <entry endPc="268455778" name="min" stackId="6" startPc="268455263"/>
        <entry endPc="268455778" name="is24Hour" stackId="7" startPc="268455263"/>
        <entry endPc="268455778" name="blockSize" stackId="8" startPc="268455263"/>
        <entry endPc="268455778" name="gap" stackId="9" startPc="268455263"/>
        <entry endPc="268455778" name="digitWidth" stackId="10" startPc="268455263"/>
        <entry endPc="268455778" name="digitHeight" stackId="11" startPc="268455263"/>
        <entry endPc="268455778" name="colonWidth" stackId="12" startPc="268455263"/>
        <entry endPc="268455778" name="spaceBetweenDigits" stackId="13" startPc="268455263"/>
        <entry endPc="268455778" name="totalWidth" stackId="14" startPc="268455263"/>
        <entry endPc="268455778" name="startX" stackId="15" startPc="268455263"/>
        <entry endPc="268455778" name="startY" stackId="16" startPc="268455263"/>
        <entry endPc="268455778" name="hourTens" stackId="17" startPc="268455263"/>
        <entry endPc="268455778" name="hourOnes" stackId="18" startPc="268455263"/>
        <entry endPc="268455778" name="colonX" stackId="19" startPc="268455263"/>
        <entry endPc="268455778" name="colonY1" stackId="20" startPc="268455263"/>
        <entry endPc="268455778" name="colonY2" stackId="21" startPc="268455263"/>
        <entry endPc="268455778" name="colonMetrics" stackId="22" startPc="268455263"/>
        <entry endPc="268455778" name="colonRenderer" stackId="23" startPc="268455263"/>
        <entry endPc="268455778" name="minTens" stackId="24" startPc="268455263"/>
        <entry endPc="268455778" name="minOnes" stackId="25" startPc="268455263"/>
        <entry arg="true" endPc="268455980" name="renderer" stackId="1" startPc="268455780"/>
        <entry arg="true" endPc="268455980" name="pattern" stackId="2" startPc="268455780"/>
        <entry arg="true" endPc="268455980" name="startCol" stackId="3" startPc="268455780"/>
        <entry arg="true" endPc="268455980" name="startRow" stackId="4" startPc="268455780"/>
        <entry endPc="268455979" name="row" stackId="5" startPc="268455794"/>
        <entry endPc="268455969" name="col" stackId="6" startPc="268455805"/>
        <entry endPc="268455956" name="isEdge" stackId="7" startPc="268455819"/>
        <entry arg="true" endPc="268456056" name="renderer" stackId="1" startPc="268455981"/>
        <entry arg="true" endPc="268456056" name="col" stackId="2" startPc="268455981"/>
        <entry arg="true" endPc="268456056" name="row" stackId="3" startPc="268455981"/>
        <entry endPc="268456055" name="x" stackId="4" startPc="268455984"/>
        <entry endPc="268456055" name="y" stackId="5" startPc="268455984"/>
        <entry endPc="268456055" name="size" stackId="6" startPc="268455984"/>
        <entry arg="true" endPc="268456534" name="dc" stackId="1" startPc="268456057"/>
        <entry arg="true" endPc="268456534" name="screenWidth" stackId="2" startPc="268456057"/>
        <entry arg="true" endPc="268456534" name="screenHeight" stackId="3" startPc="268456057"/>
        <entry endPc="268456533" name="clockTime" stackId="4" startPc="268456060"/>
        <entry endPc="268456533" name="hour" stackId="5" startPc="268456060"/>
        <entry endPc="268456533" name="min" stackId="6" startPc="268456060"/>
        <entry endPc="268456533" name="is24Hour" stackId="7" startPc="268456060"/>
        <entry endPc="268456533" name="timeSpec" stackId="8" startPc="268456060"/>
        <entry endPc="268456533" name="timeMetrics" stackId="9" startPc="268456060"/>
        <entry endPc="268456533" name="timeRenderer" stackId="10" startPc="268456060"/>
        <entry endPc="268456533" name="clearWidth" stackId="11" startPc="268456060"/>
        <entry endPc="268456533" name="clearHeight" stackId="12" startPc="268456060"/>
        <entry endPc="268456533" name="hourTens" stackId="13" startPc="268456060"/>
        <entry endPc="268456533" name="hourOnes" stackId="14" startPc="268456060"/>
        <entry endPc="268456533" name="minTens" stackId="15" startPc="268456060"/>
        <entry endPc="268456533" name="minOnes" stackId="16" startPc="268456060"/>
        <entry arg="true" endPc="268456799" name="dc" stackId="1" startPc="268456535"/>
        <entry arg="true" endPc="268456799" name="screenWidth" stackId="2" startPc="268456535"/>
        <entry arg="true" endPc="268456799" name="centerY" stackId="3" startPc="268456535"/>
        <entry endPc="268456798" name="centerX" stackId="4" startPc="268456538"/>
        <entry endPc="268456798" name="size" stackId="5" startPc="268456538"/>
        <entry endPc="268456798" name="clockTime" stackId="6" startPc="268456538"/>
        <entry endPc="268456798" name="min" stackId="7" startPc="268456538"/>
        <entry endPc="268456798" name="shouldBlink" stackId="8" startPc="268456538"/>
        <entry endPc="268456798" name="eyeY" stackId="9" startPc="268456538"/>
        <entry endPc="268456798" name="leftEyeX" stackId="10" startPc="268456538"/>
        <entry endPc="268456798" name="rightEyeX" stackId="11" startPc="268456538"/>
        <entry endPc="268456798" name="mouthY" stackId="12" startPc="268456538"/>
        <entry arg="true" endPc="268456870" name="renderer" stackId="1" startPc="268456832"/>
        <entry arg="true" endPc="268456870" name="startCol" stackId="2" startPc="268456832"/>
        <entry arg="true" endPc="268456870" name="startRow" stackId="3" startPc="268456832"/>
        <entry arg="true" endPc="268456909" name="radius" stackId="1" startPc="268456871"/>
        <entry arg="true" endPc="268457075" name="dc" stackId="1" startPc="268456910"/>
        <entry arg="true" endPc="268457075" name="centerX" stackId="2" startPc="268456910"/>
        <entry arg="true" endPc="268457075" name="centerY" stackId="3" startPc="268456910"/>
        <entry arg="true" endPc="268457075" name="angle" stackId="4" startPc="268456910"/>
        <entry endPc="268457074" name="endX" stackId="5" startPc="268456913"/>
        <entry endPc="268457074" name="endY" stackId="6" startPc="268456913"/>
        <entry endPc="268457074" name="startX" stackId="7" startPc="268456913"/>
        <entry endPc="268457074" name="startY" stackId="8" startPc="268456913"/>
        <entry arg="true" endPc="268457109" name="hours" stackId="1" startPc="268457076"/>
        <entry arg="true" endPc="268457109" name="minutes" stackId="2" startPc="268457076"/>
        <entry endPc="268457109" name="totalMinutes" stackId="3" startPc="268457079"/>
        <entry arg="true" endPc="268457272" name="dc" stackId="1" startPc="268457110"/>
        <entry arg="true" endPc="268457272" name="angle" stackId="2" startPc="268457110"/>
        <entry endPc="268457271" name="outerRadius" stackId="3" startPc="268457113"/>
        <entry endPc="268457271" name="innerRadius" stackId="4" startPc="268457113"/>
        <entry endPc="268457271" name="outerX" stackId="5" startPc="268457113"/>
        <entry endPc="268457271" name="outerY" stackId="6" startPc="268457113"/>
        <entry endPc="268457271" name="innerX" stackId="7" startPc="268457113"/>
        <entry endPc="268457271" name="innerY" stackId="8" startPc="268457113"/>
        <entry arg="true" endPc="268457435" name="dc" stackId="1" startPc="268457273"/>
        <entry arg="true" endPc="268457435" name="angle" stackId="2" startPc="268457273"/>
        <entry endPc="268457434" name="outerRadius" stackId="3" startPc="268457276"/>
        <entry endPc="268457434" name="innerRadius" stackId="4" startPc="268457276"/>
        <entry endPc="268457434" name="outerX" stackId="5" startPc="268457276"/>
        <entry endPc="268457434" name="outerY" stackId="6" startPc="268457276"/>
        <entry endPc="268457434" name="innerX" stackId="7" startPc="268457276"/>
        <entry endPc="268457434" name="innerY" stackId="8" startPc="268457276"/>
        <entry arg="true" endPc="268457495" name="x" stackId="1" startPc="268457436"/>
        <entry arg="true" endPc="268457495" name="y" stackId="2" startPc="268457436"/>
        <entry arg="true" endPc="268457495" name="r" stackId="3" startPc="268457436"/>
        <entry arg="true" endPc="268457575" name="dc" stackId="1" startPc="268457496"/>
        <entry arg="true" endPc="268457614" name="radius" stackId="1" startPc="268457576"/>
        <entry arg="true" endPc="268457780" name="dc" stackId="1" startPc="268457615"/>
        <entry arg="true" endPc="268457780" name="centerX" stackId="2" startPc="268457615"/>
        <entry arg="true" endPc="268457780" name="centerY" stackId="3" startPc="268457615"/>
        <entry arg="true" endPc="268457780" name="angle" stackId="4" startPc="268457615"/>
        <entry endPc="268457779" name="endX" stackId="5" startPc="268457618"/>
        <entry endPc="268457779" name="endY" stackId="6" startPc="268457618"/>
        <entry endPc="268457779" name="startX" stackId="7" startPc="268457618"/>
        <entry endPc="268457779" name="startY" stackId="8" startPc="268457618"/>
        <entry arg="true" endPc="268457811" name="minutes" stackId="1" startPc="268457781"/>
        <entry arg="true" endPc="268457811" name="seconds" stackId="2" startPc="268457781"/>
        <entry endPc="268457811" name="totalSeconds" stackId="3" startPc="268457784"/>
        <entry arg="true" endPc="268458027" name="x" stackId="1" startPc="268457812"/>
        <entry arg="true" endPc="268458027" name="y" stackId="2" startPc="268457812"/>
        <entry arg="true" endPc="268458027" name="r" stackId="3" startPc="268457812"/>
        <entry arg="true" endPc="268458186" name="dc" stackId="1" startPc="268458028"/>
        <entry arg="true" endPc="268458186" name="hours" stackId="2" startPc="268458028"/>
        <entry arg="true" endPc="268458186" name="minutes" stackId="3" startPc="268458028"/>
        <entry arg="true" endPc="268458186" name="seconds" stackId="4" startPc="268458028"/>
        <entry endPc="268458185" name="hourAngle" stackId="5" startPc="268458031"/>
        <entry endPc="268458185" name="minuteAngle" stackId="6" startPc="268458031"/>
        <entry endPc="268458185" name="secondAngle" stackId="7" startPc="268458031"/>
        <entry arg="true" endPc="268458225" name="radius" stackId="1" startPc="268458187"/>
        <entry arg="true" endPc="268458391" name="dc" stackId="1" startPc="268458226"/>
        <entry arg="true" endPc="268458391" name="centerX" stackId="2" startPc="268458226"/>
        <entry arg="true" endPc="268458391" name="centerY" stackId="3" startPc="268458226"/>
        <entry arg="true" endPc="268458391" name="angle" stackId="4" startPc="268458226"/>
        <entry endPc="268458390" name="endX" stackId="5" startPc="268458229"/>
        <entry endPc="268458390" name="endY" stackId="6" startPc="268458229"/>
        <entry endPc="268458390" name="startX" stackId="7" startPc="268458229"/>
        <entry endPc="268458390" name="startY" stackId="8" startPc="268458229"/>
        <entry arg="true" endPc="268458411" name="seconds" stackId="1" startPc="268458392"/>
        <entry arg="true" endPc="268458443" name="x" stackId="1" startPc="268458412"/>
        <entry arg="true" endPc="268458443" name="y" stackId="2" startPc="268458412"/>
        <entry arg="true" endPc="268458443" name="r" stackId="3" startPc="268458412"/>
        <entry endPc="268458443" name="face" stackId="4" startPc="268458415"/>
        <entry arg="true" endPc="268458475" name="x" stackId="1" startPc="268458444"/>
        <entry arg="true" endPc="268458475" name="y" stackId="2" startPc="268458444"/>
        <entry arg="true" endPc="268458475" name="r" stackId="3" startPc="268458444"/>
        <entry endPc="268458475" name="face" stackId="4" startPc="268458447"/>
        <entry arg="true" endPc="268458550" name="dc" stackId="1" startPc="268458476"/>
        <entry arg="true" endPc="268458550" name="clockTime" stackId="2" startPc="268458476"/>
        <entry endPc="268458549" name="shouldBlink" stackId="3" startPc="268458479"/>
        <entry endPc="268458549" name="jailbotSize" stackId="4" startPc="268458479"/>
        <entry endPc="268458549" name="jailbotX" stackId="5" startPc="268458479"/>
        <entry endPc="268458549" name="jailbotY" stackId="6" startPc="268458479"/>
        <entry arg="true" endPc="268458595" name="dc" stackId="1" startPc="268458551"/>
        <entry arg="true" endPc="268458595" name="screenWidth" stackId="2" startPc="268458551"/>
        <entry arg="true" endPc="268458595" name="screenHeight" stackId="3" startPc="268458551"/>
        <entry endPc="268458594" name="clockTime" stackId="4" startPc="268458554"/>
        <entry arg="true" endPc="268458691" name="x" stackId="1" startPc="268458612"/>
        <entry arg="true" endPc="268458691" name="y" stackId="2" startPc="268458612"/>
        <entry arg="true" endPc="268458691" name="r" stackId="3" startPc="268458612"/>
        <entry arg="true" endPc="268458773" name="dc" stackId="1" startPc="268458692"/>
        <entry arg="true" endPc="268458773" name="hours" stackId="2" startPc="268458692"/>
        <entry arg="true" endPc="268458773" name="minutes" stackId="3" startPc="268458692"/>
        <entry arg="true" endPc="268458773" name="seconds" stackId="4" startPc="268458692"/>
        <entry endPc="268458769" name="clockTime" stackId="5" startPc="268458745"/>
        <entry arg="true" endPc="268458940" name="dc" stackId="1" startPc="268458774"/>
        <entry arg="true" endPc="268458940" name="x" stackId="2" startPc="268458774"/>
        <entry arg="true" endPc="268458940" name="y" stackId="3" startPc="268458774"/>
        <entry arg="true" endPc="268458940" name="size" stackId="4" startPc="268458774"/>
        <entry arg="true" endPc="268458940" name="shouldBlink" stackId="5" startPc="268458774"/>
        <entry endPc="268458939" name="blockSize" stackId="6" startPc="268458777"/>
        <entry endPc="268458939" name="leftEyeX" stackId="7" startPc="268458777"/>
        <entry endPc="268458939" name="rightEyeX" stackId="8" startPc="268458777"/>
        <entry endPc="268458939" name="eyeY" stackId="9" startPc="268458777"/>
        <entry endPc="268458939" name="eyeWidth" stackId="10" startPc="268458777"/>
        <entry endPc="268458939" name="eyeHeight" stackId="11" startPc="268458777"/>
        <entry endPc="268458939" name="mouthX" stackId="12" startPc="268458777"/>
        <entry endPc="268458939" name="mouthY" stackId="13" startPc="268458777"/>
        <entry endPc="268458939" name="mouthWidth" stackId="14" startPc="268458777"/>
        <entry endPc="268458939" name="mouthHeight" stackId="15" startPc="268458777"/>
        <entry arg="true" endPc="268459053" name="blocks" stackId="1" startPc="268459042"/>
        <entry arg="true" endPc="268459065" name="blocks" stackId="1" startPc="268459054"/>
        <entry arg="true" endPc="268459725" name="dc" stackId="1" startPc="268459173"/>
        <entry arg="true" endPc="268459725" name="screenWidth" stackId="2" startPc="268459173"/>
        <entry arg="true" endPc="268459725" name="screenHeight" stackId="3" startPc="268459173"/>
        <entry endPc="268459724" name="blockSize" stackId="4" startPc="268459176"/>
        <entry endPc="268459724" name="gap" stackId="5" startPc="268459176"/>
        <entry endPc="268459724" name="clockTime" stackId="6" startPc="268459176"/>
        <entry endPc="268459724" name="shouldBlink" stackId="7" startPc="268459176"/>
        <entry endPc="268459724" name="eyeSpec" stackId="8" startPc="268459176"/>
        <entry endPc="268459724" name="eyeWidth" stackId="9" startPc="268459176"/>
        <entry endPc="268459724" name="eyeHeight" stackId="10" startPc="268459176"/>
        <entry endPc="268459724" name="eyeSpacingPx" stackId="11" startPc="268459176"/>
        <entry endPc="268459724" name="totalEyesWidth" stackId="12" startPc="268459176"/>
        <entry endPc="268459724" name="leftEyeX" stackId="13" startPc="268459176"/>
        <entry endPc="268459724" name="rightEyeX" stackId="14" startPc="268459176"/>
        <entry endPc="268459724" name="eyeY" stackId="15" startPc="268459176"/>
        <entry endPc="268459724" name="leftEyeMetrics" stackId="16" startPc="268459176"/>
        <entry endPc="268459724" name="leftRenderer" stackId="17" startPc="268459176"/>
        <entry endPc="268459724" name="rightEyeMetrics" stackId="18" startPc="268459176"/>
        <entry endPc="268459724" name="rightRenderer" stackId="19" startPc="268459176"/>
        <entry endPc="268459724" name="mouthSpec" stackId="20" startPc="268459176"/>
        <entry endPc="268459724" name="mouthWidth" stackId="21" startPc="268459176"/>
        <entry endPc="268459724" name="mouthX" stackId="22" startPc="268459176"/>
        <entry endPc="268459724" name="mouthY" stackId="23" startPc="268459176"/>
        <entry endPc="268459724" name="mouthMetrics" stackId="24" startPc="268459176"/>
        <entry endPc="268459724" name="mouthRenderer" stackId="25" startPc="268459176"/>
    </localVars>
    <deviceInfo deviceVersion="8fc30743a4191ec19bcafa28e3ffcc2b5a958a17" partNumber="006-B3906-00"/>
    <annotations>
        <annotationEntry annotation="initialized" class="Drawables" module="globals/Rez" symbol="LauncherIcon"/>
        <annotationEntry annotation="initialized" class="Strings" module="globals/Rez" symbol="AppName"/>
    </annotations>
    <dataEntryOffsetMappings>
        <dataEntry label="globals" offset="121" parentId="" symbolId="globals" type="module"/>
        <dataEntry label="globals/EyeRenderer" offset="404" parentId="globals" symbolId="EyeRenderer" type="class"/>
        <dataEntry label="globals/JailbotWatchFaceApp" offset="484" parentId="globals" symbolId="JailbotWatchFaceApp" type="class"/>
        <dataEntry label="globals/MoodMemory" offset="564" parentId="globals" symbolId="MoodMemory" type="class"/>
        <dataEntry label="globals/Rez" offset="671" parentId="globals" symbolId="Rez" type="module"/>
        <dataEntry label="globals/EmoticonParser" offset="715" parentId="globals" symbolId="EmoticonParser" type="class"/>
        <dataEntry label="globals/PixelResolution" offset="903" parentId="globals" symbolId="PixelResolution" type="module"/>
        <dataEntry label="globals/StandbyState" offset="965" parentId="globals" symbolId="StandbyState" type="class"/>
        <dataEntry label="globals/PixelTime" offset="1027" parentId="globals" symbolId="PixelTime" type="module"/>
        <dataEntry label="globals/DrowsyState" offset="1071" parentId="globals" symbolId="DrowsyState" type="class"/>
        <dataEntry label="globals/ExpressionRenderer" offset="1169" parentId="globals" symbolId="ExpressionRenderer" type="class"/>
        <dataEntry label="globals/ExpressionParams" offset="1258" parentId="globals" symbolId="ExpressionParams" type="class"/>
        <dataEntry label="globals/AOD" offset="1500" parentId="globals" symbolId="AOD" type="module"/>
        <dataEntry label="globals/OverheatState" offset="1535" parentId="globals" symbolId="OverheatState" type="class"/>
        <dataEntry label="globals/AnalogClock" offset="1624" parentId="globals" symbolId="AnalogClock" type="module"/>
        <dataEntry label="globals/JailbotAnalog" offset="1695" parentId="globals" symbolId="JailbotAnalog" type="module"/>
        <dataEntry label="globals/JailbotFace" offset="1739" parentId="globals" symbolId="JailbotFace" type="module"/>
        <dataEntry label="globals/BlinkController" offset="1792" parentId="globals" symbolId="BlinkController" type="class"/>
        <dataEntry label="globals/EmoticonRenderer" offset="1962" parentId="globals" symbolId="EmoticonRenderer" type="class"/>
        <dataEntry label="globals/MoodEngine" offset="2087" parentId="globals" symbolId="MoodEngine" type="class"/>
        <dataEntry label="globals/FocusedState" offset="2257" parentId="globals" symbolId="FocusedState" type="class"/>
        <dataEntry label="globals/MoodContext" offset="2346" parentId="globals" symbolId="MoodContext" type="class"/>
        <dataEntry label="globals/ChargedState" offset="2516" parentId="globals" symbolId="ChargedState" type="class"/>
        <dataEntry label="globals/HealthDataProvider" offset="2605" parentId="globals" symbolId="HealthDataProvider" type="class"/>
        <dataEntry label="globals/VictoryState" offset="2802" parentId="globals" symbolId="VictoryState" type="class"/>
        <dataEntry label="globals/JailbotWatchFaceView" offset="2891" parentId="globals" symbolId="JailbotWatchFaceView" type="class"/>
        <dataEntry label="globals/IMoodState" offset="3160" parentId="globals" symbolId="IMoodState" type="class"/>
        <dataEntry label="globals/BlinkScheduler" offset="3285" parentId="globals" symbolId="BlinkScheduler" type="class"/>
        <dataEntry label="globals/RecoveringState" offset="3446" parentId="globals" symbolId="RecoveringState" type="class"/>
        <dataEntry label="globals/Rez/Drawables" offset="3535" parentId="Rez" symbolId="Drawables" type="module"/>
        <dataEntry label="globals/Rez/Strings" offset="3570" parentId="Rez" symbolId="Strings" type="module"/>
        <dataEntry label="globals/PixelResolution/PixelMetrics" offset="3605" parentId="PixelResolution" symbolId="PixelMetrics" type="class"/>
        <dataEntry label="globals/PixelResolution/ResolutionManager" offset="3721" parentId="PixelResolution" symbolId="ResolutionManager" type="class"/>
        <dataEntry label="globals/PixelResolution/GridSpec" offset="3864" parentId="PixelResolution" symbolId="GridSpec" type="class"/>
        <dataEntry label="globals/PixelResolution/PixelRenderer" offset="3926" parentId="PixelResolution" symbolId="PixelRenderer" type="class"/>
        <dataEntry label="globals/PixelTime/TimeDisplay" offset="4006" parentId="PixelTime" symbolId="TimeDisplay" type="class"/>
        <dataEntry label="globals/PixelTime/DigitPatterns" offset="4104" parentId="PixelTime" symbolId="DigitPatterns" type="class"/>
        <dataEntry label="globals/PixelTime/DigitPatterns/&lt;statics&gt;" offset="4152" parentId="DigitPatterns" symbolId="&lt;statics&gt;" type="module"/>
        <dataEntry label="globals/AOD/MinimalTimeDisplay" offset="4183" parentId="AOD" symbolId="MinimalTimeDisplay" type="class"/>
        <dataEntry label="globals/AnalogClock/HourHand" offset="4299" parentId="AnalogClock" symbolId="HourHand" type="class"/>
        <dataEntry label="globals/AnalogClock/RimIndicators" offset="4397" parentId="AnalogClock" symbolId="RimIndicators" type="class"/>
        <dataEntry label="globals/AnalogClock/MinuteHand" offset="4522" parentId="AnalogClock" symbolId="MinuteHand" type="class"/>
        <dataEntry label="globals/AnalogClock/AnalogClockFace" offset="4620" parentId="AnalogClock" symbolId="AnalogClockFace" type="class"/>
        <dataEntry label="globals/AnalogClock/SecondHand" offset="4736" parentId="AnalogClock" symbolId="SecondHand" type="class"/>
        <dataEntry label="globals/JailbotAnalog/AnalogStyleFactory" offset="4834" parentId="JailbotAnalog" symbolId="AnalogStyleFactory" type="class"/>
        <dataEntry label="globals/JailbotAnalog/AnalogStyleFactory/&lt;statics&gt;" offset="4882" parentId="AnalogStyleFactory" symbolId="&lt;statics&gt;" type="module"/>
        <dataEntry label="globals/JailbotAnalog/JailbotAnalogFace" offset="4922" parentId="JailbotAnalog" symbolId="JailbotAnalogFace" type="class"/>
        <dataEntry label="globals/JailbotFace/Eye" offset="5038" parentId="JailbotFace" symbolId="Eye" type="class"/>
        <dataEntry label="globals/JailbotFace/Mouth" offset="5109" parentId="JailbotFace" symbolId="Mouth" type="class"/>
        <dataEntry label="globals/JailbotFace/FaceLayout" offset="5180" parentId="JailbotFace" symbolId="FaceLayout" type="class"/>
    </dataEntryOffsetMappings>
    <functions>
        <functionEntry accessMode="public" name="&lt;init&gt;" parent="EyeRenderer">
            <documentation/>
        </functionEntry>
        <functionEntry accessMode="public" endPc="268435471" name="&lt;init&gt;" parent="JailbotWatchFaceApp" startPc="268435460">
            <documentation/>
        </functionEntry>
        <functionEntry accessMode="public" name="&lt;init&gt;" parent="MoodMemory">
            <documentation/>
        </functionEntry>
        <functionEntry accessMode="public" endPc="268435491" name="&lt;init&gt;" parent="Rez" startPc="268435472">
            <documentation/>
        </functionEntry>
        <functionEntry accessMode="public" name="&lt;init&gt;" parent="EmoticonParser">
            <documentation/>
        </functionEntry>
        <functionEntry accessMode="public" name="&lt;init&gt;" parent="PixelResolution">
            <documentation/>
        </functionEntry>
        <functionEntry accessMode="public" endPc="268435503" name="&lt;init&gt;" parent="StandbyState" startPc="268435492">
            <documentation/>
        </functionEntry>
        <functionEntry accessMode="public" name="&lt;init&gt;" parent="PixelTime">
            <documentation/>
        </functionEntry>
        <functionEntry accessMode="public" endPc="268435515" name="&lt;init&gt;" parent="DrowsyState" startPc="268435504">
            <documentation/>
        </functionEntry>
        <functionEntry accessMode="public" name="&lt;init&gt;" parent="ExpressionRenderer">
            <documentation/>
        </functionEntry>
        <functionEntry accessMode="public" name="&lt;init&gt;" parent="ExpressionParams">
            <documentation/>
        </functionEntry>
        <functionEntry accessMode="public" name="&lt;init&gt;" parent="AOD">
            <documentation/>
        </functionEntry>
        <functionEntry accessMode="public" endPc="268435527" name="&lt;init&gt;" parent="OverheatState" startPc="268435516">
            <documentation/>
        </functionEntry>
        <functionEntry accessMode="public" name="&lt;init&gt;" parent="AnalogClock">
            <documentation/>
        </functionEntry>
        <functionEntry accessMode="public" name="&lt;init&gt;" parent="JailbotAnalog">
            <documentation/>
        </functionEntry>
        <functionEntry accessMode="public" name="&lt;init&gt;" parent="JailbotFace">
            <documentation/>
        </functionEntry>
        <functionEntry accessMode="public" name="&lt;init&gt;" parent="BlinkController">
            <documentation/>
        </functionEntry>
        <functionEntry accessMode="public" name="&lt;init&gt;" parent="EmoticonRenderer">
            <documentation/>
        </functionEntry>
        <functionEntry accessMode="public" name="&lt;init&gt;" parent="MoodEngine">
            <documentation/>
        </functionEntry>
        <functionEntry accessMode="public" endPc="268435539" name="&lt;init&gt;" parent="FocusedState" startPc="268435528">
            <documentation/>
        </functionEntry>
        <functionEntry accessMode="public" name="&lt;init&gt;" parent="MoodContext">
            <documentation/>
        </functionEntry>
        <functionEntry accessMode="public" endPc="268435551" name="&lt;init&gt;" parent="ChargedState" startPc="268435540">
            <documentation/>
        </functionEntry>
        <functionEntry accessMode="public" name="&lt;init&gt;" parent="HealthDataProvider">
            <documentation/>
        </functionEntry>
        <functionEntry accessMode="public" endPc="268435563" name="&lt;init&gt;" parent="VictoryState" startPc="268435552">
            <documentation/>
        </functionEntry>
        <functionEntry accessMode="public" endPc="268435575" name="&lt;init&gt;" parent="JailbotWatchFaceView" startPc="268435564">
            <documentation/>
        </functionEntry>
        <functionEntry accessMode="public" name="&lt;init&gt;" parent="IMoodState">
            <documentation/>
        </functionEntry>
        <functionEntry accessMode="public" name="&lt;init&gt;" parent="BlinkScheduler">
            <documentation/>
        </functionEntry>
        <functionEntry accessMode="public" endPc="268435587" name="&lt;init&gt;" parent="RecoveringState" startPc="268435576">
            <documentation/>
        </functionEntry>
        <functionEntry accessMode="public" endPc="268435792" name="drawEyes" parent="EyeRenderer" startPc="268435588">
            <param id="dc"/>
            <param id="centerX"/>
            <param id="centerY"/>
            <param id="faceSize"/>
            <param id="state"/>
            <documentation/>
        </functionEntry>
        <functionEntry accessMode="public" endPc="268435813" name="initialize" parent="EyeRenderer" startPc="268435793">
            <documentation/>
        </functionEntry>
        <functionEntry accessMode="public" endPc="268435843" name="getDebugInfo" parent="EyeRenderer" startPc="268435814">
            <documentation/>
        </functionEntry>
        <functionEntry accessMode="private" endPc="268436041" name="&lt;globals/EyeRenderer/&lt;&gt;drawClosedEyes&gt;" parent="EyeRenderer" startPc="268435844">
            <param id="dc"/>
            <param id="leftX"/>
            <param id="rightX"/>
            <param id="y"/>
            <param id="faceSize"/>
            <documentation/>
        </functionEntry>
        <functionEntry accessMode="private" endPc="268436236" name="&lt;globals/EyeRenderer/&lt;&gt;drawOpenEyes&gt;" parent="EyeRenderer" startPc="268436042">
            <param id="dc"/>
            <param id="leftX"/>
            <param id="rightX"/>
            <param id="y"/>
            <param id="faceSize"/>
            <documentation/>
        </functionEntry>
        <functionEntry accessMode="public" endPc="268436239" name="onStart" parent="JailbotWatchFaceApp" startPc="268436237">
            <param id="state"/>
            <documentation/>
        </functionEntry>
        <functionEntry accessMode="public" endPc="268436253" name="onSettingsChanged" parent="JailbotWatchFaceApp" startPc="268436240">
            <documentation/>
        </functionEntry>
        <functionEntry accessMode="public" endPc="268436281" name="getInitialView" parent="JailbotWatchFaceApp" startPc="268436254">
            <documentation/>
        </functionEntry>
        <functionEntry accessMode="public" endPc="268436296" name="initialize" parent="JailbotWatchFaceApp" startPc="268436282">
            <documentation/>
        </functionEntry>
        <functionEntry accessMode="public" endPc="268436299" name="onStop" parent="JailbotWatchFaceApp" startPc="268436297">
            <param id="state"/>
            <documentation/>
        </functionEntry>
        <functionEntry accessMode="public" endPc="268436323" name="isAchievementEventRecent" parent="MoodMemory" startPc="268436300">
            <documentation/>
        </functionEntry>
        <functionEntry accessMode="public" endPc="268436443" name="selectVariant" parent="MoodMemory" startPc="268436324">
            <param id="allowedVariants"/>
            <param id="ctx"/>
            <documentation/>
        </functionEntry>
        <functionEntry accessMode="public" endPc="268436475" name="update" parent="MoodMemory" startPc="268436444">
            <param id="ctx"/>
            <param id="deltaMs"/>
            <documentation/>
        </functionEntry>
        <functionEntry accessMode="public" endPc="268436515" name="initialize" parent="MoodMemory" startPc="268436476">
            <documentation/>
        </functionEntry>
        <functionEntry accessMode="public" name="&lt;init&gt;" parent="Drawables">
            <documentation/>
        </functionEntry>
        <functionEntry accessMode="public" name="&lt;init&gt;" parent="Strings">
            <documentation/>
        </functionEntry>
        <functionEntry accessMode="private" endPc="268436592" name="&lt;globals/EmoticonParser/&lt;&gt;applyTongue&gt;" parent="EmoticonParser" startPc="268436516">
            <param id="params"/>
            <documentation/>
        </functionEntry>
        <functionEntry accessMode="private" endPc="268436699" name="&lt;globals/EmoticonParser/&lt;&gt;applyConfused&gt;" parent="EmoticonParser" startPc="268436593">
            <param id="params"/>
            <documentation/>
        </functionEntry>
        <functionEntry accessMode="private" endPc="268436815" name="&lt;globals/EmoticonParser/&lt;&gt;applyLove&gt;" parent="EmoticonParser" startPc="268436700">
            <param id="params"/>
            <documentation/>
        </functionEntry>
        <functionEntry accessMode="private" endPc="268436857" name="&lt;globals/EmoticonParser/&lt;&gt;applyNeutral&gt;" parent="EmoticonParser" startPc="268436816">
            <param id="params"/>
            <documentation/>
        </functionEntry>
        <functionEntry accessMode="private" endPc="268436964" name="&lt;globals/EmoticonParser/&lt;&gt;applyShock&gt;" parent="EmoticonParser" startPc="268436858">
            <param id="params"/>
            <documentation/>
        </functionEntry>
        <functionEntry accessMode="private" endPc="268437080" name="&lt;globals/EmoticonParser/&lt;&gt;applyJoy&gt;" parent="EmoticonParser" startPc="268436965">
            <param id="params"/>
            <documentation/>
        </functionEntry>
        <functionEntry accessMode="private" endPc="268437161" name="&lt;globals/EmoticonParser/&lt;&gt;applyLaugh&gt;" parent="EmoticonParser" startPc="268437081">
            <param id="params"/>
            <documentation/>
        </functionEntry>
        <functionEntry accessMode="public" endPc="268437695" name="parseEmoticon" parent="EmoticonParser" startPc="268437162">
            <param id="emoticon"/>
            <documentation/>
        </functionEntry>
        <functionEntry accessMode="private" endPc="268437776" name="&lt;globals/EmoticonParser/&lt;&gt;applyWink&gt;" parent="EmoticonParser" startPc="268437696">
            <param id="params"/>
            <documentation/>
        </functionEntry>
        <functionEntry accessMode="private" endPc="268437831" name="&lt;globals/EmoticonParser/&lt;&gt;applyHappy&gt;" parent="EmoticonParser" startPc="268437777">
            <param id="params"/>
            <documentation/>
        </functionEntry>
        <functionEntry accessMode="private" endPc="268437899" name="&lt;globals/EmoticonParser/&lt;&gt;applyUnimpressed&gt;" parent="EmoticonParser" startPc="268437832">
            <param id="params"/>
            <documentation/>
        </functionEntry>
        <functionEntry accessMode="private" endPc="268437989" name="&lt;globals/EmoticonParser/&lt;&gt;applyCrying&gt;" parent="EmoticonParser" startPc="268437900">
            <param id="params"/>
            <documentation/>
        </functionEntry>
        <functionEntry accessMode="private" endPc="268438096" name="&lt;globals/EmoticonParser/&lt;&gt;applyAngry&gt;" parent="EmoticonParser" startPc="268437990">
            <param id="params"/>
            <documentation/>
        </functionEntry>
        <functionEntry accessMode="public" name="initialize" parent="EmoticonParser">
            <documentation/>
        </functionEntry>
        <functionEntry accessMode="private" endPc="268438164" name="&lt;globals/EmoticonParser/&lt;&gt;applySad&gt;" parent="EmoticonParser" startPc="268438097">
            <param id="params"/>
            <documentation/>
        </functionEntry>
        <functionEntry accessMode="private" endPc="268438258" name="&lt;globals/EmoticonParser/&lt;&gt;applyGrin&gt;" parent="EmoticonParser" startPc="268438165">
            <param id="params"/>
            <documentation/>
        </functionEntry>
        <functionEntry accessMode="private" endPc="268438326" name="&lt;globals/EmoticonParser/&lt;&gt;applyCat&gt;" parent="EmoticonParser" startPc="268438259">
            <param id="params"/>
            <documentation/>
        </functionEntry>
        <functionEntry accessMode="public" name="&lt;init&gt;" parent="PixelMetrics">
            <documentation/>
        </functionEntry>
        <functionEntry accessMode="public" name="&lt;init&gt;" parent="ResolutionManager">
            <documentation/>
        </functionEntry>
        <functionEntry accessMode="public" name="&lt;init&gt;" parent="GridSpec">
            <documentation/>
        </functionEntry>
        <functionEntry accessMode="public" name="&lt;init&gt;" parent="PixelRenderer">
            <documentation/>
        </functionEntry>
        <functionEntry accessMode="public" endPc="268438334" name="score" parent="StandbyState" startPc="268438327">
            <param id="ctx"/>
            <documentation/>
        </functionEntry>
        <functionEntry accessMode="public" endPc="268438342" name="id" parent="StandbyState" startPc="268438335">
            <documentation/>
        </functionEntry>
        <functionEntry accessMode="public" name="initialize" parent="StandbyState">
            <documentation/>
        </functionEntry>
        <functionEntry accessMode="public" name="&lt;init&gt;" parent="TimeDisplay">
            <documentation/>
        </functionEntry>
        <functionEntry accessMode="public" name="&lt;init&gt;" parent="DigitPatterns">
            <documentation/>
        </functionEntry>
        <functionEntry accessMode="public" endPc="268438824" name="&lt;init&gt;" parent="globals/PixelTime/DigitPatterns" startPc="268438343">
            <documentation/>
        </functionEntry>
        <functionEntry accessMode="public" endPc="268438891" name="score" parent="DrowsyState" startPc="268438825">
            <param id="ctx"/>
            <documentation/>
        </functionEntry>
        <functionEntry accessMode="public" endPc="268439083" name="getExpression" parent="DrowsyState" startPc="268438892">
            <param id="ctx"/>
            <param id="variant"/>
            <documentation/>
        </functionEntry>
        <functionEntry accessMode="public" endPc="268439129" name="allowedVariants" parent="DrowsyState" startPc="268439084">
            <param id="ctx"/>
            <documentation/>
        </functionEntry>
        <functionEntry accessMode="public" endPc="268439186" name="blinkProfile" parent="DrowsyState" startPc="268439130">
            <param id="ctx"/>
            <documentation/>
        </functionEntry>
        <functionEntry accessMode="public" endPc="268439194" name="getEmoticon" parent="DrowsyState" startPc="268439187">
            <documentation/>
        </functionEntry>
        <functionEntry accessMode="public" endPc="268439202" name="id" parent="DrowsyState" startPc="268439195">
            <documentation/>
        </functionEntry>
        <functionEntry accessMode="public" name="initialize" parent="DrowsyState">
            <documentation/>
        </functionEntry>
        <functionEntry accessMode="public" endPc="268439605" name="renderLegacy" parent="ExpressionRenderer" startPc="268439203">
            <param id="dc"/>
            <param id="renderData"/>
            <param id="faceSize"/>
            <param id="centerX"/>
            <param id="centerY"/>
            <documentation/>
        </functionEntry>
        <functionEntry accessMode="private" endPc="268439608" name="&lt;globals/ExpressionRenderer/&lt;&gt;drawAccentEffects&gt;" parent="ExpressionRenderer" startPc="268439606">
            <param id="dc"/>
            <param id="state"/>
            <param id="centerX"/>
            <param id="centerY"/>
            <param id="faceSize"/>
            <documentation/>
        </functionEntry>
        <functionEntry accessMode="private" endPc="268439735" name="&lt;globals/ExpressionRenderer/&lt;&gt;applyBlinkOverlay&gt;" parent="ExpressionRenderer" startPc="268439609">
            <param id="dc"/>
            <param id="centerX"/>
            <param id="centerY"/>
            <param id="faceSize"/>
            <param id="blinkPhase"/>
            <documentation/>
        </functionEntry>
        <functionEntry accessMode="public" name="initialize" parent="ExpressionRenderer">
            <documentation/>
        </functionEntry>
        <functionEntry accessMode="public" endPc="268439844" name="renderWithEmoticon" parent="ExpressionRenderer" startPc="268439736">
            <param id="dc"/>
            <param id="renderData"/>
            <param id="faceSize"/>
            <param id="centerX"/>
            <param id="centerY"/>
            <documentation/>
        </functionEntry>
        <functionEntry accessMode="public" endPc="268439943" name="render" parent="ExpressionRenderer" startPc="268439845">
            <param id="dc"/>
            <param id="renderData"/>
            <param id="faceSize"/>
            <param id="centerX"/>
            <param id="centerY"/>
            <documentation/>
        </functionEntry>
        <functionEntry accessMode="public" endPc="268440183" name="initialize" parent="ExpressionParams" startPc="268439944">
            <documentation/>
        </functionEntry>
        <functionEntry accessMode="public" endPc="268440665" name="&lt;init&gt;" parent="MinimalTimeDisplay" startPc="268440184">
            <documentation/>
        </functionEntry>
        <functionEntry accessMode="public" endPc="268440711" name="score" parent="OverheatState" startPc="268440666">
            <param id="ctx"/>
            <documentation/>
        </functionEntry>
        <functionEntry accessMode="public" endPc="268440802" name="getExpression" parent="OverheatState" startPc="268440712">
            <param id="ctx"/>
            <param id="variant"/>
            <documentation/>
        </functionEntry>
        <functionEntry accessMode="public" endPc="268440862" name="blinkProfile" parent="OverheatState" startPc="268440803">
            <param id="ctx"/>
            <documentation/>
        </functionEntry>
        <functionEntry accessMode="public" endPc="268440870" name="getEmoticon" parent="OverheatState" startPc="268440863">
            <documentation/>
        </functionEntry>
        <functionEntry accessMode="public" endPc="268440878" name="id" parent="OverheatState" startPc="268440871">
            <documentation/>
        </functionEntry>
        <functionEntry accessMode="public" name="initialize" parent="OverheatState">
            <documentation/>
        </functionEntry>
        <functionEntry accessMode="public" name="&lt;init&gt;" parent="HourHand">
            <documentation/>
        </functionEntry>
        <functionEntry accessMode="public" name="&lt;init&gt;" parent="RimIndicators">
            <documentation/>
        </functionEntry>
        <functionEntry accessMode="public" name="&lt;init&gt;" parent="MinuteHand">
            <documentation/>
        </functionEntry>
        <functionEntry accessMode="public" name="&lt;init&gt;" parent="AnalogClockFace">
            <documentation/>
        </functionEntry>
        <functionEntry accessMode="public" name="&lt;init&gt;" parent="SecondHand">
            <documentation/>
        </functionEntry>
        <functionEntry accessMode="public" name="&lt;init&gt;" parent="AnalogStyleFactory">
            <documentation/>
        </functionEntry>
        <functionEntry accessMode="public" name="&lt;init&gt;" parent="globals/JailbotAnalog/AnalogStyleFactory">
            <documentation/>
        </functionEntry>
        <functionEntry accessMode="public" endPc="268440890" name="&lt;init&gt;" parent="JailbotAnalogFace" startPc="268440879">
            <documentation/>
        </functionEntry>
        <functionEntry accessMode="public" name="&lt;init&gt;" parent="Eye">
            <documentation/>
        </functionEntry>
        <functionEntry accessMode="public" name="&lt;init&gt;" parent="Mouth">
            <documentation/>
        </functionEntry>
        <functionEntry accessMode="public" name="&lt;init&gt;" parent="FaceLayout">
            <documentation/>
        </functionEntry>
        <functionEntry accessMode="private" endPc="268441031" name="&lt;globals/BlinkController/&lt;&gt;scheduleNextBlink&gt;" parent="BlinkController" startPc="268440891">
            <documentation/>
        </functionEntry>
        <functionEntry accessMode="public" endPc="268441109" name="start" parent="BlinkController" startPc="268441032">
            <documentation/>
        </functionEntry>
        <functionEntry accessMode="public" endPc="268441117" name="getBlinkState" parent="BlinkController" startPc="268441110">
            <documentation/>
        </functionEntry>
        <functionEntry accessMode="public" endPc="268441271" name="stop" parent="BlinkController" startPc="268441118">
            <documentation/>
        </functionEntry>
        <functionEntry accessMode="public" endPc="268441350" name="initialize" parent="BlinkController" startPc="268441272">
            <documentation/>
        </functionEntry>
        <functionEntry accessMode="public" endPc="268441408" name="onLowPowerChange" parent="BlinkController" startPc="268441351">
            <param id="isLowPower"/>
            <documentation/>
        </functionEntry>
        <functionEntry accessMode="public" endPc="268441484" name="getDebugInfo" parent="BlinkController" startPc="268441409">
            <documentation/>
        </functionEntry>
        <functionEntry accessMode="public" endPc="268441729" name="endBlink" parent="BlinkController" startPc="268441485">
            <documentation/>
        </functionEntry>
        <functionEntry accessMode="public" endPc="268441916" name="beginBlink" parent="BlinkController" startPc="268441730">
            <documentation/>
        </functionEntry>
        <functionEntry accessMode="private" endPc="268441998" name="&lt;globals/EmoticonRenderer/&lt;&gt;drawHeartEyes&gt;" parent="EmoticonRenderer" startPc="268441917">
            <param id="dc"/>
            <param id="leftX"/>
            <param id="rightX"/>
            <param id="eyeY"/>
            <param id="width"/>
            <param id="height"/>
            <documentation/>
        </functionEntry>
        <functionEntry accessMode="private" endPc="268442196" name="&lt;globals/EmoticonRenderer/&lt;&gt;drawXEyes&gt;" parent="EmoticonRenderer" startPc="268441999">
            <param id="dc"/>
            <param id="leftX"/>
            <param id="rightX"/>
            <param id="eyeY"/>
            <param id="width"/>
            <param id="height"/>
            <documentation/>
        </functionEntry>
        <functionEntry accessMode="public" endPc="268442236" name="renderEmoticon" parent="EmoticonRenderer" startPc="268442197">
            <param id="dc"/>
            <param id="emoticon"/>
            <param id="centerX"/>
            <param id="centerY"/>
            <param id="faceSize"/>
            <documentation/>
        </functionEntry>
        <functionEntry accessMode="private" endPc="268442328" name="&lt;globals/EmoticonRenderer/&lt;&gt;drawArcEyes&gt;" parent="EmoticonRenderer" startPc="268442237">
            <param id="dc"/>
            <param id="leftX"/>
            <param id="rightX"/>
            <param id="eyeY"/>
            <param id="width"/>
            <param id="height"/>
            <param id="upward"/>
            <documentation/>
        </functionEntry>
        <functionEntry accessMode="private" endPc="268442833" name="&lt;globals/EmoticonRenderer/&lt;&gt;drawEyes&gt;" parent="EmoticonRenderer" startPc="268442329">
            <param id="dc"/>
            <param id="params"/>
            <param id="leftX"/>
            <param id="rightX"/>
            <param id="eyeY"/>
            <param id="baseWidth"/>
            <param id="baseHeight"/>
            <documentation/>
        </functionEntry>
        <functionEntry accessMode="public" endPc="268442861" name="initialize" parent="EmoticonRenderer" startPc="268442834">
            <documentation/>
        </functionEntry>
        <functionEntry accessMode="public" endPc="268443013" name="drawExpression" parent="EmoticonRenderer" startPc="268442862">
            <param id="dc"/>
            <param id="params"/>
            <param id="centerX"/>
            <param id="centerY"/>
            <param id="faceSize"/>
            <documentation/>
        </functionEntry>
        <functionEntry accessMode="private" endPc="268443598" name="&lt;globals/EmoticonRenderer/&lt;&gt;drawMouth&gt;" parent="EmoticonRenderer" startPc="268443014">
            <param id="dc"/>
            <param id="params"/>
            <param id="centerX"/>
            <param id="mouthY"/>
            <param id="baseWidth"/>
            <param id="baseHeight"/>
            <documentation/>
        </functionEntry>
        <functionEntry accessMode="private" endPc="268443796" name="&lt;globals/EmoticonRenderer/&lt;&gt;drawAccessories&gt;" parent="EmoticonRenderer" startPc="268443599">
            <param id="dc"/>
            <param id="params"/>
            <param id="centerX"/>
            <param id="centerY"/>
            <param id="faceSize"/>
            <documentation/>
        </functionEntry>
        <functionEntry accessMode="private" endPc="268443936" name="&lt;globals/MoodEngine/&lt;&gt;transitionToState&gt;" parent="MoodEngine" startPc="268443797">
            <param id="newState"/>
            <param id="ctx"/>
            <documentation/>
        </functionEntry>
        <functionEntry accessMode="public" endPc="268444113" name="update" parent="MoodEngine" startPc="268443937">
            <param id="rawSensors"/>
            <documentation/>
        </functionEntry>
        <functionEntry accessMode="private" endPc="268444270" name="&lt;globals/MoodEngine/&lt;&gt;getCooldownForState&gt;" parent="MoodEngine" startPc="268444114">
            <param id="stateId"/>
            <documentation/>
        </functionEntry>
        <functionEntry accessMode="private" endPc="268444444" name="&lt;globals/MoodEngine/&lt;&gt;getRenderData&gt;" parent="MoodEngine" startPc="268444271">
            <param id="ctx"/>
            <documentation/>
        </functionEntry>
        <functionEntry accessMode="private" endPc="268444551" name="&lt;globals/MoodEngine/&lt;&gt;updateCooldowns&gt;" parent="MoodEngine" startPc="268444445">
            <param id="deltaMs"/>
            <documentation/>
        </functionEntry>
        <functionEntry accessMode="public" endPc="268444917" name="initialize" parent="MoodEngine" startPc="268444552">
            <documentation/>
        </functionEntry>
        <functionEntry accessMode="private" endPc="268445112" name="&lt;globals/MoodEngine/&lt;&gt;selectState&gt;" parent="MoodEngine" startPc="268444918">
            <param id="ctx"/>
            <documentation/>
        </functionEntry>
        <functionEntry accessMode="public" endPc="268445149" name="score" parent="FocusedState" startPc="268445113">
            <param id="ctx"/>
            <documentation/>
        </functionEntry>
        <functionEntry accessMode="public" endPc="268445236" name="getExpression" parent="FocusedState" startPc="268445150">
            <param id="ctx"/>
            <param id="variant"/>
            <documentation/>
        </functionEntry>
        <functionEntry accessMode="public" endPc="268445292" name="blinkProfile" parent="FocusedState" startPc="268445237">
            <param id="ctx"/>
            <documentation/>
        </functionEntry>
        <functionEntry accessMode="public" endPc="268445300" name="getEmoticon" parent="FocusedState" startPc="268445293">
            <documentation/>
        </functionEntry>
        <functionEntry accessMode="public" endPc="268445308" name="id" parent="FocusedState" startPc="268445301">
            <documentation/>
        </functionEntry>
        <functionEntry accessMode="public" name="initialize" parent="FocusedState">
            <documentation/>
        </functionEntry>
        <functionEntry accessMode="private" endPc="268445347" name="&lt;globals/MoodContext/&lt;&gt;clamp01&gt;" parent="MoodContext" startPc="268445309">
            <param id="value"/>
            <documentation/>
        </functionEntry>
        <functionEntry accessMode="private" endPc="268445393" name="&lt;globals/MoodContext/&lt;&gt;getTimeAdjustedGoal&gt;" parent="MoodContext" startPc="268445348">
            <param id="goal"/>
            <documentation/>
        </functionEntry>
        <functionEntry accessMode="public" endPc="268445752" name="initialize" parent="MoodContext" startPc="268445394">
            <param id="sensors"/>
            <documentation/>
        </functionEntry>
        <functionEntry accessMode="public" endPc="268445810" name="score" parent="ChargedState" startPc="268445753">
            <param id="ctx"/>
            <documentation/>
        </functionEntry>
        <functionEntry accessMode="public" endPc="268445901" name="getExpression" parent="ChargedState" startPc="268445811">
            <param id="ctx"/>
            <param id="variant"/>
            <documentation/>
        </functionEntry>
        <functionEntry accessMode="public" endPc="268445961" name="blinkProfile" parent="ChargedState" startPc="268445902">
            <param id="ctx"/>
            <documentation/>
        </functionEntry>
        <functionEntry accessMode="public" endPc="268445969" name="getEmoticon" parent="ChargedState" startPc="268445962">
            <documentation/>
        </functionEntry>
        <functionEntry accessMode="public" endPc="268445977" name="id" parent="ChargedState" startPc="268445970">
            <documentation/>
        </functionEntry>
        <functionEntry accessMode="public" name="initialize" parent="ChargedState">
            <documentation/>
        </functionEntry>
        <functionEntry accessMode="private" endPc="268445981" name="&lt;globals/HealthDataProvider/&lt;&gt;wasActiveRecently&gt;" parent="HealthDataProvider" startPc="268445978">
            <documentation/>
        </functionEntry>
        <functionEntry accessMode="private" endPc="268446106" name="&lt;globals/HealthDataProvider/&lt;&gt;estimateSleepQuality&gt;" parent="HealthDataProvider" startPc="268445982">
            <documentation/>
        </functionEntry>
        <functionEntry accessMode="private" endPc="268446290" name="&lt;globals/HealthDataProvider/&lt;&gt;getActivityStatus&gt;" parent="HealthDataProvider" startPc="268446107">
            <documentation/>
        </functionEntry>
        <functionEntry accessMode="private" endPc="268446403" name="&lt;globals/HealthDataProvider/&lt;&gt;detectAchievements&gt;" parent="HealthDataProvider" startPc="268446291">
            <param id="steps"/>
            <param id="stepGoal"/>
            <documentation/>
        </functionEntry>
        <functionEntry accessMode="private" endPc="268446417" name="&lt;globals/HealthDataProvider/&lt;&gt;getStressLevel&gt;" parent="HealthDataProvider" startPc="268446404">
            <documentation/>
        </functionEntry>
        <functionEntry accessMode="private" endPc="268446590" name="&lt;globals/HealthDataProvider/&lt;&gt;estimateBodyBattery&gt;" parent="HealthDataProvider" startPc="268446418">
            <documentation/>
        </functionEntry>
        <functionEntry accessMode="public" endPc="268446652" name="updateRestingHRBaseline" parent="HealthDataProvider" startPc="268446591">
            <param id="currentHR"/>
            <param id="isResting"/>
            <documentation/>
        </functionEntry>
        <functionEntry accessMode="private" endPc="268446880" name="&lt;globals/HealthDataProvider/&lt;&gt;estimateStressFromActivity&gt;" parent="HealthDataProvider" startPc="268446653">
            <documentation/>
        </functionEntry>
        <functionEntry accessMode="public" endPc="268447179" name="gatherSensorData" parent="HealthDataProvider" startPc="268446881">
            <documentation/>
        </functionEntry>
        <functionEntry accessMode="public" endPc="268447506" name="debugSensorData" parent="HealthDataProvider" startPc="268447180">
            <documentation/>
        </functionEntry>
        <functionEntry accessMode="private" endPc="268447632" name="&lt;globals/HealthDataProvider/&lt;&gt;getHeartRateData&gt;" parent="HealthDataProvider" startPc="268447507">
            <documentation/>
        </functionEntry>
        <functionEntry accessMode="private" endPc="268447724" name="&lt;globals/HealthDataProvider/&lt;&gt;getBodyBatteryLevel&gt;" parent="HealthDataProvider" startPc="268447633">
            <documentation/>
        </functionEntry>
        <functionEntry accessMode="public" endPc="268447780" name="initialize" parent="HealthDataProvider" startPc="268447725">
            <documentation/>
        </functionEntry>
        <functionEntry accessMode="private" endPc="268447862" name="&lt;globals/HealthDataProvider/&lt;&gt;isInAODMode&gt;" parent="HealthDataProvider" startPc="268447781">
            <documentation/>
        </functionEntry>
        <functionEntry accessMode="public" endPc="268447883" name="score" parent="VictoryState" startPc="268447863">
            <param id="ctx"/>
            <documentation/>
        </functionEntry>
        <functionEntry accessMode="public" endPc="268447974" name="getExpression" parent="VictoryState" startPc="268447884">
            <param id="ctx"/>
            <param id="variant"/>
            <documentation/>
        </functionEntry>
        <functionEntry accessMode="public" endPc="268448034" name="blinkProfile" parent="VictoryState" startPc="268447975">
            <param id="ctx"/>
            <documentation/>
        </functionEntry>
        <functionEntry accessMode="public" endPc="268448042" name="getEmoticon" parent="VictoryState" startPc="268448035">
            <documentation/>
        </functionEntry>
        <functionEntry accessMode="public" endPc="268448050" name="id" parent="VictoryState" startPc="268448043">
            <documentation/>
        </functionEntry>
        <functionEntry accessMode="public" name="initialize" parent="VictoryState">
            <documentation/>
        </functionEntry>
        <functionEntry accessMode="public" endPc="268449300" name="drawAuthenticJailbot" parent="JailbotWatchFaceView" startPc="268448051">
            <param id="dc"/>
            <param id="width"/>
            <param id="height"/>
            <documentation/>
        </functionEntry>
        <functionEntry accessMode="public" endPc="268449469" name="drawStaticJailbotFace" parent="JailbotWatchFaceView" startPc="268449301">
            <param id="dc"/>
            <param id="centerX"/>
            <param id="centerY"/>
            <param id="faceSize"/>
            <documentation/>
        </functionEntry>
        <functionEntry accessMode="public" endPc="268449561" name="drawHollowBlock" parent="JailbotWatchFaceView" startPc="268449470">
            <param id="dc"/>
            <param id="x"/>
            <param id="y"/>
            <param id="size"/>
            <documentation/>
        </functionEntry>
        <functionEntry accessMode="public" endPc="268450626" name="drawJailbot3" parent="JailbotWatchFaceView" startPc="268449562">
            <param id="dc"/>
            <param id="width"/>
            <param id="height"/>
            <documentation/>
        </functionEntry>
        <functionEntry accessMode="public" endPc="268451476" name="drawJailbot20PixelArt" parent="JailbotWatchFaceView" startPc="268450627">
            <param id="dc"/>
            <param id="width"/>
            <param id="height"/>
            <documentation/>
        </functionEntry>
        <functionEntry accessMode="public" endPc="268451568" name="drawHollowDigit" parent="JailbotWatchFaceView" startPc="268451477">
            <param id="dc"/>
            <param id="pattern"/>
            <param id="x"/>
            <param id="y"/>
            <param id="blockSize"/>
            <documentation/>
        </functionEntry>
        <functionEntry accessMode="public" endPc="268451633" name="onHide" parent="JailbotWatchFaceView" startPc="268451569">
            <documentation/>
        </functionEntry>
        <functionEntry accessMode="public" endPc="268451671" name="drawDirectAnalogJailbot" parent="JailbotWatchFaceView" startPc="268451634">
            <param id="dc"/>
            <param id="width"/>
            <param id="height"/>
            <documentation/>
        </functionEntry>
        <functionEntry accessMode="public" name="onExitSleep" parent="JailbotWatchFaceView">
            <documentation/>
        </functionEntry>
        <functionEntry accessMode="public" endPc="268451755" name="onShow" parent="JailbotWatchFaceView" startPc="268451672">
            <documentation/>
        </functionEntry>
        <functionEntry accessMode="public" endPc="268451935" name="onLayout" parent="JailbotWatchFaceView" startPc="268451756">
            <param id="dc"/>
            <documentation/>
        </functionEntry>
        <functionEntry accessMode="public" endPc="268452774" name="drawPixelatedAOD" parent="JailbotWatchFaceView" startPc="268451936">
            <param id="dc"/>
            <param id="screenWidth"/>
            <param id="screenHeight"/>
            <documentation/>
        </functionEntry>
        <functionEntry accessMode="public" endPc="268452788" name="requestUpdate" parent="JailbotWatchFaceView" startPc="268452775">
            <documentation/>
        </functionEntry>
        <functionEntry accessMode="public" endPc="268452838" name="onPartialUpdate" parent="JailbotWatchFaceView" startPc="268452789">
            <param id="dc"/>
            <documentation/>
        </functionEntry>
        <functionEntry accessMode="public" name="onEnterSleep" parent="JailbotWatchFaceView">
            <documentation/>
        </functionEntry>
        <functionEntry accessMode="public" endPc="268453048" name="initialize" parent="JailbotWatchFaceView" startPc="268452839">
            <documentation/>
        </functionEntry>
        <functionEntry accessMode="public" endPc="268453093" name="onUpdate" parent="JailbotWatchFaceView" startPc="268453049">
            <param id="dc"/>
            <documentation/>
        </functionEntry>
        <functionEntry accessMode="public" endPc="268453097" name="score" parent="IMoodState" startPc="268453094">
            <param id="ctx"/>
            <documentation/>
        </functionEntry>
        <functionEntry accessMode="public" endPc="268453100" name="exit" parent="IMoodState" startPc="268453098">
            <param id="ctx"/>
            <documentation/>
        </functionEntry>
        <functionEntry accessMode="public" endPc="268453148" name="aodExpression" parent="IMoodState" startPc="268453101">
            <param id="ctx"/>
            <documentation/>
        </functionEntry>
        <functionEntry accessMode="public" endPc="268453235" name="getExpression" parent="IMoodState" startPc="268453149">
            <param id="ctx"/>
            <param id="variant"/>
            <documentation/>
        </functionEntry>
        <functionEntry accessMode="public" endPc="268453243" name="allowedVariants" parent="IMoodState" startPc="268453236">
            <param id="ctx"/>
            <documentation/>
        </functionEntry>
        <functionEntry accessMode="public" endPc="268453299" name="blinkProfile" parent="IMoodState" startPc="268453244">
            <param id="ctx"/>
            <documentation/>
        </functionEntry>
        <functionEntry accessMode="public" endPc="268453307" name="getEmoticon" parent="IMoodState" startPc="268453300">
            <documentation/>
        </functionEntry>
        <functionEntry accessMode="public" endPc="268453315" name="id" parent="IMoodState" startPc="268453308">
            <documentation/>
        </functionEntry>
        <functionEntry accessMode="public" endPc="268453318" name="enter" parent="IMoodState" startPc="268453316">
            <param id="ctx"/>
            <documentation/>
        </functionEntry>
        <functionEntry accessMode="public" name="initialize" parent="IMoodState">
            <documentation/>
        </functionEntry>
        <functionEntry accessMode="private" endPc="268453418" name="&lt;globals/BlinkScheduler/&lt;&gt;scheduleNextBlink&gt;" parent="BlinkScheduler" startPc="268453319">
            <param id="profile"/>
            <documentation/>
        </functionEntry>
        <functionEntry accessMode="public" endPc="268453505" name="getBlinkPhase" parent="BlinkScheduler" startPc="268453419">
            <documentation/>
        </functionEntry>
        <functionEntry accessMode="private" endPc="268453561" name="&lt;globals/BlinkScheduler/&lt;&gt;getDefaultProfile&gt;" parent="BlinkScheduler" startPc="268453506">
            <documentation/>
        </functionEntry>
        <functionEntry accessMode="private" endPc="268453598" name="&lt;globals/BlinkScheduler/&lt;&gt;startBlink&gt;" parent="BlinkScheduler" startPc="268453562">
            <param id="duration"/>
            <documentation/>
        </functionEntry>
        <functionEntry accessMode="private" endPc="268453748" name="&lt;globals/BlinkScheduler/&lt;&gt;generateBlinkInterval&gt;" parent="BlinkScheduler" startPc="268453599">
            <param id="min"/>
            <param id="max"/>
            <param id="mean"/>
            <documentation/>
        </functionEntry>
        <functionEntry accessMode="public" endPc="268454000" name="update" parent="BlinkScheduler" startPc="268453749">
            <param id="profile"/>
            <param id="deltaMs"/>
            <documentation/>
        </functionEntry>
        <functionEntry accessMode="public" endPc="268454011" name="triggerEventBlink" parent="BlinkScheduler" startPc="268454001">
            <documentation/>
        </functionEntry>
        <functionEntry accessMode="public" endPc="268454078" name="initialize" parent="BlinkScheduler" startPc="268454012">
            <documentation/>
        </functionEntry>
        <functionEntry accessMode="public" endPc="268454133" name="score" parent="RecoveringState" startPc="268454079">
            <param id="ctx"/>
            <documentation/>
        </functionEntry>
        <functionEntry accessMode="public" endPc="268454224" name="getExpression" parent="RecoveringState" startPc="268454134">
            <param id="ctx"/>
            <param id="variant"/>
            <documentation/>
        </functionEntry>
        <functionEntry accessMode="public" endPc="268454280" name="blinkProfile" parent="RecoveringState" startPc="268454225">
            <param id="ctx"/>
            <documentation/>
        </functionEntry>
        <functionEntry accessMode="public" endPc="268454288" name="getEmoticon" parent="RecoveringState" startPc="268454281">
            <documentation/>
        </functionEntry>
        <functionEntry accessMode="public" endPc="268454296" name="id" parent="RecoveringState" startPc="268454289">
            <documentation/>
        </functionEntry>
        <functionEntry accessMode="public" name="initialize" parent="RecoveringState">
            <documentation/>
        </functionEntry>
        <functionEntry accessMode="public" endPc="268454319" name="getCellX" parent="PixelMetrics" startPc="268454297">
            <param id="col"/>
            <documentation/>
        </functionEntry>
        <functionEntry accessMode="public" endPc="268454342" name="getCellY" parent="PixelMetrics" startPc="268454320">
            <param id="row"/>
            <documentation/>
        </functionEntry>
        <functionEntry accessMode="public" endPc="268454365" name="getTotalWidth" parent="PixelMetrics" startPc="268454343">
            <param id="cols"/>
            <documentation/>
        </functionEntry>
        <functionEntry accessMode="public" endPc="268454388" name="getTotalHeight" parent="PixelMetrics" startPc="268454366">
            <param id="rows"/>
            <documentation/>
        </functionEntry>
        <functionEntry accessMode="public" endPc="268454427" name="initialize" parent="PixelMetrics" startPc="268454389">
            <param id="block"/>
            <param id="g"/>
            <param id="x"/>
            <param id="y"/>
            <documentation/>
        </functionEntry>
        <functionEntry accessMode="public" endPc="268454548" name="updateScale" parent="ResolutionManager" startPc="268454428">
            <param id="dc"/>
            <documentation/>
        </functionEntry>
        <functionEntry accessMode="public" endPc="268454560" name="setGap" parent="ResolutionManager" startPc="268454549">
            <param id="g"/>
            <documentation/>
        </functionEntry>
        <functionEntry accessMode="public" endPc="268454664" name="centerGrid" parent="ResolutionManager" startPc="268454561">
            <param id="screenWidth"/>
            <param id="screenHeight"/>
            <param id="gridSpec"/>
            <documentation/>
        </functionEntry>
        <functionEntry accessMode="public" name="initialize" parent="ResolutionManager">
            <documentation/>
        </functionEntry>
        <functionEntry accessMode="public" endPc="268454723" name="dp" parent="ResolutionManager" startPc="268454665">
            <param id="pixels"/>
            <param id="dc"/>
            <documentation/>
        </functionEntry>
        <functionEntry accessMode="public" endPc="268454735" name="setBlockSize" parent="ResolutionManager" startPc="268454724">
            <param id="size"/>
            <documentation/>
        </functionEntry>
        <functionEntry accessMode="public" endPc="268454770" name="positionGrid" parent="ResolutionManager" startPc="268454736">
            <param id="x"/>
            <param id="y"/>
            <documentation/>
        </functionEntry>
        <functionEntry accessMode="public" endPc="268454791" name="initialize" parent="GridSpec" startPc="268454771">
            <param id="c"/>
            <param id="r"/>
            <documentation/>
        </functionEntry>
        <functionEntry accessMode="public" endPc="268454907" name="drawRectangle" parent="PixelRenderer" startPc="268454792">
            <param id="startCol"/>
            <param id="startRow"/>
            <param id="cols"/>
            <param id="rows"/>
            <documentation/>
        </functionEntry>
        <functionEntry accessMode="public" endPc="268455057" name="drawGrid" parent="PixelRenderer" startPc="268454908">
            <param id="gridSpec"/>
            <param id="pattern"/>
            <documentation/>
        </functionEntry>
        <functionEntry accessMode="public" endPc="268455078" name="initialize" parent="PixelRenderer" startPc="268455058">
            <param id="drawContext"/>
            <param id="pixelMetrics"/>
            <documentation/>
        </functionEntry>
        <functionEntry accessMode="public" endPc="268455227" name="drawDigit" parent="TimeDisplay" startPc="268455079">
            <param id="dc"/>
            <param id="digit"/>
            <param id="x"/>
            <param id="y"/>
            <documentation/>
        </functionEntry>
        <functionEntry accessMode="public" endPc="268455259" name="initialize" parent="TimeDisplay" startPc="268455228">
            <documentation/>
        </functionEntry>
        <functionEntry accessMode="public" endPc="268455779" name="draw" parent="TimeDisplay" startPc="268455260">
            <param id="dc"/>
            <param id="screenWidth"/>
            <param id="screenHeight"/>
            <documentation/>
        </functionEntry>
        <functionEntry accessMode="public" name="initialize" parent="DigitPatterns">
            <documentation/>
        </functionEntry>
        <functionEntry accessMode="public" endPc="268455980" name="drawHollowDigit" parent="MinimalTimeDisplay" startPc="268455780">
            <param id="renderer"/>
            <param id="pattern"/>
            <param id="startCol"/>
            <param id="startRow"/>
            <documentation/>
        </functionEntry>
        <functionEntry accessMode="public" endPc="268456056" name="drawPixelDot" parent="MinimalTimeDisplay" startPc="268455981">
            <param id="renderer"/>
            <param id="col"/>
            <param id="row"/>
            <documentation/>
        </functionEntry>
        <functionEntry accessMode="public" endPc="268456534" name="drawAOD" parent="MinimalTimeDisplay" startPc="268456057">
            <param id="dc"/>
            <param id="screenWidth"/>
            <param id="screenHeight"/>
            <documentation/>
        </functionEntry>
        <functionEntry accessMode="public" endPc="268456799" name="drawGhostJailbot" parent="MinimalTimeDisplay" startPc="268456535">
            <param id="dc"/>
            <param id="screenWidth"/>
            <param id="centerY"/>
            <documentation/>
        </functionEntry>
        <functionEntry accessMode="public" endPc="268456831" name="initialize" parent="MinimalTimeDisplay" startPc="268456800">
            <documentation/>
        </functionEntry>
        <functionEntry accessMode="public" endPc="268456870" name="drawMinimalColon" parent="MinimalTimeDisplay" startPc="268456832">
            <param id="renderer"/>
            <param id="startCol"/>
            <param id="startRow"/>
            <documentation/>
        </functionEntry>
        <functionEntry accessMode="public" endPc="268456909" name="setup" parent="HourHand" startPc="268456871">
            <param id="radius"/>
            <documentation/>
        </functionEntry>
        <functionEntry accessMode="public" endPc="268457075" name="draw" parent="HourHand" startPc="268456910">
            <param id="dc"/>
            <param id="centerX"/>
            <param id="centerY"/>
            <param id="angle"/>
            <documentation/>
        </functionEntry>
        <functionEntry accessMode="public" name="initialize" parent="HourHand">
            <documentation/>
        </functionEntry>
        <functionEntry accessMode="public" endPc="268457109" name="calculateAngle" parent="HourHand" startPc="268457076">
            <param id="hours"/>
            <param id="minutes"/>
            <documentation/>
        </functionEntry>
        <functionEntry accessMode="public" endPc="268457272" name="drawStrongMark" parent="RimIndicators" startPc="268457110">
            <param id="dc"/>
            <param id="angle"/>
            <documentation/>
        </functionEntry>
        <functionEntry accessMode="public" endPc="268457435" name="drawSecondaryMark" parent="RimIndicators" startPc="268457273">
            <param id="dc"/>
            <param id="angle"/>
            <documentation/>
        </functionEntry>
        <functionEntry accessMode="public" endPc="268457495" name="setup" parent="RimIndicators" startPc="268457436">
            <param id="x"/>
            <param id="y"/>
            <param id="r"/>
            <documentation/>
        </functionEntry>
        <functionEntry accessMode="public" endPc="268457575" name="draw" parent="RimIndicators" startPc="268457496">
            <param id="dc"/>
            <documentation/>
        </functionEntry>
        <functionEntry accessMode="public" name="initialize" parent="RimIndicators">
            <documentation/>
        </functionEntry>
        <functionEntry accessMode="public" endPc="268457614" name="setup" parent="MinuteHand" startPc="268457576">
            <param id="radius"/>
            <documentation/>
        </functionEntry>
        <functionEntry accessMode="public" endPc="268457780" name="draw" parent="MinuteHand" startPc="268457615">
            <param id="dc"/>
            <param id="centerX"/>
            <param id="centerY"/>
            <param id="angle"/>
            <documentation/>
        </functionEntry>
        <functionEntry accessMode="public" name="initialize" parent="MinuteHand">
            <documentation/>
        </functionEntry>
        <functionEntry accessMode="public" endPc="268457811" name="calculateAngle" parent="MinuteHand" startPc="268457781">
            <param id="minutes"/>
            <param id="seconds"/>
            <documentation/>
        </functionEntry>
        <functionEntry accessMode="public" endPc="268458027" name="initialize" parent="AnalogClockFace" startPc="268457812">
            <param id="x"/>
            <param id="y"/>
            <param id="r"/>
            <documentation/>
        </functionEntry>
        <functionEntry accessMode="public" endPc="268458186" name="draw" parent="AnalogClockFace" startPc="268458028">
            <param id="dc"/>
            <param id="hours"/>
            <param id="minutes"/>
            <param id="seconds"/>
            <documentation/>
        </functionEntry>
        <functionEntry accessMode="public" endPc="268458225" name="setup" parent="SecondHand" startPc="268458187">
            <param id="radius"/>
            <documentation/>
        </functionEntry>
        <functionEntry accessMode="public" endPc="268458391" name="draw" parent="SecondHand" startPc="268458226">
            <param id="dc"/>
            <param id="centerX"/>
            <param id="centerY"/>
            <param id="angle"/>
            <documentation/>
        </functionEntry>
        <functionEntry accessMode="public" name="initialize" parent="SecondHand">
            <documentation/>
        </functionEntry>
        <functionEntry accessMode="public" endPc="268458411" name="calculateAngle" parent="SecondHand" startPc="268458392">
            <param id="seconds"/>
            <documentation/>
        </functionEntry>
        <functionEntry accessMode="public" endPc="268458443" name="createMinimalStyle" parent="AnalogStyleFactory" startPc="268458412">
            <param id="x"/>
            <param id="y"/>
            <param id="r"/>
            <documentation/>
        </functionEntry>
        <functionEntry accessMode="public" endPc="268458475" name="createClassicStyle" parent="AnalogStyleFactory" startPc="268458444">
            <param id="x"/>
            <param id="y"/>
            <param id="r"/>
            <documentation/>
        </functionEntry>
        <functionEntry accessMode="public" name="initialize" parent="AnalogStyleFactory">
            <documentation/>
        </functionEntry>
        <functionEntry accessMode="public" endPc="268458550" name="drawJailbotElements" parent="JailbotAnalogFace" startPc="268458476">
            <param id="dc"/>
            <param id="clockTime"/>
            <documentation/>
        </functionEntry>
        <functionEntry accessMode="public" endPc="268458595" name="drawWithScreen" parent="JailbotAnalogFace" startPc="268458551">
            <param id="dc"/>
            <param id="screenWidth"/>
            <param id="screenHeight"/>
            <documentation/>
        </functionEntry>
        <functionEntry accessMode="public" endPc="268458611" name="toggleJailbotDisplay" parent="JailbotAnalogFace" startPc="268458596">
            <documentation/>
        </functionEntry>
        <functionEntry accessMode="public" endPc="268458691" name="initialize" parent="JailbotAnalogFace" startPc="268458612">
            <param id="x"/>
            <param id="y"/>
            <param id="r"/>
            <documentation/>
        </functionEntry>
        <functionEntry accessMode="public" endPc="268458773" name="draw" parent="JailbotAnalogFace" startPc="268458692">
            <param id="dc"/>
            <param id="hours"/>
            <param id="minutes"/>
            <param id="seconds"/>
            <documentation/>
        </functionEntry>
        <functionEntry accessMode="public" endPc="268458940" name="drawMiniJailbot" parent="JailbotAnalogFace" startPc="268458774">
            <param id="dc"/>
            <param id="x"/>
            <param id="y"/>
            <param id="size"/>
            <param id="shouldBlink"/>
            <documentation/>
        </functionEntry>
        <functionEntry accessMode="public" endPc="268458975" name="getSpec" parent="Eye" startPc="268458941">
            <documentation/>
        </functionEntry>
        <functionEntry accessMode="public" name="initialize" parent="Eye">
            <documentation/>
        </functionEntry>
        <functionEntry accessMode="public" endPc="268459010" name="getSpec" parent="Mouth" startPc="268458976">
            <documentation/>
        </functionEntry>
        <functionEntry accessMode="public" name="initialize" parent="Mouth">
            <documentation/>
        </functionEntry>
        <functionEntry accessMode="public" endPc="268459041" name="moveEyesCloser" parent="FaceLayout" startPc="268459011">
            <documentation/>
        </functionEntry>
        <functionEntry accessMode="public" endPc="268459053" name="setEyeSpacing" parent="FaceLayout" startPc="268459042">
            <param id="blocks"/>
            <documentation/>
        </functionEntry>
        <functionEntry accessMode="public" endPc="268459065" name="adjustEyeSpacing" parent="FaceLayout" startPc="268459054">
            <param id="blocks"/>
            <documentation/>
        </functionEntry>
        <functionEntry accessMode="public" endPc="268459172" name="initialize" parent="FaceLayout" startPc="268459066">
            <documentation/>
        </functionEntry>
        <functionEntry accessMode="public" endPc="268459725" name="draw" parent="FaceLayout" startPc="268459173">
            <param id="dc"/>
            <param id="screenWidth"/>
            <param id="screenHeight"/>
            <documentation/>
        </functionEntry>
        <functionEntry accessMode="public" endPc="268459743" name="moveEyesApart" parent="FaceLayout" startPc="268459726">
            <documentation/>
        </functionEntry>
    </functions>
</debugInfo>
