<?xml version="1.0" encoding="UTF-8" standalone="no"?>
<debugInfo>
    <manifest filename="/Users/erdalgunes/garmin-jailbot/manifest.xml"/>
    <pcToLineNum>
        <entry filename="/Users/erdalgunes/garmin-jailbot/source/JailbotWatchFaceApp.mc" id="1" lineNum="5" parent="globals/JailbotWatchFaceApp" pc="268435460" symbol="&lt;init&gt;"/>
        <entry filename="/Users/erdalgunes/garmin-jailbot/build/gen/006-B3906-00/source/Rez.mcgen" id="2" lineNum="7" parent="globals/Rez" pc="268435472" symbol="&lt;init&gt;"/>
        <entry filename="/Users/erdalgunes/garmin-jailbot/source/MoodSystem.mc" id="3" lineNum="363" parent="globals/StandbyState" pc="268435492" symbol="&lt;init&gt;"/>
        <entry filename="/Users/erdalgunes/garmin-jailbot/source/MoodSystem.mc" id="4" lineNum="194" parent="globals/DrowsyState" pc="268435504" symbol="&lt;init&gt;"/>
        <entry filename="/Users/erdalgunes/garmin-jailbot/source/MoodSystem.mc" id="5" lineNum="157" parent="globals/OverheatState" pc="268435516" symbol="&lt;init&gt;"/>
        <entry filename="/Users/erdalgunes/garmin-jailbot/source/MoodSystem.mc" id="6" lineNum="289" parent="globals/FocusedState" pc="268435528" symbol="&lt;init&gt;"/>
        <entry filename="/Users/erdalgunes/garmin-jailbot/source/MoodSystem.mc" id="7" lineNum="325" parent="globals/ChargedState" pc="268435540" symbol="&lt;init&gt;"/>
        <entry filename="/Users/erdalgunes/garmin-jailbot/source/MoodSystem.mc" id="8" lineNum="122" parent="globals/VictoryState" pc="268435552" symbol="&lt;init&gt;"/>
        <entry filename="/Users/erdalgunes/garmin-jailbot/source/JailbotWatchFaceView.mc" id="9" lineNum="8" parent="globals/JailbotWatchFaceView" pc="268435564" symbol="&lt;init&gt;"/>
        <entry filename="/Users/erdalgunes/garmin-jailbot/source/MoodSystem.mc" id="10" lineNum="252" parent="globals/RecoveringState" pc="268435576" symbol="&lt;init&gt;"/>
        <entry filename="/Users/erdalgunes/garmin-jailbot/source/JailbotWatchFaceApp.mc" id="11" lineNum="11" parent="globals/JailbotWatchFaceApp" pc="268435588" symbol="onStart"/>
        <entry filename="/Users/erdalgunes/garmin-jailbot/source/JailbotWatchFaceApp.mc" id="12" lineNum="21" parent="globals/JailbotWatchFaceApp" pc="268435591" symbol="onSettingsChanged"/>
        <entry filename="/Users/erdalgunes/garmin-jailbot/source/JailbotWatchFaceApp.mc" id="12" lineNum="22" parent="globals/JailbotWatchFaceApp" pc="268435593" symbol="onSettingsChanged"/>
        <entry filename="/Users/erdalgunes/garmin-jailbot/source/JailbotWatchFaceApp.mc" id="13" lineNum="17" parent="globals/JailbotWatchFaceApp" pc="268435605" symbol="getInitialView"/>
        <entry filename="/Users/erdalgunes/garmin-jailbot/source/JailbotWatchFaceApp.mc" id="13" lineNum="18" parent="globals/JailbotWatchFaceApp" pc="268435607" symbol="getInitialView"/>
        <entry filename="/Users/erdalgunes/garmin-jailbot/source/JailbotWatchFaceApp.mc" id="14" lineNum="7" parent="globals/JailbotWatchFaceApp" pc="268435633" symbol="initialize"/>
        <entry filename="/Users/erdalgunes/garmin-jailbot/source/JailbotWatchFaceApp.mc" id="14" lineNum="8" parent="globals/JailbotWatchFaceApp" pc="268435635" symbol="initialize"/>
        <entry filename="/Users/erdalgunes/garmin-jailbot/source/JailbotWatchFaceApp.mc" id="15" lineNum="14" parent="globals/JailbotWatchFaceApp" pc="268435648" symbol="onStop"/>
        <entry filename="/Users/erdalgunes/garmin-jailbot/source/MoodEngine.mc" id="16" lineNum="211" parent="globals/MoodMemory" pc="268435651" symbol="isAchievementEventRecent"/>
        <entry filename="/Users/erdalgunes/garmin-jailbot/source/MoodEngine.mc" id="16" lineNum="212" parent="globals/MoodMemory" pc="268435653" symbol="isAchievementEventRecent"/>
        <entry filename="/Users/erdalgunes/garmin-jailbot/source/MoodEngine.mc" id="17" lineNum="191" parent="globals/MoodMemory" pc="268435675" symbol="selectVariant"/>
        <entry filename="/Users/erdalgunes/garmin-jailbot/source/MoodEngine.mc" id="17" lineNum="193" parent="globals/MoodMemory" pc="268435678" symbol="selectVariant"/>
        <entry filename="/Users/erdalgunes/garmin-jailbot/source/MoodEngine.mc" id="17" lineNum="194" parent="globals/MoodMemory" pc="268435691" symbol="selectVariant"/>
        <entry filename="/Users/erdalgunes/garmin-jailbot/source/MoodEngine.mc" id="17" lineNum="198" parent="globals/MoodMemory" pc="268435699" symbol="selectVariant"/>
        <entry filename="/Users/erdalgunes/garmin-jailbot/source/MoodEngine.mc" id="17" lineNum="199" parent="globals/MoodMemory" pc="268435719" symbol="selectVariant"/>
        <entry filename="/Users/erdalgunes/garmin-jailbot/source/MoodEngine.mc" id="17" lineNum="200" parent="globals/MoodMemory" pc="268435731" symbol="selectVariant"/>
        <entry filename="/Users/erdalgunes/garmin-jailbot/source/MoodEngine.mc" id="17" lineNum="201" parent="globals/MoodMemory" pc="268435747" symbol="selectVariant"/>
        <entry filename="/Users/erdalgunes/garmin-jailbot/source/MoodEngine.mc" id="17" lineNum="202" parent="globals/MoodMemory" pc="268435766" symbol="selectVariant"/>
        <entry filename="/Users/erdalgunes/garmin-jailbot/source/MoodEngine.mc" id="17" lineNum="203" parent="globals/MoodMemory" pc="268435775" symbol="selectVariant"/>
        <entry filename="/Users/erdalgunes/garmin-jailbot/source/MoodEngine.mc" id="17" lineNum="208" parent="globals/MoodMemory" pc="268435790" symbol="selectVariant"/>
        <entry filename="/Users/erdalgunes/garmin-jailbot/source/MoodEngine.mc" id="18" lineNum="184" parent="globals/MoodMemory" pc="268435795" symbol="update"/>
        <entry filename="/Users/erdalgunes/garmin-jailbot/source/MoodEngine.mc" id="18" lineNum="186" parent="globals/MoodMemory" pc="268435797" symbol="update"/>
        <entry filename="/Users/erdalgunes/garmin-jailbot/source/MoodEngine.mc" id="18" lineNum="187" parent="globals/MoodMemory" pc="268435806" symbol="update"/>
        <entry filename="/Users/erdalgunes/garmin-jailbot/source/MoodEngine.mc" id="19" lineNum="177" parent="globals/MoodMemory" pc="268435827" symbol="initialize"/>
        <entry filename="/Users/erdalgunes/garmin-jailbot/source/MoodEngine.mc" id="19" lineNum="178" parent="globals/MoodMemory" pc="268435829" symbol="initialize"/>
        <entry filename="/Users/erdalgunes/garmin-jailbot/source/MoodEngine.mc" id="19" lineNum="179" parent="globals/MoodMemory" pc="268435838" symbol="initialize"/>
        <entry filename="/Users/erdalgunes/garmin-jailbot/source/MoodEngine.mc" id="19" lineNum="180" parent="globals/MoodMemory" pc="268435846" symbol="initialize"/>
        <entry filename="/Users/erdalgunes/garmin-jailbot/source/MoodEngine.mc" id="19" lineNum="181" parent="globals/MoodMemory" pc="268435858" symbol="initialize"/>
        <entry filename="/Users/erdalgunes/garmin-jailbot/source/EmoticonSystem.mc" id="20" lineNum="142" parent="globals/EmoticonParser" pc="268435867" symbol="&lt;globals/EmoticonParser/&lt;&gt;applyTongue&gt;"/>
        <entry filename="/Users/erdalgunes/garmin-jailbot/source/EmoticonSystem.mc" id="20" lineNum="143" parent="globals/EmoticonParser" pc="268435869" symbol="&lt;globals/EmoticonParser/&lt;&gt;applyTongue&gt;"/>
        <entry filename="/Users/erdalgunes/garmin-jailbot/source/EmoticonSystem.mc" id="20" lineNum="144" parent="globals/EmoticonParser" pc="268435882" symbol="&lt;globals/EmoticonParser/&lt;&gt;applyTongue&gt;"/>
        <entry filename="/Users/erdalgunes/garmin-jailbot/source/EmoticonSystem.mc" id="20" lineNum="145" parent="globals/EmoticonParser" pc="268435895" symbol="&lt;globals/EmoticonParser/&lt;&gt;applyTongue&gt;"/>
        <entry filename="/Users/erdalgunes/garmin-jailbot/source/EmoticonSystem.mc" id="20" lineNum="146" parent="globals/EmoticonParser" pc="268435908" symbol="&lt;globals/EmoticonParser/&lt;&gt;applyTongue&gt;"/>
        <entry filename="/Users/erdalgunes/garmin-jailbot/source/EmoticonSystem.mc" id="20" lineNum="147" parent="globals/EmoticonParser" pc="268435917" symbol="&lt;globals/EmoticonParser/&lt;&gt;applyTongue&gt;"/>
        <entry filename="/Users/erdalgunes/garmin-jailbot/source/EmoticonSystem.mc" id="20" lineNum="148" parent="globals/EmoticonParser" pc="268435930" symbol="&lt;globals/EmoticonParser/&lt;&gt;applyTongue&gt;"/>
        <entry filename="/Users/erdalgunes/garmin-jailbot/source/EmoticonSystem.mc" id="21" lineNum="216" parent="globals/EmoticonParser" pc="268435944" symbol="&lt;globals/EmoticonParser/&lt;&gt;applyConfused&gt;"/>
        <entry filename="/Users/erdalgunes/garmin-jailbot/source/EmoticonSystem.mc" id="21" lineNum="217" parent="globals/EmoticonParser" pc="268435946" symbol="&lt;globals/EmoticonParser/&lt;&gt;applyConfused&gt;"/>
        <entry filename="/Users/erdalgunes/garmin-jailbot/source/EmoticonSystem.mc" id="21" lineNum="218" parent="globals/EmoticonParser" pc="268435959" symbol="&lt;globals/EmoticonParser/&lt;&gt;applyConfused&gt;"/>
        <entry filename="/Users/erdalgunes/garmin-jailbot/source/EmoticonSystem.mc" id="21" lineNum="219" parent="globals/EmoticonParser" pc="268435972" symbol="&lt;globals/EmoticonParser/&lt;&gt;applyConfused&gt;"/>
        <entry filename="/Users/erdalgunes/garmin-jailbot/source/EmoticonSystem.mc" id="21" lineNum="220" parent="globals/EmoticonParser" pc="268435985" symbol="&lt;globals/EmoticonParser/&lt;&gt;applyConfused&gt;"/>
        <entry filename="/Users/erdalgunes/garmin-jailbot/source/EmoticonSystem.mc" id="21" lineNum="221" parent="globals/EmoticonParser" pc="268435998" symbol="&lt;globals/EmoticonParser/&lt;&gt;applyConfused&gt;"/>
        <entry filename="/Users/erdalgunes/garmin-jailbot/source/EmoticonSystem.mc" id="21" lineNum="222" parent="globals/EmoticonParser" pc="268436011" symbol="&lt;globals/EmoticonParser/&lt;&gt;applyConfused&gt;"/>
        <entry filename="/Users/erdalgunes/garmin-jailbot/source/EmoticonSystem.mc" id="21" lineNum="223" parent="globals/EmoticonParser" pc="268436024" symbol="&lt;globals/EmoticonParser/&lt;&gt;applyConfused&gt;"/>
        <entry filename="/Users/erdalgunes/garmin-jailbot/source/EmoticonSystem.mc" id="21" lineNum="224" parent="globals/EmoticonParser" pc="268436037" symbol="&lt;globals/EmoticonParser/&lt;&gt;applyConfused&gt;"/>
        <entry filename="/Users/erdalgunes/garmin-jailbot/source/EmoticonSystem.mc" id="22" lineNum="246" parent="globals/EmoticonParser" pc="268436051" symbol="&lt;globals/EmoticonParser/&lt;&gt;applyLove&gt;"/>
        <entry filename="/Users/erdalgunes/garmin-jailbot/source/EmoticonSystem.mc" id="22" lineNum="247" parent="globals/EmoticonParser" pc="268436053" symbol="&lt;globals/EmoticonParser/&lt;&gt;applyLove&gt;"/>
        <entry filename="/Users/erdalgunes/garmin-jailbot/source/EmoticonSystem.mc" id="22" lineNum="248" parent="globals/EmoticonParser" pc="268436066" symbol="&lt;globals/EmoticonParser/&lt;&gt;applyLove&gt;"/>
        <entry filename="/Users/erdalgunes/garmin-jailbot/source/EmoticonSystem.mc" id="22" lineNum="249" parent="globals/EmoticonParser" pc="268436079" symbol="&lt;globals/EmoticonParser/&lt;&gt;applyLove&gt;"/>
        <entry filename="/Users/erdalgunes/garmin-jailbot/source/EmoticonSystem.mc" id="22" lineNum="250" parent="globals/EmoticonParser" pc="268436092" symbol="&lt;globals/EmoticonParser/&lt;&gt;applyLove&gt;"/>
        <entry filename="/Users/erdalgunes/garmin-jailbot/source/EmoticonSystem.mc" id="22" lineNum="251" parent="globals/EmoticonParser" pc="268436105" symbol="&lt;globals/EmoticonParser/&lt;&gt;applyLove&gt;"/>
        <entry filename="/Users/erdalgunes/garmin-jailbot/source/EmoticonSystem.mc" id="22" lineNum="252" parent="globals/EmoticonParser" pc="268436118" symbol="&lt;globals/EmoticonParser/&lt;&gt;applyLove&gt;"/>
        <entry filename="/Users/erdalgunes/garmin-jailbot/source/EmoticonSystem.mc" id="22" lineNum="253" parent="globals/EmoticonParser" pc="268436131" symbol="&lt;globals/EmoticonParser/&lt;&gt;applyLove&gt;"/>
        <entry filename="/Users/erdalgunes/garmin-jailbot/source/EmoticonSystem.mc" id="22" lineNum="254" parent="globals/EmoticonParser" pc="268436140" symbol="&lt;globals/EmoticonParser/&lt;&gt;applyLove&gt;"/>
        <entry filename="/Users/erdalgunes/garmin-jailbot/source/EmoticonSystem.mc" id="22" lineNum="255" parent="globals/EmoticonParser" pc="268436153" symbol="&lt;globals/EmoticonParser/&lt;&gt;applyLove&gt;"/>
        <entry filename="/Users/erdalgunes/garmin-jailbot/source/EmoticonSystem.mc" id="23" lineNum="179" parent="globals/EmoticonParser" pc="268436167" symbol="&lt;globals/EmoticonParser/&lt;&gt;applyNeutral&gt;"/>
        <entry filename="/Users/erdalgunes/garmin-jailbot/source/EmoticonSystem.mc" id="23" lineNum="180" parent="globals/EmoticonParser" pc="268436169" symbol="&lt;globals/EmoticonParser/&lt;&gt;applyNeutral&gt;"/>
        <entry filename="/Users/erdalgunes/garmin-jailbot/source/EmoticonSystem.mc" id="23" lineNum="181" parent="globals/EmoticonParser" pc="268436182" symbol="&lt;globals/EmoticonParser/&lt;&gt;applyNeutral&gt;"/>
        <entry filename="/Users/erdalgunes/garmin-jailbot/source/EmoticonSystem.mc" id="23" lineNum="182" parent="globals/EmoticonParser" pc="268436195" symbol="&lt;globals/EmoticonParser/&lt;&gt;applyNeutral&gt;"/>
        <entry filename="/Users/erdalgunes/garmin-jailbot/source/EmoticonSystem.mc" id="24" lineNum="185" parent="globals/EmoticonParser" pc="268436209" symbol="&lt;globals/EmoticonParser/&lt;&gt;applyShock&gt;"/>
        <entry filename="/Users/erdalgunes/garmin-jailbot/source/EmoticonSystem.mc" id="24" lineNum="186" parent="globals/EmoticonParser" pc="268436211" symbol="&lt;globals/EmoticonParser/&lt;&gt;applyShock&gt;"/>
        <entry filename="/Users/erdalgunes/garmin-jailbot/source/EmoticonSystem.mc" id="24" lineNum="187" parent="globals/EmoticonParser" pc="268436224" symbol="&lt;globals/EmoticonParser/&lt;&gt;applyShock&gt;"/>
        <entry filename="/Users/erdalgunes/garmin-jailbot/source/EmoticonSystem.mc" id="24" lineNum="188" parent="globals/EmoticonParser" pc="268436237" symbol="&lt;globals/EmoticonParser/&lt;&gt;applyShock&gt;"/>
        <entry filename="/Users/erdalgunes/garmin-jailbot/source/EmoticonSystem.mc" id="24" lineNum="189" parent="globals/EmoticonParser" pc="268436250" symbol="&lt;globals/EmoticonParser/&lt;&gt;applyShock&gt;"/>
        <entry filename="/Users/erdalgunes/garmin-jailbot/source/EmoticonSystem.mc" id="24" lineNum="190" parent="globals/EmoticonParser" pc="268436263" symbol="&lt;globals/EmoticonParser/&lt;&gt;applyShock&gt;"/>
        <entry filename="/Users/erdalgunes/garmin-jailbot/source/EmoticonSystem.mc" id="24" lineNum="191" parent="globals/EmoticonParser" pc="268436276" symbol="&lt;globals/EmoticonParser/&lt;&gt;applyShock&gt;"/>
        <entry filename="/Users/erdalgunes/garmin-jailbot/source/EmoticonSystem.mc" id="24" lineNum="192" parent="globals/EmoticonParser" pc="268436289" symbol="&lt;globals/EmoticonParser/&lt;&gt;applyShock&gt;"/>
        <entry filename="/Users/erdalgunes/garmin-jailbot/source/EmoticonSystem.mc" id="24" lineNum="193" parent="globals/EmoticonParser" pc="268436302" symbol="&lt;globals/EmoticonParser/&lt;&gt;applyShock&gt;"/>
        <entry filename="/Users/erdalgunes/garmin-jailbot/source/EmoticonSystem.mc" id="25" lineNum="204" parent="globals/EmoticonParser" pc="268436316" symbol="&lt;globals/EmoticonParser/&lt;&gt;applyJoy&gt;"/>
        <entry filename="/Users/erdalgunes/garmin-jailbot/source/EmoticonSystem.mc" id="25" lineNum="205" parent="globals/EmoticonParser" pc="268436318" symbol="&lt;globals/EmoticonParser/&lt;&gt;applyJoy&gt;"/>
        <entry filename="/Users/erdalgunes/garmin-jailbot/source/EmoticonSystem.mc" id="25" lineNum="206" parent="globals/EmoticonParser" pc="268436331" symbol="&lt;globals/EmoticonParser/&lt;&gt;applyJoy&gt;"/>
        <entry filename="/Users/erdalgunes/garmin-jailbot/source/EmoticonSystem.mc" id="25" lineNum="207" parent="globals/EmoticonParser" pc="268436344" symbol="&lt;globals/EmoticonParser/&lt;&gt;applyJoy&gt;"/>
        <entry filename="/Users/erdalgunes/garmin-jailbot/source/EmoticonSystem.mc" id="25" lineNum="208" parent="globals/EmoticonParser" pc="268436357" symbol="&lt;globals/EmoticonParser/&lt;&gt;applyJoy&gt;"/>
        <entry filename="/Users/erdalgunes/garmin-jailbot/source/EmoticonSystem.mc" id="25" lineNum="209" parent="globals/EmoticonParser" pc="268436370" symbol="&lt;globals/EmoticonParser/&lt;&gt;applyJoy&gt;"/>
        <entry filename="/Users/erdalgunes/garmin-jailbot/source/EmoticonSystem.mc" id="25" lineNum="210" parent="globals/EmoticonParser" pc="268436383" symbol="&lt;globals/EmoticonParser/&lt;&gt;applyJoy&gt;"/>
        <entry filename="/Users/erdalgunes/garmin-jailbot/source/EmoticonSystem.mc" id="25" lineNum="211" parent="globals/EmoticonParser" pc="268436396" symbol="&lt;globals/EmoticonParser/&lt;&gt;applyJoy&gt;"/>
        <entry filename="/Users/erdalgunes/garmin-jailbot/source/EmoticonSystem.mc" id="25" lineNum="212" parent="globals/EmoticonParser" pc="268436405" symbol="&lt;globals/EmoticonParser/&lt;&gt;applyJoy&gt;"/>
        <entry filename="/Users/erdalgunes/garmin-jailbot/source/EmoticonSystem.mc" id="25" lineNum="213" parent="globals/EmoticonParser" pc="268436418" symbol="&lt;globals/EmoticonParser/&lt;&gt;applyJoy&gt;"/>
        <entry filename="/Users/erdalgunes/garmin-jailbot/source/EmoticonSystem.mc" id="26" lineNum="160" parent="globals/EmoticonParser" pc="268436432" symbol="&lt;globals/EmoticonParser/&lt;&gt;applyLaugh&gt;"/>
        <entry filename="/Users/erdalgunes/garmin-jailbot/source/EmoticonSystem.mc" id="26" lineNum="161" parent="globals/EmoticonParser" pc="268436434" symbol="&lt;globals/EmoticonParser/&lt;&gt;applyLaugh&gt;"/>
        <entry filename="/Users/erdalgunes/garmin-jailbot/source/EmoticonSystem.mc" id="26" lineNum="162" parent="globals/EmoticonParser" pc="268436447" symbol="&lt;globals/EmoticonParser/&lt;&gt;applyLaugh&gt;"/>
        <entry filename="/Users/erdalgunes/garmin-jailbot/source/EmoticonSystem.mc" id="26" lineNum="163" parent="globals/EmoticonParser" pc="268436460" symbol="&lt;globals/EmoticonParser/&lt;&gt;applyLaugh&gt;"/>
        <entry filename="/Users/erdalgunes/garmin-jailbot/source/EmoticonSystem.mc" id="26" lineNum="164" parent="globals/EmoticonParser" pc="268436473" symbol="&lt;globals/EmoticonParser/&lt;&gt;applyLaugh&gt;"/>
        <entry filename="/Users/erdalgunes/garmin-jailbot/source/EmoticonSystem.mc" id="26" lineNum="165" parent="globals/EmoticonParser" pc="268436486" symbol="&lt;globals/EmoticonParser/&lt;&gt;applyLaugh&gt;"/>
        <entry filename="/Users/erdalgunes/garmin-jailbot/source/EmoticonSystem.mc" id="26" lineNum="166" parent="globals/EmoticonParser" pc="268436499" symbol="&lt;globals/EmoticonParser/&lt;&gt;applyLaugh&gt;"/>
        <entry filename="/Users/erdalgunes/garmin-jailbot/source/EmoticonSystem.mc" id="27" lineNum="77" parent="globals/EmoticonParser" pc="268436513" symbol="parseEmoticon"/>
        <entry filename="/Users/erdalgunes/garmin-jailbot/source/EmoticonSystem.mc" id="27" lineNum="78" parent="globals/EmoticonParser" pc="268436516" symbol="parseEmoticon"/>
        <entry filename="/Users/erdalgunes/garmin-jailbot/source/EmoticonSystem.mc" id="27" lineNum="79" parent="globals/EmoticonParser" pc="268436536" symbol="parseEmoticon"/>
        <entry filename="/Users/erdalgunes/garmin-jailbot/source/EmoticonSystem.mc" id="27" lineNum="82" parent="globals/EmoticonParser" pc="268436545" symbol="parseEmoticon"/>
        <entry filename="/Users/erdalgunes/garmin-jailbot/source/EmoticonSystem.mc" id="27" lineNum="83" parent="globals/EmoticonParser" pc="268436579" symbol="parseEmoticon"/>
        <entry filename="/Users/erdalgunes/garmin-jailbot/source/EmoticonSystem.mc" id="27" lineNum="84" parent="globals/EmoticonParser" pc="268436593" symbol="parseEmoticon"/>
        <entry filename="/Users/erdalgunes/garmin-jailbot/source/EmoticonSystem.mc" id="27" lineNum="85" parent="globals/EmoticonParser" pc="268436627" symbol="parseEmoticon"/>
        <entry filename="/Users/erdalgunes/garmin-jailbot/source/EmoticonSystem.mc" id="27" lineNum="86" parent="globals/EmoticonParser" pc="268436641" symbol="parseEmoticon"/>
        <entry filename="/Users/erdalgunes/garmin-jailbot/source/EmoticonSystem.mc" id="27" lineNum="87" parent="globals/EmoticonParser" pc="268436658" symbol="parseEmoticon"/>
        <entry filename="/Users/erdalgunes/garmin-jailbot/source/EmoticonSystem.mc" id="27" lineNum="88" parent="globals/EmoticonParser" pc="268436672" symbol="parseEmoticon"/>
        <entry filename="/Users/erdalgunes/garmin-jailbot/source/EmoticonSystem.mc" id="27" lineNum="89" parent="globals/EmoticonParser" pc="268436689" symbol="parseEmoticon"/>
        <entry filename="/Users/erdalgunes/garmin-jailbot/source/EmoticonSystem.mc" id="27" lineNum="90" parent="globals/EmoticonParser" pc="268436703" symbol="parseEmoticon"/>
        <entry filename="/Users/erdalgunes/garmin-jailbot/source/EmoticonSystem.mc" id="27" lineNum="91" parent="globals/EmoticonParser" pc="268436720" symbol="parseEmoticon"/>
        <entry filename="/Users/erdalgunes/garmin-jailbot/source/EmoticonSystem.mc" id="27" lineNum="92" parent="globals/EmoticonParser" pc="268436734" symbol="parseEmoticon"/>
        <entry filename="/Users/erdalgunes/garmin-jailbot/source/EmoticonSystem.mc" id="27" lineNum="93" parent="globals/EmoticonParser" pc="268436751" symbol="parseEmoticon"/>
        <entry filename="/Users/erdalgunes/garmin-jailbot/source/EmoticonSystem.mc" id="27" lineNum="94" parent="globals/EmoticonParser" pc="268436765" symbol="parseEmoticon"/>
        <entry filename="/Users/erdalgunes/garmin-jailbot/source/EmoticonSystem.mc" id="27" lineNum="95" parent="globals/EmoticonParser" pc="268436782" symbol="parseEmoticon"/>
        <entry filename="/Users/erdalgunes/garmin-jailbot/source/EmoticonSystem.mc" id="27" lineNum="96" parent="globals/EmoticonParser" pc="268436796" symbol="parseEmoticon"/>
        <entry filename="/Users/erdalgunes/garmin-jailbot/source/EmoticonSystem.mc" id="27" lineNum="97" parent="globals/EmoticonParser" pc="268436813" symbol="parseEmoticon"/>
        <entry filename="/Users/erdalgunes/garmin-jailbot/source/EmoticonSystem.mc" id="27" lineNum="98" parent="globals/EmoticonParser" pc="268436827" symbol="parseEmoticon"/>
        <entry filename="/Users/erdalgunes/garmin-jailbot/source/EmoticonSystem.mc" id="27" lineNum="99" parent="globals/EmoticonParser" pc="268436844" symbol="parseEmoticon"/>
        <entry filename="/Users/erdalgunes/garmin-jailbot/source/EmoticonSystem.mc" id="27" lineNum="100" parent="globals/EmoticonParser" pc="268436858" symbol="parseEmoticon"/>
        <entry filename="/Users/erdalgunes/garmin-jailbot/source/EmoticonSystem.mc" id="27" lineNum="101" parent="globals/EmoticonParser" pc="268436875" symbol="parseEmoticon"/>
        <entry filename="/Users/erdalgunes/garmin-jailbot/source/EmoticonSystem.mc" id="27" lineNum="102" parent="globals/EmoticonParser" pc="268436889" symbol="parseEmoticon"/>
        <entry filename="/Users/erdalgunes/garmin-jailbot/source/EmoticonSystem.mc" id="27" lineNum="103" parent="globals/EmoticonParser" pc="268436906" symbol="parseEmoticon"/>
        <entry filename="/Users/erdalgunes/garmin-jailbot/source/EmoticonSystem.mc" id="27" lineNum="104" parent="globals/EmoticonParser" pc="268436920" symbol="parseEmoticon"/>
        <entry filename="/Users/erdalgunes/garmin-jailbot/source/EmoticonSystem.mc" id="27" lineNum="105" parent="globals/EmoticonParser" pc="268436937" symbol="parseEmoticon"/>
        <entry filename="/Users/erdalgunes/garmin-jailbot/source/EmoticonSystem.mc" id="27" lineNum="106" parent="globals/EmoticonParser" pc="268436951" symbol="parseEmoticon"/>
        <entry filename="/Users/erdalgunes/garmin-jailbot/source/EmoticonSystem.mc" id="27" lineNum="107" parent="globals/EmoticonParser" pc="268436968" symbol="parseEmoticon"/>
        <entry filename="/Users/erdalgunes/garmin-jailbot/source/EmoticonSystem.mc" id="27" lineNum="108" parent="globals/EmoticonParser" pc="268436982" symbol="parseEmoticon"/>
        <entry filename="/Users/erdalgunes/garmin-jailbot/source/EmoticonSystem.mc" id="27" lineNum="109" parent="globals/EmoticonParser" pc="268436999" symbol="parseEmoticon"/>
        <entry filename="/Users/erdalgunes/garmin-jailbot/source/EmoticonSystem.mc" id="27" lineNum="110" parent="globals/EmoticonParser" pc="268437013" symbol="parseEmoticon"/>
        <entry filename="/Users/erdalgunes/garmin-jailbot/source/EmoticonSystem.mc" id="27" lineNum="111" parent="globals/EmoticonParser" pc="268437030" symbol="parseEmoticon"/>
        <entry filename="/Users/erdalgunes/garmin-jailbot/source/EmoticonSystem.mc" id="27" lineNum="114" parent="globals/EmoticonParser" pc="268437044" symbol="parseEmoticon"/>
        <entry filename="/Users/erdalgunes/garmin-jailbot/source/EmoticonSystem.mc" id="28" lineNum="151" parent="globals/EmoticonParser" pc="268437047" symbol="&lt;globals/EmoticonParser/&lt;&gt;applyWink&gt;"/>
        <entry filename="/Users/erdalgunes/garmin-jailbot/source/EmoticonSystem.mc" id="28" lineNum="152" parent="globals/EmoticonParser" pc="268437049" symbol="&lt;globals/EmoticonParser/&lt;&gt;applyWink&gt;"/>
        <entry filename="/Users/erdalgunes/garmin-jailbot/source/EmoticonSystem.mc" id="28" lineNum="153" parent="globals/EmoticonParser" pc="268437062" symbol="&lt;globals/EmoticonParser/&lt;&gt;applyWink&gt;"/>
        <entry filename="/Users/erdalgunes/garmin-jailbot/source/EmoticonSystem.mc" id="28" lineNum="154" parent="globals/EmoticonParser" pc="268437075" symbol="&lt;globals/EmoticonParser/&lt;&gt;applyWink&gt;"/>
        <entry filename="/Users/erdalgunes/garmin-jailbot/source/EmoticonSystem.mc" id="28" lineNum="155" parent="globals/EmoticonParser" pc="268437088" symbol="&lt;globals/EmoticonParser/&lt;&gt;applyWink&gt;"/>
        <entry filename="/Users/erdalgunes/garmin-jailbot/source/EmoticonSystem.mc" id="28" lineNum="156" parent="globals/EmoticonParser" pc="268437101" symbol="&lt;globals/EmoticonParser/&lt;&gt;applyWink&gt;"/>
        <entry filename="/Users/erdalgunes/garmin-jailbot/source/EmoticonSystem.mc" id="28" lineNum="157" parent="globals/EmoticonParser" pc="268437114" symbol="&lt;globals/EmoticonParser/&lt;&gt;applyWink&gt;"/>
        <entry filename="/Users/erdalgunes/garmin-jailbot/source/EmoticonSystem.mc" id="29" lineNum="117" parent="globals/EmoticonParser" pc="268437128" symbol="&lt;globals/EmoticonParser/&lt;&gt;applyHappy&gt;"/>
        <entry filename="/Users/erdalgunes/garmin-jailbot/source/EmoticonSystem.mc" id="29" lineNum="118" parent="globals/EmoticonParser" pc="268437130" symbol="&lt;globals/EmoticonParser/&lt;&gt;applyHappy&gt;"/>
        <entry filename="/Users/erdalgunes/garmin-jailbot/source/EmoticonSystem.mc" id="29" lineNum="119" parent="globals/EmoticonParser" pc="268437143" symbol="&lt;globals/EmoticonParser/&lt;&gt;applyHappy&gt;"/>
        <entry filename="/Users/erdalgunes/garmin-jailbot/source/EmoticonSystem.mc" id="29" lineNum="120" parent="globals/EmoticonParser" pc="268437156" symbol="&lt;globals/EmoticonParser/&lt;&gt;applyHappy&gt;"/>
        <entry filename="/Users/erdalgunes/garmin-jailbot/source/EmoticonSystem.mc" id="29" lineNum="121" parent="globals/EmoticonParser" pc="268437169" symbol="&lt;globals/EmoticonParser/&lt;&gt;applyHappy&gt;"/>
        <entry filename="/Users/erdalgunes/garmin-jailbot/source/EmoticonSystem.mc" id="30" lineNum="196" parent="globals/EmoticonParser" pc="268437183" symbol="&lt;globals/EmoticonParser/&lt;&gt;applyUnimpressed&gt;"/>
        <entry filename="/Users/erdalgunes/garmin-jailbot/source/EmoticonSystem.mc" id="30" lineNum="197" parent="globals/EmoticonParser" pc="268437185" symbol="&lt;globals/EmoticonParser/&lt;&gt;applyUnimpressed&gt;"/>
        <entry filename="/Users/erdalgunes/garmin-jailbot/source/EmoticonSystem.mc" id="30" lineNum="198" parent="globals/EmoticonParser" pc="268437198" symbol="&lt;globals/EmoticonParser/&lt;&gt;applyUnimpressed&gt;"/>
        <entry filename="/Users/erdalgunes/garmin-jailbot/source/EmoticonSystem.mc" id="30" lineNum="199" parent="globals/EmoticonParser" pc="268437211" symbol="&lt;globals/EmoticonParser/&lt;&gt;applyUnimpressed&gt;"/>
        <entry filename="/Users/erdalgunes/garmin-jailbot/source/EmoticonSystem.mc" id="30" lineNum="200" parent="globals/EmoticonParser" pc="268437224" symbol="&lt;globals/EmoticonParser/&lt;&gt;applyUnimpressed&gt;"/>
        <entry filename="/Users/erdalgunes/garmin-jailbot/source/EmoticonSystem.mc" id="30" lineNum="201" parent="globals/EmoticonParser" pc="268437237" symbol="&lt;globals/EmoticonParser/&lt;&gt;applyUnimpressed&gt;"/>
        <entry filename="/Users/erdalgunes/garmin-jailbot/source/EmoticonSystem.mc" id="31" lineNum="169" parent="globals/EmoticonParser" pc="268437251" symbol="&lt;globals/EmoticonParser/&lt;&gt;applyCrying&gt;"/>
        <entry filename="/Users/erdalgunes/garmin-jailbot/source/EmoticonSystem.mc" id="31" lineNum="170" parent="globals/EmoticonParser" pc="268437253" symbol="&lt;globals/EmoticonParser/&lt;&gt;applyCrying&gt;"/>
        <entry filename="/Users/erdalgunes/garmin-jailbot/source/EmoticonSystem.mc" id="31" lineNum="171" parent="globals/EmoticonParser" pc="268437266" symbol="&lt;globals/EmoticonParser/&lt;&gt;applyCrying&gt;"/>
        <entry filename="/Users/erdalgunes/garmin-jailbot/source/EmoticonSystem.mc" id="31" lineNum="172" parent="globals/EmoticonParser" pc="268437279" symbol="&lt;globals/EmoticonParser/&lt;&gt;applyCrying&gt;"/>
        <entry filename="/Users/erdalgunes/garmin-jailbot/source/EmoticonSystem.mc" id="31" lineNum="173" parent="globals/EmoticonParser" pc="268437292" symbol="&lt;globals/EmoticonParser/&lt;&gt;applyCrying&gt;"/>
        <entry filename="/Users/erdalgunes/garmin-jailbot/source/EmoticonSystem.mc" id="31" lineNum="174" parent="globals/EmoticonParser" pc="268437301" symbol="&lt;globals/EmoticonParser/&lt;&gt;applyCrying&gt;"/>
        <entry filename="/Users/erdalgunes/garmin-jailbot/source/EmoticonSystem.mc" id="31" lineNum="175" parent="globals/EmoticonParser" pc="268437314" symbol="&lt;globals/EmoticonParser/&lt;&gt;applyCrying&gt;"/>
        <entry filename="/Users/erdalgunes/garmin-jailbot/source/EmoticonSystem.mc" id="31" lineNum="176" parent="globals/EmoticonParser" pc="268437327" symbol="&lt;globals/EmoticonParser/&lt;&gt;applyCrying&gt;"/>
        <entry filename="/Users/erdalgunes/garmin-jailbot/source/EmoticonSystem.mc" id="32" lineNum="227" parent="globals/EmoticonParser" pc="268437341" symbol="&lt;globals/EmoticonParser/&lt;&gt;applyAngry&gt;"/>
        <entry filename="/Users/erdalgunes/garmin-jailbot/source/EmoticonSystem.mc" id="32" lineNum="228" parent="globals/EmoticonParser" pc="268437343" symbol="&lt;globals/EmoticonParser/&lt;&gt;applyAngry&gt;"/>
        <entry filename="/Users/erdalgunes/garmin-jailbot/source/EmoticonSystem.mc" id="32" lineNum="229" parent="globals/EmoticonParser" pc="268437356" symbol="&lt;globals/EmoticonParser/&lt;&gt;applyAngry&gt;"/>
        <entry filename="/Users/erdalgunes/garmin-jailbot/source/EmoticonSystem.mc" id="32" lineNum="230" parent="globals/EmoticonParser" pc="268437369" symbol="&lt;globals/EmoticonParser/&lt;&gt;applyAngry&gt;"/>
        <entry filename="/Users/erdalgunes/garmin-jailbot/source/EmoticonSystem.mc" id="32" lineNum="231" parent="globals/EmoticonParser" pc="268437382" symbol="&lt;globals/EmoticonParser/&lt;&gt;applyAngry&gt;"/>
        <entry filename="/Users/erdalgunes/garmin-jailbot/source/EmoticonSystem.mc" id="32" lineNum="232" parent="globals/EmoticonParser" pc="268437395" symbol="&lt;globals/EmoticonParser/&lt;&gt;applyAngry&gt;"/>
        <entry filename="/Users/erdalgunes/garmin-jailbot/source/EmoticonSystem.mc" id="32" lineNum="233" parent="globals/EmoticonParser" pc="268437408" symbol="&lt;globals/EmoticonParser/&lt;&gt;applyAngry&gt;"/>
        <entry filename="/Users/erdalgunes/garmin-jailbot/source/EmoticonSystem.mc" id="32" lineNum="234" parent="globals/EmoticonParser" pc="268437421" symbol="&lt;globals/EmoticonParser/&lt;&gt;applyAngry&gt;"/>
        <entry filename="/Users/erdalgunes/garmin-jailbot/source/EmoticonSystem.mc" id="32" lineNum="235" parent="globals/EmoticonParser" pc="268437434" symbol="&lt;globals/EmoticonParser/&lt;&gt;applyAngry&gt;"/>
        <entry filename="/Users/erdalgunes/garmin-jailbot/source/EmoticonSystem.mc" id="34" lineNum="124" parent="globals/EmoticonParser" pc="268437448" symbol="&lt;globals/EmoticonParser/&lt;&gt;applySad&gt;"/>
        <entry filename="/Users/erdalgunes/garmin-jailbot/source/EmoticonSystem.mc" id="34" lineNum="125" parent="globals/EmoticonParser" pc="268437450" symbol="&lt;globals/EmoticonParser/&lt;&gt;applySad&gt;"/>
        <entry filename="/Users/erdalgunes/garmin-jailbot/source/EmoticonSystem.mc" id="34" lineNum="126" parent="globals/EmoticonParser" pc="268437463" symbol="&lt;globals/EmoticonParser/&lt;&gt;applySad&gt;"/>
        <entry filename="/Users/erdalgunes/garmin-jailbot/source/EmoticonSystem.mc" id="34" lineNum="127" parent="globals/EmoticonParser" pc="268437476" symbol="&lt;globals/EmoticonParser/&lt;&gt;applySad&gt;"/>
        <entry filename="/Users/erdalgunes/garmin-jailbot/source/EmoticonSystem.mc" id="34" lineNum="128" parent="globals/EmoticonParser" pc="268437489" symbol="&lt;globals/EmoticonParser/&lt;&gt;applySad&gt;"/>
        <entry filename="/Users/erdalgunes/garmin-jailbot/source/EmoticonSystem.mc" id="34" lineNum="129" parent="globals/EmoticonParser" pc="268437502" symbol="&lt;globals/EmoticonParser/&lt;&gt;applySad&gt;"/>
        <entry filename="/Users/erdalgunes/garmin-jailbot/source/EmoticonSystem.mc" id="35" lineNum="132" parent="globals/EmoticonParser" pc="268437516" symbol="&lt;globals/EmoticonParser/&lt;&gt;applyGrin&gt;"/>
        <entry filename="/Users/erdalgunes/garmin-jailbot/source/EmoticonSystem.mc" id="35" lineNum="133" parent="globals/EmoticonParser" pc="268437518" symbol="&lt;globals/EmoticonParser/&lt;&gt;applyGrin&gt;"/>
        <entry filename="/Users/erdalgunes/garmin-jailbot/source/EmoticonSystem.mc" id="35" lineNum="134" parent="globals/EmoticonParser" pc="268437531" symbol="&lt;globals/EmoticonParser/&lt;&gt;applyGrin&gt;"/>
        <entry filename="/Users/erdalgunes/garmin-jailbot/source/EmoticonSystem.mc" id="35" lineNum="135" parent="globals/EmoticonParser" pc="268437544" symbol="&lt;globals/EmoticonParser/&lt;&gt;applyGrin&gt;"/>
        <entry filename="/Users/erdalgunes/garmin-jailbot/source/EmoticonSystem.mc" id="35" lineNum="136" parent="globals/EmoticonParser" pc="268437557" symbol="&lt;globals/EmoticonParser/&lt;&gt;applyGrin&gt;"/>
        <entry filename="/Users/erdalgunes/garmin-jailbot/source/EmoticonSystem.mc" id="35" lineNum="137" parent="globals/EmoticonParser" pc="268437570" symbol="&lt;globals/EmoticonParser/&lt;&gt;applyGrin&gt;"/>
        <entry filename="/Users/erdalgunes/garmin-jailbot/source/EmoticonSystem.mc" id="35" lineNum="138" parent="globals/EmoticonParser" pc="268437583" symbol="&lt;globals/EmoticonParser/&lt;&gt;applyGrin&gt;"/>
        <entry filename="/Users/erdalgunes/garmin-jailbot/source/EmoticonSystem.mc" id="35" lineNum="139" parent="globals/EmoticonParser" pc="268437596" symbol="&lt;globals/EmoticonParser/&lt;&gt;applyGrin&gt;"/>
        <entry filename="/Users/erdalgunes/garmin-jailbot/source/EmoticonSystem.mc" id="36" lineNum="238" parent="globals/EmoticonParser" pc="268437610" symbol="&lt;globals/EmoticonParser/&lt;&gt;applyCat&gt;"/>
        <entry filename="/Users/erdalgunes/garmin-jailbot/source/EmoticonSystem.mc" id="36" lineNum="239" parent="globals/EmoticonParser" pc="268437612" symbol="&lt;globals/EmoticonParser/&lt;&gt;applyCat&gt;"/>
        <entry filename="/Users/erdalgunes/garmin-jailbot/source/EmoticonSystem.mc" id="36" lineNum="240" parent="globals/EmoticonParser" pc="268437625" symbol="&lt;globals/EmoticonParser/&lt;&gt;applyCat&gt;"/>
        <entry filename="/Users/erdalgunes/garmin-jailbot/source/EmoticonSystem.mc" id="36" lineNum="241" parent="globals/EmoticonParser" pc="268437638" symbol="&lt;globals/EmoticonParser/&lt;&gt;applyCat&gt;"/>
        <entry filename="/Users/erdalgunes/garmin-jailbot/source/EmoticonSystem.mc" id="36" lineNum="242" parent="globals/EmoticonParser" pc="268437651" symbol="&lt;globals/EmoticonParser/&lt;&gt;applyCat&gt;"/>
        <entry filename="/Users/erdalgunes/garmin-jailbot/source/EmoticonSystem.mc" id="36" lineNum="243" parent="globals/EmoticonParser" pc="268437664" symbol="&lt;globals/EmoticonParser/&lt;&gt;applyCat&gt;"/>
        <entry filename="/Users/erdalgunes/garmin-jailbot/source/MoodSystem.mc" id="37" lineNum="366" parent="globals/StandbyState" pc="268437678" symbol="score"/>
        <entry filename="/Users/erdalgunes/garmin-jailbot/source/MoodSystem.mc" id="37" lineNum="367" parent="globals/StandbyState" pc="268437680" symbol="score"/>
        <entry filename="/Users/erdalgunes/garmin-jailbot/source/MoodSystem.mc" id="38" lineNum="364" parent="globals/StandbyState" pc="268437686" symbol="id"/>
        <entry filename="/Users/erdalgunes/garmin-jailbot/source/MoodSystem.mc" id="38" lineNum="364" parent="globals/StandbyState" pc="268437688" symbol="id"/>
        <entry filename="/Users/erdalgunes/garmin-jailbot/source/PixelTimeComponents.mc" id="40" lineNum="8" parent="globals/PixelTime/DigitPatterns/&lt;statics&gt;" pc="268437694" symbol="&lt;init&gt;"/>
        <entry filename="/Users/erdalgunes/garmin-jailbot/source/MoodSystem.mc" id="41" lineNum="197" parent="globals/DrowsyState" pc="268438176" symbol="score"/>
        <entry filename="/Users/erdalgunes/garmin-jailbot/source/MoodSystem.mc" id="41" lineNum="198" parent="globals/DrowsyState" pc="268438178" symbol="score"/>
        <entry filename="/Users/erdalgunes/garmin-jailbot/source/MoodSystem.mc" id="41" lineNum="198" parent="globals/DrowsyState" pc="268438193" symbol="score"/>
        <entry filename="/Users/erdalgunes/garmin-jailbot/source/MoodSystem.mc" id="41" lineNum="199" parent="globals/DrowsyState" pc="268438202" symbol="score"/>
        <entry filename="/Users/erdalgunes/garmin-jailbot/source/MoodSystem.mc" id="41" lineNum="199" parent="globals/DrowsyState" pc="268438232" symbol="score"/>
        <entry filename="/Users/erdalgunes/garmin-jailbot/source/MoodSystem.mc" id="41" lineNum="200" parent="globals/DrowsyState" pc="268438241" symbol="score"/>
        <entry filename="/Users/erdalgunes/garmin-jailbot/source/MoodSystem.mc" id="42" lineNum="221" parent="globals/DrowsyState" pc="268438243" symbol="getExpression"/>
        <entry filename="/Users/erdalgunes/garmin-jailbot/source/MoodSystem.mc" id="42" lineNum="222" parent="globals/DrowsyState" pc="268438245" symbol="getExpression"/>
        <entry filename="/Users/erdalgunes/garmin-jailbot/source/MoodSystem.mc" id="42" lineNum="223" parent="globals/DrowsyState" pc="268438262" symbol="getExpression"/>
        <entry filename="/Users/erdalgunes/garmin-jailbot/source/MoodSystem.mc" id="42" lineNum="235" parent="globals/DrowsyState" pc="268438350" symbol="getExpression"/>
        <entry filename="/Users/erdalgunes/garmin-jailbot/source/MoodSystem.mc" id="43" lineNum="213" parent="globals/DrowsyState" pc="268438435" symbol="allowedVariants"/>
        <entry filename="/Users/erdalgunes/garmin-jailbot/source/MoodSystem.mc" id="43" lineNum="214" parent="globals/DrowsyState" pc="268438438" symbol="allowedVariants"/>
        <entry filename="/Users/erdalgunes/garmin-jailbot/source/MoodSystem.mc" id="43" lineNum="215" parent="globals/DrowsyState" pc="268438445" symbol="allowedVariants"/>
        <entry filename="/Users/erdalgunes/garmin-jailbot/source/MoodSystem.mc" id="43" lineNum="216" parent="globals/DrowsyState" pc="268438460" symbol="allowedVariants"/>
        <entry filename="/Users/erdalgunes/garmin-jailbot/source/MoodSystem.mc" id="43" lineNum="218" parent="globals/DrowsyState" pc="268438478" symbol="allowedVariants"/>
        <entry filename="/Users/erdalgunes/garmin-jailbot/source/MoodSystem.mc" id="44" lineNum="203" parent="globals/DrowsyState" pc="268438481" symbol="blinkProfile"/>
        <entry filename="/Users/erdalgunes/garmin-jailbot/source/MoodSystem.mc" id="44" lineNum="204" parent="globals/DrowsyState" pc="268438483" symbol="blinkProfile"/>
        <entry filename="/Users/erdalgunes/garmin-jailbot/source/MoodSystem.mc" id="45" lineNum="247" parent="globals/DrowsyState" pc="268438538" symbol="getEmoticon"/>
        <entry filename="/Users/erdalgunes/garmin-jailbot/source/MoodSystem.mc" id="45" lineNum="248" parent="globals/DrowsyState" pc="268438540" symbol="getEmoticon"/>
        <entry filename="/Users/erdalgunes/garmin-jailbot/source/MoodSystem.mc" id="46" lineNum="195" parent="globals/DrowsyState" pc="268438546" symbol="id"/>
        <entry filename="/Users/erdalgunes/garmin-jailbot/source/MoodSystem.mc" id="46" lineNum="195" parent="globals/DrowsyState" pc="268438548" symbol="id"/>
        <entry filename="/Users/erdalgunes/garmin-jailbot/source/MoodEngine.mc" id="48" lineNum="369" parent="globals/ExpressionRenderer" pc="268438554" symbol="renderLegacy"/>
        <entry filename="/Users/erdalgunes/garmin-jailbot/source/MoodEngine.mc" id="48" lineNum="370" parent="globals/ExpressionRenderer" pc="268438557" symbol="renderLegacy"/>
        <entry filename="/Users/erdalgunes/garmin-jailbot/source/MoodEngine.mc" id="48" lineNum="371" parent="globals/ExpressionRenderer" pc="268438573" symbol="renderLegacy"/>
        <entry filename="/Users/erdalgunes/garmin-jailbot/source/MoodEngine.mc" id="48" lineNum="372" parent="globals/ExpressionRenderer" pc="268438589" symbol="renderLegacy"/>
        <entry filename="/Users/erdalgunes/garmin-jailbot/source/MoodEngine.mc" id="48" lineNum="375" parent="globals/ExpressionRenderer" pc="268438605" symbol="renderLegacy"/>
        <entry filename="/Users/erdalgunes/garmin-jailbot/source/MoodEngine.mc" id="48" lineNum="376" parent="globals/ExpressionRenderer" pc="268438627" symbol="renderLegacy"/>
        <entry filename="/Users/erdalgunes/garmin-jailbot/source/MoodEngine.mc" id="48" lineNum="377" parent="globals/ExpressionRenderer" pc="268438649" symbol="renderLegacy"/>
        <entry filename="/Users/erdalgunes/garmin-jailbot/source/MoodEngine.mc" id="48" lineNum="380" parent="globals/ExpressionRenderer" pc="268438668" symbol="renderLegacy"/>
        <entry filename="/Users/erdalgunes/garmin-jailbot/source/MoodEngine.mc" id="48" lineNum="383" parent="globals/ExpressionRenderer" pc="268438681" symbol="renderLegacy"/>
        <entry filename="/Users/erdalgunes/garmin-jailbot/source/MoodEngine.mc" id="48" lineNum="384" parent="globals/ExpressionRenderer" pc="268438691" symbol="renderLegacy"/>
        <entry filename="/Users/erdalgunes/garmin-jailbot/source/MoodEngine.mc" id="48" lineNum="385" parent="globals/ExpressionRenderer" pc="268438701" symbol="renderLegacy"/>
        <entry filename="/Users/erdalgunes/garmin-jailbot/source/MoodEngine.mc" id="48" lineNum="388" parent="globals/ExpressionRenderer" pc="268438711" symbol="renderLegacy"/>
        <entry filename="/Users/erdalgunes/garmin-jailbot/source/MoodEngine.mc" id="48" lineNum="389" parent="globals/ExpressionRenderer" pc="268438719" symbol="renderLegacy"/>
        <entry filename="/Users/erdalgunes/garmin-jailbot/source/MoodEngine.mc" id="48" lineNum="390" parent="globals/ExpressionRenderer" pc="268438735" symbol="renderLegacy"/>
        <entry filename="/Users/erdalgunes/garmin-jailbot/source/MoodEngine.mc" id="48" lineNum="391" parent="globals/ExpressionRenderer" pc="268438761" symbol="renderLegacy"/>
        <entry filename="/Users/erdalgunes/garmin-jailbot/source/MoodEngine.mc" id="48" lineNum="395" parent="globals/ExpressionRenderer" pc="268438790" symbol="renderLegacy"/>
        <entry filename="/Users/erdalgunes/garmin-jailbot/source/MoodEngine.mc" id="48" lineNum="396" parent="globals/ExpressionRenderer" pc="268438815" symbol="renderLegacy"/>
        <entry filename="/Users/erdalgunes/garmin-jailbot/source/MoodEngine.mc" id="48" lineNum="397" parent="globals/ExpressionRenderer" pc="268438837" symbol="renderLegacy"/>
        <entry filename="/Users/erdalgunes/garmin-jailbot/source/MoodEngine.mc" id="48" lineNum="398" parent="globals/ExpressionRenderer" pc="268438847" symbol="renderLegacy"/>
        <entry filename="/Users/erdalgunes/garmin-jailbot/source/MoodEngine.mc" id="48" lineNum="400" parent="globals/ExpressionRenderer" pc="268438857" symbol="renderLegacy"/>
        <entry filename="/Users/erdalgunes/garmin-jailbot/source/MoodEngine.mc" id="48" lineNum="401" parent="globals/ExpressionRenderer" pc="268438873" symbol="renderLegacy"/>
        <entry filename="/Users/erdalgunes/garmin-jailbot/source/MoodEngine.mc" id="48" lineNum="404" parent="globals/ExpressionRenderer" pc="268438899" symbol="renderLegacy"/>
        <entry filename="/Users/erdalgunes/garmin-jailbot/source/MoodEngine.mc" id="48" lineNum="405" parent="globals/ExpressionRenderer" pc="268438922" symbol="renderLegacy"/>
        <entry filename="/Users/erdalgunes/garmin-jailbot/source/MoodEngine.mc" id="49" lineNum="427" parent="globals/ExpressionRenderer" pc="268438957" symbol="&lt;globals/ExpressionRenderer/&lt;&gt;drawAccentEffects&gt;"/>
        <entry filename="/Users/erdalgunes/garmin-jailbot/source/MoodEngine.mc" id="50" lineNum="409" parent="globals/ExpressionRenderer" pc="268438960" symbol="&lt;globals/ExpressionRenderer/&lt;&gt;applyBlinkOverlay&gt;"/>
        <entry filename="/Users/erdalgunes/garmin-jailbot/source/MoodEngine.mc" id="50" lineNum="411" parent="globals/ExpressionRenderer" pc="268438963" symbol="&lt;globals/ExpressionRenderer/&lt;&gt;applyBlinkOverlay&gt;"/>
        <entry filename="/Users/erdalgunes/garmin-jailbot/source/MoodEngine.mc" id="50" lineNum="412" parent="globals/ExpressionRenderer" pc="268438973" symbol="&lt;globals/ExpressionRenderer/&lt;&gt;applyBlinkOverlay&gt;"/>
        <entry filename="/Users/erdalgunes/garmin-jailbot/source/MoodEngine.mc" id="50" lineNum="413" parent="globals/ExpressionRenderer" pc="268438983" symbol="&lt;globals/ExpressionRenderer/&lt;&gt;applyBlinkOverlay&gt;"/>
        <entry filename="/Users/erdalgunes/garmin-jailbot/source/MoodEngine.mc" id="50" lineNum="414" parent="globals/ExpressionRenderer" pc="268438993" symbol="&lt;globals/ExpressionRenderer/&lt;&gt;applyBlinkOverlay&gt;"/>
        <entry filename="/Users/erdalgunes/garmin-jailbot/source/MoodEngine.mc" id="50" lineNum="415" parent="globals/ExpressionRenderer" pc="268439000" symbol="&lt;globals/ExpressionRenderer/&lt;&gt;applyBlinkOverlay&gt;"/>
        <entry filename="/Users/erdalgunes/garmin-jailbot/source/MoodEngine.mc" id="50" lineNum="418" parent="globals/ExpressionRenderer" pc="268439007" symbol="&lt;globals/ExpressionRenderer/&lt;&gt;applyBlinkOverlay&gt;"/>
        <entry filename="/Users/erdalgunes/garmin-jailbot/source/MoodEngine.mc" id="50" lineNum="420" parent="globals/ExpressionRenderer" pc="268439014" symbol="&lt;globals/ExpressionRenderer/&lt;&gt;applyBlinkOverlay&gt;"/>
        <entry filename="/Users/erdalgunes/garmin-jailbot/source/MoodEngine.mc" id="50" lineNum="421" parent="globals/ExpressionRenderer" pc="268439022" symbol="&lt;globals/ExpressionRenderer/&lt;&gt;applyBlinkOverlay&gt;"/>
        <entry filename="/Users/erdalgunes/garmin-jailbot/source/MoodEngine.mc" id="50" lineNum="422" parent="globals/ExpressionRenderer" pc="268439035" symbol="&lt;globals/ExpressionRenderer/&lt;&gt;applyBlinkOverlay&gt;"/>
        <entry filename="/Users/erdalgunes/garmin-jailbot/source/MoodEngine.mc" id="50" lineNum="423" parent="globals/ExpressionRenderer" pc="268439059" symbol="&lt;globals/ExpressionRenderer/&lt;&gt;applyBlinkOverlay&gt;"/>
        <entry filename="/Users/erdalgunes/garmin-jailbot/source/MoodEngine.mc" id="52" lineNum="355" parent="globals/ExpressionRenderer" pc="268439087" symbol="renderWithEmoticon"/>
        <entry filename="/Users/erdalgunes/garmin-jailbot/source/MoodEngine.mc" id="52" lineNum="356" parent="globals/ExpressionRenderer" pc="268439090" symbol="renderWithEmoticon"/>
        <entry filename="/Users/erdalgunes/garmin-jailbot/source/MoodEngine.mc" id="52" lineNum="357" parent="globals/ExpressionRenderer" pc="268439106" symbol="renderWithEmoticon"/>
        <entry filename="/Users/erdalgunes/garmin-jailbot/source/MoodEngine.mc" id="52" lineNum="360" parent="globals/ExpressionRenderer" pc="268439122" symbol="renderWithEmoticon"/>
        <entry filename="/Users/erdalgunes/garmin-jailbot/source/MoodEngine.mc" id="52" lineNum="361" parent="globals/ExpressionRenderer" pc="268439142" symbol="renderWithEmoticon"/>
        <entry filename="/Users/erdalgunes/garmin-jailbot/source/MoodEngine.mc" id="52" lineNum="364" parent="globals/ExpressionRenderer" pc="268439162" symbol="renderWithEmoticon"/>
        <entry filename="/Users/erdalgunes/garmin-jailbot/source/MoodEngine.mc" id="52" lineNum="365" parent="globals/ExpressionRenderer" pc="268439173" symbol="renderWithEmoticon"/>
        <entry filename="/Users/erdalgunes/garmin-jailbot/source/MoodEngine.mc" id="53" lineNum="341" parent="globals/ExpressionRenderer" pc="268439196" symbol="render"/>
        <entry filename="/Users/erdalgunes/garmin-jailbot/source/MoodEngine.mc" id="53" lineNum="342" parent="globals/ExpressionRenderer" pc="268439199" symbol="render"/>
        <entry filename="/Users/erdalgunes/garmin-jailbot/source/MoodEngine.mc" id="53" lineNum="343" parent="globals/ExpressionRenderer" pc="268439215" symbol="render"/>
        <entry filename="/Users/erdalgunes/garmin-jailbot/source/MoodEngine.mc" id="53" lineNum="344" parent="globals/ExpressionRenderer" pc="268439231" symbol="render"/>
        <entry filename="/Users/erdalgunes/garmin-jailbot/source/MoodEngine.mc" id="53" lineNum="347" parent="globals/ExpressionRenderer" pc="268439247" symbol="render"/>
        <entry filename="/Users/erdalgunes/garmin-jailbot/source/MoodEngine.mc" id="53" lineNum="348" parent="globals/ExpressionRenderer" pc="268439253" symbol="render"/>
        <entry filename="/Users/erdalgunes/garmin-jailbot/source/MoodEngine.mc" id="53" lineNum="351" parent="globals/ExpressionRenderer" pc="268439275" symbol="render"/>
        <entry filename="/Users/erdalgunes/garmin-jailbot/source/EmoticonSystem.mc" id="54" lineNum="41" parent="globals/ExpressionParams" pc="268439295" symbol="initialize"/>
        <entry filename="/Users/erdalgunes/garmin-jailbot/source/EmoticonSystem.mc" id="54" lineNum="43" parent="globals/ExpressionParams" pc="268439297" symbol="initialize"/>
        <entry filename="/Users/erdalgunes/garmin-jailbot/source/EmoticonSystem.mc" id="54" lineNum="44" parent="globals/ExpressionParams" pc="268439309" symbol="initialize"/>
        <entry filename="/Users/erdalgunes/garmin-jailbot/source/EmoticonSystem.mc" id="54" lineNum="45" parent="globals/ExpressionParams" pc="268439321" symbol="initialize"/>
        <entry filename="/Users/erdalgunes/garmin-jailbot/source/EmoticonSystem.mc" id="54" lineNum="46" parent="globals/ExpressionParams" pc="268439333" symbol="initialize"/>
        <entry filename="/Users/erdalgunes/garmin-jailbot/source/EmoticonSystem.mc" id="54" lineNum="47" parent="globals/ExpressionParams" pc="268439345" symbol="initialize"/>
        <entry filename="/Users/erdalgunes/garmin-jailbot/source/EmoticonSystem.mc" id="54" lineNum="48" parent="globals/ExpressionParams" pc="268439357" symbol="initialize"/>
        <entry filename="/Users/erdalgunes/garmin-jailbot/source/EmoticonSystem.mc" id="54" lineNum="49" parent="globals/ExpressionParams" pc="268439365" symbol="initialize"/>
        <entry filename="/Users/erdalgunes/garmin-jailbot/source/EmoticonSystem.mc" id="54" lineNum="51" parent="globals/ExpressionParams" pc="268439377" symbol="initialize"/>
        <entry filename="/Users/erdalgunes/garmin-jailbot/source/EmoticonSystem.mc" id="54" lineNum="52" parent="globals/ExpressionParams" pc="268439389" symbol="initialize"/>
        <entry filename="/Users/erdalgunes/garmin-jailbot/source/EmoticonSystem.mc" id="54" lineNum="53" parent="globals/ExpressionParams" pc="268439401" symbol="initialize"/>
        <entry filename="/Users/erdalgunes/garmin-jailbot/source/EmoticonSystem.mc" id="54" lineNum="54" parent="globals/ExpressionParams" pc="268439413" symbol="initialize"/>
        <entry filename="/Users/erdalgunes/garmin-jailbot/source/EmoticonSystem.mc" id="54" lineNum="55" parent="globals/ExpressionParams" pc="268439425" symbol="initialize"/>
        <entry filename="/Users/erdalgunes/garmin-jailbot/source/EmoticonSystem.mc" id="54" lineNum="56" parent="globals/ExpressionParams" pc="268439433" symbol="initialize"/>
        <entry filename="/Users/erdalgunes/garmin-jailbot/source/EmoticonSystem.mc" id="54" lineNum="58" parent="globals/ExpressionParams" pc="268439441" symbol="initialize"/>
        <entry filename="/Users/erdalgunes/garmin-jailbot/source/EmoticonSystem.mc" id="54" lineNum="59" parent="globals/ExpressionParams" pc="268439449" symbol="initialize"/>
        <entry filename="/Users/erdalgunes/garmin-jailbot/source/EmoticonSystem.mc" id="54" lineNum="60" parent="globals/ExpressionParams" pc="268439461" symbol="initialize"/>
        <entry filename="/Users/erdalgunes/garmin-jailbot/source/EmoticonSystem.mc" id="54" lineNum="61" parent="globals/ExpressionParams" pc="268439469" symbol="initialize"/>
        <entry filename="/Users/erdalgunes/garmin-jailbot/source/EmoticonSystem.mc" id="54" lineNum="62" parent="globals/ExpressionParams" pc="268439481" symbol="initialize"/>
        <entry filename="/Users/erdalgunes/garmin-jailbot/source/EmoticonSystem.mc" id="54" lineNum="63" parent="globals/ExpressionParams" pc="268439489" symbol="initialize"/>
        <entry filename="/Users/erdalgunes/garmin-jailbot/source/EmoticonSystem.mc" id="54" lineNum="65" parent="globals/ExpressionParams" pc="268439501" symbol="initialize"/>
        <entry filename="/Users/erdalgunes/garmin-jailbot/source/EmoticonSystem.mc" id="54" lineNum="66" parent="globals/ExpressionParams" pc="268439513" symbol="initialize"/>
        <entry filename="/Users/erdalgunes/garmin-jailbot/source/EmoticonSystem.mc" id="54" lineNum="67" parent="globals/ExpressionParams" pc="268439522" symbol="initialize"/>
        <entry filename="/Users/erdalgunes/garmin-jailbot/source/AODComponents.mc" id="55" lineNum="12" parent="globals/AOD/MinimalTimeDisplay" pc="268439535" symbol="&lt;init&gt;"/>
        <entry filename="/Users/erdalgunes/garmin-jailbot/source/MoodSystem.mc" id="56" lineNum="160" parent="globals/OverheatState" pc="268440017" symbol="score"/>
        <entry filename="/Users/erdalgunes/garmin-jailbot/source/MoodSystem.mc" id="56" lineNum="161" parent="globals/OverheatState" pc="268440019" symbol="score"/>
        <entry filename="/Users/erdalgunes/garmin-jailbot/source/MoodSystem.mc" id="56" lineNum="161" parent="globals/OverheatState" pc="268440028" symbol="score"/>
        <entry filename="/Users/erdalgunes/garmin-jailbot/source/MoodSystem.mc" id="56" lineNum="162" parent="globals/OverheatState" pc="268440037" symbol="score"/>
        <entry filename="/Users/erdalgunes/garmin-jailbot/source/MoodSystem.mc" id="56" lineNum="162" parent="globals/OverheatState" pc="268440052" symbol="score"/>
        <entry filename="/Users/erdalgunes/garmin-jailbot/source/MoodSystem.mc" id="56" lineNum="163" parent="globals/OverheatState" pc="268440061" symbol="score"/>
        <entry filename="/Users/erdalgunes/garmin-jailbot/source/MoodSystem.mc" id="57" lineNum="176" parent="globals/OverheatState" pc="268440063" symbol="getExpression"/>
        <entry filename="/Users/erdalgunes/garmin-jailbot/source/MoodSystem.mc" id="57" lineNum="177" parent="globals/OverheatState" pc="268440065" symbol="getExpression"/>
        <entry filename="/Users/erdalgunes/garmin-jailbot/source/MoodSystem.mc" id="58" lineNum="166" parent="globals/OverheatState" pc="268440154" symbol="blinkProfile"/>
        <entry filename="/Users/erdalgunes/garmin-jailbot/source/MoodSystem.mc" id="58" lineNum="167" parent="globals/OverheatState" pc="268440156" symbol="blinkProfile"/>
        <entry filename="/Users/erdalgunes/garmin-jailbot/source/MoodSystem.mc" id="59" lineNum="189" parent="globals/OverheatState" pc="268440214" symbol="getEmoticon"/>
        <entry filename="/Users/erdalgunes/garmin-jailbot/source/MoodSystem.mc" id="59" lineNum="190" parent="globals/OverheatState" pc="268440216" symbol="getEmoticon"/>
        <entry filename="/Users/erdalgunes/garmin-jailbot/source/MoodSystem.mc" id="60" lineNum="158" parent="globals/OverheatState" pc="268440222" symbol="id"/>
        <entry filename="/Users/erdalgunes/garmin-jailbot/source/MoodSystem.mc" id="60" lineNum="158" parent="globals/OverheatState" pc="268440224" symbol="id"/>
        <entry filename="/Users/erdalgunes/garmin-jailbot/source/JailbotAnalogFace.mc" id="62" lineNum="7" parent="globals/JailbotAnalog/JailbotAnalogFace" pc="268440230" symbol="&lt;init&gt;"/>
        <entry filename="/Users/erdalgunes/garmin-jailbot/source/BlinkController.mc" id="63" lineNum="103" parent="globals/BlinkController" pc="268440242" symbol="&lt;globals/BlinkController/&lt;&gt;scheduleNextBlink&gt;"/>
        <entry filename="/Users/erdalgunes/garmin-jailbot/source/BlinkController.mc" id="63" lineNum="104" parent="globals/BlinkController" pc="268440245" symbol="&lt;globals/BlinkController/&lt;&gt;scheduleNextBlink&gt;"/>
        <entry filename="/Users/erdalgunes/garmin-jailbot/source/BlinkController.mc" id="63" lineNum="105" parent="globals/BlinkController" pc="268440254" symbol="&lt;globals/BlinkController/&lt;&gt;scheduleNextBlink&gt;"/>
        <entry filename="/Users/erdalgunes/garmin-jailbot/source/BlinkController.mc" id="63" lineNum="106" parent="globals/BlinkController" pc="268440272" symbol="&lt;globals/BlinkController/&lt;&gt;scheduleNextBlink&gt;"/>
        <entry filename="/Users/erdalgunes/garmin-jailbot/source/BlinkController.mc" id="63" lineNum="110" parent="globals/BlinkController" pc="268440276" symbol="&lt;globals/BlinkController/&lt;&gt;scheduleNextBlink&gt;"/>
        <entry filename="/Users/erdalgunes/garmin-jailbot/source/BlinkController.mc" id="63" lineNum="112" parent="globals/BlinkController" pc="268440296" symbol="&lt;globals/BlinkController/&lt;&gt;scheduleNextBlink&gt;"/>
        <entry filename="/Users/erdalgunes/garmin-jailbot/source/BlinkController.mc" id="63" lineNum="114" parent="globals/BlinkController" pc="268440323" symbol="&lt;globals/BlinkController/&lt;&gt;scheduleNextBlink&gt;"/>
        <entry filename="/Users/erdalgunes/garmin-jailbot/source/BlinkController.mc" id="63" lineNum="115" parent="globals/BlinkController" pc="268440352" symbol="&lt;globals/BlinkController/&lt;&gt;scheduleNextBlink&gt;"/>
        <entry filename="/Users/erdalgunes/garmin-jailbot/source/BlinkController.mc" id="64" lineNum="37" parent="globals/BlinkController" pc="268440383" symbol="start"/>
        <entry filename="/Users/erdalgunes/garmin-jailbot/source/BlinkController.mc" id="64" lineNum="38" parent="globals/BlinkController" pc="268440385" symbol="start"/>
        <entry filename="/Users/erdalgunes/garmin-jailbot/source/BlinkController.mc" id="64" lineNum="39" parent="globals/BlinkController" pc="268440393" symbol="start"/>
        <entry filename="/Users/erdalgunes/garmin-jailbot/source/BlinkController.mc" id="64" lineNum="40" parent="globals/BlinkController" pc="268440411" symbol="start"/>
        <entry filename="/Users/erdalgunes/garmin-jailbot/source/BlinkController.mc" id="64" lineNum="43" parent="globals/BlinkController" pc="268440415" symbol="start"/>
        <entry filename="/Users/erdalgunes/garmin-jailbot/source/BlinkController.mc" id="64" lineNum="44" parent="globals/BlinkController" pc="268440423" symbol="start"/>
        <entry filename="/Users/erdalgunes/garmin-jailbot/source/BlinkController.mc" id="64" lineNum="45" parent="globals/BlinkController" pc="268440435" symbol="start"/>
        <entry filename="/Users/erdalgunes/garmin-jailbot/source/BlinkController.mc" id="64" lineNum="47" parent="globals/BlinkController" pc="268440453" symbol="start"/>
        <entry filename="/Users/erdalgunes/garmin-jailbot/source/BlinkController.mc" id="65" lineNum="75" parent="globals/BlinkController" pc="268440461" symbol="getBlinkState"/>
        <entry filename="/Users/erdalgunes/garmin-jailbot/source/BlinkController.mc" id="65" lineNum="76" parent="globals/BlinkController" pc="268440463" symbol="getBlinkState"/>
        <entry filename="/Users/erdalgunes/garmin-jailbot/source/BlinkController.mc" id="66" lineNum="51" parent="globals/BlinkController" pc="268440469" symbol="stop"/>
        <entry filename="/Users/erdalgunes/garmin-jailbot/source/BlinkController.mc" id="66" lineNum="52" parent="globals/BlinkController" pc="268440471" symbol="stop"/>
        <entry filename="/Users/erdalgunes/garmin-jailbot/source/BlinkController.mc" id="66" lineNum="53" parent="globals/BlinkController" pc="268440480" symbol="stop"/>
        <entry filename="/Users/erdalgunes/garmin-jailbot/source/BlinkController.mc" id="66" lineNum="54" parent="globals/BlinkController" pc="268440498" symbol="stop"/>
        <entry filename="/Users/erdalgunes/garmin-jailbot/source/BlinkController.mc" id="66" lineNum="57" parent="globals/BlinkController" pc="268440502" symbol="stop"/>
        <entry filename="/Users/erdalgunes/garmin-jailbot/source/BlinkController.mc" id="66" lineNum="58" parent="globals/BlinkController" pc="268440520" symbol="stop"/>
        <entry filename="/Users/erdalgunes/garmin-jailbot/source/BlinkController.mc" id="66" lineNum="59" parent="globals/BlinkController" pc="268440528" symbol="stop"/>
        <entry filename="/Users/erdalgunes/garmin-jailbot/source/BlinkController.mc" id="66" lineNum="62" parent="globals/BlinkController" pc="268440540" symbol="stop"/>
        <entry filename="/Users/erdalgunes/garmin-jailbot/source/BlinkController.mc" id="66" lineNum="63" parent="globals/BlinkController" pc="268440549" symbol="stop"/>
        <entry filename="/Users/erdalgunes/garmin-jailbot/source/BlinkController.mc" id="66" lineNum="64" parent="globals/BlinkController" pc="268440561" symbol="stop"/>
        <entry filename="/Users/erdalgunes/garmin-jailbot/source/BlinkController.mc" id="66" lineNum="66" parent="globals/BlinkController" pc="268440572" symbol="stop"/>
        <entry filename="/Users/erdalgunes/garmin-jailbot/source/BlinkController.mc" id="66" lineNum="67" parent="globals/BlinkController" pc="268440581" symbol="stop"/>
        <entry filename="/Users/erdalgunes/garmin-jailbot/source/BlinkController.mc" id="66" lineNum="68" parent="globals/BlinkController" pc="268440593" symbol="stop"/>
        <entry filename="/Users/erdalgunes/garmin-jailbot/source/BlinkController.mc" id="66" lineNum="71" parent="globals/BlinkController" pc="268440604" symbol="stop"/>
        <entry filename="/Users/erdalgunes/garmin-jailbot/source/BlinkController.mc" id="67" lineNum="25" parent="globals/BlinkController" pc="268440623" symbol="initialize"/>
        <entry filename="/Users/erdalgunes/garmin-jailbot/source/BlinkController.mc" id="67" lineNum="26" parent="globals/BlinkController" pc="268440625" symbol="initialize"/>
        <entry filename="/Users/erdalgunes/garmin-jailbot/source/BlinkController.mc" id="67" lineNum="27" parent="globals/BlinkController" pc="268440637" symbol="initialize"/>
        <entry filename="/Users/erdalgunes/garmin-jailbot/source/BlinkController.mc" id="67" lineNum="28" parent="globals/BlinkController" pc="268440645" symbol="initialize"/>
        <entry filename="/Users/erdalgunes/garmin-jailbot/source/BlinkController.mc" id="67" lineNum="29" parent="globals/BlinkController" pc="268440653" symbol="initialize"/>
        <entry filename="/Users/erdalgunes/garmin-jailbot/source/BlinkController.mc" id="67" lineNum="30" parent="globals/BlinkController" pc="268440661" symbol="initialize"/>
        <entry filename="/Users/erdalgunes/garmin-jailbot/source/BlinkController.mc" id="67" lineNum="31" parent="globals/BlinkController" pc="268440669" symbol="initialize"/>
        <entry filename="/Users/erdalgunes/garmin-jailbot/source/BlinkController.mc" id="67" lineNum="33" parent="globals/BlinkController" pc="268440677" symbol="initialize"/>
        <entry filename="/Users/erdalgunes/garmin-jailbot/source/BlinkController.mc" id="68" lineNum="92" parent="globals/BlinkController" pc="268440702" symbol="onLowPowerChange"/>
        <entry filename="/Users/erdalgunes/garmin-jailbot/source/BlinkController.mc" id="68" lineNum="93" parent="globals/BlinkController" pc="268440704" symbol="onLowPowerChange"/>
        <entry filename="/Users/erdalgunes/garmin-jailbot/source/BlinkController.mc" id="68" lineNum="95" parent="globals/BlinkController" pc="268440725" symbol="onLowPowerChange"/>
        <entry filename="/Users/erdalgunes/garmin-jailbot/source/BlinkController.mc" id="68" lineNum="96" parent="globals/BlinkController" pc="268440730" symbol="onLowPowerChange"/>
        <entry filename="/Users/erdalgunes/garmin-jailbot/source/BlinkController.mc" id="68" lineNum="97" parent="globals/BlinkController" pc="268440740" symbol="onLowPowerChange"/>
        <entry filename="/Users/erdalgunes/garmin-jailbot/source/BlinkController.mc" id="68" lineNum="98" parent="globals/BlinkController" pc="268440749" symbol="onLowPowerChange"/>
        <entry filename="/Users/erdalgunes/garmin-jailbot/source/BlinkController.mc" id="69" lineNum="80" parent="globals/BlinkController" pc="268440760" symbol="getDebugInfo"/>
        <entry filename="/Users/erdalgunes/garmin-jailbot/source/BlinkController.mc" id="69" lineNum="81" parent="globals/BlinkController" pc="268440762" symbol="getDebugInfo"/>
        <entry filename="/Users/erdalgunes/garmin-jailbot/source/BlinkController.mc" id="70" lineNum="141" parent="globals/BlinkController" pc="268440836" symbol="endBlink"/>
        <entry filename="/Users/erdalgunes/garmin-jailbot/source/BlinkController.mc" id="70" lineNum="142" parent="globals/BlinkController" pc="268440839" symbol="endBlink"/>
        <entry filename="/Users/erdalgunes/garmin-jailbot/source/BlinkController.mc" id="70" lineNum="143" parent="globals/BlinkController" pc="268440848" symbol="endBlink"/>
        <entry filename="/Users/erdalgunes/garmin-jailbot/source/BlinkController.mc" id="70" lineNum="144" parent="globals/BlinkController" pc="268440866" symbol="endBlink"/>
        <entry filename="/Users/erdalgunes/garmin-jailbot/source/BlinkController.mc" id="70" lineNum="147" parent="globals/BlinkController" pc="268440870" symbol="endBlink"/>
        <entry filename="/Users/erdalgunes/garmin-jailbot/source/BlinkController.mc" id="70" lineNum="148" parent="globals/BlinkController" pc="268440878" symbol="endBlink"/>
        <entry filename="/Users/erdalgunes/garmin-jailbot/source/BlinkController.mc" id="70" lineNum="150" parent="globals/BlinkController" pc="268440890" symbol="endBlink"/>
        <entry filename="/Users/erdalgunes/garmin-jailbot/source/BlinkController.mc" id="70" lineNum="153" parent="globals/BlinkController" pc="268440914" symbol="endBlink"/>
        <entry filename="/Users/erdalgunes/garmin-jailbot/source/BlinkController.mc" id="70" lineNum="156" parent="globals/BlinkController" pc="268440925" symbol="endBlink"/>
        <entry filename="/Users/erdalgunes/garmin-jailbot/source/BlinkController.mc" id="70" lineNum="157" parent="globals/BlinkController" pc="268440941" symbol="endBlink"/>
        <entry filename="/Users/erdalgunes/garmin-jailbot/source/BlinkController.mc" id="70" lineNum="159" parent="globals/BlinkController" pc="268440948" symbol="endBlink"/>
        <entry filename="/Users/erdalgunes/garmin-jailbot/source/BlinkController.mc" id="70" lineNum="160" parent="globals/BlinkController" pc="268440956" symbol="endBlink"/>
        <entry filename="/Users/erdalgunes/garmin-jailbot/source/BlinkController.mc" id="70" lineNum="163" parent="globals/BlinkController" pc="268440992" symbol="endBlink"/>
        <entry filename="/Users/erdalgunes/garmin-jailbot/source/BlinkController.mc" id="70" lineNum="164" parent="globals/BlinkController" pc="268441021" symbol="endBlink"/>
        <entry filename="/Users/erdalgunes/garmin-jailbot/source/BlinkController.mc" id="70" lineNum="166" parent="globals/BlinkController" pc="268441055" symbol="endBlink"/>
        <entry filename="/Users/erdalgunes/garmin-jailbot/source/BlinkController.mc" id="70" lineNum="167" parent="globals/BlinkController" pc="268441073" symbol="endBlink"/>
        <entry filename="/Users/erdalgunes/garmin-jailbot/source/BlinkController.mc" id="71" lineNum="119" parent="globals/BlinkController" pc="268441081" symbol="beginBlink"/>
        <entry filename="/Users/erdalgunes/garmin-jailbot/source/BlinkController.mc" id="71" lineNum="120" parent="globals/BlinkController" pc="268441083" symbol="beginBlink"/>
        <entry filename="/Users/erdalgunes/garmin-jailbot/source/BlinkController.mc" id="71" lineNum="121" parent="globals/BlinkController" pc="268441092" symbol="beginBlink"/>
        <entry filename="/Users/erdalgunes/garmin-jailbot/source/BlinkController.mc" id="71" lineNum="122" parent="globals/BlinkController" pc="268441110" symbol="beginBlink"/>
        <entry filename="/Users/erdalgunes/garmin-jailbot/source/BlinkController.mc" id="71" lineNum="125" parent="globals/BlinkController" pc="268441114" symbol="beginBlink"/>
        <entry filename="/Users/erdalgunes/garmin-jailbot/source/BlinkController.mc" id="71" lineNum="126" parent="globals/BlinkController" pc="268441122" symbol="beginBlink"/>
        <entry filename="/Users/erdalgunes/garmin-jailbot/source/BlinkController.mc" id="71" lineNum="127" parent="globals/BlinkController" pc="268441134" symbol="beginBlink"/>
        <entry filename="/Users/erdalgunes/garmin-jailbot/source/BlinkController.mc" id="71" lineNum="128" parent="globals/BlinkController" pc="268441149" symbol="beginBlink"/>
        <entry filename="/Users/erdalgunes/garmin-jailbot/source/BlinkController.mc" id="71" lineNum="130" parent="globals/BlinkController" pc="268441166" symbol="beginBlink"/>
        <entry filename="/Users/erdalgunes/garmin-jailbot/source/BlinkController.mc" id="71" lineNum="133" parent="globals/BlinkController" pc="268441196" symbol="beginBlink"/>
        <entry filename="/Users/erdalgunes/garmin-jailbot/source/BlinkController.mc" id="71" lineNum="136" parent="globals/BlinkController" pc="268441207" symbol="beginBlink"/>
        <entry filename="/Users/erdalgunes/garmin-jailbot/source/BlinkController.mc" id="71" lineNum="137" parent="globals/BlinkController" pc="268441236" symbol="beginBlink"/>
        <entry filename="/Users/erdalgunes/garmin-jailbot/source/EmoticonSystem.mc" id="72" lineNum="356" parent="globals/EmoticonRenderer" pc="268441268" symbol="&lt;globals/EmoticonRenderer/&lt;&gt;drawHeartEyes&gt;"/>
        <entry filename="/Users/erdalgunes/garmin-jailbot/source/EmoticonSystem.mc" id="72" lineNum="358" parent="globals/EmoticonRenderer" pc="268441271" symbol="&lt;globals/EmoticonRenderer/&lt;&gt;drawHeartEyes&gt;"/>
        <entry filename="/Users/erdalgunes/garmin-jailbot/source/EmoticonSystem.mc" id="72" lineNum="359" parent="globals/EmoticonRenderer" pc="268441281" symbol="&lt;globals/EmoticonRenderer/&lt;&gt;drawHeartEyes&gt;"/>
        <entry filename="/Users/erdalgunes/garmin-jailbot/source/EmoticonSystem.mc" id="72" lineNum="361" parent="globals/EmoticonRenderer" pc="268441291" symbol="&lt;globals/EmoticonRenderer/&lt;&gt;drawHeartEyes&gt;"/>
        <entry filename="/Users/erdalgunes/garmin-jailbot/source/EmoticonSystem.mc" id="72" lineNum="362" parent="globals/EmoticonRenderer" pc="268441320" symbol="&lt;globals/EmoticonRenderer/&lt;&gt;drawHeartEyes&gt;"/>
        <entry filename="/Users/erdalgunes/garmin-jailbot/source/EmoticonSystem.mc" id="73" lineNum="334" parent="globals/EmoticonRenderer" pc="268441350" symbol="&lt;globals/EmoticonRenderer/&lt;&gt;drawXEyes&gt;"/>
        <entry filename="/Users/erdalgunes/garmin-jailbot/source/EmoticonSystem.mc" id="73" lineNum="335" parent="globals/EmoticonRenderer" pc="268441353" symbol="&lt;globals/EmoticonRenderer/&lt;&gt;drawXEyes&gt;"/>
        <entry filename="/Users/erdalgunes/garmin-jailbot/source/EmoticonSystem.mc" id="73" lineNum="336" parent="globals/EmoticonRenderer" pc="268441363" symbol="&lt;globals/EmoticonRenderer/&lt;&gt;drawXEyes&gt;"/>
        <entry filename="/Users/erdalgunes/garmin-jailbot/source/EmoticonSystem.mc" id="73" lineNum="337" parent="globals/EmoticonRenderer" pc="268441373" symbol="&lt;globals/EmoticonRenderer/&lt;&gt;drawXEyes&gt;"/>
        <entry filename="/Users/erdalgunes/garmin-jailbot/source/EmoticonSystem.mc" id="73" lineNum="340" parent="globals/EmoticonRenderer" pc="268441383" symbol="&lt;globals/EmoticonRenderer/&lt;&gt;drawXEyes&gt;"/>
        <entry filename="/Users/erdalgunes/garmin-jailbot/source/EmoticonSystem.mc" id="73" lineNum="341" parent="globals/EmoticonRenderer" pc="268441421" symbol="&lt;globals/EmoticonRenderer/&lt;&gt;drawXEyes&gt;"/>
        <entry filename="/Users/erdalgunes/garmin-jailbot/source/EmoticonSystem.mc" id="73" lineNum="344" parent="globals/EmoticonRenderer" pc="268441465" symbol="&lt;globals/EmoticonRenderer/&lt;&gt;drawXEyes&gt;"/>
        <entry filename="/Users/erdalgunes/garmin-jailbot/source/EmoticonSystem.mc" id="73" lineNum="345" parent="globals/EmoticonRenderer" pc="268441503" symbol="&lt;globals/EmoticonRenderer/&lt;&gt;drawXEyes&gt;"/>
        <entry filename="/Users/erdalgunes/garmin-jailbot/source/EmoticonSystem.mc" id="74" lineNum="267" parent="globals/EmoticonRenderer" pc="268441548" symbol="renderEmoticon"/>
        <entry filename="/Users/erdalgunes/garmin-jailbot/source/EmoticonSystem.mc" id="74" lineNum="268" parent="globals/EmoticonRenderer" pc="268441551" symbol="renderEmoticon"/>
        <entry filename="/Users/erdalgunes/garmin-jailbot/source/EmoticonSystem.mc" id="74" lineNum="269" parent="globals/EmoticonRenderer" pc="268441568" symbol="renderEmoticon"/>
        <entry filename="/Users/erdalgunes/garmin-jailbot/source/EmoticonSystem.mc" id="75" lineNum="348" parent="globals/EmoticonRenderer" pc="268441588" symbol="&lt;globals/EmoticonRenderer/&lt;&gt;drawArcEyes&gt;"/>
        <entry filename="/Users/erdalgunes/garmin-jailbot/source/EmoticonSystem.mc" id="75" lineNum="349" parent="globals/EmoticonRenderer" pc="268441591" symbol="&lt;globals/EmoticonRenderer/&lt;&gt;drawArcEyes&gt;"/>
        <entry filename="/Users/erdalgunes/garmin-jailbot/source/EmoticonSystem.mc" id="75" lineNum="350" parent="globals/EmoticonRenderer" pc="268441601" symbol="&lt;globals/EmoticonRenderer/&lt;&gt;drawArcEyes&gt;"/>
        <entry filename="/Users/erdalgunes/garmin-jailbot/source/EmoticonSystem.mc" id="75" lineNum="352" parent="globals/EmoticonRenderer" pc="268441621" symbol="&lt;globals/EmoticonRenderer/&lt;&gt;drawArcEyes&gt;"/>
        <entry filename="/Users/erdalgunes/garmin-jailbot/source/EmoticonSystem.mc" id="75" lineNum="353" parent="globals/EmoticonRenderer" pc="268441650" symbol="&lt;globals/EmoticonRenderer/&lt;&gt;drawArcEyes&gt;"/>
        <entry filename="/Users/erdalgunes/garmin-jailbot/source/EmoticonSystem.mc" id="76" lineNum="296" parent="globals/EmoticonRenderer" pc="268441680" symbol="&lt;globals/EmoticonRenderer/&lt;&gt;drawEyes&gt;"/>
        <entry filename="/Users/erdalgunes/garmin-jailbot/source/EmoticonSystem.mc" id="76" lineNum="297" parent="globals/EmoticonRenderer" pc="268441683" symbol="&lt;globals/EmoticonRenderer/&lt;&gt;drawEyes&gt;"/>
        <entry filename="/Users/erdalgunes/garmin-jailbot/source/EmoticonSystem.mc" id="76" lineNum="298" parent="globals/EmoticonRenderer" pc="268441694" symbol="&lt;globals/EmoticonRenderer/&lt;&gt;drawEyes&gt;"/>
        <entry filename="/Users/erdalgunes/garmin-jailbot/source/EmoticonSystem.mc" id="76" lineNum="299" parent="globals/EmoticonRenderer" pc="268441712" symbol="&lt;globals/EmoticonRenderer/&lt;&gt;drawEyes&gt;"/>
        <entry filename="/Users/erdalgunes/garmin-jailbot/source/EmoticonSystem.mc" id="76" lineNum="301" parent="globals/EmoticonRenderer" pc="268441723" symbol="&lt;globals/EmoticonRenderer/&lt;&gt;drawEyes&gt;"/>
        <entry filename="/Users/erdalgunes/garmin-jailbot/source/EmoticonSystem.mc" id="76" lineNum="303" parent="globals/EmoticonRenderer" pc="268441739" symbol="&lt;globals/EmoticonRenderer/&lt;&gt;drawEyes&gt;"/>
        <entry filename="/Users/erdalgunes/garmin-jailbot/source/EmoticonSystem.mc" id="76" lineNum="305" parent="globals/EmoticonRenderer" pc="268441783" symbol="&lt;globals/EmoticonRenderer/&lt;&gt;drawEyes&gt;"/>
        <entry filename="/Users/erdalgunes/garmin-jailbot/source/EmoticonSystem.mc" id="76" lineNum="306" parent="globals/EmoticonRenderer" pc="268441809" symbol="&lt;globals/EmoticonRenderer/&lt;&gt;drawEyes&gt;"/>
        <entry filename="/Users/erdalgunes/garmin-jailbot/source/EmoticonSystem.mc" id="76" lineNum="308" parent="globals/EmoticonRenderer" pc="268441838" symbol="&lt;globals/EmoticonRenderer/&lt;&gt;drawEyes&gt;"/>
        <entry filename="/Users/erdalgunes/garmin-jailbot/source/EmoticonSystem.mc" id="76" lineNum="310" parent="globals/EmoticonRenderer" pc="268441860" symbol="&lt;globals/EmoticonRenderer/&lt;&gt;drawEyes&gt;"/>
        <entry filename="/Users/erdalgunes/garmin-jailbot/source/EmoticonSystem.mc" id="76" lineNum="311" parent="globals/EmoticonRenderer" pc="268441870" symbol="&lt;globals/EmoticonRenderer/&lt;&gt;drawEyes&gt;"/>
        <entry filename="/Users/erdalgunes/garmin-jailbot/source/EmoticonSystem.mc" id="76" lineNum="312" parent="globals/EmoticonRenderer" pc="268441905" symbol="&lt;globals/EmoticonRenderer/&lt;&gt;drawEyes&gt;"/>
        <entry filename="/Users/erdalgunes/garmin-jailbot/source/EmoticonSystem.mc" id="76" lineNum="314" parent="globals/EmoticonRenderer" pc="268441934" symbol="&lt;globals/EmoticonRenderer/&lt;&gt;drawEyes&gt;"/>
        <entry filename="/Users/erdalgunes/garmin-jailbot/source/EmoticonSystem.mc" id="76" lineNum="316" parent="globals/EmoticonRenderer" pc="268441956" symbol="&lt;globals/EmoticonRenderer/&lt;&gt;drawEyes&gt;"/>
        <entry filename="/Users/erdalgunes/garmin-jailbot/source/EmoticonSystem.mc" id="76" lineNum="317" parent="globals/EmoticonRenderer" pc="268441966" symbol="&lt;globals/EmoticonRenderer/&lt;&gt;drawEyes&gt;"/>
        <entry filename="/Users/erdalgunes/garmin-jailbot/source/EmoticonSystem.mc" id="76" lineNum="318" parent="globals/EmoticonRenderer" pc="268442004" symbol="&lt;globals/EmoticonRenderer/&lt;&gt;drawEyes&gt;"/>
        <entry filename="/Users/erdalgunes/garmin-jailbot/source/EmoticonSystem.mc" id="76" lineNum="320" parent="globals/EmoticonRenderer" pc="268442045" symbol="&lt;globals/EmoticonRenderer/&lt;&gt;drawEyes&gt;"/>
        <entry filename="/Users/erdalgunes/garmin-jailbot/source/EmoticonSystem.mc" id="76" lineNum="322" parent="globals/EmoticonRenderer" pc="268442067" symbol="&lt;globals/EmoticonRenderer/&lt;&gt;drawEyes&gt;"/>
        <entry filename="/Users/erdalgunes/garmin-jailbot/source/EmoticonSystem.mc" id="76" lineNum="324" parent="globals/EmoticonRenderer" pc="268442091" symbol="&lt;globals/EmoticonRenderer/&lt;&gt;drawEyes&gt;"/>
        <entry filename="/Users/erdalgunes/garmin-jailbot/source/EmoticonSystem.mc" id="76" lineNum="326" parent="globals/EmoticonRenderer" pc="268442113" symbol="&lt;globals/EmoticonRenderer/&lt;&gt;drawEyes&gt;"/>
        <entry filename="/Users/erdalgunes/garmin-jailbot/source/EmoticonSystem.mc" id="76" lineNum="328" parent="globals/EmoticonRenderer" pc="268442138" symbol="&lt;globals/EmoticonRenderer/&lt;&gt;drawEyes&gt;"/>
        <entry filename="/Users/erdalgunes/garmin-jailbot/source/EmoticonSystem.mc" id="76" lineNum="330" parent="globals/EmoticonRenderer" pc="268442160" symbol="&lt;globals/EmoticonRenderer/&lt;&gt;drawEyes&gt;"/>
        <entry filename="/Users/erdalgunes/garmin-jailbot/source/EmoticonSystem.mc" id="77" lineNum="263" parent="globals/EmoticonRenderer" pc="268442185" symbol="initialize"/>
        <entry filename="/Users/erdalgunes/garmin-jailbot/source/EmoticonSystem.mc" id="77" lineNum="264" parent="globals/EmoticonRenderer" pc="268442187" symbol="initialize"/>
        <entry filename="/Users/erdalgunes/garmin-jailbot/source/EmoticonSystem.mc" id="78" lineNum="272" parent="globals/EmoticonRenderer" pc="268442213" symbol="drawExpression"/>
        <entry filename="/Users/erdalgunes/garmin-jailbot/source/EmoticonSystem.mc" id="78" lineNum="274" parent="globals/EmoticonRenderer" pc="268442216" symbol="drawExpression"/>
        <entry filename="/Users/erdalgunes/garmin-jailbot/source/EmoticonSystem.mc" id="78" lineNum="275" parent="globals/EmoticonRenderer" pc="268442223" symbol="drawExpression"/>
        <entry filename="/Users/erdalgunes/garmin-jailbot/source/EmoticonSystem.mc" id="78" lineNum="276" parent="globals/EmoticonRenderer" pc="268442230" symbol="drawExpression"/>
        <entry filename="/Users/erdalgunes/garmin-jailbot/source/EmoticonSystem.mc" id="78" lineNum="277" parent="globals/EmoticonRenderer" pc="268442240" symbol="drawExpression"/>
        <entry filename="/Users/erdalgunes/garmin-jailbot/source/EmoticonSystem.mc" id="78" lineNum="280" parent="globals/EmoticonRenderer" pc="268442247" symbol="drawExpression"/>
        <entry filename="/Users/erdalgunes/garmin-jailbot/source/EmoticonSystem.mc" id="78" lineNum="281" parent="globals/EmoticonRenderer" pc="268442257" symbol="drawExpression"/>
        <entry filename="/Users/erdalgunes/garmin-jailbot/source/EmoticonSystem.mc" id="78" lineNum="282" parent="globals/EmoticonRenderer" pc="268442277" symbol="drawExpression"/>
        <entry filename="/Users/erdalgunes/garmin-jailbot/source/EmoticonSystem.mc" id="78" lineNum="283" parent="globals/EmoticonRenderer" pc="268442284" symbol="drawExpression"/>
        <entry filename="/Users/erdalgunes/garmin-jailbot/source/EmoticonSystem.mc" id="78" lineNum="286" parent="globals/EmoticonRenderer" pc="268442291" symbol="drawExpression"/>
        <entry filename="/Users/erdalgunes/garmin-jailbot/source/EmoticonSystem.mc" id="78" lineNum="289" parent="globals/EmoticonRenderer" pc="268442314" symbol="drawExpression"/>
        <entry filename="/Users/erdalgunes/garmin-jailbot/source/EmoticonSystem.mc" id="78" lineNum="290" parent="globals/EmoticonRenderer" pc="268442324" symbol="drawExpression"/>
        <entry filename="/Users/erdalgunes/garmin-jailbot/source/EmoticonSystem.mc" id="78" lineNum="293" parent="globals/EmoticonRenderer" pc="268442345" symbol="drawExpression"/>
        <entry filename="/Users/erdalgunes/garmin-jailbot/source/EmoticonSystem.mc" id="79" lineNum="365" parent="globals/EmoticonRenderer" pc="268442365" symbol="&lt;globals/EmoticonRenderer/&lt;&gt;drawMouth&gt;"/>
        <entry filename="/Users/erdalgunes/garmin-jailbot/source/EmoticonSystem.mc" id="79" lineNum="366" parent="globals/EmoticonRenderer" pc="268442368" symbol="&lt;globals/EmoticonRenderer/&lt;&gt;drawMouth&gt;"/>
        <entry filename="/Users/erdalgunes/garmin-jailbot/source/EmoticonSystem.mc" id="79" lineNum="367" parent="globals/EmoticonRenderer" pc="268442379" symbol="&lt;globals/EmoticonRenderer/&lt;&gt;drawMouth&gt;"/>
        <entry filename="/Users/erdalgunes/garmin-jailbot/source/EmoticonSystem.mc" id="79" lineNum="368" parent="globals/EmoticonRenderer" pc="268442390" symbol="&lt;globals/EmoticonRenderer/&lt;&gt;drawMouth&gt;"/>
        <entry filename="/Users/erdalgunes/garmin-jailbot/source/EmoticonSystem.mc" id="79" lineNum="370" parent="globals/EmoticonRenderer" pc="268442401" symbol="&lt;globals/EmoticonRenderer/&lt;&gt;drawMouth&gt;"/>
        <entry filename="/Users/erdalgunes/garmin-jailbot/source/EmoticonSystem.mc" id="79" lineNum="372" parent="globals/EmoticonRenderer" pc="268442417" symbol="&lt;globals/EmoticonRenderer/&lt;&gt;drawMouth&gt;"/>
        <entry filename="/Users/erdalgunes/garmin-jailbot/source/EmoticonSystem.mc" id="79" lineNum="374" parent="globals/EmoticonRenderer" pc="268442439" symbol="&lt;globals/EmoticonRenderer/&lt;&gt;drawMouth&gt;"/>
        <entry filename="/Users/erdalgunes/garmin-jailbot/source/EmoticonSystem.mc" id="79" lineNum="376" parent="globals/EmoticonRenderer" pc="268442468" symbol="&lt;globals/EmoticonRenderer/&lt;&gt;drawMouth&gt;"/>
        <entry filename="/Users/erdalgunes/garmin-jailbot/source/EmoticonSystem.mc" id="79" lineNum="378" parent="globals/EmoticonRenderer" pc="268442490" symbol="&lt;globals/EmoticonRenderer/&lt;&gt;drawMouth&gt;"/>
        <entry filename="/Users/erdalgunes/garmin-jailbot/source/EmoticonSystem.mc" id="79" lineNum="380" parent="globals/EmoticonRenderer" pc="268442501" symbol="&lt;globals/EmoticonRenderer/&lt;&gt;drawMouth&gt;"/>
        <entry filename="/Users/erdalgunes/garmin-jailbot/source/EmoticonSystem.mc" id="79" lineNum="381" parent="globals/EmoticonRenderer" pc="268442511" symbol="&lt;globals/EmoticonRenderer/&lt;&gt;drawMouth&gt;"/>
        <entry filename="/Users/erdalgunes/garmin-jailbot/source/EmoticonSystem.mc" id="79" lineNum="382" parent="globals/EmoticonRenderer" pc="268442537" symbol="&lt;globals/EmoticonRenderer/&lt;&gt;drawMouth&gt;"/>
        <entry filename="/Users/erdalgunes/garmin-jailbot/source/EmoticonSystem.mc" id="79" lineNum="384" parent="globals/EmoticonRenderer" pc="268442548" symbol="&lt;globals/EmoticonRenderer/&lt;&gt;drawMouth&gt;"/>
        <entry filename="/Users/erdalgunes/garmin-jailbot/source/EmoticonSystem.mc" id="79" lineNum="385" parent="globals/EmoticonRenderer" pc="268442558" symbol="&lt;globals/EmoticonRenderer/&lt;&gt;drawMouth&gt;"/>
        <entry filename="/Users/erdalgunes/garmin-jailbot/source/EmoticonSystem.mc" id="79" lineNum="387" parent="globals/EmoticonRenderer" pc="268442584" symbol="&lt;globals/EmoticonRenderer/&lt;&gt;drawMouth&gt;"/>
        <entry filename="/Users/erdalgunes/garmin-jailbot/source/EmoticonSystem.mc" id="79" lineNum="389" parent="globals/EmoticonRenderer" pc="268442613" symbol="&lt;globals/EmoticonRenderer/&lt;&gt;drawMouth&gt;"/>
        <entry filename="/Users/erdalgunes/garmin-jailbot/source/EmoticonSystem.mc" id="79" lineNum="391" parent="globals/EmoticonRenderer" pc="268442635" symbol="&lt;globals/EmoticonRenderer/&lt;&gt;drawMouth&gt;"/>
        <entry filename="/Users/erdalgunes/garmin-jailbot/source/EmoticonSystem.mc" id="79" lineNum="392" parent="globals/EmoticonRenderer" pc="268442652" symbol="&lt;globals/EmoticonRenderer/&lt;&gt;drawMouth&gt;"/>
        <entry filename="/Users/erdalgunes/garmin-jailbot/source/EmoticonSystem.mc" id="79" lineNum="394" parent="globals/EmoticonRenderer" pc="268442681" symbol="&lt;globals/EmoticonRenderer/&lt;&gt;drawMouth&gt;"/>
        <entry filename="/Users/erdalgunes/garmin-jailbot/source/EmoticonSystem.mc" id="79" lineNum="396" parent="globals/EmoticonRenderer" pc="268442703" symbol="&lt;globals/EmoticonRenderer/&lt;&gt;drawMouth&gt;"/>
        <entry filename="/Users/erdalgunes/garmin-jailbot/source/EmoticonSystem.mc" id="79" lineNum="397" parent="globals/EmoticonRenderer" pc="268442713" symbol="&lt;globals/EmoticonRenderer/&lt;&gt;drawMouth&gt;"/>
        <entry filename="/Users/erdalgunes/garmin-jailbot/source/EmoticonSystem.mc" id="79" lineNum="398" parent="globals/EmoticonRenderer" pc="268442733" symbol="&lt;globals/EmoticonRenderer/&lt;&gt;drawMouth&gt;"/>
        <entry filename="/Users/erdalgunes/garmin-jailbot/source/EmoticonSystem.mc" id="79" lineNum="400" parent="globals/EmoticonRenderer" pc="268442765" symbol="&lt;globals/EmoticonRenderer/&lt;&gt;drawMouth&gt;"/>
        <entry filename="/Users/erdalgunes/garmin-jailbot/source/EmoticonSystem.mc" id="79" lineNum="402" parent="globals/EmoticonRenderer" pc="268442787" symbol="&lt;globals/EmoticonRenderer/&lt;&gt;drawMouth&gt;"/>
        <entry filename="/Users/erdalgunes/garmin-jailbot/source/EmoticonSystem.mc" id="79" lineNum="403" parent="globals/EmoticonRenderer" pc="268442797" symbol="&lt;globals/EmoticonRenderer/&lt;&gt;drawMouth&gt;"/>
        <entry filename="/Users/erdalgunes/garmin-jailbot/source/EmoticonSystem.mc" id="79" lineNum="405" parent="globals/EmoticonRenderer" pc="268442826" symbol="&lt;globals/EmoticonRenderer/&lt;&gt;drawMouth&gt;"/>
        <entry filename="/Users/erdalgunes/garmin-jailbot/source/EmoticonSystem.mc" id="79" lineNum="407" parent="globals/EmoticonRenderer" pc="268442848" symbol="&lt;globals/EmoticonRenderer/&lt;&gt;drawMouth&gt;"/>
        <entry filename="/Users/erdalgunes/garmin-jailbot/source/EmoticonSystem.mc" id="79" lineNum="408" parent="globals/EmoticonRenderer" pc="268442874" symbol="&lt;globals/EmoticonRenderer/&lt;&gt;drawMouth&gt;"/>
        <entry filename="/Users/erdalgunes/garmin-jailbot/source/EmoticonSystem.mc" id="79" lineNum="409" parent="globals/EmoticonRenderer" pc="268442883" symbol="&lt;globals/EmoticonRenderer/&lt;&gt;drawMouth&gt;"/>
        <entry filename="/Users/erdalgunes/garmin-jailbot/source/EmoticonSystem.mc" id="79" lineNum="410" parent="globals/EmoticonRenderer" pc="268442893" symbol="&lt;globals/EmoticonRenderer/&lt;&gt;drawMouth&gt;"/>
        <entry filename="/Users/erdalgunes/garmin-jailbot/source/EmoticonSystem.mc" id="79" lineNum="411" parent="globals/EmoticonRenderer" pc="268442907" symbol="&lt;globals/EmoticonRenderer/&lt;&gt;drawMouth&gt;"/>
        <entry filename="/Users/erdalgunes/garmin-jailbot/source/EmoticonSystem.mc" id="79" lineNum="412" parent="globals/EmoticonRenderer" pc="268442914" symbol="&lt;globals/EmoticonRenderer/&lt;&gt;drawMouth&gt;"/>
        <entry filename="/Users/erdalgunes/garmin-jailbot/source/EmoticonSystem.mc" id="80" lineNum="417" parent="globals/EmoticonRenderer" pc="268442950" symbol="&lt;globals/EmoticonRenderer/&lt;&gt;drawAccessories&gt;"/>
        <entry filename="/Users/erdalgunes/garmin-jailbot/source/EmoticonSystem.mc" id="80" lineNum="418" parent="globals/EmoticonRenderer" pc="268442953" symbol="&lt;globals/EmoticonRenderer/&lt;&gt;drawAccessories&gt;"/>
        <entry filename="/Users/erdalgunes/garmin-jailbot/source/EmoticonSystem.mc" id="80" lineNum="421" parent="globals/EmoticonRenderer" pc="268442969" symbol="&lt;globals/EmoticonRenderer/&lt;&gt;drawAccessories&gt;"/>
        <entry filename="/Users/erdalgunes/garmin-jailbot/source/EmoticonSystem.mc" id="80" lineNum="422" parent="globals/EmoticonRenderer" pc="268442978" symbol="&lt;globals/EmoticonRenderer/&lt;&gt;drawAccessories&gt;"/>
        <entry filename="/Users/erdalgunes/garmin-jailbot/source/EmoticonSystem.mc" id="80" lineNum="423" parent="globals/EmoticonRenderer" pc="268442989" symbol="&lt;globals/EmoticonRenderer/&lt;&gt;drawAccessories&gt;"/>
        <entry filename="/Users/erdalgunes/garmin-jailbot/source/EmoticonSystem.mc" id="80" lineNum="424" parent="globals/EmoticonRenderer" pc="268442999" symbol="&lt;globals/EmoticonRenderer/&lt;&gt;drawAccessories&gt;"/>
        <entry filename="/Users/erdalgunes/garmin-jailbot/source/EmoticonSystem.mc" id="80" lineNum="425" parent="globals/EmoticonRenderer" pc="268443009" symbol="&lt;globals/EmoticonRenderer/&lt;&gt;drawAccessories&gt;"/>
        <entry filename="/Users/erdalgunes/garmin-jailbot/source/EmoticonSystem.mc" id="80" lineNum="429" parent="globals/EmoticonRenderer" pc="268443041" symbol="&lt;globals/EmoticonRenderer/&lt;&gt;drawAccessories&gt;"/>
        <entry filename="/Users/erdalgunes/garmin-jailbot/source/EmoticonSystem.mc" id="80" lineNum="430" parent="globals/EmoticonRenderer" pc="268443050" symbol="&lt;globals/EmoticonRenderer/&lt;&gt;drawAccessories&gt;"/>
        <entry filename="/Users/erdalgunes/garmin-jailbot/source/EmoticonSystem.mc" id="80" lineNum="431" parent="globals/EmoticonRenderer" pc="268443067" symbol="&lt;globals/EmoticonRenderer/&lt;&gt;drawAccessories&gt;"/>
        <entry filename="/Users/erdalgunes/garmin-jailbot/source/EmoticonSystem.mc" id="80" lineNum="432" parent="globals/EmoticonRenderer" pc="268443077" symbol="&lt;globals/EmoticonRenderer/&lt;&gt;drawAccessories&gt;"/>
        <entry filename="/Users/erdalgunes/garmin-jailbot/source/EmoticonSystem.mc" id="80" lineNum="433" parent="globals/EmoticonRenderer" pc="268443112" symbol="&lt;globals/EmoticonRenderer/&lt;&gt;drawAccessories&gt;"/>
        <entry filename="/Users/erdalgunes/garmin-jailbot/source/MoodEngine.mc" id="81" lineNum="99" parent="globals/MoodEngine" pc="268443148" symbol="&lt;globals/MoodEngine/&lt;&gt;transitionToState&gt;"/>
        <entry filename="/Users/erdalgunes/garmin-jailbot/source/MoodEngine.mc" id="81" lineNum="101" parent="globals/MoodEngine" pc="268443151" symbol="&lt;globals/MoodEngine/&lt;&gt;transitionToState&gt;"/>
        <entry filename="/Users/erdalgunes/garmin-jailbot/source/MoodEngine.mc" id="81" lineNum="104" parent="globals/MoodEngine" pc="268443167" symbol="&lt;globals/MoodEngine/&lt;&gt;transitionToState&gt;"/>
        <entry filename="/Users/erdalgunes/garmin-jailbot/source/MoodEngine.mc" id="81" lineNum="107" parent="globals/MoodEngine" pc="268443179" symbol="&lt;globals/MoodEngine/&lt;&gt;transitionToState&gt;"/>
        <entry filename="/Users/erdalgunes/garmin-jailbot/source/MoodEngine.mc" id="81" lineNum="108" parent="globals/MoodEngine" pc="268443192" symbol="&lt;globals/MoodEngine/&lt;&gt;transitionToState&gt;"/>
        <entry filename="/Users/erdalgunes/garmin-jailbot/source/MoodEngine.mc" id="81" lineNum="109" parent="globals/MoodEngine" pc="268443210" symbol="&lt;globals/MoodEngine/&lt;&gt;transitionToState&gt;"/>
        <entry filename="/Users/erdalgunes/garmin-jailbot/source/MoodEngine.mc" id="81" lineNum="113" parent="globals/MoodEngine" pc="268443231" symbol="&lt;globals/MoodEngine/&lt;&gt;transitionToState&gt;"/>
        <entry filename="/Users/erdalgunes/garmin-jailbot/source/MoodEngine.mc" id="81" lineNum="116" parent="globals/MoodEngine" pc="268443240" symbol="&lt;globals/MoodEngine/&lt;&gt;transitionToState&gt;"/>
        <entry filename="/Users/erdalgunes/garmin-jailbot/source/MoodEngine.mc" id="81" lineNum="119" parent="globals/MoodEngine" pc="268443252" symbol="&lt;globals/MoodEngine/&lt;&gt;transitionToState&gt;"/>
        <entry filename="/Users/erdalgunes/garmin-jailbot/source/MoodEngine.mc" id="82" lineNum="42" parent="globals/MoodEngine" pc="268443288" symbol="update"/>
        <entry filename="/Users/erdalgunes/garmin-jailbot/source/MoodEngine.mc" id="82" lineNum="43" parent="globals/MoodEngine" pc="268443291" symbol="update"/>
        <entry filename="/Users/erdalgunes/garmin-jailbot/source/MoodEngine.mc" id="82" lineNum="44" parent="globals/MoodEngine" pc="268443313" symbol="update"/>
        <entry filename="/Users/erdalgunes/garmin-jailbot/source/MoodEngine.mc" id="82" lineNum="45" parent="globals/MoodEngine" pc="268443325" symbol="update"/>
        <entry filename="/Users/erdalgunes/garmin-jailbot/source/MoodEngine.mc" id="82" lineNum="46" parent="globals/MoodEngine" pc="268443335" symbol="update"/>
        <entry filename="/Users/erdalgunes/garmin-jailbot/source/MoodEngine.mc" id="82" lineNum="49" parent="globals/MoodEngine" pc="268443344" symbol="update"/>
        <entry filename="/Users/erdalgunes/garmin-jailbot/source/MoodEngine.mc" id="82" lineNum="52" parent="globals/MoodEngine" pc="268443355" symbol="update"/>
        <entry filename="/Users/erdalgunes/garmin-jailbot/source/MoodEngine.mc" id="82" lineNum="55" parent="globals/MoodEngine" pc="268443367" symbol="update"/>
        <entry filename="/Users/erdalgunes/garmin-jailbot/source/MoodEngine.mc" id="82" lineNum="56" parent="globals/MoodEngine" pc="268443389" symbol="update"/>
        <entry filename="/Users/erdalgunes/garmin-jailbot/source/MoodEngine.mc" id="82" lineNum="60" parent="globals/MoodEngine" pc="268443405" symbol="update"/>
        <entry filename="/Users/erdalgunes/garmin-jailbot/source/MoodEngine.mc" id="82" lineNum="63" parent="globals/MoodEngine" pc="268443436" symbol="update"/>
        <entry filename="/Users/erdalgunes/garmin-jailbot/source/MoodEngine.mc" id="82" lineNum="65" parent="globals/MoodEngine" pc="268443454" symbol="update"/>
        <entry filename="/Users/erdalgunes/garmin-jailbot/source/MoodEngine.mc" id="83" lineNum="122" parent="globals/MoodEngine" pc="268443465" symbol="&lt;globals/MoodEngine/&lt;&gt;getCooldownForState&gt;"/>
        <entry filename="/Users/erdalgunes/garmin-jailbot/source/MoodEngine.mc" id="83" lineNum="124" parent="globals/MoodEngine" pc="268443467" symbol="&lt;globals/MoodEngine/&lt;&gt;getCooldownForState&gt;"/>
        <entry filename="/Users/erdalgunes/garmin-jailbot/source/MoodEngine.mc" id="83" lineNum="124" parent="globals/MoodEngine" pc="268443484" symbol="&lt;globals/MoodEngine/&lt;&gt;getCooldownForState&gt;"/>
        <entry filename="/Users/erdalgunes/garmin-jailbot/source/MoodEngine.mc" id="83" lineNum="125" parent="globals/MoodEngine" pc="268443492" symbol="&lt;globals/MoodEngine/&lt;&gt;getCooldownForState&gt;"/>
        <entry filename="/Users/erdalgunes/garmin-jailbot/source/MoodEngine.mc" id="83" lineNum="125" parent="globals/MoodEngine" pc="268443509" symbol="&lt;globals/MoodEngine/&lt;&gt;getCooldownForState&gt;"/>
        <entry filename="/Users/erdalgunes/garmin-jailbot/source/MoodEngine.mc" id="83" lineNum="126" parent="globals/MoodEngine" pc="268443517" symbol="&lt;globals/MoodEngine/&lt;&gt;getCooldownForState&gt;"/>
        <entry filename="/Users/erdalgunes/garmin-jailbot/source/MoodEngine.mc" id="83" lineNum="126" parent="globals/MoodEngine" pc="268443534" symbol="&lt;globals/MoodEngine/&lt;&gt;getCooldownForState&gt;"/>
        <entry filename="/Users/erdalgunes/garmin-jailbot/source/MoodEngine.mc" id="83" lineNum="127" parent="globals/MoodEngine" pc="268443542" symbol="&lt;globals/MoodEngine/&lt;&gt;getCooldownForState&gt;"/>
        <entry filename="/Users/erdalgunes/garmin-jailbot/source/MoodEngine.mc" id="83" lineNum="127" parent="globals/MoodEngine" pc="268443559" symbol="&lt;globals/MoodEngine/&lt;&gt;getCooldownForState&gt;"/>
        <entry filename="/Users/erdalgunes/garmin-jailbot/source/MoodEngine.mc" id="83" lineNum="128" parent="globals/MoodEngine" pc="268443567" symbol="&lt;globals/MoodEngine/&lt;&gt;getCooldownForState&gt;"/>
        <entry filename="/Users/erdalgunes/garmin-jailbot/source/MoodEngine.mc" id="83" lineNum="128" parent="globals/MoodEngine" pc="268443584" symbol="&lt;globals/MoodEngine/&lt;&gt;getCooldownForState&gt;"/>
        <entry filename="/Users/erdalgunes/garmin-jailbot/source/MoodEngine.mc" id="83" lineNum="129" parent="globals/MoodEngine" pc="268443592" symbol="&lt;globals/MoodEngine/&lt;&gt;getCooldownForState&gt;"/>
        <entry filename="/Users/erdalgunes/garmin-jailbot/source/MoodEngine.mc" id="83" lineNum="129" parent="globals/MoodEngine" pc="268443609" symbol="&lt;globals/MoodEngine/&lt;&gt;getCooldownForState&gt;"/>
        <entry filename="/Users/erdalgunes/garmin-jailbot/source/MoodEngine.mc" id="83" lineNum="130" parent="globals/MoodEngine" pc="268443617" symbol="&lt;globals/MoodEngine/&lt;&gt;getCooldownForState&gt;"/>
        <entry filename="/Users/erdalgunes/garmin-jailbot/source/MoodEngine.mc" id="84" lineNum="146" parent="globals/MoodEngine" pc="268443622" symbol="&lt;globals/MoodEngine/&lt;&gt;getRenderData&gt;"/>
        <entry filename="/Users/erdalgunes/garmin-jailbot/source/MoodEngine.mc" id="84" lineNum="148" parent="globals/MoodEngine" pc="268443625" symbol="&lt;globals/MoodEngine/&lt;&gt;getRenderData&gt;"/>
        <entry filename="/Users/erdalgunes/garmin-jailbot/source/MoodEngine.mc" id="84" lineNum="149" parent="globals/MoodEngine" pc="268443642" symbol="&lt;globals/MoodEngine/&lt;&gt;getRenderData&gt;"/>
        <entry filename="/Users/erdalgunes/garmin-jailbot/source/MoodEngine.mc" id="84" lineNum="152" parent="globals/MoodEngine" pc="268443661" symbol="&lt;globals/MoodEngine/&lt;&gt;getRenderData&gt;"/>
        <entry filename="/Users/erdalgunes/garmin-jailbot/source/MoodEngine.mc" id="84" lineNum="157" parent="globals/MoodEngine" pc="268443707" symbol="&lt;globals/MoodEngine/&lt;&gt;getRenderData&gt;"/>
        <entry filename="/Users/erdalgunes/garmin-jailbot/source/MoodEngine.mc" id="84" lineNum="159" parent="globals/MoodEngine" pc="268443720" symbol="&lt;globals/MoodEngine/&lt;&gt;getRenderData&gt;"/>
        <entry filename="/Users/erdalgunes/garmin-jailbot/source/MoodEngine.mc" id="85" lineNum="133" parent="globals/MoodEngine" pc="268443796" symbol="&lt;globals/MoodEngine/&lt;&gt;updateCooldowns&gt;"/>
        <entry filename="/Users/erdalgunes/garmin-jailbot/source/MoodEngine.mc" id="85" lineNum="134" parent="globals/MoodEngine" pc="268443799" symbol="&lt;globals/MoodEngine/&lt;&gt;updateCooldowns&gt;"/>
        <entry filename="/Users/erdalgunes/garmin-jailbot/source/MoodEngine.mc" id="85" lineNum="135" parent="globals/MoodEngine" pc="268443812" symbol="&lt;globals/MoodEngine/&lt;&gt;updateCooldowns&gt;"/>
        <entry filename="/Users/erdalgunes/garmin-jailbot/source/MoodEngine.mc" id="85" lineNum="136" parent="globals/MoodEngine" pc="268443828" symbol="&lt;globals/MoodEngine/&lt;&gt;updateCooldowns&gt;"/>
        <entry filename="/Users/erdalgunes/garmin-jailbot/source/MoodEngine.mc" id="85" lineNum="137" parent="globals/MoodEngine" pc="268443835" symbol="&lt;globals/MoodEngine/&lt;&gt;updateCooldowns&gt;"/>
        <entry filename="/Users/erdalgunes/garmin-jailbot/source/MoodEngine.mc" id="85" lineNum="138" parent="globals/MoodEngine" pc="268443848" symbol="&lt;globals/MoodEngine/&lt;&gt;updateCooldowns&gt;"/>
        <entry filename="/Users/erdalgunes/garmin-jailbot/source/MoodEngine.mc" id="85" lineNum="139" parent="globals/MoodEngine" pc="268443864" symbol="&lt;globals/MoodEngine/&lt;&gt;updateCooldowns&gt;"/>
        <entry filename="/Users/erdalgunes/garmin-jailbot/source/MoodEngine.mc" id="85" lineNum="140" parent="globals/MoodEngine" pc="268443877" symbol="&lt;globals/MoodEngine/&lt;&gt;updateCooldowns&gt;"/>
        <entry filename="/Users/erdalgunes/garmin-jailbot/source/MoodEngine.mc" id="86" lineNum="16" parent="globals/MoodEngine" pc="268443903" symbol="initialize"/>
        <entry filename="/Users/erdalgunes/garmin-jailbot/source/MoodEngine.mc" id="86" lineNum="18" parent="globals/MoodEngine" pc="268443906" symbol="initialize"/>
        <entry filename="/Users/erdalgunes/garmin-jailbot/source/MoodEngine.mc" id="86" lineNum="28" parent="globals/MoodEngine" pc="268444064" symbol="initialize"/>
        <entry filename="/Users/erdalgunes/garmin-jailbot/source/MoodEngine.mc" id="86" lineNum="29" parent="globals/MoodEngine" pc="268444091" symbol="initialize"/>
        <entry filename="/Users/erdalgunes/garmin-jailbot/source/MoodEngine.mc" id="86" lineNum="30" parent="globals/MoodEngine" pc="268444116" symbol="initialize"/>
        <entry filename="/Users/erdalgunes/garmin-jailbot/source/MoodEngine.mc" id="86" lineNum="31" parent="globals/MoodEngine" pc="268444141" symbol="initialize"/>
        <entry filename="/Users/erdalgunes/garmin-jailbot/source/MoodEngine.mc" id="86" lineNum="32" parent="globals/MoodEngine" pc="268444166" symbol="initialize"/>
        <entry filename="/Users/erdalgunes/garmin-jailbot/source/MoodEngine.mc" id="86" lineNum="33" parent="globals/MoodEngine" pc="268444191" symbol="initialize"/>
        <entry filename="/Users/erdalgunes/garmin-jailbot/source/MoodEngine.mc" id="86" lineNum="34" parent="globals/MoodEngine" pc="268444208" symbol="initialize"/>
        <entry filename="/Users/erdalgunes/garmin-jailbot/source/MoodEngine.mc" id="86" lineNum="37" parent="globals/MoodEngine" pc="268444217" symbol="initialize"/>
        <entry filename="/Users/erdalgunes/garmin-jailbot/source/MoodEngine.mc" id="86" lineNum="38" parent="globals/MoodEngine" pc="268444237" symbol="initialize"/>
        <entry filename="/Users/erdalgunes/garmin-jailbot/source/MoodEngine.mc" id="87" lineNum="68" parent="globals/MoodEngine" pc="268444269" symbol="&lt;globals/MoodEngine/&lt;&gt;selectState&gt;"/>
        <entry filename="/Users/erdalgunes/garmin-jailbot/source/MoodEngine.mc" id="87" lineNum="69" parent="globals/MoodEngine" pc="268444272" symbol="&lt;globals/MoodEngine/&lt;&gt;selectState&gt;"/>
        <entry filename="/Users/erdalgunes/garmin-jailbot/source/MoodEngine.mc" id="87" lineNum="70" parent="globals/MoodEngine" pc="268444275" symbol="&lt;globals/MoodEngine/&lt;&gt;selectState&gt;"/>
        <entry filename="/Users/erdalgunes/garmin-jailbot/source/MoodEngine.mc" id="87" lineNum="73" parent="globals/MoodEngine" pc="268444282" symbol="&lt;globals/MoodEngine/&lt;&gt;selectState&gt;"/>
        <entry filename="/Users/erdalgunes/garmin-jailbot/source/MoodEngine.mc" id="87" lineNum="74" parent="globals/MoodEngine" pc="268444302" symbol="&lt;globals/MoodEngine/&lt;&gt;selectState&gt;"/>
        <entry filename="/Users/erdalgunes/garmin-jailbot/source/MoodEngine.mc" id="87" lineNum="75" parent="globals/MoodEngine" pc="268444312" symbol="&lt;globals/MoodEngine/&lt;&gt;selectState&gt;"/>
        <entry filename="/Users/erdalgunes/garmin-jailbot/source/MoodEngine.mc" id="87" lineNum="78" parent="globals/MoodEngine" pc="268444321" symbol="&lt;globals/MoodEngine/&lt;&gt;selectState&gt;"/>
        <entry filename="/Users/erdalgunes/garmin-jailbot/source/MoodEngine.mc" id="87" lineNum="79" parent="globals/MoodEngine" pc="268444334" symbol="&lt;globals/MoodEngine/&lt;&gt;selectState&gt;"/>
        <entry filename="/Users/erdalgunes/garmin-jailbot/source/MoodEngine.mc" id="87" lineNum="82" parent="globals/MoodEngine" pc="268444340" symbol="&lt;globals/MoodEngine/&lt;&gt;selectState&gt;"/>
        <entry filename="/Users/erdalgunes/garmin-jailbot/source/MoodEngine.mc" id="87" lineNum="85" parent="globals/MoodEngine" pc="268444353" symbol="&lt;globals/MoodEngine/&lt;&gt;selectState&gt;"/>
        <entry filename="/Users/erdalgunes/garmin-jailbot/source/MoodEngine.mc" id="87" lineNum="86" parent="globals/MoodEngine" pc="268444376" symbol="&lt;globals/MoodEngine/&lt;&gt;selectState&gt;"/>
        <entry filename="/Users/erdalgunes/garmin-jailbot/source/MoodEngine.mc" id="87" lineNum="90" parent="globals/MoodEngine" pc="268444389" symbol="&lt;globals/MoodEngine/&lt;&gt;selectState&gt;"/>
        <entry filename="/Users/erdalgunes/garmin-jailbot/source/MoodEngine.mc" id="87" lineNum="91" parent="globals/MoodEngine" pc="268444411" symbol="&lt;globals/MoodEngine/&lt;&gt;selectState&gt;"/>
        <entry filename="/Users/erdalgunes/garmin-jailbot/source/MoodEngine.mc" id="87" lineNum="92" parent="globals/MoodEngine" pc="268444415" symbol="&lt;globals/MoodEngine/&lt;&gt;selectState&gt;"/>
        <entry filename="/Users/erdalgunes/garmin-jailbot/source/MoodEngine.mc" id="87" lineNum="96" parent="globals/MoodEngine" pc="268444432" symbol="&lt;globals/MoodEngine/&lt;&gt;selectState&gt;"/>
        <entry filename="/Users/erdalgunes/garmin-jailbot/source/MoodSystem.mc" id="88" lineNum="292" parent="globals/FocusedState" pc="268444464" symbol="score"/>
        <entry filename="/Users/erdalgunes/garmin-jailbot/source/MoodSystem.mc" id="88" lineNum="293" parent="globals/FocusedState" pc="268444466" symbol="score"/>
        <entry filename="/Users/erdalgunes/garmin-jailbot/source/MoodSystem.mc" id="88" lineNum="293" parent="globals/FocusedState" pc="268444490" symbol="score"/>
        <entry filename="/Users/erdalgunes/garmin-jailbot/source/MoodSystem.mc" id="88" lineNum="294" parent="globals/FocusedState" pc="268444499" symbol="score"/>
        <entry filename="/Users/erdalgunes/garmin-jailbot/source/MoodSystem.mc" id="89" lineNum="307" parent="globals/FocusedState" pc="268444501" symbol="getExpression"/>
        <entry filename="/Users/erdalgunes/garmin-jailbot/source/MoodSystem.mc" id="89" lineNum="308" parent="globals/FocusedState" pc="268444503" symbol="getExpression"/>
        <entry filename="/Users/erdalgunes/garmin-jailbot/source/MoodSystem.mc" id="90" lineNum="297" parent="globals/FocusedState" pc="268444588" symbol="blinkProfile"/>
        <entry filename="/Users/erdalgunes/garmin-jailbot/source/MoodSystem.mc" id="90" lineNum="298" parent="globals/FocusedState" pc="268444590" symbol="blinkProfile"/>
        <entry filename="/Users/erdalgunes/garmin-jailbot/source/MoodSystem.mc" id="91" lineNum="320" parent="globals/FocusedState" pc="268444644" symbol="getEmoticon"/>
        <entry filename="/Users/erdalgunes/garmin-jailbot/source/MoodSystem.mc" id="91" lineNum="321" parent="globals/FocusedState" pc="268444646" symbol="getEmoticon"/>
        <entry filename="/Users/erdalgunes/garmin-jailbot/source/MoodSystem.mc" id="92" lineNum="290" parent="globals/FocusedState" pc="268444652" symbol="id"/>
        <entry filename="/Users/erdalgunes/garmin-jailbot/source/MoodSystem.mc" id="92" lineNum="290" parent="globals/FocusedState" pc="268444654" symbol="id"/>
        <entry filename="/Users/erdalgunes/garmin-jailbot/source/MoodSystem.mc" id="94" lineNum="103" parent="globals/MoodContext" pc="268444660" symbol="&lt;globals/MoodContext/&lt;&gt;clamp01&gt;"/>
        <entry filename="/Users/erdalgunes/garmin-jailbot/source/MoodSystem.mc" id="94" lineNum="104" parent="globals/MoodContext" pc="268444662" symbol="&lt;globals/MoodContext/&lt;&gt;clamp01&gt;"/>
        <entry filename="/Users/erdalgunes/garmin-jailbot/source/MoodSystem.mc" id="94" lineNum="104" parent="globals/MoodContext" pc="268444669" symbol="&lt;globals/MoodContext/&lt;&gt;clamp01&gt;"/>
        <entry filename="/Users/erdalgunes/garmin-jailbot/source/MoodSystem.mc" id="94" lineNum="105" parent="globals/MoodContext" pc="268444674" symbol="&lt;globals/MoodContext/&lt;&gt;clamp01&gt;"/>
        <entry filename="/Users/erdalgunes/garmin-jailbot/source/MoodSystem.mc" id="94" lineNum="105" parent="globals/MoodContext" pc="268444682" symbol="&lt;globals/MoodContext/&lt;&gt;clamp01&gt;"/>
        <entry filename="/Users/erdalgunes/garmin-jailbot/source/MoodSystem.mc" id="94" lineNum="106" parent="globals/MoodContext" pc="268444691" symbol="&lt;globals/MoodContext/&lt;&gt;clamp01&gt;"/>
        <entry filename="/Users/erdalgunes/garmin-jailbot/source/MoodSystem.mc" id="95" lineNum="109" parent="globals/MoodContext" pc="268444699" symbol="&lt;globals/MoodContext/&lt;&gt;getTimeAdjustedGoal&gt;"/>
        <entry filename="/Users/erdalgunes/garmin-jailbot/source/MoodSystem.mc" id="95" lineNum="110" parent="globals/MoodContext" pc="268444702" symbol="&lt;globals/MoodContext/&lt;&gt;getTimeAdjustedGoal&gt;"/>
        <entry filename="/Users/erdalgunes/garmin-jailbot/source/MoodSystem.mc" id="95" lineNum="111" parent="globals/MoodContext" pc="268444714" symbol="&lt;globals/MoodContext/&lt;&gt;getTimeAdjustedGoal&gt;"/>
        <entry filename="/Users/erdalgunes/garmin-jailbot/source/MoodSystem.mc" id="95" lineNum="114" parent="globals/MoodContext" pc="268444722" symbol="&lt;globals/MoodContext/&lt;&gt;getTimeAdjustedGoal&gt;"/>
        <entry filename="/Users/erdalgunes/garmin-jailbot/source/MoodSystem.mc" id="95" lineNum="115" parent="globals/MoodContext" pc="268444730" symbol="&lt;globals/MoodContext/&lt;&gt;getTimeAdjustedGoal&gt;"/>
        <entry filename="/Users/erdalgunes/garmin-jailbot/source/MoodSystem.mc" id="95" lineNum="117" parent="globals/MoodContext" pc="268444742" symbol="&lt;globals/MoodContext/&lt;&gt;getTimeAdjustedGoal&gt;"/>
        <entry filename="/Users/erdalgunes/garmin-jailbot/source/MoodSystem.mc" id="96" lineNum="81" parent="globals/MoodContext" pc="268444745" symbol="initialize"/>
        <entry filename="/Users/erdalgunes/garmin-jailbot/source/MoodSystem.mc" id="96" lineNum="82" parent="globals/MoodContext" pc="268444748" symbol="initialize"/>
        <entry filename="/Users/erdalgunes/garmin-jailbot/source/MoodSystem.mc" id="96" lineNum="83" parent="globals/MoodContext" pc="268444777" symbol="initialize"/>
        <entry filename="/Users/erdalgunes/garmin-jailbot/source/MoodSystem.mc" id="96" lineNum="85" parent="globals/MoodContext" pc="268444806" symbol="initialize"/>
        <entry filename="/Users/erdalgunes/garmin-jailbot/source/MoodSystem.mc" id="96" lineNum="86" parent="globals/MoodContext" pc="268444835" symbol="initialize"/>
        <entry filename="/Users/erdalgunes/garmin-jailbot/source/MoodSystem.mc" id="96" lineNum="87" parent="globals/MoodContext" pc="268444847" symbol="initialize"/>
        <entry filename="/Users/erdalgunes/garmin-jailbot/source/MoodSystem.mc" id="96" lineNum="89" parent="globals/MoodContext" pc="268444871" symbol="initialize"/>
        <entry filename="/Users/erdalgunes/garmin-jailbot/source/MoodSystem.mc" id="96" lineNum="90" parent="globals/MoodContext" pc="268444895" symbol="initialize"/>
        <entry filename="/Users/erdalgunes/garmin-jailbot/source/MoodSystem.mc" id="96" lineNum="91" parent="globals/MoodContext" pc="268444910" symbol="initialize"/>
        <entry filename="/Users/erdalgunes/garmin-jailbot/source/MoodSystem.mc" id="96" lineNum="92" parent="globals/MoodContext" pc="268444925" symbol="initialize"/>
        <entry filename="/Users/erdalgunes/garmin-jailbot/source/MoodSystem.mc" id="96" lineNum="93" parent="globals/MoodContext" pc="268444940" symbol="initialize"/>
        <entry filename="/Users/erdalgunes/garmin-jailbot/source/MoodSystem.mc" id="96" lineNum="94" parent="globals/MoodContext" pc="268444955" symbol="initialize"/>
        <entry filename="/Users/erdalgunes/garmin-jailbot/source/MoodSystem.mc" id="96" lineNum="97" parent="globals/MoodContext" pc="268444970" symbol="initialize"/>
        <entry filename="/Users/erdalgunes/garmin-jailbot/source/MoodSystem.mc" id="96" lineNum="98" parent="globals/MoodContext" pc="268444999" symbol="initialize"/>
        <entry filename="/Users/erdalgunes/garmin-jailbot/source/MoodSystem.mc" id="96" lineNum="100" parent="globals/MoodContext" pc="268445059" symbol="initialize"/>
        <entry filename="/Users/erdalgunes/garmin-jailbot/source/MoodSystem.mc" id="97" lineNum="328" parent="globals/ChargedState" pc="268445104" symbol="score"/>
        <entry filename="/Users/erdalgunes/garmin-jailbot/source/MoodSystem.mc" id="97" lineNum="329" parent="globals/ChargedState" pc="268445106" symbol="score"/>
        <entry filename="/Users/erdalgunes/garmin-jailbot/source/MoodSystem.mc" id="97" lineNum="330" parent="globals/ChargedState" pc="268445151" symbol="score"/>
        <entry filename="/Users/erdalgunes/garmin-jailbot/source/MoodSystem.mc" id="97" lineNum="332" parent="globals/ChargedState" pc="268445160" symbol="score"/>
        <entry filename="/Users/erdalgunes/garmin-jailbot/source/MoodSystem.mc" id="98" lineNum="345" parent="globals/ChargedState" pc="268445162" symbol="getExpression"/>
        <entry filename="/Users/erdalgunes/garmin-jailbot/source/MoodSystem.mc" id="98" lineNum="346" parent="globals/ChargedState" pc="268445164" symbol="getExpression"/>
        <entry filename="/Users/erdalgunes/garmin-jailbot/source/MoodSystem.mc" id="99" lineNum="335" parent="globals/ChargedState" pc="268445253" symbol="blinkProfile"/>
        <entry filename="/Users/erdalgunes/garmin-jailbot/source/MoodSystem.mc" id="99" lineNum="336" parent="globals/ChargedState" pc="268445255" symbol="blinkProfile"/>
        <entry filename="/Users/erdalgunes/garmin-jailbot/source/MoodSystem.mc" id="100" lineNum="358" parent="globals/ChargedState" pc="268445313" symbol="getEmoticon"/>
        <entry filename="/Users/erdalgunes/garmin-jailbot/source/MoodSystem.mc" id="100" lineNum="359" parent="globals/ChargedState" pc="268445315" symbol="getEmoticon"/>
        <entry filename="/Users/erdalgunes/garmin-jailbot/source/MoodSystem.mc" id="101" lineNum="326" parent="globals/ChargedState" pc="268445321" symbol="id"/>
        <entry filename="/Users/erdalgunes/garmin-jailbot/source/MoodSystem.mc" id="101" lineNum="326" parent="globals/ChargedState" pc="268445323" symbol="id"/>
        <entry filename="/Users/erdalgunes/garmin-jailbot/source/HealthDataProvider.mc" id="103" lineNum="204" parent="globals/HealthDataProvider" pc="268445329" symbol="&lt;globals/HealthDataProvider/&lt;&gt;wasActiveRecently&gt;"/>
        <entry filename="/Users/erdalgunes/garmin-jailbot/source/HealthDataProvider.mc" id="103" lineNum="207" parent="globals/HealthDataProvider" pc="268445331" symbol="&lt;globals/HealthDataProvider/&lt;&gt;wasActiveRecently&gt;"/>
        <entry filename="/Users/erdalgunes/garmin-jailbot/source/HealthDataProvider.mc" id="104" lineNum="210" parent="globals/HealthDataProvider" pc="268445333" symbol="&lt;globals/HealthDataProvider/&lt;&gt;estimateSleepQuality&gt;"/>
        <entry filename="/Users/erdalgunes/garmin-jailbot/source/HealthDataProvider.mc" id="104" lineNum="211" parent="globals/HealthDataProvider" pc="268445336" symbol="&lt;globals/HealthDataProvider/&lt;&gt;estimateSleepQuality&gt;"/>
        <entry filename="/Users/erdalgunes/garmin-jailbot/source/HealthDataProvider.mc" id="104" lineNum="215" parent="globals/HealthDataProvider" pc="268445343" symbol="&lt;globals/HealthDataProvider/&lt;&gt;estimateSleepQuality&gt;"/>
        <entry filename="/Users/erdalgunes/garmin-jailbot/source/HealthDataProvider.mc" id="104" lineNum="216" parent="globals/HealthDataProvider" pc="268445355" symbol="&lt;globals/HealthDataProvider/&lt;&gt;estimateSleepQuality&gt;"/>
        <entry filename="/Users/erdalgunes/garmin-jailbot/source/HealthDataProvider.mc" id="104" lineNum="219" parent="globals/HealthDataProvider" pc="268445363" symbol="&lt;globals/HealthDataProvider/&lt;&gt;estimateSleepQuality&gt;"/>
        <entry filename="/Users/erdalgunes/garmin-jailbot/source/HealthDataProvider.mc" id="104" lineNum="220" parent="globals/HealthDataProvider" pc="268445379" symbol="&lt;globals/HealthDataProvider/&lt;&gt;estimateSleepQuality&gt;"/>
        <entry filename="/Users/erdalgunes/garmin-jailbot/source/HealthDataProvider.mc" id="104" lineNum="221" parent="globals/HealthDataProvider" pc="268445387" symbol="&lt;globals/HealthDataProvider/&lt;&gt;estimateSleepQuality&gt;"/>
        <entry filename="/Users/erdalgunes/garmin-jailbot/source/HealthDataProvider.mc" id="104" lineNum="224" parent="globals/HealthDataProvider" pc="268445400" symbol="&lt;globals/HealthDataProvider/&lt;&gt;estimateSleepQuality&gt;"/>
        <entry filename="/Users/erdalgunes/garmin-jailbot/source/HealthDataProvider.mc" id="104" lineNum="227" parent="globals/HealthDataProvider" pc="268445413" symbol="&lt;globals/HealthDataProvider/&lt;&gt;estimateSleepQuality&gt;"/>
        <entry filename="/Users/erdalgunes/garmin-jailbot/source/HealthDataProvider.mc" id="104" lineNum="228" parent="globals/HealthDataProvider" pc="268445417" symbol="&lt;globals/HealthDataProvider/&lt;&gt;estimateSleepQuality&gt;"/>
        <entry filename="/Users/erdalgunes/garmin-jailbot/source/HealthDataProvider.mc" id="104" lineNum="231" parent="globals/HealthDataProvider" pc="268445455" symbol="&lt;globals/HealthDataProvider/&lt;&gt;estimateSleepQuality&gt;"/>
        <entry filename="/Users/erdalgunes/garmin-jailbot/source/HealthDataProvider.mc" id="105" lineNum="168" parent="globals/HealthDataProvider" pc="268445458" symbol="&lt;globals/HealthDataProvider/&lt;&gt;getActivityStatus&gt;"/>
        <entry filename="/Users/erdalgunes/garmin-jailbot/source/HealthDataProvider.mc" id="105" lineNum="169" parent="globals/HealthDataProvider" pc="268445461" symbol="&lt;globals/HealthDataProvider/&lt;&gt;getActivityStatus&gt;"/>
        <entry filename="/Users/erdalgunes/garmin-jailbot/source/HealthDataProvider.mc" id="105" lineNum="170" parent="globals/HealthDataProvider" pc="268445464" symbol="&lt;globals/HealthDataProvider/&lt;&gt;getActivityStatus&gt;"/>
        <entry filename="/Users/erdalgunes/garmin-jailbot/source/HealthDataProvider.mc" id="105" lineNum="176" parent="globals/HealthDataProvider" pc="268445467" symbol="&lt;globals/HealthDataProvider/&lt;&gt;getActivityStatus&gt;"/>
        <entry filename="/Users/erdalgunes/garmin-jailbot/source/HealthDataProvider.mc" id="105" lineNum="177" parent="globals/HealthDataProvider" pc="268445475" symbol="&lt;globals/HealthDataProvider/&lt;&gt;getActivityStatus&gt;"/>
        <entry filename="/Users/erdalgunes/garmin-jailbot/source/HealthDataProvider.mc" id="105" lineNum="180" parent="globals/HealthDataProvider" pc="268445494" symbol="&lt;globals/HealthDataProvider/&lt;&gt;getActivityStatus&gt;"/>
        <entry filename="/Users/erdalgunes/garmin-jailbot/source/HealthDataProvider.mc" id="105" lineNum="183" parent="globals/HealthDataProvider" pc="268445501" symbol="&lt;globals/HealthDataProvider/&lt;&gt;getActivityStatus&gt;"/>
        <entry filename="/Users/erdalgunes/garmin-jailbot/source/HealthDataProvider.mc" id="105" lineNum="184" parent="globals/HealthDataProvider" pc="268445513" symbol="&lt;globals/HealthDataProvider/&lt;&gt;getActivityStatus&gt;"/>
        <entry filename="/Users/erdalgunes/garmin-jailbot/source/HealthDataProvider.mc" id="105" lineNum="185" parent="globals/HealthDataProvider" pc="268445523" symbol="&lt;globals/HealthDataProvider/&lt;&gt;getActivityStatus&gt;"/>
        <entry filename="/Users/erdalgunes/garmin-jailbot/source/HealthDataProvider.mc" id="105" lineNum="186" parent="globals/HealthDataProvider" pc="268445533" symbol="&lt;globals/HealthDataProvider/&lt;&gt;getActivityStatus&gt;"/>
        <entry filename="/Users/erdalgunes/garmin-jailbot/source/HealthDataProvider.mc" id="105" lineNum="190" parent="globals/HealthDataProvider" pc="268445545" symbol="&lt;globals/HealthDataProvider/&lt;&gt;getActivityStatus&gt;"/>
        <entry filename="/Users/erdalgunes/garmin-jailbot/source/HealthDataProvider.mc" id="105" lineNum="191" parent="globals/HealthDataProvider" pc="268445560" symbol="&lt;globals/HealthDataProvider/&lt;&gt;getActivityStatus&gt;"/>
        <entry filename="/Users/erdalgunes/garmin-jailbot/source/HealthDataProvider.mc" id="105" lineNum="194" parent="globals/HealthDataProvider" pc="268445578" symbol="&lt;globals/HealthDataProvider/&lt;&gt;getActivityStatus&gt;"/>
        <entry filename="/Users/erdalgunes/garmin-jailbot/source/HealthDataProvider.mc" id="105" lineNum="195" parent="globals/HealthDataProvider" pc="268445582" symbol="&lt;globals/HealthDataProvider/&lt;&gt;getActivityStatus&gt;"/>
        <entry filename="/Users/erdalgunes/garmin-jailbot/source/HealthDataProvider.mc" id="105" lineNum="198" parent="globals/HealthDataProvider" pc="268445620" symbol="&lt;globals/HealthDataProvider/&lt;&gt;getActivityStatus&gt;"/>
        <entry filename="/Users/erdalgunes/garmin-jailbot/source/HealthDataProvider.mc" id="106" lineNum="234" parent="globals/HealthDataProvider" pc="268445642" symbol="&lt;globals/HealthDataProvider/&lt;&gt;detectAchievements&gt;"/>
        <entry filename="/Users/erdalgunes/garmin-jailbot/source/HealthDataProvider.mc" id="106" lineNum="235" parent="globals/HealthDataProvider" pc="268445645" symbol="&lt;globals/HealthDataProvider/&lt;&gt;detectAchievements&gt;"/>
        <entry filename="/Users/erdalgunes/garmin-jailbot/source/HealthDataProvider.mc" id="106" lineNum="238" parent="globals/HealthDataProvider" pc="268445648" symbol="&lt;globals/HealthDataProvider/&lt;&gt;detectAchievements&gt;"/>
        <entry filename="/Users/erdalgunes/garmin-jailbot/source/HealthDataProvider.mc" id="106" lineNum="239" parent="globals/HealthDataProvider" pc="268445671" symbol="&lt;globals/HealthDataProvider/&lt;&gt;detectAchievements&gt;"/>
        <entry filename="/Users/erdalgunes/garmin-jailbot/source/HealthDataProvider.mc" id="106" lineNum="240" parent="globals/HealthDataProvider" pc="268445674" symbol="&lt;globals/HealthDataProvider/&lt;&gt;detectAchievements&gt;"/>
        <entry filename="/Users/erdalgunes/garmin-jailbot/source/HealthDataProvider.mc" id="106" lineNum="241" parent="globals/HealthDataProvider" pc="268445686" symbol="&lt;globals/HealthDataProvider/&lt;&gt;detectAchievements&gt;"/>
        <entry filename="/Users/erdalgunes/garmin-jailbot/source/HealthDataProvider.mc" id="106" lineNum="245" parent="globals/HealthDataProvider" pc="268445707" symbol="&lt;globals/HealthDataProvider/&lt;&gt;detectAchievements&gt;"/>
        <entry filename="/Users/erdalgunes/garmin-jailbot/source/HealthDataProvider.mc" id="106" lineNum="246" parent="globals/HealthDataProvider" pc="268445724" symbol="&lt;globals/HealthDataProvider/&lt;&gt;detectAchievements&gt;"/>
        <entry filename="/Users/erdalgunes/garmin-jailbot/source/HealthDataProvider.mc" id="106" lineNum="249" parent="globals/HealthDataProvider" pc="268445739" symbol="&lt;globals/HealthDataProvider/&lt;&gt;detectAchievements&gt;"/>
        <entry filename="/Users/erdalgunes/garmin-jailbot/source/HealthDataProvider.mc" id="106" lineNum="251" parent="globals/HealthDataProvider" pc="268445752" symbol="&lt;globals/HealthDataProvider/&lt;&gt;detectAchievements&gt;"/>
        <entry filename="/Users/erdalgunes/garmin-jailbot/source/HealthDataProvider.mc" id="107" lineNum="85" parent="globals/HealthDataProvider" pc="268445755" symbol="&lt;globals/HealthDataProvider/&lt;&gt;getStressLevel&gt;"/>
        <entry filename="/Users/erdalgunes/garmin-jailbot/source/HealthDataProvider.mc" id="107" lineNum="88" parent="globals/HealthDataProvider" pc="268445758" symbol="&lt;globals/HealthDataProvider/&lt;&gt;getStressLevel&gt;"/>
        <entry filename="/Users/erdalgunes/garmin-jailbot/source/HealthDataProvider.mc" id="107" lineNum="89" parent="globals/HealthDataProvider" pc="268445766" symbol="&lt;globals/HealthDataProvider/&lt;&gt;getStressLevel&gt;"/>
        <entry filename="/Users/erdalgunes/garmin-jailbot/source/HealthDataProvider.mc" id="108" lineNum="144" parent="globals/HealthDataProvider" pc="268445769" symbol="&lt;globals/HealthDataProvider/&lt;&gt;estimateBodyBattery&gt;"/>
        <entry filename="/Users/erdalgunes/garmin-jailbot/source/HealthDataProvider.mc" id="108" lineNum="146" parent="globals/HealthDataProvider" pc="268445772" symbol="&lt;globals/HealthDataProvider/&lt;&gt;estimateBodyBattery&gt;"/>
        <entry filename="/Users/erdalgunes/garmin-jailbot/source/HealthDataProvider.mc" id="108" lineNum="147" parent="globals/HealthDataProvider" pc="268445784" symbol="&lt;globals/HealthDataProvider/&lt;&gt;estimateBodyBattery&gt;"/>
        <entry filename="/Users/erdalgunes/garmin-jailbot/source/HealthDataProvider.mc" id="108" lineNum="150" parent="globals/HealthDataProvider" pc="268445792" symbol="&lt;globals/HealthDataProvider/&lt;&gt;estimateBodyBattery&gt;"/>
        <entry filename="/Users/erdalgunes/garmin-jailbot/source/HealthDataProvider.mc" id="108" lineNum="153" parent="globals/HealthDataProvider" pc="268445805" symbol="&lt;globals/HealthDataProvider/&lt;&gt;estimateBodyBattery&gt;"/>
        <entry filename="/Users/erdalgunes/garmin-jailbot/source/HealthDataProvider.mc" id="108" lineNum="154" parent="globals/HealthDataProvider" pc="268445817" symbol="&lt;globals/HealthDataProvider/&lt;&gt;estimateBodyBattery&gt;"/>
        <entry filename="/Users/erdalgunes/garmin-jailbot/source/HealthDataProvider.mc" id="108" lineNum="155" parent="globals/HealthDataProvider" pc="268445839" symbol="&lt;globals/HealthDataProvider/&lt;&gt;estimateBodyBattery&gt;"/>
        <entry filename="/Users/erdalgunes/garmin-jailbot/source/HealthDataProvider.mc" id="108" lineNum="157" parent="globals/HealthDataProvider" pc="268445863" symbol="&lt;globals/HealthDataProvider/&lt;&gt;estimateBodyBattery&gt;"/>
        <entry filename="/Users/erdalgunes/garmin-jailbot/source/HealthDataProvider.mc" id="108" lineNum="158" parent="globals/HealthDataProvider" pc="268445866" symbol="&lt;globals/HealthDataProvider/&lt;&gt;estimateBodyBattery&gt;"/>
        <entry filename="/Users/erdalgunes/garmin-jailbot/source/HealthDataProvider.mc" id="108" lineNum="159" parent="globals/HealthDataProvider" pc="268445880" symbol="&lt;globals/HealthDataProvider/&lt;&gt;estimateBodyBattery&gt;"/>
        <entry filename="/Users/erdalgunes/garmin-jailbot/source/HealthDataProvider.mc" id="108" lineNum="160" parent="globals/HealthDataProvider" pc="268445887" symbol="&lt;globals/HealthDataProvider/&lt;&gt;estimateBodyBattery&gt;"/>
        <entry filename="/Users/erdalgunes/garmin-jailbot/source/HealthDataProvider.mc" id="108" lineNum="161" parent="globals/HealthDataProvider" pc="268445901" symbol="&lt;globals/HealthDataProvider/&lt;&gt;estimateBodyBattery&gt;"/>
        <entry filename="/Users/erdalgunes/garmin-jailbot/source/HealthDataProvider.mc" id="108" lineNum="164" parent="globals/HealthDataProvider" pc="268445908" symbol="&lt;globals/HealthDataProvider/&lt;&gt;estimateBodyBattery&gt;"/>
        <entry filename="/Users/erdalgunes/garmin-jailbot/source/HealthDataProvider.mc" id="108" lineNum="165" parent="globals/HealthDataProvider" pc="268445915" symbol="&lt;globals/HealthDataProvider/&lt;&gt;estimateBodyBattery&gt;"/>
        <entry filename="/Users/erdalgunes/garmin-jailbot/source/HealthDataProvider.mc" id="109" lineNum="273" parent="globals/HealthDataProvider" pc="268445942" symbol="updateRestingHRBaseline"/>
        <entry filename="/Users/erdalgunes/garmin-jailbot/source/HealthDataProvider.mc" id="109" lineNum="274" parent="globals/HealthDataProvider" pc="268445945" symbol="updateRestingHRBaseline"/>
        <entry filename="/Users/erdalgunes/garmin-jailbot/source/HealthDataProvider.mc" id="109" lineNum="276" parent="globals/HealthDataProvider" pc="268445966" symbol="updateRestingHRBaseline"/>
        <entry filename="/Users/erdalgunes/garmin-jailbot/source/HealthDataProvider.mc" id="109" lineNum="277" parent="globals/HealthDataProvider" pc="268445973" symbol="updateRestingHRBaseline"/>
        <entry filename="/Users/erdalgunes/garmin-jailbot/source/HealthDataProvider.mc" id="110" lineNum="109" parent="globals/HealthDataProvider" pc="268446004" symbol="&lt;globals/HealthDataProvider/&lt;&gt;estimateStressFromActivity&gt;"/>
        <entry filename="/Users/erdalgunes/garmin-jailbot/source/HealthDataProvider.mc" id="110" lineNum="110" parent="globals/HealthDataProvider" pc="268446007" symbol="&lt;globals/HealthDataProvider/&lt;&gt;estimateStressFromActivity&gt;"/>
        <entry filename="/Users/erdalgunes/garmin-jailbot/source/HealthDataProvider.mc" id="110" lineNum="113" parent="globals/HealthDataProvider" pc="268446011" symbol="&lt;globals/HealthDataProvider/&lt;&gt;estimateStressFromActivity&gt;"/>
        <entry filename="/Users/erdalgunes/garmin-jailbot/source/HealthDataProvider.mc" id="110" lineNum="114" parent="globals/HealthDataProvider" pc="268446023" symbol="&lt;globals/HealthDataProvider/&lt;&gt;estimateStressFromActivity&gt;"/>
        <entry filename="/Users/erdalgunes/garmin-jailbot/source/HealthDataProvider.mc" id="110" lineNum="115" parent="globals/HealthDataProvider" pc="268446035" symbol="&lt;globals/HealthDataProvider/&lt;&gt;estimateStressFromActivity&gt;"/>
        <entry filename="/Users/erdalgunes/garmin-jailbot/source/HealthDataProvider.mc" id="110" lineNum="118" parent="globals/HealthDataProvider" pc="268446043" symbol="&lt;globals/HealthDataProvider/&lt;&gt;estimateStressFromActivity&gt;"/>
        <entry filename="/Users/erdalgunes/garmin-jailbot/source/HealthDataProvider.mc" id="110" lineNum="119" parent="globals/HealthDataProvider" pc="268446059" symbol="&lt;globals/HealthDataProvider/&lt;&gt;estimateStressFromActivity&gt;"/>
        <entry filename="/Users/erdalgunes/garmin-jailbot/source/HealthDataProvider.mc" id="110" lineNum="121" parent="globals/HealthDataProvider" pc="268446069" symbol="&lt;globals/HealthDataProvider/&lt;&gt;estimateStressFromActivity&gt;"/>
        <entry filename="/Users/erdalgunes/garmin-jailbot/source/HealthDataProvider.mc" id="110" lineNum="122" parent="globals/HealthDataProvider" pc="268446085" symbol="&lt;globals/HealthDataProvider/&lt;&gt;estimateStressFromActivity&gt;"/>
        <entry filename="/Users/erdalgunes/garmin-jailbot/source/HealthDataProvider.mc" id="110" lineNum="126" parent="globals/HealthDataProvider" pc="268446095" symbol="&lt;globals/HealthDataProvider/&lt;&gt;estimateStressFromActivity&gt;"/>
        <entry filename="/Users/erdalgunes/garmin-jailbot/source/HealthDataProvider.mc" id="110" lineNum="127" parent="globals/HealthDataProvider" pc="268446117" symbol="&lt;globals/HealthDataProvider/&lt;&gt;estimateStressFromActivity&gt;"/>
        <entry filename="/Users/erdalgunes/garmin-jailbot/source/HealthDataProvider.mc" id="110" lineNum="128" parent="globals/HealthDataProvider" pc="268446131" symbol="&lt;globals/HealthDataProvider/&lt;&gt;estimateStressFromActivity&gt;"/>
        <entry filename="/Users/erdalgunes/garmin-jailbot/source/HealthDataProvider.mc" id="110" lineNum="129" parent="globals/HealthDataProvider" pc="268446140" symbol="&lt;globals/HealthDataProvider/&lt;&gt;estimateStressFromActivity&gt;"/>
        <entry filename="/Users/erdalgunes/garmin-jailbot/source/HealthDataProvider.mc" id="110" lineNum="134" parent="globals/HealthDataProvider" pc="268446153" symbol="&lt;globals/HealthDataProvider/&lt;&gt;estimateStressFromActivity&gt;"/>
        <entry filename="/Users/erdalgunes/garmin-jailbot/source/HealthDataProvider.mc" id="110" lineNum="134" parent="globals/HealthDataProvider" pc="268446160" symbol="&lt;globals/HealthDataProvider/&lt;&gt;estimateStressFromActivity&gt;"/>
        <entry filename="/Users/erdalgunes/garmin-jailbot/source/HealthDataProvider.mc" id="110" lineNum="135" parent="globals/HealthDataProvider" pc="268446166" symbol="&lt;globals/HealthDataProvider/&lt;&gt;estimateStressFromActivity&gt;"/>
        <entry filename="/Users/erdalgunes/garmin-jailbot/source/HealthDataProvider.mc" id="110" lineNum="135" parent="globals/HealthDataProvider" pc="268446174" symbol="&lt;globals/HealthDataProvider/&lt;&gt;estimateStressFromActivity&gt;"/>
        <entry filename="/Users/erdalgunes/garmin-jailbot/source/HealthDataProvider.mc" id="110" lineNum="137" parent="globals/HealthDataProvider" pc="268446187" symbol="&lt;globals/HealthDataProvider/&lt;&gt;estimateStressFromActivity&gt;"/>
        <entry filename="/Users/erdalgunes/garmin-jailbot/source/HealthDataProvider.mc" id="110" lineNum="138" parent="globals/HealthDataProvider" pc="268446191" symbol="&lt;globals/HealthDataProvider/&lt;&gt;estimateStressFromActivity&gt;"/>
        <entry filename="/Users/erdalgunes/garmin-jailbot/source/HealthDataProvider.mc" id="110" lineNum="141" parent="globals/HealthDataProvider" pc="268446229" symbol="&lt;globals/HealthDataProvider/&lt;&gt;estimateStressFromActivity&gt;"/>
        <entry filename="/Users/erdalgunes/garmin-jailbot/source/HealthDataProvider.mc" id="111" lineNum="23" parent="globals/HealthDataProvider" pc="268446232" symbol="gatherSensorData"/>
        <entry filename="/Users/erdalgunes/garmin-jailbot/source/HealthDataProvider.mc" id="111" lineNum="24" parent="globals/HealthDataProvider" pc="268446235" symbol="gatherSensorData"/>
        <entry filename="/Users/erdalgunes/garmin-jailbot/source/HealthDataProvider.mc" id="111" lineNum="27" parent="globals/HealthDataProvider" pc="268446239" symbol="gatherSensorData"/>
        <entry filename="/Users/erdalgunes/garmin-jailbot/source/HealthDataProvider.mc" id="111" lineNum="28" parent="globals/HealthDataProvider" pc="268446251" symbol="gatherSensorData"/>
        <entry filename="/Users/erdalgunes/garmin-jailbot/source/HealthDataProvider.mc" id="111" lineNum="31" parent="globals/HealthDataProvider" pc="268446263" symbol="gatherSensorData"/>
        <entry filename="/Users/erdalgunes/garmin-jailbot/source/HealthDataProvider.mc" id="111" lineNum="32" parent="globals/HealthDataProvider" pc="268446291" symbol="gatherSensorData"/>
        <entry filename="/Users/erdalgunes/garmin-jailbot/source/HealthDataProvider.mc" id="111" lineNum="35" parent="globals/HealthDataProvider" pc="268446323" symbol="gatherSensorData"/>
        <entry filename="/Users/erdalgunes/garmin-jailbot/source/HealthDataProvider.mc" id="111" lineNum="36" parent="globals/HealthDataProvider" pc="268446344" symbol="gatherSensorData"/>
        <entry filename="/Users/erdalgunes/garmin-jailbot/source/HealthDataProvider.mc" id="111" lineNum="40" parent="globals/HealthDataProvider" pc="268446360" symbol="gatherSensorData"/>
        <entry filename="/Users/erdalgunes/garmin-jailbot/source/HealthDataProvider.mc" id="111" lineNum="41" parent="globals/HealthDataProvider" pc="268446368" symbol="gatherSensorData"/>
        <entry filename="/Users/erdalgunes/garmin-jailbot/source/HealthDataProvider.mc" id="111" lineNum="42" parent="globals/HealthDataProvider" pc="268446384" symbol="gatherSensorData"/>
        <entry filename="/Users/erdalgunes/garmin-jailbot/source/HealthDataProvider.mc" id="111" lineNum="45" parent="globals/HealthDataProvider" pc="268446400" symbol="gatherSensorData"/>
        <entry filename="/Users/erdalgunes/garmin-jailbot/source/HealthDataProvider.mc" id="111" lineNum="46" parent="globals/HealthDataProvider" pc="268446414" symbol="gatherSensorData"/>
        <entry filename="/Users/erdalgunes/garmin-jailbot/source/HealthDataProvider.mc" id="111" lineNum="49" parent="globals/HealthDataProvider" pc="268446428" symbol="gatherSensorData"/>
        <entry filename="/Users/erdalgunes/garmin-jailbot/source/HealthDataProvider.mc" id="111" lineNum="50" parent="globals/HealthDataProvider" pc="268446436" symbol="gatherSensorData"/>
        <entry filename="/Users/erdalgunes/garmin-jailbot/source/HealthDataProvider.mc" id="111" lineNum="51" parent="globals/HealthDataProvider" pc="268446452" symbol="gatherSensorData"/>
        <entry filename="/Users/erdalgunes/garmin-jailbot/source/HealthDataProvider.mc" id="111" lineNum="54" parent="globals/HealthDataProvider" pc="268446468" symbol="gatherSensorData"/>
        <entry filename="/Users/erdalgunes/garmin-jailbot/source/HealthDataProvider.mc" id="111" lineNum="57" parent="globals/HealthDataProvider" pc="268446482" symbol="gatherSensorData"/>
        <entry filename="/Users/erdalgunes/garmin-jailbot/source/HealthDataProvider.mc" id="111" lineNum="60" parent="globals/HealthDataProvider" pc="268446514" symbol="gatherSensorData"/>
        <entry filename="/Users/erdalgunes/garmin-jailbot/source/HealthDataProvider.mc" id="111" lineNum="62" parent="globals/HealthDataProvider" pc="268446528" symbol="gatherSensorData"/>
        <entry filename="/Users/erdalgunes/garmin-jailbot/source/HealthDataProvider.mc" id="112" lineNum="282" parent="globals/HealthDataProvider" pc="268446531" symbol="debugSensorData"/>
        <entry filename="/Users/erdalgunes/garmin-jailbot/source/HealthDataProvider.mc" id="112" lineNum="283" parent="globals/HealthDataProvider" pc="268446534" symbol="debugSensorData"/>
        <entry filename="/Users/erdalgunes/garmin-jailbot/source/HealthDataProvider.mc" id="112" lineNum="285" parent="globals/HealthDataProvider" pc="268446542" symbol="debugSensorData"/>
        <entry filename="/Users/erdalgunes/garmin-jailbot/source/HealthDataProvider.mc" id="112" lineNum="286" parent="globals/HealthDataProvider" pc="268446560" symbol="debugSensorData"/>
        <entry filename="/Users/erdalgunes/garmin-jailbot/source/HealthDataProvider.mc" id="112" lineNum="287" parent="globals/HealthDataProvider" pc="268446602" symbol="debugSensorData"/>
        <entry filename="/Users/erdalgunes/garmin-jailbot/source/HealthDataProvider.mc" id="112" lineNum="288" parent="globals/HealthDataProvider" pc="268446650" symbol="debugSensorData"/>
        <entry filename="/Users/erdalgunes/garmin-jailbot/source/HealthDataProvider.mc" id="112" lineNum="289" parent="globals/HealthDataProvider" pc="268446677" symbol="debugSensorData"/>
        <entry filename="/Users/erdalgunes/garmin-jailbot/source/HealthDataProvider.mc" id="112" lineNum="290" parent="globals/HealthDataProvider" pc="268446704" symbol="debugSensorData"/>
        <entry filename="/Users/erdalgunes/garmin-jailbot/source/HealthDataProvider.mc" id="112" lineNum="291" parent="globals/HealthDataProvider" pc="268446731" symbol="debugSensorData"/>
        <entry filename="/Users/erdalgunes/garmin-jailbot/source/HealthDataProvider.mc" id="112" lineNum="292" parent="globals/HealthDataProvider" pc="268446758" symbol="debugSensorData"/>
        <entry filename="/Users/erdalgunes/garmin-jailbot/source/HealthDataProvider.mc" id="112" lineNum="293" parent="globals/HealthDataProvider" pc="268446785" symbol="debugSensorData"/>
        <entry filename="/Users/erdalgunes/garmin-jailbot/source/HealthDataProvider.mc" id="112" lineNum="294" parent="globals/HealthDataProvider" pc="268446812" symbol="debugSensorData"/>
        <entry filename="/Users/erdalgunes/garmin-jailbot/source/HealthDataProvider.mc" id="112" lineNum="295" parent="globals/HealthDataProvider" pc="268446839" symbol="debugSensorData"/>
        <entry filename="/Users/erdalgunes/garmin-jailbot/source/HealthDataProvider.mc" id="113" lineNum="65" parent="globals/HealthDataProvider" pc="268446858" symbol="&lt;globals/HealthDataProvider/&lt;&gt;getHeartRateData&gt;"/>
        <entry filename="/Users/erdalgunes/garmin-jailbot/source/HealthDataProvider.mc" id="113" lineNum="66" parent="globals/HealthDataProvider" pc="268446861" symbol="&lt;globals/HealthDataProvider/&lt;&gt;getHeartRateData&gt;"/>
        <entry filename="/Users/erdalgunes/garmin-jailbot/source/HealthDataProvider.mc" id="113" lineNum="70" parent="globals/HealthDataProvider" pc="268446865" symbol="&lt;globals/HealthDataProvider/&lt;&gt;getHeartRateData&gt;"/>
        <entry filename="/Users/erdalgunes/garmin-jailbot/source/HealthDataProvider.mc" id="113" lineNum="71" parent="globals/HealthDataProvider" pc="268446877" symbol="&lt;globals/HealthDataProvider/&lt;&gt;getHeartRateData&gt;"/>
        <entry filename="/Users/erdalgunes/garmin-jailbot/source/HealthDataProvider.mc" id="113" lineNum="72" parent="globals/HealthDataProvider" pc="268446899" symbol="&lt;globals/HealthDataProvider/&lt;&gt;getHeartRateData&gt;"/>
        <entry filename="/Users/erdalgunes/garmin-jailbot/source/HealthDataProvider.mc" id="113" lineNum="74" parent="globals/HealthDataProvider" pc="268446917" symbol="&lt;globals/HealthDataProvider/&lt;&gt;getHeartRateData&gt;"/>
        <entry filename="/Users/erdalgunes/garmin-jailbot/source/HealthDataProvider.mc" id="113" lineNum="76" parent="globals/HealthDataProvider" pc="268446921" symbol="&lt;globals/HealthDataProvider/&lt;&gt;getHeartRateData&gt;"/>
        <entry filename="/Users/erdalgunes/garmin-jailbot/source/HealthDataProvider.mc" id="113" lineNum="79" parent="globals/HealthDataProvider" pc="268446959" symbol="&lt;globals/HealthDataProvider/&lt;&gt;getHeartRateData&gt;"/>
        <entry filename="/Users/erdalgunes/garmin-jailbot/source/HealthDataProvider.mc" id="114" lineNum="92" parent="globals/HealthDataProvider" pc="268446984" symbol="&lt;globals/HealthDataProvider/&lt;&gt;getBodyBatteryLevel&gt;"/>
        <entry filename="/Users/erdalgunes/garmin-jailbot/source/HealthDataProvider.mc" id="114" lineNum="93" parent="globals/HealthDataProvider" pc="268446987" symbol="&lt;globals/HealthDataProvider/&lt;&gt;getBodyBatteryLevel&gt;"/>
        <entry filename="/Users/erdalgunes/garmin-jailbot/source/HealthDataProvider.mc" id="114" lineNum="97" parent="globals/HealthDataProvider" pc="268446991" symbol="&lt;globals/HealthDataProvider/&lt;&gt;getBodyBatteryLevel&gt;"/>
        <entry filename="/Users/erdalgunes/garmin-jailbot/source/HealthDataProvider.mc" id="114" lineNum="98" parent="globals/HealthDataProvider" pc="268447003" symbol="&lt;globals/HealthDataProvider/&lt;&gt;getBodyBatteryLevel&gt;"/>
        <entry filename="/Users/erdalgunes/garmin-jailbot/source/HealthDataProvider.mc" id="114" lineNum="100" parent="globals/HealthDataProvider" pc="268447014" symbol="&lt;globals/HealthDataProvider/&lt;&gt;getBodyBatteryLevel&gt;"/>
        <entry filename="/Users/erdalgunes/garmin-jailbot/source/HealthDataProvider.mc" id="114" lineNum="102" parent="globals/HealthDataProvider" pc="268447031" symbol="&lt;globals/HealthDataProvider/&lt;&gt;getBodyBatteryLevel&gt;"/>
        <entry filename="/Users/erdalgunes/garmin-jailbot/source/HealthDataProvider.mc" id="114" lineNum="103" parent="globals/HealthDataProvider" pc="268447035" symbol="&lt;globals/HealthDataProvider/&lt;&gt;getBodyBatteryLevel&gt;"/>
        <entry filename="/Users/erdalgunes/garmin-jailbot/source/HealthDataProvider.mc" id="114" lineNum="106" parent="globals/HealthDataProvider" pc="268447073" symbol="&lt;globals/HealthDataProvider/&lt;&gt;getBodyBatteryLevel&gt;"/>
        <entry filename="/Users/erdalgunes/garmin-jailbot/source/HealthDataProvider.mc" id="115" lineNum="13" parent="globals/HealthDataProvider" pc="268447076" symbol="initialize"/>
        <entry filename="/Users/erdalgunes/garmin-jailbot/source/HealthDataProvider.mc" id="115" lineNum="14" parent="globals/HealthDataProvider" pc="268447078" symbol="initialize"/>
        <entry filename="/Users/erdalgunes/garmin-jailbot/source/HealthDataProvider.mc" id="115" lineNum="15" parent="globals/HealthDataProvider" pc="268447086" symbol="initialize"/>
        <entry filename="/Users/erdalgunes/garmin-jailbot/source/HealthDataProvider.mc" id="115" lineNum="16" parent="globals/HealthDataProvider" pc="268447095" symbol="initialize"/>
        <entry filename="/Users/erdalgunes/garmin-jailbot/source/HealthDataProvider.mc" id="115" lineNum="17" parent="globals/HealthDataProvider" pc="268447105" symbol="initialize"/>
        <entry filename="/Users/erdalgunes/garmin-jailbot/source/HealthDataProvider.mc" id="116" lineNum="254" parent="globals/HealthDataProvider" pc="268447132" symbol="&lt;globals/HealthDataProvider/&lt;&gt;isInAODMode&gt;"/>
        <entry filename="/Users/erdalgunes/garmin-jailbot/source/HealthDataProvider.mc" id="116" lineNum="258" parent="globals/HealthDataProvider" pc="268447135" symbol="&lt;globals/HealthDataProvider/&lt;&gt;isInAODMode&gt;"/>
        <entry filename="/Users/erdalgunes/garmin-jailbot/source/HealthDataProvider.mc" id="116" lineNum="260" parent="globals/HealthDataProvider" pc="268447147" symbol="&lt;globals/HealthDataProvider/&lt;&gt;isInAODMode&gt;"/>
        <entry filename="/Users/erdalgunes/garmin-jailbot/source/HealthDataProvider.mc" id="116" lineNum="261" parent="globals/HealthDataProvider" pc="268447158" symbol="&lt;globals/HealthDataProvider/&lt;&gt;isInAODMode&gt;"/>
        <entry filename="/Users/erdalgunes/garmin-jailbot/source/HealthDataProvider.mc" id="116" lineNum="265" parent="globals/HealthDataProvider" pc="268447172" symbol="&lt;globals/HealthDataProvider/&lt;&gt;isInAODMode&gt;"/>
        <entry filename="/Users/erdalgunes/garmin-jailbot/source/HealthDataProvider.mc" id="116" lineNum="267" parent="globals/HealthDataProvider" pc="268447191" symbol="&lt;globals/HealthDataProvider/&lt;&gt;isInAODMode&gt;"/>
        <entry filename="/Users/erdalgunes/garmin-jailbot/source/HealthDataProvider.mc" id="116" lineNum="268" parent="globals/HealthDataProvider" pc="268447195" symbol="&lt;globals/HealthDataProvider/&lt;&gt;isInAODMode&gt;"/>
        <entry filename="/Users/erdalgunes/garmin-jailbot/source/MoodSystem.mc" id="117" lineNum="125" parent="globals/VictoryState" pc="268447214" symbol="score"/>
        <entry filename="/Users/erdalgunes/garmin-jailbot/source/MoodSystem.mc" id="117" lineNum="126" parent="globals/VictoryState" pc="268447216" symbol="score"/>
        <entry filename="/Users/erdalgunes/garmin-jailbot/source/MoodSystem.mc" id="118" lineNum="139" parent="globals/VictoryState" pc="268447235" symbol="getExpression"/>
        <entry filename="/Users/erdalgunes/garmin-jailbot/source/MoodSystem.mc" id="118" lineNum="140" parent="globals/VictoryState" pc="268447237" symbol="getExpression"/>
        <entry filename="/Users/erdalgunes/garmin-jailbot/source/MoodSystem.mc" id="119" lineNum="129" parent="globals/VictoryState" pc="268447326" symbol="blinkProfile"/>
        <entry filename="/Users/erdalgunes/garmin-jailbot/source/MoodSystem.mc" id="119" lineNum="130" parent="globals/VictoryState" pc="268447328" symbol="blinkProfile"/>
        <entry filename="/Users/erdalgunes/garmin-jailbot/source/MoodSystem.mc" id="120" lineNum="152" parent="globals/VictoryState" pc="268447386" symbol="getEmoticon"/>
        <entry filename="/Users/erdalgunes/garmin-jailbot/source/MoodSystem.mc" id="120" lineNum="153" parent="globals/VictoryState" pc="268447388" symbol="getEmoticon"/>
        <entry filename="/Users/erdalgunes/garmin-jailbot/source/MoodSystem.mc" id="121" lineNum="123" parent="globals/VictoryState" pc="268447394" symbol="id"/>
        <entry filename="/Users/erdalgunes/garmin-jailbot/source/MoodSystem.mc" id="121" lineNum="123" parent="globals/VictoryState" pc="268447396" symbol="id"/>
        <entry filename="/Users/erdalgunes/garmin-jailbot/source/JailbotWatchFaceView.mc" id="123" lineNum="188" parent="globals/JailbotWatchFaceView" pc="268447402" symbol="drawAuthenticJailbot"/>
        <entry filename="/Users/erdalgunes/garmin-jailbot/source/JailbotWatchFaceView.mc" id="123" lineNum="189" parent="globals/JailbotWatchFaceView" pc="268447405" symbol="drawAuthenticJailbot"/>
        <entry filename="/Users/erdalgunes/garmin-jailbot/source/JailbotWatchFaceView.mc" id="123" lineNum="190" parent="globals/JailbotWatchFaceView" pc="268447412" symbol="drawAuthenticJailbot"/>
        <entry filename="/Users/erdalgunes/garmin-jailbot/source/JailbotWatchFaceView.mc" id="123" lineNum="191" parent="globals/JailbotWatchFaceView" pc="268447419" symbol="drawAuthenticJailbot"/>
        <entry filename="/Users/erdalgunes/garmin-jailbot/source/JailbotWatchFaceView.mc" id="123" lineNum="193" parent="globals/JailbotWatchFaceView" pc="268447442" symbol="drawAuthenticJailbot"/>
        <entry filename="/Users/erdalgunes/garmin-jailbot/source/JailbotWatchFaceView.mc" id="123" lineNum="194" parent="globals/JailbotWatchFaceView" pc="268447454" symbol="drawAuthenticJailbot"/>
        <entry filename="/Users/erdalgunes/garmin-jailbot/source/JailbotWatchFaceView.mc" id="123" lineNum="195" parent="globals/JailbotWatchFaceView" pc="268447462" symbol="drawAuthenticJailbot"/>
        <entry filename="/Users/erdalgunes/garmin-jailbot/source/JailbotWatchFaceView.mc" id="123" lineNum="196" parent="globals/JailbotWatchFaceView" pc="268447470" symbol="drawAuthenticJailbot"/>
        <entry filename="/Users/erdalgunes/garmin-jailbot/source/JailbotWatchFaceView.mc" id="123" lineNum="199" parent="globals/JailbotWatchFaceView" pc="268447478" symbol="drawAuthenticJailbot"/>
        <entry filename="/Users/erdalgunes/garmin-jailbot/source/JailbotWatchFaceView.mc" id="123" lineNum="202" parent="globals/JailbotWatchFaceView" pc="268447495" symbol="drawAuthenticJailbot"/>
        <entry filename="/Users/erdalgunes/garmin-jailbot/source/JailbotWatchFaceView.mc" id="123" lineNum="203" parent="globals/JailbotWatchFaceView" pc="268447529" symbol="drawAuthenticJailbot"/>
        <entry filename="/Users/erdalgunes/garmin-jailbot/source/JailbotWatchFaceView.mc" id="123" lineNum="204" parent="globals/JailbotWatchFaceView" pc="268447539" symbol="drawAuthenticJailbot"/>
        <entry filename="/Users/erdalgunes/garmin-jailbot/source/JailbotWatchFaceView.mc" id="123" lineNum="205" parent="globals/JailbotWatchFaceView" pc="268447549" symbol="drawAuthenticJailbot"/>
        <entry filename="/Users/erdalgunes/garmin-jailbot/source/JailbotWatchFaceView.mc" id="123" lineNum="206" parent="globals/JailbotWatchFaceView" pc="268447571" symbol="drawAuthenticJailbot"/>
        <entry filename="/Users/erdalgunes/garmin-jailbot/source/JailbotWatchFaceView.mc" id="123" lineNum="207" parent="globals/JailbotWatchFaceView" pc="268447593" symbol="drawAuthenticJailbot"/>
        <entry filename="/Users/erdalgunes/garmin-jailbot/source/JailbotWatchFaceView.mc" id="123" lineNum="208" parent="globals/JailbotWatchFaceView" pc="268447615" symbol="drawAuthenticJailbot"/>
        <entry filename="/Users/erdalgunes/garmin-jailbot/source/JailbotWatchFaceView.mc" id="123" lineNum="209" parent="globals/JailbotWatchFaceView" pc="268447637" symbol="drawAuthenticJailbot"/>
        <entry filename="/Users/erdalgunes/garmin-jailbot/source/JailbotWatchFaceView.mc" id="123" lineNum="210" parent="globals/JailbotWatchFaceView" pc="268447649" symbol="drawAuthenticJailbot"/>
        <entry filename="/Users/erdalgunes/garmin-jailbot/source/JailbotWatchFaceView.mc" id="123" lineNum="213" parent="globals/JailbotWatchFaceView" pc="268447667" symbol="drawAuthenticJailbot"/>
        <entry filename="/Users/erdalgunes/garmin-jailbot/source/JailbotWatchFaceView.mc" id="123" lineNum="214" parent="globals/JailbotWatchFaceView" pc="268447683" symbol="drawAuthenticJailbot"/>
        <entry filename="/Users/erdalgunes/garmin-jailbot/source/JailbotWatchFaceView.mc" id="123" lineNum="215" parent="globals/JailbotWatchFaceView" pc="268447693" symbol="drawAuthenticJailbot"/>
        <entry filename="/Users/erdalgunes/garmin-jailbot/source/JailbotWatchFaceView.mc" id="123" lineNum="216" parent="globals/JailbotWatchFaceView" pc="268447703" symbol="drawAuthenticJailbot"/>
        <entry filename="/Users/erdalgunes/garmin-jailbot/source/JailbotWatchFaceView.mc" id="123" lineNum="217" parent="globals/JailbotWatchFaceView" pc="268447725" symbol="drawAuthenticJailbot"/>
        <entry filename="/Users/erdalgunes/garmin-jailbot/source/JailbotWatchFaceView.mc" id="123" lineNum="218" parent="globals/JailbotWatchFaceView" pc="268447747" symbol="drawAuthenticJailbot"/>
        <entry filename="/Users/erdalgunes/garmin-jailbot/source/JailbotWatchFaceView.mc" id="123" lineNum="219" parent="globals/JailbotWatchFaceView" pc="268447769" symbol="drawAuthenticJailbot"/>
        <entry filename="/Users/erdalgunes/garmin-jailbot/source/JailbotWatchFaceView.mc" id="123" lineNum="220" parent="globals/JailbotWatchFaceView" pc="268447791" symbol="drawAuthenticJailbot"/>
        <entry filename="/Users/erdalgunes/garmin-jailbot/source/JailbotWatchFaceView.mc" id="123" lineNum="221" parent="globals/JailbotWatchFaceView" pc="268447803" symbol="drawAuthenticJailbot"/>
        <entry filename="/Users/erdalgunes/garmin-jailbot/source/JailbotWatchFaceView.mc" id="123" lineNum="224" parent="globals/JailbotWatchFaceView" pc="268447821" symbol="drawAuthenticJailbot"/>
        <entry filename="/Users/erdalgunes/garmin-jailbot/source/JailbotWatchFaceView.mc" id="123" lineNum="225" parent="globals/JailbotWatchFaceView" pc="268447837" symbol="drawAuthenticJailbot"/>
        <entry filename="/Users/erdalgunes/garmin-jailbot/source/JailbotWatchFaceView.mc" id="123" lineNum="226" parent="globals/JailbotWatchFaceView" pc="268447847" symbol="drawAuthenticJailbot"/>
        <entry filename="/Users/erdalgunes/garmin-jailbot/source/JailbotWatchFaceView.mc" id="123" lineNum="227" parent="globals/JailbotWatchFaceView" pc="268447857" symbol="drawAuthenticJailbot"/>
        <entry filename="/Users/erdalgunes/garmin-jailbot/source/JailbotWatchFaceView.mc" id="123" lineNum="228" parent="globals/JailbotWatchFaceView" pc="268447879" symbol="drawAuthenticJailbot"/>
        <entry filename="/Users/erdalgunes/garmin-jailbot/source/JailbotWatchFaceView.mc" id="123" lineNum="229" parent="globals/JailbotWatchFaceView" pc="268447901" symbol="drawAuthenticJailbot"/>
        <entry filename="/Users/erdalgunes/garmin-jailbot/source/JailbotWatchFaceView.mc" id="123" lineNum="230" parent="globals/JailbotWatchFaceView" pc="268447923" symbol="drawAuthenticJailbot"/>
        <entry filename="/Users/erdalgunes/garmin-jailbot/source/JailbotWatchFaceView.mc" id="123" lineNum="231" parent="globals/JailbotWatchFaceView" pc="268447945" symbol="drawAuthenticJailbot"/>
        <entry filename="/Users/erdalgunes/garmin-jailbot/source/JailbotWatchFaceView.mc" id="123" lineNum="232" parent="globals/JailbotWatchFaceView" pc="268447957" symbol="drawAuthenticJailbot"/>
        <entry filename="/Users/erdalgunes/garmin-jailbot/source/JailbotWatchFaceView.mc" id="123" lineNum="235" parent="globals/JailbotWatchFaceView" pc="268447975" symbol="drawAuthenticJailbot"/>
        <entry filename="/Users/erdalgunes/garmin-jailbot/source/JailbotWatchFaceView.mc" id="123" lineNum="236" parent="globals/JailbotWatchFaceView" pc="268447985" symbol="drawAuthenticJailbot"/>
        <entry filename="/Users/erdalgunes/garmin-jailbot/source/JailbotWatchFaceView.mc" id="123" lineNum="237" parent="globals/JailbotWatchFaceView" pc="268447995" symbol="drawAuthenticJailbot"/>
        <entry filename="/Users/erdalgunes/garmin-jailbot/source/JailbotWatchFaceView.mc" id="123" lineNum="240" parent="globals/JailbotWatchFaceView" pc="268448005" symbol="drawAuthenticJailbot"/>
        <entry filename="/Users/erdalgunes/garmin-jailbot/source/JailbotWatchFaceView.mc" id="123" lineNum="241" parent="globals/JailbotWatchFaceView" pc="268448022" symbol="drawAuthenticJailbot"/>
        <entry filename="/Users/erdalgunes/garmin-jailbot/source/JailbotWatchFaceView.mc" id="123" lineNum="244" parent="globals/JailbotWatchFaceView" pc="268448045" symbol="drawAuthenticJailbot"/>
        <entry filename="/Users/erdalgunes/garmin-jailbot/source/JailbotWatchFaceView.mc" id="123" lineNum="245" parent="globals/JailbotWatchFaceView" pc="268448058" symbol="drawAuthenticJailbot"/>
        <entry filename="/Users/erdalgunes/garmin-jailbot/source/JailbotWatchFaceView.mc" id="123" lineNum="246" parent="globals/JailbotWatchFaceView" pc="268448070" symbol="drawAuthenticJailbot"/>
        <entry filename="/Users/erdalgunes/garmin-jailbot/source/JailbotWatchFaceView.mc" id="123" lineNum="249" parent="globals/JailbotWatchFaceView" pc="268448093" symbol="drawAuthenticJailbot"/>
        <entry filename="/Users/erdalgunes/garmin-jailbot/source/JailbotWatchFaceView.mc" id="123" lineNum="250" parent="globals/JailbotWatchFaceView" pc="268448103" symbol="drawAuthenticJailbot"/>
        <entry filename="/Users/erdalgunes/garmin-jailbot/source/JailbotWatchFaceView.mc" id="123" lineNum="251" parent="globals/JailbotWatchFaceView" pc="268448113" symbol="drawAuthenticJailbot"/>
        <entry filename="/Users/erdalgunes/garmin-jailbot/source/JailbotWatchFaceView.mc" id="123" lineNum="252" parent="globals/JailbotWatchFaceView" pc="268448123" symbol="drawAuthenticJailbot"/>
        <entry filename="/Users/erdalgunes/garmin-jailbot/source/JailbotWatchFaceView.mc" id="123" lineNum="254" parent="globals/JailbotWatchFaceView" pc="268448136" symbol="drawAuthenticJailbot"/>
        <entry filename="/Users/erdalgunes/garmin-jailbot/source/JailbotWatchFaceView.mc" id="123" lineNum="255" parent="globals/JailbotWatchFaceView" pc="268448149" symbol="drawAuthenticJailbot"/>
        <entry filename="/Users/erdalgunes/garmin-jailbot/source/JailbotWatchFaceView.mc" id="123" lineNum="258" parent="globals/JailbotWatchFaceView" pc="268448167" symbol="drawAuthenticJailbot"/>
        <entry filename="/Users/erdalgunes/garmin-jailbot/source/JailbotWatchFaceView.mc" id="123" lineNum="259" parent="globals/JailbotWatchFaceView" pc="268448174" symbol="drawAuthenticJailbot"/>
        <entry filename="/Users/erdalgunes/garmin-jailbot/source/JailbotWatchFaceView.mc" id="123" lineNum="260" parent="globals/JailbotWatchFaceView" pc="268448184" symbol="drawAuthenticJailbot"/>
        <entry filename="/Users/erdalgunes/garmin-jailbot/source/JailbotWatchFaceView.mc" id="123" lineNum="261" parent="globals/JailbotWatchFaceView" pc="268448191" symbol="drawAuthenticJailbot"/>
        <entry filename="/Users/erdalgunes/garmin-jailbot/source/JailbotWatchFaceView.mc" id="123" lineNum="263" parent="globals/JailbotWatchFaceView" pc="268448198" symbol="drawAuthenticJailbot"/>
        <entry filename="/Users/erdalgunes/garmin-jailbot/source/JailbotWatchFaceView.mc" id="123" lineNum="264" parent="globals/JailbotWatchFaceView" pc="268448211" symbol="drawAuthenticJailbot"/>
        <entry filename="/Users/erdalgunes/garmin-jailbot/source/JailbotWatchFaceView.mc" id="123" lineNum="267" parent="globals/JailbotWatchFaceView" pc="268448227" symbol="drawAuthenticJailbot"/>
        <entry filename="/Users/erdalgunes/garmin-jailbot/source/JailbotWatchFaceView.mc" id="123" lineNum="268" parent="globals/JailbotWatchFaceView" pc="268448231" symbol="drawAuthenticJailbot"/>
        <entry filename="/Users/erdalgunes/garmin-jailbot/source/JailbotWatchFaceView.mc" id="123" lineNum="269" parent="globals/JailbotWatchFaceView" pc="268448235" symbol="drawAuthenticJailbot"/>
        <entry filename="/Users/erdalgunes/garmin-jailbot/source/JailbotWatchFaceView.mc" id="123" lineNum="270" parent="globals/JailbotWatchFaceView" pc="268448245" symbol="drawAuthenticJailbot"/>
        <entry filename="/Users/erdalgunes/garmin-jailbot/source/JailbotWatchFaceView.mc" id="123" lineNum="271" parent="globals/JailbotWatchFaceView" pc="268448255" symbol="drawAuthenticJailbot"/>
        <entry filename="/Users/erdalgunes/garmin-jailbot/source/JailbotWatchFaceView.mc" id="123" lineNum="272" parent="globals/JailbotWatchFaceView" pc="268448268" symbol="drawAuthenticJailbot"/>
        <entry filename="/Users/erdalgunes/garmin-jailbot/source/JailbotWatchFaceView.mc" id="123" lineNum="278" parent="globals/JailbotWatchFaceView" pc="268448281" symbol="drawAuthenticJailbot"/>
        <entry filename="/Users/erdalgunes/garmin-jailbot/source/JailbotWatchFaceView.mc" id="123" lineNum="279" parent="globals/JailbotWatchFaceView" pc="268448293" symbol="drawAuthenticJailbot"/>
        <entry filename="/Users/erdalgunes/garmin-jailbot/source/JailbotWatchFaceView.mc" id="123" lineNum="280" parent="globals/JailbotWatchFaceView" pc="268448299" symbol="drawAuthenticJailbot"/>
        <entry filename="/Users/erdalgunes/garmin-jailbot/source/JailbotWatchFaceView.mc" id="123" lineNum="281" parent="globals/JailbotWatchFaceView" pc="268448312" symbol="drawAuthenticJailbot"/>
        <entry filename="/Users/erdalgunes/garmin-jailbot/source/JailbotWatchFaceView.mc" id="123" lineNum="282" parent="globals/JailbotWatchFaceView" pc="268448325" symbol="drawAuthenticJailbot"/>
        <entry filename="/Users/erdalgunes/garmin-jailbot/source/JailbotWatchFaceView.mc" id="123" lineNum="287" parent="globals/JailbotWatchFaceView" pc="268448356" symbol="drawAuthenticJailbot"/>
        <entry filename="/Users/erdalgunes/garmin-jailbot/source/JailbotWatchFaceView.mc" id="123" lineNum="288" parent="globals/JailbotWatchFaceView" pc="268448368" symbol="drawAuthenticJailbot"/>
        <entry filename="/Users/erdalgunes/garmin-jailbot/source/JailbotWatchFaceView.mc" id="123" lineNum="289" parent="globals/JailbotWatchFaceView" pc="268448381" symbol="drawAuthenticJailbot"/>
        <entry filename="/Users/erdalgunes/garmin-jailbot/source/JailbotWatchFaceView.mc" id="123" lineNum="290" parent="globals/JailbotWatchFaceView" pc="268448394" symbol="drawAuthenticJailbot"/>
        <entry filename="/Users/erdalgunes/garmin-jailbot/source/JailbotWatchFaceView.mc" id="123" lineNum="295" parent="globals/JailbotWatchFaceView" pc="268448422" symbol="drawAuthenticJailbot"/>
        <entry filename="/Users/erdalgunes/garmin-jailbot/source/JailbotWatchFaceView.mc" id="123" lineNum="296" parent="globals/JailbotWatchFaceView" pc="268448434" symbol="drawAuthenticJailbot"/>
        <entry filename="/Users/erdalgunes/garmin-jailbot/source/JailbotWatchFaceView.mc" id="123" lineNum="297" parent="globals/JailbotWatchFaceView" pc="268448440" symbol="drawAuthenticJailbot"/>
        <entry filename="/Users/erdalgunes/garmin-jailbot/source/JailbotWatchFaceView.mc" id="123" lineNum="298" parent="globals/JailbotWatchFaceView" pc="268448453" symbol="drawAuthenticJailbot"/>
        <entry filename="/Users/erdalgunes/garmin-jailbot/source/JailbotWatchFaceView.mc" id="123" lineNum="299" parent="globals/JailbotWatchFaceView" pc="268448466" symbol="drawAuthenticJailbot"/>
        <entry filename="/Users/erdalgunes/garmin-jailbot/source/JailbotWatchFaceView.mc" id="123" lineNum="304" parent="globals/JailbotWatchFaceView" pc="268448497" symbol="drawAuthenticJailbot"/>
        <entry filename="/Users/erdalgunes/garmin-jailbot/source/JailbotWatchFaceView.mc" id="123" lineNum="305" parent="globals/JailbotWatchFaceView" pc="268448509" symbol="drawAuthenticJailbot"/>
        <entry filename="/Users/erdalgunes/garmin-jailbot/source/JailbotWatchFaceView.mc" id="123" lineNum="306" parent="globals/JailbotWatchFaceView" pc="268448522" symbol="drawAuthenticJailbot"/>
        <entry filename="/Users/erdalgunes/garmin-jailbot/source/JailbotWatchFaceView.mc" id="123" lineNum="307" parent="globals/JailbotWatchFaceView" pc="268448535" symbol="drawAuthenticJailbot"/>
        <entry filename="/Users/erdalgunes/garmin-jailbot/source/JailbotWatchFaceView.mc" id="123" lineNum="311" parent="globals/JailbotWatchFaceView" pc="268448563" symbol="drawAuthenticJailbot"/>
        <entry filename="/Users/erdalgunes/garmin-jailbot/source/JailbotWatchFaceView.mc" id="123" lineNum="312" parent="globals/JailbotWatchFaceView" pc="268448575" symbol="drawAuthenticJailbot"/>
        <entry filename="/Users/erdalgunes/garmin-jailbot/source/JailbotWatchFaceView.mc" id="123" lineNum="313" parent="globals/JailbotWatchFaceView" pc="268448587" symbol="drawAuthenticJailbot"/>
        <entry filename="/Users/erdalgunes/garmin-jailbot/source/JailbotWatchFaceView.mc" id="123" lineNum="314" parent="globals/JailbotWatchFaceView" pc="268448600" symbol="drawAuthenticJailbot"/>
        <entry filename="/Users/erdalgunes/garmin-jailbot/source/JailbotWatchFaceView.mc" id="123" lineNum="315" parent="globals/JailbotWatchFaceView" pc="268448613" symbol="drawAuthenticJailbot"/>
        <entry filename="/Users/erdalgunes/garmin-jailbot/source/JailbotWatchFaceView.mc" id="125" lineNum="51" parent="globals/JailbotWatchFaceView" pc="268448652" symbol="onShow"/>
        <entry filename="/Users/erdalgunes/garmin-jailbot/source/JailbotWatchFaceView.mc" id="125" lineNum="53" parent="globals/JailbotWatchFaceView" pc="268448654" symbol="onShow"/>
        <entry filename="/Users/erdalgunes/garmin-jailbot/source/JailbotWatchFaceView.mc" id="126" lineNum="32" parent="globals/JailbotWatchFaceView" pc="268448686" symbol="onLayout"/>
        <entry filename="/Users/erdalgunes/garmin-jailbot/source/JailbotWatchFaceView.mc" id="126" lineNum="34" parent="globals/JailbotWatchFaceView" pc="268448689" symbol="onLayout"/>
        <entry filename="/Users/erdalgunes/garmin-jailbot/source/JailbotWatchFaceView.mc" id="126" lineNum="35" parent="globals/JailbotWatchFaceView" pc="268448701" symbol="onLayout"/>
        <entry filename="/Users/erdalgunes/garmin-jailbot/source/JailbotWatchFaceView.mc" id="126" lineNum="36" parent="globals/JailbotWatchFaceView" pc="268448709" symbol="onLayout"/>
        <entry filename="/Users/erdalgunes/garmin-jailbot/source/JailbotWatchFaceView.mc" id="126" lineNum="37" parent="globals/JailbotWatchFaceView" pc="268448717" symbol="onLayout"/>
        <entry filename="/Users/erdalgunes/garmin-jailbot/source/JailbotWatchFaceView.mc" id="126" lineNum="38" parent="globals/JailbotWatchFaceView" pc="268448724" symbol="onLayout"/>
        <entry filename="/Users/erdalgunes/garmin-jailbot/source/JailbotWatchFaceView.mc" id="126" lineNum="39" parent="globals/JailbotWatchFaceView" pc="268448731" symbol="onLayout"/>
        <entry filename="/Users/erdalgunes/garmin-jailbot/source/JailbotWatchFaceView.mc" id="126" lineNum="42" parent="globals/JailbotWatchFaceView" pc="268448754" symbol="onLayout"/>
        <entry filename="/Users/erdalgunes/garmin-jailbot/source/JailbotWatchFaceView.mc" id="126" lineNum="43" parent="globals/JailbotWatchFaceView" pc="268448789" symbol="onLayout"/>
        <entry filename="/Users/erdalgunes/garmin-jailbot/source/JailbotWatchFaceView.mc" id="126" lineNum="44" parent="globals/JailbotWatchFaceView" pc="268448815" symbol="onLayout"/>
        <entry filename="/Users/erdalgunes/garmin-jailbot/source/JailbotWatchFaceView.mc" id="126" lineNum="46" parent="globals/JailbotWatchFaceView" pc="268448819" symbol="onLayout"/>
        <entry filename="/Users/erdalgunes/garmin-jailbot/source/JailbotWatchFaceView.mc" id="126" lineNum="47" parent="globals/JailbotWatchFaceView" pc="268448845" symbol="onLayout"/>
        <entry filename="/Users/erdalgunes/garmin-jailbot/source/JailbotWatchFaceView.mc" id="127" lineNum="524" parent="globals/JailbotWatchFaceView" pc="268448866" symbol="drawStaticJailbotFace"/>
        <entry filename="/Users/erdalgunes/garmin-jailbot/source/JailbotWatchFaceView.mc" id="127" lineNum="526" parent="globals/JailbotWatchFaceView" pc="268448869" symbol="drawStaticJailbotFace"/>
        <entry filename="/Users/erdalgunes/garmin-jailbot/source/JailbotWatchFaceView.mc" id="127" lineNum="527" parent="globals/JailbotWatchFaceView" pc="268448876" symbol="drawStaticJailbotFace"/>
        <entry filename="/Users/erdalgunes/garmin-jailbot/source/JailbotWatchFaceView.mc" id="127" lineNum="528" parent="globals/JailbotWatchFaceView" pc="268448883" symbol="drawStaticJailbotFace"/>
        <entry filename="/Users/erdalgunes/garmin-jailbot/source/JailbotWatchFaceView.mc" id="127" lineNum="529" parent="globals/JailbotWatchFaceView" pc="268448893" symbol="drawStaticJailbotFace"/>
        <entry filename="/Users/erdalgunes/garmin-jailbot/source/JailbotWatchFaceView.mc" id="127" lineNum="530" parent="globals/JailbotWatchFaceView" pc="268448903" symbol="drawStaticJailbotFace"/>
        <entry filename="/Users/erdalgunes/garmin-jailbot/source/JailbotWatchFaceView.mc" id="127" lineNum="532" parent="globals/JailbotWatchFaceView" pc="268448913" symbol="drawStaticJailbotFace"/>
        <entry filename="/Users/erdalgunes/garmin-jailbot/source/JailbotWatchFaceView.mc" id="127" lineNum="533" parent="globals/JailbotWatchFaceView" pc="268448929" symbol="drawStaticJailbotFace"/>
        <entry filename="/Users/erdalgunes/garmin-jailbot/source/JailbotWatchFaceView.mc" id="127" lineNum="534" parent="globals/JailbotWatchFaceView" pc="268448955" symbol="drawStaticJailbotFace"/>
        <entry filename="/Users/erdalgunes/garmin-jailbot/source/JailbotWatchFaceView.mc" id="127" lineNum="536" parent="globals/JailbotWatchFaceView" pc="268448981" symbol="drawStaticJailbotFace"/>
        <entry filename="/Users/erdalgunes/garmin-jailbot/source/JailbotWatchFaceView.mc" id="127" lineNum="537" parent="globals/JailbotWatchFaceView" pc="268448991" symbol="drawStaticJailbotFace"/>
        <entry filename="/Users/erdalgunes/garmin-jailbot/source/JailbotWatchFaceView.mc" id="127" lineNum="538" parent="globals/JailbotWatchFaceView" pc="268448998" symbol="drawStaticJailbotFace"/>
        <entry filename="/Users/erdalgunes/garmin-jailbot/source/JailbotWatchFaceView.mc" id="127" lineNum="540" parent="globals/JailbotWatchFaceView" pc="268449008" symbol="drawStaticJailbotFace"/>
        <entry filename="/Users/erdalgunes/garmin-jailbot/source/JailbotWatchFaceView.mc" id="128" lineNum="91" parent="globals/JailbotWatchFaceView" pc="268449035" symbol="drawPixelatedAOD"/>
        <entry filename="/Users/erdalgunes/garmin-jailbot/source/JailbotWatchFaceView.mc" id="128" lineNum="92" parent="globals/JailbotWatchFaceView" pc="268449038" symbol="drawPixelatedAOD"/>
        <entry filename="/Users/erdalgunes/garmin-jailbot/source/JailbotWatchFaceView.mc" id="128" lineNum="93" parent="globals/JailbotWatchFaceView" pc="268449050" symbol="drawPixelatedAOD"/>
        <entry filename="/Users/erdalgunes/garmin-jailbot/source/JailbotWatchFaceView.mc" id="128" lineNum="94" parent="globals/JailbotWatchFaceView" pc="268449058" symbol="drawPixelatedAOD"/>
        <entry filename="/Users/erdalgunes/garmin-jailbot/source/JailbotWatchFaceView.mc" id="128" lineNum="96" parent="globals/JailbotWatchFaceView" pc="268449066" symbol="drawPixelatedAOD"/>
        <entry filename="/Users/erdalgunes/garmin-jailbot/source/JailbotWatchFaceView.mc" id="128" lineNum="97" parent="globals/JailbotWatchFaceView" pc="268449083" symbol="drawPixelatedAOD"/>
        <entry filename="/Users/erdalgunes/garmin-jailbot/source/JailbotWatchFaceView.mc" id="128" lineNum="98" parent="globals/JailbotWatchFaceView" pc="268449089" symbol="drawPixelatedAOD"/>
        <entry filename="/Users/erdalgunes/garmin-jailbot/source/JailbotWatchFaceView.mc" id="128" lineNum="99" parent="globals/JailbotWatchFaceView" pc="268449096" symbol="drawPixelatedAOD"/>
        <entry filename="/Users/erdalgunes/garmin-jailbot/source/JailbotWatchFaceView.mc" id="128" lineNum="100" parent="globals/JailbotWatchFaceView" pc="268449103" symbol="drawPixelatedAOD"/>
        <entry filename="/Users/erdalgunes/garmin-jailbot/source/JailbotWatchFaceView.mc" id="128" lineNum="101" parent="globals/JailbotWatchFaceView" pc="268449111" symbol="drawPixelatedAOD"/>
        <entry filename="/Users/erdalgunes/garmin-jailbot/source/JailbotWatchFaceView.mc" id="128" lineNum="106" parent="globals/JailbotWatchFaceView" pc="268449124" symbol="drawPixelatedAOD"/>
        <entry filename="/Users/erdalgunes/garmin-jailbot/source/JailbotWatchFaceView.mc" id="128" lineNum="119" parent="globals/JailbotWatchFaceView" pc="268449600" symbol="drawPixelatedAOD"/>
        <entry filename="/Users/erdalgunes/garmin-jailbot/source/JailbotWatchFaceView.mc" id="128" lineNum="121" parent="globals/JailbotWatchFaceView" pc="268449616" symbol="drawPixelatedAOD"/>
        <entry filename="/Users/erdalgunes/garmin-jailbot/source/JailbotWatchFaceView.mc" id="128" lineNum="122" parent="globals/JailbotWatchFaceView" pc="268449620" symbol="drawPixelatedAOD"/>
        <entry filename="/Users/erdalgunes/garmin-jailbot/source/JailbotWatchFaceView.mc" id="128" lineNum="123" parent="globals/JailbotWatchFaceView" pc="268449627" symbol="drawPixelatedAOD"/>
        <entry filename="/Users/erdalgunes/garmin-jailbot/source/JailbotWatchFaceView.mc" id="128" lineNum="124" parent="globals/JailbotWatchFaceView" pc="268449631" symbol="drawPixelatedAOD"/>
        <entry filename="/Users/erdalgunes/garmin-jailbot/source/JailbotWatchFaceView.mc" id="128" lineNum="126" parent="globals/JailbotWatchFaceView" pc="268449635" symbol="drawPixelatedAOD"/>
        <entry filename="/Users/erdalgunes/garmin-jailbot/source/JailbotWatchFaceView.mc" id="128" lineNum="127" parent="globals/JailbotWatchFaceView" pc="268449651" symbol="drawPixelatedAOD"/>
        <entry filename="/Users/erdalgunes/garmin-jailbot/source/JailbotWatchFaceView.mc" id="128" lineNum="128" parent="globals/JailbotWatchFaceView" pc="268449661" symbol="drawPixelatedAOD"/>
        <entry filename="/Users/erdalgunes/garmin-jailbot/source/JailbotWatchFaceView.mc" id="128" lineNum="131" parent="globals/JailbotWatchFaceView" pc="268449674" symbol="drawPixelatedAOD"/>
        <entry filename="/Users/erdalgunes/garmin-jailbot/source/JailbotWatchFaceView.mc" id="128" lineNum="132" parent="globals/JailbotWatchFaceView" pc="268449681" symbol="drawPixelatedAOD"/>
        <entry filename="/Users/erdalgunes/garmin-jailbot/source/JailbotWatchFaceView.mc" id="128" lineNum="135" parent="globals/JailbotWatchFaceView" pc="268449703" symbol="drawPixelatedAOD"/>
        <entry filename="/Users/erdalgunes/garmin-jailbot/source/JailbotWatchFaceView.mc" id="128" lineNum="136" parent="globals/JailbotWatchFaceView" pc="268449710" symbol="drawPixelatedAOD"/>
        <entry filename="/Users/erdalgunes/garmin-jailbot/source/JailbotWatchFaceView.mc" id="128" lineNum="139" parent="globals/JailbotWatchFaceView" pc="268449738" symbol="drawPixelatedAOD"/>
        <entry filename="/Users/erdalgunes/garmin-jailbot/source/JailbotWatchFaceView.mc" id="128" lineNum="140" parent="globals/JailbotWatchFaceView" pc="268449754" symbol="drawPixelatedAOD"/>
        <entry filename="/Users/erdalgunes/garmin-jailbot/source/JailbotWatchFaceView.mc" id="128" lineNum="141" parent="globals/JailbotWatchFaceView" pc="268449774" symbol="drawPixelatedAOD"/>
        <entry filename="/Users/erdalgunes/garmin-jailbot/source/JailbotWatchFaceView.mc" id="128" lineNum="144" parent="globals/JailbotWatchFaceView" pc="268449797" symbol="drawPixelatedAOD"/>
        <entry filename="/Users/erdalgunes/garmin-jailbot/source/JailbotWatchFaceView.mc" id="128" lineNum="145" parent="globals/JailbotWatchFaceView" pc="268449804" symbol="drawPixelatedAOD"/>
        <entry filename="/Users/erdalgunes/garmin-jailbot/source/JailbotWatchFaceView.mc" id="128" lineNum="148" parent="globals/JailbotWatchFaceView" pc="268449832" symbol="drawPixelatedAOD"/>
        <entry filename="/Users/erdalgunes/garmin-jailbot/source/JailbotWatchFaceView.mc" id="128" lineNum="149" parent="globals/JailbotWatchFaceView" pc="268449839" symbol="drawPixelatedAOD"/>
        <entry filename="/Users/erdalgunes/garmin-jailbot/source/JailbotWatchFaceView.mc" id="129" lineNum="80" parent="globals/JailbotWatchFaceView" pc="268449874" symbol="requestUpdate"/>
        <entry filename="/Users/erdalgunes/garmin-jailbot/source/JailbotWatchFaceView.mc" id="129" lineNum="82" parent="globals/JailbotWatchFaceView" pc="268449876" symbol="requestUpdate"/>
        <entry filename="/Users/erdalgunes/garmin-jailbot/source/JailbotWatchFaceView.mc" id="130" lineNum="162" parent="globals/JailbotWatchFaceView" pc="268449888" symbol="drawHollowBlock"/>
        <entry filename="/Users/erdalgunes/garmin-jailbot/source/JailbotWatchFaceView.mc" id="130" lineNum="164" parent="globals/JailbotWatchFaceView" pc="268449891" symbol="drawHollowBlock"/>
        <entry filename="/Users/erdalgunes/garmin-jailbot/source/JailbotWatchFaceView.mc" id="130" lineNum="167" parent="globals/JailbotWatchFaceView" pc="268449895" symbol="drawHollowBlock"/>
        <entry filename="/Users/erdalgunes/garmin-jailbot/source/JailbotWatchFaceView.mc" id="130" lineNum="169" parent="globals/JailbotWatchFaceView" pc="268449913" symbol="drawHollowBlock"/>
        <entry filename="/Users/erdalgunes/garmin-jailbot/source/JailbotWatchFaceView.mc" id="130" lineNum="171" parent="globals/JailbotWatchFaceView" pc="268449937" symbol="drawHollowBlock"/>
        <entry filename="/Users/erdalgunes/garmin-jailbot/source/JailbotWatchFaceView.mc" id="130" lineNum="173" parent="globals/JailbotWatchFaceView" pc="268449955" symbol="drawHollowBlock"/>
        <entry filename="/Users/erdalgunes/garmin-jailbot/source/JailbotWatchFaceView.mc" id="131" lineNum="320" parent="globals/JailbotWatchFaceView" pc="268449980" symbol="drawJailbot3"/>
        <entry filename="/Users/erdalgunes/garmin-jailbot/source/JailbotWatchFaceView.mc" id="131" lineNum="321" parent="globals/JailbotWatchFaceView" pc="268449983" symbol="drawJailbot3"/>
        <entry filename="/Users/erdalgunes/garmin-jailbot/source/JailbotWatchFaceView.mc" id="131" lineNum="322" parent="globals/JailbotWatchFaceView" pc="268449990" symbol="drawJailbot3"/>
        <entry filename="/Users/erdalgunes/garmin-jailbot/source/JailbotWatchFaceView.mc" id="131" lineNum="324" parent="globals/JailbotWatchFaceView" pc="268449997" symbol="drawJailbot3"/>
        <entry filename="/Users/erdalgunes/garmin-jailbot/source/JailbotWatchFaceView.mc" id="131" lineNum="325" parent="globals/JailbotWatchFaceView" pc="268450009" symbol="drawJailbot3"/>
        <entry filename="/Users/erdalgunes/garmin-jailbot/source/JailbotWatchFaceView.mc" id="131" lineNum="326" parent="globals/JailbotWatchFaceView" pc="268450017" symbol="drawJailbot3"/>
        <entry filename="/Users/erdalgunes/garmin-jailbot/source/JailbotWatchFaceView.mc" id="131" lineNum="331" parent="globals/JailbotWatchFaceView" pc="268450025" symbol="drawJailbot3"/>
        <entry filename="/Users/erdalgunes/garmin-jailbot/source/JailbotWatchFaceView.mc" id="131" lineNum="332" parent="globals/JailbotWatchFaceView" pc="268450035" symbol="drawJailbot3"/>
        <entry filename="/Users/erdalgunes/garmin-jailbot/source/JailbotWatchFaceView.mc" id="131" lineNum="333" parent="globals/JailbotWatchFaceView" pc="268450045" symbol="drawJailbot3"/>
        <entry filename="/Users/erdalgunes/garmin-jailbot/source/JailbotWatchFaceView.mc" id="131" lineNum="334" parent="globals/JailbotWatchFaceView" pc="268450055" symbol="drawJailbot3"/>
        <entry filename="/Users/erdalgunes/garmin-jailbot/source/JailbotWatchFaceView.mc" id="131" lineNum="337" parent="globals/JailbotWatchFaceView" pc="268450065" symbol="drawJailbot3"/>
        <entry filename="/Users/erdalgunes/garmin-jailbot/source/JailbotWatchFaceView.mc" id="131" lineNum="338" parent="globals/JailbotWatchFaceView" pc="268450078" symbol="drawJailbot3"/>
        <entry filename="/Users/erdalgunes/garmin-jailbot/source/JailbotWatchFaceView.mc" id="131" lineNum="341" parent="globals/JailbotWatchFaceView" pc="268450104" symbol="drawJailbot3"/>
        <entry filename="/Users/erdalgunes/garmin-jailbot/source/JailbotWatchFaceView.mc" id="131" lineNum="342" parent="globals/JailbotWatchFaceView" pc="268450120" symbol="drawJailbot3"/>
        <entry filename="/Users/erdalgunes/garmin-jailbot/source/JailbotWatchFaceView.mc" id="131" lineNum="343" parent="globals/JailbotWatchFaceView" pc="268450132" symbol="drawJailbot3"/>
        <entry filename="/Users/erdalgunes/garmin-jailbot/source/JailbotWatchFaceView.mc" id="131" lineNum="346" parent="globals/JailbotWatchFaceView" pc="268450158" symbol="drawJailbot3"/>
        <entry filename="/Users/erdalgunes/garmin-jailbot/source/JailbotWatchFaceView.mc" id="131" lineNum="347" parent="globals/JailbotWatchFaceView" pc="268450171" symbol="drawJailbot3"/>
        <entry filename="/Users/erdalgunes/garmin-jailbot/source/JailbotWatchFaceView.mc" id="131" lineNum="348" parent="globals/JailbotWatchFaceView" pc="268450178" symbol="drawJailbot3"/>
        <entry filename="/Users/erdalgunes/garmin-jailbot/source/JailbotWatchFaceView.mc" id="131" lineNum="349" parent="globals/JailbotWatchFaceView" pc="268450185" symbol="drawJailbot3"/>
        <entry filename="/Users/erdalgunes/garmin-jailbot/source/JailbotWatchFaceView.mc" id="131" lineNum="350" parent="globals/JailbotWatchFaceView" pc="268450198" symbol="drawJailbot3"/>
        <entry filename="/Users/erdalgunes/garmin-jailbot/source/JailbotWatchFaceView.mc" id="131" lineNum="351" parent="globals/JailbotWatchFaceView" pc="268450211" symbol="drawJailbot3"/>
        <entry filename="/Users/erdalgunes/garmin-jailbot/source/JailbotWatchFaceView.mc" id="131" lineNum="353" parent="globals/JailbotWatchFaceView" pc="268450224" symbol="drawJailbot3"/>
        <entry filename="/Users/erdalgunes/garmin-jailbot/source/JailbotWatchFaceView.mc" id="131" lineNum="355" parent="globals/JailbotWatchFaceView" pc="268450230" symbol="drawJailbot3"/>
        <entry filename="/Users/erdalgunes/garmin-jailbot/source/JailbotWatchFaceView.mc" id="131" lineNum="356" parent="globals/JailbotWatchFaceView" pc="268450246" symbol="drawJailbot3"/>
        <entry filename="/Users/erdalgunes/garmin-jailbot/source/JailbotWatchFaceView.mc" id="131" lineNum="357" parent="globals/JailbotWatchFaceView" pc="268450276" symbol="drawJailbot3"/>
        <entry filename="/Users/erdalgunes/garmin-jailbot/source/JailbotWatchFaceView.mc" id="131" lineNum="360" parent="globals/JailbotWatchFaceView" pc="268450306" symbol="drawJailbot3"/>
        <entry filename="/Users/erdalgunes/garmin-jailbot/source/JailbotWatchFaceView.mc" id="131" lineNum="361" parent="globals/JailbotWatchFaceView" pc="268450323" symbol="drawJailbot3"/>
        <entry filename="/Users/erdalgunes/garmin-jailbot/source/JailbotWatchFaceView.mc" id="131" lineNum="362" parent="globals/JailbotWatchFaceView" pc="268450341" symbol="drawJailbot3"/>
        <entry filename="/Users/erdalgunes/garmin-jailbot/source/JailbotWatchFaceView.mc" id="131" lineNum="366" parent="globals/JailbotWatchFaceView" pc="268450362" symbol="drawJailbot3"/>
        <entry filename="/Users/erdalgunes/garmin-jailbot/source/JailbotWatchFaceView.mc" id="131" lineNum="367" parent="globals/JailbotWatchFaceView" pc="268450379" symbol="drawJailbot3"/>
        <entry filename="/Users/erdalgunes/garmin-jailbot/source/JailbotWatchFaceView.mc" id="131" lineNum="368" parent="globals/JailbotWatchFaceView" pc="268450383" symbol="drawJailbot3"/>
        <entry filename="/Users/erdalgunes/garmin-jailbot/source/JailbotWatchFaceView.mc" id="131" lineNum="369" parent="globals/JailbotWatchFaceView" pc="268450397" symbol="drawJailbot3"/>
        <entry filename="/Users/erdalgunes/garmin-jailbot/source/JailbotWatchFaceView.mc" id="131" lineNum="370" parent="globals/JailbotWatchFaceView" pc="268450407" symbol="drawJailbot3"/>
        <entry filename="/Users/erdalgunes/garmin-jailbot/source/JailbotWatchFaceView.mc" id="131" lineNum="371" parent="globals/JailbotWatchFaceView" pc="268450420" symbol="drawJailbot3"/>
        <entry filename="/Users/erdalgunes/garmin-jailbot/source/JailbotWatchFaceView.mc" id="131" lineNum="374" parent="globals/JailbotWatchFaceView" pc="268450427" symbol="drawJailbot3"/>
        <entry filename="/Users/erdalgunes/garmin-jailbot/source/JailbotWatchFaceView.mc" id="131" lineNum="375" parent="globals/JailbotWatchFaceView" pc="268450434" symbol="drawJailbot3"/>
        <entry filename="/Users/erdalgunes/garmin-jailbot/source/JailbotWatchFaceView.mc" id="131" lineNum="376" parent="globals/JailbotWatchFaceView" pc="268450450" symbol="drawJailbot3"/>
        <entry filename="/Users/erdalgunes/garmin-jailbot/source/JailbotWatchFaceView.mc" id="131" lineNum="379" parent="globals/JailbotWatchFaceView" pc="268450466" symbol="drawJailbot3"/>
        <entry filename="/Users/erdalgunes/garmin-jailbot/source/JailbotWatchFaceView.mc" id="131" lineNum="380" parent="globals/JailbotWatchFaceView" pc="268450483" symbol="drawJailbot3"/>
        <entry filename="/Users/erdalgunes/garmin-jailbot/source/JailbotWatchFaceView.mc" id="131" lineNum="381" parent="globals/JailbotWatchFaceView" pc="268450505" symbol="drawJailbot3"/>
        <entry filename="/Users/erdalgunes/garmin-jailbot/source/JailbotWatchFaceView.mc" id="131" lineNum="384" parent="globals/JailbotWatchFaceView" pc="268450528" symbol="drawJailbot3"/>
        <entry filename="/Users/erdalgunes/garmin-jailbot/source/JailbotWatchFaceView.mc" id="131" lineNum="385" parent="globals/JailbotWatchFaceView" pc="268450544" symbol="drawJailbot3"/>
        <entry filename="/Users/erdalgunes/garmin-jailbot/source/JailbotWatchFaceView.mc" id="131" lineNum="388" parent="globals/JailbotWatchFaceView" pc="268450568" symbol="drawJailbot3"/>
        <entry filename="/Users/erdalgunes/garmin-jailbot/source/JailbotWatchFaceView.mc" id="131" lineNum="389" parent="globals/JailbotWatchFaceView" pc="268450572" symbol="drawJailbot3"/>
        <entry filename="/Users/erdalgunes/garmin-jailbot/source/JailbotWatchFaceView.mc" id="131" lineNum="390" parent="globals/JailbotWatchFaceView" pc="268450582" symbol="drawJailbot3"/>
        <entry filename="/Users/erdalgunes/garmin-jailbot/source/JailbotWatchFaceView.mc" id="131" lineNum="393" parent="globals/JailbotWatchFaceView" pc="268450592" symbol="drawJailbot3"/>
        <entry filename="/Users/erdalgunes/garmin-jailbot/source/JailbotWatchFaceView.mc" id="131" lineNum="394" parent="globals/JailbotWatchFaceView" pc="268450609" symbol="drawJailbot3"/>
        <entry filename="/Users/erdalgunes/garmin-jailbot/source/JailbotWatchFaceView.mc" id="131" lineNum="395" parent="globals/JailbotWatchFaceView" pc="268450619" symbol="drawJailbot3"/>
        <entry filename="/Users/erdalgunes/garmin-jailbot/source/JailbotWatchFaceView.mc" id="131" lineNum="398" parent="globals/JailbotWatchFaceView" pc="268450635" symbol="drawJailbot3"/>
        <entry filename="/Users/erdalgunes/garmin-jailbot/source/JailbotWatchFaceView.mc" id="131" lineNum="401" parent="globals/JailbotWatchFaceView" pc="268450683" symbol="drawJailbot3"/>
        <entry filename="/Users/erdalgunes/garmin-jailbot/source/JailbotWatchFaceView.mc" id="131" lineNum="404" parent="globals/JailbotWatchFaceView" pc="268450707" symbol="drawJailbot3"/>
        <entry filename="/Users/erdalgunes/garmin-jailbot/source/JailbotWatchFaceView.mc" id="131" lineNum="405" parent="globals/JailbotWatchFaceView" pc="268450723" symbol="drawJailbot3"/>
        <entry filename="/Users/erdalgunes/garmin-jailbot/source/JailbotWatchFaceView.mc" id="131" lineNum="406" parent="globals/JailbotWatchFaceView" pc="268450735" symbol="drawJailbot3"/>
        <entry filename="/Users/erdalgunes/garmin-jailbot/source/JailbotWatchFaceView.mc" id="131" lineNum="409" parent="globals/JailbotWatchFaceView" pc="268450753" symbol="drawJailbot3"/>
        <entry filename="/Users/erdalgunes/garmin-jailbot/source/JailbotWatchFaceView.mc" id="131" lineNum="410" parent="globals/JailbotWatchFaceView" pc="268450763" symbol="drawJailbot3"/>
        <entry filename="/Users/erdalgunes/garmin-jailbot/source/JailbotWatchFaceView.mc" id="131" lineNum="412" parent="globals/JailbotWatchFaceView" pc="268450773" symbol="drawJailbot3"/>
        <entry filename="/Users/erdalgunes/garmin-jailbot/source/JailbotWatchFaceView.mc" id="131" lineNum="413" parent="globals/JailbotWatchFaceView" pc="268450789" symbol="drawJailbot3"/>
        <entry filename="/Users/erdalgunes/garmin-jailbot/source/JailbotWatchFaceView.mc" id="131" lineNum="415" parent="globals/JailbotWatchFaceView" pc="268450813" symbol="drawJailbot3"/>
        <entry filename="/Users/erdalgunes/garmin-jailbot/source/JailbotWatchFaceView.mc" id="131" lineNum="416" parent="globals/JailbotWatchFaceView" pc="268450829" symbol="drawJailbot3"/>
        <entry filename="/Users/erdalgunes/garmin-jailbot/source/JailbotWatchFaceView.mc" id="131" lineNum="417" parent="globals/JailbotWatchFaceView" pc="268450841" symbol="drawJailbot3"/>
        <entry filename="/Users/erdalgunes/garmin-jailbot/source/JailbotWatchFaceView.mc" id="131" lineNum="420" parent="globals/JailbotWatchFaceView" pc="268450859" symbol="drawJailbot3"/>
        <entry filename="/Users/erdalgunes/garmin-jailbot/source/JailbotWatchFaceView.mc" id="131" lineNum="421" parent="globals/JailbotWatchFaceView" pc="268450869" symbol="drawJailbot3"/>
        <entry filename="/Users/erdalgunes/garmin-jailbot/source/JailbotWatchFaceView.mc" id="131" lineNum="424" parent="globals/JailbotWatchFaceView" pc="268450886" symbol="drawJailbot3"/>
        <entry filename="/Users/erdalgunes/garmin-jailbot/source/JailbotWatchFaceView.mc" id="131" lineNum="425" parent="globals/JailbotWatchFaceView" pc="268450911" symbol="drawJailbot3"/>
        <entry filename="/Users/erdalgunes/garmin-jailbot/source/JailbotWatchFaceView.mc" id="131" lineNum="426" parent="globals/JailbotWatchFaceView" pc="268450952" symbol="drawJailbot3"/>
        <entry filename="/Users/erdalgunes/garmin-jailbot/source/JailbotWatchFaceView.mc" id="131" lineNum="429" parent="globals/JailbotWatchFaceView" pc="268450978" symbol="drawJailbot3"/>
        <entry filename="/Users/erdalgunes/garmin-jailbot/source/JailbotWatchFaceView.mc" id="131" lineNum="430" parent="globals/JailbotWatchFaceView" pc="268451018" symbol="drawJailbot3"/>
        <entry filename="/Users/erdalgunes/garmin-jailbot/source/JailbotWatchFaceView.mc" id="132" lineNum="433" parent="globals/JailbotWatchFaceView" pc="268451045" symbol="drawJailbot20PixelArt"/>
        <entry filename="/Users/erdalgunes/garmin-jailbot/source/JailbotWatchFaceView.mc" id="132" lineNum="434" parent="globals/JailbotWatchFaceView" pc="268451048" symbol="drawJailbot20PixelArt"/>
        <entry filename="/Users/erdalgunes/garmin-jailbot/source/JailbotWatchFaceView.mc" id="132" lineNum="435" parent="globals/JailbotWatchFaceView" pc="268451055" symbol="drawJailbot20PixelArt"/>
        <entry filename="/Users/erdalgunes/garmin-jailbot/source/JailbotWatchFaceView.mc" id="132" lineNum="437" parent="globals/JailbotWatchFaceView" pc="268451062" symbol="drawJailbot20PixelArt"/>
        <entry filename="/Users/erdalgunes/garmin-jailbot/source/JailbotWatchFaceView.mc" id="132" lineNum="439" parent="globals/JailbotWatchFaceView" pc="268451116" symbol="drawJailbot20PixelArt"/>
        <entry filename="/Users/erdalgunes/garmin-jailbot/source/JailbotWatchFaceView.mc" id="132" lineNum="440" parent="globals/JailbotWatchFaceView" pc="268451128" symbol="drawJailbot20PixelArt"/>
        <entry filename="/Users/erdalgunes/garmin-jailbot/source/JailbotWatchFaceView.mc" id="132" lineNum="441" parent="globals/JailbotWatchFaceView" pc="268451136" symbol="drawJailbot20PixelArt"/>
        <entry filename="/Users/erdalgunes/garmin-jailbot/source/JailbotWatchFaceView.mc" id="132" lineNum="444" parent="globals/JailbotWatchFaceView" pc="268451144" symbol="drawJailbot20PixelArt"/>
        <entry filename="/Users/erdalgunes/garmin-jailbot/source/JailbotWatchFaceView.mc" id="132" lineNum="445" parent="globals/JailbotWatchFaceView" pc="268451156" symbol="drawJailbot20PixelArt"/>
        <entry filename="/Users/erdalgunes/garmin-jailbot/source/JailbotWatchFaceView.mc" id="132" lineNum="448" parent="globals/JailbotWatchFaceView" pc="268451164" symbol="drawJailbot20PixelArt"/>
        <entry filename="/Users/erdalgunes/garmin-jailbot/source/JailbotWatchFaceView.mc" id="132" lineNum="451" parent="globals/JailbotWatchFaceView" pc="268451187" symbol="drawJailbot20PixelArt"/>
        <entry filename="/Users/erdalgunes/garmin-jailbot/source/JailbotWatchFaceView.mc" id="132" lineNum="452" parent="globals/JailbotWatchFaceView" pc="268451198" symbol="drawJailbot20PixelArt"/>
        <entry filename="/Users/erdalgunes/garmin-jailbot/source/JailbotWatchFaceView.mc" id="132" lineNum="453" parent="globals/JailbotWatchFaceView" pc="268451214" symbol="drawJailbot20PixelArt"/>
        <entry filename="/Users/erdalgunes/garmin-jailbot/source/JailbotWatchFaceView.mc" id="132" lineNum="454" parent="globals/JailbotWatchFaceView" pc="268451236" symbol="drawJailbot20PixelArt"/>
        <entry filename="/Users/erdalgunes/garmin-jailbot/source/JailbotWatchFaceView.mc" id="132" lineNum="456" parent="globals/JailbotWatchFaceView" pc="268451258" symbol="drawJailbot20PixelArt"/>
        <entry filename="/Users/erdalgunes/garmin-jailbot/source/JailbotWatchFaceView.mc" id="132" lineNum="458" parent="globals/JailbotWatchFaceView" pc="268451274" symbol="drawJailbot20PixelArt"/>
        <entry filename="/Users/erdalgunes/garmin-jailbot/source/JailbotWatchFaceView.mc" id="132" lineNum="460" parent="globals/JailbotWatchFaceView" pc="268451284" symbol="drawJailbot20PixelArt"/>
        <entry filename="/Users/erdalgunes/garmin-jailbot/source/JailbotWatchFaceView.mc" id="132" lineNum="462" parent="globals/JailbotWatchFaceView" pc="268451291" symbol="drawJailbot20PixelArt"/>
        <entry filename="/Users/erdalgunes/garmin-jailbot/source/JailbotWatchFaceView.mc" id="132" lineNum="464" parent="globals/JailbotWatchFaceView" pc="268451320" symbol="drawJailbot20PixelArt"/>
        <entry filename="/Users/erdalgunes/garmin-jailbot/source/JailbotWatchFaceView.mc" id="132" lineNum="468" parent="globals/JailbotWatchFaceView" pc="268451349" symbol="drawJailbot20PixelArt"/>
        <entry filename="/Users/erdalgunes/garmin-jailbot/source/JailbotWatchFaceView.mc" id="132" lineNum="474" parent="globals/JailbotWatchFaceView" pc="268451385" symbol="drawJailbot20PixelArt"/>
        <entry filename="/Users/erdalgunes/garmin-jailbot/source/JailbotWatchFaceView.mc" id="132" lineNum="475" parent="globals/JailbotWatchFaceView" pc="268451398" symbol="drawJailbot20PixelArt"/>
        <entry filename="/Users/erdalgunes/garmin-jailbot/source/JailbotWatchFaceView.mc" id="132" lineNum="477" parent="globals/JailbotWatchFaceView" pc="268451411" symbol="drawJailbot20PixelArt"/>
        <entry filename="/Users/erdalgunes/garmin-jailbot/source/JailbotWatchFaceView.mc" id="132" lineNum="480" parent="globals/JailbotWatchFaceView" pc="268451428" symbol="drawJailbot20PixelArt"/>
        <entry filename="/Users/erdalgunes/garmin-jailbot/source/JailbotWatchFaceView.mc" id="132" lineNum="481" parent="globals/JailbotWatchFaceView" pc="268451438" symbol="drawJailbot20PixelArt"/>
        <entry filename="/Users/erdalgunes/garmin-jailbot/source/JailbotWatchFaceView.mc" id="132" lineNum="482" parent="globals/JailbotWatchFaceView" pc="268451458" symbol="drawJailbot20PixelArt"/>
        <entry filename="/Users/erdalgunes/garmin-jailbot/source/JailbotWatchFaceView.mc" id="132" lineNum="486" parent="globals/JailbotWatchFaceView" pc="268451484" symbol="drawJailbot20PixelArt"/>
        <entry filename="/Users/erdalgunes/garmin-jailbot/source/JailbotWatchFaceView.mc" id="132" lineNum="488" parent="globals/JailbotWatchFaceView" pc="268451488" symbol="drawJailbot20PixelArt"/>
        <entry filename="/Users/erdalgunes/garmin-jailbot/source/JailbotWatchFaceView.mc" id="132" lineNum="489" parent="globals/JailbotWatchFaceView" pc="268451514" symbol="drawJailbot20PixelArt"/>
        <entry filename="/Users/erdalgunes/garmin-jailbot/source/JailbotWatchFaceView.mc" id="132" lineNum="493" parent="globals/JailbotWatchFaceView" pc="268451549" symbol="drawJailbot20PixelArt"/>
        <entry filename="/Users/erdalgunes/garmin-jailbot/source/JailbotWatchFaceView.mc" id="132" lineNum="494" parent="globals/JailbotWatchFaceView" pc="268451565" symbol="drawJailbot20PixelArt"/>
        <entry filename="/Users/erdalgunes/garmin-jailbot/source/JailbotWatchFaceView.mc" id="132" lineNum="495" parent="globals/JailbotWatchFaceView" pc="268451572" symbol="drawJailbot20PixelArt"/>
        <entry filename="/Users/erdalgunes/garmin-jailbot/source/JailbotWatchFaceView.mc" id="132" lineNum="496" parent="globals/JailbotWatchFaceView" pc="268451594" symbol="drawJailbot20PixelArt"/>
        <entry filename="/Users/erdalgunes/garmin-jailbot/source/JailbotWatchFaceView.mc" id="132" lineNum="499" parent="globals/JailbotWatchFaceView" pc="268451616" symbol="drawJailbot20PixelArt"/>
        <entry filename="/Users/erdalgunes/garmin-jailbot/source/JailbotWatchFaceView.mc" id="132" lineNum="500" parent="globals/JailbotWatchFaceView" pc="268451620" symbol="drawJailbot20PixelArt"/>
        <entry filename="/Users/erdalgunes/garmin-jailbot/source/JailbotWatchFaceView.mc" id="132" lineNum="502" parent="globals/JailbotWatchFaceView" pc="268451637" symbol="drawJailbot20PixelArt"/>
        <entry filename="/Users/erdalgunes/garmin-jailbot/source/JailbotWatchFaceView.mc" id="132" lineNum="503" parent="globals/JailbotWatchFaceView" pc="268451643" symbol="drawJailbot20PixelArt"/>
        <entry filename="/Users/erdalgunes/garmin-jailbot/source/JailbotWatchFaceView.mc" id="132" lineNum="504" parent="globals/JailbotWatchFaceView" pc="268451650" symbol="drawJailbot20PixelArt"/>
        <entry filename="/Users/erdalgunes/garmin-jailbot/source/JailbotWatchFaceView.mc" id="132" lineNum="505" parent="globals/JailbotWatchFaceView" pc="268451657" symbol="drawJailbot20PixelArt"/>
        <entry filename="/Users/erdalgunes/garmin-jailbot/source/JailbotWatchFaceView.mc" id="132" lineNum="506" parent="globals/JailbotWatchFaceView" pc="268451665" symbol="drawJailbot20PixelArt"/>
        <entry filename="/Users/erdalgunes/garmin-jailbot/source/JailbotWatchFaceView.mc" id="132" lineNum="510" parent="globals/JailbotWatchFaceView" pc="268451678" symbol="drawJailbot20PixelArt"/>
        <entry filename="/Users/erdalgunes/garmin-jailbot/source/JailbotWatchFaceView.mc" id="132" lineNum="513" parent="globals/JailbotWatchFaceView" pc="268451694" symbol="drawJailbot20PixelArt"/>
        <entry filename="/Users/erdalgunes/garmin-jailbot/source/JailbotWatchFaceView.mc" id="132" lineNum="514" parent="globals/JailbotWatchFaceView" pc="268451707" symbol="drawJailbot20PixelArt"/>
        <entry filename="/Users/erdalgunes/garmin-jailbot/source/JailbotWatchFaceView.mc" id="132" lineNum="517" parent="globals/JailbotWatchFaceView" pc="268451733" symbol="drawJailbot20PixelArt"/>
        <entry filename="/Users/erdalgunes/garmin-jailbot/source/JailbotWatchFaceView.mc" id="132" lineNum="518" parent="globals/JailbotWatchFaceView" pc="268451749" symbol="drawJailbot20PixelArt"/>
        <entry filename="/Users/erdalgunes/garmin-jailbot/source/JailbotWatchFaceView.mc" id="133" lineNum="66" parent="globals/JailbotWatchFaceView" pc="268451770" symbol="onPartialUpdate"/>
        <entry filename="/Users/erdalgunes/garmin-jailbot/source/JailbotWatchFaceView.mc" id="133" lineNum="67" parent="globals/JailbotWatchFaceView" pc="268451773" symbol="onPartialUpdate"/>
        <entry filename="/Users/erdalgunes/garmin-jailbot/source/JailbotWatchFaceView.mc" id="133" lineNum="69" parent="globals/JailbotWatchFaceView" pc="268451781" symbol="onPartialUpdate"/>
        <entry filename="/Users/erdalgunes/garmin-jailbot/source/JailbotWatchFaceView.mc" id="133" lineNum="70" parent="globals/JailbotWatchFaceView" pc="268451790" symbol="onPartialUpdate"/>
        <entry filename="/Users/erdalgunes/garmin-jailbot/source/JailbotWatchFaceView.mc" id="133" lineNum="72" parent="globals/JailbotWatchFaceView" pc="268451799" symbol="onPartialUpdate"/>
        <entry filename="/Users/erdalgunes/garmin-jailbot/source/JailbotWatchFaceView.mc" id="134" lineNum="152" parent="globals/JailbotWatchFaceView" pc="268451820" symbol="drawHollowDigit"/>
        <entry filename="/Users/erdalgunes/garmin-jailbot/source/JailbotWatchFaceView.mc" id="134" lineNum="153" parent="globals/JailbotWatchFaceView" pc="268451823" symbol="drawHollowDigit"/>
        <entry filename="/Users/erdalgunes/garmin-jailbot/source/JailbotWatchFaceView.mc" id="134" lineNum="154" parent="globals/JailbotWatchFaceView" pc="268451834" symbol="drawHollowDigit"/>
        <entry filename="/Users/erdalgunes/garmin-jailbot/source/JailbotWatchFaceView.mc" id="134" lineNum="155" parent="globals/JailbotWatchFaceView" pc="268451845" symbol="drawHollowDigit"/>
        <entry filename="/Users/erdalgunes/garmin-jailbot/source/JailbotWatchFaceView.mc" id="134" lineNum="156" parent="globals/JailbotWatchFaceView" pc="268451859" symbol="drawHollowDigit"/>
        <entry filename="/Users/erdalgunes/garmin-jailbot/source/JailbotWatchFaceView.mc" id="136" lineNum="17" parent="globals/JailbotWatchFaceView" pc="268451912" symbol="initialize"/>
        <entry filename="/Users/erdalgunes/garmin-jailbot/source/JailbotWatchFaceView.mc" id="136" lineNum="18" parent="globals/JailbotWatchFaceView" pc="268451914" symbol="initialize"/>
        <entry filename="/Users/erdalgunes/garmin-jailbot/source/JailbotWatchFaceView.mc" id="136" lineNum="21" parent="globals/JailbotWatchFaceView" pc="268451926" symbol="initialize"/>
        <entry filename="/Users/erdalgunes/garmin-jailbot/source/JailbotWatchFaceView.mc" id="136" lineNum="22" parent="globals/JailbotWatchFaceView" pc="268451934" symbol="initialize"/>
        <entry filename="/Users/erdalgunes/garmin-jailbot/source/JailbotWatchFaceView.mc" id="136" lineNum="25" parent="globals/JailbotWatchFaceView" pc="268451963" symbol="initialize"/>
        <entry filename="/Users/erdalgunes/garmin-jailbot/source/JailbotWatchFaceView.mc" id="136" lineNum="26" parent="globals/JailbotWatchFaceView" pc="268451988" symbol="initialize"/>
        <entry filename="/Users/erdalgunes/garmin-jailbot/source/JailbotWatchFaceView.mc" id="136" lineNum="29" parent="globals/JailbotWatchFaceView" pc="268452013" symbol="initialize"/>
        <entry filename="/Users/erdalgunes/garmin-jailbot/source/JailbotWatchFaceView.mc" id="137" lineNum="75" parent="globals/JailbotWatchFaceView" pc="268452043" symbol="onHide"/>
        <entry filename="/Users/erdalgunes/garmin-jailbot/source/JailbotWatchFaceView.mc" id="137" lineNum="77" parent="globals/JailbotWatchFaceView" pc="268452045" symbol="onHide"/>
        <entry filename="/Users/erdalgunes/garmin-jailbot/source/JailbotWatchFaceView.mc" id="138" lineNum="56" parent="globals/JailbotWatchFaceView" pc="268452058" symbol="onUpdate"/>
        <entry filename="/Users/erdalgunes/garmin-jailbot/source/JailbotWatchFaceView.mc" id="138" lineNum="57" parent="globals/JailbotWatchFaceView" pc="268452061" symbol="onUpdate"/>
        <entry filename="/Users/erdalgunes/garmin-jailbot/source/JailbotWatchFaceView.mc" id="138" lineNum="59" parent="globals/JailbotWatchFaceView" pc="268452069" symbol="onUpdate"/>
        <entry filename="/Users/erdalgunes/garmin-jailbot/source/JailbotWatchFaceView.mc" id="138" lineNum="60" parent="globals/JailbotWatchFaceView" pc="268452078" symbol="onUpdate"/>
        <entry filename="/Users/erdalgunes/garmin-jailbot/source/JailbotWatchFaceView.mc" id="138" lineNum="63" parent="globals/JailbotWatchFaceView" pc="268452087" symbol="onUpdate"/>
        <entry filename="/Users/erdalgunes/garmin-jailbot/source/JailbotWatchFaceView.mc" id="139" lineNum="179" parent="globals/JailbotWatchFaceView" pc="268452103" symbol="drawDirectAnalogJailbot"/>
        <entry filename="/Users/erdalgunes/garmin-jailbot/source/JailbotWatchFaceView.mc" id="139" lineNum="181" parent="globals/JailbotWatchFaceView" pc="268452105" symbol="drawDirectAnalogJailbot"/>
        <entry filename="/Users/erdalgunes/garmin-jailbot/source/JailbotWatchFaceView.mc" id="139" lineNum="182" parent="globals/JailbotWatchFaceView" pc="268452117" symbol="drawDirectAnalogJailbot"/>
        <entry filename="/Users/erdalgunes/garmin-jailbot/source/JailbotWatchFaceView.mc" id="139" lineNum="185" parent="globals/JailbotWatchFaceView" pc="268452125" symbol="drawDirectAnalogJailbot"/>
        <entry filename="/Users/erdalgunes/garmin-jailbot/source/MoodSystem.mc" id="140" lineNum="13" parent="globals/IMoodState" pc="268452141" symbol="score"/>
        <entry filename="/Users/erdalgunes/garmin-jailbot/source/MoodSystem.mc" id="140" lineNum="14" parent="globals/IMoodState" pc="268452143" symbol="score"/>
        <entry filename="/Users/erdalgunes/garmin-jailbot/source/MoodSystem.mc" id="141" lineNum="21" parent="globals/IMoodState" pc="268452145" symbol="exit"/>
        <entry filename="/Users/erdalgunes/garmin-jailbot/source/MoodSystem.mc" id="142" lineNum="39" parent="globals/IMoodState" pc="268452148" symbol="aodExpression"/>
        <entry filename="/Users/erdalgunes/garmin-jailbot/source/MoodSystem.mc" id="142" lineNum="40" parent="globals/IMoodState" pc="268452150" symbol="aodExpression"/>
        <entry filename="/Users/erdalgunes/garmin-jailbot/source/MoodSystem.mc" id="143" lineNum="48" parent="globals/IMoodState" pc="268452196" symbol="getExpression"/>
        <entry filename="/Users/erdalgunes/garmin-jailbot/source/MoodSystem.mc" id="143" lineNum="49" parent="globals/IMoodState" pc="268452198" symbol="getExpression"/>
        <entry filename="/Users/erdalgunes/garmin-jailbot/source/MoodSystem.mc" id="144" lineNum="25" parent="globals/IMoodState" pc="268452283" symbol="allowedVariants"/>
        <entry filename="/Users/erdalgunes/garmin-jailbot/source/MoodSystem.mc" id="144" lineNum="26" parent="globals/IMoodState" pc="268452285" symbol="allowedVariants"/>
        <entry filename="/Users/erdalgunes/garmin-jailbot/source/MoodSystem.mc" id="145" lineNum="29" parent="globals/IMoodState" pc="268452291" symbol="blinkProfile"/>
        <entry filename="/Users/erdalgunes/garmin-jailbot/source/MoodSystem.mc" id="145" lineNum="30" parent="globals/IMoodState" pc="268452293" symbol="blinkProfile"/>
        <entry filename="/Users/erdalgunes/garmin-jailbot/source/MoodSystem.mc" id="146" lineNum="61" parent="globals/IMoodState" pc="268452347" symbol="getEmoticon"/>
        <entry filename="/Users/erdalgunes/garmin-jailbot/source/MoodSystem.mc" id="146" lineNum="62" parent="globals/IMoodState" pc="268452349" symbol="getEmoticon"/>
        <entry filename="/Users/erdalgunes/garmin-jailbot/source/MoodSystem.mc" id="147" lineNum="9" parent="globals/IMoodState" pc="268452355" symbol="id"/>
        <entry filename="/Users/erdalgunes/garmin-jailbot/source/MoodSystem.mc" id="147" lineNum="10" parent="globals/IMoodState" pc="268452357" symbol="id"/>
        <entry filename="/Users/erdalgunes/garmin-jailbot/source/MoodSystem.mc" id="148" lineNum="17" parent="globals/IMoodState" pc="268452363" symbol="enter"/>
        <entry filename="/Users/erdalgunes/garmin-jailbot/source/MoodEngine.mc" id="150" lineNum="276" parent="globals/BlinkScheduler" pc="268452366" symbol="&lt;globals/BlinkScheduler/&lt;&gt;scheduleNextBlink&gt;"/>
        <entry filename="/Users/erdalgunes/garmin-jailbot/source/MoodEngine.mc" id="150" lineNum="278" parent="globals/BlinkScheduler" pc="268452369" symbol="&lt;globals/BlinkScheduler/&lt;&gt;scheduleNextBlink&gt;"/>
        <entry filename="/Users/erdalgunes/garmin-jailbot/source/MoodEngine.mc" id="150" lineNum="279" parent="globals/BlinkScheduler" pc="268452389" symbol="&lt;globals/BlinkScheduler/&lt;&gt;scheduleNextBlink&gt;"/>
        <entry filename="/Users/erdalgunes/garmin-jailbot/source/MoodEngine.mc" id="150" lineNum="280" parent="globals/BlinkScheduler" pc="268452409" symbol="&lt;globals/BlinkScheduler/&lt;&gt;scheduleNextBlink&gt;"/>
        <entry filename="/Users/erdalgunes/garmin-jailbot/source/MoodEngine.mc" id="150" lineNum="283" parent="globals/BlinkScheduler" pc="268452429" symbol="&lt;globals/BlinkScheduler/&lt;&gt;scheduleNextBlink&gt;"/>
        <entry filename="/Users/erdalgunes/garmin-jailbot/source/MoodEngine.mc" id="150" lineNum="285" parent="globals/BlinkScheduler" pc="268452445" symbol="&lt;globals/BlinkScheduler/&lt;&gt;scheduleNextBlink&gt;"/>
        <entry filename="/Users/erdalgunes/garmin-jailbot/source/MoodEngine.mc" id="151" lineNum="308" parent="globals/BlinkScheduler" pc="268452466" symbol="getBlinkPhase"/>
        <entry filename="/Users/erdalgunes/garmin-jailbot/source/MoodEngine.mc" id="151" lineNum="309" parent="globals/BlinkScheduler" pc="268452469" symbol="getBlinkPhase"/>
        <entry filename="/Users/erdalgunes/garmin-jailbot/source/MoodEngine.mc" id="151" lineNum="310" parent="globals/BlinkScheduler" pc="268452478" symbol="getBlinkPhase"/>
        <entry filename="/Users/erdalgunes/garmin-jailbot/source/MoodEngine.mc" id="151" lineNum="313" parent="globals/BlinkScheduler" pc="268452483" symbol="getBlinkPhase"/>
        <entry filename="/Users/erdalgunes/garmin-jailbot/source/MoodEngine.mc" id="151" lineNum="314" parent="globals/BlinkScheduler" pc="268452501" symbol="getBlinkPhase"/>
        <entry filename="/Users/erdalgunes/garmin-jailbot/source/MoodEngine.mc" id="151" lineNum="316" parent="globals/BlinkScheduler" pc="268452516" symbol="getBlinkPhase"/>
        <entry filename="/Users/erdalgunes/garmin-jailbot/source/MoodEngine.mc" id="151" lineNum="317" parent="globals/BlinkScheduler" pc="268452527" symbol="getBlinkPhase"/>
        <entry filename="/Users/erdalgunes/garmin-jailbot/source/MoodEngine.mc" id="151" lineNum="321" parent="globals/BlinkScheduler" pc="268452532" symbol="getBlinkPhase"/>
        <entry filename="/Users/erdalgunes/garmin-jailbot/source/MoodEngine.mc" id="152" lineNum="324" parent="globals/BlinkScheduler" pc="268452553" symbol="&lt;globals/BlinkScheduler/&lt;&gt;getDefaultProfile&gt;"/>
        <entry filename="/Users/erdalgunes/garmin-jailbot/source/MoodEngine.mc" id="152" lineNum="325" parent="globals/BlinkScheduler" pc="268452555" symbol="&lt;globals/BlinkScheduler/&lt;&gt;getDefaultProfile&gt;"/>
        <entry filename="/Users/erdalgunes/garmin-jailbot/source/MoodEngine.mc" id="153" lineNum="270" parent="globals/BlinkScheduler" pc="268452609" symbol="&lt;globals/BlinkScheduler/&lt;&gt;startBlink&gt;"/>
        <entry filename="/Users/erdalgunes/garmin-jailbot/source/MoodEngine.mc" id="153" lineNum="271" parent="globals/BlinkScheduler" pc="268452611" symbol="&lt;globals/BlinkScheduler/&lt;&gt;startBlink&gt;"/>
        <entry filename="/Users/erdalgunes/garmin-jailbot/source/MoodEngine.mc" id="153" lineNum="272" parent="globals/BlinkScheduler" pc="268452619" symbol="&lt;globals/BlinkScheduler/&lt;&gt;startBlink&gt;"/>
        <entry filename="/Users/erdalgunes/garmin-jailbot/source/MoodEngine.mc" id="153" lineNum="273" parent="globals/BlinkScheduler" pc="268452636" symbol="&lt;globals/BlinkScheduler/&lt;&gt;startBlink&gt;"/>
        <entry filename="/Users/erdalgunes/garmin-jailbot/source/MoodEngine.mc" id="154" lineNum="288" parent="globals/BlinkScheduler" pc="268452646" symbol="&lt;globals/BlinkScheduler/&lt;&gt;generateBlinkInterval&gt;"/>
        <entry filename="/Users/erdalgunes/garmin-jailbot/source/MoodEngine.mc" id="154" lineNum="290" parent="globals/BlinkScheduler" pc="268452649" symbol="&lt;globals/BlinkScheduler/&lt;&gt;generateBlinkInterval&gt;"/>
        <entry filename="/Users/erdalgunes/garmin-jailbot/source/MoodEngine.mc" id="154" lineNum="291" parent="globals/BlinkScheduler" pc="268452656" symbol="&lt;globals/BlinkScheduler/&lt;&gt;generateBlinkInterval&gt;"/>
        <entry filename="/Users/erdalgunes/garmin-jailbot/source/MoodEngine.mc" id="154" lineNum="293" parent="globals/BlinkScheduler" pc="268452666" symbol="&lt;globals/BlinkScheduler/&lt;&gt;generateBlinkInterval&gt;"/>
        <entry filename="/Users/erdalgunes/garmin-jailbot/source/MoodEngine.mc" id="154" lineNum="294" parent="globals/BlinkScheduler" pc="268452688" symbol="&lt;globals/BlinkScheduler/&lt;&gt;generateBlinkInterval&gt;"/>
        <entry filename="/Users/erdalgunes/garmin-jailbot/source/MoodEngine.mc" id="154" lineNum="297" parent="globals/BlinkScheduler" pc="268452710" symbol="&lt;globals/BlinkScheduler/&lt;&gt;generateBlinkInterval&gt;"/>
        <entry filename="/Users/erdalgunes/garmin-jailbot/source/MoodEngine.mc" id="154" lineNum="301" parent="globals/BlinkScheduler" pc="268452787" symbol="&lt;globals/BlinkScheduler/&lt;&gt;generateBlinkInterval&gt;"/>
        <entry filename="/Users/erdalgunes/garmin-jailbot/source/MoodEngine.mc" id="155" lineNum="236" parent="globals/BlinkScheduler" pc="268452796" symbol="update"/>
        <entry filename="/Users/erdalgunes/garmin-jailbot/source/MoodEngine.mc" id="155" lineNum="237" parent="globals/BlinkScheduler" pc="268452799" symbol="update"/>
        <entry filename="/Users/erdalgunes/garmin-jailbot/source/MoodEngine.mc" id="155" lineNum="238" parent="globals/BlinkScheduler" pc="268452808" symbol="update"/>
        <entry filename="/Users/erdalgunes/garmin-jailbot/source/MoodEngine.mc" id="155" lineNum="241" parent="globals/BlinkScheduler" pc="268452820" symbol="update"/>
        <entry filename="/Users/erdalgunes/garmin-jailbot/source/MoodEngine.mc" id="155" lineNum="242" parent="globals/BlinkScheduler" pc="268452828" symbol="update"/>
        <entry filename="/Users/erdalgunes/garmin-jailbot/source/MoodEngine.mc" id="155" lineNum="243" parent="globals/BlinkScheduler" pc="268452851" symbol="update"/>
        <entry filename="/Users/erdalgunes/garmin-jailbot/source/MoodEngine.mc" id="155" lineNum="244" parent="globals/BlinkScheduler" pc="268452859" symbol="update"/>
        <entry filename="/Users/erdalgunes/garmin-jailbot/source/MoodEngine.mc" id="155" lineNum="248" parent="globals/BlinkScheduler" pc="268452863" symbol="update"/>
        <entry filename="/Users/erdalgunes/garmin-jailbot/source/MoodEngine.mc" id="155" lineNum="249" parent="globals/BlinkScheduler" pc="268452883" symbol="update"/>
        <entry filename="/Users/erdalgunes/garmin-jailbot/source/MoodEngine.mc" id="155" lineNum="252" parent="globals/BlinkScheduler" pc="268452906" symbol="update"/>
        <entry filename="/Users/erdalgunes/garmin-jailbot/source/MoodEngine.mc" id="155" lineNum="254" parent="globals/BlinkScheduler" pc="268452942" symbol="update"/>
        <entry filename="/Users/erdalgunes/garmin-jailbot/source/MoodEngine.mc" id="155" lineNum="256" parent="globals/BlinkScheduler" pc="268452972" symbol="update"/>
        <entry filename="/Users/erdalgunes/garmin-jailbot/source/MoodEngine.mc" id="155" lineNum="261" parent="globals/BlinkScheduler" pc="268452986" symbol="update"/>
        <entry filename="/Users/erdalgunes/garmin-jailbot/source/MoodEngine.mc" id="155" lineNum="262" parent="globals/BlinkScheduler" pc="268453011" symbol="update"/>
        <entry filename="/Users/erdalgunes/garmin-jailbot/source/MoodEngine.mc" id="155" lineNum="264" parent="globals/BlinkScheduler" pc="268453019" symbol="update"/>
        <entry filename="/Users/erdalgunes/garmin-jailbot/source/MoodEngine.mc" id="155" lineNum="265" parent="globals/BlinkScheduler" pc="268453030" symbol="update"/>
        <entry filename="/Users/erdalgunes/garmin-jailbot/source/MoodEngine.mc" id="156" lineNum="304" parent="globals/BlinkScheduler" pc="268453048" symbol="triggerEventBlink"/>
        <entry filename="/Users/erdalgunes/garmin-jailbot/source/MoodEngine.mc" id="156" lineNum="305" parent="globals/BlinkScheduler" pc="268453050" symbol="triggerEventBlink"/>
        <entry filename="/Users/erdalgunes/garmin-jailbot/source/MoodEngine.mc" id="157" lineNum="225" parent="globals/BlinkScheduler" pc="268453059" symbol="initialize"/>
        <entry filename="/Users/erdalgunes/garmin-jailbot/source/MoodEngine.mc" id="157" lineNum="226" parent="globals/BlinkScheduler" pc="268453061" symbol="initialize"/>
        <entry filename="/Users/erdalgunes/garmin-jailbot/source/MoodEngine.mc" id="157" lineNum="227" parent="globals/BlinkScheduler" pc="268453069" symbol="initialize"/>
        <entry filename="/Users/erdalgunes/garmin-jailbot/source/MoodEngine.mc" id="157" lineNum="228" parent="globals/BlinkScheduler" pc="268453077" symbol="initialize"/>
        <entry filename="/Users/erdalgunes/garmin-jailbot/source/MoodEngine.mc" id="157" lineNum="229" parent="globals/BlinkScheduler" pc="268453086" symbol="initialize"/>
        <entry filename="/Users/erdalgunes/garmin-jailbot/source/MoodEngine.mc" id="157" lineNum="230" parent="globals/BlinkScheduler" pc="268453094" symbol="initialize"/>
        <entry filename="/Users/erdalgunes/garmin-jailbot/source/MoodEngine.mc" id="157" lineNum="231" parent="globals/BlinkScheduler" pc="268453102" symbol="initialize"/>
        <entry filename="/Users/erdalgunes/garmin-jailbot/source/MoodEngine.mc" id="157" lineNum="233" parent="globals/BlinkScheduler" pc="268453110" symbol="initialize"/>
        <entry filename="/Users/erdalgunes/garmin-jailbot/source/MoodSystem.mc" id="158" lineNum="255" parent="globals/RecoveringState" pc="268453126" symbol="score"/>
        <entry filename="/Users/erdalgunes/garmin-jailbot/source/MoodSystem.mc" id="158" lineNum="256" parent="globals/RecoveringState" pc="268453128" symbol="score"/>
        <entry filename="/Users/erdalgunes/garmin-jailbot/source/MoodSystem.mc" id="158" lineNum="256" parent="globals/RecoveringState" pc="268453137" symbol="score"/>
        <entry filename="/Users/erdalgunes/garmin-jailbot/source/MoodSystem.mc" id="158" lineNum="257" parent="globals/RecoveringState" pc="268453146" symbol="score"/>
        <entry filename="/Users/erdalgunes/garmin-jailbot/source/MoodSystem.mc" id="158" lineNum="257" parent="globals/RecoveringState" pc="268453170" symbol="score"/>
        <entry filename="/Users/erdalgunes/garmin-jailbot/source/MoodSystem.mc" id="158" lineNum="258" parent="globals/RecoveringState" pc="268453179" symbol="score"/>
        <entry filename="/Users/erdalgunes/garmin-jailbot/source/MoodSystem.mc" id="159" lineNum="271" parent="globals/RecoveringState" pc="268453181" symbol="getExpression"/>
        <entry filename="/Users/erdalgunes/garmin-jailbot/source/MoodSystem.mc" id="159" lineNum="272" parent="globals/RecoveringState" pc="268453183" symbol="getExpression"/>
        <entry filename="/Users/erdalgunes/garmin-jailbot/source/MoodSystem.mc" id="160" lineNum="261" parent="globals/RecoveringState" pc="268453272" symbol="blinkProfile"/>
        <entry filename="/Users/erdalgunes/garmin-jailbot/source/MoodSystem.mc" id="160" lineNum="262" parent="globals/RecoveringState" pc="268453274" symbol="blinkProfile"/>
        <entry filename="/Users/erdalgunes/garmin-jailbot/source/MoodSystem.mc" id="161" lineNum="284" parent="globals/RecoveringState" pc="268453328" symbol="getEmoticon"/>
        <entry filename="/Users/erdalgunes/garmin-jailbot/source/MoodSystem.mc" id="161" lineNum="285" parent="globals/RecoveringState" pc="268453330" symbol="getEmoticon"/>
        <entry filename="/Users/erdalgunes/garmin-jailbot/source/MoodSystem.mc" id="162" lineNum="253" parent="globals/RecoveringState" pc="268453336" symbol="id"/>
        <entry filename="/Users/erdalgunes/garmin-jailbot/source/MoodSystem.mc" id="162" lineNum="253" parent="globals/RecoveringState" pc="268453338" symbol="id"/>
        <entry filename="/Users/erdalgunes/garmin-jailbot/source/PixelResolution.mc" id="164" lineNum="29" parent="globals/PixelResolution/PixelMetrics" pc="268453344" symbol="getCellX"/>
        <entry filename="/Users/erdalgunes/garmin-jailbot/source/PixelResolution.mc" id="164" lineNum="30" parent="globals/PixelResolution/PixelMetrics" pc="268453346" symbol="getCellX"/>
        <entry filename="/Users/erdalgunes/garmin-jailbot/source/PixelResolution.mc" id="165" lineNum="33" parent="globals/PixelResolution/PixelMetrics" pc="268453367" symbol="getCellY"/>
        <entry filename="/Users/erdalgunes/garmin-jailbot/source/PixelResolution.mc" id="165" lineNum="34" parent="globals/PixelResolution/PixelMetrics" pc="268453369" symbol="getCellY"/>
        <entry filename="/Users/erdalgunes/garmin-jailbot/source/PixelResolution.mc" id="166" lineNum="37" parent="globals/PixelResolution/PixelMetrics" pc="268453390" symbol="getTotalWidth"/>
        <entry filename="/Users/erdalgunes/garmin-jailbot/source/PixelResolution.mc" id="166" lineNum="38" parent="globals/PixelResolution/PixelMetrics" pc="268453392" symbol="getTotalWidth"/>
        <entry filename="/Users/erdalgunes/garmin-jailbot/source/PixelResolution.mc" id="167" lineNum="41" parent="globals/PixelResolution/PixelMetrics" pc="268453413" symbol="getTotalHeight"/>
        <entry filename="/Users/erdalgunes/garmin-jailbot/source/PixelResolution.mc" id="167" lineNum="42" parent="globals/PixelResolution/PixelMetrics" pc="268453415" symbol="getTotalHeight"/>
        <entry filename="/Users/erdalgunes/garmin-jailbot/source/PixelResolution.mc" id="168" lineNum="22" parent="globals/PixelResolution/PixelMetrics" pc="268453436" symbol="initialize"/>
        <entry filename="/Users/erdalgunes/garmin-jailbot/source/PixelResolution.mc" id="168" lineNum="23" parent="globals/PixelResolution/PixelMetrics" pc="268453438" symbol="initialize"/>
        <entry filename="/Users/erdalgunes/garmin-jailbot/source/PixelResolution.mc" id="168" lineNum="24" parent="globals/PixelResolution/PixelMetrics" pc="268453447" symbol="initialize"/>
        <entry filename="/Users/erdalgunes/garmin-jailbot/source/PixelResolution.mc" id="168" lineNum="25" parent="globals/PixelResolution/PixelMetrics" pc="268453456" symbol="initialize"/>
        <entry filename="/Users/erdalgunes/garmin-jailbot/source/PixelResolution.mc" id="168" lineNum="26" parent="globals/PixelResolution/PixelMetrics" pc="268453465" symbol="initialize"/>
        <entry filename="/Users/erdalgunes/garmin-jailbot/source/PixelResolution.mc" id="169" lineNum="57" parent="globals/PixelResolution/ResolutionManager" pc="268453475" symbol="updateScale"/>
        <entry filename="/Users/erdalgunes/garmin-jailbot/source/PixelResolution.mc" id="169" lineNum="58" parent="globals/PixelResolution/ResolutionManager" pc="268453478" symbol="updateScale"/>
        <entry filename="/Users/erdalgunes/garmin-jailbot/source/PixelResolution.mc" id="169" lineNum="59" parent="globals/PixelResolution/ResolutionManager" pc="268453487" symbol="updateScale"/>
        <entry filename="/Users/erdalgunes/garmin-jailbot/source/PixelResolution.mc" id="169" lineNum="61" parent="globals/PixelResolution/ResolutionManager" pc="268453497" symbol="updateScale"/>
        <entry filename="/Users/erdalgunes/garmin-jailbot/source/PixelResolution.mc" id="169" lineNum="62" parent="globals/PixelResolution/ResolutionManager" pc="268453524" symbol="updateScale"/>
        <entry filename="/Users/erdalgunes/garmin-jailbot/source/PixelResolution.mc" id="169" lineNum="62" parent="globals/PixelResolution/ResolutionManager" pc="268453535" symbol="updateScale"/>
        <entry filename="/Users/erdalgunes/garmin-jailbot/source/PixelResolution.mc" id="169" lineNum="64" parent="globals/PixelResolution/ResolutionManager" pc="268453547" symbol="updateScale"/>
        <entry filename="/Users/erdalgunes/garmin-jailbot/source/PixelResolution.mc" id="169" lineNum="65" parent="globals/PixelResolution/ResolutionManager" pc="268453574" symbol="updateScale"/>
        <entry filename="/Users/erdalgunes/garmin-jailbot/source/PixelResolution.mc" id="169" lineNum="65" parent="globals/PixelResolution/ResolutionManager" pc="268453584" symbol="updateScale"/>
        <entry filename="/Users/erdalgunes/garmin-jailbot/source/PixelResolution.mc" id="170" lineNum="80" parent="globals/PixelResolution/ResolutionManager" pc="268453596" symbol="setGap"/>
        <entry filename="/Users/erdalgunes/garmin-jailbot/source/PixelResolution.mc" id="170" lineNum="81" parent="globals/PixelResolution/ResolutionManager" pc="268453598" symbol="setGap"/>
        <entry filename="/Users/erdalgunes/garmin-jailbot/source/PixelResolution.mc" id="171" lineNum="84" parent="globals/PixelResolution/ResolutionManager" pc="268453608" symbol="centerGrid"/>
        <entry filename="/Users/erdalgunes/garmin-jailbot/source/PixelResolution.mc" id="171" lineNum="85" parent="globals/PixelResolution/ResolutionManager" pc="268453611" symbol="centerGrid"/>
        <entry filename="/Users/erdalgunes/garmin-jailbot/source/PixelResolution.mc" id="171" lineNum="86" parent="globals/PixelResolution/ResolutionManager" pc="268453643" symbol="centerGrid"/>
        <entry filename="/Users/erdalgunes/garmin-jailbot/source/PixelResolution.mc" id="171" lineNum="87" parent="globals/PixelResolution/ResolutionManager" pc="268453660" symbol="centerGrid"/>
        <entry filename="/Users/erdalgunes/garmin-jailbot/source/PixelResolution.mc" id="171" lineNum="89" parent="globals/PixelResolution/ResolutionManager" pc="268453677" symbol="centerGrid"/>
        <entry filename="/Users/erdalgunes/garmin-jailbot/source/PixelResolution.mc" id="171" lineNum="90" parent="globals/PixelResolution/ResolutionManager" pc="268453693" symbol="centerGrid"/>
        <entry filename="/Users/erdalgunes/garmin-jailbot/source/PixelResolution.mc" id="171" lineNum="92" parent="globals/PixelResolution/ResolutionManager" pc="268453709" symbol="centerGrid"/>
        <entry filename="/Users/erdalgunes/garmin-jailbot/source/PixelResolution.mc" id="173" lineNum="68" parent="globals/PixelResolution/ResolutionManager" pc="268453712" symbol="dp"/>
        <entry filename="/Users/erdalgunes/garmin-jailbot/source/PixelResolution.mc" id="173" lineNum="69" parent="globals/PixelResolution/ResolutionManager" pc="268453715" symbol="dp"/>
        <entry filename="/Users/erdalgunes/garmin-jailbot/source/PixelResolution.mc" id="173" lineNum="70" parent="globals/PixelResolution/ResolutionManager" pc="268453724" symbol="dp"/>
        <entry filename="/Users/erdalgunes/garmin-jailbot/source/PixelResolution.mc" id="173" lineNum="71" parent="globals/PixelResolution/ResolutionManager" pc="268453734" symbol="dp"/>
        <entry filename="/Users/erdalgunes/garmin-jailbot/source/PixelResolution.mc" id="173" lineNum="72" parent="globals/PixelResolution/ResolutionManager" pc="268453753" symbol="dp"/>
        <entry filename="/Users/erdalgunes/garmin-jailbot/source/PixelResolution.mc" id="173" lineNum="72" parent="globals/PixelResolution/ResolutionManager" pc="268453761" symbol="dp"/>
        <entry filename="/Users/erdalgunes/garmin-jailbot/source/PixelResolution.mc" id="173" lineNum="73" parent="globals/PixelResolution/ResolutionManager" pc="268453768" symbol="dp"/>
        <entry filename="/Users/erdalgunes/garmin-jailbot/source/PixelResolution.mc" id="174" lineNum="76" parent="globals/PixelResolution/ResolutionManager" pc="268453771" symbol="setBlockSize"/>
        <entry filename="/Users/erdalgunes/garmin-jailbot/source/PixelResolution.mc" id="174" lineNum="77" parent="globals/PixelResolution/ResolutionManager" pc="268453773" symbol="setBlockSize"/>
        <entry filename="/Users/erdalgunes/garmin-jailbot/source/PixelResolution.mc" id="175" lineNum="95" parent="globals/PixelResolution/ResolutionManager" pc="268453783" symbol="positionGrid"/>
        <entry filename="/Users/erdalgunes/garmin-jailbot/source/PixelResolution.mc" id="175" lineNum="96" parent="globals/PixelResolution/ResolutionManager" pc="268453785" symbol="positionGrid"/>
        <entry filename="/Users/erdalgunes/garmin-jailbot/source/PixelResolution.mc" id="176" lineNum="10" parent="globals/PixelResolution/GridSpec" pc="268453818" symbol="initialize"/>
        <entry filename="/Users/erdalgunes/garmin-jailbot/source/PixelResolution.mc" id="176" lineNum="11" parent="globals/PixelResolution/GridSpec" pc="268453820" symbol="initialize"/>
        <entry filename="/Users/erdalgunes/garmin-jailbot/source/PixelResolution.mc" id="176" lineNum="12" parent="globals/PixelResolution/GridSpec" pc="268453829" symbol="initialize"/>
        <entry filename="/Users/erdalgunes/garmin-jailbot/source/PixelResolution.mc" id="177" lineNum="124" parent="globals/PixelResolution/PixelRenderer" pc="268453839" symbol="drawRectangle"/>
        <entry filename="/Users/erdalgunes/garmin-jailbot/source/PixelResolution.mc" id="177" lineNum="125" parent="globals/PixelResolution/PixelRenderer" pc="268453842" symbol="drawRectangle"/>
        <entry filename="/Users/erdalgunes/garmin-jailbot/source/PixelResolution.mc" id="177" lineNum="126" parent="globals/PixelResolution/PixelRenderer" pc="268453853" symbol="drawRectangle"/>
        <entry filename="/Users/erdalgunes/garmin-jailbot/source/PixelResolution.mc" id="177" lineNum="127" parent="globals/PixelResolution/PixelRenderer" pc="268453864" symbol="drawRectangle"/>
        <entry filename="/Users/erdalgunes/garmin-jailbot/source/PixelResolution.mc" id="178" lineNum="109" parent="globals/PixelResolution/PixelRenderer" pc="268453955" symbol="drawGrid"/>
        <entry filename="/Users/erdalgunes/garmin-jailbot/source/PixelResolution.mc" id="178" lineNum="110" parent="globals/PixelResolution/PixelRenderer" pc="268453958" symbol="drawGrid"/>
        <entry filename="/Users/erdalgunes/garmin-jailbot/source/PixelResolution.mc" id="178" lineNum="111" parent="globals/PixelResolution/PixelRenderer" pc="268453973" symbol="drawGrid"/>
        <entry filename="/Users/erdalgunes/garmin-jailbot/source/PixelResolution.mc" id="178" lineNum="112" parent="globals/PixelResolution/PixelRenderer" pc="268453988" symbol="drawGrid"/>
        <entry filename="/Users/erdalgunes/garmin-jailbot/source/PixelResolution.mc" id="178" lineNum="113" parent="globals/PixelResolution/PixelRenderer" pc="268454017" symbol="drawGrid"/>
        <entry filename="/Users/erdalgunes/garmin-jailbot/source/PixelResolution.mc" id="179" lineNum="104" parent="globals/PixelResolution/PixelRenderer" pc="268454105" symbol="initialize"/>
        <entry filename="/Users/erdalgunes/garmin-jailbot/source/PixelResolution.mc" id="179" lineNum="105" parent="globals/PixelResolution/PixelRenderer" pc="268454107" symbol="initialize"/>
        <entry filename="/Users/erdalgunes/garmin-jailbot/source/PixelResolution.mc" id="179" lineNum="106" parent="globals/PixelResolution/PixelRenderer" pc="268454116" symbol="initialize"/>
        <entry filename="/Users/erdalgunes/garmin-jailbot/source/PixelTimeComponents.mc" id="180" lineNum="145" parent="globals/PixelTime/TimeDisplay" pc="268454126" symbol="drawDigit"/>
        <entry filename="/Users/erdalgunes/garmin-jailbot/source/PixelTimeComponents.mc" id="180" lineNum="146" parent="globals/PixelTime/TimeDisplay" pc="268454129" symbol="drawDigit"/>
        <entry filename="/Users/erdalgunes/garmin-jailbot/source/PixelTimeComponents.mc" id="180" lineNum="147" parent="globals/PixelTime/TimeDisplay" pc="268454144" symbol="drawDigit"/>
        <entry filename="/Users/erdalgunes/garmin-jailbot/source/PixelTimeComponents.mc" id="180" lineNum="148" parent="globals/PixelTime/TimeDisplay" pc="268454163" symbol="drawDigit"/>
        <entry filename="/Users/erdalgunes/garmin-jailbot/source/PixelTimeComponents.mc" id="180" lineNum="150" parent="globals/PixelTime/TimeDisplay" pc="268454191" symbol="drawDigit"/>
        <entry filename="/Users/erdalgunes/garmin-jailbot/source/PixelTimeComponents.mc" id="180" lineNum="151" parent="globals/PixelTime/TimeDisplay" pc="268454205" symbol="drawDigit"/>
        <entry filename="/Users/erdalgunes/garmin-jailbot/source/PixelTimeComponents.mc" id="180" lineNum="152" parent="globals/PixelTime/TimeDisplay" pc="268454219" symbol="drawDigit"/>
        <entry filename="/Users/erdalgunes/garmin-jailbot/source/PixelTimeComponents.mc" id="180" lineNum="153" parent="globals/PixelTime/TimeDisplay" pc="268454233" symbol="drawDigit"/>
        <entry filename="/Users/erdalgunes/garmin-jailbot/source/PixelTimeComponents.mc" id="181" lineNum="78" parent="globals/PixelTime/TimeDisplay" pc="268454275" symbol="initialize"/>
        <entry filename="/Users/erdalgunes/garmin-jailbot/source/PixelTimeComponents.mc" id="181" lineNum="79" parent="globals/PixelTime/TimeDisplay" pc="268454277" symbol="initialize"/>
        <entry filename="/Users/erdalgunes/garmin-jailbot/source/PixelTimeComponents.mc" id="182" lineNum="82" parent="globals/PixelTime/TimeDisplay" pc="268454307" symbol="draw"/>
        <entry filename="/Users/erdalgunes/garmin-jailbot/source/PixelTimeComponents.mc" id="182" lineNum="83" parent="globals/PixelTime/TimeDisplay" pc="268454310" symbol="draw"/>
        <entry filename="/Users/erdalgunes/garmin-jailbot/source/PixelTimeComponents.mc" id="182" lineNum="84" parent="globals/PixelTime/TimeDisplay" pc="268454322" symbol="draw"/>
        <entry filename="/Users/erdalgunes/garmin-jailbot/source/PixelTimeComponents.mc" id="182" lineNum="85" parent="globals/PixelTime/TimeDisplay" pc="268454330" symbol="draw"/>
        <entry filename="/Users/erdalgunes/garmin-jailbot/source/PixelTimeComponents.mc" id="182" lineNum="87" parent="globals/PixelTime/TimeDisplay" pc="268454338" symbol="draw"/>
        <entry filename="/Users/erdalgunes/garmin-jailbot/source/PixelTimeComponents.mc" id="182" lineNum="88" parent="globals/PixelTime/TimeDisplay" pc="268454355" symbol="draw"/>
        <entry filename="/Users/erdalgunes/garmin-jailbot/source/PixelTimeComponents.mc" id="182" lineNum="89" parent="globals/PixelTime/TimeDisplay" pc="268454361" symbol="draw"/>
        <entry filename="/Users/erdalgunes/garmin-jailbot/source/PixelTimeComponents.mc" id="182" lineNum="90" parent="globals/PixelTime/TimeDisplay" pc="268454368" symbol="draw"/>
        <entry filename="/Users/erdalgunes/garmin-jailbot/source/PixelTimeComponents.mc" id="182" lineNum="91" parent="globals/PixelTime/TimeDisplay" pc="268454375" symbol="draw"/>
        <entry filename="/Users/erdalgunes/garmin-jailbot/source/PixelTimeComponents.mc" id="182" lineNum="92" parent="globals/PixelTime/TimeDisplay" pc="268454383" symbol="draw"/>
        <entry filename="/Users/erdalgunes/garmin-jailbot/source/PixelTimeComponents.mc" id="182" lineNum="96" parent="globals/PixelTime/TimeDisplay" pc="268454396" symbol="draw"/>
        <entry filename="/Users/erdalgunes/garmin-jailbot/source/PixelTimeComponents.mc" id="182" lineNum="99" parent="globals/PixelTime/TimeDisplay" pc="268454413" symbol="draw"/>
        <entry filename="/Users/erdalgunes/garmin-jailbot/source/PixelTimeComponents.mc" id="182" lineNum="101" parent="globals/PixelTime/TimeDisplay" pc="268454429" symbol="draw"/>
        <entry filename="/Users/erdalgunes/garmin-jailbot/source/PixelTimeComponents.mc" id="182" lineNum="102" parent="globals/PixelTime/TimeDisplay" pc="268454441" symbol="draw"/>
        <entry filename="/Users/erdalgunes/garmin-jailbot/source/PixelTimeComponents.mc" id="182" lineNum="105" parent="globals/PixelTime/TimeDisplay" pc="268454453" symbol="draw"/>
        <entry filename="/Users/erdalgunes/garmin-jailbot/source/PixelTimeComponents.mc" id="182" lineNum="106" parent="globals/PixelTime/TimeDisplay" pc="268454475" symbol="draw"/>
        <entry filename="/Users/erdalgunes/garmin-jailbot/source/PixelTimeComponents.mc" id="182" lineNum="107" parent="globals/PixelTime/TimeDisplay" pc="268454497" symbol="draw"/>
        <entry filename="/Users/erdalgunes/garmin-jailbot/source/PixelTimeComponents.mc" id="182" lineNum="108" parent="globals/PixelTime/TimeDisplay" pc="268454501" symbol="draw"/>
        <entry filename="/Users/erdalgunes/garmin-jailbot/source/PixelTimeComponents.mc" id="182" lineNum="111" parent="globals/PixelTime/TimeDisplay" pc="268454514" symbol="draw"/>
        <entry filename="/Users/erdalgunes/garmin-jailbot/source/PixelTimeComponents.mc" id="182" lineNum="112" parent="globals/PixelTime/TimeDisplay" pc="268454530" symbol="draw"/>
        <entry filename="/Users/erdalgunes/garmin-jailbot/source/PixelTimeComponents.mc" id="182" lineNum="113" parent="globals/PixelTime/TimeDisplay" pc="268454540" symbol="draw"/>
        <entry filename="/Users/erdalgunes/garmin-jailbot/source/PixelTimeComponents.mc" id="182" lineNum="116" parent="globals/PixelTime/TimeDisplay" pc="268454544" symbol="draw"/>
        <entry filename="/Users/erdalgunes/garmin-jailbot/source/PixelTimeComponents.mc" id="182" lineNum="117" parent="globals/PixelTime/TimeDisplay" pc="268454551" symbol="draw"/>
        <entry filename="/Users/erdalgunes/garmin-jailbot/source/PixelTimeComponents.mc" id="182" lineNum="120" parent="globals/PixelTime/TimeDisplay" pc="268454568" symbol="draw"/>
        <entry filename="/Users/erdalgunes/garmin-jailbot/source/PixelTimeComponents.mc" id="182" lineNum="121" parent="globals/PixelTime/TimeDisplay" pc="268454575" symbol="draw"/>
        <entry filename="/Users/erdalgunes/garmin-jailbot/source/PixelTimeComponents.mc" id="182" lineNum="124" parent="globals/PixelTime/TimeDisplay" pc="268454598" symbol="draw"/>
        <entry filename="/Users/erdalgunes/garmin-jailbot/source/PixelTimeComponents.mc" id="182" lineNum="125" parent="globals/PixelTime/TimeDisplay" pc="268454611" symbol="draw"/>
        <entry filename="/Users/erdalgunes/garmin-jailbot/source/PixelTimeComponents.mc" id="182" lineNum="126" parent="globals/PixelTime/TimeDisplay" pc="268454621" symbol="draw"/>
        <entry filename="/Users/erdalgunes/garmin-jailbot/source/PixelTimeComponents.mc" id="182" lineNum="128" parent="globals/PixelTime/TimeDisplay" pc="268454634" symbol="draw"/>
        <entry filename="/Users/erdalgunes/garmin-jailbot/source/PixelTimeComponents.mc" id="182" lineNum="129" parent="globals/PixelTime/TimeDisplay" pc="268454653" symbol="draw"/>
        <entry filename="/Users/erdalgunes/garmin-jailbot/source/PixelTimeComponents.mc" id="182" lineNum="130" parent="globals/PixelTime/TimeDisplay" pc="268454681" symbol="draw"/>
        <entry filename="/Users/erdalgunes/garmin-jailbot/source/PixelTimeComponents.mc" id="182" lineNum="132" parent="globals/PixelTime/TimeDisplay" pc="268454697" symbol="draw"/>
        <entry filename="/Users/erdalgunes/garmin-jailbot/source/PixelTimeComponents.mc" id="182" lineNum="133" parent="globals/PixelTime/TimeDisplay" pc="268454716" symbol="draw"/>
        <entry filename="/Users/erdalgunes/garmin-jailbot/source/PixelTimeComponents.mc" id="182" lineNum="134" parent="globals/PixelTime/TimeDisplay" pc="268454744" symbol="draw"/>
        <entry filename="/Users/erdalgunes/garmin-jailbot/source/PixelTimeComponents.mc" id="182" lineNum="137" parent="globals/PixelTime/TimeDisplay" pc="268454760" symbol="draw"/>
        <entry filename="/Users/erdalgunes/garmin-jailbot/source/PixelTimeComponents.mc" id="182" lineNum="138" parent="globals/PixelTime/TimeDisplay" pc="268454767" symbol="draw"/>
        <entry filename="/Users/erdalgunes/garmin-jailbot/source/PixelTimeComponents.mc" id="182" lineNum="141" parent="globals/PixelTime/TimeDisplay" pc="268454790" symbol="draw"/>
        <entry filename="/Users/erdalgunes/garmin-jailbot/source/PixelTimeComponents.mc" id="182" lineNum="142" parent="globals/PixelTime/TimeDisplay" pc="268454797" symbol="draw"/>
        <entry filename="/Users/erdalgunes/garmin-jailbot/source/AODComponents.mc" id="184" lineNum="138" parent="globals/AOD/MinimalTimeDisplay" pc="268454827" symbol="drawHollowDigit"/>
        <entry filename="/Users/erdalgunes/garmin-jailbot/source/AODComponents.mc" id="184" lineNum="140" parent="globals/AOD/MinimalTimeDisplay" pc="268454830" symbol="drawHollowDigit"/>
        <entry filename="/Users/erdalgunes/garmin-jailbot/source/AODComponents.mc" id="184" lineNum="141" parent="globals/AOD/MinimalTimeDisplay" pc="268454841" symbol="drawHollowDigit"/>
        <entry filename="/Users/erdalgunes/garmin-jailbot/source/AODComponents.mc" id="184" lineNum="142" parent="globals/AOD/MinimalTimeDisplay" pc="268454852" symbol="drawHollowDigit"/>
        <entry filename="/Users/erdalgunes/garmin-jailbot/source/AODComponents.mc" id="184" lineNum="144" parent="globals/AOD/MinimalTimeDisplay" pc="268454866" symbol="drawHollowDigit"/>
        <entry filename="/Users/erdalgunes/garmin-jailbot/source/AODComponents.mc" id="184" lineNum="147" parent="globals/AOD/MinimalTimeDisplay" pc="268454869" symbol="drawHollowDigit"/>
        <entry filename="/Users/erdalgunes/garmin-jailbot/source/AODComponents.mc" id="184" lineNum="148" parent="globals/AOD/MinimalTimeDisplay" pc="268454899" symbol="drawHollowDigit"/>
        <entry filename="/Users/erdalgunes/garmin-jailbot/source/AODComponents.mc" id="184" lineNum="149" parent="globals/AOD/MinimalTimeDisplay" pc="268454905" symbol="drawHollowDigit"/>
        <entry filename="/Users/erdalgunes/garmin-jailbot/source/AODComponents.mc" id="184" lineNum="151" parent="globals/AOD/MinimalTimeDisplay" pc="268454969" symbol="drawHollowDigit"/>
        <entry filename="/Users/erdalgunes/garmin-jailbot/source/AODComponents.mc" id="184" lineNum="154" parent="globals/AOD/MinimalTimeDisplay" pc="268454975" symbol="drawHollowDigit"/>
        <entry filename="/Users/erdalgunes/garmin-jailbot/source/AODComponents.mc" id="184" lineNum="155" parent="globals/AOD/MinimalTimeDisplay" pc="268454980" symbol="drawHollowDigit"/>
        <entry filename="/Users/erdalgunes/garmin-jailbot/source/AODComponents.mc" id="185" lineNum="168" parent="globals/AOD/MinimalTimeDisplay" pc="268455028" symbol="drawPixelDot"/>
        <entry filename="/Users/erdalgunes/garmin-jailbot/source/AODComponents.mc" id="185" lineNum="170" parent="globals/AOD/MinimalTimeDisplay" pc="268455031" symbol="drawPixelDot"/>
        <entry filename="/Users/erdalgunes/garmin-jailbot/source/AODComponents.mc" id="185" lineNum="171" parent="globals/AOD/MinimalTimeDisplay" pc="268455049" symbol="drawPixelDot"/>
        <entry filename="/Users/erdalgunes/garmin-jailbot/source/AODComponents.mc" id="185" lineNum="172" parent="globals/AOD/MinimalTimeDisplay" pc="268455067" symbol="drawPixelDot"/>
        <entry filename="/Users/erdalgunes/garmin-jailbot/source/AODComponents.mc" id="185" lineNum="173" parent="globals/AOD/MinimalTimeDisplay" pc="268455080" symbol="drawPixelDot"/>
        <entry filename="/Users/erdalgunes/garmin-jailbot/source/AODComponents.mc" id="186" lineNum="79" parent="globals/AOD/MinimalTimeDisplay" pc="268455104" symbol="drawAOD"/>
        <entry filename="/Users/erdalgunes/garmin-jailbot/source/AODComponents.mc" id="186" lineNum="80" parent="globals/AOD/MinimalTimeDisplay" pc="268455107" symbol="drawAOD"/>
        <entry filename="/Users/erdalgunes/garmin-jailbot/source/AODComponents.mc" id="186" lineNum="81" parent="globals/AOD/MinimalTimeDisplay" pc="268455119" symbol="drawAOD"/>
        <entry filename="/Users/erdalgunes/garmin-jailbot/source/AODComponents.mc" id="186" lineNum="82" parent="globals/AOD/MinimalTimeDisplay" pc="268455127" symbol="drawAOD"/>
        <entry filename="/Users/erdalgunes/garmin-jailbot/source/AODComponents.mc" id="186" lineNum="85" parent="globals/AOD/MinimalTimeDisplay" pc="268455135" symbol="drawAOD"/>
        <entry filename="/Users/erdalgunes/garmin-jailbot/source/AODComponents.mc" id="186" lineNum="86" parent="globals/AOD/MinimalTimeDisplay" pc="268455147" symbol="drawAOD"/>
        <entry filename="/Users/erdalgunes/garmin-jailbot/source/AODComponents.mc" id="186" lineNum="88" parent="globals/AOD/MinimalTimeDisplay" pc="268455155" symbol="drawAOD"/>
        <entry filename="/Users/erdalgunes/garmin-jailbot/source/AODComponents.mc" id="186" lineNum="89" parent="globals/AOD/MinimalTimeDisplay" pc="268455172" symbol="drawAOD"/>
        <entry filename="/Users/erdalgunes/garmin-jailbot/source/AODComponents.mc" id="186" lineNum="90" parent="globals/AOD/MinimalTimeDisplay" pc="268455178" symbol="drawAOD"/>
        <entry filename="/Users/erdalgunes/garmin-jailbot/source/AODComponents.mc" id="186" lineNum="91" parent="globals/AOD/MinimalTimeDisplay" pc="268455185" symbol="drawAOD"/>
        <entry filename="/Users/erdalgunes/garmin-jailbot/source/AODComponents.mc" id="186" lineNum="92" parent="globals/AOD/MinimalTimeDisplay" pc="268455192" symbol="drawAOD"/>
        <entry filename="/Users/erdalgunes/garmin-jailbot/source/AODComponents.mc" id="186" lineNum="93" parent="globals/AOD/MinimalTimeDisplay" pc="268455200" symbol="drawAOD"/>
        <entry filename="/Users/erdalgunes/garmin-jailbot/source/AODComponents.mc" id="186" lineNum="98" parent="globals/AOD/MinimalTimeDisplay" pc="268455213" symbol="drawAOD"/>
        <entry filename="/Users/erdalgunes/garmin-jailbot/source/AODComponents.mc" id="186" lineNum="101" parent="globals/AOD/MinimalTimeDisplay" pc="268455229" symbol="drawAOD"/>
        <entry filename="/Users/erdalgunes/garmin-jailbot/source/AODComponents.mc" id="186" lineNum="102" parent="globals/AOD/MinimalTimeDisplay" pc="268455257" symbol="drawAOD"/>
        <entry filename="/Users/erdalgunes/garmin-jailbot/source/AODComponents.mc" id="186" lineNum="103" parent="globals/AOD/MinimalTimeDisplay" pc="268455278" symbol="drawAOD"/>
        <entry filename="/Users/erdalgunes/garmin-jailbot/source/AODComponents.mc" id="186" lineNum="106" parent="globals/AOD/MinimalTimeDisplay" pc="268455306" symbol="drawAOD"/>
        <entry filename="/Users/erdalgunes/garmin-jailbot/source/AODComponents.mc" id="186" lineNum="107" parent="globals/AOD/MinimalTimeDisplay" pc="268455318" symbol="drawAOD"/>
        <entry filename="/Users/erdalgunes/garmin-jailbot/source/AODComponents.mc" id="186" lineNum="108" parent="globals/AOD/MinimalTimeDisplay" pc="268455335" symbol="drawAOD"/>
        <entry filename="/Users/erdalgunes/garmin-jailbot/source/AODComponents.mc" id="186" lineNum="109" parent="globals/AOD/MinimalTimeDisplay" pc="268455352" symbol="drawAOD"/>
        <entry filename="/Users/erdalgunes/garmin-jailbot/source/AODComponents.mc" id="186" lineNum="117" parent="globals/AOD/MinimalTimeDisplay" pc="268455412" symbol="drawAOD"/>
        <entry filename="/Users/erdalgunes/garmin-jailbot/source/AODComponents.mc" id="186" lineNum="119" parent="globals/AOD/MinimalTimeDisplay" pc="268455428" symbol="drawAOD"/>
        <entry filename="/Users/erdalgunes/garmin-jailbot/source/AODComponents.mc" id="186" lineNum="120" parent="globals/AOD/MinimalTimeDisplay" pc="268455435" symbol="drawAOD"/>
        <entry filename="/Users/erdalgunes/garmin-jailbot/source/AODComponents.mc" id="186" lineNum="121" parent="globals/AOD/MinimalTimeDisplay" pc="268455442" symbol="drawAOD"/>
        <entry filename="/Users/erdalgunes/garmin-jailbot/source/AODComponents.mc" id="186" lineNum="122" parent="globals/AOD/MinimalTimeDisplay" pc="268455449" symbol="drawAOD"/>
        <entry filename="/Users/erdalgunes/garmin-jailbot/source/AODComponents.mc" id="186" lineNum="125" parent="globals/AOD/MinimalTimeDisplay" pc="268455456" symbol="drawAOD"/>
        <entry filename="/Users/erdalgunes/garmin-jailbot/source/AODComponents.mc" id="186" lineNum="126" parent="globals/AOD/MinimalTimeDisplay" pc="268455479" symbol="drawAOD"/>
        <entry filename="/Users/erdalgunes/garmin-jailbot/source/AODComponents.mc" id="186" lineNum="129" parent="globals/AOD/MinimalTimeDisplay" pc="268455502" symbol="drawAOD"/>
        <entry filename="/Users/erdalgunes/garmin-jailbot/source/AODComponents.mc" id="186" lineNum="131" parent="globals/AOD/MinimalTimeDisplay" pc="268455517" symbol="drawAOD"/>
        <entry filename="/Users/erdalgunes/garmin-jailbot/source/AODComponents.mc" id="186" lineNum="132" parent="globals/AOD/MinimalTimeDisplay" pc="268455540" symbol="drawAOD"/>
        <entry filename="/Users/erdalgunes/garmin-jailbot/source/AODComponents.mc" id="186" lineNum="135" parent="globals/AOD/MinimalTimeDisplay" pc="268455563" symbol="drawAOD"/>
        <entry filename="/Users/erdalgunes/garmin-jailbot/source/AODComponents.mc" id="187" lineNum="176" parent="globals/AOD/MinimalTimeDisplay" pc="268455582" symbol="drawGhostJailbot"/>
        <entry filename="/Users/erdalgunes/garmin-jailbot/source/AODComponents.mc" id="187" lineNum="177" parent="globals/AOD/MinimalTimeDisplay" pc="268455585" symbol="drawGhostJailbot"/>
        <entry filename="/Users/erdalgunes/garmin-jailbot/source/AODComponents.mc" id="187" lineNum="178" parent="globals/AOD/MinimalTimeDisplay" pc="268455592" symbol="drawGhostJailbot"/>
        <entry filename="/Users/erdalgunes/garmin-jailbot/source/AODComponents.mc" id="187" lineNum="181" parent="globals/AOD/MinimalTimeDisplay" pc="268455599" symbol="drawGhostJailbot"/>
        <entry filename="/Users/erdalgunes/garmin-jailbot/source/AODComponents.mc" id="187" lineNum="182" parent="globals/AOD/MinimalTimeDisplay" pc="268455611" symbol="drawGhostJailbot"/>
        <entry filename="/Users/erdalgunes/garmin-jailbot/source/AODComponents.mc" id="187" lineNum="185" parent="globals/AOD/MinimalTimeDisplay" pc="268455646" symbol="drawGhostJailbot"/>
        <entry filename="/Users/erdalgunes/garmin-jailbot/source/AODComponents.mc" id="187" lineNum="186" parent="globals/AOD/MinimalTimeDisplay" pc="268455658" symbol="drawGhostJailbot"/>
        <entry filename="/Users/erdalgunes/garmin-jailbot/source/AODComponents.mc" id="187" lineNum="190" parent="globals/AOD/MinimalTimeDisplay" pc="268455666" symbol="drawGhostJailbot"/>
        <entry filename="/Users/erdalgunes/garmin-jailbot/source/AODComponents.mc" id="187" lineNum="192" parent="globals/AOD/MinimalTimeDisplay" pc="268455688" symbol="drawGhostJailbot"/>
        <entry filename="/Users/erdalgunes/garmin-jailbot/source/AODComponents.mc" id="187" lineNum="193" parent="globals/AOD/MinimalTimeDisplay" pc="268455698" symbol="drawGhostJailbot"/>
        <entry filename="/Users/erdalgunes/garmin-jailbot/source/AODComponents.mc" id="187" lineNum="194" parent="globals/AOD/MinimalTimeDisplay" pc="268455708" symbol="drawGhostJailbot"/>
        <entry filename="/Users/erdalgunes/garmin-jailbot/source/AODComponents.mc" id="187" lineNum="196" parent="globals/AOD/MinimalTimeDisplay" pc="268455718" symbol="drawGhostJailbot"/>
        <entry filename="/Users/erdalgunes/garmin-jailbot/source/AODComponents.mc" id="187" lineNum="198" parent="globals/AOD/MinimalTimeDisplay" pc="268455723" symbol="drawGhostJailbot"/>
        <entry filename="/Users/erdalgunes/garmin-jailbot/source/AODComponents.mc" id="187" lineNum="199" parent="globals/AOD/MinimalTimeDisplay" pc="268455747" symbol="drawGhostJailbot"/>
        <entry filename="/Users/erdalgunes/garmin-jailbot/source/AODComponents.mc" id="187" lineNum="202" parent="globals/AOD/MinimalTimeDisplay" pc="268455774" symbol="drawGhostJailbot"/>
        <entry filename="/Users/erdalgunes/garmin-jailbot/source/AODComponents.mc" id="187" lineNum="203" parent="globals/AOD/MinimalTimeDisplay" pc="268455790" symbol="drawGhostJailbot"/>
        <entry filename="/Users/erdalgunes/garmin-jailbot/source/AODComponents.mc" id="187" lineNum="207" parent="globals/AOD/MinimalTimeDisplay" pc="268455806" symbol="drawGhostJailbot"/>
        <entry filename="/Users/erdalgunes/garmin-jailbot/source/AODComponents.mc" id="187" lineNum="208" parent="globals/AOD/MinimalTimeDisplay" pc="268455816" symbol="drawGhostJailbot"/>
        <entry filename="/Users/erdalgunes/garmin-jailbot/source/AODComponents.mc" id="188" lineNum="75" parent="globals/AOD/MinimalTimeDisplay" pc="268455847" symbol="initialize"/>
        <entry filename="/Users/erdalgunes/garmin-jailbot/source/AODComponents.mc" id="188" lineNum="76" parent="globals/AOD/MinimalTimeDisplay" pc="268455849" symbol="initialize"/>
        <entry filename="/Users/erdalgunes/garmin-jailbot/source/AODComponents.mc" id="189" lineNum="162" parent="globals/AOD/MinimalTimeDisplay" pc="268455879" symbol="drawMinimalColon"/>
        <entry filename="/Users/erdalgunes/garmin-jailbot/source/AODComponents.mc" id="189" lineNum="164" parent="globals/AOD/MinimalTimeDisplay" pc="268455881" symbol="drawMinimalColon"/>
        <entry filename="/Users/erdalgunes/garmin-jailbot/source/AODComponents.mc" id="189" lineNum="165" parent="globals/AOD/MinimalTimeDisplay" pc="268455899" symbol="drawMinimalColon"/>
        <entry filename="/Users/erdalgunes/garmin-jailbot/source/AnalogComponents.mc" id="190" lineNum="12" parent="globals/AnalogClock/HourHand" pc="268455918" symbol="setup"/>
        <entry filename="/Users/erdalgunes/garmin-jailbot/source/AnalogComponents.mc" id="190" lineNum="13" parent="globals/AnalogClock/HourHand" pc="268455920" symbol="setup"/>
        <entry filename="/Users/erdalgunes/garmin-jailbot/source/AnalogComponents.mc" id="190" lineNum="14" parent="globals/AnalogClock/HourHand" pc="268455935" symbol="setup"/>
        <entry filename="/Users/erdalgunes/garmin-jailbot/source/AnalogComponents.mc" id="190" lineNum="15" parent="globals/AnalogClock/HourHand" pc="268455944" symbol="setup"/>
        <entry filename="/Users/erdalgunes/garmin-jailbot/source/AnalogComponents.mc" id="191" lineNum="18" parent="globals/AnalogClock/HourHand" pc="268455957" symbol="draw"/>
        <entry filename="/Users/erdalgunes/garmin-jailbot/source/AnalogComponents.mc" id="191" lineNum="20" parent="globals/AnalogClock/HourHand" pc="268455960" symbol="draw"/>
        <entry filename="/Users/erdalgunes/garmin-jailbot/source/AnalogComponents.mc" id="191" lineNum="21" parent="globals/AnalogClock/HourHand" pc="268455985" symbol="draw"/>
        <entry filename="/Users/erdalgunes/garmin-jailbot/source/AnalogComponents.mc" id="191" lineNum="22" parent="globals/AnalogClock/HourHand" pc="268456010" symbol="draw"/>
        <entry filename="/Users/erdalgunes/garmin-jailbot/source/AnalogComponents.mc" id="191" lineNum="23" parent="globals/AnalogClock/HourHand" pc="268456041" symbol="draw"/>
        <entry filename="/Users/erdalgunes/garmin-jailbot/source/AnalogComponents.mc" id="191" lineNum="25" parent="globals/AnalogClock/HourHand" pc="268456072" symbol="draw"/>
        <entry filename="/Users/erdalgunes/garmin-jailbot/source/AnalogComponents.mc" id="191" lineNum="26" parent="globals/AnalogClock/HourHand" pc="268456089" symbol="draw"/>
        <entry filename="/Users/erdalgunes/garmin-jailbot/source/AnalogComponents.mc" id="191" lineNum="27" parent="globals/AnalogClock/HourHand" pc="268456104" symbol="draw"/>
        <entry filename="/Users/erdalgunes/garmin-jailbot/source/AnalogComponents.mc" id="193" lineNum="30" parent="globals/AnalogClock/HourHand" pc="268456123" symbol="calculateAngle"/>
        <entry filename="/Users/erdalgunes/garmin-jailbot/source/AnalogComponents.mc" id="193" lineNum="32" parent="globals/AnalogClock/HourHand" pc="268456126" symbol="calculateAngle"/>
        <entry filename="/Users/erdalgunes/garmin-jailbot/source/AnalogComponents.mc" id="193" lineNum="33" parent="globals/AnalogClock/HourHand" pc="268456139" symbol="calculateAngle"/>
        <entry filename="/Users/erdalgunes/garmin-jailbot/source/AnalogComponents.mc" id="194" lineNum="125" parent="globals/AnalogClock/RimIndicators" pc="268456157" symbol="drawStrongMark"/>
        <entry filename="/Users/erdalgunes/garmin-jailbot/source/AnalogComponents.mc" id="194" lineNum="127" parent="globals/AnalogClock/RimIndicators" pc="268456160" symbol="drawStrongMark"/>
        <entry filename="/Users/erdalgunes/garmin-jailbot/source/AnalogComponents.mc" id="194" lineNum="128" parent="globals/AnalogClock/RimIndicators" pc="268456173" symbol="drawStrongMark"/>
        <entry filename="/Users/erdalgunes/garmin-jailbot/source/AnalogComponents.mc" id="194" lineNum="130" parent="globals/AnalogClock/RimIndicators" pc="268456189" symbol="drawStrongMark"/>
        <entry filename="/Users/erdalgunes/garmin-jailbot/source/AnalogComponents.mc" id="194" lineNum="131" parent="globals/AnalogClock/RimIndicators" pc="268456214" symbol="drawStrongMark"/>
        <entry filename="/Users/erdalgunes/garmin-jailbot/source/AnalogComponents.mc" id="194" lineNum="132" parent="globals/AnalogClock/RimIndicators" pc="268456239" symbol="drawStrongMark"/>
        <entry filename="/Users/erdalgunes/garmin-jailbot/source/AnalogComponents.mc" id="194" lineNum="133" parent="globals/AnalogClock/RimIndicators" pc="268456264" symbol="drawStrongMark"/>
        <entry filename="/Users/erdalgunes/garmin-jailbot/source/AnalogComponents.mc" id="194" lineNum="135" parent="globals/AnalogClock/RimIndicators" pc="268456289" symbol="drawStrongMark"/>
        <entry filename="/Users/erdalgunes/garmin-jailbot/source/AnalogComponents.mc" id="194" lineNum="136" parent="globals/AnalogClock/RimIndicators" pc="268456301" symbol="drawStrongMark"/>
        <entry filename="/Users/erdalgunes/garmin-jailbot/source/AnalogComponents.mc" id="195" lineNum="139" parent="globals/AnalogClock/RimIndicators" pc="268456320" symbol="drawSecondaryMark"/>
        <entry filename="/Users/erdalgunes/garmin-jailbot/source/AnalogComponents.mc" id="195" lineNum="141" parent="globals/AnalogClock/RimIndicators" pc="268456323" symbol="drawSecondaryMark"/>
        <entry filename="/Users/erdalgunes/garmin-jailbot/source/AnalogComponents.mc" id="195" lineNum="142" parent="globals/AnalogClock/RimIndicators" pc="268456336" symbol="drawSecondaryMark"/>
        <entry filename="/Users/erdalgunes/garmin-jailbot/source/AnalogComponents.mc" id="195" lineNum="144" parent="globals/AnalogClock/RimIndicators" pc="268456352" symbol="drawSecondaryMark"/>
        <entry filename="/Users/erdalgunes/garmin-jailbot/source/AnalogComponents.mc" id="195" lineNum="145" parent="globals/AnalogClock/RimIndicators" pc="268456377" symbol="drawSecondaryMark"/>
        <entry filename="/Users/erdalgunes/garmin-jailbot/source/AnalogComponents.mc" id="195" lineNum="146" parent="globals/AnalogClock/RimIndicators" pc="268456402" symbol="drawSecondaryMark"/>
        <entry filename="/Users/erdalgunes/garmin-jailbot/source/AnalogComponents.mc" id="195" lineNum="147" parent="globals/AnalogClock/RimIndicators" pc="268456427" symbol="drawSecondaryMark"/>
        <entry filename="/Users/erdalgunes/garmin-jailbot/source/AnalogComponents.mc" id="195" lineNum="149" parent="globals/AnalogClock/RimIndicators" pc="268456452" symbol="drawSecondaryMark"/>
        <entry filename="/Users/erdalgunes/garmin-jailbot/source/AnalogComponents.mc" id="195" lineNum="150" parent="globals/AnalogClock/RimIndicators" pc="268456464" symbol="drawSecondaryMark"/>
        <entry filename="/Users/erdalgunes/garmin-jailbot/source/AnalogComponents.mc" id="196" lineNum="103" parent="globals/AnalogClock/RimIndicators" pc="268456483" symbol="setup"/>
        <entry filename="/Users/erdalgunes/garmin-jailbot/source/AnalogComponents.mc" id="196" lineNum="104" parent="globals/AnalogClock/RimIndicators" pc="268456485" symbol="setup"/>
        <entry filename="/Users/erdalgunes/garmin-jailbot/source/AnalogComponents.mc" id="196" lineNum="105" parent="globals/AnalogClock/RimIndicators" pc="268456494" symbol="setup"/>
        <entry filename="/Users/erdalgunes/garmin-jailbot/source/AnalogComponents.mc" id="196" lineNum="106" parent="globals/AnalogClock/RimIndicators" pc="268456503" symbol="setup"/>
        <entry filename="/Users/erdalgunes/garmin-jailbot/source/AnalogComponents.mc" id="196" lineNum="107" parent="globals/AnalogClock/RimIndicators" pc="268456512" symbol="setup"/>
        <entry filename="/Users/erdalgunes/garmin-jailbot/source/AnalogComponents.mc" id="196" lineNum="108" parent="globals/AnalogClock/RimIndicators" pc="268456527" symbol="setup"/>
        <entry filename="/Users/erdalgunes/garmin-jailbot/source/AnalogComponents.mc" id="197" lineNum="111" parent="globals/AnalogClock/RimIndicators" pc="268456543" symbol="draw"/>
        <entry filename="/Users/erdalgunes/garmin-jailbot/source/AnalogComponents.mc" id="197" lineNum="112" parent="globals/AnalogClock/RimIndicators" pc="268456545" symbol="draw"/>
        <entry filename="/Users/erdalgunes/garmin-jailbot/source/AnalogComponents.mc" id="197" lineNum="116" parent="globals/AnalogClock/RimIndicators" pc="268456562" symbol="draw"/>
        <entry filename="/Users/erdalgunes/garmin-jailbot/source/AnalogComponents.mc" id="197" lineNum="119" parent="globals/AnalogClock/RimIndicators" pc="268456574" symbol="draw"/>
        <entry filename="/Users/erdalgunes/garmin-jailbot/source/AnalogComponents.mc" id="197" lineNum="120" parent="globals/AnalogClock/RimIndicators" pc="268456590" symbol="draw"/>
        <entry filename="/Users/erdalgunes/garmin-jailbot/source/AnalogComponents.mc" id="197" lineNum="121" parent="globals/AnalogClock/RimIndicators" pc="268456606" symbol="draw"/>
        <entry filename="/Users/erdalgunes/garmin-jailbot/source/AnalogComponents.mc" id="199" lineNum="42" parent="globals/AnalogClock/MinuteHand" pc="268456623" symbol="setup"/>
        <entry filename="/Users/erdalgunes/garmin-jailbot/source/AnalogComponents.mc" id="199" lineNum="43" parent="globals/AnalogClock/MinuteHand" pc="268456625" symbol="setup"/>
        <entry filename="/Users/erdalgunes/garmin-jailbot/source/AnalogComponents.mc" id="199" lineNum="44" parent="globals/AnalogClock/MinuteHand" pc="268456640" symbol="setup"/>
        <entry filename="/Users/erdalgunes/garmin-jailbot/source/AnalogComponents.mc" id="199" lineNum="45" parent="globals/AnalogClock/MinuteHand" pc="268456649" symbol="setup"/>
        <entry filename="/Users/erdalgunes/garmin-jailbot/source/AnalogComponents.mc" id="200" lineNum="48" parent="globals/AnalogClock/MinuteHand" pc="268456662" symbol="draw"/>
        <entry filename="/Users/erdalgunes/garmin-jailbot/source/AnalogComponents.mc" id="200" lineNum="50" parent="globals/AnalogClock/MinuteHand" pc="268456665" symbol="draw"/>
        <entry filename="/Users/erdalgunes/garmin-jailbot/source/AnalogComponents.mc" id="200" lineNum="51" parent="globals/AnalogClock/MinuteHand" pc="268456690" symbol="draw"/>
        <entry filename="/Users/erdalgunes/garmin-jailbot/source/AnalogComponents.mc" id="200" lineNum="52" parent="globals/AnalogClock/MinuteHand" pc="268456715" symbol="draw"/>
        <entry filename="/Users/erdalgunes/garmin-jailbot/source/AnalogComponents.mc" id="200" lineNum="53" parent="globals/AnalogClock/MinuteHand" pc="268456746" symbol="draw"/>
        <entry filename="/Users/erdalgunes/garmin-jailbot/source/AnalogComponents.mc" id="200" lineNum="55" parent="globals/AnalogClock/MinuteHand" pc="268456777" symbol="draw"/>
        <entry filename="/Users/erdalgunes/garmin-jailbot/source/AnalogComponents.mc" id="200" lineNum="56" parent="globals/AnalogClock/MinuteHand" pc="268456794" symbol="draw"/>
        <entry filename="/Users/erdalgunes/garmin-jailbot/source/AnalogComponents.mc" id="200" lineNum="57" parent="globals/AnalogClock/MinuteHand" pc="268456809" symbol="draw"/>
        <entry filename="/Users/erdalgunes/garmin-jailbot/source/AnalogComponents.mc" id="202" lineNum="60" parent="globals/AnalogClock/MinuteHand" pc="268456828" symbol="calculateAngle"/>
        <entry filename="/Users/erdalgunes/garmin-jailbot/source/AnalogComponents.mc" id="202" lineNum="62" parent="globals/AnalogClock/MinuteHand" pc="268456831" symbol="calculateAngle"/>
        <entry filename="/Users/erdalgunes/garmin-jailbot/source/AnalogComponents.mc" id="202" lineNum="63" parent="globals/AnalogClock/MinuteHand" pc="268456841" symbol="calculateAngle"/>
        <entry filename="/Users/erdalgunes/garmin-jailbot/source/AnalogComponents.mc" id="203" lineNum="164" parent="globals/AnalogClock/AnalogClockFace" pc="268456859" symbol="initialize"/>
        <entry filename="/Users/erdalgunes/garmin-jailbot/source/AnalogComponents.mc" id="203" lineNum="165" parent="globals/AnalogClock/AnalogClockFace" pc="268456861" symbol="initialize"/>
        <entry filename="/Users/erdalgunes/garmin-jailbot/source/AnalogComponents.mc" id="203" lineNum="166" parent="globals/AnalogClock/AnalogClockFace" pc="268456870" symbol="initialize"/>
        <entry filename="/Users/erdalgunes/garmin-jailbot/source/AnalogComponents.mc" id="203" lineNum="167" parent="globals/AnalogClock/AnalogClockFace" pc="268456879" symbol="initialize"/>
        <entry filename="/Users/erdalgunes/garmin-jailbot/source/AnalogComponents.mc" id="203" lineNum="169" parent="globals/AnalogClock/AnalogClockFace" pc="268456888" symbol="initialize"/>
        <entry filename="/Users/erdalgunes/garmin-jailbot/source/AnalogComponents.mc" id="203" lineNum="170" parent="globals/AnalogClock/AnalogClockFace" pc="268456913" symbol="initialize"/>
        <entry filename="/Users/erdalgunes/garmin-jailbot/source/AnalogComponents.mc" id="203" lineNum="172" parent="globals/AnalogClock/AnalogClockFace" pc="268456932" symbol="initialize"/>
        <entry filename="/Users/erdalgunes/garmin-jailbot/source/AnalogComponents.mc" id="203" lineNum="173" parent="globals/AnalogClock/AnalogClockFace" pc="268456957" symbol="initialize"/>
        <entry filename="/Users/erdalgunes/garmin-jailbot/source/AnalogComponents.mc" id="203" lineNum="175" parent="globals/AnalogClock/AnalogClockFace" pc="268456976" symbol="initialize"/>
        <entry filename="/Users/erdalgunes/garmin-jailbot/source/AnalogComponents.mc" id="203" lineNum="176" parent="globals/AnalogClock/AnalogClockFace" pc="268457001" symbol="initialize"/>
        <entry filename="/Users/erdalgunes/garmin-jailbot/source/AnalogComponents.mc" id="203" lineNum="178" parent="globals/AnalogClock/AnalogClockFace" pc="268457020" symbol="initialize"/>
        <entry filename="/Users/erdalgunes/garmin-jailbot/source/AnalogComponents.mc" id="203" lineNum="179" parent="globals/AnalogClock/AnalogClockFace" pc="268457045" symbol="initialize"/>
        <entry filename="/Users/erdalgunes/garmin-jailbot/source/AnalogComponents.mc" id="204" lineNum="182" parent="globals/AnalogClock/AnalogClockFace" pc="268457075" symbol="draw"/>
        <entry filename="/Users/erdalgunes/garmin-jailbot/source/AnalogComponents.mc" id="204" lineNum="184" parent="globals/AnalogClock/AnalogClockFace" pc="268457078" symbol="draw"/>
        <entry filename="/Users/erdalgunes/garmin-jailbot/source/AnalogComponents.mc" id="204" lineNum="187" parent="globals/AnalogClock/AnalogClockFace" pc="268457094" symbol="draw"/>
        <entry filename="/Users/erdalgunes/garmin-jailbot/source/AnalogComponents.mc" id="204" lineNum="188" parent="globals/AnalogClock/AnalogClockFace" pc="268457113" symbol="draw"/>
        <entry filename="/Users/erdalgunes/garmin-jailbot/source/AnalogComponents.mc" id="204" lineNum="189" parent="globals/AnalogClock/AnalogClockFace" pc="268457132" symbol="draw"/>
        <entry filename="/Users/erdalgunes/garmin-jailbot/source/AnalogComponents.mc" id="204" lineNum="191" parent="globals/AnalogClock/AnalogClockFace" pc="268457149" symbol="draw"/>
        <entry filename="/Users/erdalgunes/garmin-jailbot/source/AnalogComponents.mc" id="204" lineNum="192" parent="globals/AnalogClock/AnalogClockFace" pc="268457177" symbol="draw"/>
        <entry filename="/Users/erdalgunes/garmin-jailbot/source/AnalogComponents.mc" id="204" lineNum="193" parent="globals/AnalogClock/AnalogClockFace" pc="268457205" symbol="draw"/>
        <entry filename="/Users/erdalgunes/garmin-jailbot/source/AnalogComponents.mc" id="205" lineNum="72" parent="globals/AnalogClock/SecondHand" pc="268457234" symbol="setup"/>
        <entry filename="/Users/erdalgunes/garmin-jailbot/source/AnalogComponents.mc" id="205" lineNum="73" parent="globals/AnalogClock/SecondHand" pc="268457236" symbol="setup"/>
        <entry filename="/Users/erdalgunes/garmin-jailbot/source/AnalogComponents.mc" id="205" lineNum="74" parent="globals/AnalogClock/SecondHand" pc="268457251" symbol="setup"/>
        <entry filename="/Users/erdalgunes/garmin-jailbot/source/AnalogComponents.mc" id="205" lineNum="75" parent="globals/AnalogClock/SecondHand" pc="268457260" symbol="setup"/>
        <entry filename="/Users/erdalgunes/garmin-jailbot/source/AnalogComponents.mc" id="206" lineNum="78" parent="globals/AnalogClock/SecondHand" pc="268457273" symbol="draw"/>
        <entry filename="/Users/erdalgunes/garmin-jailbot/source/AnalogComponents.mc" id="206" lineNum="80" parent="globals/AnalogClock/SecondHand" pc="268457276" symbol="draw"/>
        <entry filename="/Users/erdalgunes/garmin-jailbot/source/AnalogComponents.mc" id="206" lineNum="81" parent="globals/AnalogClock/SecondHand" pc="268457301" symbol="draw"/>
        <entry filename="/Users/erdalgunes/garmin-jailbot/source/AnalogComponents.mc" id="206" lineNum="82" parent="globals/AnalogClock/SecondHand" pc="268457326" symbol="draw"/>
        <entry filename="/Users/erdalgunes/garmin-jailbot/source/AnalogComponents.mc" id="206" lineNum="83" parent="globals/AnalogClock/SecondHand" pc="268457357" symbol="draw"/>
        <entry filename="/Users/erdalgunes/garmin-jailbot/source/AnalogComponents.mc" id="206" lineNum="85" parent="globals/AnalogClock/SecondHand" pc="268457388" symbol="draw"/>
        <entry filename="/Users/erdalgunes/garmin-jailbot/source/AnalogComponents.mc" id="206" lineNum="86" parent="globals/AnalogClock/SecondHand" pc="268457405" symbol="draw"/>
        <entry filename="/Users/erdalgunes/garmin-jailbot/source/AnalogComponents.mc" id="206" lineNum="87" parent="globals/AnalogClock/SecondHand" pc="268457420" symbol="draw"/>
        <entry filename="/Users/erdalgunes/garmin-jailbot/source/AnalogComponents.mc" id="208" lineNum="90" parent="globals/AnalogClock/SecondHand" pc="268457439" symbol="calculateAngle"/>
        <entry filename="/Users/erdalgunes/garmin-jailbot/source/AnalogComponents.mc" id="208" lineNum="91" parent="globals/AnalogClock/SecondHand" pc="268457441" symbol="calculateAngle"/>
        <entry filename="/Users/erdalgunes/garmin-jailbot/source/JailbotAnalogFace.mc" id="209" lineNum="90" parent="globals/JailbotAnalog/AnalogStyleFactory" pc="268457459" symbol="createMinimalStyle"/>
        <entry filename="/Users/erdalgunes/garmin-jailbot/source/JailbotAnalogFace.mc" id="209" lineNum="91" parent="globals/JailbotAnalog/AnalogStyleFactory" pc="268457462" symbol="createMinimalStyle"/>
        <entry filename="/Users/erdalgunes/garmin-jailbot/source/JailbotAnalogFace.mc" id="209" lineNum="93" parent="globals/JailbotAnalog/AnalogStyleFactory" pc="268457488" symbol="createMinimalStyle"/>
        <entry filename="/Users/erdalgunes/garmin-jailbot/source/JailbotAnalogFace.mc" id="210" lineNum="85" parent="globals/JailbotAnalog/AnalogStyleFactory" pc="268457491" symbol="createClassicStyle"/>
        <entry filename="/Users/erdalgunes/garmin-jailbot/source/JailbotAnalogFace.mc" id="210" lineNum="86" parent="globals/JailbotAnalog/AnalogStyleFactory" pc="268457494" symbol="createClassicStyle"/>
        <entry filename="/Users/erdalgunes/garmin-jailbot/source/JailbotAnalogFace.mc" id="210" lineNum="87" parent="globals/JailbotAnalog/AnalogStyleFactory" pc="268457520" symbol="createClassicStyle"/>
        <entry filename="/Users/erdalgunes/garmin-jailbot/source/JailbotAnalogFace.mc" id="212" lineNum="42" parent="globals/JailbotAnalog/JailbotAnalogFace" pc="268457523" symbol="drawJailbotElements"/>
        <entry filename="/Users/erdalgunes/garmin-jailbot/source/JailbotAnalogFace.mc" id="212" lineNum="44" parent="globals/JailbotAnalog/JailbotAnalogFace" pc="268457526" symbol="drawJailbotElements"/>
        <entry filename="/Users/erdalgunes/garmin-jailbot/source/JailbotAnalogFace.mc" id="212" lineNum="47" parent="globals/JailbotAnalog/JailbotAnalogFace" pc="268457539" symbol="drawJailbotElements"/>
        <entry filename="/Users/erdalgunes/garmin-jailbot/source/JailbotAnalogFace.mc" id="212" lineNum="48" parent="globals/JailbotAnalog/JailbotAnalogFace" pc="268457552" symbol="drawJailbotElements"/>
        <entry filename="/Users/erdalgunes/garmin-jailbot/source/JailbotAnalogFace.mc" id="212" lineNum="49" parent="globals/JailbotAnalog/JailbotAnalogFace" pc="268457565" symbol="drawJailbotElements"/>
        <entry filename="/Users/erdalgunes/garmin-jailbot/source/JailbotAnalogFace.mc" id="212" lineNum="51" parent="globals/JailbotAnalog/JailbotAnalogFace" pc="268457578" symbol="drawJailbotElements"/>
        <entry filename="/Users/erdalgunes/garmin-jailbot/source/JailbotAnalogFace.mc" id="213" lineNum="37" parent="globals/JailbotAnalog/JailbotAnalogFace" pc="268457598" symbol="drawWithScreen"/>
        <entry filename="/Users/erdalgunes/garmin-jailbot/source/JailbotAnalogFace.mc" id="213" lineNum="38" parent="globals/JailbotAnalog/JailbotAnalogFace" pc="268457601" symbol="drawWithScreen"/>
        <entry filename="/Users/erdalgunes/garmin-jailbot/source/JailbotAnalogFace.mc" id="213" lineNum="39" parent="globals/JailbotAnalog/JailbotAnalogFace" pc="268457613" symbol="drawWithScreen"/>
        <entry filename="/Users/erdalgunes/garmin-jailbot/source/JailbotAnalogFace.mc" id="214" lineNum="78" parent="globals/JailbotAnalog/JailbotAnalogFace" pc="268457643" symbol="toggleJailbotDisplay"/>
        <entry filename="/Users/erdalgunes/garmin-jailbot/source/JailbotAnalogFace.mc" id="214" lineNum="79" parent="globals/JailbotAnalog/JailbotAnalogFace" pc="268457645" symbol="toggleJailbotDisplay"/>
        <entry filename="/Users/erdalgunes/garmin-jailbot/source/JailbotAnalogFace.mc" id="215" lineNum="12" parent="globals/JailbotAnalog/JailbotAnalogFace" pc="268457659" symbol="initialize"/>
        <entry filename="/Users/erdalgunes/garmin-jailbot/source/JailbotAnalogFace.mc" id="215" lineNum="13" parent="globals/JailbotAnalog/JailbotAnalogFace" pc="268457661" symbol="initialize"/>
        <entry filename="/Users/erdalgunes/garmin-jailbot/source/JailbotAnalogFace.mc" id="215" lineNum="16" parent="globals/JailbotAnalog/JailbotAnalogFace" pc="268457681" symbol="initialize"/>
        <entry filename="/Users/erdalgunes/garmin-jailbot/source/JailbotAnalogFace.mc" id="215" lineNum="17" parent="globals/JailbotAnalog/JailbotAnalogFace" pc="268457710" symbol="initialize"/>
        <entry filename="/Users/erdalgunes/garmin-jailbot/source/JailbotAnalogFace.mc" id="215" lineNum="19" parent="globals/JailbotAnalog/JailbotAnalogFace" pc="268457722" symbol="initialize"/>
        <entry filename="/Users/erdalgunes/garmin-jailbot/source/JailbotAnalogFace.mc" id="215" lineNum="20" parent="globals/JailbotAnalog/JailbotAnalogFace" pc="268457730" symbol="initialize"/>
        <entry filename="/Users/erdalgunes/garmin-jailbot/source/JailbotAnalogFace.mc" id="216" lineNum="23" parent="globals/JailbotAnalog/JailbotAnalogFace" pc="268457739" symbol="draw"/>
        <entry filename="/Users/erdalgunes/garmin-jailbot/source/JailbotAnalogFace.mc" id="216" lineNum="25" parent="globals/JailbotAnalog/JailbotAnalogFace" pc="268457742" symbol="draw"/>
        <entry filename="/Users/erdalgunes/garmin-jailbot/source/JailbotAnalogFace.mc" id="216" lineNum="26" parent="globals/JailbotAnalog/JailbotAnalogFace" pc="268457754" symbol="draw"/>
        <entry filename="/Users/erdalgunes/garmin-jailbot/source/JailbotAnalogFace.mc" id="216" lineNum="29" parent="globals/JailbotAnalog/JailbotAnalogFace" pc="268457762" symbol="draw"/>
        <entry filename="/Users/erdalgunes/garmin-jailbot/source/JailbotAnalogFace.mc" id="216" lineNum="31" parent="globals/JailbotAnalog/JailbotAnalogFace" pc="268457784" symbol="draw"/>
        <entry filename="/Users/erdalgunes/garmin-jailbot/source/JailbotAnalogFace.mc" id="216" lineNum="32" parent="globals/JailbotAnalog/JailbotAnalogFace" pc="268457792" symbol="draw"/>
        <entry filename="/Users/erdalgunes/garmin-jailbot/source/JailbotAnalogFace.mc" id="216" lineNum="33" parent="globals/JailbotAnalog/JailbotAnalogFace" pc="268457804" symbol="draw"/>
        <entry filename="/Users/erdalgunes/garmin-jailbot/source/JailbotAnalogFace.mc" id="217" lineNum="54" parent="globals/JailbotAnalog/JailbotAnalogFace" pc="268457821" symbol="drawMiniJailbot"/>
        <entry filename="/Users/erdalgunes/garmin-jailbot/source/JailbotAnalogFace.mc" id="217" lineNum="55" parent="globals/JailbotAnalog/JailbotAnalogFace" pc="268457824" symbol="drawMiniJailbot"/>
        <entry filename="/Users/erdalgunes/garmin-jailbot/source/JailbotAnalogFace.mc" id="217" lineNum="57" parent="globals/JailbotAnalog/JailbotAnalogFace" pc="268457841" symbol="drawMiniJailbot"/>
        <entry filename="/Users/erdalgunes/garmin-jailbot/source/JailbotAnalogFace.mc" id="217" lineNum="60" parent="globals/JailbotAnalog/JailbotAnalogFace" pc="268457848" symbol="drawMiniJailbot"/>
        <entry filename="/Users/erdalgunes/garmin-jailbot/source/JailbotAnalogFace.mc" id="217" lineNum="61" parent="globals/JailbotAnalog/JailbotAnalogFace" pc="268457858" symbol="drawMiniJailbot"/>
        <entry filename="/Users/erdalgunes/garmin-jailbot/source/JailbotAnalogFace.mc" id="217" lineNum="62" parent="globals/JailbotAnalog/JailbotAnalogFace" pc="268457868" symbol="drawMiniJailbot"/>
        <entry filename="/Users/erdalgunes/garmin-jailbot/source/JailbotAnalogFace.mc" id="217" lineNum="63" parent="globals/JailbotAnalog/JailbotAnalogFace" pc="268457878" symbol="drawMiniJailbot"/>
        <entry filename="/Users/erdalgunes/garmin-jailbot/source/JailbotAnalogFace.mc" id="217" lineNum="64" parent="globals/JailbotAnalog/JailbotAnalogFace" pc="268457885" symbol="drawMiniJailbot"/>
        <entry filename="/Users/erdalgunes/garmin-jailbot/source/JailbotAnalogFace.mc" id="217" lineNum="66" parent="globals/JailbotAnalog/JailbotAnalogFace" pc="268457902" symbol="drawMiniJailbot"/>
        <entry filename="/Users/erdalgunes/garmin-jailbot/source/JailbotAnalogFace.mc" id="217" lineNum="67" parent="globals/JailbotAnalog/JailbotAnalogFace" pc="268457920" symbol="drawMiniJailbot"/>
        <entry filename="/Users/erdalgunes/garmin-jailbot/source/JailbotAnalogFace.mc" id="217" lineNum="70" parent="globals/JailbotAnalog/JailbotAnalogFace" pc="268457938" symbol="drawMiniJailbot"/>
        <entry filename="/Users/erdalgunes/garmin-jailbot/source/JailbotAnalogFace.mc" id="217" lineNum="71" parent="globals/JailbotAnalog/JailbotAnalogFace" pc="268457948" symbol="drawMiniJailbot"/>
        <entry filename="/Users/erdalgunes/garmin-jailbot/source/JailbotAnalogFace.mc" id="217" lineNum="72" parent="globals/JailbotAnalog/JailbotAnalogFace" pc="268457958" symbol="drawMiniJailbot"/>
        <entry filename="/Users/erdalgunes/garmin-jailbot/source/JailbotAnalogFace.mc" id="217" lineNum="73" parent="globals/JailbotAnalog/JailbotAnalogFace" pc="268457965" symbol="drawMiniJailbot"/>
        <entry filename="/Users/erdalgunes/garmin-jailbot/source/JailbotAnalogFace.mc" id="217" lineNum="75" parent="globals/JailbotAnalog/JailbotAnalogFace" pc="268457969" symbol="drawMiniJailbot"/>
        <entry filename="/Users/erdalgunes/garmin-jailbot/source/JailbotFaceComponents.mc" id="218" lineNum="9" parent="globals/JailbotFace/Eye" pc="268457988" symbol="getSpec"/>
        <entry filename="/Users/erdalgunes/garmin-jailbot/source/JailbotFaceComponents.mc" id="218" lineNum="10" parent="globals/JailbotFace/Eye" pc="268457990" symbol="getSpec"/>
        <entry filename="/Users/erdalgunes/garmin-jailbot/source/JailbotFaceComponents.mc" id="220" lineNum="18" parent="globals/JailbotFace/Mouth" pc="268458023" symbol="getSpec"/>
        <entry filename="/Users/erdalgunes/garmin-jailbot/source/JailbotFaceComponents.mc" id="220" lineNum="19" parent="globals/JailbotFace/Mouth" pc="268458025" symbol="getSpec"/>
        <entry filename="/Users/erdalgunes/garmin-jailbot/source/JailbotFaceComponents.mc" id="222" lineNum="45" parent="globals/JailbotFace/FaceLayout" pc="268458058" symbol="moveEyesCloser"/>
        <entry filename="/Users/erdalgunes/garmin-jailbot/source/JailbotFaceComponents.mc" id="222" lineNum="46" parent="globals/JailbotFace/FaceLayout" pc="268458060" symbol="moveEyesCloser"/>
        <entry filename="/Users/erdalgunes/garmin-jailbot/source/JailbotFaceComponents.mc" id="222" lineNum="47" parent="globals/JailbotFace/FaceLayout" pc="268458070" symbol="moveEyesCloser"/>
        <entry filename="/Users/erdalgunes/garmin-jailbot/source/JailbotFaceComponents.mc" id="223" lineNum="51" parent="globals/JailbotFace/FaceLayout" pc="268458089" symbol="setEyeSpacing"/>
        <entry filename="/Users/erdalgunes/garmin-jailbot/source/JailbotFaceComponents.mc" id="223" lineNum="52" parent="globals/JailbotFace/FaceLayout" pc="268458091" symbol="setEyeSpacing"/>
        <entry filename="/Users/erdalgunes/garmin-jailbot/source/JailbotFaceComponents.mc" id="224" lineNum="37" parent="globals/JailbotFace/FaceLayout" pc="268458101" symbol="adjustEyeSpacing"/>
        <entry filename="/Users/erdalgunes/garmin-jailbot/source/JailbotFaceComponents.mc" id="224" lineNum="38" parent="globals/JailbotFace/FaceLayout" pc="268458103" symbol="adjustEyeSpacing"/>
        <entry filename="/Users/erdalgunes/garmin-jailbot/source/JailbotFaceComponents.mc" id="225" lineNum="30" parent="globals/JailbotFace/FaceLayout" pc="268458113" symbol="initialize"/>
        <entry filename="/Users/erdalgunes/garmin-jailbot/source/JailbotFaceComponents.mc" id="225" lineNum="31" parent="globals/JailbotFace/FaceLayout" pc="268458115" symbol="initialize"/>
        <entry filename="/Users/erdalgunes/garmin-jailbot/source/JailbotFaceComponents.mc" id="225" lineNum="32" parent="globals/JailbotFace/FaceLayout" pc="268458144" symbol="initialize"/>
        <entry filename="/Users/erdalgunes/garmin-jailbot/source/JailbotFaceComponents.mc" id="225" lineNum="33" parent="globals/JailbotFace/FaceLayout" pc="268458169" symbol="initialize"/>
        <entry filename="/Users/erdalgunes/garmin-jailbot/source/JailbotFaceComponents.mc" id="225" lineNum="34" parent="globals/JailbotFace/FaceLayout" pc="268458194" symbol="initialize"/>
        <entry filename="/Users/erdalgunes/garmin-jailbot/source/JailbotFaceComponents.mc" id="226" lineNum="55" parent="globals/JailbotFace/FaceLayout" pc="268458220" symbol="draw"/>
        <entry filename="/Users/erdalgunes/garmin-jailbot/source/JailbotFaceComponents.mc" id="226" lineNum="56" parent="globals/JailbotFace/FaceLayout" pc="268458223" symbol="draw"/>
        <entry filename="/Users/erdalgunes/garmin-jailbot/source/JailbotFaceComponents.mc" id="226" lineNum="59" parent="globals/JailbotFace/FaceLayout" pc="268458240" symbol="draw"/>
        <entry filename="/Users/erdalgunes/garmin-jailbot/source/JailbotFaceComponents.mc" id="226" lineNum="61" parent="globals/JailbotFace/FaceLayout" pc="268458256" symbol="draw"/>
        <entry filename="/Users/erdalgunes/garmin-jailbot/source/JailbotFaceComponents.mc" id="226" lineNum="62" parent="globals/JailbotFace/FaceLayout" pc="268458268" symbol="draw"/>
        <entry filename="/Users/erdalgunes/garmin-jailbot/source/JailbotFaceComponents.mc" id="226" lineNum="65" parent="globals/JailbotFace/FaceLayout" pc="268458280" symbol="draw"/>
        <entry filename="/Users/erdalgunes/garmin-jailbot/source/JailbotFaceComponents.mc" id="226" lineNum="67" parent="globals/JailbotFace/FaceLayout" pc="268458292" symbol="draw"/>
        <entry filename="/Users/erdalgunes/garmin-jailbot/source/JailbotFaceComponents.mc" id="226" lineNum="70" parent="globals/JailbotFace/FaceLayout" pc="268458305" symbol="draw"/>
        <entry filename="/Users/erdalgunes/garmin-jailbot/source/JailbotFaceComponents.mc" id="226" lineNum="71" parent="globals/JailbotFace/FaceLayout" pc="268458318" symbol="draw"/>
        <entry filename="/Users/erdalgunes/garmin-jailbot/source/JailbotFaceComponents.mc" id="226" lineNum="72" parent="globals/JailbotFace/FaceLayout" pc="268458342" symbol="draw"/>
        <entry filename="/Users/erdalgunes/garmin-jailbot/source/JailbotFaceComponents.mc" id="226" lineNum="75" parent="globals/JailbotFace/FaceLayout" pc="268458366" symbol="draw"/>
        <entry filename="/Users/erdalgunes/garmin-jailbot/source/JailbotFaceComponents.mc" id="226" lineNum="78" parent="globals/JailbotFace/FaceLayout" pc="268458379" symbol="draw"/>
        <entry filename="/Users/erdalgunes/garmin-jailbot/source/JailbotFaceComponents.mc" id="226" lineNum="79" parent="globals/JailbotFace/FaceLayout" pc="268458389" symbol="draw"/>
        <entry filename="/Users/erdalgunes/garmin-jailbot/source/JailbotFaceComponents.mc" id="226" lineNum="80" parent="globals/JailbotFace/FaceLayout" pc="268458399" symbol="draw"/>
        <entry filename="/Users/erdalgunes/garmin-jailbot/source/JailbotFaceComponents.mc" id="226" lineNum="81" parent="globals/JailbotFace/FaceLayout" pc="268458409" symbol="draw"/>
        <entry filename="/Users/erdalgunes/garmin-jailbot/source/JailbotFaceComponents.mc" id="226" lineNum="84" parent="globals/JailbotFace/FaceLayout" pc="268458422" symbol="draw"/>
        <entry filename="/Users/erdalgunes/garmin-jailbot/source/JailbotFaceComponents.mc" id="226" lineNum="85" parent="globals/JailbotFace/FaceLayout" pc="268458441" symbol="draw"/>
        <entry filename="/Users/erdalgunes/garmin-jailbot/source/JailbotFaceComponents.mc" id="226" lineNum="86" parent="globals/JailbotFace/FaceLayout" pc="268458469" symbol="draw"/>
        <entry filename="/Users/erdalgunes/garmin-jailbot/source/JailbotFaceComponents.mc" id="226" lineNum="88" parent="globals/JailbotFace/FaceLayout" pc="268458475" symbol="draw"/>
        <entry filename="/Users/erdalgunes/garmin-jailbot/source/JailbotFaceComponents.mc" id="226" lineNum="91" parent="globals/JailbotFace/FaceLayout" pc="268458502" symbol="draw"/>
        <entry filename="/Users/erdalgunes/garmin-jailbot/source/JailbotFaceComponents.mc" id="226" lineNum="95" parent="globals/JailbotFace/FaceLayout" pc="268458530" symbol="draw"/>
        <entry filename="/Users/erdalgunes/garmin-jailbot/source/JailbotFaceComponents.mc" id="226" lineNum="96" parent="globals/JailbotFace/FaceLayout" pc="268458549" symbol="draw"/>
        <entry filename="/Users/erdalgunes/garmin-jailbot/source/JailbotFaceComponents.mc" id="226" lineNum="97" parent="globals/JailbotFace/FaceLayout" pc="268458577" symbol="draw"/>
        <entry filename="/Users/erdalgunes/garmin-jailbot/source/JailbotFaceComponents.mc" id="226" lineNum="99" parent="globals/JailbotFace/FaceLayout" pc="268458583" symbol="draw"/>
        <entry filename="/Users/erdalgunes/garmin-jailbot/source/JailbotFaceComponents.mc" id="226" lineNum="102" parent="globals/JailbotFace/FaceLayout" pc="268458610" symbol="draw"/>
        <entry filename="/Users/erdalgunes/garmin-jailbot/source/JailbotFaceComponents.mc" id="226" lineNum="106" parent="globals/JailbotFace/FaceLayout" pc="268458638" symbol="draw"/>
        <entry filename="/Users/erdalgunes/garmin-jailbot/source/JailbotFaceComponents.mc" id="226" lineNum="107" parent="globals/JailbotFace/FaceLayout" pc="268458651" symbol="draw"/>
        <entry filename="/Users/erdalgunes/garmin-jailbot/source/JailbotFaceComponents.mc" id="226" lineNum="108" parent="globals/JailbotFace/FaceLayout" pc="268458675" symbol="draw"/>
        <entry filename="/Users/erdalgunes/garmin-jailbot/source/JailbotFaceComponents.mc" id="226" lineNum="109" parent="globals/JailbotFace/FaceLayout" pc="268458685" symbol="draw"/>
        <entry filename="/Users/erdalgunes/garmin-jailbot/source/JailbotFaceComponents.mc" id="226" lineNum="111" parent="globals/JailbotFace/FaceLayout" pc="268458701" symbol="draw"/>
        <entry filename="/Users/erdalgunes/garmin-jailbot/source/JailbotFaceComponents.mc" id="226" lineNum="112" parent="globals/JailbotFace/FaceLayout" pc="268458720" symbol="draw"/>
        <entry filename="/Users/erdalgunes/garmin-jailbot/source/JailbotFaceComponents.mc" id="226" lineNum="113" parent="globals/JailbotFace/FaceLayout" pc="268458748" symbol="draw"/>
        <entry filename="/Users/erdalgunes/garmin-jailbot/source/JailbotFaceComponents.mc" id="227" lineNum="41" parent="globals/JailbotFace/FaceLayout" pc="268458773" symbol="moveEyesApart"/>
        <entry filename="/Users/erdalgunes/garmin-jailbot/source/JailbotFaceComponents.mc" id="227" lineNum="42" parent="globals/JailbotFace/FaceLayout" pc="268458775" symbol="moveEyesApart"/>
    </pcToLineNum>
    <symbolTable>
        <entry id="281" symbol="hasBlinkTimer"/>
        <entry id="8388639" module="true" symbol="Graphics"/>
        <entry id="277" symbol="emoticon"/>
        <entry id="35" module="true" symbol="PixelTime"/>
        <entry id="198" method="true" symbol="&lt;globals/BlinkScheduler/&lt;&gt;getDefaultProfile&gt;"/>
        <entry id="181" method="true" symbol="drawHollowDigit"/>
        <entry id="222" method="true" symbol="updateScale"/>
        <entry field="true" id="159" symbol="&lt;globals/HealthDataProvider/&lt;&gt;achievementFlags&gt;"/>
        <entry field="true" id="229" symbol="digitCols"/>
        <entry field="true" id="193" symbol="&lt;globals/BlinkScheduler/&lt;&gt;blinkStartTime&gt;"/>
        <entry id="164" method="true" symbol="&lt;globals/HealthDataProvider/&lt;&gt;estimateStressFromActivity&gt;"/>
        <entry field="true" id="216" symbol="baseWidth"/>
        <entry id="170" method="true" symbol="&lt;globals/HealthDataProvider/&lt;&gt;isInAODMode&gt;"/>
        <entry field="true" id="265" symbol="mouth"/>
        <entry id="168" method="true" symbol="&lt;globals/HealthDataProvider/&lt;&gt;getHeartRateData&gt;"/>
        <entry id="278" symbol="isRunning"/>
        <entry id="5" module="true" symbol="globals/JailbotAnalog/AnalogStyleFactory/&lt;statics&gt;"/>
        <entry id="122" method="true" symbol="&lt;globals/BlinkController/&lt;&gt;scheduleNextBlink&gt;"/>
        <entry id="8388632" method="true" symbol="&lt;init&gt;"/>
        <entry field="true" id="82" symbol="eyeAsymmetry"/>
        <entry id="20" object="true" symbol="EmoticonRenderer"/>
        <entry field="true" id="142" symbol="&lt;globals/MoodEngine/&lt;&gt;states&gt;"/>
        <entry field="true" id="121" symbol="&lt;globals/BlinkController/&lt;&gt;reopenTimer&gt;"/>
        <entry id="236" method="true" symbol="drawGhostJailbot"/>
        <entry id="18" object="true" symbol="DrowsyState"/>
        <entry id="8391212" method="true" symbol="mean"/>
        <entry id="184" method="true" symbol="drawPixelatedAOD"/>
        <entry id="260" method="true" symbol="toggleJailbotDisplay"/>
        <entry id="197" method="true" symbol="getBlinkPhase"/>
        <entry id="8389683" method="true" symbol="onSettingsChanged"/>
        <entry id="288" symbol="resting"/>
        <entry id="2" module="true" symbol="globals/AOD"/>
        <entry field="true" id="112" symbol="&lt;globals/BlinkController/&lt;&gt;blinkCount&gt;"/>
        <entry field="true" id="8389759" symbol="radius"/>
        <entry id="104" object="true" symbol="RimIndicators"/>
        <entry id="9" module="true" symbol="globals/PixelTime/DigitPatterns/&lt;statics&gt;"/>
        <entry field="true" id="214" symbol="baseBlockSize"/>
        <entry id="4" module="true" symbol="globals/JailbotAnalog"/>
        <entry id="34" module="true" symbol="PixelResolution"/>
        <entry field="true" id="259" symbol="showJailbot"/>
        <entry id="253" method="true" symbol="createMinimalStyle"/>
        <entry id="50" method="true" symbol="&lt;globals/EmoticonParser/&lt;&gt;applyHappy&gt;"/>
        <entry id="75" method="true" symbol="render"/>
        <entry id="237" method="true" symbol="drawMinimalColon"/>
        <entry id="221" method="true" symbol="setGap"/>
        <entry id="101" object="true" symbol="AnalogClockFace"/>
        <entry id="57" method="true" symbol="&lt;globals/EmoticonParser/&lt;&gt;applyTongue&gt;"/>
        <entry id="183" method="true" symbol="drawJailbot3"/>
        <entry field="true" id="215" symbol="baseGap"/>
        <entry field="true" id="87" symbol="eyeShape"/>
        <entry field="true" id="145" symbol="achievementEvent"/>
        <entry id="77" method="true" symbol="renderWithEmoticon"/>
        <entry field="true" id="224" symbol="rows"/>
        <entry id="66" method="true" symbol="score"/>
        <entry id="14" module="true" symbol="AnalogClock"/>
        <entry id="252" method="true" symbol="createClassicStyle"/>
        <entry id="26" module="true" symbol="JailbotAnalog"/>
        <entry id="64" object="true" symbol="ResolutionManager"/>
        <entry field="true" id="133" symbol="&lt;globals/MoodEngine/&lt;&gt;currentState&gt;"/>
        <entry id="29" object="true" symbol="JailbotWatchFaceView"/>
        <entry field="true" id="93" symbol="mouthShape"/>
        <entry id="61" object="true" symbol="GridSpec"/>
        <entry id="8388924" module="true" symbol="Gregorian"/>
        <entry field="true" id="155" symbol="recoveryNeed"/>
        <entry id="17" object="true" symbol="ChargedState"/>
        <entry field="true" id="132" symbol="&lt;globals/MoodEngine/&lt;&gt;blinkScheduler&gt;"/>
        <entry field="true" id="8388611" module="true" symbol="Toybox"/>
        <entry id="280" symbol="lastBlinkTime"/>
        <entry field="true" id="134" symbol="&lt;globals/MoodEngine/&lt;&gt;emoticonRenderer&gt;"/>
        <entry field="true" id="91" symbol="mouthOpenness"/>
        <entry id="73" method="true" symbol="&lt;globals/ExpressionRenderer/&lt;&gt;applyBlinkOverlay&gt;"/>
        <entry field="true" id="141" symbol="&lt;globals/MoodEngine/&lt;&gt;stateMemory&gt;"/>
        <entry id="68" object="true" symbol="TimeDisplay"/>
        <entry id="139" method="true" symbol="&lt;globals/MoodEngine/&lt;&gt;selectState&gt;"/>
        <entry field="true" id="230" symbol="digitRows"/>
        <entry id="178" method="true" symbol="drawAuthenticJailbot"/>
        <entry id="69" method="true" symbol="allowedVariants"/>
        <entry id="43" method="true" symbol="selectVariant"/>
        <entry id="284" symbol="bodyBattery"/>
        <entry id="257" method="true" symbol="drawWithScreen"/>
        <entry id="45" method="true" symbol="&lt;globals/EmoticonParser/&lt;&gt;applyAngry&gt;"/>
        <entry id="36" object="true" symbol="RecoveringState"/>
        <entry field="true" id="95" symbol="showBlush"/>
        <entry field="true" id="228" symbol="colonSpacing"/>
        <entry field="true" id="258" symbol="jailbotFace"/>
        <entry field="true" id="146" symbol="aod"/>
        <entry id="70" method="true" symbol="blinkProfile"/>
        <entry field="true" id="96" symbol="showTears"/>
        <entry field="true" id="205" symbol="AppName"/>
        <entry id="209" method="true" symbol="getCellY"/>
        <entry id="208" method="true" symbol="getCellX"/>
        <entry id="8388633" module="true" symbol="ActivityMonitor"/>
        <entry id="60" method="true" symbol="parseEmoticon"/>
        <entry field="true" id="157" symbol="stepProgress"/>
        <entry id="62" object="true" symbol="PixelMetrics"/>
        <entry id="185" method="true" symbol="drawStaticJailbotFace"/>
        <entry field="true" id="119" symbol="&lt;globals/BlinkController/&lt;&gt;lastBlinkTime&gt;"/>
        <entry id="12" module="true" symbol="globals/Rez/Strings"/>
        <entry id="71" method="true" symbol="getEmoticon"/>
        <entry field="true" id="8388912" symbol="steps"/>
        <entry field="true" id="8388795" method="true" symbol="length"/>
        <entry id="27" module="true" symbol="JailbotFace"/>
        <entry id="169" method="true" symbol="&lt;globals/HealthDataProvider/&lt;&gt;getStressLevel&gt;"/>
        <entry id="190" method="true" symbol="aodExpression"/>
        <entry id="8388648" module="true" symbol="WatchUi"/>
        <entry id="8389181" method="true" symbol="drawRectangle"/>
        <entry id="8390097" method="true" symbol="onPartialUpdate"/>
        <entry field="true" id="39" symbol="&lt;globals/MoodMemory/&lt;&gt;achievementEventTime&gt;"/>
        <entry id="245" method="true" symbol="drawStrongMark"/>
        <entry field="true" id="249" symbol="minuteHand"/>
        <entry id="37" object="true" symbol="StandbyState"/>
        <entry id="161" method="true" symbol="&lt;globals/HealthDataProvider/&lt;&gt;detectAchievements&gt;"/>
        <entry field="true" id="8388913" symbol="stepGoal"/>
        <entry field="true" id="173" symbol="&lt;globals/HealthDataProvider/&lt;&gt;stepGoalCache&gt;"/>
        <entry id="10" module="true" symbol="globals/Rez"/>
        <entry id="123" method="true" symbol="&lt;globals/EmoticonRenderer/&lt;&gt;drawAccessories&gt;"/>
        <entry id="53" method="true" symbol="&lt;globals/EmoticonParser/&lt;&gt;applyLove&gt;"/>
        <entry id="211" method="true" symbol="getTotalWidth"/>
        <entry id="25" object="true" symbol="IMoodState"/>
        <entry id="262" method="true" symbol="adjustEyeSpacing"/>
        <entry id="256" method="true" symbol="drawMiniJailbot"/>
        <entry id="115" method="true" symbol="endBlink"/>
        <entry id="244" method="true" symbol="drawSecondaryMark"/>
        <entry id="8389124" method="true" symbol="onUpdate"/>
        <entry id="107" object="true" symbol="JailbotAnalogFace"/>
        <entry field="true" id="92" symbol="mouthRadius"/>
        <entry id="283" symbol="variant"/>
        <entry id="143" method="true" symbol="&lt;globals/MoodEngine/&lt;&gt;transitionToState&gt;"/>
        <entry field="true" id="207" symbol="gap"/>
        <entry id="202" method="true" symbol="&lt;globals/BlinkScheduler/&lt;&gt;startBlink&gt;"/>
        <entry field="true" id="213" symbol="originY"/>
        <entry field="true" id="212" symbol="originX"/>
        <entry id="55" method="true" symbol="&lt;globals/EmoticonParser/&lt;&gt;applySad&gt;"/>
        <entry field="true" id="247" symbol="minuteMarkLength"/>
        <entry id="163" method="true" symbol="&lt;globals/HealthDataProvider/&lt;&gt;estimateSleepQuality&gt;"/>
        <entry field="true" id="200" symbol="&lt;globals/BlinkScheduler/&lt;&gt;nextBlinkTime&gt;"/>
        <entry id="8389026" method="true" symbol="requestUpdate"/>
        <entry field="true" id="8388721" symbol="min"/>
        <entry id="8388771" module="true" object="true" symbol="Drawables"/>
        <entry field="true" id="195" symbol="&lt;globals/BlinkScheduler/&lt;&gt;eventBlinkPending&gt;"/>
        <entry field="true" id="79" symbol="blinkRate"/>
        <entry field="true" id="148" symbol="energy"/>
        <entry field="true" id="153" symbol="overloadRisk"/>
        <entry id="274" symbol="closureMs"/>
        <entry id="261" method="true" symbol="getSpec"/>
        <entry id="13" module="true" symbol="AOD"/>
        <entry field="true" id="8389869" symbol="activeMinutesWeek"/>
        <entry id="210" method="true" symbol="getTotalHeight"/>
        <entry field="true" id="8389066" symbol="width"/>
        <entry id="286" symbol="restingHR"/>
        <entry id="201" method="true" symbol="&lt;globals/BlinkScheduler/&lt;&gt;scheduleNextBlink&gt;"/>
        <entry id="272" symbol="max"/>
        <entry id="8389122" method="true" symbol="onLayout"/>
        <entry field="true" id="149" symbol="focusContext"/>
        <entry field="true" id="194" symbol="&lt;globals/BlinkScheduler/&lt;&gt;currentProfile&gt;"/>
        <entry id="8389376" method="true" symbol="onEnterSleep"/>
        <entry id="65" method="true" symbol="id"/>
        <entry id="72" method="true" symbol="getExpression"/>
        <entry id="28" object="true" symbol="JailbotWatchFaceApp"/>
        <entry field="true" id="88" symbol="eyeWidth"/>
        <entry id="49" method="true" symbol="&lt;globals/EmoticonParser/&lt;&gt;applyGrin&gt;"/>
        <entry id="218" method="true" symbol="dp"/>
        <entry field="true" id="225" symbol="dc"/>
        <entry id="267" method="true" symbol="moveEyesCloser"/>
        <entry field="true" id="251" symbol="secondHand"/>
        <entry id="22" object="true" symbol="ExpressionRenderer"/>
        <entry field="true" id="94" symbol="mouthWidth"/>
        <entry field="true" id="177" symbol="aodDisplay"/>
        <entry field="true" id="264" symbol="leftEye"/>
        <entry id="106" object="true" symbol="AnalogStyleFactory"/>
        <entry id="16" object="true" symbol="BlinkScheduler"/>
        <entry field="true" id="84" symbol="eyeOpenness"/>
        <entry id="289" symbol="active"/>
        <entry id="67" object="true" symbol="DigitPatterns"/>
        <entry id="182" method="true" symbol="drawJailbot20PixelArt"/>
        <entry id="231" method="true" symbol="drawDigit"/>
        <entry field="true" id="8391854" symbol="batteryInDays"/>
        <entry field="true" id="154" symbol="postActivity30"/>
        <entry id="74" method="true" symbol="&lt;globals/ExpressionRenderer/&lt;&gt;drawAccentEffects&gt;"/>
        <entry field="true" id="254" symbol="blinkTimer"/>
        <entry id="124" method="true" symbol="&lt;globals/EmoticonRenderer/&lt;&gt;drawArcEyes&gt;"/>
        <entry id="276" symbol="blinkPhase"/>
        <entry id="11" module="true" symbol="globals/Rez/Drawables"/>
        <entry id="174" method="true" symbol="updateRestingHRBaseline"/>
        <entry id="32" object="true" symbol="MoodMemory"/>
        <entry id="160" method="true" symbol="debugSensorData"/>
        <entry field="true" id="138" symbol="&lt;globals/MoodEngine/&lt;&gt;lastUpdateTime&gt;"/>
        <entry id="150" method="true" symbol="&lt;globals/MoodContext/&lt;&gt;getTimeAdjustedGoal&gt;"/>
        <entry id="103" object="true" symbol="MinuteHand"/>
        <entry id="235" method="true" symbol="drawAOD"/>
        <entry field="true" id="176" symbol="analogFace"/>
        <entry field="true" id="187" symbol="inAOD"/>
        <entry field="true" id="113" symbol="&lt;globals/BlinkController/&lt;&gt;blinkState&gt;"/>
        <entry id="41" method="true" symbol="isAchievementEventRecent"/>
        <entry id="52" method="true" symbol="&lt;globals/EmoticonParser/&lt;&gt;applyLaugh&gt;"/>
        <entry id="8388699" method="true" symbol="stop"/>
        <entry id="111" method="true" symbol="beginBlink"/>
        <entry id="48" method="true" symbol="&lt;globals/EmoticonParser/&lt;&gt;applyCrying&gt;"/>
        <entry id="24" object="true" symbol="HealthDataProvider"/>
        <entry id="108" object="true" symbol="Eye"/>
        <entry id="165" method="true" symbol="gatherSensorData"/>
        <entry field="true" id="239" symbol="lastMinute"/>
        <entry id="109" object="true" symbol="FaceLayout"/>
        <entry field="true" id="78" symbol="blinkDuration"/>
        <entry field="true" id="42" symbol="&lt;globals/MoodMemory/&lt;&gt;lastVariantTime&gt;"/>
        <entry id="282" symbol="hasReopenTimer"/>
        <entry field="true" id="250" symbol="rimIndicators"/>
        <entry id="271" symbol="accent"/>
        <entry id="8389377" method="true" symbol="onExitSleep"/>
        <entry id="8388644" module="true" symbol="System"/>
        <entry id="54" method="true" symbol="&lt;globals/EmoticonParser/&lt;&gt;applyNeutral&gt;"/>
        <entry id="162" method="true" symbol="&lt;globals/HealthDataProvider/&lt;&gt;estimateBodyBattery&gt;"/>
        <entry field="true" id="158" symbol="stressLevel"/>
        <entry id="8388645" module="true" symbol="Time"/>
        <entry id="8388769" module="true" object="true" symbol="Rez"/>
        <entry field="true" id="186" symbol="healthDataProvider"/>
        <entry id="127" method="true" symbol="&lt;globals/EmoticonRenderer/&lt;&gt;drawHeartEyes&gt;"/>
        <entry id="76" method="true" symbol="renderLegacy"/>
        <entry field="true" id="90" symbol="mouthHeight"/>
        <entry id="269" method="true" symbol="setEyeSpacing"/>
        <entry id="241" method="true" symbol="setup"/>
        <entry id="240" method="true" symbol="calculateAngle"/>
        <entry id="8388640" module="true" symbol="Lang"/>
        <entry id="255" method="true" symbol="drawJailbotElements"/>
        <entry id="290" symbol="stepGoalReached"/>
        <entry id="8389068" method="true" symbol="draw"/>
        <entry field="true" id="233" symbol="patterns"/>
        <entry id="238" method="true" symbol="drawPixelDot"/>
        <entry field="true" id="199" symbol="&lt;globals/BlinkScheduler/&lt;&gt;isBlinking&gt;"/>
        <entry id="102" object="true" symbol="HourHand"/>
        <entry id="3" module="true" symbol="globals/AnalogClock"/>
        <entry field="true" id="85" symbol="eyeRadius"/>
        <entry field="true" id="140" symbol="&lt;globals/MoodEngine/&lt;&gt;stateCooldowns&gt;"/>
        <entry field="true" id="204" symbol="LauncherIcon"/>
        <entry id="175" method="true" symbol="&lt;globals/HealthDataProvider/&lt;&gt;wasActiveRecently&gt;"/>
        <entry field="true" id="188" symbol="moodEngine"/>
        <entry id="291" symbol="lastStepCount"/>
        <entry id="8388610" symbol="statics"/>
        <entry id="8389123" method="true" symbol="onShow"/>
        <entry field="true" id="246" symbol="hourMarkLength"/>
        <entry field="true" id="268" symbol="rightEye"/>
        <entry field="true" id="44" symbol="&lt;globals/MoodMemory/&lt;&gt;stateHistory&gt;"/>
        <entry id="105" object="true" symbol="SecondHand"/>
        <entry id="51" method="true" symbol="&lt;globals/EmoticonParser/&lt;&gt;applyJoy&gt;"/>
        <entry field="true" id="189" symbol="updateTimer"/>
        <entry id="8389350" module="true" symbol="globals"/>
        <entry id="128" method="true" symbol="&lt;globals/EmoticonRenderer/&lt;&gt;drawMouth&gt;"/>
        <entry id="179" method="true" symbol="drawDirectAnalogJailbot"/>
        <entry field="true" id="118" symbol="&lt;globals/BlinkController/&lt;&gt;isRunning&gt;"/>
        <entry id="8388770" module="true" object="true" symbol="Strings"/>
        <entry field="true" id="8388960" symbol="heartRate"/>
        <entry id="56" method="true" symbol="&lt;globals/EmoticonParser/&lt;&gt;applyShock&gt;"/>
        <entry id="23" object="true" symbol="FocusedState"/>
        <entry field="true" id="243" symbol="centerY"/>
        <entry field="true" id="242" symbol="centerX"/>
        <entry field="true" id="83" symbol="eyeHeight"/>
        <entry field="true" id="192" symbol="&lt;globals/BlinkScheduler/&lt;&gt;blinkDuration&gt;"/>
        <entry id="8388702" method="true" symbol="initialize"/>
        <entry id="203" method="true" symbol="triggerEventBlink"/>
        <entry field="true" id="234" symbol="digitPatterns"/>
        <entry id="8389279" method="true" symbol="onStart"/>
        <entry field="true" id="135" symbol="&lt;globals/MoodEngine/&lt;&gt;expressionRenderer&gt;"/>
        <entry id="100" object="true" symbol="MinimalTimeDisplay"/>
        <entry field="true" id="206" symbol="blockSize"/>
        <entry field="true" id="99" symbol="tongueSize"/>
        <entry id="8388641" module="true" symbol="Math"/>
        <entry id="196" method="true" symbol="&lt;globals/BlinkScheduler/&lt;&gt;generateBlinkInterval&gt;"/>
        <entry id="191" method="true" symbol="enter"/>
        <entry id="167" method="true" symbol="&lt;globals/HealthDataProvider/&lt;&gt;getBodyBatteryLevel&gt;"/>
        <entry field="true" id="232" symbol="resManager"/>
        <entry id="110" object="true" symbol="Mouth"/>
        <entry id="6" module="true" symbol="globals/JailbotFace"/>
        <entry field="true" id="40" symbol="&lt;globals/MoodMemory/&lt;&gt;currentVariant&gt;"/>
        <entry id="8389280" method="true" symbol="getInitialView"/>
        <entry id="220" method="true" symbol="setBlockSize"/>
        <entry id="8389281" method="true" symbol="onStop"/>
        <entry id="129" method="true" symbol="&lt;globals/EmoticonRenderer/&lt;&gt;drawXEyes&gt;"/>
        <entry field="true" id="152" symbol="inActivity"/>
        <entry id="217" method="true" symbol="centerGrid"/>
        <entry id="270" symbol="mouthCurve"/>
        <entry field="true" id="8389347" symbol="color"/>
        <entry id="47" method="true" symbol="&lt;globals/EmoticonParser/&lt;&gt;applyConfused&gt;"/>
        <entry id="30" object="true" symbol="MoodContext"/>
        <entry field="true" id="130" symbol="&lt;globals/EmoticonRenderer/&lt;&gt;parser&gt;"/>
        <entry field="true" id="151" symbol="hrAnomaly"/>
        <entry id="279" symbol="blinkCount"/>
        <entry id="8388717" method="true" symbol="exit"/>
        <entry id="19" object="true" symbol="EmoticonParser"/>
        <entry id="21" object="true" symbol="ExpressionParams"/>
        <entry field="true" id="81" symbol="expressionIntensity"/>
        <entry id="136" method="true" symbol="&lt;globals/MoodEngine/&lt;&gt;getCooldownForState&gt;"/>
        <entry id="147" method="true" symbol="&lt;globals/MoodContext/&lt;&gt;clamp01&gt;"/>
        <entry id="166" method="true" symbol="&lt;globals/HealthDataProvider/&lt;&gt;getActivityStatus&gt;"/>
        <entry field="true" id="156" symbol="sleepQuality"/>
        <entry id="116" method="true" symbol="getBlinkState"/>
        <entry id="46" method="true" symbol="&lt;globals/EmoticonParser/&lt;&gt;applyCat&gt;"/>
        <entry id="8388646" module="true" object="true" symbol="Timer"/>
        <entry id="38" object="true" symbol="VictoryState"/>
        <entry id="275" symbol="expression"/>
        <entry id="144" method="true" symbol="&lt;globals/MoodEngine/&lt;&gt;updateCooldowns&gt;"/>
        <entry field="true" id="263" symbol="eyeSpacingBlocks"/>
        <entry field="true" id="8389487" symbol="state"/>
        <entry id="8388698" method="true" symbol="start"/>
        <entry id="226" method="true" symbol="drawGrid"/>
        <entry field="true" id="80" symbol="blushIntensity"/>
        <entry field="true" id="114" symbol="&lt;globals/BlinkController/&lt;&gt;blinkTimer&gt;"/>
        <entry id="287" symbol="current"/>
        <entry id="33" object="true" symbol="OverheatState"/>
        <entry id="273" symbol="doubleProb"/>
        <entry field="true" id="248" symbol="hourHand"/>
        <entry id="180" method="true" symbol="drawHollowBlock"/>
        <entry id="137" method="true" symbol="&lt;globals/MoodEngine/&lt;&gt;getRenderData&gt;"/>
        <entry field="true" id="97" symbol="showTongue"/>
        <entry id="219" method="true" symbol="positionGrid"/>
        <entry id="131" method="true" symbol="renderEmoticon"/>
        <entry id="126" method="true" symbol="&lt;globals/EmoticonRenderer/&lt;&gt;drawEyes&gt;"/>
        <entry id="8" module="true" symbol="globals/PixelTime"/>
        <entry id="31" object="true" symbol="MoodEngine"/>
        <entry field="true" id="172" symbol="&lt;globals/HealthDataProvider/&lt;&gt;restingHRBaseline&gt;"/>
        <entry id="63" object="true" symbol="PixelRenderer"/>
        <entry id="59" method="true" symbol="&lt;globals/EmoticonParser/&lt;&gt;applyWink&gt;"/>
        <entry id="8389125" method="true" symbol="onHide"/>
        <entry field="true" id="98" symbol="tearSize"/>
        <entry id="8390514" method="true" symbol="update"/>
        <entry field="true" id="223" symbol="cols"/>
        <entry field="true" id="86" symbol="eyeSeparation"/>
        <entry id="120" method="true" symbol="onLowPowerChange"/>
        <entry field="true" id="89" symbol="mouthCurvature"/>
        <entry id="58" method="true" symbol="&lt;globals/EmoticonParser/&lt;&gt;applyUnimpressed&gt;"/>
        <entry id="125" method="true" symbol="drawExpression"/>
        <entry field="true" id="227" symbol="metrics"/>
        <entry id="8388635" module="true" symbol="Application"/>
        <entry id="266" method="true" symbol="moveEyesApart"/>
        <entry id="7" module="true" symbol="globals/PixelResolution"/>
        <entry id="117" method="true" symbol="getDebugInfo"/>
        <entry field="true" id="171" symbol="&lt;globals/HealthDataProvider/&lt;&gt;lastActivityEndTime&gt;"/>
        <entry id="285" symbol="stress"/>
        <entry id="15" object="true" symbol="BlinkController"/>
    </symbolTable>
    <localVars>
        <entry arg="true" endPc="268435794" name="allowedVariants" stackId="1" startPc="268435675"/>
        <entry arg="true" endPc="268435794" name="ctx" stackId="2" startPc="268435675"/>
        <entry endPc="268435786" name="now" stackId="3" startPc="268435719"/>
        <entry arg="true" endPc="268435826" name="ctx" stackId="1" startPc="268435795"/>
        <entry arg="true" endPc="268435826" name="deltaMs" stackId="2" startPc="268435795"/>
        <entry arg="true" endPc="268435943" name="params" stackId="1" startPc="268435867"/>
        <entry arg="true" endPc="268436050" name="params" stackId="1" startPc="268435944"/>
        <entry arg="true" endPc="268436166" name="params" stackId="1" startPc="268436051"/>
        <entry arg="true" endPc="268436208" name="params" stackId="1" startPc="268436167"/>
        <entry arg="true" endPc="268436315" name="params" stackId="1" startPc="268436209"/>
        <entry arg="true" endPc="268436431" name="params" stackId="1" startPc="268436316"/>
        <entry arg="true" endPc="268436512" name="params" stackId="1" startPc="268436432"/>
        <entry arg="true" endPc="268437046" name="emoticon" stackId="1" startPc="268436513"/>
        <entry endPc="268437046" name="params" stackId="2" startPc="268436516"/>
        <entry endPc="268437046" name="emotStr" stackId="3" startPc="268436516"/>
        <entry arg="true" endPc="268437127" name="params" stackId="1" startPc="268437047"/>
        <entry arg="true" endPc="268437182" name="params" stackId="1" startPc="268437128"/>
        <entry arg="true" endPc="268437250" name="params" stackId="1" startPc="268437183"/>
        <entry arg="true" endPc="268437340" name="params" stackId="1" startPc="268437251"/>
        <entry arg="true" endPc="268437447" name="params" stackId="1" startPc="268437341"/>
        <entry arg="true" endPc="268437515" name="params" stackId="1" startPc="268437448"/>
        <entry arg="true" endPc="268437609" name="params" stackId="1" startPc="268437516"/>
        <entry arg="true" endPc="268437677" name="params" stackId="1" startPc="268437610"/>
        <entry arg="true" endPc="268437685" name="ctx" stackId="1" startPc="268437678"/>
        <entry arg="true" endPc="268438242" name="ctx" stackId="1" startPc="268438176"/>
        <entry arg="true" endPc="268438434" name="ctx" stackId="1" startPc="268438243"/>
        <entry arg="true" endPc="268438434" name="variant" stackId="2" startPc="268438243"/>
        <entry arg="true" endPc="268438480" name="ctx" stackId="1" startPc="268438435"/>
        <entry endPc="268438480" name="variants" stackId="2" startPc="268438438"/>
        <entry arg="true" endPc="268438537" name="ctx" stackId="1" startPc="268438481"/>
        <entry arg="true" endPc="268438956" name="dc" stackId="1" startPc="268438554"/>
        <entry arg="true" endPc="268438956" name="renderData" stackId="2" startPc="268438554"/>
        <entry arg="true" endPc="268438956" name="faceSize" stackId="3" startPc="268438554"/>
        <entry arg="true" endPc="268438956" name="centerX" stackId="4" startPc="268438554"/>
        <entry arg="true" endPc="268438956" name="centerY" stackId="5" startPc="268438554"/>
        <entry endPc="268438955" name="expression" stackId="6" startPc="268438557"/>
        <entry endPc="268438955" name="blinkPhase" stackId="7" startPc="268438557"/>
        <entry endPc="268438955" name="aod" stackId="8" startPc="268438557"/>
        <entry endPc="268438955" name="eyeWidth" stackId="9" startPc="268438557"/>
        <entry endPc="268438955" name="eyeHeight" stackId="10" startPc="268438557"/>
        <entry endPc="268438955" name="eyeRadius" stackId="11" startPc="268438557"/>
        <entry endPc="268438955" name="currentEyeHeight" stackId="12" startPc="268438557"/>
        <entry endPc="268438955" name="eyeY" stackId="13" startPc="268438557"/>
        <entry endPc="268438955" name="leftEyeX" stackId="14" startPc="268438557"/>
        <entry endPc="268438955" name="rightEyeX" stackId="15" startPc="268438557"/>
        <entry endPc="268438955" name="mouthWidth" stackId="16" startPc="268438557"/>
        <entry endPc="268438955" name="mouthHeight" stackId="17" startPc="268438557"/>
        <entry endPc="268438955" name="mouthY" stackId="18" startPc="268438557"/>
        <entry endPc="268438955" name="mouthRadius" stackId="19" startPc="268438557"/>
        <entry arg="true" endPc="268439086" name="dc" stackId="1" startPc="268438960"/>
        <entry arg="true" endPc="268439086" name="centerX" stackId="2" startPc="268438960"/>
        <entry arg="true" endPc="268439086" name="centerY" stackId="3" startPc="268438960"/>
        <entry arg="true" endPc="268439086" name="faceSize" stackId="4" startPc="268438960"/>
        <entry arg="true" endPc="268439086" name="blinkPhase" stackId="5" startPc="268438960"/>
        <entry endPc="268439085" name="eyeY" stackId="6" startPc="268438963"/>
        <entry endPc="268439085" name="leftEyeX" stackId="7" startPc="268438963"/>
        <entry endPc="268439085" name="rightEyeX" stackId="8" startPc="268438963"/>
        <entry endPc="268439085" name="eyeWidth" stackId="9" startPc="268438963"/>
        <entry endPc="268439085" name="eyeHeight" stackId="10" startPc="268438963"/>
        <entry endPc="268439085" name="eyelidHeight" stackId="11" startPc="268438963"/>
        <entry arg="true" endPc="268439195" name="dc" stackId="1" startPc="268439087"/>
        <entry arg="true" endPc="268439195" name="renderData" stackId="2" startPc="268439087"/>
        <entry arg="true" endPc="268439195" name="faceSize" stackId="3" startPc="268439087"/>
        <entry arg="true" endPc="268439195" name="centerX" stackId="4" startPc="268439087"/>
        <entry arg="true" endPc="268439195" name="centerY" stackId="5" startPc="268439087"/>
        <entry endPc="268439194" name="emoticon" stackId="6" startPc="268439090"/>
        <entry endPc="268439194" name="blinkPhase" stackId="7" startPc="268439090"/>
        <entry endPc="268439194" name="emoticonRenderer" stackId="8" startPc="268439090"/>
        <entry arg="true" endPc="268439294" name="dc" stackId="1" startPc="268439196"/>
        <entry arg="true" endPc="268439294" name="renderData" stackId="2" startPc="268439196"/>
        <entry arg="true" endPc="268439294" name="faceSize" stackId="3" startPc="268439196"/>
        <entry arg="true" endPc="268439294" name="centerX" stackId="4" startPc="268439196"/>
        <entry arg="true" endPc="268439294" name="centerY" stackId="5" startPc="268439196"/>
        <entry endPc="268439293" name="emoticon" stackId="6" startPc="268439199"/>
        <entry endPc="268439293" name="blinkPhase" stackId="7" startPc="268439199"/>
        <entry endPc="268439293" name="aod" stackId="8" startPc="268439199"/>
        <entry arg="true" endPc="268440062" name="ctx" stackId="1" startPc="268440017"/>
        <entry arg="true" endPc="268440153" name="ctx" stackId="1" startPc="268440063"/>
        <entry arg="true" endPc="268440153" name="variant" stackId="2" startPc="268440063"/>
        <entry arg="true" endPc="268440213" name="ctx" stackId="1" startPc="268440154"/>
        <entry endPc="268440381" name="interval" stackId="1" startPc="268440245"/>
        <entry arg="true" endPc="268440759" name="isLowPower" stackId="1" startPc="268440702"/>
        <entry endPc="268441079" name="rand" stackId="1" startPc="268440839"/>
        <entry endPc="268441079" name="doubleThreshold" stackId="2" startPc="268440839"/>
        <entry arg="true" endPc="268441349" name="dc" stackId="1" startPc="268441268"/>
        <entry arg="true" endPc="268441349" name="leftX" stackId="2" startPc="268441268"/>
        <entry arg="true" endPc="268441349" name="rightX" stackId="3" startPc="268441268"/>
        <entry arg="true" endPc="268441349" name="eyeY" stackId="4" startPc="268441268"/>
        <entry arg="true" endPc="268441349" name="width" stackId="5" startPc="268441268"/>
        <entry arg="true" endPc="268441349" name="height" stackId="6" startPc="268441268"/>
        <entry endPc="268441348" name="heartWidth" stackId="7" startPc="268441271"/>
        <entry endPc="268441348" name="heartHeight" stackId="8" startPc="268441271"/>
        <entry arg="true" endPc="268441547" name="dc" stackId="1" startPc="268441350"/>
        <entry arg="true" endPc="268441547" name="leftX" stackId="2" startPc="268441350"/>
        <entry arg="true" endPc="268441547" name="rightX" stackId="3" startPc="268441350"/>
        <entry arg="true" endPc="268441547" name="eyeY" stackId="4" startPc="268441350"/>
        <entry arg="true" endPc="268441547" name="width" stackId="5" startPc="268441350"/>
        <entry arg="true" endPc="268441547" name="height" stackId="6" startPc="268441350"/>
        <entry endPc="268441546" name="thickness" stackId="7" startPc="268441353"/>
        <entry endPc="268441546" name="halfWidth" stackId="8" startPc="268441353"/>
        <entry endPc="268441546" name="halfHeight" stackId="9" startPc="268441353"/>
        <entry arg="true" endPc="268441587" name="dc" stackId="1" startPc="268441548"/>
        <entry arg="true" endPc="268441587" name="emoticon" stackId="2" startPc="268441548"/>
        <entry arg="true" endPc="268441587" name="centerX" stackId="3" startPc="268441548"/>
        <entry arg="true" endPc="268441587" name="centerY" stackId="4" startPc="268441548"/>
        <entry arg="true" endPc="268441587" name="faceSize" stackId="5" startPc="268441548"/>
        <entry endPc="268441586" name="params" stackId="6" startPc="268441551"/>
        <entry arg="true" endPc="268441679" name="dc" stackId="1" startPc="268441588"/>
        <entry arg="true" endPc="268441679" name="leftX" stackId="2" startPc="268441588"/>
        <entry arg="true" endPc="268441679" name="rightX" stackId="3" startPc="268441588"/>
        <entry arg="true" endPc="268441679" name="eyeY" stackId="4" startPc="268441588"/>
        <entry arg="true" endPc="268441679" name="width" stackId="5" startPc="268441588"/>
        <entry arg="true" endPc="268441679" name="height" stackId="6" startPc="268441588"/>
        <entry arg="true" endPc="268441679" name="upward" stackId="7" startPc="268441588"/>
        <entry endPc="268441678" name="arcHeight" stackId="8" startPc="268441591"/>
        <entry endPc="268441678" name="y" stackId="9" startPc="268441591"/>
        <entry arg="true" endPc="268442184" name="dc" stackId="1" startPc="268441680"/>
        <entry arg="true" endPc="268442184" name="params" stackId="2" startPc="268441680"/>
        <entry arg="true" endPc="268442184" name="leftX" stackId="3" startPc="268441680"/>
        <entry arg="true" endPc="268442184" name="rightX" stackId="4" startPc="268441680"/>
        <entry arg="true" endPc="268442184" name="eyeY" stackId="5" startPc="268441680"/>
        <entry arg="true" endPc="268442184" name="baseWidth" stackId="6" startPc="268441680"/>
        <entry arg="true" endPc="268442184" name="baseHeight" stackId="7" startPc="268441680"/>
        <entry endPc="268442183" name="eyeWidth" stackId="8" startPc="268441683"/>
        <entry endPc="268442183" name="eyeHeight" stackId="9" startPc="268441683"/>
        <entry endPc="268442183" name="eyeRadius" stackId="10" startPc="268441683"/>
        <entry endPc="268441930" name="closedHeight" stackId="11" startPc="268441860"/>
        <entry endPc="268442041" name="lineHeight" stackId="12" startPc="268441956"/>
        <entry arg="true" endPc="268442364" name="dc" stackId="1" startPc="268442213"/>
        <entry arg="true" endPc="268442364" name="params" stackId="2" startPc="268442213"/>
        <entry arg="true" endPc="268442364" name="centerX" stackId="3" startPc="268442213"/>
        <entry arg="true" endPc="268442364" name="centerY" stackId="4" startPc="268442213"/>
        <entry arg="true" endPc="268442364" name="faceSize" stackId="5" startPc="268442213"/>
        <entry endPc="268442363" name="baseEyeWidth" stackId="6" startPc="268442216"/>
        <entry endPc="268442363" name="baseEyeHeight" stackId="7" startPc="268442216"/>
        <entry endPc="268442363" name="baseMouthWidth" stackId="8" startPc="268442216"/>
        <entry endPc="268442363" name="baseMouthHeight" stackId="9" startPc="268442216"/>
        <entry endPc="268442363" name="eyeY" stackId="10" startPc="268442216"/>
        <entry endPc="268442363" name="eyeSep" stackId="11" startPc="268442216"/>
        <entry endPc="268442363" name="leftEyeX" stackId="12" startPc="268442216"/>
        <entry endPc="268442363" name="rightEyeX" stackId="13" startPc="268442216"/>
        <entry endPc="268442363" name="mouthY" stackId="14" startPc="268442216"/>
        <entry arg="true" endPc="268442949" name="dc" stackId="1" startPc="268442365"/>
        <entry arg="true" endPc="268442949" name="params" stackId="2" startPc="268442365"/>
        <entry arg="true" endPc="268442949" name="centerX" stackId="3" startPc="268442365"/>
        <entry arg="true" endPc="268442949" name="mouthY" stackId="4" startPc="268442365"/>
        <entry arg="true" endPc="268442949" name="baseWidth" stackId="5" startPc="268442365"/>
        <entry arg="true" endPc="268442949" name="baseHeight" stackId="6" startPc="268442365"/>
        <entry endPc="268442948" name="mouthWidth" stackId="7" startPc="268442368"/>
        <entry endPc="268442948" name="mouthHeight" stackId="8" startPc="268442368"/>
        <entry endPc="268442948" name="mouthRadius" stackId="9" startPc="268442368"/>
        <entry endPc="268442761" name="ovalWidth" stackId="10" startPc="268442703"/>
        <entry endPc="268442761" name="ovalHeight" stackId="11" startPc="268442703"/>
        <entry endPc="268442822" name="catWidth" stackId="12" startPc="268442787"/>
        <entry endPc="268442942" name="tongueWidth" stackId="13" startPc="268442883"/>
        <entry endPc="268442942" name="tongueHeight" stackId="14" startPc="268442883"/>
        <entry endPc="268442942" name="tongueY" stackId="15" startPc="268442883"/>
        <entry arg="true" endPc="268443147" name="dc" stackId="1" startPc="268442950"/>
        <entry arg="true" endPc="268443147" name="params" stackId="2" startPc="268442950"/>
        <entry arg="true" endPc="268443147" name="centerX" stackId="3" startPc="268442950"/>
        <entry arg="true" endPc="268443147" name="centerY" stackId="4" startPc="268442950"/>
        <entry arg="true" endPc="268443147" name="faceSize" stackId="5" startPc="268442950"/>
        <entry endPc="268443037" name="tearSize" stackId="6" startPc="268442978"/>
        <entry endPc="268443037" name="tearX" stackId="7" startPc="268442978"/>
        <entry endPc="268443037" name="tearY" stackId="8" startPc="268442978"/>
        <entry endPc="268443143" name="blushSize" stackId="9" startPc="268443050"/>
        <entry endPc="268443143" name="blushY" stackId="10" startPc="268443050"/>
        <entry arg="true" endPc="268443287" name="newState" stackId="1" startPc="268443148"/>
        <entry arg="true" endPc="268443287" name="ctx" stackId="2" startPc="268443148"/>
        <entry endPc="268443286" name="prevStateId" stackId="3" startPc="268443151"/>
        <entry arg="true" endPc="268443464" name="rawSensors" stackId="1" startPc="268443288"/>
        <entry endPc="268443464" name="ctx" stackId="2" startPc="268443291"/>
        <entry endPc="268443464" name="now" stackId="3" startPc="268443291"/>
        <entry endPc="268443464" name="deltaMs" stackId="4" startPc="268443291"/>
        <entry endPc="268443464" name="newState" stackId="5" startPc="268443291"/>
        <entry arg="true" endPc="268443621" name="stateId" stackId="1" startPc="268443465"/>
        <entry arg="true" endPc="268443795" name="ctx" stackId="1" startPc="268443622"/>
        <entry endPc="268443795" name="allowedVariants" stackId="2" startPc="268443625"/>
        <entry endPc="268443795" name="variant" stackId="3" startPc="268443625"/>
        <entry endPc="268443795" name="expression" stackId="4" startPc="268443625"/>
        <entry endPc="268443795" name="blinkPhase" stackId="5" startPc="268443625"/>
        <entry arg="true" endPc="268443902" name="deltaMs" stackId="1" startPc="268443796"/>
        <entry endPc="268443901" name="keys" stackId="2" startPc="268443799"/>
        <entry endPc="268443901" name="i" stackId="3" startPc="268443828"/>
        <entry endPc="268443891" name="key" stackId="4" startPc="268443828"/>
        <entry endPc="268444267" name="i" stackId="1" startPc="268444237"/>
        <entry arg="true" endPc="268444463" name="ctx" stackId="1" startPc="268444269"/>
        <entry endPc="268444463" name="bestState" stackId="2" startPc="268444272"/>
        <entry endPc="268444463" name="bestScore" stackId="3" startPc="268444272"/>
        <entry endPc="268444431" name="i" stackId="4" startPc="268444302"/>
        <entry endPc="268444421" name="state" stackId="5" startPc="268444302"/>
        <entry endPc="268444421" name="stateId" stackId="6" startPc="268444302"/>
        <entry endPc="268444421" name="score" stackId="7" startPc="268444302"/>
        <entry arg="true" endPc="268444500" name="ctx" stackId="1" startPc="268444464"/>
        <entry arg="true" endPc="268444587" name="ctx" stackId="1" startPc="268444501"/>
        <entry arg="true" endPc="268444587" name="variant" stackId="2" startPc="268444501"/>
        <entry arg="true" endPc="268444643" name="ctx" stackId="1" startPc="268444588"/>
        <entry arg="true" endPc="268444698" name="value" stackId="1" startPc="268444660"/>
        <entry arg="true" endPc="268444744" name="goal" stackId="1" startPc="268444699"/>
        <entry endPc="268444744" name="now" stackId="2" startPc="268444702"/>
        <entry endPc="268444744" name="hour" stackId="3" startPc="268444702"/>
        <entry arg="true" endPc="268445103" name="sensors" stackId="1" startPc="268444745"/>
        <entry endPc="268445102" name="stepGoal" stackId="2" startPc="268444748"/>
        <entry endPc="268445102" name="timeAdjustedGoal" stackId="3" startPc="268444748"/>
        <entry arg="true" endPc="268445161" name="ctx" stackId="1" startPc="268445104"/>
        <entry arg="true" endPc="268445252" name="ctx" stackId="1" startPc="268445162"/>
        <entry arg="true" endPc="268445252" name="variant" stackId="2" startPc="268445162"/>
        <entry arg="true" endPc="268445312" name="ctx" stackId="1" startPc="268445253"/>
        <entry endPc="268445457" name="quality" stackId="1" startPc="268445336"/>
        <entry endPc="268445406" name="now" stackId="2" startPc="268445343"/>
        <entry endPc="268445406" name="hour" stackId="3" startPc="268445343"/>
        <entry endPc="268445396" name="bodyBattery" stackId="4" startPc="268445379"/>
        <entry endPc="268445449" name="ex" stackId="5" startPc="268445413"/>
        <entry endPc="268445641" name="active" stackId="1" startPc="268445461"/>
        <entry endPc="268445641" name="postActivity30" stackId="2" startPc="268445461"/>
        <entry endPc="268445571" name="hrData" stackId="3" startPc="268445467"/>
        <entry endPc="268445571" name="hrElevation" stackId="4" startPc="268445467"/>
        <entry endPc="268445571" name="now" stackId="5" startPc="268445467"/>
        <entry endPc="268445541" name="timeSinceActivity" stackId="6" startPc="268445523"/>
        <entry endPc="268445614" name="ex" stackId="7" startPc="268445578"/>
        <entry arg="true" endPc="268445754" name="steps" stackId="1" startPc="268445642"/>
        <entry arg="true" endPc="268445754" name="stepGoal" stackId="2" startPc="268445642"/>
        <entry endPc="268445754" name="achievementDetected" stackId="3" startPc="268445645"/>
        <entry endPc="268445768" name="stress" stackId="1" startPc="268445758"/>
        <entry endPc="268445941" name="now" stackId="1" startPc="268445772"/>
        <entry endPc="268445941" name="hour" stackId="2" startPc="268445772"/>
        <entry endPc="268445941" name="timeBasedEnergy" stackId="3" startPc="268445772"/>
        <entry endPc="268445941" name="info" stackId="4" startPc="268445772"/>
        <entry endPc="268445941" name="steps" stackId="5" startPc="268445772"/>
        <entry endPc="268445941" name="stepGoal" stackId="6" startPc="268445772"/>
        <entry endPc="268445941" name="activityAdjustment" stackId="7" startPc="268445772"/>
        <entry endPc="268445941" name="estimated" stackId="8" startPc="268445772"/>
        <entry arg="true" endPc="268446003" name="currentHR" stackId="1" startPc="268445942"/>
        <entry arg="true" endPc="268446003" name="isResting" stackId="2" startPc="268445942"/>
        <entry endPc="268445999" name="alpha" stackId="3" startPc="268445966"/>
        <entry endPc="268446231" name="stress" stackId="1" startPc="268446007"/>
        <entry endPc="268446180" name="info" stackId="2" startPc="268446011"/>
        <entry endPc="268446180" name="now" stackId="3" startPc="268446011"/>
        <entry endPc="268446180" name="hour" stackId="4" startPc="268446011"/>
        <entry endPc="268446149" name="weeklyActive" stackId="5" startPc="268446117"/>
        <entry endPc="268446223" name="ex" stackId="6" startPc="268446187"/>
        <entry endPc="268446530" name="sensors" stackId="1" startPc="268446235"/>
        <entry endPc="268446530" name="info" stackId="2" startPc="268446235"/>
        <entry endPc="268446530" name="stats" stackId="3" startPc="268446235"/>
        <entry endPc="268446530" name="heartRateData" stackId="4" startPc="268446235"/>
        <entry endPc="268446530" name="activityInfo" stackId="5" startPc="268446235"/>
        <entry endPc="268446856" name="sensors" stackId="1" startPc="268446534"/>
        <entry endPc="268446983" name="currentHR" stackId="1" startPc="268446861"/>
        <entry endPc="268446910" name="info" stackId="2" startPc="268446865"/>
        <entry endPc="268446953" name="ex" stackId="3" startPc="268446917"/>
        <entry endPc="268447075" name="bodyBattery" stackId="1" startPc="268446987"/>
        <entry endPc="268447024" name="stats" stackId="2" startPc="268446991"/>
        <entry endPc="268447067" name="ex" stackId="3" startPc="268447031"/>
        <entry endPc="268447184" name="stats" stackId="1" startPc="268447135"/>
        <entry endPc="268447207" name="ex" stackId="2" startPc="268447191"/>
        <entry arg="true" endPc="268447234" name="ctx" stackId="1" startPc="268447214"/>
        <entry arg="true" endPc="268447325" name="ctx" stackId="1" startPc="268447235"/>
        <entry arg="true" endPc="268447325" name="variant" stackId="2" startPc="268447235"/>
        <entry arg="true" endPc="268447385" name="ctx" stackId="1" startPc="268447326"/>
        <entry arg="true" endPc="268448651" name="dc" stackId="1" startPc="268447402"/>
        <entry arg="true" endPc="268448651" name="width" stackId="2" startPc="268447402"/>
        <entry arg="true" endPc="268448651" name="height" stackId="3" startPc="268447402"/>
        <entry endPc="268448650" name="centerX" stackId="4" startPc="268447405"/>
        <entry endPc="268448650" name="centerY" stackId="5" startPc="268447405"/>
        <entry endPc="268448650" name="radius" stackId="6" startPc="268447405"/>
        <entry endPc="268448650" name="clockTime" stackId="7" startPc="268447405"/>
        <entry endPc="268448650" name="hours" stackId="8" startPc="268447405"/>
        <entry endPc="268448650" name="minutes" stackId="9" startPc="268447405"/>
        <entry endPc="268448650" name="seconds" stackId="10" startPc="268447405"/>
        <entry endPc="268448650" name="hourAngle" stackId="11" startPc="268447405"/>
        <entry endPc="268448650" name="hourLength" stackId="12" startPc="268447405"/>
        <entry endPc="268448650" name="hourTail" stackId="13" startPc="268447405"/>
        <entry endPc="268448650" name="hourStartX" stackId="14" startPc="268447405"/>
        <entry endPc="268448650" name="hourStartY" stackId="15" startPc="268447405"/>
        <entry endPc="268448650" name="hourEndX" stackId="16" startPc="268447405"/>
        <entry endPc="268448650" name="hourEndY" stackId="17" startPc="268447405"/>
        <entry endPc="268448650" name="minuteAngle" stackId="18" startPc="268447405"/>
        <entry endPc="268448650" name="minuteLength" stackId="19" startPc="268447405"/>
        <entry endPc="268448650" name="minuteTail" stackId="20" startPc="268447405"/>
        <entry endPc="268448650" name="minuteStartX" stackId="21" startPc="268447405"/>
        <entry endPc="268448650" name="minuteStartY" stackId="22" startPc="268447405"/>
        <entry endPc="268448650" name="minuteEndX" stackId="23" startPc="268447405"/>
        <entry endPc="268448650" name="minuteEndY" stackId="24" startPc="268447405"/>
        <entry endPc="268448650" name="secondAngle" stackId="25" startPc="268447405"/>
        <entry endPc="268448650" name="secondLength" stackId="26" startPc="268447405"/>
        <entry endPc="268448650" name="secondTail" stackId="27" startPc="268447405"/>
        <entry endPc="268448650" name="secondStartX" stackId="28" startPc="268447405"/>
        <entry endPc="268448650" name="secondStartY" stackId="29" startPc="268447405"/>
        <entry endPc="268448650" name="secondEndX" stackId="30" startPc="268447405"/>
        <entry endPc="268448650" name="secondEndY" stackId="31" startPc="268447405"/>
        <entry endPc="268448650" name="jailbotSize" stackId="32" startPc="268447405"/>
        <entry endPc="268448650" name="bodyX" stackId="33" startPc="268447405"/>
        <entry endPc="268448650" name="bodyY" stackId="34" startPc="268447405"/>
        <entry endPc="268448650" name="panelWidth" stackId="35" startPc="268447405"/>
        <entry endPc="268448650" name="panelHeight" stackId="36" startPc="268447405"/>
        <entry endPc="268448650" name="panelX" stackId="37" startPc="268447405"/>
        <entry endPc="268448650" name="panelY" stackId="38" startPc="268447405"/>
        <entry endPc="268448650" name="dotSize" stackId="39" startPc="268447405"/>
        <entry endPc="268448650" name="dotSpacing" stackId="40" startPc="268447405"/>
        <entry endPc="268448650" name="gridStartX" stackId="41" startPc="268447405"/>
        <entry endPc="268448650" name="gridStartY" stackId="42" startPc="268447405"/>
        <entry endPc="268448650" name="shouldBlink" stackId="43" startPc="268447405"/>
        <entry endPc="268448650" name="cols" stackId="44" startPc="268447405"/>
        <entry endPc="268448650" name="rows" stackId="45" startPc="268447405"/>
        <entry endPc="268448355" name="col" stackId="46" startPc="268448293"/>
        <entry endPc="268448342" name="dotX" stackId="47" startPc="268448299"/>
        <entry endPc="268448342" name="dotY" stackId="48" startPc="268448299"/>
        <entry endPc="268448421" name="col" stackId="49" startPc="268448368"/>
        <entry endPc="268448411" name="dotX" stackId="50" startPc="268448368"/>
        <entry endPc="268448411" name="dotY" stackId="51" startPc="268448368"/>
        <entry endPc="268448496" name="col" stackId="52" startPc="268448434"/>
        <entry endPc="268448483" name="dotX" stackId="53" startPc="268448440"/>
        <entry endPc="268448483" name="dotY" stackId="54" startPc="268448440"/>
        <entry endPc="268448562" name="col" stackId="55" startPc="268448509"/>
        <entry endPc="268448552" name="dotX" stackId="56" startPc="268448509"/>
        <entry endPc="268448552" name="dotY" stackId="57" startPc="268448509"/>
        <entry endPc="268448650" name="row" stackId="58" startPc="268448575"/>
        <entry endPc="268448640" name="col" stackId="59" startPc="268448587"/>
        <entry endPc="268448630" name="dotX" stackId="60" startPc="268448587"/>
        <entry endPc="268448630" name="dotY" stackId="61" startPc="268448587"/>
        <entry arg="true" endPc="268448865" name="dc" stackId="1" startPc="268448686"/>
        <entry endPc="268448864" name="deviceSettings" stackId="2" startPc="268448689"/>
        <entry endPc="268448864" name="width" stackId="3" startPc="268448689"/>
        <entry endPc="268448864" name="height" stackId="4" startPc="268448689"/>
        <entry endPc="268448864" name="centerX" stackId="5" startPc="268448689"/>
        <entry endPc="268448864" name="centerY" stackId="6" startPc="268448689"/>
        <entry endPc="268448864" name="radius" stackId="7" startPc="268448689"/>
        <entry endPc="268448859" name="ex" stackId="8" startPc="268448815"/>
        <entry arg="true" endPc="268449034" name="dc" stackId="1" startPc="268448866"/>
        <entry arg="true" endPc="268449034" name="centerX" stackId="2" startPc="268448866"/>
        <entry arg="true" endPc="268449034" name="centerY" stackId="3" startPc="268448866"/>
        <entry arg="true" endPc="268449034" name="faceSize" stackId="4" startPc="268448866"/>
        <entry endPc="268449033" name="eyeWidth" stackId="5" startPc="268448869"/>
        <entry endPc="268449033" name="eyeHeight" stackId="6" startPc="268448869"/>
        <entry endPc="268449033" name="eyeY" stackId="7" startPc="268448869"/>
        <entry endPc="268449033" name="leftEyeX" stackId="8" startPc="268448869"/>
        <entry endPc="268449033" name="rightEyeX" stackId="9" startPc="268448869"/>
        <entry endPc="268449033" name="mouthWidth" stackId="10" startPc="268448869"/>
        <entry endPc="268449033" name="mouthHeight" stackId="11" startPc="268448869"/>
        <entry endPc="268449033" name="mouthY" stackId="12" startPc="268448869"/>
        <entry arg="true" endPc="268449873" name="dc" stackId="1" startPc="268449035"/>
        <entry arg="true" endPc="268449873" name="screenWidth" stackId="2" startPc="268449035"/>
        <entry arg="true" endPc="268449873" name="screenHeight" stackId="3" startPc="268449035"/>
        <entry endPc="268449872" name="clockTime" stackId="4" startPc="268449038"/>
        <entry endPc="268449872" name="hour" stackId="5" startPc="268449038"/>
        <entry endPc="268449872" name="min" stackId="6" startPc="268449038"/>
        <entry endPc="268449872" name="is24Hour" stackId="7" startPc="268449038"/>
        <entry endPc="268449872" name="digitPatterns" stackId="8" startPc="268449038"/>
        <entry endPc="268449872" name="blockSize" stackId="9" startPc="268449038"/>
        <entry endPc="268449872" name="digitWidth" stackId="10" startPc="268449038"/>
        <entry endPc="268449872" name="digitSpacing" stackId="11" startPc="268449038"/>
        <entry endPc="268449872" name="colonWidth" stackId="12" startPc="268449038"/>
        <entry endPc="268449872" name="totalWidth" stackId="13" startPc="268449038"/>
        <entry endPc="268449872" name="startX" stackId="14" startPc="268449038"/>
        <entry endPc="268449872" name="startY" stackId="15" startPc="268449038"/>
        <entry endPc="268449872" name="hourTens" stackId="16" startPc="268449038"/>
        <entry endPc="268449872" name="hourOnes" stackId="17" startPc="268449038"/>
        <entry endPc="268449872" name="colonX" stackId="18" startPc="268449038"/>
        <entry endPc="268449872" name="minTens" stackId="19" startPc="268449038"/>
        <entry endPc="268449872" name="minOnes" stackId="20" startPc="268449038"/>
        <entry arg="true" endPc="268449979" name="dc" stackId="1" startPc="268449888"/>
        <entry arg="true" endPc="268449979" name="x" stackId="2" startPc="268449888"/>
        <entry arg="true" endPc="268449979" name="y" stackId="3" startPc="268449888"/>
        <entry arg="true" endPc="268449979" name="size" stackId="4" startPc="268449888"/>
        <entry endPc="268449978" name="borderWidth" stackId="5" startPc="268449891"/>
        <entry arg="true" endPc="268451044" name="dc" stackId="1" startPc="268449980"/>
        <entry arg="true" endPc="268451044" name="width" stackId="2" startPc="268449980"/>
        <entry arg="true" endPc="268451044" name="height" stackId="3" startPc="268449980"/>
        <entry endPc="268451043" name="centerX" stackId="4" startPc="268449983"/>
        <entry endPc="268451043" name="centerY" stackId="5" startPc="268449983"/>
        <entry endPc="268451043" name="clockTime" stackId="6" startPc="268449983"/>
        <entry endPc="268451043" name="hours" stackId="7" startPc="268449983"/>
        <entry endPc="268451043" name="minutes" stackId="8" startPc="268449983"/>
        <entry endPc="268451043" name="visorWidth" stackId="9" startPc="268449983"/>
        <entry endPc="268451043" name="visorHeight" stackId="10" startPc="268449983"/>
        <entry endPc="268451043" name="visorX" stackId="11" startPc="268449983"/>
        <entry endPc="268451043" name="visorY" stackId="12" startPc="268449983"/>
        <entry endPc="268451043" name="shouldBlink" stackId="13" startPc="268449983"/>
        <entry endPc="268451043" name="eyeWidth" stackId="14" startPc="268449983"/>
        <entry endPc="268451043" name="eyeHeight" stackId="15" startPc="268449983"/>
        <entry endPc="268451043" name="leftEyeX" stackId="16" startPc="268449983"/>
        <entry endPc="268451043" name="rightEyeX" stackId="17" startPc="268449983"/>
        <entry endPc="268451043" name="eyeY" stackId="18" startPc="268449983"/>
        <entry endPc="268451043" name="is24Hour" stackId="19" startPc="268449983"/>
        <entry endPc="268451043" name="timeHour" stackId="20" startPc="268449983"/>
        <entry endPc="268451043" name="timeY" stackId="21" startPc="268449983"/>
        <entry endPc="268451043" name="hourStr" stackId="22" startPc="268449983"/>
        <entry endPc="268451043" name="minStr" stackId="23" startPc="268449983"/>
        <entry endPc="268451043" name="barWidth" stackId="24" startPc="268449983"/>
        <entry endPc="268451043" name="barHeight" stackId="25" startPc="268449983"/>
        <entry endPc="268451043" name="barY" stackId="26" startPc="268449983"/>
        <entry endPc="268451043" name="batteryLevel" stackId="27" startPc="268449983"/>
        <entry endPc="268451043" name="leftBarX" stackId="28" startPc="268449983"/>
        <entry endPc="268451043" name="batteryHeight" stackId="29" startPc="268449983"/>
        <entry endPc="268451043" name="rightBarX" stackId="30" startPc="268449983"/>
        <entry endPc="268451043" name="stepsHeight" stackId="31" startPc="268449983"/>
        <entry endPc="268451043" name="bottomY" stackId="32" startPc="268449983"/>
        <entry endPc="268451043" name="today" stackId="33" startPc="268449983"/>
        <entry endPc="268451043" name="dateStr" stackId="34" startPc="268449983"/>
        <entry endPc="268451043" name="battStr" stackId="35" startPc="268449983"/>
        <entry arg="true" endPc="268451769" name="dc" stackId="1" startPc="268451045"/>
        <entry arg="true" endPc="268451769" name="width" stackId="2" startPc="268451045"/>
        <entry arg="true" endPc="268451769" name="height" stackId="3" startPc="268451045"/>
        <entry endPc="268451768" name="centerX" stackId="4" startPc="268451048"/>
        <entry endPc="268451768" name="centerY" stackId="5" startPc="268451048"/>
        <entry endPc="268451768" name="clockTime" stackId="6" startPc="268451048"/>
        <entry endPc="268451768" name="hours" stackId="7" startPc="268451048"/>
        <entry endPc="268451768" name="minutes" stackId="8" startPc="268451048"/>
        <entry endPc="268451768" name="rimRadius" stackId="9" startPc="268451048"/>
        <entry endPc="268451384" name="i" stackId="10" startPc="268451198"/>
        <entry endPc="268451374" name="angle" stackId="11" startPc="268451198"/>
        <entry endPc="268451374" name="markerX" stackId="12" startPc="268451198"/>
        <entry endPc="268451374" name="markerY" stackId="13" startPc="268451198"/>
        <entry endPc="268451477" name="rawSensors" stackId="14" startPc="268451385"/>
        <entry endPc="268451477" name="renderData" stackId="15" startPc="268451385"/>
        <entry endPc="268451477" name="faceSize" stackId="16" startPc="268451385"/>
        <entry endPc="268451477" name="renderer" stackId="17" startPc="268451385"/>
        <entry endPc="268451543" name="ex" stackId="18" startPc="268451484"/>
        <entry endPc="268451768" name="minuteAngle" stackId="19" startPc="268451048"/>
        <entry endPc="268451768" name="handRadius" stackId="20" startPc="268451048"/>
        <entry endPc="268451768" name="numberX" stackId="21" startPc="268451048"/>
        <entry endPc="268451768" name="numberY" stackId="22" startPc="268451048"/>
        <entry endPc="268451768" name="displayHour" stackId="23" startPc="268451048"/>
        <entry endPc="268451768" name="is24Hour" stackId="24" startPc="268451048"/>
        <entry endPc="268451768" name="hourStr" stackId="25" startPc="268451048"/>
        <entry arg="true" endPc="268451819" name="dc" stackId="1" startPc="268451770"/>
        <entry endPc="268451818" name="width" stackId="2" startPc="268451773"/>
        <entry endPc="268451818" name="height" stackId="3" startPc="268451773"/>
        <entry arg="true" endPc="268451911" name="dc" stackId="1" startPc="268451820"/>
        <entry arg="true" endPc="268451911" name="pattern" stackId="2" startPc="268451820"/>
        <entry arg="true" endPc="268451911" name="x" stackId="3" startPc="268451820"/>
        <entry arg="true" endPc="268451911" name="y" stackId="4" startPc="268451820"/>
        <entry arg="true" endPc="268451911" name="blockSize" stackId="5" startPc="268451820"/>
        <entry endPc="268451910" name="row" stackId="6" startPc="268451834"/>
        <entry endPc="268451900" name="col" stackId="7" startPc="268451845"/>
        <entry arg="true" endPc="268452102" name="dc" stackId="1" startPc="268452058"/>
        <entry endPc="268452101" name="width" stackId="2" startPc="268452061"/>
        <entry endPc="268452101" name="height" stackId="3" startPc="268452061"/>
        <entry arg="true" endPc="268452140" name="dc" stackId="1" startPc="268452103"/>
        <entry arg="true" endPc="268452140" name="width" stackId="2" startPc="268452103"/>
        <entry arg="true" endPc="268452140" name="height" stackId="3" startPc="268452103"/>
        <entry arg="true" endPc="268452144" name="ctx" stackId="1" startPc="268452141"/>
        <entry arg="true" endPc="268452195" name="ctx" stackId="1" startPc="268452148"/>
        <entry arg="true" endPc="268452282" name="ctx" stackId="1" startPc="268452196"/>
        <entry arg="true" endPc="268452282" name="variant" stackId="2" startPc="268452196"/>
        <entry arg="true" endPc="268452290" name="ctx" stackId="1" startPc="268452283"/>
        <entry arg="true" endPc="268452346" name="ctx" stackId="1" startPc="268452291"/>
        <entry arg="true" endPc="268452465" name="profile" stackId="1" startPc="268452366"/>
        <entry endPc="268452464" name="min" stackId="2" startPc="268452369"/>
        <entry endPc="268452464" name="max" stackId="3" startPc="268452369"/>
        <entry endPc="268452464" name="mean" stackId="4" startPc="268452369"/>
        <entry endPc="268452464" name="interval" stackId="5" startPc="268452369"/>
        <entry endPc="268452552" name="elapsed" stackId="1" startPc="268452469"/>
        <entry endPc="268452552" name="progress" stackId="2" startPc="268452469"/>
        <entry arg="true" endPc="268452645" name="duration" stackId="1" startPc="268452609"/>
        <entry arg="true" endPc="268452795" name="min" stackId="1" startPc="268452646"/>
        <entry arg="true" endPc="268452795" name="max" stackId="2" startPc="268452646"/>
        <entry arg="true" endPc="268452795" name="mean" stackId="3" startPc="268452646"/>
        <entry endPc="268452795" name="range" stackId="4" startPc="268452649"/>
        <entry endPc="268452795" name="meanOffset" stackId="5" startPc="268452649"/>
        <entry endPc="268452795" name="rand1" stackId="6" startPc="268452649"/>
        <entry endPc="268452795" name="rand2" stackId="7" startPc="268452649"/>
        <entry endPc="268452795" name="biased" stackId="8" startPc="268452649"/>
        <entry arg="true" endPc="268453047" name="profile" stackId="1" startPc="268452796"/>
        <entry arg="true" endPc="268453047" name="deltaMs" stackId="2" startPc="268452796"/>
        <entry endPc="268453046" name="now" stackId="3" startPc="268452799"/>
        <entry arg="true" endPc="268453180" name="ctx" stackId="1" startPc="268453126"/>
        <entry arg="true" endPc="268453271" name="ctx" stackId="1" startPc="268453181"/>
        <entry arg="true" endPc="268453271" name="variant" stackId="2" startPc="268453181"/>
        <entry arg="true" endPc="268453327" name="ctx" stackId="1" startPc="268453272"/>
        <entry arg="true" endPc="268453366" name="col" stackId="1" startPc="268453344"/>
        <entry arg="true" endPc="268453389" name="row" stackId="1" startPc="268453367"/>
        <entry arg="true" endPc="268453412" name="cols" stackId="1" startPc="268453390"/>
        <entry arg="true" endPc="268453435" name="rows" stackId="1" startPc="268453413"/>
        <entry arg="true" endPc="268453474" name="block" stackId="1" startPc="268453436"/>
        <entry arg="true" endPc="268453474" name="g" stackId="2" startPc="268453436"/>
        <entry arg="true" endPc="268453474" name="x" stackId="3" startPc="268453436"/>
        <entry arg="true" endPc="268453474" name="y" stackId="4" startPc="268453436"/>
        <entry arg="true" endPc="268453595" name="dc" stackId="1" startPc="268453475"/>
        <entry endPc="268453594" name="currentWidth" stackId="2" startPc="268453478"/>
        <entry endPc="268453594" name="scale" stackId="3" startPc="268453478"/>
        <entry arg="true" endPc="268453607" name="g" stackId="1" startPc="268453596"/>
        <entry arg="true" endPc="268453711" name="screenWidth" stackId="1" startPc="268453608"/>
        <entry arg="true" endPc="268453711" name="screenHeight" stackId="2" startPc="268453608"/>
        <entry arg="true" endPc="268453711" name="gridSpec" stackId="3" startPc="268453608"/>
        <entry endPc="268453711" name="metrics" stackId="4" startPc="268453611"/>
        <entry endPc="268453711" name="totalWidth" stackId="5" startPc="268453611"/>
        <entry endPc="268453711" name="totalHeight" stackId="6" startPc="268453611"/>
        <entry arg="true" endPc="268453770" name="pixels" stackId="1" startPc="268453712"/>
        <entry arg="true" endPc="268453770" name="dc" stackId="2" startPc="268453712"/>
        <entry endPc="268453770" name="currentWidth" stackId="3" startPc="268453715"/>
        <entry endPc="268453770" name="scale" stackId="4" startPc="268453715"/>
        <entry endPc="268453770" name="result" stackId="5" startPc="268453715"/>
        <entry arg="true" endPc="268453782" name="size" stackId="1" startPc="268453771"/>
        <entry arg="true" endPc="268453817" name="x" stackId="1" startPc="268453783"/>
        <entry arg="true" endPc="268453817" name="y" stackId="2" startPc="268453783"/>
        <entry arg="true" endPc="268453838" name="c" stackId="1" startPc="268453818"/>
        <entry arg="true" endPc="268453838" name="r" stackId="2" startPc="268453818"/>
        <entry arg="true" endPc="268453954" name="startCol" stackId="1" startPc="268453839"/>
        <entry arg="true" endPc="268453954" name="startRow" stackId="2" startPc="268453839"/>
        <entry arg="true" endPc="268453954" name="cols" stackId="3" startPc="268453839"/>
        <entry arg="true" endPc="268453954" name="rows" stackId="4" startPc="268453839"/>
        <entry endPc="268453953" name="row" stackId="5" startPc="268453853"/>
        <entry endPc="268453943" name="col" stackId="6" startPc="268453864"/>
        <entry arg="true" endPc="268454104" name="gridSpec" stackId="1" startPc="268453955"/>
        <entry arg="true" endPc="268454104" name="pattern" stackId="2" startPc="268453955"/>
        <entry endPc="268454103" name="row" stackId="3" startPc="268453973"/>
        <entry endPc="268454093" name="col" stackId="4" startPc="268453988"/>
        <entry arg="true" endPc="268454125" name="drawContext" stackId="1" startPc="268454105"/>
        <entry arg="true" endPc="268454125" name="pixelMetrics" stackId="2" startPc="268454105"/>
        <entry arg="true" endPc="268454274" name="dc" stackId="1" startPc="268454126"/>
        <entry arg="true" endPc="268454274" name="digit" stackId="2" startPc="268454126"/>
        <entry arg="true" endPc="268454274" name="x" stackId="3" startPc="268454126"/>
        <entry arg="true" endPc="268454274" name="y" stackId="4" startPc="268454126"/>
        <entry endPc="268454273" name="pattern" stackId="5" startPc="268454129"/>
        <entry endPc="268454273" name="metrics" stackId="6" startPc="268454129"/>
        <entry endPc="268454273" name="renderer" stackId="7" startPc="268454129"/>
        <entry endPc="268454273" name="row" stackId="8" startPc="268454205"/>
        <entry endPc="268454263" name="col" stackId="9" startPc="268454219"/>
        <entry arg="true" endPc="268454826" name="dc" stackId="1" startPc="268454307"/>
        <entry arg="true" endPc="268454826" name="screenWidth" stackId="2" startPc="268454307"/>
        <entry arg="true" endPc="268454826" name="screenHeight" stackId="3" startPc="268454307"/>
        <entry endPc="268454825" name="clockTime" stackId="4" startPc="268454310"/>
        <entry endPc="268454825" name="hour" stackId="5" startPc="268454310"/>
        <entry endPc="268454825" name="min" stackId="6" startPc="268454310"/>
        <entry endPc="268454825" name="is24Hour" stackId="7" startPc="268454310"/>
        <entry endPc="268454825" name="blockSize" stackId="8" startPc="268454310"/>
        <entry endPc="268454825" name="gap" stackId="9" startPc="268454310"/>
        <entry endPc="268454825" name="digitWidth" stackId="10" startPc="268454310"/>
        <entry endPc="268454825" name="digitHeight" stackId="11" startPc="268454310"/>
        <entry endPc="268454825" name="colonWidth" stackId="12" startPc="268454310"/>
        <entry endPc="268454825" name="spaceBetweenDigits" stackId="13" startPc="268454310"/>
        <entry endPc="268454825" name="totalWidth" stackId="14" startPc="268454310"/>
        <entry endPc="268454825" name="startX" stackId="15" startPc="268454310"/>
        <entry endPc="268454825" name="startY" stackId="16" startPc="268454310"/>
        <entry endPc="268454825" name="hourTens" stackId="17" startPc="268454310"/>
        <entry endPc="268454825" name="hourOnes" stackId="18" startPc="268454310"/>
        <entry endPc="268454825" name="colonX" stackId="19" startPc="268454310"/>
        <entry endPc="268454825" name="colonY1" stackId="20" startPc="268454310"/>
        <entry endPc="268454825" name="colonY2" stackId="21" startPc="268454310"/>
        <entry endPc="268454825" name="colonMetrics" stackId="22" startPc="268454310"/>
        <entry endPc="268454825" name="colonRenderer" stackId="23" startPc="268454310"/>
        <entry endPc="268454825" name="minTens" stackId="24" startPc="268454310"/>
        <entry endPc="268454825" name="minOnes" stackId="25" startPc="268454310"/>
        <entry arg="true" endPc="268455027" name="renderer" stackId="1" startPc="268454827"/>
        <entry arg="true" endPc="268455027" name="pattern" stackId="2" startPc="268454827"/>
        <entry arg="true" endPc="268455027" name="startCol" stackId="3" startPc="268454827"/>
        <entry arg="true" endPc="268455027" name="startRow" stackId="4" startPc="268454827"/>
        <entry endPc="268455026" name="row" stackId="5" startPc="268454841"/>
        <entry endPc="268455016" name="col" stackId="6" startPc="268454852"/>
        <entry endPc="268455003" name="isEdge" stackId="7" startPc="268454866"/>
        <entry arg="true" endPc="268455103" name="renderer" stackId="1" startPc="268455028"/>
        <entry arg="true" endPc="268455103" name="col" stackId="2" startPc="268455028"/>
        <entry arg="true" endPc="268455103" name="row" stackId="3" startPc="268455028"/>
        <entry endPc="268455102" name="x" stackId="4" startPc="268455031"/>
        <entry endPc="268455102" name="y" stackId="5" startPc="268455031"/>
        <entry endPc="268455102" name="size" stackId="6" startPc="268455031"/>
        <entry arg="true" endPc="268455581" name="dc" stackId="1" startPc="268455104"/>
        <entry arg="true" endPc="268455581" name="screenWidth" stackId="2" startPc="268455104"/>
        <entry arg="true" endPc="268455581" name="screenHeight" stackId="3" startPc="268455104"/>
        <entry endPc="268455580" name="clockTime" stackId="4" startPc="268455107"/>
        <entry endPc="268455580" name="hour" stackId="5" startPc="268455107"/>
        <entry endPc="268455580" name="min" stackId="6" startPc="268455107"/>
        <entry endPc="268455580" name="is24Hour" stackId="7" startPc="268455107"/>
        <entry endPc="268455580" name="timeSpec" stackId="8" startPc="268455107"/>
        <entry endPc="268455580" name="timeMetrics" stackId="9" startPc="268455107"/>
        <entry endPc="268455580" name="timeRenderer" stackId="10" startPc="268455107"/>
        <entry endPc="268455580" name="clearWidth" stackId="11" startPc="268455107"/>
        <entry endPc="268455580" name="clearHeight" stackId="12" startPc="268455107"/>
        <entry endPc="268455580" name="hourTens" stackId="13" startPc="268455107"/>
        <entry endPc="268455580" name="hourOnes" stackId="14" startPc="268455107"/>
        <entry endPc="268455580" name="minTens" stackId="15" startPc="268455107"/>
        <entry endPc="268455580" name="minOnes" stackId="16" startPc="268455107"/>
        <entry arg="true" endPc="268455846" name="dc" stackId="1" startPc="268455582"/>
        <entry arg="true" endPc="268455846" name="screenWidth" stackId="2" startPc="268455582"/>
        <entry arg="true" endPc="268455846" name="centerY" stackId="3" startPc="268455582"/>
        <entry endPc="268455845" name="centerX" stackId="4" startPc="268455585"/>
        <entry endPc="268455845" name="size" stackId="5" startPc="268455585"/>
        <entry endPc="268455845" name="clockTime" stackId="6" startPc="268455585"/>
        <entry endPc="268455845" name="min" stackId="7" startPc="268455585"/>
        <entry endPc="268455845" name="shouldBlink" stackId="8" startPc="268455585"/>
        <entry endPc="268455845" name="eyeY" stackId="9" startPc="268455585"/>
        <entry endPc="268455845" name="leftEyeX" stackId="10" startPc="268455585"/>
        <entry endPc="268455845" name="rightEyeX" stackId="11" startPc="268455585"/>
        <entry endPc="268455845" name="mouthY" stackId="12" startPc="268455585"/>
        <entry arg="true" endPc="268455917" name="renderer" stackId="1" startPc="268455879"/>
        <entry arg="true" endPc="268455917" name="startCol" stackId="2" startPc="268455879"/>
        <entry arg="true" endPc="268455917" name="startRow" stackId="3" startPc="268455879"/>
        <entry arg="true" endPc="268455956" name="radius" stackId="1" startPc="268455918"/>
        <entry arg="true" endPc="268456122" name="dc" stackId="1" startPc="268455957"/>
        <entry arg="true" endPc="268456122" name="centerX" stackId="2" startPc="268455957"/>
        <entry arg="true" endPc="268456122" name="centerY" stackId="3" startPc="268455957"/>
        <entry arg="true" endPc="268456122" name="angle" stackId="4" startPc="268455957"/>
        <entry endPc="268456121" name="endX" stackId="5" startPc="268455960"/>
        <entry endPc="268456121" name="endY" stackId="6" startPc="268455960"/>
        <entry endPc="268456121" name="startX" stackId="7" startPc="268455960"/>
        <entry endPc="268456121" name="startY" stackId="8" startPc="268455960"/>
        <entry arg="true" endPc="268456156" name="hours" stackId="1" startPc="268456123"/>
        <entry arg="true" endPc="268456156" name="minutes" stackId="2" startPc="268456123"/>
        <entry endPc="268456156" name="totalMinutes" stackId="3" startPc="268456126"/>
        <entry arg="true" endPc="268456319" name="dc" stackId="1" startPc="268456157"/>
        <entry arg="true" endPc="268456319" name="angle" stackId="2" startPc="268456157"/>
        <entry endPc="268456318" name="outerRadius" stackId="3" startPc="268456160"/>
        <entry endPc="268456318" name="innerRadius" stackId="4" startPc="268456160"/>
        <entry endPc="268456318" name="outerX" stackId="5" startPc="268456160"/>
        <entry endPc="268456318" name="outerY" stackId="6" startPc="268456160"/>
        <entry endPc="268456318" name="innerX" stackId="7" startPc="268456160"/>
        <entry endPc="268456318" name="innerY" stackId="8" startPc="268456160"/>
        <entry arg="true" endPc="268456482" name="dc" stackId="1" startPc="268456320"/>
        <entry arg="true" endPc="268456482" name="angle" stackId="2" startPc="268456320"/>
        <entry endPc="268456481" name="outerRadius" stackId="3" startPc="268456323"/>
        <entry endPc="268456481" name="innerRadius" stackId="4" startPc="268456323"/>
        <entry endPc="268456481" name="outerX" stackId="5" startPc="268456323"/>
        <entry endPc="268456481" name="outerY" stackId="6" startPc="268456323"/>
        <entry endPc="268456481" name="innerX" stackId="7" startPc="268456323"/>
        <entry endPc="268456481" name="innerY" stackId="8" startPc="268456323"/>
        <entry arg="true" endPc="268456542" name="x" stackId="1" startPc="268456483"/>
        <entry arg="true" endPc="268456542" name="y" stackId="2" startPc="268456483"/>
        <entry arg="true" endPc="268456542" name="r" stackId="3" startPc="268456483"/>
        <entry arg="true" endPc="268456622" name="dc" stackId="1" startPc="268456543"/>
        <entry arg="true" endPc="268456661" name="radius" stackId="1" startPc="268456623"/>
        <entry arg="true" endPc="268456827" name="dc" stackId="1" startPc="268456662"/>
        <entry arg="true" endPc="268456827" name="centerX" stackId="2" startPc="268456662"/>
        <entry arg="true" endPc="268456827" name="centerY" stackId="3" startPc="268456662"/>
        <entry arg="true" endPc="268456827" name="angle" stackId="4" startPc="268456662"/>
        <entry endPc="268456826" name="endX" stackId="5" startPc="268456665"/>
        <entry endPc="268456826" name="endY" stackId="6" startPc="268456665"/>
        <entry endPc="268456826" name="startX" stackId="7" startPc="268456665"/>
        <entry endPc="268456826" name="startY" stackId="8" startPc="268456665"/>
        <entry arg="true" endPc="268456858" name="minutes" stackId="1" startPc="268456828"/>
        <entry arg="true" endPc="268456858" name="seconds" stackId="2" startPc="268456828"/>
        <entry endPc="268456858" name="totalSeconds" stackId="3" startPc="268456831"/>
        <entry arg="true" endPc="268457074" name="x" stackId="1" startPc="268456859"/>
        <entry arg="true" endPc="268457074" name="y" stackId="2" startPc="268456859"/>
        <entry arg="true" endPc="268457074" name="r" stackId="3" startPc="268456859"/>
        <entry arg="true" endPc="268457233" name="dc" stackId="1" startPc="268457075"/>
        <entry arg="true" endPc="268457233" name="hours" stackId="2" startPc="268457075"/>
        <entry arg="true" endPc="268457233" name="minutes" stackId="3" startPc="268457075"/>
        <entry arg="true" endPc="268457233" name="seconds" stackId="4" startPc="268457075"/>
        <entry endPc="268457232" name="hourAngle" stackId="5" startPc="268457078"/>
        <entry endPc="268457232" name="minuteAngle" stackId="6" startPc="268457078"/>
        <entry endPc="268457232" name="secondAngle" stackId="7" startPc="268457078"/>
        <entry arg="true" endPc="268457272" name="radius" stackId="1" startPc="268457234"/>
        <entry arg="true" endPc="268457438" name="dc" stackId="1" startPc="268457273"/>
        <entry arg="true" endPc="268457438" name="centerX" stackId="2" startPc="268457273"/>
        <entry arg="true" endPc="268457438" name="centerY" stackId="3" startPc="268457273"/>
        <entry arg="true" endPc="268457438" name="angle" stackId="4" startPc="268457273"/>
        <entry endPc="268457437" name="endX" stackId="5" startPc="268457276"/>
        <entry endPc="268457437" name="endY" stackId="6" startPc="268457276"/>
        <entry endPc="268457437" name="startX" stackId="7" startPc="268457276"/>
        <entry endPc="268457437" name="startY" stackId="8" startPc="268457276"/>
        <entry arg="true" endPc="268457458" name="seconds" stackId="1" startPc="268457439"/>
        <entry arg="true" endPc="268457490" name="x" stackId="1" startPc="268457459"/>
        <entry arg="true" endPc="268457490" name="y" stackId="2" startPc="268457459"/>
        <entry arg="true" endPc="268457490" name="r" stackId="3" startPc="268457459"/>
        <entry endPc="268457490" name="face" stackId="4" startPc="268457462"/>
        <entry arg="true" endPc="268457522" name="x" stackId="1" startPc="268457491"/>
        <entry arg="true" endPc="268457522" name="y" stackId="2" startPc="268457491"/>
        <entry arg="true" endPc="268457522" name="r" stackId="3" startPc="268457491"/>
        <entry endPc="268457522" name="face" stackId="4" startPc="268457494"/>
        <entry arg="true" endPc="268457597" name="dc" stackId="1" startPc="268457523"/>
        <entry arg="true" endPc="268457597" name="clockTime" stackId="2" startPc="268457523"/>
        <entry endPc="268457596" name="shouldBlink" stackId="3" startPc="268457526"/>
        <entry endPc="268457596" name="jailbotSize" stackId="4" startPc="268457526"/>
        <entry endPc="268457596" name="jailbotX" stackId="5" startPc="268457526"/>
        <entry endPc="268457596" name="jailbotY" stackId="6" startPc="268457526"/>
        <entry arg="true" endPc="268457642" name="dc" stackId="1" startPc="268457598"/>
        <entry arg="true" endPc="268457642" name="screenWidth" stackId="2" startPc="268457598"/>
        <entry arg="true" endPc="268457642" name="screenHeight" stackId="3" startPc="268457598"/>
        <entry endPc="268457641" name="clockTime" stackId="4" startPc="268457601"/>
        <entry arg="true" endPc="268457738" name="x" stackId="1" startPc="268457659"/>
        <entry arg="true" endPc="268457738" name="y" stackId="2" startPc="268457659"/>
        <entry arg="true" endPc="268457738" name="r" stackId="3" startPc="268457659"/>
        <entry arg="true" endPc="268457820" name="dc" stackId="1" startPc="268457739"/>
        <entry arg="true" endPc="268457820" name="hours" stackId="2" startPc="268457739"/>
        <entry arg="true" endPc="268457820" name="minutes" stackId="3" startPc="268457739"/>
        <entry arg="true" endPc="268457820" name="seconds" stackId="4" startPc="268457739"/>
        <entry endPc="268457816" name="clockTime" stackId="5" startPc="268457792"/>
        <entry arg="true" endPc="268457987" name="dc" stackId="1" startPc="268457821"/>
        <entry arg="true" endPc="268457987" name="x" stackId="2" startPc="268457821"/>
        <entry arg="true" endPc="268457987" name="y" stackId="3" startPc="268457821"/>
        <entry arg="true" endPc="268457987" name="size" stackId="4" startPc="268457821"/>
        <entry arg="true" endPc="268457987" name="shouldBlink" stackId="5" startPc="268457821"/>
        <entry endPc="268457986" name="blockSize" stackId="6" startPc="268457824"/>
        <entry endPc="268457986" name="leftEyeX" stackId="7" startPc="268457824"/>
        <entry endPc="268457986" name="rightEyeX" stackId="8" startPc="268457824"/>
        <entry endPc="268457986" name="eyeY" stackId="9" startPc="268457824"/>
        <entry endPc="268457986" name="eyeWidth" stackId="10" startPc="268457824"/>
        <entry endPc="268457986" name="eyeHeight" stackId="11" startPc="268457824"/>
        <entry endPc="268457986" name="mouthX" stackId="12" startPc="268457824"/>
        <entry endPc="268457986" name="mouthY" stackId="13" startPc="268457824"/>
        <entry endPc="268457986" name="mouthWidth" stackId="14" startPc="268457824"/>
        <entry endPc="268457986" name="mouthHeight" stackId="15" startPc="268457824"/>
        <entry arg="true" endPc="268458100" name="blocks" stackId="1" startPc="268458089"/>
        <entry arg="true" endPc="268458112" name="blocks" stackId="1" startPc="268458101"/>
        <entry arg="true" endPc="268458772" name="dc" stackId="1" startPc="268458220"/>
        <entry arg="true" endPc="268458772" name="screenWidth" stackId="2" startPc="268458220"/>
        <entry arg="true" endPc="268458772" name="screenHeight" stackId="3" startPc="268458220"/>
        <entry endPc="268458771" name="blockSize" stackId="4" startPc="268458223"/>
        <entry endPc="268458771" name="gap" stackId="5" startPc="268458223"/>
        <entry endPc="268458771" name="clockTime" stackId="6" startPc="268458223"/>
        <entry endPc="268458771" name="shouldBlink" stackId="7" startPc="268458223"/>
        <entry endPc="268458771" name="eyeSpec" stackId="8" startPc="268458223"/>
        <entry endPc="268458771" name="eyeWidth" stackId="9" startPc="268458223"/>
        <entry endPc="268458771" name="eyeHeight" stackId="10" startPc="268458223"/>
        <entry endPc="268458771" name="eyeSpacingPx" stackId="11" startPc="268458223"/>
        <entry endPc="268458771" name="totalEyesWidth" stackId="12" startPc="268458223"/>
        <entry endPc="268458771" name="leftEyeX" stackId="13" startPc="268458223"/>
        <entry endPc="268458771" name="rightEyeX" stackId="14" startPc="268458223"/>
        <entry endPc="268458771" name="eyeY" stackId="15" startPc="268458223"/>
        <entry endPc="268458771" name="leftEyeMetrics" stackId="16" startPc="268458223"/>
        <entry endPc="268458771" name="leftRenderer" stackId="17" startPc="268458223"/>
        <entry endPc="268458771" name="rightEyeMetrics" stackId="18" startPc="268458223"/>
        <entry endPc="268458771" name="rightRenderer" stackId="19" startPc="268458223"/>
        <entry endPc="268458771" name="mouthSpec" stackId="20" startPc="268458223"/>
        <entry endPc="268458771" name="mouthWidth" stackId="21" startPc="268458223"/>
        <entry endPc="268458771" name="mouthX" stackId="22" startPc="268458223"/>
        <entry endPc="268458771" name="mouthY" stackId="23" startPc="268458223"/>
        <entry endPc="268458771" name="mouthMetrics" stackId="24" startPc="268458223"/>
        <entry endPc="268458771" name="mouthRenderer" stackId="25" startPc="268458223"/>
    </localVars>
    <deviceInfo deviceVersion="8fc30743a4191ec19bcafa28e3ffcc2b5a958a17" partNumber="006-B3906-00"/>
    <annotations>
        <annotationEntry annotation="initialized" class="Drawables" module="globals/Rez" symbol="LauncherIcon"/>
        <annotationEntry annotation="initialized" class="Strings" module="globals/Rez" symbol="AppName"/>
    </annotations>
    <dataEntryOffsetMappings>
        <dataEntry label="globals" offset="121" parentId="" symbolId="globals" type="module"/>
        <dataEntry label="globals/JailbotWatchFaceApp" offset="395" parentId="globals" symbolId="JailbotWatchFaceApp" type="class"/>
        <dataEntry label="globals/MoodMemory" offset="475" parentId="globals" symbolId="MoodMemory" type="class"/>
        <dataEntry label="globals/Rez" offset="582" parentId="globals" symbolId="Rez" type="module"/>
        <dataEntry label="globals/EmoticonParser" offset="626" parentId="globals" symbolId="EmoticonParser" type="class"/>
        <dataEntry label="globals/PixelResolution" offset="814" parentId="globals" symbolId="PixelResolution" type="module"/>
        <dataEntry label="globals/StandbyState" offset="876" parentId="globals" symbolId="StandbyState" type="class"/>
        <dataEntry label="globals/PixelTime" offset="938" parentId="globals" symbolId="PixelTime" type="module"/>
        <dataEntry label="globals/DrowsyState" offset="982" parentId="globals" symbolId="DrowsyState" type="class"/>
        <dataEntry label="globals/ExpressionRenderer" offset="1080" parentId="globals" symbolId="ExpressionRenderer" type="class"/>
        <dataEntry label="globals/ExpressionParams" offset="1169" parentId="globals" symbolId="ExpressionParams" type="class"/>
        <dataEntry label="globals/AOD" offset="1411" parentId="globals" symbolId="AOD" type="module"/>
        <dataEntry label="globals/OverheatState" offset="1446" parentId="globals" symbolId="OverheatState" type="class"/>
        <dataEntry label="globals/AnalogClock" offset="1535" parentId="globals" symbolId="AnalogClock" type="module"/>
        <dataEntry label="globals/JailbotAnalog" offset="1606" parentId="globals" symbolId="JailbotAnalog" type="module"/>
        <dataEntry label="globals/JailbotFace" offset="1650" parentId="globals" symbolId="JailbotFace" type="module"/>
        <dataEntry label="globals/BlinkController" offset="1703" parentId="globals" symbolId="BlinkController" type="class"/>
        <dataEntry label="globals/EmoticonRenderer" offset="1873" parentId="globals" symbolId="EmoticonRenderer" type="class"/>
        <dataEntry label="globals/MoodEngine" offset="1998" parentId="globals" symbolId="MoodEngine" type="class"/>
        <dataEntry label="globals/FocusedState" offset="2168" parentId="globals" symbolId="FocusedState" type="class"/>
        <dataEntry label="globals/MoodContext" offset="2257" parentId="globals" symbolId="MoodContext" type="class"/>
        <dataEntry label="globals/ChargedState" offset="2427" parentId="globals" symbolId="ChargedState" type="class"/>
        <dataEntry label="globals/HealthDataProvider" offset="2516" parentId="globals" symbolId="HealthDataProvider" type="class"/>
        <dataEntry label="globals/VictoryState" offset="2713" parentId="globals" symbolId="VictoryState" type="class"/>
        <dataEntry label="globals/JailbotWatchFaceView" offset="2802" parentId="globals" symbolId="JailbotWatchFaceView" type="class"/>
        <dataEntry label="globals/IMoodState" offset="3044" parentId="globals" symbolId="IMoodState" type="class"/>
        <dataEntry label="globals/BlinkScheduler" offset="3169" parentId="globals" symbolId="BlinkScheduler" type="class"/>
        <dataEntry label="globals/RecoveringState" offset="3330" parentId="globals" symbolId="RecoveringState" type="class"/>
        <dataEntry label="globals/Rez/Drawables" offset="3419" parentId="Rez" symbolId="Drawables" type="module"/>
        <dataEntry label="globals/Rez/Strings" offset="3454" parentId="Rez" symbolId="Strings" type="module"/>
        <dataEntry label="globals/PixelResolution/PixelMetrics" offset="3489" parentId="PixelResolution" symbolId="PixelMetrics" type="class"/>
        <dataEntry label="globals/PixelResolution/ResolutionManager" offset="3605" parentId="PixelResolution" symbolId="ResolutionManager" type="class"/>
        <dataEntry label="globals/PixelResolution/GridSpec" offset="3748" parentId="PixelResolution" symbolId="GridSpec" type="class"/>
        <dataEntry label="globals/PixelResolution/PixelRenderer" offset="3810" parentId="PixelResolution" symbolId="PixelRenderer" type="class"/>
        <dataEntry label="globals/PixelTime/TimeDisplay" offset="3890" parentId="PixelTime" symbolId="TimeDisplay" type="class"/>
        <dataEntry label="globals/PixelTime/DigitPatterns" offset="3988" parentId="PixelTime" symbolId="DigitPatterns" type="class"/>
        <dataEntry label="globals/PixelTime/DigitPatterns/&lt;statics&gt;" offset="4036" parentId="DigitPatterns" symbolId="&lt;statics&gt;" type="module"/>
        <dataEntry label="globals/AOD/MinimalTimeDisplay" offset="4067" parentId="AOD" symbolId="MinimalTimeDisplay" type="class"/>
        <dataEntry label="globals/AnalogClock/HourHand" offset="4183" parentId="AnalogClock" symbolId="HourHand" type="class"/>
        <dataEntry label="globals/AnalogClock/RimIndicators" offset="4281" parentId="AnalogClock" symbolId="RimIndicators" type="class"/>
        <dataEntry label="globals/AnalogClock/MinuteHand" offset="4406" parentId="AnalogClock" symbolId="MinuteHand" type="class"/>
        <dataEntry label="globals/AnalogClock/AnalogClockFace" offset="4504" parentId="AnalogClock" symbolId="AnalogClockFace" type="class"/>
        <dataEntry label="globals/AnalogClock/SecondHand" offset="4620" parentId="AnalogClock" symbolId="SecondHand" type="class"/>
        <dataEntry label="globals/JailbotAnalog/AnalogStyleFactory" offset="4718" parentId="JailbotAnalog" symbolId="AnalogStyleFactory" type="class"/>
        <dataEntry label="globals/JailbotAnalog/AnalogStyleFactory/&lt;statics&gt;" offset="4766" parentId="AnalogStyleFactory" symbolId="&lt;statics&gt;" type="module"/>
        <dataEntry label="globals/JailbotAnalog/JailbotAnalogFace" offset="4806" parentId="JailbotAnalog" symbolId="JailbotAnalogFace" type="class"/>
        <dataEntry label="globals/JailbotFace/Eye" offset="4922" parentId="JailbotFace" symbolId="Eye" type="class"/>
        <dataEntry label="globals/JailbotFace/Mouth" offset="4993" parentId="JailbotFace" symbolId="Mouth" type="class"/>
        <dataEntry label="globals/JailbotFace/FaceLayout" offset="5064" parentId="JailbotFace" symbolId="FaceLayout" type="class"/>
    </dataEntryOffsetMappings>
    <functions>
        <functionEntry accessMode="public" endPc="268435471" name="&lt;init&gt;" parent="JailbotWatchFaceApp" startPc="268435460">
            <documentation/>
        </functionEntry>
        <functionEntry accessMode="public" name="&lt;init&gt;" parent="MoodMemory">
            <documentation/>
        </functionEntry>
        <functionEntry accessMode="public" endPc="268435491" name="&lt;init&gt;" parent="Rez" startPc="268435472">
            <documentation/>
        </functionEntry>
        <functionEntry accessMode="public" name="&lt;init&gt;" parent="EmoticonParser">
            <documentation/>
        </functionEntry>
        <functionEntry accessMode="public" name="&lt;init&gt;" parent="PixelResolution">
            <documentation/>
        </functionEntry>
        <functionEntry accessMode="public" endPc="268435503" name="&lt;init&gt;" parent="StandbyState" startPc="268435492">
            <documentation/>
        </functionEntry>
        <functionEntry accessMode="public" name="&lt;init&gt;" parent="PixelTime">
            <documentation/>
        </functionEntry>
        <functionEntry accessMode="public" endPc="268435515" name="&lt;init&gt;" parent="DrowsyState" startPc="268435504">
            <documentation/>
        </functionEntry>
        <functionEntry accessMode="public" name="&lt;init&gt;" parent="ExpressionRenderer">
            <documentation/>
        </functionEntry>
        <functionEntry accessMode="public" name="&lt;init&gt;" parent="ExpressionParams">
            <documentation/>
        </functionEntry>
        <functionEntry accessMode="public" name="&lt;init&gt;" parent="AOD">
            <documentation/>
        </functionEntry>
        <functionEntry accessMode="public" endPc="268435527" name="&lt;init&gt;" parent="OverheatState" startPc="268435516">
            <documentation/>
        </functionEntry>
        <functionEntry accessMode="public" name="&lt;init&gt;" parent="AnalogClock">
            <documentation/>
        </functionEntry>
        <functionEntry accessMode="public" name="&lt;init&gt;" parent="JailbotAnalog">
            <documentation/>
        </functionEntry>
        <functionEntry accessMode="public" name="&lt;init&gt;" parent="JailbotFace">
            <documentation/>
        </functionEntry>
        <functionEntry accessMode="public" name="&lt;init&gt;" parent="BlinkController">
            <documentation/>
        </functionEntry>
        <functionEntry accessMode="public" name="&lt;init&gt;" parent="EmoticonRenderer">
            <documentation/>
        </functionEntry>
        <functionEntry accessMode="public" name="&lt;init&gt;" parent="MoodEngine">
            <documentation/>
        </functionEntry>
        <functionEntry accessMode="public" endPc="268435539" name="&lt;init&gt;" parent="FocusedState" startPc="268435528">
            <documentation/>
        </functionEntry>
        <functionEntry accessMode="public" name="&lt;init&gt;" parent="MoodContext">
            <documentation/>
        </functionEntry>
        <functionEntry accessMode="public" endPc="268435551" name="&lt;init&gt;" parent="ChargedState" startPc="268435540">
            <documentation/>
        </functionEntry>
        <functionEntry accessMode="public" name="&lt;init&gt;" parent="HealthDataProvider">
            <documentation/>
        </functionEntry>
        <functionEntry accessMode="public" endPc="268435563" name="&lt;init&gt;" parent="VictoryState" startPc="268435552">
            <documentation/>
        </functionEntry>
        <functionEntry accessMode="public" endPc="268435575" name="&lt;init&gt;" parent="JailbotWatchFaceView" startPc="268435564">
            <documentation/>
        </functionEntry>
        <functionEntry accessMode="public" name="&lt;init&gt;" parent="IMoodState">
            <documentation/>
        </functionEntry>
        <functionEntry accessMode="public" name="&lt;init&gt;" parent="BlinkScheduler">
            <documentation/>
        </functionEntry>
        <functionEntry accessMode="public" endPc="268435587" name="&lt;init&gt;" parent="RecoveringState" startPc="268435576">
            <documentation/>
        </functionEntry>
        <functionEntry accessMode="public" endPc="268435590" name="onStart" parent="JailbotWatchFaceApp" startPc="268435588">
            <param id="state"/>
            <documentation/>
        </functionEntry>
        <functionEntry accessMode="public" endPc="268435604" name="onSettingsChanged" parent="JailbotWatchFaceApp" startPc="268435591">
            <documentation/>
        </functionEntry>
        <functionEntry accessMode="public" endPc="268435632" name="getInitialView" parent="JailbotWatchFaceApp" startPc="268435605">
            <documentation/>
        </functionEntry>
        <functionEntry accessMode="public" endPc="268435647" name="initialize" parent="JailbotWatchFaceApp" startPc="268435633">
            <documentation/>
        </functionEntry>
        <functionEntry accessMode="public" endPc="268435650" name="onStop" parent="JailbotWatchFaceApp" startPc="268435648">
            <param id="state"/>
            <documentation/>
        </functionEntry>
        <functionEntry accessMode="public" endPc="268435674" name="isAchievementEventRecent" parent="MoodMemory" startPc="268435651">
            <documentation/>
        </functionEntry>
        <functionEntry accessMode="public" endPc="268435794" name="selectVariant" parent="MoodMemory" startPc="268435675">
            <param id="allowedVariants"/>
            <param id="ctx"/>
            <documentation/>
        </functionEntry>
        <functionEntry accessMode="public" endPc="268435826" name="update" parent="MoodMemory" startPc="268435795">
            <param id="ctx"/>
            <param id="deltaMs"/>
            <documentation/>
        </functionEntry>
        <functionEntry accessMode="public" endPc="268435866" name="initialize" parent="MoodMemory" startPc="268435827">
            <documentation/>
        </functionEntry>
        <functionEntry accessMode="public" name="&lt;init&gt;" parent="Drawables">
            <documentation/>
        </functionEntry>
        <functionEntry accessMode="public" name="&lt;init&gt;" parent="Strings">
            <documentation/>
        </functionEntry>
        <functionEntry accessMode="private" endPc="268435943" name="&lt;globals/EmoticonParser/&lt;&gt;applyTongue&gt;" parent="EmoticonParser" startPc="268435867">
            <param id="params"/>
            <documentation/>
        </functionEntry>
        <functionEntry accessMode="private" endPc="268436050" name="&lt;globals/EmoticonParser/&lt;&gt;applyConfused&gt;" parent="EmoticonParser" startPc="268435944">
            <param id="params"/>
            <documentation/>
        </functionEntry>
        <functionEntry accessMode="private" endPc="268436166" name="&lt;globals/EmoticonParser/&lt;&gt;applyLove&gt;" parent="EmoticonParser" startPc="268436051">
            <param id="params"/>
            <documentation/>
        </functionEntry>
        <functionEntry accessMode="private" endPc="268436208" name="&lt;globals/EmoticonParser/&lt;&gt;applyNeutral&gt;" parent="EmoticonParser" startPc="268436167">
            <param id="params"/>
            <documentation/>
        </functionEntry>
        <functionEntry accessMode="private" endPc="268436315" name="&lt;globals/EmoticonParser/&lt;&gt;applyShock&gt;" parent="EmoticonParser" startPc="268436209">
            <param id="params"/>
            <documentation/>
        </functionEntry>
        <functionEntry accessMode="private" endPc="268436431" name="&lt;globals/EmoticonParser/&lt;&gt;applyJoy&gt;" parent="EmoticonParser" startPc="268436316">
            <param id="params"/>
            <documentation/>
        </functionEntry>
        <functionEntry accessMode="private" endPc="268436512" name="&lt;globals/EmoticonParser/&lt;&gt;applyLaugh&gt;" parent="EmoticonParser" startPc="268436432">
            <param id="params"/>
            <documentation/>
        </functionEntry>
        <functionEntry accessMode="public" endPc="268437046" name="parseEmoticon" parent="EmoticonParser" startPc="268436513">
            <param id="emoticon"/>
            <documentation/>
        </functionEntry>
        <functionEntry accessMode="private" endPc="268437127" name="&lt;globals/EmoticonParser/&lt;&gt;applyWink&gt;" parent="EmoticonParser" startPc="268437047">
            <param id="params"/>
            <documentation/>
        </functionEntry>
        <functionEntry accessMode="private" endPc="268437182" name="&lt;globals/EmoticonParser/&lt;&gt;applyHappy&gt;" parent="EmoticonParser" startPc="268437128">
            <param id="params"/>
            <documentation/>
        </functionEntry>
        <functionEntry accessMode="private" endPc="268437250" name="&lt;globals/EmoticonParser/&lt;&gt;applyUnimpressed&gt;" parent="EmoticonParser" startPc="268437183">
            <param id="params"/>
            <documentation/>
        </functionEntry>
        <functionEntry accessMode="private" endPc="268437340" name="&lt;globals/EmoticonParser/&lt;&gt;applyCrying&gt;" parent="EmoticonParser" startPc="268437251">
            <param id="params"/>
            <documentation/>
        </functionEntry>
        <functionEntry accessMode="private" endPc="268437447" name="&lt;globals/EmoticonParser/&lt;&gt;applyAngry&gt;" parent="EmoticonParser" startPc="268437341">
            <param id="params"/>
            <documentation/>
        </functionEntry>
        <functionEntry accessMode="public" name="initialize" parent="EmoticonParser">
            <documentation/>
        </functionEntry>
        <functionEntry accessMode="private" endPc="268437515" name="&lt;globals/EmoticonParser/&lt;&gt;applySad&gt;" parent="EmoticonParser" startPc="268437448">
            <param id="params"/>
            <documentation/>
        </functionEntry>
        <functionEntry accessMode="private" endPc="268437609" name="&lt;globals/EmoticonParser/&lt;&gt;applyGrin&gt;" parent="EmoticonParser" startPc="268437516">
            <param id="params"/>
            <documentation/>
        </functionEntry>
        <functionEntry accessMode="private" endPc="268437677" name="&lt;globals/EmoticonParser/&lt;&gt;applyCat&gt;" parent="EmoticonParser" startPc="268437610">
            <param id="params"/>
            <documentation/>
        </functionEntry>
        <functionEntry accessMode="public" name="&lt;init&gt;" parent="PixelMetrics">
            <documentation/>
        </functionEntry>
        <functionEntry accessMode="public" name="&lt;init&gt;" parent="ResolutionManager">
            <documentation/>
        </functionEntry>
        <functionEntry accessMode="public" name="&lt;init&gt;" parent="GridSpec">
            <documentation/>
        </functionEntry>
        <functionEntry accessMode="public" name="&lt;init&gt;" parent="PixelRenderer">
            <documentation/>
        </functionEntry>
        <functionEntry accessMode="public" endPc="268437685" name="score" parent="StandbyState" startPc="268437678">
            <param id="ctx"/>
            <documentation/>
        </functionEntry>
        <functionEntry accessMode="public" endPc="268437693" name="id" parent="StandbyState" startPc="268437686">
            <documentation/>
        </functionEntry>
        <functionEntry accessMode="public" name="initialize" parent="StandbyState">
            <documentation/>
        </functionEntry>
        <functionEntry accessMode="public" name="&lt;init&gt;" parent="TimeDisplay">
            <documentation/>
        </functionEntry>
        <functionEntry accessMode="public" name="&lt;init&gt;" parent="DigitPatterns">
            <documentation/>
        </functionEntry>
        <functionEntry accessMode="public" endPc="268438175" name="&lt;init&gt;" parent="globals/PixelTime/DigitPatterns" startPc="268437694">
            <documentation/>
        </functionEntry>
        <functionEntry accessMode="public" endPc="268438242" name="score" parent="DrowsyState" startPc="268438176">
            <param id="ctx"/>
            <documentation/>
        </functionEntry>
        <functionEntry accessMode="public" endPc="268438434" name="getExpression" parent="DrowsyState" startPc="268438243">
            <param id="ctx"/>
            <param id="variant"/>
            <documentation/>
        </functionEntry>
        <functionEntry accessMode="public" endPc="268438480" name="allowedVariants" parent="DrowsyState" startPc="268438435">
            <param id="ctx"/>
            <documentation/>
        </functionEntry>
        <functionEntry accessMode="public" endPc="268438537" name="blinkProfile" parent="DrowsyState" startPc="268438481">
            <param id="ctx"/>
            <documentation/>
        </functionEntry>
        <functionEntry accessMode="public" endPc="268438545" name="getEmoticon" parent="DrowsyState" startPc="268438538">
            <documentation/>
        </functionEntry>
        <functionEntry accessMode="public" endPc="268438553" name="id" parent="DrowsyState" startPc="268438546">
            <documentation/>
        </functionEntry>
        <functionEntry accessMode="public" name="initialize" parent="DrowsyState">
            <documentation/>
        </functionEntry>
        <functionEntry accessMode="public" endPc="268438956" name="renderLegacy" parent="ExpressionRenderer" startPc="268438554">
            <param id="dc"/>
            <param id="renderData"/>
            <param id="faceSize"/>
            <param id="centerX"/>
            <param id="centerY"/>
            <documentation/>
        </functionEntry>
        <functionEntry accessMode="private" endPc="268438959" name="&lt;globals/ExpressionRenderer/&lt;&gt;drawAccentEffects&gt;" parent="ExpressionRenderer" startPc="268438957">
            <param id="dc"/>
            <param id="state"/>
            <param id="centerX"/>
            <param id="centerY"/>
            <param id="faceSize"/>
            <documentation/>
        </functionEntry>
        <functionEntry accessMode="private" endPc="268439086" name="&lt;globals/ExpressionRenderer/&lt;&gt;applyBlinkOverlay&gt;" parent="ExpressionRenderer" startPc="268438960">
            <param id="dc"/>
            <param id="centerX"/>
            <param id="centerY"/>
            <param id="faceSize"/>
            <param id="blinkPhase"/>
            <documentation/>
        </functionEntry>
        <functionEntry accessMode="public" name="initialize" parent="ExpressionRenderer">
            <documentation/>
        </functionEntry>
        <functionEntry accessMode="public" endPc="268439195" name="renderWithEmoticon" parent="ExpressionRenderer" startPc="268439087">
            <param id="dc"/>
            <param id="renderData"/>
            <param id="faceSize"/>
            <param id="centerX"/>
            <param id="centerY"/>
            <documentation/>
        </functionEntry>
        <functionEntry accessMode="public" endPc="268439294" name="render" parent="ExpressionRenderer" startPc="268439196">
            <param id="dc"/>
            <param id="renderData"/>
            <param id="faceSize"/>
            <param id="centerX"/>
            <param id="centerY"/>
            <documentation/>
        </functionEntry>
        <functionEntry accessMode="public" endPc="268439534" name="initialize" parent="ExpressionParams" startPc="268439295">
            <documentation/>
        </functionEntry>
        <functionEntry accessMode="public" endPc="268440016" name="&lt;init&gt;" parent="MinimalTimeDisplay" startPc="268439535">
            <documentation/>
        </functionEntry>
        <functionEntry accessMode="public" endPc="268440062" name="score" parent="OverheatState" startPc="268440017">
            <param id="ctx"/>
            <documentation/>
        </functionEntry>
        <functionEntry accessMode="public" endPc="268440153" name="getExpression" parent="OverheatState" startPc="268440063">
            <param id="ctx"/>
            <param id="variant"/>
            <documentation/>
        </functionEntry>
        <functionEntry accessMode="public" endPc="268440213" name="blinkProfile" parent="OverheatState" startPc="268440154">
            <param id="ctx"/>
            <documentation/>
        </functionEntry>
        <functionEntry accessMode="public" endPc="268440221" name="getEmoticon" parent="OverheatState" startPc="268440214">
            <documentation/>
        </functionEntry>
        <functionEntry accessMode="public" endPc="268440229" name="id" parent="OverheatState" startPc="268440222">
            <documentation/>
        </functionEntry>
        <functionEntry accessMode="public" name="initialize" parent="OverheatState">
            <documentation/>
        </functionEntry>
        <functionEntry accessMode="public" name="&lt;init&gt;" parent="HourHand">
            <documentation/>
        </functionEntry>
        <functionEntry accessMode="public" name="&lt;init&gt;" parent="RimIndicators">
            <documentation/>
        </functionEntry>
        <functionEntry accessMode="public" name="&lt;init&gt;" parent="MinuteHand">
            <documentation/>
        </functionEntry>
        <functionEntry accessMode="public" name="&lt;init&gt;" parent="AnalogClockFace">
            <documentation/>
        </functionEntry>
        <functionEntry accessMode="public" name="&lt;init&gt;" parent="SecondHand">
            <documentation/>
        </functionEntry>
        <functionEntry accessMode="public" name="&lt;init&gt;" parent="AnalogStyleFactory">
            <documentation/>
        </functionEntry>
        <functionEntry accessMode="public" name="&lt;init&gt;" parent="globals/JailbotAnalog/AnalogStyleFactory">
            <documentation/>
        </functionEntry>
        <functionEntry accessMode="public" endPc="268440241" name="&lt;init&gt;" parent="JailbotAnalogFace" startPc="268440230">
            <documentation/>
        </functionEntry>
        <functionEntry accessMode="public" name="&lt;init&gt;" parent="Eye">
            <documentation/>
        </functionEntry>
        <functionEntry accessMode="public" name="&lt;init&gt;" parent="Mouth">
            <documentation/>
        </functionEntry>
        <functionEntry accessMode="public" name="&lt;init&gt;" parent="FaceLayout">
            <documentation/>
        </functionEntry>
        <functionEntry accessMode="private" endPc="268440382" name="&lt;globals/BlinkController/&lt;&gt;scheduleNextBlink&gt;" parent="BlinkController" startPc="268440242">
            <documentation/>
        </functionEntry>
        <functionEntry accessMode="public" endPc="268440460" name="start" parent="BlinkController" startPc="268440383">
            <documentation/>
        </functionEntry>
        <functionEntry accessMode="public" endPc="268440468" name="getBlinkState" parent="BlinkController" startPc="268440461">
            <documentation/>
        </functionEntry>
        <functionEntry accessMode="public" endPc="268440622" name="stop" parent="BlinkController" startPc="268440469">
            <documentation/>
        </functionEntry>
        <functionEntry accessMode="public" endPc="268440701" name="initialize" parent="BlinkController" startPc="268440623">
            <documentation/>
        </functionEntry>
        <functionEntry accessMode="public" endPc="268440759" name="onLowPowerChange" parent="BlinkController" startPc="268440702">
            <param id="isLowPower"/>
            <documentation/>
        </functionEntry>
        <functionEntry accessMode="public" endPc="268440835" name="getDebugInfo" parent="BlinkController" startPc="268440760">
            <documentation/>
        </functionEntry>
        <functionEntry accessMode="public" endPc="268441080" name="endBlink" parent="BlinkController" startPc="268440836">
            <documentation/>
        </functionEntry>
        <functionEntry accessMode="public" endPc="268441267" name="beginBlink" parent="BlinkController" startPc="268441081">
            <documentation/>
        </functionEntry>
        <functionEntry accessMode="private" endPc="268441349" name="&lt;globals/EmoticonRenderer/&lt;&gt;drawHeartEyes&gt;" parent="EmoticonRenderer" startPc="268441268">
            <param id="dc"/>
            <param id="leftX"/>
            <param id="rightX"/>
            <param id="eyeY"/>
            <param id="width"/>
            <param id="height"/>
            <documentation/>
        </functionEntry>
        <functionEntry accessMode="private" endPc="268441547" name="&lt;globals/EmoticonRenderer/&lt;&gt;drawXEyes&gt;" parent="EmoticonRenderer" startPc="268441350">
            <param id="dc"/>
            <param id="leftX"/>
            <param id="rightX"/>
            <param id="eyeY"/>
            <param id="width"/>
            <param id="height"/>
            <documentation/>
        </functionEntry>
        <functionEntry accessMode="public" endPc="268441587" name="renderEmoticon" parent="EmoticonRenderer" startPc="268441548">
            <param id="dc"/>
            <param id="emoticon"/>
            <param id="centerX"/>
            <param id="centerY"/>
            <param id="faceSize"/>
            <documentation/>
        </functionEntry>
        <functionEntry accessMode="private" endPc="268441679" name="&lt;globals/EmoticonRenderer/&lt;&gt;drawArcEyes&gt;" parent="EmoticonRenderer" startPc="268441588">
            <param id="dc"/>
            <param id="leftX"/>
            <param id="rightX"/>
            <param id="eyeY"/>
            <param id="width"/>
            <param id="height"/>
            <param id="upward"/>
            <documentation/>
        </functionEntry>
        <functionEntry accessMode="private" endPc="268442184" name="&lt;globals/EmoticonRenderer/&lt;&gt;drawEyes&gt;" parent="EmoticonRenderer" startPc="268441680">
            <param id="dc"/>
            <param id="params"/>
            <param id="leftX"/>
            <param id="rightX"/>
            <param id="eyeY"/>
            <param id="baseWidth"/>
            <param id="baseHeight"/>
            <documentation/>
        </functionEntry>
        <functionEntry accessMode="public" endPc="268442212" name="initialize" parent="EmoticonRenderer" startPc="268442185">
            <documentation/>
        </functionEntry>
        <functionEntry accessMode="public" endPc="268442364" name="drawExpression" parent="EmoticonRenderer" startPc="268442213">
            <param id="dc"/>
            <param id="params"/>
            <param id="centerX"/>
            <param id="centerY"/>
            <param id="faceSize"/>
            <documentation/>
        </functionEntry>
        <functionEntry accessMode="private" endPc="268442949" name="&lt;globals/EmoticonRenderer/&lt;&gt;drawMouth&gt;" parent="EmoticonRenderer" startPc="268442365">
            <param id="dc"/>
            <param id="params"/>
            <param id="centerX"/>
            <param id="mouthY"/>
            <param id="baseWidth"/>
            <param id="baseHeight"/>
            <documentation/>
        </functionEntry>
        <functionEntry accessMode="private" endPc="268443147" name="&lt;globals/EmoticonRenderer/&lt;&gt;drawAccessories&gt;" parent="EmoticonRenderer" startPc="268442950">
            <param id="dc"/>
            <param id="params"/>
            <param id="centerX"/>
            <param id="centerY"/>
            <param id="faceSize"/>
            <documentation/>
        </functionEntry>
        <functionEntry accessMode="private" endPc="268443287" name="&lt;globals/MoodEngine/&lt;&gt;transitionToState&gt;" parent="MoodEngine" startPc="268443148">
            <param id="newState"/>
            <param id="ctx"/>
            <documentation/>
        </functionEntry>
        <functionEntry accessMode="public" endPc="268443464" name="update" parent="MoodEngine" startPc="268443288">
            <param id="rawSensors"/>
            <documentation/>
        </functionEntry>
        <functionEntry accessMode="private" endPc="268443621" name="&lt;globals/MoodEngine/&lt;&gt;getCooldownForState&gt;" parent="MoodEngine" startPc="268443465">
            <param id="stateId"/>
            <documentation/>
        </functionEntry>
        <functionEntry accessMode="private" endPc="268443795" name="&lt;globals/MoodEngine/&lt;&gt;getRenderData&gt;" parent="MoodEngine" startPc="268443622">
            <param id="ctx"/>
            <documentation/>
        </functionEntry>
        <functionEntry accessMode="private" endPc="268443902" name="&lt;globals/MoodEngine/&lt;&gt;updateCooldowns&gt;" parent="MoodEngine" startPc="268443796">
            <param id="deltaMs"/>
            <documentation/>
        </functionEntry>
        <functionEntry accessMode="public" endPc="268444268" name="initialize" parent="MoodEngine" startPc="268443903">
            <documentation/>
        </functionEntry>
        <functionEntry accessMode="private" endPc="268444463" name="&lt;globals/MoodEngine/&lt;&gt;selectState&gt;" parent="MoodEngine" startPc="268444269">
            <param id="ctx"/>
            <documentation/>
        </functionEntry>
        <functionEntry accessMode="public" endPc="268444500" name="score" parent="FocusedState" startPc="268444464">
            <param id="ctx"/>
            <documentation/>
        </functionEntry>
        <functionEntry accessMode="public" endPc="268444587" name="getExpression" parent="FocusedState" startPc="268444501">
            <param id="ctx"/>
            <param id="variant"/>
            <documentation/>
        </functionEntry>
        <functionEntry accessMode="public" endPc="268444643" name="blinkProfile" parent="FocusedState" startPc="268444588">
            <param id="ctx"/>
            <documentation/>
        </functionEntry>
        <functionEntry accessMode="public" endPc="268444651" name="getEmoticon" parent="FocusedState" startPc="268444644">
            <documentation/>
        </functionEntry>
        <functionEntry accessMode="public" endPc="268444659" name="id" parent="FocusedState" startPc="268444652">
            <documentation/>
        </functionEntry>
        <functionEntry accessMode="public" name="initialize" parent="FocusedState">
            <documentation/>
        </functionEntry>
        <functionEntry accessMode="private" endPc="268444698" name="&lt;globals/MoodContext/&lt;&gt;clamp01&gt;" parent="MoodContext" startPc="268444660">
            <param id="value"/>
            <documentation/>
        </functionEntry>
        <functionEntry accessMode="private" endPc="268444744" name="&lt;globals/MoodContext/&lt;&gt;getTimeAdjustedGoal&gt;" parent="MoodContext" startPc="268444699">
            <param id="goal"/>
            <documentation/>
        </functionEntry>
        <functionEntry accessMode="public" endPc="268445103" name="initialize" parent="MoodContext" startPc="268444745">
            <param id="sensors"/>
            <documentation/>
        </functionEntry>
        <functionEntry accessMode="public" endPc="268445161" name="score" parent="ChargedState" startPc="268445104">
            <param id="ctx"/>
            <documentation/>
        </functionEntry>
        <functionEntry accessMode="public" endPc="268445252" name="getExpression" parent="ChargedState" startPc="268445162">
            <param id="ctx"/>
            <param id="variant"/>
            <documentation/>
        </functionEntry>
        <functionEntry accessMode="public" endPc="268445312" name="blinkProfile" parent="ChargedState" startPc="268445253">
            <param id="ctx"/>
            <documentation/>
        </functionEntry>
        <functionEntry accessMode="public" endPc="268445320" name="getEmoticon" parent="ChargedState" startPc="268445313">
            <documentation/>
        </functionEntry>
        <functionEntry accessMode="public" endPc="268445328" name="id" parent="ChargedState" startPc="268445321">
            <documentation/>
        </functionEntry>
        <functionEntry accessMode="public" name="initialize" parent="ChargedState">
            <documentation/>
        </functionEntry>
        <functionEntry accessMode="private" endPc="268445332" name="&lt;globals/HealthDataProvider/&lt;&gt;wasActiveRecently&gt;" parent="HealthDataProvider" startPc="268445329">
            <documentation/>
        </functionEntry>
        <functionEntry accessMode="private" endPc="268445457" name="&lt;globals/HealthDataProvider/&lt;&gt;estimateSleepQuality&gt;" parent="HealthDataProvider" startPc="268445333">
            <documentation/>
        </functionEntry>
        <functionEntry accessMode="private" endPc="268445641" name="&lt;globals/HealthDataProvider/&lt;&gt;getActivityStatus&gt;" parent="HealthDataProvider" startPc="268445458">
            <documentation/>
        </functionEntry>
        <functionEntry accessMode="private" endPc="268445754" name="&lt;globals/HealthDataProvider/&lt;&gt;detectAchievements&gt;" parent="HealthDataProvider" startPc="268445642">
            <param id="steps"/>
            <param id="stepGoal"/>
            <documentation/>
        </functionEntry>
        <functionEntry accessMode="private" endPc="268445768" name="&lt;globals/HealthDataProvider/&lt;&gt;getStressLevel&gt;" parent="HealthDataProvider" startPc="268445755">
            <documentation/>
        </functionEntry>
        <functionEntry accessMode="private" endPc="268445941" name="&lt;globals/HealthDataProvider/&lt;&gt;estimateBodyBattery&gt;" parent="HealthDataProvider" startPc="268445769">
            <documentation/>
        </functionEntry>
        <functionEntry accessMode="public" endPc="268446003" name="updateRestingHRBaseline" parent="HealthDataProvider" startPc="268445942">
            <param id="currentHR"/>
            <param id="isResting"/>
            <documentation/>
        </functionEntry>
        <functionEntry accessMode="private" endPc="268446231" name="&lt;globals/HealthDataProvider/&lt;&gt;estimateStressFromActivity&gt;" parent="HealthDataProvider" startPc="268446004">
            <documentation/>
        </functionEntry>
        <functionEntry accessMode="public" endPc="268446530" name="gatherSensorData" parent="HealthDataProvider" startPc="268446232">
            <documentation/>
        </functionEntry>
        <functionEntry accessMode="public" endPc="268446857" name="debugSensorData" parent="HealthDataProvider" startPc="268446531">
            <documentation/>
        </functionEntry>
        <functionEntry accessMode="private" endPc="268446983" name="&lt;globals/HealthDataProvider/&lt;&gt;getHeartRateData&gt;" parent="HealthDataProvider" startPc="268446858">
            <documentation/>
        </functionEntry>
        <functionEntry accessMode="private" endPc="268447075" name="&lt;globals/HealthDataProvider/&lt;&gt;getBodyBatteryLevel&gt;" parent="HealthDataProvider" startPc="268446984">
            <documentation/>
        </functionEntry>
        <functionEntry accessMode="public" endPc="268447131" name="initialize" parent="HealthDataProvider" startPc="268447076">
            <documentation/>
        </functionEntry>
        <functionEntry accessMode="private" endPc="268447213" name="&lt;globals/HealthDataProvider/&lt;&gt;isInAODMode&gt;" parent="HealthDataProvider" startPc="268447132">
            <documentation/>
        </functionEntry>
        <functionEntry accessMode="public" endPc="268447234" name="score" parent="VictoryState" startPc="268447214">
            <param id="ctx"/>
            <documentation/>
        </functionEntry>
        <functionEntry accessMode="public" endPc="268447325" name="getExpression" parent="VictoryState" startPc="268447235">
            <param id="ctx"/>
            <param id="variant"/>
            <documentation/>
        </functionEntry>
        <functionEntry accessMode="public" endPc="268447385" name="blinkProfile" parent="VictoryState" startPc="268447326">
            <param id="ctx"/>
            <documentation/>
        </functionEntry>
        <functionEntry accessMode="public" endPc="268447393" name="getEmoticon" parent="VictoryState" startPc="268447386">
            <documentation/>
        </functionEntry>
        <functionEntry accessMode="public" endPc="268447401" name="id" parent="VictoryState" startPc="268447394">
            <documentation/>
        </functionEntry>
        <functionEntry accessMode="public" name="initialize" parent="VictoryState">
            <documentation/>
        </functionEntry>
        <functionEntry accessMode="public" endPc="268448651" name="drawAuthenticJailbot" parent="JailbotWatchFaceView" startPc="268447402">
            <param id="dc"/>
            <param id="width"/>
            <param id="height"/>
            <documentation/>
        </functionEntry>
        <functionEntry accessMode="public" name="onExitSleep" parent="JailbotWatchFaceView">
            <documentation/>
        </functionEntry>
        <functionEntry accessMode="public" endPc="268448685" name="onShow" parent="JailbotWatchFaceView" startPc="268448652">
            <documentation/>
        </functionEntry>
        <functionEntry accessMode="public" endPc="268448865" name="onLayout" parent="JailbotWatchFaceView" startPc="268448686">
            <param id="dc"/>
            <documentation/>
        </functionEntry>
        <functionEntry accessMode="public" endPc="268449034" name="drawStaticJailbotFace" parent="JailbotWatchFaceView" startPc="268448866">
            <param id="dc"/>
            <param id="centerX"/>
            <param id="centerY"/>
            <param id="faceSize"/>
            <documentation/>
        </functionEntry>
        <functionEntry accessMode="public" endPc="268449873" name="drawPixelatedAOD" parent="JailbotWatchFaceView" startPc="268449035">
            <param id="dc"/>
            <param id="screenWidth"/>
            <param id="screenHeight"/>
            <documentation/>
        </functionEntry>
        <functionEntry accessMode="public" endPc="268449887" name="requestUpdate" parent="JailbotWatchFaceView" startPc="268449874">
            <documentation/>
        </functionEntry>
        <functionEntry accessMode="public" endPc="268449979" name="drawHollowBlock" parent="JailbotWatchFaceView" startPc="268449888">
            <param id="dc"/>
            <param id="x"/>
            <param id="y"/>
            <param id="size"/>
            <documentation/>
        </functionEntry>
        <functionEntry accessMode="public" endPc="268451044" name="drawJailbot3" parent="JailbotWatchFaceView" startPc="268449980">
            <param id="dc"/>
            <param id="width"/>
            <param id="height"/>
            <documentation/>
        </functionEntry>
        <functionEntry accessMode="public" endPc="268451769" name="drawJailbot20PixelArt" parent="JailbotWatchFaceView" startPc="268451045">
            <param id="dc"/>
            <param id="width"/>
            <param id="height"/>
            <documentation/>
        </functionEntry>
        <functionEntry accessMode="public" endPc="268451819" name="onPartialUpdate" parent="JailbotWatchFaceView" startPc="268451770">
            <param id="dc"/>
            <documentation/>
        </functionEntry>
        <functionEntry accessMode="public" endPc="268451911" name="drawHollowDigit" parent="JailbotWatchFaceView" startPc="268451820">
            <param id="dc"/>
            <param id="pattern"/>
            <param id="x"/>
            <param id="y"/>
            <param id="blockSize"/>
            <documentation/>
        </functionEntry>
        <functionEntry accessMode="public" name="onEnterSleep" parent="JailbotWatchFaceView">
            <documentation/>
        </functionEntry>
        <functionEntry accessMode="public" endPc="268452042" name="initialize" parent="JailbotWatchFaceView" startPc="268451912">
            <documentation/>
        </functionEntry>
        <functionEntry accessMode="public" endPc="268452057" name="onHide" parent="JailbotWatchFaceView" startPc="268452043">
            <documentation/>
        </functionEntry>
        <functionEntry accessMode="public" endPc="268452102" name="onUpdate" parent="JailbotWatchFaceView" startPc="268452058">
            <param id="dc"/>
            <documentation/>
        </functionEntry>
        <functionEntry accessMode="public" endPc="268452140" name="drawDirectAnalogJailbot" parent="JailbotWatchFaceView" startPc="268452103">
            <param id="dc"/>
            <param id="width"/>
            <param id="height"/>
            <documentation/>
        </functionEntry>
        <functionEntry accessMode="public" endPc="268452144" name="score" parent="IMoodState" startPc="268452141">
            <param id="ctx"/>
            <documentation/>
        </functionEntry>
        <functionEntry accessMode="public" endPc="268452147" name="exit" parent="IMoodState" startPc="268452145">
            <param id="ctx"/>
            <documentation/>
        </functionEntry>
        <functionEntry accessMode="public" endPc="268452195" name="aodExpression" parent="IMoodState" startPc="268452148">
            <param id="ctx"/>
            <documentation/>
        </functionEntry>
        <functionEntry accessMode="public" endPc="268452282" name="getExpression" parent="IMoodState" startPc="268452196">
            <param id="ctx"/>
            <param id="variant"/>
            <documentation/>
        </functionEntry>
        <functionEntry accessMode="public" endPc="268452290" name="allowedVariants" parent="IMoodState" startPc="268452283">
            <param id="ctx"/>
            <documentation/>
        </functionEntry>
        <functionEntry accessMode="public" endPc="268452346" name="blinkProfile" parent="IMoodState" startPc="268452291">
            <param id="ctx"/>
            <documentation/>
        </functionEntry>
        <functionEntry accessMode="public" endPc="268452354" name="getEmoticon" parent="IMoodState" startPc="268452347">
            <documentation/>
        </functionEntry>
        <functionEntry accessMode="public" endPc="268452362" name="id" parent="IMoodState" startPc="268452355">
            <documentation/>
        </functionEntry>
        <functionEntry accessMode="public" endPc="268452365" name="enter" parent="IMoodState" startPc="268452363">
            <param id="ctx"/>
            <documentation/>
        </functionEntry>
        <functionEntry accessMode="public" name="initialize" parent="IMoodState">
            <documentation/>
        </functionEntry>
        <functionEntry accessMode="private" endPc="268452465" name="&lt;globals/BlinkScheduler/&lt;&gt;scheduleNextBlink&gt;" parent="BlinkScheduler" startPc="268452366">
            <param id="profile"/>
            <documentation/>
        </functionEntry>
        <functionEntry accessMode="public" endPc="268452552" name="getBlinkPhase" parent="BlinkScheduler" startPc="268452466">
            <documentation/>
        </functionEntry>
        <functionEntry accessMode="private" endPc="268452608" name="&lt;globals/BlinkScheduler/&lt;&gt;getDefaultProfile&gt;" parent="BlinkScheduler" startPc="268452553">
            <documentation/>
        </functionEntry>
        <functionEntry accessMode="private" endPc="268452645" name="&lt;globals/BlinkScheduler/&lt;&gt;startBlink&gt;" parent="BlinkScheduler" startPc="268452609">
            <param id="duration"/>
            <documentation/>
        </functionEntry>
        <functionEntry accessMode="private" endPc="268452795" name="&lt;globals/BlinkScheduler/&lt;&gt;generateBlinkInterval&gt;" parent="BlinkScheduler" startPc="268452646">
            <param id="min"/>
            <param id="max"/>
            <param id="mean"/>
            <documentation/>
        </functionEntry>
        <functionEntry accessMode="public" endPc="268453047" name="update" parent="BlinkScheduler" startPc="268452796">
            <param id="profile"/>
            <param id="deltaMs"/>
            <documentation/>
        </functionEntry>
        <functionEntry accessMode="public" endPc="268453058" name="triggerEventBlink" parent="BlinkScheduler" startPc="268453048">
            <documentation/>
        </functionEntry>
        <functionEntry accessMode="public" endPc="268453125" name="initialize" parent="BlinkScheduler" startPc="268453059">
            <documentation/>
        </functionEntry>
        <functionEntry accessMode="public" endPc="268453180" name="score" parent="RecoveringState" startPc="268453126">
            <param id="ctx"/>
            <documentation/>
        </functionEntry>
        <functionEntry accessMode="public" endPc="268453271" name="getExpression" parent="RecoveringState" startPc="268453181">
            <param id="ctx"/>
            <param id="variant"/>
            <documentation/>
        </functionEntry>
        <functionEntry accessMode="public" endPc="268453327" name="blinkProfile" parent="RecoveringState" startPc="268453272">
            <param id="ctx"/>
            <documentation/>
        </functionEntry>
        <functionEntry accessMode="public" endPc="268453335" name="getEmoticon" parent="RecoveringState" startPc="268453328">
            <documentation/>
        </functionEntry>
        <functionEntry accessMode="public" endPc="268453343" name="id" parent="RecoveringState" startPc="268453336">
            <documentation/>
        </functionEntry>
        <functionEntry accessMode="public" name="initialize" parent="RecoveringState">
            <documentation/>
        </functionEntry>
        <functionEntry accessMode="public" endPc="268453366" name="getCellX" parent="PixelMetrics" startPc="268453344">
            <param id="col"/>
            <documentation/>
        </functionEntry>
        <functionEntry accessMode="public" endPc="268453389" name="getCellY" parent="PixelMetrics" startPc="268453367">
            <param id="row"/>
            <documentation/>
        </functionEntry>
        <functionEntry accessMode="public" endPc="268453412" name="getTotalWidth" parent="PixelMetrics" startPc="268453390">
            <param id="cols"/>
            <documentation/>
        </functionEntry>
        <functionEntry accessMode="public" endPc="268453435" name="getTotalHeight" parent="PixelMetrics" startPc="268453413">
            <param id="rows"/>
            <documentation/>
        </functionEntry>
        <functionEntry accessMode="public" endPc="268453474" name="initialize" parent="PixelMetrics" startPc="268453436">
            <param id="block"/>
            <param id="g"/>
            <param id="x"/>
            <param id="y"/>
            <documentation/>
        </functionEntry>
        <functionEntry accessMode="public" endPc="268453595" name="updateScale" parent="ResolutionManager" startPc="268453475">
            <param id="dc"/>
            <documentation/>
        </functionEntry>
        <functionEntry accessMode="public" endPc="268453607" name="setGap" parent="ResolutionManager" startPc="268453596">
            <param id="g"/>
            <documentation/>
        </functionEntry>
        <functionEntry accessMode="public" endPc="268453711" name="centerGrid" parent="ResolutionManager" startPc="268453608">
            <param id="screenWidth"/>
            <param id="screenHeight"/>
            <param id="gridSpec"/>
            <documentation/>
        </functionEntry>
        <functionEntry accessMode="public" name="initialize" parent="ResolutionManager">
            <documentation/>
        </functionEntry>
        <functionEntry accessMode="public" endPc="268453770" name="dp" parent="ResolutionManager" startPc="268453712">
            <param id="pixels"/>
            <param id="dc"/>
            <documentation/>
        </functionEntry>
        <functionEntry accessMode="public" endPc="268453782" name="setBlockSize" parent="ResolutionManager" startPc="268453771">
            <param id="size"/>
            <documentation/>
        </functionEntry>
        <functionEntry accessMode="public" endPc="268453817" name="positionGrid" parent="ResolutionManager" startPc="268453783">
            <param id="x"/>
            <param id="y"/>
            <documentation/>
        </functionEntry>
        <functionEntry accessMode="public" endPc="268453838" name="initialize" parent="GridSpec" startPc="268453818">
            <param id="c"/>
            <param id="r"/>
            <documentation/>
        </functionEntry>
        <functionEntry accessMode="public" endPc="268453954" name="drawRectangle" parent="PixelRenderer" startPc="268453839">
            <param id="startCol"/>
            <param id="startRow"/>
            <param id="cols"/>
            <param id="rows"/>
            <documentation/>
        </functionEntry>
        <functionEntry accessMode="public" endPc="268454104" name="drawGrid" parent="PixelRenderer" startPc="268453955">
            <param id="gridSpec"/>
            <param id="pattern"/>
            <documentation/>
        </functionEntry>
        <functionEntry accessMode="public" endPc="268454125" name="initialize" parent="PixelRenderer" startPc="268454105">
            <param id="drawContext"/>
            <param id="pixelMetrics"/>
            <documentation/>
        </functionEntry>
        <functionEntry accessMode="public" endPc="268454274" name="drawDigit" parent="TimeDisplay" startPc="268454126">
            <param id="dc"/>
            <param id="digit"/>
            <param id="x"/>
            <param id="y"/>
            <documentation/>
        </functionEntry>
        <functionEntry accessMode="public" endPc="268454306" name="initialize" parent="TimeDisplay" startPc="268454275">
            <documentation/>
        </functionEntry>
        <functionEntry accessMode="public" endPc="268454826" name="draw" parent="TimeDisplay" startPc="268454307">
            <param id="dc"/>
            <param id="screenWidth"/>
            <param id="screenHeight"/>
            <documentation/>
        </functionEntry>
        <functionEntry accessMode="public" name="initialize" parent="DigitPatterns">
            <documentation/>
        </functionEntry>
        <functionEntry accessMode="public" endPc="268455027" name="drawHollowDigit" parent="MinimalTimeDisplay" startPc="268454827">
            <param id="renderer"/>
            <param id="pattern"/>
            <param id="startCol"/>
            <param id="startRow"/>
            <documentation/>
        </functionEntry>
        <functionEntry accessMode="public" endPc="268455103" name="drawPixelDot" parent="MinimalTimeDisplay" startPc="268455028">
            <param id="renderer"/>
            <param id="col"/>
            <param id="row"/>
            <documentation/>
        </functionEntry>
        <functionEntry accessMode="public" endPc="268455581" name="drawAOD" parent="MinimalTimeDisplay" startPc="268455104">
            <param id="dc"/>
            <param id="screenWidth"/>
            <param id="screenHeight"/>
            <documentation/>
        </functionEntry>
        <functionEntry accessMode="public" endPc="268455846" name="drawGhostJailbot" parent="MinimalTimeDisplay" startPc="268455582">
            <param id="dc"/>
            <param id="screenWidth"/>
            <param id="centerY"/>
            <documentation/>
        </functionEntry>
        <functionEntry accessMode="public" endPc="268455878" name="initialize" parent="MinimalTimeDisplay" startPc="268455847">
            <documentation/>
        </functionEntry>
        <functionEntry accessMode="public" endPc="268455917" name="drawMinimalColon" parent="MinimalTimeDisplay" startPc="268455879">
            <param id="renderer"/>
            <param id="startCol"/>
            <param id="startRow"/>
            <documentation/>
        </functionEntry>
        <functionEntry accessMode="public" endPc="268455956" name="setup" parent="HourHand" startPc="268455918">
            <param id="radius"/>
            <documentation/>
        </functionEntry>
        <functionEntry accessMode="public" endPc="268456122" name="draw" parent="HourHand" startPc="268455957">
            <param id="dc"/>
            <param id="centerX"/>
            <param id="centerY"/>
            <param id="angle"/>
            <documentation/>
        </functionEntry>
        <functionEntry accessMode="public" name="initialize" parent="HourHand">
            <documentation/>
        </functionEntry>
        <functionEntry accessMode="public" endPc="268456156" name="calculateAngle" parent="HourHand" startPc="268456123">
            <param id="hours"/>
            <param id="minutes"/>
            <documentation/>
        </functionEntry>
        <functionEntry accessMode="public" endPc="268456319" name="drawStrongMark" parent="RimIndicators" startPc="268456157">
            <param id="dc"/>
            <param id="angle"/>
            <documentation/>
        </functionEntry>
        <functionEntry accessMode="public" endPc="268456482" name="drawSecondaryMark" parent="RimIndicators" startPc="268456320">
            <param id="dc"/>
            <param id="angle"/>
            <documentation/>
        </functionEntry>
        <functionEntry accessMode="public" endPc="268456542" name="setup" parent="RimIndicators" startPc="268456483">
            <param id="x"/>
            <param id="y"/>
            <param id="r"/>
            <documentation/>
        </functionEntry>
        <functionEntry accessMode="public" endPc="268456622" name="draw" parent="RimIndicators" startPc="268456543">
            <param id="dc"/>
            <documentation/>
        </functionEntry>
        <functionEntry accessMode="public" name="initialize" parent="RimIndicators">
            <documentation/>
        </functionEntry>
        <functionEntry accessMode="public" endPc="268456661" name="setup" parent="MinuteHand" startPc="268456623">
            <param id="radius"/>
            <documentation/>
        </functionEntry>
        <functionEntry accessMode="public" endPc="268456827" name="draw" parent="MinuteHand" startPc="268456662">
            <param id="dc"/>
            <param id="centerX"/>
            <param id="centerY"/>
            <param id="angle"/>
            <documentation/>
        </functionEntry>
        <functionEntry accessMode="public" name="initialize" parent="MinuteHand">
            <documentation/>
        </functionEntry>
        <functionEntry accessMode="public" endPc="268456858" name="calculateAngle" parent="MinuteHand" startPc="268456828">
            <param id="minutes"/>
            <param id="seconds"/>
            <documentation/>
        </functionEntry>
        <functionEntry accessMode="public" endPc="268457074" name="initialize" parent="AnalogClockFace" startPc="268456859">
            <param id="x"/>
            <param id="y"/>
            <param id="r"/>
            <documentation/>
        </functionEntry>
        <functionEntry accessMode="public" endPc="268457233" name="draw" parent="AnalogClockFace" startPc="268457075">
            <param id="dc"/>
            <param id="hours"/>
            <param id="minutes"/>
            <param id="seconds"/>
            <documentation/>
        </functionEntry>
        <functionEntry accessMode="public" endPc="268457272" name="setup" parent="SecondHand" startPc="268457234">
            <param id="radius"/>
            <documentation/>
        </functionEntry>
        <functionEntry accessMode="public" endPc="268457438" name="draw" parent="SecondHand" startPc="268457273">
            <param id="dc"/>
            <param id="centerX"/>
            <param id="centerY"/>
            <param id="angle"/>
            <documentation/>
        </functionEntry>
        <functionEntry accessMode="public" name="initialize" parent="SecondHand">
            <documentation/>
        </functionEntry>
        <functionEntry accessMode="public" endPc="268457458" name="calculateAngle" parent="SecondHand" startPc="268457439">
            <param id="seconds"/>
            <documentation/>
        </functionEntry>
        <functionEntry accessMode="public" endPc="268457490" name="createMinimalStyle" parent="AnalogStyleFactory" startPc="268457459">
            <param id="x"/>
            <param id="y"/>
            <param id="r"/>
            <documentation/>
        </functionEntry>
        <functionEntry accessMode="public" endPc="268457522" name="createClassicStyle" parent="AnalogStyleFactory" startPc="268457491">
            <param id="x"/>
            <param id="y"/>
            <param id="r"/>
            <documentation/>
        </functionEntry>
        <functionEntry accessMode="public" name="initialize" parent="AnalogStyleFactory">
            <documentation/>
        </functionEntry>
        <functionEntry accessMode="public" endPc="268457597" name="drawJailbotElements" parent="JailbotAnalogFace" startPc="268457523">
            <param id="dc"/>
            <param id="clockTime"/>
            <documentation/>
        </functionEntry>
        <functionEntry accessMode="public" endPc="268457642" name="drawWithScreen" parent="JailbotAnalogFace" startPc="268457598">
            <param id="dc"/>
            <param id="screenWidth"/>
            <param id="screenHeight"/>
            <documentation/>
        </functionEntry>
        <functionEntry accessMode="public" endPc="268457658" name="toggleJailbotDisplay" parent="JailbotAnalogFace" startPc="268457643">
            <documentation/>
        </functionEntry>
        <functionEntry accessMode="public" endPc="268457738" name="initialize" parent="JailbotAnalogFace" startPc="268457659">
            <param id="x"/>
            <param id="y"/>
            <param id="r"/>
            <documentation/>
        </functionEntry>
        <functionEntry accessMode="public" endPc="268457820" name="draw" parent="JailbotAnalogFace" startPc="268457739">
            <param id="dc"/>
            <param id="hours"/>
            <param id="minutes"/>
            <param id="seconds"/>
            <documentation/>
        </functionEntry>
        <functionEntry accessMode="public" endPc="268457987" name="drawMiniJailbot" parent="JailbotAnalogFace" startPc="268457821">
            <param id="dc"/>
            <param id="x"/>
            <param id="y"/>
            <param id="size"/>
            <param id="shouldBlink"/>
            <documentation/>
        </functionEntry>
        <functionEntry accessMode="public" endPc="268458022" name="getSpec" parent="Eye" startPc="268457988">
            <documentation/>
        </functionEntry>
        <functionEntry accessMode="public" name="initialize" parent="Eye">
            <documentation/>
        </functionEntry>
        <functionEntry accessMode="public" endPc="268458057" name="getSpec" parent="Mouth" startPc="268458023">
            <documentation/>
        </functionEntry>
        <functionEntry accessMode="public" name="initialize" parent="Mouth">
            <documentation/>
        </functionEntry>
        <functionEntry accessMode="public" endPc="268458088" name="moveEyesCloser" parent="FaceLayout" startPc="268458058">
            <documentation/>
        </functionEntry>
        <functionEntry accessMode="public" endPc="268458100" name="setEyeSpacing" parent="FaceLayout" startPc="268458089">
            <param id="blocks"/>
            <documentation/>
        </functionEntry>
        <functionEntry accessMode="public" endPc="268458112" name="adjustEyeSpacing" parent="FaceLayout" startPc="268458101">
            <param id="blocks"/>
            <documentation/>
        </functionEntry>
        <functionEntry accessMode="public" endPc="268458219" name="initialize" parent="FaceLayout" startPc="268458113">
            <documentation/>
        </functionEntry>
        <functionEntry accessMode="public" endPc="268458772" name="draw" parent="FaceLayout" startPc="268458220">
            <param id="dc"/>
            <param id="screenWidth"/>
            <param id="screenHeight"/>
            <documentation/>
        </functionEntry>
        <functionEntry accessMode="public" endPc="268458790" name="moveEyesApart" parent="FaceLayout" startPc="268458773">
            <documentation/>
        </functionEntry>
    </functions>
</debugInfo>
