<?xml version="1.0" encoding="UTF-8" standalone="no"?>
<debugInfo>
    <manifest filename="/Users/erdalgunes/garmin-jailbot/manifest.xml"/>
    <pcToLineNum>
        <entry filename="/Users/erdalgunes/garmin-jailbot/source/JailbotWatchFaceApp.mc" id="1" lineNum="5" parent="globals/JailbotWatchFaceApp" pc="268435460" symbol="&lt;init&gt;"/>
        <entry filename="/Users/erdalgunes/garmin-jailbot/build/gen/006-B3906-00/source/Rez.mcgen" id="2" lineNum="7" parent="globals/Rez" pc="268435472" symbol="&lt;init&gt;"/>
        <entry filename="/Users/erdalgunes/garmin-jailbot/source/MoodSystem.mc" id="3" lineNum="363" parent="globals/StandbyState" pc="268435492" symbol="&lt;init&gt;"/>
        <entry filename="/Users/erdalgunes/garmin-jailbot/source/MoodSystem.mc" id="4" lineNum="194" parent="globals/DrowsyState" pc="268435504" symbol="&lt;init&gt;"/>
        <entry filename="/Users/erdalgunes/garmin-jailbot/source/MoodSystem.mc" id="5" lineNum="157" parent="globals/OverheatState" pc="268435516" symbol="&lt;init&gt;"/>
        <entry filename="/Users/erdalgunes/garmin-jailbot/source/MoodSystem.mc" id="6" lineNum="289" parent="globals/FocusedState" pc="268435528" symbol="&lt;init&gt;"/>
        <entry filename="/Users/erdalgunes/garmin-jailbot/source/MoodSystem.mc" id="7" lineNum="325" parent="globals/ChargedState" pc="268435540" symbol="&lt;init&gt;"/>
        <entry filename="/Users/erdalgunes/garmin-jailbot/source/MoodSystem.mc" id="8" lineNum="122" parent="globals/VictoryState" pc="268435552" symbol="&lt;init&gt;"/>
        <entry filename="/Users/erdalgunes/garmin-jailbot/source/JailbotWatchFaceView.mc" id="9" lineNum="8" parent="globals/JailbotWatchFaceView" pc="268435564" symbol="&lt;init&gt;"/>
        <entry filename="/Users/erdalgunes/garmin-jailbot/source/MoodSystem.mc" id="10" lineNum="252" parent="globals/RecoveringState" pc="268435576" symbol="&lt;init&gt;"/>
        <entry filename="/Users/erdalgunes/garmin-jailbot/source/EyeRenderer.mc" id="11" lineNum="17" parent="globals/EyeRenderer" pc="268435588" symbol="drawEyes"/>
        <entry filename="/Users/erdalgunes/garmin-jailbot/source/EyeRenderer.mc" id="11" lineNum="18" parent="globals/EyeRenderer" pc="268435591" symbol="drawEyes"/>
        <entry filename="/Users/erdalgunes/garmin-jailbot/source/EyeRenderer.mc" id="11" lineNum="21" parent="globals/EyeRenderer" pc="268435621" symbol="drawEyes"/>
        <entry filename="/Users/erdalgunes/garmin-jailbot/source/EyeRenderer.mc" id="11" lineNum="22" parent="globals/EyeRenderer" pc="268435631" symbol="drawEyes"/>
        <entry filename="/Users/erdalgunes/garmin-jailbot/source/EyeRenderer.mc" id="11" lineNum="24" parent="globals/EyeRenderer" pc="268435644" symbol="drawEyes"/>
        <entry filename="/Users/erdalgunes/garmin-jailbot/source/EyeRenderer.mc" id="11" lineNum="25" parent="globals/EyeRenderer" pc="268435651" symbol="drawEyes"/>
        <entry filename="/Users/erdalgunes/garmin-jailbot/source/EyeRenderer.mc" id="11" lineNum="28" parent="globals/EyeRenderer" pc="268435658" symbol="drawEyes"/>
        <entry filename="/Users/erdalgunes/garmin-jailbot/source/EyeRenderer.mc" id="11" lineNum="30" parent="globals/EyeRenderer" pc="268435674" symbol="drawEyes"/>
        <entry filename="/Users/erdalgunes/garmin-jailbot/source/EyeRenderer.mc" id="11" lineNum="31" parent="globals/EyeRenderer" pc="268435685" symbol="drawEyes"/>
        <entry filename="/Users/erdalgunes/garmin-jailbot/source/EyeRenderer.mc" id="11" lineNum="32" parent="globals/EyeRenderer" pc="268435707" symbol="drawEyes"/>
        <entry filename="/Users/erdalgunes/garmin-jailbot/source/EyeRenderer.mc" id="11" lineNum="33" parent="globals/EyeRenderer" pc="268435718" symbol="drawEyes"/>
        <entry filename="/Users/erdalgunes/garmin-jailbot/source/EyeRenderer.mc" id="11" lineNum="35" parent="globals/EyeRenderer" pc="268435740" symbol="drawEyes"/>
        <entry filename="/Users/erdalgunes/garmin-jailbot/source/EyeRenderer.mc" id="11" lineNum="37" parent="globals/EyeRenderer" pc="268435761" symbol="drawEyes"/>
        <entry filename="/Users/erdalgunes/garmin-jailbot/source/EyeRenderer.mc" id="12" lineNum="8" parent="globals/EyeRenderer" pc="268435781" symbol="initialize"/>
        <entry filename="/Users/erdalgunes/garmin-jailbot/source/EyeRenderer.mc" id="12" lineNum="9" parent="globals/EyeRenderer" pc="268435783" symbol="initialize"/>
        <entry filename="/Users/erdalgunes/garmin-jailbot/source/EyeRenderer.mc" id="13" lineNum="100" parent="globals/EyeRenderer" pc="268435802" symbol="getDebugInfo"/>
        <entry filename="/Users/erdalgunes/garmin-jailbot/source/EyeRenderer.mc" id="13" lineNum="101" parent="globals/EyeRenderer" pc="268435804" symbol="getDebugInfo"/>
        <entry filename="/Users/erdalgunes/garmin-jailbot/source/EyeRenderer.mc" id="14" lineNum="71" parent="globals/EyeRenderer" pc="268435832" symbol="&lt;globals/EyeRenderer/&lt;&gt;drawClosedEyes&gt;"/>
        <entry filename="/Users/erdalgunes/garmin-jailbot/source/EyeRenderer.mc" id="14" lineNum="72" parent="globals/EyeRenderer" pc="268435835" symbol="&lt;globals/EyeRenderer/&lt;&gt;drawClosedEyes&gt;"/>
        <entry filename="/Users/erdalgunes/garmin-jailbot/source/EyeRenderer.mc" id="14" lineNum="73" parent="globals/EyeRenderer" pc="268435845" symbol="&lt;globals/EyeRenderer/&lt;&gt;drawClosedEyes&gt;"/>
        <entry filename="/Users/erdalgunes/garmin-jailbot/source/EyeRenderer.mc" id="14" lineNum="74" parent="globals/EyeRenderer" pc="268435858" symbol="&lt;globals/EyeRenderer/&lt;&gt;drawClosedEyes&gt;"/>
        <entry filename="/Users/erdalgunes/garmin-jailbot/source/EyeRenderer.mc" id="14" lineNum="74" parent="globals/EyeRenderer" pc="268435866" symbol="&lt;globals/EyeRenderer/&lt;&gt;drawClosedEyes&gt;"/>
        <entry filename="/Users/erdalgunes/garmin-jailbot/source/EyeRenderer.mc" id="14" lineNum="76" parent="globals/EyeRenderer" pc="268435873" symbol="&lt;globals/EyeRenderer/&lt;&gt;drawClosedEyes&gt;"/>
        <entry filename="/Users/erdalgunes/garmin-jailbot/source/EyeRenderer.mc" id="14" lineNum="78" parent="globals/EyeRenderer" pc="268435903" symbol="&lt;globals/EyeRenderer/&lt;&gt;drawClosedEyes&gt;"/>
        <entry filename="/Users/erdalgunes/garmin-jailbot/source/EyeRenderer.mc" id="14" lineNum="81" parent="globals/EyeRenderer" pc="268435915" symbol="&lt;globals/EyeRenderer/&lt;&gt;drawClosedEyes&gt;"/>
        <entry filename="/Users/erdalgunes/garmin-jailbot/source/EyeRenderer.mc" id="14" lineNum="89" parent="globals/EyeRenderer" pc="268435945" symbol="&lt;globals/EyeRenderer/&lt;&gt;drawClosedEyes&gt;"/>
        <entry filename="/Users/erdalgunes/garmin-jailbot/source/EyeRenderer.mc" id="14" lineNum="96" parent="globals/EyeRenderer" pc="268435975" symbol="&lt;globals/EyeRenderer/&lt;&gt;drawClosedEyes&gt;"/>
        <entry filename="/Users/erdalgunes/garmin-jailbot/source/EyeRenderer.mc" id="15" lineNum="42" parent="globals/EyeRenderer" pc="268436030" symbol="&lt;globals/EyeRenderer/&lt;&gt;drawOpenEyes&gt;"/>
        <entry filename="/Users/erdalgunes/garmin-jailbot/source/EyeRenderer.mc" id="15" lineNum="43" parent="globals/EyeRenderer" pc="268436033" symbol="&lt;globals/EyeRenderer/&lt;&gt;drawOpenEyes&gt;"/>
        <entry filename="/Users/erdalgunes/garmin-jailbot/source/EyeRenderer.mc" id="15" lineNum="44" parent="globals/EyeRenderer" pc="268436043" symbol="&lt;globals/EyeRenderer/&lt;&gt;drawOpenEyes&gt;"/>
        <entry filename="/Users/erdalgunes/garmin-jailbot/source/EyeRenderer.mc" id="15" lineNum="45" parent="globals/EyeRenderer" pc="268436053" symbol="&lt;globals/EyeRenderer/&lt;&gt;drawOpenEyes&gt;"/>
        <entry filename="/Users/erdalgunes/garmin-jailbot/source/EyeRenderer.mc" id="15" lineNum="47" parent="globals/EyeRenderer" pc="268436076" symbol="&lt;globals/EyeRenderer/&lt;&gt;drawOpenEyes&gt;"/>
        <entry filename="/Users/erdalgunes/garmin-jailbot/source/EyeRenderer.mc" id="15" lineNum="50" parent="globals/EyeRenderer" pc="268436106" symbol="&lt;globals/EyeRenderer/&lt;&gt;drawOpenEyes&gt;"/>
        <entry filename="/Users/erdalgunes/garmin-jailbot/source/EyeRenderer.mc" id="15" lineNum="59" parent="globals/EyeRenderer" pc="268436138" symbol="&lt;globals/EyeRenderer/&lt;&gt;drawOpenEyes&gt;"/>
        <entry filename="/Users/erdalgunes/garmin-jailbot/source/EyeRenderer.mc" id="15" lineNum="67" parent="globals/EyeRenderer" pc="268436170" symbol="&lt;globals/EyeRenderer/&lt;&gt;drawOpenEyes&gt;"/>
        <entry filename="/Users/erdalgunes/garmin-jailbot/source/JailbotWatchFaceApp.mc" id="16" lineNum="11" parent="globals/JailbotWatchFaceApp" pc="268436225" symbol="onStart"/>
        <entry filename="/Users/erdalgunes/garmin-jailbot/source/JailbotWatchFaceApp.mc" id="17" lineNum="21" parent="globals/JailbotWatchFaceApp" pc="268436228" symbol="onSettingsChanged"/>
        <entry filename="/Users/erdalgunes/garmin-jailbot/source/JailbotWatchFaceApp.mc" id="17" lineNum="22" parent="globals/JailbotWatchFaceApp" pc="268436230" symbol="onSettingsChanged"/>
        <entry filename="/Users/erdalgunes/garmin-jailbot/source/JailbotWatchFaceApp.mc" id="18" lineNum="17" parent="globals/JailbotWatchFaceApp" pc="268436242" symbol="getInitialView"/>
        <entry filename="/Users/erdalgunes/garmin-jailbot/source/JailbotWatchFaceApp.mc" id="18" lineNum="18" parent="globals/JailbotWatchFaceApp" pc="268436244" symbol="getInitialView"/>
        <entry filename="/Users/erdalgunes/garmin-jailbot/source/JailbotWatchFaceApp.mc" id="19" lineNum="7" parent="globals/JailbotWatchFaceApp" pc="268436270" symbol="initialize"/>
        <entry filename="/Users/erdalgunes/garmin-jailbot/source/JailbotWatchFaceApp.mc" id="19" lineNum="8" parent="globals/JailbotWatchFaceApp" pc="268436272" symbol="initialize"/>
        <entry filename="/Users/erdalgunes/garmin-jailbot/source/JailbotWatchFaceApp.mc" id="20" lineNum="14" parent="globals/JailbotWatchFaceApp" pc="268436285" symbol="onStop"/>
        <entry filename="/Users/erdalgunes/garmin-jailbot/source/MoodEngine.mc" id="21" lineNum="211" parent="globals/MoodMemory" pc="268436288" symbol="isAchievementEventRecent"/>
        <entry filename="/Users/erdalgunes/garmin-jailbot/source/MoodEngine.mc" id="21" lineNum="212" parent="globals/MoodMemory" pc="268436290" symbol="isAchievementEventRecent"/>
        <entry filename="/Users/erdalgunes/garmin-jailbot/source/MoodEngine.mc" id="22" lineNum="191" parent="globals/MoodMemory" pc="268436312" symbol="selectVariant"/>
        <entry filename="/Users/erdalgunes/garmin-jailbot/source/MoodEngine.mc" id="22" lineNum="193" parent="globals/MoodMemory" pc="268436315" symbol="selectVariant"/>
        <entry filename="/Users/erdalgunes/garmin-jailbot/source/MoodEngine.mc" id="22" lineNum="194" parent="globals/MoodMemory" pc="268436328" symbol="selectVariant"/>
        <entry filename="/Users/erdalgunes/garmin-jailbot/source/MoodEngine.mc" id="22" lineNum="198" parent="globals/MoodMemory" pc="268436336" symbol="selectVariant"/>
        <entry filename="/Users/erdalgunes/garmin-jailbot/source/MoodEngine.mc" id="22" lineNum="199" parent="globals/MoodMemory" pc="268436356" symbol="selectVariant"/>
        <entry filename="/Users/erdalgunes/garmin-jailbot/source/MoodEngine.mc" id="22" lineNum="200" parent="globals/MoodMemory" pc="268436368" symbol="selectVariant"/>
        <entry filename="/Users/erdalgunes/garmin-jailbot/source/MoodEngine.mc" id="22" lineNum="201" parent="globals/MoodMemory" pc="268436384" symbol="selectVariant"/>
        <entry filename="/Users/erdalgunes/garmin-jailbot/source/MoodEngine.mc" id="22" lineNum="202" parent="globals/MoodMemory" pc="268436403" symbol="selectVariant"/>
        <entry filename="/Users/erdalgunes/garmin-jailbot/source/MoodEngine.mc" id="22" lineNum="203" parent="globals/MoodMemory" pc="268436412" symbol="selectVariant"/>
        <entry filename="/Users/erdalgunes/garmin-jailbot/source/MoodEngine.mc" id="22" lineNum="208" parent="globals/MoodMemory" pc="268436427" symbol="selectVariant"/>
        <entry filename="/Users/erdalgunes/garmin-jailbot/source/MoodEngine.mc" id="23" lineNum="184" parent="globals/MoodMemory" pc="268436432" symbol="update"/>
        <entry filename="/Users/erdalgunes/garmin-jailbot/source/MoodEngine.mc" id="23" lineNum="186" parent="globals/MoodMemory" pc="268436434" symbol="update"/>
        <entry filename="/Users/erdalgunes/garmin-jailbot/source/MoodEngine.mc" id="23" lineNum="187" parent="globals/MoodMemory" pc="268436443" symbol="update"/>
        <entry filename="/Users/erdalgunes/garmin-jailbot/source/MoodEngine.mc" id="24" lineNum="177" parent="globals/MoodMemory" pc="268436464" symbol="initialize"/>
        <entry filename="/Users/erdalgunes/garmin-jailbot/source/MoodEngine.mc" id="24" lineNum="178" parent="globals/MoodMemory" pc="268436466" symbol="initialize"/>
        <entry filename="/Users/erdalgunes/garmin-jailbot/source/MoodEngine.mc" id="24" lineNum="179" parent="globals/MoodMemory" pc="268436475" symbol="initialize"/>
        <entry filename="/Users/erdalgunes/garmin-jailbot/source/MoodEngine.mc" id="24" lineNum="180" parent="globals/MoodMemory" pc="268436483" symbol="initialize"/>
        <entry filename="/Users/erdalgunes/garmin-jailbot/source/MoodEngine.mc" id="24" lineNum="181" parent="globals/MoodMemory" pc="268436495" symbol="initialize"/>
        <entry filename="/Users/erdalgunes/garmin-jailbot/source/EmoticonSystem.mc" id="25" lineNum="142" parent="globals/EmoticonParser" pc="268436504" symbol="&lt;globals/EmoticonParser/&lt;&gt;applyTongue&gt;"/>
        <entry filename="/Users/erdalgunes/garmin-jailbot/source/EmoticonSystem.mc" id="25" lineNum="143" parent="globals/EmoticonParser" pc="268436506" symbol="&lt;globals/EmoticonParser/&lt;&gt;applyTongue&gt;"/>
        <entry filename="/Users/erdalgunes/garmin-jailbot/source/EmoticonSystem.mc" id="25" lineNum="144" parent="globals/EmoticonParser" pc="268436519" symbol="&lt;globals/EmoticonParser/&lt;&gt;applyTongue&gt;"/>
        <entry filename="/Users/erdalgunes/garmin-jailbot/source/EmoticonSystem.mc" id="25" lineNum="145" parent="globals/EmoticonParser" pc="268436532" symbol="&lt;globals/EmoticonParser/&lt;&gt;applyTongue&gt;"/>
        <entry filename="/Users/erdalgunes/garmin-jailbot/source/EmoticonSystem.mc" id="25" lineNum="146" parent="globals/EmoticonParser" pc="268436545" symbol="&lt;globals/EmoticonParser/&lt;&gt;applyTongue&gt;"/>
        <entry filename="/Users/erdalgunes/garmin-jailbot/source/EmoticonSystem.mc" id="25" lineNum="147" parent="globals/EmoticonParser" pc="268436554" symbol="&lt;globals/EmoticonParser/&lt;&gt;applyTongue&gt;"/>
        <entry filename="/Users/erdalgunes/garmin-jailbot/source/EmoticonSystem.mc" id="25" lineNum="148" parent="globals/EmoticonParser" pc="268436567" symbol="&lt;globals/EmoticonParser/&lt;&gt;applyTongue&gt;"/>
        <entry filename="/Users/erdalgunes/garmin-jailbot/source/EmoticonSystem.mc" id="26" lineNum="216" parent="globals/EmoticonParser" pc="268436581" symbol="&lt;globals/EmoticonParser/&lt;&gt;applyConfused&gt;"/>
        <entry filename="/Users/erdalgunes/garmin-jailbot/source/EmoticonSystem.mc" id="26" lineNum="217" parent="globals/EmoticonParser" pc="268436583" symbol="&lt;globals/EmoticonParser/&lt;&gt;applyConfused&gt;"/>
        <entry filename="/Users/erdalgunes/garmin-jailbot/source/EmoticonSystem.mc" id="26" lineNum="218" parent="globals/EmoticonParser" pc="268436596" symbol="&lt;globals/EmoticonParser/&lt;&gt;applyConfused&gt;"/>
        <entry filename="/Users/erdalgunes/garmin-jailbot/source/EmoticonSystem.mc" id="26" lineNum="219" parent="globals/EmoticonParser" pc="268436609" symbol="&lt;globals/EmoticonParser/&lt;&gt;applyConfused&gt;"/>
        <entry filename="/Users/erdalgunes/garmin-jailbot/source/EmoticonSystem.mc" id="26" lineNum="220" parent="globals/EmoticonParser" pc="268436622" symbol="&lt;globals/EmoticonParser/&lt;&gt;applyConfused&gt;"/>
        <entry filename="/Users/erdalgunes/garmin-jailbot/source/EmoticonSystem.mc" id="26" lineNum="221" parent="globals/EmoticonParser" pc="268436635" symbol="&lt;globals/EmoticonParser/&lt;&gt;applyConfused&gt;"/>
        <entry filename="/Users/erdalgunes/garmin-jailbot/source/EmoticonSystem.mc" id="26" lineNum="222" parent="globals/EmoticonParser" pc="268436648" symbol="&lt;globals/EmoticonParser/&lt;&gt;applyConfused&gt;"/>
        <entry filename="/Users/erdalgunes/garmin-jailbot/source/EmoticonSystem.mc" id="26" lineNum="223" parent="globals/EmoticonParser" pc="268436661" symbol="&lt;globals/EmoticonParser/&lt;&gt;applyConfused&gt;"/>
        <entry filename="/Users/erdalgunes/garmin-jailbot/source/EmoticonSystem.mc" id="26" lineNum="224" parent="globals/EmoticonParser" pc="268436674" symbol="&lt;globals/EmoticonParser/&lt;&gt;applyConfused&gt;"/>
        <entry filename="/Users/erdalgunes/garmin-jailbot/source/EmoticonSystem.mc" id="27" lineNum="246" parent="globals/EmoticonParser" pc="268436688" symbol="&lt;globals/EmoticonParser/&lt;&gt;applyLove&gt;"/>
        <entry filename="/Users/erdalgunes/garmin-jailbot/source/EmoticonSystem.mc" id="27" lineNum="247" parent="globals/EmoticonParser" pc="268436690" symbol="&lt;globals/EmoticonParser/&lt;&gt;applyLove&gt;"/>
        <entry filename="/Users/erdalgunes/garmin-jailbot/source/EmoticonSystem.mc" id="27" lineNum="248" parent="globals/EmoticonParser" pc="268436703" symbol="&lt;globals/EmoticonParser/&lt;&gt;applyLove&gt;"/>
        <entry filename="/Users/erdalgunes/garmin-jailbot/source/EmoticonSystem.mc" id="27" lineNum="249" parent="globals/EmoticonParser" pc="268436716" symbol="&lt;globals/EmoticonParser/&lt;&gt;applyLove&gt;"/>
        <entry filename="/Users/erdalgunes/garmin-jailbot/source/EmoticonSystem.mc" id="27" lineNum="250" parent="globals/EmoticonParser" pc="268436729" symbol="&lt;globals/EmoticonParser/&lt;&gt;applyLove&gt;"/>
        <entry filename="/Users/erdalgunes/garmin-jailbot/source/EmoticonSystem.mc" id="27" lineNum="251" parent="globals/EmoticonParser" pc="268436742" symbol="&lt;globals/EmoticonParser/&lt;&gt;applyLove&gt;"/>
        <entry filename="/Users/erdalgunes/garmin-jailbot/source/EmoticonSystem.mc" id="27" lineNum="252" parent="globals/EmoticonParser" pc="268436755" symbol="&lt;globals/EmoticonParser/&lt;&gt;applyLove&gt;"/>
        <entry filename="/Users/erdalgunes/garmin-jailbot/source/EmoticonSystem.mc" id="27" lineNum="253" parent="globals/EmoticonParser" pc="268436768" symbol="&lt;globals/EmoticonParser/&lt;&gt;applyLove&gt;"/>
        <entry filename="/Users/erdalgunes/garmin-jailbot/source/EmoticonSystem.mc" id="27" lineNum="254" parent="globals/EmoticonParser" pc="268436777" symbol="&lt;globals/EmoticonParser/&lt;&gt;applyLove&gt;"/>
        <entry filename="/Users/erdalgunes/garmin-jailbot/source/EmoticonSystem.mc" id="27" lineNum="255" parent="globals/EmoticonParser" pc="268436790" symbol="&lt;globals/EmoticonParser/&lt;&gt;applyLove&gt;"/>
        <entry filename="/Users/erdalgunes/garmin-jailbot/source/EmoticonSystem.mc" id="28" lineNum="179" parent="globals/EmoticonParser" pc="268436804" symbol="&lt;globals/EmoticonParser/&lt;&gt;applyNeutral&gt;"/>
        <entry filename="/Users/erdalgunes/garmin-jailbot/source/EmoticonSystem.mc" id="28" lineNum="180" parent="globals/EmoticonParser" pc="268436806" symbol="&lt;globals/EmoticonParser/&lt;&gt;applyNeutral&gt;"/>
        <entry filename="/Users/erdalgunes/garmin-jailbot/source/EmoticonSystem.mc" id="28" lineNum="181" parent="globals/EmoticonParser" pc="268436819" symbol="&lt;globals/EmoticonParser/&lt;&gt;applyNeutral&gt;"/>
        <entry filename="/Users/erdalgunes/garmin-jailbot/source/EmoticonSystem.mc" id="28" lineNum="182" parent="globals/EmoticonParser" pc="268436832" symbol="&lt;globals/EmoticonParser/&lt;&gt;applyNeutral&gt;"/>
        <entry filename="/Users/erdalgunes/garmin-jailbot/source/EmoticonSystem.mc" id="29" lineNum="185" parent="globals/EmoticonParser" pc="268436846" symbol="&lt;globals/EmoticonParser/&lt;&gt;applyShock&gt;"/>
        <entry filename="/Users/erdalgunes/garmin-jailbot/source/EmoticonSystem.mc" id="29" lineNum="186" parent="globals/EmoticonParser" pc="268436848" symbol="&lt;globals/EmoticonParser/&lt;&gt;applyShock&gt;"/>
        <entry filename="/Users/erdalgunes/garmin-jailbot/source/EmoticonSystem.mc" id="29" lineNum="187" parent="globals/EmoticonParser" pc="268436861" symbol="&lt;globals/EmoticonParser/&lt;&gt;applyShock&gt;"/>
        <entry filename="/Users/erdalgunes/garmin-jailbot/source/EmoticonSystem.mc" id="29" lineNum="188" parent="globals/EmoticonParser" pc="268436874" symbol="&lt;globals/EmoticonParser/&lt;&gt;applyShock&gt;"/>
        <entry filename="/Users/erdalgunes/garmin-jailbot/source/EmoticonSystem.mc" id="29" lineNum="189" parent="globals/EmoticonParser" pc="268436887" symbol="&lt;globals/EmoticonParser/&lt;&gt;applyShock&gt;"/>
        <entry filename="/Users/erdalgunes/garmin-jailbot/source/EmoticonSystem.mc" id="29" lineNum="190" parent="globals/EmoticonParser" pc="268436900" symbol="&lt;globals/EmoticonParser/&lt;&gt;applyShock&gt;"/>
        <entry filename="/Users/erdalgunes/garmin-jailbot/source/EmoticonSystem.mc" id="29" lineNum="191" parent="globals/EmoticonParser" pc="268436913" symbol="&lt;globals/EmoticonParser/&lt;&gt;applyShock&gt;"/>
        <entry filename="/Users/erdalgunes/garmin-jailbot/source/EmoticonSystem.mc" id="29" lineNum="192" parent="globals/EmoticonParser" pc="268436926" symbol="&lt;globals/EmoticonParser/&lt;&gt;applyShock&gt;"/>
        <entry filename="/Users/erdalgunes/garmin-jailbot/source/EmoticonSystem.mc" id="29" lineNum="193" parent="globals/EmoticonParser" pc="268436939" symbol="&lt;globals/EmoticonParser/&lt;&gt;applyShock&gt;"/>
        <entry filename="/Users/erdalgunes/garmin-jailbot/source/EmoticonSystem.mc" id="30" lineNum="204" parent="globals/EmoticonParser" pc="268436953" symbol="&lt;globals/EmoticonParser/&lt;&gt;applyJoy&gt;"/>
        <entry filename="/Users/erdalgunes/garmin-jailbot/source/EmoticonSystem.mc" id="30" lineNum="205" parent="globals/EmoticonParser" pc="268436955" symbol="&lt;globals/EmoticonParser/&lt;&gt;applyJoy&gt;"/>
        <entry filename="/Users/erdalgunes/garmin-jailbot/source/EmoticonSystem.mc" id="30" lineNum="206" parent="globals/EmoticonParser" pc="268436968" symbol="&lt;globals/EmoticonParser/&lt;&gt;applyJoy&gt;"/>
        <entry filename="/Users/erdalgunes/garmin-jailbot/source/EmoticonSystem.mc" id="30" lineNum="207" parent="globals/EmoticonParser" pc="268436981" symbol="&lt;globals/EmoticonParser/&lt;&gt;applyJoy&gt;"/>
        <entry filename="/Users/erdalgunes/garmin-jailbot/source/EmoticonSystem.mc" id="30" lineNum="208" parent="globals/EmoticonParser" pc="268436994" symbol="&lt;globals/EmoticonParser/&lt;&gt;applyJoy&gt;"/>
        <entry filename="/Users/erdalgunes/garmin-jailbot/source/EmoticonSystem.mc" id="30" lineNum="209" parent="globals/EmoticonParser" pc="268437007" symbol="&lt;globals/EmoticonParser/&lt;&gt;applyJoy&gt;"/>
        <entry filename="/Users/erdalgunes/garmin-jailbot/source/EmoticonSystem.mc" id="30" lineNum="210" parent="globals/EmoticonParser" pc="268437020" symbol="&lt;globals/EmoticonParser/&lt;&gt;applyJoy&gt;"/>
        <entry filename="/Users/erdalgunes/garmin-jailbot/source/EmoticonSystem.mc" id="30" lineNum="211" parent="globals/EmoticonParser" pc="268437033" symbol="&lt;globals/EmoticonParser/&lt;&gt;applyJoy&gt;"/>
        <entry filename="/Users/erdalgunes/garmin-jailbot/source/EmoticonSystem.mc" id="30" lineNum="212" parent="globals/EmoticonParser" pc="268437042" symbol="&lt;globals/EmoticonParser/&lt;&gt;applyJoy&gt;"/>
        <entry filename="/Users/erdalgunes/garmin-jailbot/source/EmoticonSystem.mc" id="30" lineNum="213" parent="globals/EmoticonParser" pc="268437055" symbol="&lt;globals/EmoticonParser/&lt;&gt;applyJoy&gt;"/>
        <entry filename="/Users/erdalgunes/garmin-jailbot/source/EmoticonSystem.mc" id="31" lineNum="160" parent="globals/EmoticonParser" pc="268437069" symbol="&lt;globals/EmoticonParser/&lt;&gt;applyLaugh&gt;"/>
        <entry filename="/Users/erdalgunes/garmin-jailbot/source/EmoticonSystem.mc" id="31" lineNum="161" parent="globals/EmoticonParser" pc="268437071" symbol="&lt;globals/EmoticonParser/&lt;&gt;applyLaugh&gt;"/>
        <entry filename="/Users/erdalgunes/garmin-jailbot/source/EmoticonSystem.mc" id="31" lineNum="162" parent="globals/EmoticonParser" pc="268437084" symbol="&lt;globals/EmoticonParser/&lt;&gt;applyLaugh&gt;"/>
        <entry filename="/Users/erdalgunes/garmin-jailbot/source/EmoticonSystem.mc" id="31" lineNum="163" parent="globals/EmoticonParser" pc="268437097" symbol="&lt;globals/EmoticonParser/&lt;&gt;applyLaugh&gt;"/>
        <entry filename="/Users/erdalgunes/garmin-jailbot/source/EmoticonSystem.mc" id="31" lineNum="164" parent="globals/EmoticonParser" pc="268437110" symbol="&lt;globals/EmoticonParser/&lt;&gt;applyLaugh&gt;"/>
        <entry filename="/Users/erdalgunes/garmin-jailbot/source/EmoticonSystem.mc" id="31" lineNum="165" parent="globals/EmoticonParser" pc="268437123" symbol="&lt;globals/EmoticonParser/&lt;&gt;applyLaugh&gt;"/>
        <entry filename="/Users/erdalgunes/garmin-jailbot/source/EmoticonSystem.mc" id="31" lineNum="166" parent="globals/EmoticonParser" pc="268437136" symbol="&lt;globals/EmoticonParser/&lt;&gt;applyLaugh&gt;"/>
        <entry filename="/Users/erdalgunes/garmin-jailbot/source/EmoticonSystem.mc" id="32" lineNum="77" parent="globals/EmoticonParser" pc="268437150" symbol="parseEmoticon"/>
        <entry filename="/Users/erdalgunes/garmin-jailbot/source/EmoticonSystem.mc" id="32" lineNum="78" parent="globals/EmoticonParser" pc="268437153" symbol="parseEmoticon"/>
        <entry filename="/Users/erdalgunes/garmin-jailbot/source/EmoticonSystem.mc" id="32" lineNum="79" parent="globals/EmoticonParser" pc="268437173" symbol="parseEmoticon"/>
        <entry filename="/Users/erdalgunes/garmin-jailbot/source/EmoticonSystem.mc" id="32" lineNum="82" parent="globals/EmoticonParser" pc="268437182" symbol="parseEmoticon"/>
        <entry filename="/Users/erdalgunes/garmin-jailbot/source/EmoticonSystem.mc" id="32" lineNum="83" parent="globals/EmoticonParser" pc="268437216" symbol="parseEmoticon"/>
        <entry filename="/Users/erdalgunes/garmin-jailbot/source/EmoticonSystem.mc" id="32" lineNum="84" parent="globals/EmoticonParser" pc="268437230" symbol="parseEmoticon"/>
        <entry filename="/Users/erdalgunes/garmin-jailbot/source/EmoticonSystem.mc" id="32" lineNum="85" parent="globals/EmoticonParser" pc="268437264" symbol="parseEmoticon"/>
        <entry filename="/Users/erdalgunes/garmin-jailbot/source/EmoticonSystem.mc" id="32" lineNum="86" parent="globals/EmoticonParser" pc="268437278" symbol="parseEmoticon"/>
        <entry filename="/Users/erdalgunes/garmin-jailbot/source/EmoticonSystem.mc" id="32" lineNum="87" parent="globals/EmoticonParser" pc="268437295" symbol="parseEmoticon"/>
        <entry filename="/Users/erdalgunes/garmin-jailbot/source/EmoticonSystem.mc" id="32" lineNum="88" parent="globals/EmoticonParser" pc="268437309" symbol="parseEmoticon"/>
        <entry filename="/Users/erdalgunes/garmin-jailbot/source/EmoticonSystem.mc" id="32" lineNum="89" parent="globals/EmoticonParser" pc="268437326" symbol="parseEmoticon"/>
        <entry filename="/Users/erdalgunes/garmin-jailbot/source/EmoticonSystem.mc" id="32" lineNum="90" parent="globals/EmoticonParser" pc="268437340" symbol="parseEmoticon"/>
        <entry filename="/Users/erdalgunes/garmin-jailbot/source/EmoticonSystem.mc" id="32" lineNum="91" parent="globals/EmoticonParser" pc="268437357" symbol="parseEmoticon"/>
        <entry filename="/Users/erdalgunes/garmin-jailbot/source/EmoticonSystem.mc" id="32" lineNum="92" parent="globals/EmoticonParser" pc="268437371" symbol="parseEmoticon"/>
        <entry filename="/Users/erdalgunes/garmin-jailbot/source/EmoticonSystem.mc" id="32" lineNum="93" parent="globals/EmoticonParser" pc="268437388" symbol="parseEmoticon"/>
        <entry filename="/Users/erdalgunes/garmin-jailbot/source/EmoticonSystem.mc" id="32" lineNum="94" parent="globals/EmoticonParser" pc="268437402" symbol="parseEmoticon"/>
        <entry filename="/Users/erdalgunes/garmin-jailbot/source/EmoticonSystem.mc" id="32" lineNum="95" parent="globals/EmoticonParser" pc="268437419" symbol="parseEmoticon"/>
        <entry filename="/Users/erdalgunes/garmin-jailbot/source/EmoticonSystem.mc" id="32" lineNum="96" parent="globals/EmoticonParser" pc="268437433" symbol="parseEmoticon"/>
        <entry filename="/Users/erdalgunes/garmin-jailbot/source/EmoticonSystem.mc" id="32" lineNum="97" parent="globals/EmoticonParser" pc="268437450" symbol="parseEmoticon"/>
        <entry filename="/Users/erdalgunes/garmin-jailbot/source/EmoticonSystem.mc" id="32" lineNum="98" parent="globals/EmoticonParser" pc="268437464" symbol="parseEmoticon"/>
        <entry filename="/Users/erdalgunes/garmin-jailbot/source/EmoticonSystem.mc" id="32" lineNum="99" parent="globals/EmoticonParser" pc="268437481" symbol="parseEmoticon"/>
        <entry filename="/Users/erdalgunes/garmin-jailbot/source/EmoticonSystem.mc" id="32" lineNum="100" parent="globals/EmoticonParser" pc="268437495" symbol="parseEmoticon"/>
        <entry filename="/Users/erdalgunes/garmin-jailbot/source/EmoticonSystem.mc" id="32" lineNum="101" parent="globals/EmoticonParser" pc="268437512" symbol="parseEmoticon"/>
        <entry filename="/Users/erdalgunes/garmin-jailbot/source/EmoticonSystem.mc" id="32" lineNum="102" parent="globals/EmoticonParser" pc="268437526" symbol="parseEmoticon"/>
        <entry filename="/Users/erdalgunes/garmin-jailbot/source/EmoticonSystem.mc" id="32" lineNum="103" parent="globals/EmoticonParser" pc="268437543" symbol="parseEmoticon"/>
        <entry filename="/Users/erdalgunes/garmin-jailbot/source/EmoticonSystem.mc" id="32" lineNum="104" parent="globals/EmoticonParser" pc="268437557" symbol="parseEmoticon"/>
        <entry filename="/Users/erdalgunes/garmin-jailbot/source/EmoticonSystem.mc" id="32" lineNum="105" parent="globals/EmoticonParser" pc="268437574" symbol="parseEmoticon"/>
        <entry filename="/Users/erdalgunes/garmin-jailbot/source/EmoticonSystem.mc" id="32" lineNum="106" parent="globals/EmoticonParser" pc="268437588" symbol="parseEmoticon"/>
        <entry filename="/Users/erdalgunes/garmin-jailbot/source/EmoticonSystem.mc" id="32" lineNum="107" parent="globals/EmoticonParser" pc="268437605" symbol="parseEmoticon"/>
        <entry filename="/Users/erdalgunes/garmin-jailbot/source/EmoticonSystem.mc" id="32" lineNum="108" parent="globals/EmoticonParser" pc="268437619" symbol="parseEmoticon"/>
        <entry filename="/Users/erdalgunes/garmin-jailbot/source/EmoticonSystem.mc" id="32" lineNum="109" parent="globals/EmoticonParser" pc="268437636" symbol="parseEmoticon"/>
        <entry filename="/Users/erdalgunes/garmin-jailbot/source/EmoticonSystem.mc" id="32" lineNum="110" parent="globals/EmoticonParser" pc="268437650" symbol="parseEmoticon"/>
        <entry filename="/Users/erdalgunes/garmin-jailbot/source/EmoticonSystem.mc" id="32" lineNum="111" parent="globals/EmoticonParser" pc="268437667" symbol="parseEmoticon"/>
        <entry filename="/Users/erdalgunes/garmin-jailbot/source/EmoticonSystem.mc" id="32" lineNum="114" parent="globals/EmoticonParser" pc="268437681" symbol="parseEmoticon"/>
        <entry filename="/Users/erdalgunes/garmin-jailbot/source/EmoticonSystem.mc" id="33" lineNum="151" parent="globals/EmoticonParser" pc="268437684" symbol="&lt;globals/EmoticonParser/&lt;&gt;applyWink&gt;"/>
        <entry filename="/Users/erdalgunes/garmin-jailbot/source/EmoticonSystem.mc" id="33" lineNum="152" parent="globals/EmoticonParser" pc="268437686" symbol="&lt;globals/EmoticonParser/&lt;&gt;applyWink&gt;"/>
        <entry filename="/Users/erdalgunes/garmin-jailbot/source/EmoticonSystem.mc" id="33" lineNum="153" parent="globals/EmoticonParser" pc="268437699" symbol="&lt;globals/EmoticonParser/&lt;&gt;applyWink&gt;"/>
        <entry filename="/Users/erdalgunes/garmin-jailbot/source/EmoticonSystem.mc" id="33" lineNum="154" parent="globals/EmoticonParser" pc="268437712" symbol="&lt;globals/EmoticonParser/&lt;&gt;applyWink&gt;"/>
        <entry filename="/Users/erdalgunes/garmin-jailbot/source/EmoticonSystem.mc" id="33" lineNum="155" parent="globals/EmoticonParser" pc="268437725" symbol="&lt;globals/EmoticonParser/&lt;&gt;applyWink&gt;"/>
        <entry filename="/Users/erdalgunes/garmin-jailbot/source/EmoticonSystem.mc" id="33" lineNum="156" parent="globals/EmoticonParser" pc="268437738" symbol="&lt;globals/EmoticonParser/&lt;&gt;applyWink&gt;"/>
        <entry filename="/Users/erdalgunes/garmin-jailbot/source/EmoticonSystem.mc" id="33" lineNum="157" parent="globals/EmoticonParser" pc="268437751" symbol="&lt;globals/EmoticonParser/&lt;&gt;applyWink&gt;"/>
        <entry filename="/Users/erdalgunes/garmin-jailbot/source/EmoticonSystem.mc" id="34" lineNum="117" parent="globals/EmoticonParser" pc="268437765" symbol="&lt;globals/EmoticonParser/&lt;&gt;applyHappy&gt;"/>
        <entry filename="/Users/erdalgunes/garmin-jailbot/source/EmoticonSystem.mc" id="34" lineNum="118" parent="globals/EmoticonParser" pc="268437767" symbol="&lt;globals/EmoticonParser/&lt;&gt;applyHappy&gt;"/>
        <entry filename="/Users/erdalgunes/garmin-jailbot/source/EmoticonSystem.mc" id="34" lineNum="119" parent="globals/EmoticonParser" pc="268437780" symbol="&lt;globals/EmoticonParser/&lt;&gt;applyHappy&gt;"/>
        <entry filename="/Users/erdalgunes/garmin-jailbot/source/EmoticonSystem.mc" id="34" lineNum="120" parent="globals/EmoticonParser" pc="268437793" symbol="&lt;globals/EmoticonParser/&lt;&gt;applyHappy&gt;"/>
        <entry filename="/Users/erdalgunes/garmin-jailbot/source/EmoticonSystem.mc" id="34" lineNum="121" parent="globals/EmoticonParser" pc="268437806" symbol="&lt;globals/EmoticonParser/&lt;&gt;applyHappy&gt;"/>
        <entry filename="/Users/erdalgunes/garmin-jailbot/source/EmoticonSystem.mc" id="35" lineNum="196" parent="globals/EmoticonParser" pc="268437820" symbol="&lt;globals/EmoticonParser/&lt;&gt;applyUnimpressed&gt;"/>
        <entry filename="/Users/erdalgunes/garmin-jailbot/source/EmoticonSystem.mc" id="35" lineNum="197" parent="globals/EmoticonParser" pc="268437822" symbol="&lt;globals/EmoticonParser/&lt;&gt;applyUnimpressed&gt;"/>
        <entry filename="/Users/erdalgunes/garmin-jailbot/source/EmoticonSystem.mc" id="35" lineNum="198" parent="globals/EmoticonParser" pc="268437835" symbol="&lt;globals/EmoticonParser/&lt;&gt;applyUnimpressed&gt;"/>
        <entry filename="/Users/erdalgunes/garmin-jailbot/source/EmoticonSystem.mc" id="35" lineNum="199" parent="globals/EmoticonParser" pc="268437848" symbol="&lt;globals/EmoticonParser/&lt;&gt;applyUnimpressed&gt;"/>
        <entry filename="/Users/erdalgunes/garmin-jailbot/source/EmoticonSystem.mc" id="35" lineNum="200" parent="globals/EmoticonParser" pc="268437861" symbol="&lt;globals/EmoticonParser/&lt;&gt;applyUnimpressed&gt;"/>
        <entry filename="/Users/erdalgunes/garmin-jailbot/source/EmoticonSystem.mc" id="35" lineNum="201" parent="globals/EmoticonParser" pc="268437874" symbol="&lt;globals/EmoticonParser/&lt;&gt;applyUnimpressed&gt;"/>
        <entry filename="/Users/erdalgunes/garmin-jailbot/source/EmoticonSystem.mc" id="36" lineNum="169" parent="globals/EmoticonParser" pc="268437888" symbol="&lt;globals/EmoticonParser/&lt;&gt;applyCrying&gt;"/>
        <entry filename="/Users/erdalgunes/garmin-jailbot/source/EmoticonSystem.mc" id="36" lineNum="170" parent="globals/EmoticonParser" pc="268437890" symbol="&lt;globals/EmoticonParser/&lt;&gt;applyCrying&gt;"/>
        <entry filename="/Users/erdalgunes/garmin-jailbot/source/EmoticonSystem.mc" id="36" lineNum="171" parent="globals/EmoticonParser" pc="268437903" symbol="&lt;globals/EmoticonParser/&lt;&gt;applyCrying&gt;"/>
        <entry filename="/Users/erdalgunes/garmin-jailbot/source/EmoticonSystem.mc" id="36" lineNum="172" parent="globals/EmoticonParser" pc="268437916" symbol="&lt;globals/EmoticonParser/&lt;&gt;applyCrying&gt;"/>
        <entry filename="/Users/erdalgunes/garmin-jailbot/source/EmoticonSystem.mc" id="36" lineNum="173" parent="globals/EmoticonParser" pc="268437929" symbol="&lt;globals/EmoticonParser/&lt;&gt;applyCrying&gt;"/>
        <entry filename="/Users/erdalgunes/garmin-jailbot/source/EmoticonSystem.mc" id="36" lineNum="174" parent="globals/EmoticonParser" pc="268437938" symbol="&lt;globals/EmoticonParser/&lt;&gt;applyCrying&gt;"/>
        <entry filename="/Users/erdalgunes/garmin-jailbot/source/EmoticonSystem.mc" id="36" lineNum="175" parent="globals/EmoticonParser" pc="268437951" symbol="&lt;globals/EmoticonParser/&lt;&gt;applyCrying&gt;"/>
        <entry filename="/Users/erdalgunes/garmin-jailbot/source/EmoticonSystem.mc" id="36" lineNum="176" parent="globals/EmoticonParser" pc="268437964" symbol="&lt;globals/EmoticonParser/&lt;&gt;applyCrying&gt;"/>
        <entry filename="/Users/erdalgunes/garmin-jailbot/source/EmoticonSystem.mc" id="37" lineNum="227" parent="globals/EmoticonParser" pc="268437978" symbol="&lt;globals/EmoticonParser/&lt;&gt;applyAngry&gt;"/>
        <entry filename="/Users/erdalgunes/garmin-jailbot/source/EmoticonSystem.mc" id="37" lineNum="228" parent="globals/EmoticonParser" pc="268437980" symbol="&lt;globals/EmoticonParser/&lt;&gt;applyAngry&gt;"/>
        <entry filename="/Users/erdalgunes/garmin-jailbot/source/EmoticonSystem.mc" id="37" lineNum="229" parent="globals/EmoticonParser" pc="268437993" symbol="&lt;globals/EmoticonParser/&lt;&gt;applyAngry&gt;"/>
        <entry filename="/Users/erdalgunes/garmin-jailbot/source/EmoticonSystem.mc" id="37" lineNum="230" parent="globals/EmoticonParser" pc="268438006" symbol="&lt;globals/EmoticonParser/&lt;&gt;applyAngry&gt;"/>
        <entry filename="/Users/erdalgunes/garmin-jailbot/source/EmoticonSystem.mc" id="37" lineNum="231" parent="globals/EmoticonParser" pc="268438019" symbol="&lt;globals/EmoticonParser/&lt;&gt;applyAngry&gt;"/>
        <entry filename="/Users/erdalgunes/garmin-jailbot/source/EmoticonSystem.mc" id="37" lineNum="232" parent="globals/EmoticonParser" pc="268438032" symbol="&lt;globals/EmoticonParser/&lt;&gt;applyAngry&gt;"/>
        <entry filename="/Users/erdalgunes/garmin-jailbot/source/EmoticonSystem.mc" id="37" lineNum="233" parent="globals/EmoticonParser" pc="268438045" symbol="&lt;globals/EmoticonParser/&lt;&gt;applyAngry&gt;"/>
        <entry filename="/Users/erdalgunes/garmin-jailbot/source/EmoticonSystem.mc" id="37" lineNum="234" parent="globals/EmoticonParser" pc="268438058" symbol="&lt;globals/EmoticonParser/&lt;&gt;applyAngry&gt;"/>
        <entry filename="/Users/erdalgunes/garmin-jailbot/source/EmoticonSystem.mc" id="37" lineNum="235" parent="globals/EmoticonParser" pc="268438071" symbol="&lt;globals/EmoticonParser/&lt;&gt;applyAngry&gt;"/>
        <entry filename="/Users/erdalgunes/garmin-jailbot/source/EmoticonSystem.mc" id="39" lineNum="124" parent="globals/EmoticonParser" pc="268438085" symbol="&lt;globals/EmoticonParser/&lt;&gt;applySad&gt;"/>
        <entry filename="/Users/erdalgunes/garmin-jailbot/source/EmoticonSystem.mc" id="39" lineNum="125" parent="globals/EmoticonParser" pc="268438087" symbol="&lt;globals/EmoticonParser/&lt;&gt;applySad&gt;"/>
        <entry filename="/Users/erdalgunes/garmin-jailbot/source/EmoticonSystem.mc" id="39" lineNum="126" parent="globals/EmoticonParser" pc="268438100" symbol="&lt;globals/EmoticonParser/&lt;&gt;applySad&gt;"/>
        <entry filename="/Users/erdalgunes/garmin-jailbot/source/EmoticonSystem.mc" id="39" lineNum="127" parent="globals/EmoticonParser" pc="268438113" symbol="&lt;globals/EmoticonParser/&lt;&gt;applySad&gt;"/>
        <entry filename="/Users/erdalgunes/garmin-jailbot/source/EmoticonSystem.mc" id="39" lineNum="128" parent="globals/EmoticonParser" pc="268438126" symbol="&lt;globals/EmoticonParser/&lt;&gt;applySad&gt;"/>
        <entry filename="/Users/erdalgunes/garmin-jailbot/source/EmoticonSystem.mc" id="39" lineNum="129" parent="globals/EmoticonParser" pc="268438139" symbol="&lt;globals/EmoticonParser/&lt;&gt;applySad&gt;"/>
        <entry filename="/Users/erdalgunes/garmin-jailbot/source/EmoticonSystem.mc" id="40" lineNum="132" parent="globals/EmoticonParser" pc="268438153" symbol="&lt;globals/EmoticonParser/&lt;&gt;applyGrin&gt;"/>
        <entry filename="/Users/erdalgunes/garmin-jailbot/source/EmoticonSystem.mc" id="40" lineNum="133" parent="globals/EmoticonParser" pc="268438155" symbol="&lt;globals/EmoticonParser/&lt;&gt;applyGrin&gt;"/>
        <entry filename="/Users/erdalgunes/garmin-jailbot/source/EmoticonSystem.mc" id="40" lineNum="134" parent="globals/EmoticonParser" pc="268438168" symbol="&lt;globals/EmoticonParser/&lt;&gt;applyGrin&gt;"/>
        <entry filename="/Users/erdalgunes/garmin-jailbot/source/EmoticonSystem.mc" id="40" lineNum="135" parent="globals/EmoticonParser" pc="268438181" symbol="&lt;globals/EmoticonParser/&lt;&gt;applyGrin&gt;"/>
        <entry filename="/Users/erdalgunes/garmin-jailbot/source/EmoticonSystem.mc" id="40" lineNum="136" parent="globals/EmoticonParser" pc="268438194" symbol="&lt;globals/EmoticonParser/&lt;&gt;applyGrin&gt;"/>
        <entry filename="/Users/erdalgunes/garmin-jailbot/source/EmoticonSystem.mc" id="40" lineNum="137" parent="globals/EmoticonParser" pc="268438207" symbol="&lt;globals/EmoticonParser/&lt;&gt;applyGrin&gt;"/>
        <entry filename="/Users/erdalgunes/garmin-jailbot/source/EmoticonSystem.mc" id="40" lineNum="138" parent="globals/EmoticonParser" pc="268438220" symbol="&lt;globals/EmoticonParser/&lt;&gt;applyGrin&gt;"/>
        <entry filename="/Users/erdalgunes/garmin-jailbot/source/EmoticonSystem.mc" id="40" lineNum="139" parent="globals/EmoticonParser" pc="268438233" symbol="&lt;globals/EmoticonParser/&lt;&gt;applyGrin&gt;"/>
        <entry filename="/Users/erdalgunes/garmin-jailbot/source/EmoticonSystem.mc" id="41" lineNum="238" parent="globals/EmoticonParser" pc="268438247" symbol="&lt;globals/EmoticonParser/&lt;&gt;applyCat&gt;"/>
        <entry filename="/Users/erdalgunes/garmin-jailbot/source/EmoticonSystem.mc" id="41" lineNum="239" parent="globals/EmoticonParser" pc="268438249" symbol="&lt;globals/EmoticonParser/&lt;&gt;applyCat&gt;"/>
        <entry filename="/Users/erdalgunes/garmin-jailbot/source/EmoticonSystem.mc" id="41" lineNum="240" parent="globals/EmoticonParser" pc="268438262" symbol="&lt;globals/EmoticonParser/&lt;&gt;applyCat&gt;"/>
        <entry filename="/Users/erdalgunes/garmin-jailbot/source/EmoticonSystem.mc" id="41" lineNum="241" parent="globals/EmoticonParser" pc="268438275" symbol="&lt;globals/EmoticonParser/&lt;&gt;applyCat&gt;"/>
        <entry filename="/Users/erdalgunes/garmin-jailbot/source/EmoticonSystem.mc" id="41" lineNum="242" parent="globals/EmoticonParser" pc="268438288" symbol="&lt;globals/EmoticonParser/&lt;&gt;applyCat&gt;"/>
        <entry filename="/Users/erdalgunes/garmin-jailbot/source/EmoticonSystem.mc" id="41" lineNum="243" parent="globals/EmoticonParser" pc="268438301" symbol="&lt;globals/EmoticonParser/&lt;&gt;applyCat&gt;"/>
        <entry filename="/Users/erdalgunes/garmin-jailbot/source/MoodSystem.mc" id="42" lineNum="366" parent="globals/StandbyState" pc="268438315" symbol="score"/>
        <entry filename="/Users/erdalgunes/garmin-jailbot/source/MoodSystem.mc" id="42" lineNum="367" parent="globals/StandbyState" pc="268438317" symbol="score"/>
        <entry filename="/Users/erdalgunes/garmin-jailbot/source/MoodSystem.mc" id="43" lineNum="364" parent="globals/StandbyState" pc="268438323" symbol="id"/>
        <entry filename="/Users/erdalgunes/garmin-jailbot/source/MoodSystem.mc" id="43" lineNum="364" parent="globals/StandbyState" pc="268438325" symbol="id"/>
        <entry filename="/Users/erdalgunes/garmin-jailbot/source/PixelTimeComponents.mc" id="45" lineNum="8" parent="globals/PixelTime/DigitPatterns/&lt;statics&gt;" pc="268438331" symbol="&lt;init&gt;"/>
        <entry filename="/Users/erdalgunes/garmin-jailbot/source/MoodSystem.mc" id="46" lineNum="197" parent="globals/DrowsyState" pc="268438813" symbol="score"/>
        <entry filename="/Users/erdalgunes/garmin-jailbot/source/MoodSystem.mc" id="46" lineNum="198" parent="globals/DrowsyState" pc="268438815" symbol="score"/>
        <entry filename="/Users/erdalgunes/garmin-jailbot/source/MoodSystem.mc" id="46" lineNum="198" parent="globals/DrowsyState" pc="268438830" symbol="score"/>
        <entry filename="/Users/erdalgunes/garmin-jailbot/source/MoodSystem.mc" id="46" lineNum="199" parent="globals/DrowsyState" pc="268438839" symbol="score"/>
        <entry filename="/Users/erdalgunes/garmin-jailbot/source/MoodSystem.mc" id="46" lineNum="199" parent="globals/DrowsyState" pc="268438869" symbol="score"/>
        <entry filename="/Users/erdalgunes/garmin-jailbot/source/MoodSystem.mc" id="46" lineNum="200" parent="globals/DrowsyState" pc="268438878" symbol="score"/>
        <entry filename="/Users/erdalgunes/garmin-jailbot/source/MoodSystem.mc" id="47" lineNum="221" parent="globals/DrowsyState" pc="268438880" symbol="getExpression"/>
        <entry filename="/Users/erdalgunes/garmin-jailbot/source/MoodSystem.mc" id="47" lineNum="222" parent="globals/DrowsyState" pc="268438882" symbol="getExpression"/>
        <entry filename="/Users/erdalgunes/garmin-jailbot/source/MoodSystem.mc" id="47" lineNum="223" parent="globals/DrowsyState" pc="268438899" symbol="getExpression"/>
        <entry filename="/Users/erdalgunes/garmin-jailbot/source/MoodSystem.mc" id="47" lineNum="235" parent="globals/DrowsyState" pc="268438987" symbol="getExpression"/>
        <entry filename="/Users/erdalgunes/garmin-jailbot/source/MoodSystem.mc" id="48" lineNum="213" parent="globals/DrowsyState" pc="268439072" symbol="allowedVariants"/>
        <entry filename="/Users/erdalgunes/garmin-jailbot/source/MoodSystem.mc" id="48" lineNum="214" parent="globals/DrowsyState" pc="268439075" symbol="allowedVariants"/>
        <entry filename="/Users/erdalgunes/garmin-jailbot/source/MoodSystem.mc" id="48" lineNum="215" parent="globals/DrowsyState" pc="268439082" symbol="allowedVariants"/>
        <entry filename="/Users/erdalgunes/garmin-jailbot/source/MoodSystem.mc" id="48" lineNum="216" parent="globals/DrowsyState" pc="268439097" symbol="allowedVariants"/>
        <entry filename="/Users/erdalgunes/garmin-jailbot/source/MoodSystem.mc" id="48" lineNum="218" parent="globals/DrowsyState" pc="268439115" symbol="allowedVariants"/>
        <entry filename="/Users/erdalgunes/garmin-jailbot/source/MoodSystem.mc" id="49" lineNum="203" parent="globals/DrowsyState" pc="268439118" symbol="blinkProfile"/>
        <entry filename="/Users/erdalgunes/garmin-jailbot/source/MoodSystem.mc" id="49" lineNum="204" parent="globals/DrowsyState" pc="268439120" symbol="blinkProfile"/>
        <entry filename="/Users/erdalgunes/garmin-jailbot/source/MoodSystem.mc" id="50" lineNum="247" parent="globals/DrowsyState" pc="268439175" symbol="getEmoticon"/>
        <entry filename="/Users/erdalgunes/garmin-jailbot/source/MoodSystem.mc" id="50" lineNum="248" parent="globals/DrowsyState" pc="268439177" symbol="getEmoticon"/>
        <entry filename="/Users/erdalgunes/garmin-jailbot/source/MoodSystem.mc" id="51" lineNum="195" parent="globals/DrowsyState" pc="268439183" symbol="id"/>
        <entry filename="/Users/erdalgunes/garmin-jailbot/source/MoodSystem.mc" id="51" lineNum="195" parent="globals/DrowsyState" pc="268439185" symbol="id"/>
        <entry filename="/Users/erdalgunes/garmin-jailbot/source/MoodEngine.mc" id="53" lineNum="369" parent="globals/ExpressionRenderer" pc="268439191" symbol="renderLegacy"/>
        <entry filename="/Users/erdalgunes/garmin-jailbot/source/MoodEngine.mc" id="53" lineNum="370" parent="globals/ExpressionRenderer" pc="268439194" symbol="renderLegacy"/>
        <entry filename="/Users/erdalgunes/garmin-jailbot/source/MoodEngine.mc" id="53" lineNum="371" parent="globals/ExpressionRenderer" pc="268439210" symbol="renderLegacy"/>
        <entry filename="/Users/erdalgunes/garmin-jailbot/source/MoodEngine.mc" id="53" lineNum="372" parent="globals/ExpressionRenderer" pc="268439226" symbol="renderLegacy"/>
        <entry filename="/Users/erdalgunes/garmin-jailbot/source/MoodEngine.mc" id="53" lineNum="375" parent="globals/ExpressionRenderer" pc="268439242" symbol="renderLegacy"/>
        <entry filename="/Users/erdalgunes/garmin-jailbot/source/MoodEngine.mc" id="53" lineNum="376" parent="globals/ExpressionRenderer" pc="268439264" symbol="renderLegacy"/>
        <entry filename="/Users/erdalgunes/garmin-jailbot/source/MoodEngine.mc" id="53" lineNum="377" parent="globals/ExpressionRenderer" pc="268439286" symbol="renderLegacy"/>
        <entry filename="/Users/erdalgunes/garmin-jailbot/source/MoodEngine.mc" id="53" lineNum="380" parent="globals/ExpressionRenderer" pc="268439305" symbol="renderLegacy"/>
        <entry filename="/Users/erdalgunes/garmin-jailbot/source/MoodEngine.mc" id="53" lineNum="383" parent="globals/ExpressionRenderer" pc="268439318" symbol="renderLegacy"/>
        <entry filename="/Users/erdalgunes/garmin-jailbot/source/MoodEngine.mc" id="53" lineNum="384" parent="globals/ExpressionRenderer" pc="268439328" symbol="renderLegacy"/>
        <entry filename="/Users/erdalgunes/garmin-jailbot/source/MoodEngine.mc" id="53" lineNum="385" parent="globals/ExpressionRenderer" pc="268439338" symbol="renderLegacy"/>
        <entry filename="/Users/erdalgunes/garmin-jailbot/source/MoodEngine.mc" id="53" lineNum="388" parent="globals/ExpressionRenderer" pc="268439348" symbol="renderLegacy"/>
        <entry filename="/Users/erdalgunes/garmin-jailbot/source/MoodEngine.mc" id="53" lineNum="389" parent="globals/ExpressionRenderer" pc="268439356" symbol="renderLegacy"/>
        <entry filename="/Users/erdalgunes/garmin-jailbot/source/MoodEngine.mc" id="53" lineNum="390" parent="globals/ExpressionRenderer" pc="268439372" symbol="renderLegacy"/>
        <entry filename="/Users/erdalgunes/garmin-jailbot/source/MoodEngine.mc" id="53" lineNum="391" parent="globals/ExpressionRenderer" pc="268439398" symbol="renderLegacy"/>
        <entry filename="/Users/erdalgunes/garmin-jailbot/source/MoodEngine.mc" id="53" lineNum="395" parent="globals/ExpressionRenderer" pc="268439427" symbol="renderLegacy"/>
        <entry filename="/Users/erdalgunes/garmin-jailbot/source/MoodEngine.mc" id="53" lineNum="396" parent="globals/ExpressionRenderer" pc="268439452" symbol="renderLegacy"/>
        <entry filename="/Users/erdalgunes/garmin-jailbot/source/MoodEngine.mc" id="53" lineNum="397" parent="globals/ExpressionRenderer" pc="268439474" symbol="renderLegacy"/>
        <entry filename="/Users/erdalgunes/garmin-jailbot/source/MoodEngine.mc" id="53" lineNum="398" parent="globals/ExpressionRenderer" pc="268439484" symbol="renderLegacy"/>
        <entry filename="/Users/erdalgunes/garmin-jailbot/source/MoodEngine.mc" id="53" lineNum="400" parent="globals/ExpressionRenderer" pc="268439494" symbol="renderLegacy"/>
        <entry filename="/Users/erdalgunes/garmin-jailbot/source/MoodEngine.mc" id="53" lineNum="401" parent="globals/ExpressionRenderer" pc="268439510" symbol="renderLegacy"/>
        <entry filename="/Users/erdalgunes/garmin-jailbot/source/MoodEngine.mc" id="53" lineNum="404" parent="globals/ExpressionRenderer" pc="268439536" symbol="renderLegacy"/>
        <entry filename="/Users/erdalgunes/garmin-jailbot/source/MoodEngine.mc" id="53" lineNum="405" parent="globals/ExpressionRenderer" pc="268439559" symbol="renderLegacy"/>
        <entry filename="/Users/erdalgunes/garmin-jailbot/source/MoodEngine.mc" id="54" lineNum="427" parent="globals/ExpressionRenderer" pc="268439594" symbol="&lt;globals/ExpressionRenderer/&lt;&gt;drawAccentEffects&gt;"/>
        <entry filename="/Users/erdalgunes/garmin-jailbot/source/MoodEngine.mc" id="55" lineNum="409" parent="globals/ExpressionRenderer" pc="268439597" symbol="&lt;globals/ExpressionRenderer/&lt;&gt;applyBlinkOverlay&gt;"/>
        <entry filename="/Users/erdalgunes/garmin-jailbot/source/MoodEngine.mc" id="55" lineNum="411" parent="globals/ExpressionRenderer" pc="268439600" symbol="&lt;globals/ExpressionRenderer/&lt;&gt;applyBlinkOverlay&gt;"/>
        <entry filename="/Users/erdalgunes/garmin-jailbot/source/MoodEngine.mc" id="55" lineNum="412" parent="globals/ExpressionRenderer" pc="268439610" symbol="&lt;globals/ExpressionRenderer/&lt;&gt;applyBlinkOverlay&gt;"/>
        <entry filename="/Users/erdalgunes/garmin-jailbot/source/MoodEngine.mc" id="55" lineNum="413" parent="globals/ExpressionRenderer" pc="268439620" symbol="&lt;globals/ExpressionRenderer/&lt;&gt;applyBlinkOverlay&gt;"/>
        <entry filename="/Users/erdalgunes/garmin-jailbot/source/MoodEngine.mc" id="55" lineNum="414" parent="globals/ExpressionRenderer" pc="268439630" symbol="&lt;globals/ExpressionRenderer/&lt;&gt;applyBlinkOverlay&gt;"/>
        <entry filename="/Users/erdalgunes/garmin-jailbot/source/MoodEngine.mc" id="55" lineNum="415" parent="globals/ExpressionRenderer" pc="268439637" symbol="&lt;globals/ExpressionRenderer/&lt;&gt;applyBlinkOverlay&gt;"/>
        <entry filename="/Users/erdalgunes/garmin-jailbot/source/MoodEngine.mc" id="55" lineNum="418" parent="globals/ExpressionRenderer" pc="268439644" symbol="&lt;globals/ExpressionRenderer/&lt;&gt;applyBlinkOverlay&gt;"/>
        <entry filename="/Users/erdalgunes/garmin-jailbot/source/MoodEngine.mc" id="55" lineNum="420" parent="globals/ExpressionRenderer" pc="268439651" symbol="&lt;globals/ExpressionRenderer/&lt;&gt;applyBlinkOverlay&gt;"/>
        <entry filename="/Users/erdalgunes/garmin-jailbot/source/MoodEngine.mc" id="55" lineNum="421" parent="globals/ExpressionRenderer" pc="268439659" symbol="&lt;globals/ExpressionRenderer/&lt;&gt;applyBlinkOverlay&gt;"/>
        <entry filename="/Users/erdalgunes/garmin-jailbot/source/MoodEngine.mc" id="55" lineNum="422" parent="globals/ExpressionRenderer" pc="268439672" symbol="&lt;globals/ExpressionRenderer/&lt;&gt;applyBlinkOverlay&gt;"/>
        <entry filename="/Users/erdalgunes/garmin-jailbot/source/MoodEngine.mc" id="55" lineNum="423" parent="globals/ExpressionRenderer" pc="268439696" symbol="&lt;globals/ExpressionRenderer/&lt;&gt;applyBlinkOverlay&gt;"/>
        <entry filename="/Users/erdalgunes/garmin-jailbot/source/MoodEngine.mc" id="57" lineNum="355" parent="globals/ExpressionRenderer" pc="268439724" symbol="renderWithEmoticon"/>
        <entry filename="/Users/erdalgunes/garmin-jailbot/source/MoodEngine.mc" id="57" lineNum="356" parent="globals/ExpressionRenderer" pc="268439727" symbol="renderWithEmoticon"/>
        <entry filename="/Users/erdalgunes/garmin-jailbot/source/MoodEngine.mc" id="57" lineNum="357" parent="globals/ExpressionRenderer" pc="268439743" symbol="renderWithEmoticon"/>
        <entry filename="/Users/erdalgunes/garmin-jailbot/source/MoodEngine.mc" id="57" lineNum="360" parent="globals/ExpressionRenderer" pc="268439759" symbol="renderWithEmoticon"/>
        <entry filename="/Users/erdalgunes/garmin-jailbot/source/MoodEngine.mc" id="57" lineNum="361" parent="globals/ExpressionRenderer" pc="268439779" symbol="renderWithEmoticon"/>
        <entry filename="/Users/erdalgunes/garmin-jailbot/source/MoodEngine.mc" id="57" lineNum="364" parent="globals/ExpressionRenderer" pc="268439799" symbol="renderWithEmoticon"/>
        <entry filename="/Users/erdalgunes/garmin-jailbot/source/MoodEngine.mc" id="57" lineNum="365" parent="globals/ExpressionRenderer" pc="268439810" symbol="renderWithEmoticon"/>
        <entry filename="/Users/erdalgunes/garmin-jailbot/source/MoodEngine.mc" id="58" lineNum="341" parent="globals/ExpressionRenderer" pc="268439833" symbol="render"/>
        <entry filename="/Users/erdalgunes/garmin-jailbot/source/MoodEngine.mc" id="58" lineNum="342" parent="globals/ExpressionRenderer" pc="268439836" symbol="render"/>
        <entry filename="/Users/erdalgunes/garmin-jailbot/source/MoodEngine.mc" id="58" lineNum="343" parent="globals/ExpressionRenderer" pc="268439852" symbol="render"/>
        <entry filename="/Users/erdalgunes/garmin-jailbot/source/MoodEngine.mc" id="58" lineNum="344" parent="globals/ExpressionRenderer" pc="268439868" symbol="render"/>
        <entry filename="/Users/erdalgunes/garmin-jailbot/source/MoodEngine.mc" id="58" lineNum="347" parent="globals/ExpressionRenderer" pc="268439884" symbol="render"/>
        <entry filename="/Users/erdalgunes/garmin-jailbot/source/MoodEngine.mc" id="58" lineNum="348" parent="globals/ExpressionRenderer" pc="268439890" symbol="render"/>
        <entry filename="/Users/erdalgunes/garmin-jailbot/source/MoodEngine.mc" id="58" lineNum="351" parent="globals/ExpressionRenderer" pc="268439912" symbol="render"/>
        <entry filename="/Users/erdalgunes/garmin-jailbot/source/EmoticonSystem.mc" id="59" lineNum="41" parent="globals/ExpressionParams" pc="268439932" symbol="initialize"/>
        <entry filename="/Users/erdalgunes/garmin-jailbot/source/EmoticonSystem.mc" id="59" lineNum="43" parent="globals/ExpressionParams" pc="268439934" symbol="initialize"/>
        <entry filename="/Users/erdalgunes/garmin-jailbot/source/EmoticonSystem.mc" id="59" lineNum="44" parent="globals/ExpressionParams" pc="268439946" symbol="initialize"/>
        <entry filename="/Users/erdalgunes/garmin-jailbot/source/EmoticonSystem.mc" id="59" lineNum="45" parent="globals/ExpressionParams" pc="268439958" symbol="initialize"/>
        <entry filename="/Users/erdalgunes/garmin-jailbot/source/EmoticonSystem.mc" id="59" lineNum="46" parent="globals/ExpressionParams" pc="268439970" symbol="initialize"/>
        <entry filename="/Users/erdalgunes/garmin-jailbot/source/EmoticonSystem.mc" id="59" lineNum="47" parent="globals/ExpressionParams" pc="268439982" symbol="initialize"/>
        <entry filename="/Users/erdalgunes/garmin-jailbot/source/EmoticonSystem.mc" id="59" lineNum="48" parent="globals/ExpressionParams" pc="268439994" symbol="initialize"/>
        <entry filename="/Users/erdalgunes/garmin-jailbot/source/EmoticonSystem.mc" id="59" lineNum="49" parent="globals/ExpressionParams" pc="268440002" symbol="initialize"/>
        <entry filename="/Users/erdalgunes/garmin-jailbot/source/EmoticonSystem.mc" id="59" lineNum="51" parent="globals/ExpressionParams" pc="268440014" symbol="initialize"/>
        <entry filename="/Users/erdalgunes/garmin-jailbot/source/EmoticonSystem.mc" id="59" lineNum="52" parent="globals/ExpressionParams" pc="268440026" symbol="initialize"/>
        <entry filename="/Users/erdalgunes/garmin-jailbot/source/EmoticonSystem.mc" id="59" lineNum="53" parent="globals/ExpressionParams" pc="268440038" symbol="initialize"/>
        <entry filename="/Users/erdalgunes/garmin-jailbot/source/EmoticonSystem.mc" id="59" lineNum="54" parent="globals/ExpressionParams" pc="268440050" symbol="initialize"/>
        <entry filename="/Users/erdalgunes/garmin-jailbot/source/EmoticonSystem.mc" id="59" lineNum="55" parent="globals/ExpressionParams" pc="268440062" symbol="initialize"/>
        <entry filename="/Users/erdalgunes/garmin-jailbot/source/EmoticonSystem.mc" id="59" lineNum="56" parent="globals/ExpressionParams" pc="268440070" symbol="initialize"/>
        <entry filename="/Users/erdalgunes/garmin-jailbot/source/EmoticonSystem.mc" id="59" lineNum="58" parent="globals/ExpressionParams" pc="268440078" symbol="initialize"/>
        <entry filename="/Users/erdalgunes/garmin-jailbot/source/EmoticonSystem.mc" id="59" lineNum="59" parent="globals/ExpressionParams" pc="268440086" symbol="initialize"/>
        <entry filename="/Users/erdalgunes/garmin-jailbot/source/EmoticonSystem.mc" id="59" lineNum="60" parent="globals/ExpressionParams" pc="268440098" symbol="initialize"/>
        <entry filename="/Users/erdalgunes/garmin-jailbot/source/EmoticonSystem.mc" id="59" lineNum="61" parent="globals/ExpressionParams" pc="268440106" symbol="initialize"/>
        <entry filename="/Users/erdalgunes/garmin-jailbot/source/EmoticonSystem.mc" id="59" lineNum="62" parent="globals/ExpressionParams" pc="268440118" symbol="initialize"/>
        <entry filename="/Users/erdalgunes/garmin-jailbot/source/EmoticonSystem.mc" id="59" lineNum="63" parent="globals/ExpressionParams" pc="268440126" symbol="initialize"/>
        <entry filename="/Users/erdalgunes/garmin-jailbot/source/EmoticonSystem.mc" id="59" lineNum="65" parent="globals/ExpressionParams" pc="268440138" symbol="initialize"/>
        <entry filename="/Users/erdalgunes/garmin-jailbot/source/EmoticonSystem.mc" id="59" lineNum="66" parent="globals/ExpressionParams" pc="268440150" symbol="initialize"/>
        <entry filename="/Users/erdalgunes/garmin-jailbot/source/EmoticonSystem.mc" id="59" lineNum="67" parent="globals/ExpressionParams" pc="268440159" symbol="initialize"/>
        <entry filename="/Users/erdalgunes/garmin-jailbot/source/AODComponents.mc" id="60" lineNum="12" parent="globals/AOD/MinimalTimeDisplay" pc="268440172" symbol="&lt;init&gt;"/>
        <entry filename="/Users/erdalgunes/garmin-jailbot/source/MoodSystem.mc" id="61" lineNum="160" parent="globals/OverheatState" pc="268440654" symbol="score"/>
        <entry filename="/Users/erdalgunes/garmin-jailbot/source/MoodSystem.mc" id="61" lineNum="161" parent="globals/OverheatState" pc="268440656" symbol="score"/>
        <entry filename="/Users/erdalgunes/garmin-jailbot/source/MoodSystem.mc" id="61" lineNum="161" parent="globals/OverheatState" pc="268440665" symbol="score"/>
        <entry filename="/Users/erdalgunes/garmin-jailbot/source/MoodSystem.mc" id="61" lineNum="162" parent="globals/OverheatState" pc="268440674" symbol="score"/>
        <entry filename="/Users/erdalgunes/garmin-jailbot/source/MoodSystem.mc" id="61" lineNum="162" parent="globals/OverheatState" pc="268440689" symbol="score"/>
        <entry filename="/Users/erdalgunes/garmin-jailbot/source/MoodSystem.mc" id="61" lineNum="163" parent="globals/OverheatState" pc="268440698" symbol="score"/>
        <entry filename="/Users/erdalgunes/garmin-jailbot/source/MoodSystem.mc" id="62" lineNum="176" parent="globals/OverheatState" pc="268440700" symbol="getExpression"/>
        <entry filename="/Users/erdalgunes/garmin-jailbot/source/MoodSystem.mc" id="62" lineNum="177" parent="globals/OverheatState" pc="268440702" symbol="getExpression"/>
        <entry filename="/Users/erdalgunes/garmin-jailbot/source/MoodSystem.mc" id="63" lineNum="166" parent="globals/OverheatState" pc="268440791" symbol="blinkProfile"/>
        <entry filename="/Users/erdalgunes/garmin-jailbot/source/MoodSystem.mc" id="63" lineNum="167" parent="globals/OverheatState" pc="268440793" symbol="blinkProfile"/>
        <entry filename="/Users/erdalgunes/garmin-jailbot/source/MoodSystem.mc" id="64" lineNum="189" parent="globals/OverheatState" pc="268440851" symbol="getEmoticon"/>
        <entry filename="/Users/erdalgunes/garmin-jailbot/source/MoodSystem.mc" id="64" lineNum="190" parent="globals/OverheatState" pc="268440853" symbol="getEmoticon"/>
        <entry filename="/Users/erdalgunes/garmin-jailbot/source/MoodSystem.mc" id="65" lineNum="158" parent="globals/OverheatState" pc="268440859" symbol="id"/>
        <entry filename="/Users/erdalgunes/garmin-jailbot/source/MoodSystem.mc" id="65" lineNum="158" parent="globals/OverheatState" pc="268440861" symbol="id"/>
        <entry filename="/Users/erdalgunes/garmin-jailbot/source/JailbotAnalogFace.mc" id="67" lineNum="7" parent="globals/JailbotAnalog/JailbotAnalogFace" pc="268440867" symbol="&lt;init&gt;"/>
        <entry filename="/Users/erdalgunes/garmin-jailbot/source/BlinkController.mc" id="68" lineNum="103" parent="globals/BlinkController" pc="268440879" symbol="&lt;globals/BlinkController/&lt;&gt;scheduleNextBlink&gt;"/>
        <entry filename="/Users/erdalgunes/garmin-jailbot/source/BlinkController.mc" id="68" lineNum="104" parent="globals/BlinkController" pc="268440882" symbol="&lt;globals/BlinkController/&lt;&gt;scheduleNextBlink&gt;"/>
        <entry filename="/Users/erdalgunes/garmin-jailbot/source/BlinkController.mc" id="68" lineNum="105" parent="globals/BlinkController" pc="268440891" symbol="&lt;globals/BlinkController/&lt;&gt;scheduleNextBlink&gt;"/>
        <entry filename="/Users/erdalgunes/garmin-jailbot/source/BlinkController.mc" id="68" lineNum="106" parent="globals/BlinkController" pc="268440909" symbol="&lt;globals/BlinkController/&lt;&gt;scheduleNextBlink&gt;"/>
        <entry filename="/Users/erdalgunes/garmin-jailbot/source/BlinkController.mc" id="68" lineNum="110" parent="globals/BlinkController" pc="268440913" symbol="&lt;globals/BlinkController/&lt;&gt;scheduleNextBlink&gt;"/>
        <entry filename="/Users/erdalgunes/garmin-jailbot/source/BlinkController.mc" id="68" lineNum="112" parent="globals/BlinkController" pc="268440933" symbol="&lt;globals/BlinkController/&lt;&gt;scheduleNextBlink&gt;"/>
        <entry filename="/Users/erdalgunes/garmin-jailbot/source/BlinkController.mc" id="68" lineNum="114" parent="globals/BlinkController" pc="268440960" symbol="&lt;globals/BlinkController/&lt;&gt;scheduleNextBlink&gt;"/>
        <entry filename="/Users/erdalgunes/garmin-jailbot/source/BlinkController.mc" id="68" lineNum="115" parent="globals/BlinkController" pc="268440989" symbol="&lt;globals/BlinkController/&lt;&gt;scheduleNextBlink&gt;"/>
        <entry filename="/Users/erdalgunes/garmin-jailbot/source/BlinkController.mc" id="69" lineNum="37" parent="globals/BlinkController" pc="268441020" symbol="start"/>
        <entry filename="/Users/erdalgunes/garmin-jailbot/source/BlinkController.mc" id="69" lineNum="38" parent="globals/BlinkController" pc="268441022" symbol="start"/>
        <entry filename="/Users/erdalgunes/garmin-jailbot/source/BlinkController.mc" id="69" lineNum="39" parent="globals/BlinkController" pc="268441030" symbol="start"/>
        <entry filename="/Users/erdalgunes/garmin-jailbot/source/BlinkController.mc" id="69" lineNum="40" parent="globals/BlinkController" pc="268441048" symbol="start"/>
        <entry filename="/Users/erdalgunes/garmin-jailbot/source/BlinkController.mc" id="69" lineNum="43" parent="globals/BlinkController" pc="268441052" symbol="start"/>
        <entry filename="/Users/erdalgunes/garmin-jailbot/source/BlinkController.mc" id="69" lineNum="44" parent="globals/BlinkController" pc="268441060" symbol="start"/>
        <entry filename="/Users/erdalgunes/garmin-jailbot/source/BlinkController.mc" id="69" lineNum="45" parent="globals/BlinkController" pc="268441072" symbol="start"/>
        <entry filename="/Users/erdalgunes/garmin-jailbot/source/BlinkController.mc" id="69" lineNum="47" parent="globals/BlinkController" pc="268441090" symbol="start"/>
        <entry filename="/Users/erdalgunes/garmin-jailbot/source/BlinkController.mc" id="70" lineNum="75" parent="globals/BlinkController" pc="268441098" symbol="getBlinkState"/>
        <entry filename="/Users/erdalgunes/garmin-jailbot/source/BlinkController.mc" id="70" lineNum="76" parent="globals/BlinkController" pc="268441100" symbol="getBlinkState"/>
        <entry filename="/Users/erdalgunes/garmin-jailbot/source/BlinkController.mc" id="71" lineNum="51" parent="globals/BlinkController" pc="268441106" symbol="stop"/>
        <entry filename="/Users/erdalgunes/garmin-jailbot/source/BlinkController.mc" id="71" lineNum="52" parent="globals/BlinkController" pc="268441108" symbol="stop"/>
        <entry filename="/Users/erdalgunes/garmin-jailbot/source/BlinkController.mc" id="71" lineNum="53" parent="globals/BlinkController" pc="268441117" symbol="stop"/>
        <entry filename="/Users/erdalgunes/garmin-jailbot/source/BlinkController.mc" id="71" lineNum="54" parent="globals/BlinkController" pc="268441135" symbol="stop"/>
        <entry filename="/Users/erdalgunes/garmin-jailbot/source/BlinkController.mc" id="71" lineNum="57" parent="globals/BlinkController" pc="268441139" symbol="stop"/>
        <entry filename="/Users/erdalgunes/garmin-jailbot/source/BlinkController.mc" id="71" lineNum="58" parent="globals/BlinkController" pc="268441157" symbol="stop"/>
        <entry filename="/Users/erdalgunes/garmin-jailbot/source/BlinkController.mc" id="71" lineNum="59" parent="globals/BlinkController" pc="268441165" symbol="stop"/>
        <entry filename="/Users/erdalgunes/garmin-jailbot/source/BlinkController.mc" id="71" lineNum="62" parent="globals/BlinkController" pc="268441177" symbol="stop"/>
        <entry filename="/Users/erdalgunes/garmin-jailbot/source/BlinkController.mc" id="71" lineNum="63" parent="globals/BlinkController" pc="268441186" symbol="stop"/>
        <entry filename="/Users/erdalgunes/garmin-jailbot/source/BlinkController.mc" id="71" lineNum="64" parent="globals/BlinkController" pc="268441198" symbol="stop"/>
        <entry filename="/Users/erdalgunes/garmin-jailbot/source/BlinkController.mc" id="71" lineNum="66" parent="globals/BlinkController" pc="268441209" symbol="stop"/>
        <entry filename="/Users/erdalgunes/garmin-jailbot/source/BlinkController.mc" id="71" lineNum="67" parent="globals/BlinkController" pc="268441218" symbol="stop"/>
        <entry filename="/Users/erdalgunes/garmin-jailbot/source/BlinkController.mc" id="71" lineNum="68" parent="globals/BlinkController" pc="268441230" symbol="stop"/>
        <entry filename="/Users/erdalgunes/garmin-jailbot/source/BlinkController.mc" id="71" lineNum="71" parent="globals/BlinkController" pc="268441241" symbol="stop"/>
        <entry filename="/Users/erdalgunes/garmin-jailbot/source/BlinkController.mc" id="72" lineNum="25" parent="globals/BlinkController" pc="268441260" symbol="initialize"/>
        <entry filename="/Users/erdalgunes/garmin-jailbot/source/BlinkController.mc" id="72" lineNum="26" parent="globals/BlinkController" pc="268441262" symbol="initialize"/>
        <entry filename="/Users/erdalgunes/garmin-jailbot/source/BlinkController.mc" id="72" lineNum="27" parent="globals/BlinkController" pc="268441274" symbol="initialize"/>
        <entry filename="/Users/erdalgunes/garmin-jailbot/source/BlinkController.mc" id="72" lineNum="28" parent="globals/BlinkController" pc="268441282" symbol="initialize"/>
        <entry filename="/Users/erdalgunes/garmin-jailbot/source/BlinkController.mc" id="72" lineNum="29" parent="globals/BlinkController" pc="268441290" symbol="initialize"/>
        <entry filename="/Users/erdalgunes/garmin-jailbot/source/BlinkController.mc" id="72" lineNum="30" parent="globals/BlinkController" pc="268441298" symbol="initialize"/>
        <entry filename="/Users/erdalgunes/garmin-jailbot/source/BlinkController.mc" id="72" lineNum="31" parent="globals/BlinkController" pc="268441306" symbol="initialize"/>
        <entry filename="/Users/erdalgunes/garmin-jailbot/source/BlinkController.mc" id="72" lineNum="33" parent="globals/BlinkController" pc="268441314" symbol="initialize"/>
        <entry filename="/Users/erdalgunes/garmin-jailbot/source/BlinkController.mc" id="73" lineNum="92" parent="globals/BlinkController" pc="268441339" symbol="onLowPowerChange"/>
        <entry filename="/Users/erdalgunes/garmin-jailbot/source/BlinkController.mc" id="73" lineNum="93" parent="globals/BlinkController" pc="268441341" symbol="onLowPowerChange"/>
        <entry filename="/Users/erdalgunes/garmin-jailbot/source/BlinkController.mc" id="73" lineNum="95" parent="globals/BlinkController" pc="268441362" symbol="onLowPowerChange"/>
        <entry filename="/Users/erdalgunes/garmin-jailbot/source/BlinkController.mc" id="73" lineNum="96" parent="globals/BlinkController" pc="268441367" symbol="onLowPowerChange"/>
        <entry filename="/Users/erdalgunes/garmin-jailbot/source/BlinkController.mc" id="73" lineNum="97" parent="globals/BlinkController" pc="268441377" symbol="onLowPowerChange"/>
        <entry filename="/Users/erdalgunes/garmin-jailbot/source/BlinkController.mc" id="73" lineNum="98" parent="globals/BlinkController" pc="268441386" symbol="onLowPowerChange"/>
        <entry filename="/Users/erdalgunes/garmin-jailbot/source/BlinkController.mc" id="74" lineNum="80" parent="globals/BlinkController" pc="268441397" symbol="getDebugInfo"/>
        <entry filename="/Users/erdalgunes/garmin-jailbot/source/BlinkController.mc" id="74" lineNum="81" parent="globals/BlinkController" pc="268441399" symbol="getDebugInfo"/>
        <entry filename="/Users/erdalgunes/garmin-jailbot/source/BlinkController.mc" id="75" lineNum="141" parent="globals/BlinkController" pc="268441473" symbol="endBlink"/>
        <entry filename="/Users/erdalgunes/garmin-jailbot/source/BlinkController.mc" id="75" lineNum="142" parent="globals/BlinkController" pc="268441476" symbol="endBlink"/>
        <entry filename="/Users/erdalgunes/garmin-jailbot/source/BlinkController.mc" id="75" lineNum="143" parent="globals/BlinkController" pc="268441485" symbol="endBlink"/>
        <entry filename="/Users/erdalgunes/garmin-jailbot/source/BlinkController.mc" id="75" lineNum="144" parent="globals/BlinkController" pc="268441503" symbol="endBlink"/>
        <entry filename="/Users/erdalgunes/garmin-jailbot/source/BlinkController.mc" id="75" lineNum="147" parent="globals/BlinkController" pc="268441507" symbol="endBlink"/>
        <entry filename="/Users/erdalgunes/garmin-jailbot/source/BlinkController.mc" id="75" lineNum="148" parent="globals/BlinkController" pc="268441515" symbol="endBlink"/>
        <entry filename="/Users/erdalgunes/garmin-jailbot/source/BlinkController.mc" id="75" lineNum="150" parent="globals/BlinkController" pc="268441527" symbol="endBlink"/>
        <entry filename="/Users/erdalgunes/garmin-jailbot/source/BlinkController.mc" id="75" lineNum="153" parent="globals/BlinkController" pc="268441551" symbol="endBlink"/>
        <entry filename="/Users/erdalgunes/garmin-jailbot/source/BlinkController.mc" id="75" lineNum="156" parent="globals/BlinkController" pc="268441562" symbol="endBlink"/>
        <entry filename="/Users/erdalgunes/garmin-jailbot/source/BlinkController.mc" id="75" lineNum="157" parent="globals/BlinkController" pc="268441578" symbol="endBlink"/>
        <entry filename="/Users/erdalgunes/garmin-jailbot/source/BlinkController.mc" id="75" lineNum="159" parent="globals/BlinkController" pc="268441585" symbol="endBlink"/>
        <entry filename="/Users/erdalgunes/garmin-jailbot/source/BlinkController.mc" id="75" lineNum="160" parent="globals/BlinkController" pc="268441593" symbol="endBlink"/>
        <entry filename="/Users/erdalgunes/garmin-jailbot/source/BlinkController.mc" id="75" lineNum="163" parent="globals/BlinkController" pc="268441629" symbol="endBlink"/>
        <entry filename="/Users/erdalgunes/garmin-jailbot/source/BlinkController.mc" id="75" lineNum="164" parent="globals/BlinkController" pc="268441658" symbol="endBlink"/>
        <entry filename="/Users/erdalgunes/garmin-jailbot/source/BlinkController.mc" id="75" lineNum="166" parent="globals/BlinkController" pc="268441692" symbol="endBlink"/>
        <entry filename="/Users/erdalgunes/garmin-jailbot/source/BlinkController.mc" id="75" lineNum="167" parent="globals/BlinkController" pc="268441710" symbol="endBlink"/>
        <entry filename="/Users/erdalgunes/garmin-jailbot/source/BlinkController.mc" id="76" lineNum="119" parent="globals/BlinkController" pc="268441718" symbol="beginBlink"/>
        <entry filename="/Users/erdalgunes/garmin-jailbot/source/BlinkController.mc" id="76" lineNum="120" parent="globals/BlinkController" pc="268441720" symbol="beginBlink"/>
        <entry filename="/Users/erdalgunes/garmin-jailbot/source/BlinkController.mc" id="76" lineNum="121" parent="globals/BlinkController" pc="268441729" symbol="beginBlink"/>
        <entry filename="/Users/erdalgunes/garmin-jailbot/source/BlinkController.mc" id="76" lineNum="122" parent="globals/BlinkController" pc="268441747" symbol="beginBlink"/>
        <entry filename="/Users/erdalgunes/garmin-jailbot/source/BlinkController.mc" id="76" lineNum="125" parent="globals/BlinkController" pc="268441751" symbol="beginBlink"/>
        <entry filename="/Users/erdalgunes/garmin-jailbot/source/BlinkController.mc" id="76" lineNum="126" parent="globals/BlinkController" pc="268441759" symbol="beginBlink"/>
        <entry filename="/Users/erdalgunes/garmin-jailbot/source/BlinkController.mc" id="76" lineNum="127" parent="globals/BlinkController" pc="268441771" symbol="beginBlink"/>
        <entry filename="/Users/erdalgunes/garmin-jailbot/source/BlinkController.mc" id="76" lineNum="128" parent="globals/BlinkController" pc="268441786" symbol="beginBlink"/>
        <entry filename="/Users/erdalgunes/garmin-jailbot/source/BlinkController.mc" id="76" lineNum="130" parent="globals/BlinkController" pc="268441803" symbol="beginBlink"/>
        <entry filename="/Users/erdalgunes/garmin-jailbot/source/BlinkController.mc" id="76" lineNum="133" parent="globals/BlinkController" pc="268441833" symbol="beginBlink"/>
        <entry filename="/Users/erdalgunes/garmin-jailbot/source/BlinkController.mc" id="76" lineNum="136" parent="globals/BlinkController" pc="268441844" symbol="beginBlink"/>
        <entry filename="/Users/erdalgunes/garmin-jailbot/source/BlinkController.mc" id="76" lineNum="137" parent="globals/BlinkController" pc="268441873" symbol="beginBlink"/>
        <entry filename="/Users/erdalgunes/garmin-jailbot/source/EmoticonSystem.mc" id="77" lineNum="356" parent="globals/EmoticonRenderer" pc="268441905" symbol="&lt;globals/EmoticonRenderer/&lt;&gt;drawHeartEyes&gt;"/>
        <entry filename="/Users/erdalgunes/garmin-jailbot/source/EmoticonSystem.mc" id="77" lineNum="358" parent="globals/EmoticonRenderer" pc="268441908" symbol="&lt;globals/EmoticonRenderer/&lt;&gt;drawHeartEyes&gt;"/>
        <entry filename="/Users/erdalgunes/garmin-jailbot/source/EmoticonSystem.mc" id="77" lineNum="359" parent="globals/EmoticonRenderer" pc="268441918" symbol="&lt;globals/EmoticonRenderer/&lt;&gt;drawHeartEyes&gt;"/>
        <entry filename="/Users/erdalgunes/garmin-jailbot/source/EmoticonSystem.mc" id="77" lineNum="361" parent="globals/EmoticonRenderer" pc="268441928" symbol="&lt;globals/EmoticonRenderer/&lt;&gt;drawHeartEyes&gt;"/>
        <entry filename="/Users/erdalgunes/garmin-jailbot/source/EmoticonSystem.mc" id="77" lineNum="362" parent="globals/EmoticonRenderer" pc="268441957" symbol="&lt;globals/EmoticonRenderer/&lt;&gt;drawHeartEyes&gt;"/>
        <entry filename="/Users/erdalgunes/garmin-jailbot/source/EmoticonSystem.mc" id="78" lineNum="334" parent="globals/EmoticonRenderer" pc="268441987" symbol="&lt;globals/EmoticonRenderer/&lt;&gt;drawXEyes&gt;"/>
        <entry filename="/Users/erdalgunes/garmin-jailbot/source/EmoticonSystem.mc" id="78" lineNum="335" parent="globals/EmoticonRenderer" pc="268441990" symbol="&lt;globals/EmoticonRenderer/&lt;&gt;drawXEyes&gt;"/>
        <entry filename="/Users/erdalgunes/garmin-jailbot/source/EmoticonSystem.mc" id="78" lineNum="336" parent="globals/EmoticonRenderer" pc="268442000" symbol="&lt;globals/EmoticonRenderer/&lt;&gt;drawXEyes&gt;"/>
        <entry filename="/Users/erdalgunes/garmin-jailbot/source/EmoticonSystem.mc" id="78" lineNum="337" parent="globals/EmoticonRenderer" pc="268442010" symbol="&lt;globals/EmoticonRenderer/&lt;&gt;drawXEyes&gt;"/>
        <entry filename="/Users/erdalgunes/garmin-jailbot/source/EmoticonSystem.mc" id="78" lineNum="340" parent="globals/EmoticonRenderer" pc="268442020" symbol="&lt;globals/EmoticonRenderer/&lt;&gt;drawXEyes&gt;"/>
        <entry filename="/Users/erdalgunes/garmin-jailbot/source/EmoticonSystem.mc" id="78" lineNum="341" parent="globals/EmoticonRenderer" pc="268442058" symbol="&lt;globals/EmoticonRenderer/&lt;&gt;drawXEyes&gt;"/>
        <entry filename="/Users/erdalgunes/garmin-jailbot/source/EmoticonSystem.mc" id="78" lineNum="344" parent="globals/EmoticonRenderer" pc="268442102" symbol="&lt;globals/EmoticonRenderer/&lt;&gt;drawXEyes&gt;"/>
        <entry filename="/Users/erdalgunes/garmin-jailbot/source/EmoticonSystem.mc" id="78" lineNum="345" parent="globals/EmoticonRenderer" pc="268442140" symbol="&lt;globals/EmoticonRenderer/&lt;&gt;drawXEyes&gt;"/>
        <entry filename="/Users/erdalgunes/garmin-jailbot/source/EmoticonSystem.mc" id="79" lineNum="267" parent="globals/EmoticonRenderer" pc="268442185" symbol="renderEmoticon"/>
        <entry filename="/Users/erdalgunes/garmin-jailbot/source/EmoticonSystem.mc" id="79" lineNum="268" parent="globals/EmoticonRenderer" pc="268442188" symbol="renderEmoticon"/>
        <entry filename="/Users/erdalgunes/garmin-jailbot/source/EmoticonSystem.mc" id="79" lineNum="269" parent="globals/EmoticonRenderer" pc="268442205" symbol="renderEmoticon"/>
        <entry filename="/Users/erdalgunes/garmin-jailbot/source/EmoticonSystem.mc" id="80" lineNum="348" parent="globals/EmoticonRenderer" pc="268442225" symbol="&lt;globals/EmoticonRenderer/&lt;&gt;drawArcEyes&gt;"/>
        <entry filename="/Users/erdalgunes/garmin-jailbot/source/EmoticonSystem.mc" id="80" lineNum="349" parent="globals/EmoticonRenderer" pc="268442228" symbol="&lt;globals/EmoticonRenderer/&lt;&gt;drawArcEyes&gt;"/>
        <entry filename="/Users/erdalgunes/garmin-jailbot/source/EmoticonSystem.mc" id="80" lineNum="350" parent="globals/EmoticonRenderer" pc="268442238" symbol="&lt;globals/EmoticonRenderer/&lt;&gt;drawArcEyes&gt;"/>
        <entry filename="/Users/erdalgunes/garmin-jailbot/source/EmoticonSystem.mc" id="80" lineNum="352" parent="globals/EmoticonRenderer" pc="268442258" symbol="&lt;globals/EmoticonRenderer/&lt;&gt;drawArcEyes&gt;"/>
        <entry filename="/Users/erdalgunes/garmin-jailbot/source/EmoticonSystem.mc" id="80" lineNum="353" parent="globals/EmoticonRenderer" pc="268442287" symbol="&lt;globals/EmoticonRenderer/&lt;&gt;drawArcEyes&gt;"/>
        <entry filename="/Users/erdalgunes/garmin-jailbot/source/EmoticonSystem.mc" id="81" lineNum="296" parent="globals/EmoticonRenderer" pc="268442317" symbol="&lt;globals/EmoticonRenderer/&lt;&gt;drawEyes&gt;"/>
        <entry filename="/Users/erdalgunes/garmin-jailbot/source/EmoticonSystem.mc" id="81" lineNum="297" parent="globals/EmoticonRenderer" pc="268442320" symbol="&lt;globals/EmoticonRenderer/&lt;&gt;drawEyes&gt;"/>
        <entry filename="/Users/erdalgunes/garmin-jailbot/source/EmoticonSystem.mc" id="81" lineNum="298" parent="globals/EmoticonRenderer" pc="268442331" symbol="&lt;globals/EmoticonRenderer/&lt;&gt;drawEyes&gt;"/>
        <entry filename="/Users/erdalgunes/garmin-jailbot/source/EmoticonSystem.mc" id="81" lineNum="299" parent="globals/EmoticonRenderer" pc="268442349" symbol="&lt;globals/EmoticonRenderer/&lt;&gt;drawEyes&gt;"/>
        <entry filename="/Users/erdalgunes/garmin-jailbot/source/EmoticonSystem.mc" id="81" lineNum="301" parent="globals/EmoticonRenderer" pc="268442360" symbol="&lt;globals/EmoticonRenderer/&lt;&gt;drawEyes&gt;"/>
        <entry filename="/Users/erdalgunes/garmin-jailbot/source/EmoticonSystem.mc" id="81" lineNum="303" parent="globals/EmoticonRenderer" pc="268442376" symbol="&lt;globals/EmoticonRenderer/&lt;&gt;drawEyes&gt;"/>
        <entry filename="/Users/erdalgunes/garmin-jailbot/source/EmoticonSystem.mc" id="81" lineNum="305" parent="globals/EmoticonRenderer" pc="268442420" symbol="&lt;globals/EmoticonRenderer/&lt;&gt;drawEyes&gt;"/>
        <entry filename="/Users/erdalgunes/garmin-jailbot/source/EmoticonSystem.mc" id="81" lineNum="306" parent="globals/EmoticonRenderer" pc="268442446" symbol="&lt;globals/EmoticonRenderer/&lt;&gt;drawEyes&gt;"/>
        <entry filename="/Users/erdalgunes/garmin-jailbot/source/EmoticonSystem.mc" id="81" lineNum="308" parent="globals/EmoticonRenderer" pc="268442475" symbol="&lt;globals/EmoticonRenderer/&lt;&gt;drawEyes&gt;"/>
        <entry filename="/Users/erdalgunes/garmin-jailbot/source/EmoticonSystem.mc" id="81" lineNum="310" parent="globals/EmoticonRenderer" pc="268442497" symbol="&lt;globals/EmoticonRenderer/&lt;&gt;drawEyes&gt;"/>
        <entry filename="/Users/erdalgunes/garmin-jailbot/source/EmoticonSystem.mc" id="81" lineNum="311" parent="globals/EmoticonRenderer" pc="268442507" symbol="&lt;globals/EmoticonRenderer/&lt;&gt;drawEyes&gt;"/>
        <entry filename="/Users/erdalgunes/garmin-jailbot/source/EmoticonSystem.mc" id="81" lineNum="312" parent="globals/EmoticonRenderer" pc="268442542" symbol="&lt;globals/EmoticonRenderer/&lt;&gt;drawEyes&gt;"/>
        <entry filename="/Users/erdalgunes/garmin-jailbot/source/EmoticonSystem.mc" id="81" lineNum="314" parent="globals/EmoticonRenderer" pc="268442571" symbol="&lt;globals/EmoticonRenderer/&lt;&gt;drawEyes&gt;"/>
        <entry filename="/Users/erdalgunes/garmin-jailbot/source/EmoticonSystem.mc" id="81" lineNum="316" parent="globals/EmoticonRenderer" pc="268442593" symbol="&lt;globals/EmoticonRenderer/&lt;&gt;drawEyes&gt;"/>
        <entry filename="/Users/erdalgunes/garmin-jailbot/source/EmoticonSystem.mc" id="81" lineNum="317" parent="globals/EmoticonRenderer" pc="268442603" symbol="&lt;globals/EmoticonRenderer/&lt;&gt;drawEyes&gt;"/>
        <entry filename="/Users/erdalgunes/garmin-jailbot/source/EmoticonSystem.mc" id="81" lineNum="318" parent="globals/EmoticonRenderer" pc="268442641" symbol="&lt;globals/EmoticonRenderer/&lt;&gt;drawEyes&gt;"/>
        <entry filename="/Users/erdalgunes/garmin-jailbot/source/EmoticonSystem.mc" id="81" lineNum="320" parent="globals/EmoticonRenderer" pc="268442682" symbol="&lt;globals/EmoticonRenderer/&lt;&gt;drawEyes&gt;"/>
        <entry filename="/Users/erdalgunes/garmin-jailbot/source/EmoticonSystem.mc" id="81" lineNum="322" parent="globals/EmoticonRenderer" pc="268442704" symbol="&lt;globals/EmoticonRenderer/&lt;&gt;drawEyes&gt;"/>
        <entry filename="/Users/erdalgunes/garmin-jailbot/source/EmoticonSystem.mc" id="81" lineNum="324" parent="globals/EmoticonRenderer" pc="268442728" symbol="&lt;globals/EmoticonRenderer/&lt;&gt;drawEyes&gt;"/>
        <entry filename="/Users/erdalgunes/garmin-jailbot/source/EmoticonSystem.mc" id="81" lineNum="326" parent="globals/EmoticonRenderer" pc="268442750" symbol="&lt;globals/EmoticonRenderer/&lt;&gt;drawEyes&gt;"/>
        <entry filename="/Users/erdalgunes/garmin-jailbot/source/EmoticonSystem.mc" id="81" lineNum="328" parent="globals/EmoticonRenderer" pc="268442775" symbol="&lt;globals/EmoticonRenderer/&lt;&gt;drawEyes&gt;"/>
        <entry filename="/Users/erdalgunes/garmin-jailbot/source/EmoticonSystem.mc" id="81" lineNum="330" parent="globals/EmoticonRenderer" pc="268442797" symbol="&lt;globals/EmoticonRenderer/&lt;&gt;drawEyes&gt;"/>
        <entry filename="/Users/erdalgunes/garmin-jailbot/source/EmoticonSystem.mc" id="82" lineNum="263" parent="globals/EmoticonRenderer" pc="268442822" symbol="initialize"/>
        <entry filename="/Users/erdalgunes/garmin-jailbot/source/EmoticonSystem.mc" id="82" lineNum="264" parent="globals/EmoticonRenderer" pc="268442824" symbol="initialize"/>
        <entry filename="/Users/erdalgunes/garmin-jailbot/source/EmoticonSystem.mc" id="83" lineNum="272" parent="globals/EmoticonRenderer" pc="268442850" symbol="drawExpression"/>
        <entry filename="/Users/erdalgunes/garmin-jailbot/source/EmoticonSystem.mc" id="83" lineNum="274" parent="globals/EmoticonRenderer" pc="268442853" symbol="drawExpression"/>
        <entry filename="/Users/erdalgunes/garmin-jailbot/source/EmoticonSystem.mc" id="83" lineNum="275" parent="globals/EmoticonRenderer" pc="268442860" symbol="drawExpression"/>
        <entry filename="/Users/erdalgunes/garmin-jailbot/source/EmoticonSystem.mc" id="83" lineNum="276" parent="globals/EmoticonRenderer" pc="268442867" symbol="drawExpression"/>
        <entry filename="/Users/erdalgunes/garmin-jailbot/source/EmoticonSystem.mc" id="83" lineNum="277" parent="globals/EmoticonRenderer" pc="268442877" symbol="drawExpression"/>
        <entry filename="/Users/erdalgunes/garmin-jailbot/source/EmoticonSystem.mc" id="83" lineNum="280" parent="globals/EmoticonRenderer" pc="268442884" symbol="drawExpression"/>
        <entry filename="/Users/erdalgunes/garmin-jailbot/source/EmoticonSystem.mc" id="83" lineNum="281" parent="globals/EmoticonRenderer" pc="268442894" symbol="drawExpression"/>
        <entry filename="/Users/erdalgunes/garmin-jailbot/source/EmoticonSystem.mc" id="83" lineNum="282" parent="globals/EmoticonRenderer" pc="268442914" symbol="drawExpression"/>
        <entry filename="/Users/erdalgunes/garmin-jailbot/source/EmoticonSystem.mc" id="83" lineNum="283" parent="globals/EmoticonRenderer" pc="268442921" symbol="drawExpression"/>
        <entry filename="/Users/erdalgunes/garmin-jailbot/source/EmoticonSystem.mc" id="83" lineNum="286" parent="globals/EmoticonRenderer" pc="268442928" symbol="drawExpression"/>
        <entry filename="/Users/erdalgunes/garmin-jailbot/source/EmoticonSystem.mc" id="83" lineNum="289" parent="globals/EmoticonRenderer" pc="268442951" symbol="drawExpression"/>
        <entry filename="/Users/erdalgunes/garmin-jailbot/source/EmoticonSystem.mc" id="83" lineNum="290" parent="globals/EmoticonRenderer" pc="268442961" symbol="drawExpression"/>
        <entry filename="/Users/erdalgunes/garmin-jailbot/source/EmoticonSystem.mc" id="83" lineNum="293" parent="globals/EmoticonRenderer" pc="268442982" symbol="drawExpression"/>
        <entry filename="/Users/erdalgunes/garmin-jailbot/source/EmoticonSystem.mc" id="84" lineNum="365" parent="globals/EmoticonRenderer" pc="268443002" symbol="&lt;globals/EmoticonRenderer/&lt;&gt;drawMouth&gt;"/>
        <entry filename="/Users/erdalgunes/garmin-jailbot/source/EmoticonSystem.mc" id="84" lineNum="366" parent="globals/EmoticonRenderer" pc="268443005" symbol="&lt;globals/EmoticonRenderer/&lt;&gt;drawMouth&gt;"/>
        <entry filename="/Users/erdalgunes/garmin-jailbot/source/EmoticonSystem.mc" id="84" lineNum="367" parent="globals/EmoticonRenderer" pc="268443016" symbol="&lt;globals/EmoticonRenderer/&lt;&gt;drawMouth&gt;"/>
        <entry filename="/Users/erdalgunes/garmin-jailbot/source/EmoticonSystem.mc" id="84" lineNum="368" parent="globals/EmoticonRenderer" pc="268443027" symbol="&lt;globals/EmoticonRenderer/&lt;&gt;drawMouth&gt;"/>
        <entry filename="/Users/erdalgunes/garmin-jailbot/source/EmoticonSystem.mc" id="84" lineNum="370" parent="globals/EmoticonRenderer" pc="268443038" symbol="&lt;globals/EmoticonRenderer/&lt;&gt;drawMouth&gt;"/>
        <entry filename="/Users/erdalgunes/garmin-jailbot/source/EmoticonSystem.mc" id="84" lineNum="372" parent="globals/EmoticonRenderer" pc="268443054" symbol="&lt;globals/EmoticonRenderer/&lt;&gt;drawMouth&gt;"/>
        <entry filename="/Users/erdalgunes/garmin-jailbot/source/EmoticonSystem.mc" id="84" lineNum="374" parent="globals/EmoticonRenderer" pc="268443076" symbol="&lt;globals/EmoticonRenderer/&lt;&gt;drawMouth&gt;"/>
        <entry filename="/Users/erdalgunes/garmin-jailbot/source/EmoticonSystem.mc" id="84" lineNum="376" parent="globals/EmoticonRenderer" pc="268443105" symbol="&lt;globals/EmoticonRenderer/&lt;&gt;drawMouth&gt;"/>
        <entry filename="/Users/erdalgunes/garmin-jailbot/source/EmoticonSystem.mc" id="84" lineNum="378" parent="globals/EmoticonRenderer" pc="268443127" symbol="&lt;globals/EmoticonRenderer/&lt;&gt;drawMouth&gt;"/>
        <entry filename="/Users/erdalgunes/garmin-jailbot/source/EmoticonSystem.mc" id="84" lineNum="380" parent="globals/EmoticonRenderer" pc="268443138" symbol="&lt;globals/EmoticonRenderer/&lt;&gt;drawMouth&gt;"/>
        <entry filename="/Users/erdalgunes/garmin-jailbot/source/EmoticonSystem.mc" id="84" lineNum="381" parent="globals/EmoticonRenderer" pc="268443148" symbol="&lt;globals/EmoticonRenderer/&lt;&gt;drawMouth&gt;"/>
        <entry filename="/Users/erdalgunes/garmin-jailbot/source/EmoticonSystem.mc" id="84" lineNum="382" parent="globals/EmoticonRenderer" pc="268443174" symbol="&lt;globals/EmoticonRenderer/&lt;&gt;drawMouth&gt;"/>
        <entry filename="/Users/erdalgunes/garmin-jailbot/source/EmoticonSystem.mc" id="84" lineNum="384" parent="globals/EmoticonRenderer" pc="268443185" symbol="&lt;globals/EmoticonRenderer/&lt;&gt;drawMouth&gt;"/>
        <entry filename="/Users/erdalgunes/garmin-jailbot/source/EmoticonSystem.mc" id="84" lineNum="385" parent="globals/EmoticonRenderer" pc="268443195" symbol="&lt;globals/EmoticonRenderer/&lt;&gt;drawMouth&gt;"/>
        <entry filename="/Users/erdalgunes/garmin-jailbot/source/EmoticonSystem.mc" id="84" lineNum="387" parent="globals/EmoticonRenderer" pc="268443221" symbol="&lt;globals/EmoticonRenderer/&lt;&gt;drawMouth&gt;"/>
        <entry filename="/Users/erdalgunes/garmin-jailbot/source/EmoticonSystem.mc" id="84" lineNum="389" parent="globals/EmoticonRenderer" pc="268443250" symbol="&lt;globals/EmoticonRenderer/&lt;&gt;drawMouth&gt;"/>
        <entry filename="/Users/erdalgunes/garmin-jailbot/source/EmoticonSystem.mc" id="84" lineNum="391" parent="globals/EmoticonRenderer" pc="268443272" symbol="&lt;globals/EmoticonRenderer/&lt;&gt;drawMouth&gt;"/>
        <entry filename="/Users/erdalgunes/garmin-jailbot/source/EmoticonSystem.mc" id="84" lineNum="392" parent="globals/EmoticonRenderer" pc="268443289" symbol="&lt;globals/EmoticonRenderer/&lt;&gt;drawMouth&gt;"/>
        <entry filename="/Users/erdalgunes/garmin-jailbot/source/EmoticonSystem.mc" id="84" lineNum="394" parent="globals/EmoticonRenderer" pc="268443318" symbol="&lt;globals/EmoticonRenderer/&lt;&gt;drawMouth&gt;"/>
        <entry filename="/Users/erdalgunes/garmin-jailbot/source/EmoticonSystem.mc" id="84" lineNum="396" parent="globals/EmoticonRenderer" pc="268443340" symbol="&lt;globals/EmoticonRenderer/&lt;&gt;drawMouth&gt;"/>
        <entry filename="/Users/erdalgunes/garmin-jailbot/source/EmoticonSystem.mc" id="84" lineNum="397" parent="globals/EmoticonRenderer" pc="268443350" symbol="&lt;globals/EmoticonRenderer/&lt;&gt;drawMouth&gt;"/>
        <entry filename="/Users/erdalgunes/garmin-jailbot/source/EmoticonSystem.mc" id="84" lineNum="398" parent="globals/EmoticonRenderer" pc="268443370" symbol="&lt;globals/EmoticonRenderer/&lt;&gt;drawMouth&gt;"/>
        <entry filename="/Users/erdalgunes/garmin-jailbot/source/EmoticonSystem.mc" id="84" lineNum="400" parent="globals/EmoticonRenderer" pc="268443402" symbol="&lt;globals/EmoticonRenderer/&lt;&gt;drawMouth&gt;"/>
        <entry filename="/Users/erdalgunes/garmin-jailbot/source/EmoticonSystem.mc" id="84" lineNum="402" parent="globals/EmoticonRenderer" pc="268443424" symbol="&lt;globals/EmoticonRenderer/&lt;&gt;drawMouth&gt;"/>
        <entry filename="/Users/erdalgunes/garmin-jailbot/source/EmoticonSystem.mc" id="84" lineNum="403" parent="globals/EmoticonRenderer" pc="268443434" symbol="&lt;globals/EmoticonRenderer/&lt;&gt;drawMouth&gt;"/>
        <entry filename="/Users/erdalgunes/garmin-jailbot/source/EmoticonSystem.mc" id="84" lineNum="405" parent="globals/EmoticonRenderer" pc="268443463" symbol="&lt;globals/EmoticonRenderer/&lt;&gt;drawMouth&gt;"/>
        <entry filename="/Users/erdalgunes/garmin-jailbot/source/EmoticonSystem.mc" id="84" lineNum="407" parent="globals/EmoticonRenderer" pc="268443485" symbol="&lt;globals/EmoticonRenderer/&lt;&gt;drawMouth&gt;"/>
        <entry filename="/Users/erdalgunes/garmin-jailbot/source/EmoticonSystem.mc" id="84" lineNum="408" parent="globals/EmoticonRenderer" pc="268443511" symbol="&lt;globals/EmoticonRenderer/&lt;&gt;drawMouth&gt;"/>
        <entry filename="/Users/erdalgunes/garmin-jailbot/source/EmoticonSystem.mc" id="84" lineNum="409" parent="globals/EmoticonRenderer" pc="268443520" symbol="&lt;globals/EmoticonRenderer/&lt;&gt;drawMouth&gt;"/>
        <entry filename="/Users/erdalgunes/garmin-jailbot/source/EmoticonSystem.mc" id="84" lineNum="410" parent="globals/EmoticonRenderer" pc="268443530" symbol="&lt;globals/EmoticonRenderer/&lt;&gt;drawMouth&gt;"/>
        <entry filename="/Users/erdalgunes/garmin-jailbot/source/EmoticonSystem.mc" id="84" lineNum="411" parent="globals/EmoticonRenderer" pc="268443544" symbol="&lt;globals/EmoticonRenderer/&lt;&gt;drawMouth&gt;"/>
        <entry filename="/Users/erdalgunes/garmin-jailbot/source/EmoticonSystem.mc" id="84" lineNum="412" parent="globals/EmoticonRenderer" pc="268443551" symbol="&lt;globals/EmoticonRenderer/&lt;&gt;drawMouth&gt;"/>
        <entry filename="/Users/erdalgunes/garmin-jailbot/source/EmoticonSystem.mc" id="85" lineNum="417" parent="globals/EmoticonRenderer" pc="268443587" symbol="&lt;globals/EmoticonRenderer/&lt;&gt;drawAccessories&gt;"/>
        <entry filename="/Users/erdalgunes/garmin-jailbot/source/EmoticonSystem.mc" id="85" lineNum="418" parent="globals/EmoticonRenderer" pc="268443590" symbol="&lt;globals/EmoticonRenderer/&lt;&gt;drawAccessories&gt;"/>
        <entry filename="/Users/erdalgunes/garmin-jailbot/source/EmoticonSystem.mc" id="85" lineNum="421" parent="globals/EmoticonRenderer" pc="268443606" symbol="&lt;globals/EmoticonRenderer/&lt;&gt;drawAccessories&gt;"/>
        <entry filename="/Users/erdalgunes/garmin-jailbot/source/EmoticonSystem.mc" id="85" lineNum="422" parent="globals/EmoticonRenderer" pc="268443615" symbol="&lt;globals/EmoticonRenderer/&lt;&gt;drawAccessories&gt;"/>
        <entry filename="/Users/erdalgunes/garmin-jailbot/source/EmoticonSystem.mc" id="85" lineNum="423" parent="globals/EmoticonRenderer" pc="268443626" symbol="&lt;globals/EmoticonRenderer/&lt;&gt;drawAccessories&gt;"/>
        <entry filename="/Users/erdalgunes/garmin-jailbot/source/EmoticonSystem.mc" id="85" lineNum="424" parent="globals/EmoticonRenderer" pc="268443636" symbol="&lt;globals/EmoticonRenderer/&lt;&gt;drawAccessories&gt;"/>
        <entry filename="/Users/erdalgunes/garmin-jailbot/source/EmoticonSystem.mc" id="85" lineNum="425" parent="globals/EmoticonRenderer" pc="268443646" symbol="&lt;globals/EmoticonRenderer/&lt;&gt;drawAccessories&gt;"/>
        <entry filename="/Users/erdalgunes/garmin-jailbot/source/EmoticonSystem.mc" id="85" lineNum="429" parent="globals/EmoticonRenderer" pc="268443678" symbol="&lt;globals/EmoticonRenderer/&lt;&gt;drawAccessories&gt;"/>
        <entry filename="/Users/erdalgunes/garmin-jailbot/source/EmoticonSystem.mc" id="85" lineNum="430" parent="globals/EmoticonRenderer" pc="268443687" symbol="&lt;globals/EmoticonRenderer/&lt;&gt;drawAccessories&gt;"/>
        <entry filename="/Users/erdalgunes/garmin-jailbot/source/EmoticonSystem.mc" id="85" lineNum="431" parent="globals/EmoticonRenderer" pc="268443704" symbol="&lt;globals/EmoticonRenderer/&lt;&gt;drawAccessories&gt;"/>
        <entry filename="/Users/erdalgunes/garmin-jailbot/source/EmoticonSystem.mc" id="85" lineNum="432" parent="globals/EmoticonRenderer" pc="268443714" symbol="&lt;globals/EmoticonRenderer/&lt;&gt;drawAccessories&gt;"/>
        <entry filename="/Users/erdalgunes/garmin-jailbot/source/EmoticonSystem.mc" id="85" lineNum="433" parent="globals/EmoticonRenderer" pc="268443749" symbol="&lt;globals/EmoticonRenderer/&lt;&gt;drawAccessories&gt;"/>
        <entry filename="/Users/erdalgunes/garmin-jailbot/source/MoodEngine.mc" id="86" lineNum="99" parent="globals/MoodEngine" pc="268443785" symbol="&lt;globals/MoodEngine/&lt;&gt;transitionToState&gt;"/>
        <entry filename="/Users/erdalgunes/garmin-jailbot/source/MoodEngine.mc" id="86" lineNum="101" parent="globals/MoodEngine" pc="268443788" symbol="&lt;globals/MoodEngine/&lt;&gt;transitionToState&gt;"/>
        <entry filename="/Users/erdalgunes/garmin-jailbot/source/MoodEngine.mc" id="86" lineNum="104" parent="globals/MoodEngine" pc="268443804" symbol="&lt;globals/MoodEngine/&lt;&gt;transitionToState&gt;"/>
        <entry filename="/Users/erdalgunes/garmin-jailbot/source/MoodEngine.mc" id="86" lineNum="107" parent="globals/MoodEngine" pc="268443816" symbol="&lt;globals/MoodEngine/&lt;&gt;transitionToState&gt;"/>
        <entry filename="/Users/erdalgunes/garmin-jailbot/source/MoodEngine.mc" id="86" lineNum="108" parent="globals/MoodEngine" pc="268443829" symbol="&lt;globals/MoodEngine/&lt;&gt;transitionToState&gt;"/>
        <entry filename="/Users/erdalgunes/garmin-jailbot/source/MoodEngine.mc" id="86" lineNum="109" parent="globals/MoodEngine" pc="268443847" symbol="&lt;globals/MoodEngine/&lt;&gt;transitionToState&gt;"/>
        <entry filename="/Users/erdalgunes/garmin-jailbot/source/MoodEngine.mc" id="86" lineNum="113" parent="globals/MoodEngine" pc="268443868" symbol="&lt;globals/MoodEngine/&lt;&gt;transitionToState&gt;"/>
        <entry filename="/Users/erdalgunes/garmin-jailbot/source/MoodEngine.mc" id="86" lineNum="116" parent="globals/MoodEngine" pc="268443877" symbol="&lt;globals/MoodEngine/&lt;&gt;transitionToState&gt;"/>
        <entry filename="/Users/erdalgunes/garmin-jailbot/source/MoodEngine.mc" id="86" lineNum="119" parent="globals/MoodEngine" pc="268443889" symbol="&lt;globals/MoodEngine/&lt;&gt;transitionToState&gt;"/>
        <entry filename="/Users/erdalgunes/garmin-jailbot/source/MoodEngine.mc" id="87" lineNum="42" parent="globals/MoodEngine" pc="268443925" symbol="update"/>
        <entry filename="/Users/erdalgunes/garmin-jailbot/source/MoodEngine.mc" id="87" lineNum="43" parent="globals/MoodEngine" pc="268443928" symbol="update"/>
        <entry filename="/Users/erdalgunes/garmin-jailbot/source/MoodEngine.mc" id="87" lineNum="44" parent="globals/MoodEngine" pc="268443950" symbol="update"/>
        <entry filename="/Users/erdalgunes/garmin-jailbot/source/MoodEngine.mc" id="87" lineNum="45" parent="globals/MoodEngine" pc="268443962" symbol="update"/>
        <entry filename="/Users/erdalgunes/garmin-jailbot/source/MoodEngine.mc" id="87" lineNum="46" parent="globals/MoodEngine" pc="268443972" symbol="update"/>
        <entry filename="/Users/erdalgunes/garmin-jailbot/source/MoodEngine.mc" id="87" lineNum="49" parent="globals/MoodEngine" pc="268443981" symbol="update"/>
        <entry filename="/Users/erdalgunes/garmin-jailbot/source/MoodEngine.mc" id="87" lineNum="52" parent="globals/MoodEngine" pc="268443992" symbol="update"/>
        <entry filename="/Users/erdalgunes/garmin-jailbot/source/MoodEngine.mc" id="87" lineNum="55" parent="globals/MoodEngine" pc="268444004" symbol="update"/>
        <entry filename="/Users/erdalgunes/garmin-jailbot/source/MoodEngine.mc" id="87" lineNum="56" parent="globals/MoodEngine" pc="268444026" symbol="update"/>
        <entry filename="/Users/erdalgunes/garmin-jailbot/source/MoodEngine.mc" id="87" lineNum="60" parent="globals/MoodEngine" pc="268444042" symbol="update"/>
        <entry filename="/Users/erdalgunes/garmin-jailbot/source/MoodEngine.mc" id="87" lineNum="63" parent="globals/MoodEngine" pc="268444073" symbol="update"/>
        <entry filename="/Users/erdalgunes/garmin-jailbot/source/MoodEngine.mc" id="87" lineNum="65" parent="globals/MoodEngine" pc="268444091" symbol="update"/>
        <entry filename="/Users/erdalgunes/garmin-jailbot/source/MoodEngine.mc" id="88" lineNum="122" parent="globals/MoodEngine" pc="268444102" symbol="&lt;globals/MoodEngine/&lt;&gt;getCooldownForState&gt;"/>
        <entry filename="/Users/erdalgunes/garmin-jailbot/source/MoodEngine.mc" id="88" lineNum="124" parent="globals/MoodEngine" pc="268444104" symbol="&lt;globals/MoodEngine/&lt;&gt;getCooldownForState&gt;"/>
        <entry filename="/Users/erdalgunes/garmin-jailbot/source/MoodEngine.mc" id="88" lineNum="124" parent="globals/MoodEngine" pc="268444121" symbol="&lt;globals/MoodEngine/&lt;&gt;getCooldownForState&gt;"/>
        <entry filename="/Users/erdalgunes/garmin-jailbot/source/MoodEngine.mc" id="88" lineNum="125" parent="globals/MoodEngine" pc="268444129" symbol="&lt;globals/MoodEngine/&lt;&gt;getCooldownForState&gt;"/>
        <entry filename="/Users/erdalgunes/garmin-jailbot/source/MoodEngine.mc" id="88" lineNum="125" parent="globals/MoodEngine" pc="268444146" symbol="&lt;globals/MoodEngine/&lt;&gt;getCooldownForState&gt;"/>
        <entry filename="/Users/erdalgunes/garmin-jailbot/source/MoodEngine.mc" id="88" lineNum="126" parent="globals/MoodEngine" pc="268444154" symbol="&lt;globals/MoodEngine/&lt;&gt;getCooldownForState&gt;"/>
        <entry filename="/Users/erdalgunes/garmin-jailbot/source/MoodEngine.mc" id="88" lineNum="126" parent="globals/MoodEngine" pc="268444171" symbol="&lt;globals/MoodEngine/&lt;&gt;getCooldownForState&gt;"/>
        <entry filename="/Users/erdalgunes/garmin-jailbot/source/MoodEngine.mc" id="88" lineNum="127" parent="globals/MoodEngine" pc="268444179" symbol="&lt;globals/MoodEngine/&lt;&gt;getCooldownForState&gt;"/>
        <entry filename="/Users/erdalgunes/garmin-jailbot/source/MoodEngine.mc" id="88" lineNum="127" parent="globals/MoodEngine" pc="268444196" symbol="&lt;globals/MoodEngine/&lt;&gt;getCooldownForState&gt;"/>
        <entry filename="/Users/erdalgunes/garmin-jailbot/source/MoodEngine.mc" id="88" lineNum="128" parent="globals/MoodEngine" pc="268444204" symbol="&lt;globals/MoodEngine/&lt;&gt;getCooldownForState&gt;"/>
        <entry filename="/Users/erdalgunes/garmin-jailbot/source/MoodEngine.mc" id="88" lineNum="128" parent="globals/MoodEngine" pc="268444221" symbol="&lt;globals/MoodEngine/&lt;&gt;getCooldownForState&gt;"/>
        <entry filename="/Users/erdalgunes/garmin-jailbot/source/MoodEngine.mc" id="88" lineNum="129" parent="globals/MoodEngine" pc="268444229" symbol="&lt;globals/MoodEngine/&lt;&gt;getCooldownForState&gt;"/>
        <entry filename="/Users/erdalgunes/garmin-jailbot/source/MoodEngine.mc" id="88" lineNum="129" parent="globals/MoodEngine" pc="268444246" symbol="&lt;globals/MoodEngine/&lt;&gt;getCooldownForState&gt;"/>
        <entry filename="/Users/erdalgunes/garmin-jailbot/source/MoodEngine.mc" id="88" lineNum="130" parent="globals/MoodEngine" pc="268444254" symbol="&lt;globals/MoodEngine/&lt;&gt;getCooldownForState&gt;"/>
        <entry filename="/Users/erdalgunes/garmin-jailbot/source/MoodEngine.mc" id="89" lineNum="146" parent="globals/MoodEngine" pc="268444259" symbol="&lt;globals/MoodEngine/&lt;&gt;getRenderData&gt;"/>
        <entry filename="/Users/erdalgunes/garmin-jailbot/source/MoodEngine.mc" id="89" lineNum="148" parent="globals/MoodEngine" pc="268444262" symbol="&lt;globals/MoodEngine/&lt;&gt;getRenderData&gt;"/>
        <entry filename="/Users/erdalgunes/garmin-jailbot/source/MoodEngine.mc" id="89" lineNum="149" parent="globals/MoodEngine" pc="268444279" symbol="&lt;globals/MoodEngine/&lt;&gt;getRenderData&gt;"/>
        <entry filename="/Users/erdalgunes/garmin-jailbot/source/MoodEngine.mc" id="89" lineNum="152" parent="globals/MoodEngine" pc="268444298" symbol="&lt;globals/MoodEngine/&lt;&gt;getRenderData&gt;"/>
        <entry filename="/Users/erdalgunes/garmin-jailbot/source/MoodEngine.mc" id="89" lineNum="157" parent="globals/MoodEngine" pc="268444344" symbol="&lt;globals/MoodEngine/&lt;&gt;getRenderData&gt;"/>
        <entry filename="/Users/erdalgunes/garmin-jailbot/source/MoodEngine.mc" id="89" lineNum="159" parent="globals/MoodEngine" pc="268444357" symbol="&lt;globals/MoodEngine/&lt;&gt;getRenderData&gt;"/>
        <entry filename="/Users/erdalgunes/garmin-jailbot/source/MoodEngine.mc" id="90" lineNum="133" parent="globals/MoodEngine" pc="268444433" symbol="&lt;globals/MoodEngine/&lt;&gt;updateCooldowns&gt;"/>
        <entry filename="/Users/erdalgunes/garmin-jailbot/source/MoodEngine.mc" id="90" lineNum="134" parent="globals/MoodEngine" pc="268444436" symbol="&lt;globals/MoodEngine/&lt;&gt;updateCooldowns&gt;"/>
        <entry filename="/Users/erdalgunes/garmin-jailbot/source/MoodEngine.mc" id="90" lineNum="135" parent="globals/MoodEngine" pc="268444449" symbol="&lt;globals/MoodEngine/&lt;&gt;updateCooldowns&gt;"/>
        <entry filename="/Users/erdalgunes/garmin-jailbot/source/MoodEngine.mc" id="90" lineNum="136" parent="globals/MoodEngine" pc="268444465" symbol="&lt;globals/MoodEngine/&lt;&gt;updateCooldowns&gt;"/>
        <entry filename="/Users/erdalgunes/garmin-jailbot/source/MoodEngine.mc" id="90" lineNum="137" parent="globals/MoodEngine" pc="268444472" symbol="&lt;globals/MoodEngine/&lt;&gt;updateCooldowns&gt;"/>
        <entry filename="/Users/erdalgunes/garmin-jailbot/source/MoodEngine.mc" id="90" lineNum="138" parent="globals/MoodEngine" pc="268444485" symbol="&lt;globals/MoodEngine/&lt;&gt;updateCooldowns&gt;"/>
        <entry filename="/Users/erdalgunes/garmin-jailbot/source/MoodEngine.mc" id="90" lineNum="139" parent="globals/MoodEngine" pc="268444501" symbol="&lt;globals/MoodEngine/&lt;&gt;updateCooldowns&gt;"/>
        <entry filename="/Users/erdalgunes/garmin-jailbot/source/MoodEngine.mc" id="90" lineNum="140" parent="globals/MoodEngine" pc="268444514" symbol="&lt;globals/MoodEngine/&lt;&gt;updateCooldowns&gt;"/>
        <entry filename="/Users/erdalgunes/garmin-jailbot/source/MoodEngine.mc" id="91" lineNum="16" parent="globals/MoodEngine" pc="268444540" symbol="initialize"/>
        <entry filename="/Users/erdalgunes/garmin-jailbot/source/MoodEngine.mc" id="91" lineNum="18" parent="globals/MoodEngine" pc="268444543" symbol="initialize"/>
        <entry filename="/Users/erdalgunes/garmin-jailbot/source/MoodEngine.mc" id="91" lineNum="28" parent="globals/MoodEngine" pc="268444701" symbol="initialize"/>
        <entry filename="/Users/erdalgunes/garmin-jailbot/source/MoodEngine.mc" id="91" lineNum="29" parent="globals/MoodEngine" pc="268444728" symbol="initialize"/>
        <entry filename="/Users/erdalgunes/garmin-jailbot/source/MoodEngine.mc" id="91" lineNum="30" parent="globals/MoodEngine" pc="268444753" symbol="initialize"/>
        <entry filename="/Users/erdalgunes/garmin-jailbot/source/MoodEngine.mc" id="91" lineNum="31" parent="globals/MoodEngine" pc="268444778" symbol="initialize"/>
        <entry filename="/Users/erdalgunes/garmin-jailbot/source/MoodEngine.mc" id="91" lineNum="32" parent="globals/MoodEngine" pc="268444803" symbol="initialize"/>
        <entry filename="/Users/erdalgunes/garmin-jailbot/source/MoodEngine.mc" id="91" lineNum="33" parent="globals/MoodEngine" pc="268444828" symbol="initialize"/>
        <entry filename="/Users/erdalgunes/garmin-jailbot/source/MoodEngine.mc" id="91" lineNum="34" parent="globals/MoodEngine" pc="268444845" symbol="initialize"/>
        <entry filename="/Users/erdalgunes/garmin-jailbot/source/MoodEngine.mc" id="91" lineNum="37" parent="globals/MoodEngine" pc="268444854" symbol="initialize"/>
        <entry filename="/Users/erdalgunes/garmin-jailbot/source/MoodEngine.mc" id="91" lineNum="38" parent="globals/MoodEngine" pc="268444874" symbol="initialize"/>
        <entry filename="/Users/erdalgunes/garmin-jailbot/source/MoodEngine.mc" id="92" lineNum="68" parent="globals/MoodEngine" pc="268444906" symbol="&lt;globals/MoodEngine/&lt;&gt;selectState&gt;"/>
        <entry filename="/Users/erdalgunes/garmin-jailbot/source/MoodEngine.mc" id="92" lineNum="69" parent="globals/MoodEngine" pc="268444909" symbol="&lt;globals/MoodEngine/&lt;&gt;selectState&gt;"/>
        <entry filename="/Users/erdalgunes/garmin-jailbot/source/MoodEngine.mc" id="92" lineNum="70" parent="globals/MoodEngine" pc="268444912" symbol="&lt;globals/MoodEngine/&lt;&gt;selectState&gt;"/>
        <entry filename="/Users/erdalgunes/garmin-jailbot/source/MoodEngine.mc" id="92" lineNum="73" parent="globals/MoodEngine" pc="268444919" symbol="&lt;globals/MoodEngine/&lt;&gt;selectState&gt;"/>
        <entry filename="/Users/erdalgunes/garmin-jailbot/source/MoodEngine.mc" id="92" lineNum="74" parent="globals/MoodEngine" pc="268444939" symbol="&lt;globals/MoodEngine/&lt;&gt;selectState&gt;"/>
        <entry filename="/Users/erdalgunes/garmin-jailbot/source/MoodEngine.mc" id="92" lineNum="75" parent="globals/MoodEngine" pc="268444949" symbol="&lt;globals/MoodEngine/&lt;&gt;selectState&gt;"/>
        <entry filename="/Users/erdalgunes/garmin-jailbot/source/MoodEngine.mc" id="92" lineNum="78" parent="globals/MoodEngine" pc="268444958" symbol="&lt;globals/MoodEngine/&lt;&gt;selectState&gt;"/>
        <entry filename="/Users/erdalgunes/garmin-jailbot/source/MoodEngine.mc" id="92" lineNum="79" parent="globals/MoodEngine" pc="268444971" symbol="&lt;globals/MoodEngine/&lt;&gt;selectState&gt;"/>
        <entry filename="/Users/erdalgunes/garmin-jailbot/source/MoodEngine.mc" id="92" lineNum="82" parent="globals/MoodEngine" pc="268444977" symbol="&lt;globals/MoodEngine/&lt;&gt;selectState&gt;"/>
        <entry filename="/Users/erdalgunes/garmin-jailbot/source/MoodEngine.mc" id="92" lineNum="85" parent="globals/MoodEngine" pc="268444990" symbol="&lt;globals/MoodEngine/&lt;&gt;selectState&gt;"/>
        <entry filename="/Users/erdalgunes/garmin-jailbot/source/MoodEngine.mc" id="92" lineNum="86" parent="globals/MoodEngine" pc="268445013" symbol="&lt;globals/MoodEngine/&lt;&gt;selectState&gt;"/>
        <entry filename="/Users/erdalgunes/garmin-jailbot/source/MoodEngine.mc" id="92" lineNum="90" parent="globals/MoodEngine" pc="268445026" symbol="&lt;globals/MoodEngine/&lt;&gt;selectState&gt;"/>
        <entry filename="/Users/erdalgunes/garmin-jailbot/source/MoodEngine.mc" id="92" lineNum="91" parent="globals/MoodEngine" pc="268445048" symbol="&lt;globals/MoodEngine/&lt;&gt;selectState&gt;"/>
        <entry filename="/Users/erdalgunes/garmin-jailbot/source/MoodEngine.mc" id="92" lineNum="92" parent="globals/MoodEngine" pc="268445052" symbol="&lt;globals/MoodEngine/&lt;&gt;selectState&gt;"/>
        <entry filename="/Users/erdalgunes/garmin-jailbot/source/MoodEngine.mc" id="92" lineNum="96" parent="globals/MoodEngine" pc="268445069" symbol="&lt;globals/MoodEngine/&lt;&gt;selectState&gt;"/>
        <entry filename="/Users/erdalgunes/garmin-jailbot/source/MoodSystem.mc" id="93" lineNum="292" parent="globals/FocusedState" pc="268445101" symbol="score"/>
        <entry filename="/Users/erdalgunes/garmin-jailbot/source/MoodSystem.mc" id="93" lineNum="293" parent="globals/FocusedState" pc="268445103" symbol="score"/>
        <entry filename="/Users/erdalgunes/garmin-jailbot/source/MoodSystem.mc" id="93" lineNum="293" parent="globals/FocusedState" pc="268445127" symbol="score"/>
        <entry filename="/Users/erdalgunes/garmin-jailbot/source/MoodSystem.mc" id="93" lineNum="294" parent="globals/FocusedState" pc="268445136" symbol="score"/>
        <entry filename="/Users/erdalgunes/garmin-jailbot/source/MoodSystem.mc" id="94" lineNum="307" parent="globals/FocusedState" pc="268445138" symbol="getExpression"/>
        <entry filename="/Users/erdalgunes/garmin-jailbot/source/MoodSystem.mc" id="94" lineNum="308" parent="globals/FocusedState" pc="268445140" symbol="getExpression"/>
        <entry filename="/Users/erdalgunes/garmin-jailbot/source/MoodSystem.mc" id="95" lineNum="297" parent="globals/FocusedState" pc="268445225" symbol="blinkProfile"/>
        <entry filename="/Users/erdalgunes/garmin-jailbot/source/MoodSystem.mc" id="95" lineNum="298" parent="globals/FocusedState" pc="268445227" symbol="blinkProfile"/>
        <entry filename="/Users/erdalgunes/garmin-jailbot/source/MoodSystem.mc" id="96" lineNum="320" parent="globals/FocusedState" pc="268445281" symbol="getEmoticon"/>
        <entry filename="/Users/erdalgunes/garmin-jailbot/source/MoodSystem.mc" id="96" lineNum="321" parent="globals/FocusedState" pc="268445283" symbol="getEmoticon"/>
        <entry filename="/Users/erdalgunes/garmin-jailbot/source/MoodSystem.mc" id="97" lineNum="290" parent="globals/FocusedState" pc="268445289" symbol="id"/>
        <entry filename="/Users/erdalgunes/garmin-jailbot/source/MoodSystem.mc" id="97" lineNum="290" parent="globals/FocusedState" pc="268445291" symbol="id"/>
        <entry filename="/Users/erdalgunes/garmin-jailbot/source/MoodSystem.mc" id="99" lineNum="103" parent="globals/MoodContext" pc="268445297" symbol="&lt;globals/MoodContext/&lt;&gt;clamp01&gt;"/>
        <entry filename="/Users/erdalgunes/garmin-jailbot/source/MoodSystem.mc" id="99" lineNum="104" parent="globals/MoodContext" pc="268445299" symbol="&lt;globals/MoodContext/&lt;&gt;clamp01&gt;"/>
        <entry filename="/Users/erdalgunes/garmin-jailbot/source/MoodSystem.mc" id="99" lineNum="104" parent="globals/MoodContext" pc="268445306" symbol="&lt;globals/MoodContext/&lt;&gt;clamp01&gt;"/>
        <entry filename="/Users/erdalgunes/garmin-jailbot/source/MoodSystem.mc" id="99" lineNum="105" parent="globals/MoodContext" pc="268445311" symbol="&lt;globals/MoodContext/&lt;&gt;clamp01&gt;"/>
        <entry filename="/Users/erdalgunes/garmin-jailbot/source/MoodSystem.mc" id="99" lineNum="105" parent="globals/MoodContext" pc="268445319" symbol="&lt;globals/MoodContext/&lt;&gt;clamp01&gt;"/>
        <entry filename="/Users/erdalgunes/garmin-jailbot/source/MoodSystem.mc" id="99" lineNum="106" parent="globals/MoodContext" pc="268445328" symbol="&lt;globals/MoodContext/&lt;&gt;clamp01&gt;"/>
        <entry filename="/Users/erdalgunes/garmin-jailbot/source/MoodSystem.mc" id="100" lineNum="109" parent="globals/MoodContext" pc="268445336" symbol="&lt;globals/MoodContext/&lt;&gt;getTimeAdjustedGoal&gt;"/>
        <entry filename="/Users/erdalgunes/garmin-jailbot/source/MoodSystem.mc" id="100" lineNum="110" parent="globals/MoodContext" pc="268445339" symbol="&lt;globals/MoodContext/&lt;&gt;getTimeAdjustedGoal&gt;"/>
        <entry filename="/Users/erdalgunes/garmin-jailbot/source/MoodSystem.mc" id="100" lineNum="111" parent="globals/MoodContext" pc="268445351" symbol="&lt;globals/MoodContext/&lt;&gt;getTimeAdjustedGoal&gt;"/>
        <entry filename="/Users/erdalgunes/garmin-jailbot/source/MoodSystem.mc" id="100" lineNum="114" parent="globals/MoodContext" pc="268445359" symbol="&lt;globals/MoodContext/&lt;&gt;getTimeAdjustedGoal&gt;"/>
        <entry filename="/Users/erdalgunes/garmin-jailbot/source/MoodSystem.mc" id="100" lineNum="115" parent="globals/MoodContext" pc="268445367" symbol="&lt;globals/MoodContext/&lt;&gt;getTimeAdjustedGoal&gt;"/>
        <entry filename="/Users/erdalgunes/garmin-jailbot/source/MoodSystem.mc" id="100" lineNum="117" parent="globals/MoodContext" pc="268445379" symbol="&lt;globals/MoodContext/&lt;&gt;getTimeAdjustedGoal&gt;"/>
        <entry filename="/Users/erdalgunes/garmin-jailbot/source/MoodSystem.mc" id="101" lineNum="81" parent="globals/MoodContext" pc="268445382" symbol="initialize"/>
        <entry filename="/Users/erdalgunes/garmin-jailbot/source/MoodSystem.mc" id="101" lineNum="82" parent="globals/MoodContext" pc="268445385" symbol="initialize"/>
        <entry filename="/Users/erdalgunes/garmin-jailbot/source/MoodSystem.mc" id="101" lineNum="83" parent="globals/MoodContext" pc="268445414" symbol="initialize"/>
        <entry filename="/Users/erdalgunes/garmin-jailbot/source/MoodSystem.mc" id="101" lineNum="85" parent="globals/MoodContext" pc="268445443" symbol="initialize"/>
        <entry filename="/Users/erdalgunes/garmin-jailbot/source/MoodSystem.mc" id="101" lineNum="86" parent="globals/MoodContext" pc="268445472" symbol="initialize"/>
        <entry filename="/Users/erdalgunes/garmin-jailbot/source/MoodSystem.mc" id="101" lineNum="87" parent="globals/MoodContext" pc="268445484" symbol="initialize"/>
        <entry filename="/Users/erdalgunes/garmin-jailbot/source/MoodSystem.mc" id="101" lineNum="89" parent="globals/MoodContext" pc="268445508" symbol="initialize"/>
        <entry filename="/Users/erdalgunes/garmin-jailbot/source/MoodSystem.mc" id="101" lineNum="90" parent="globals/MoodContext" pc="268445532" symbol="initialize"/>
        <entry filename="/Users/erdalgunes/garmin-jailbot/source/MoodSystem.mc" id="101" lineNum="91" parent="globals/MoodContext" pc="268445547" symbol="initialize"/>
        <entry filename="/Users/erdalgunes/garmin-jailbot/source/MoodSystem.mc" id="101" lineNum="92" parent="globals/MoodContext" pc="268445562" symbol="initialize"/>
        <entry filename="/Users/erdalgunes/garmin-jailbot/source/MoodSystem.mc" id="101" lineNum="93" parent="globals/MoodContext" pc="268445577" symbol="initialize"/>
        <entry filename="/Users/erdalgunes/garmin-jailbot/source/MoodSystem.mc" id="101" lineNum="94" parent="globals/MoodContext" pc="268445592" symbol="initialize"/>
        <entry filename="/Users/erdalgunes/garmin-jailbot/source/MoodSystem.mc" id="101" lineNum="97" parent="globals/MoodContext" pc="268445607" symbol="initialize"/>
        <entry filename="/Users/erdalgunes/garmin-jailbot/source/MoodSystem.mc" id="101" lineNum="98" parent="globals/MoodContext" pc="268445636" symbol="initialize"/>
        <entry filename="/Users/erdalgunes/garmin-jailbot/source/MoodSystem.mc" id="101" lineNum="100" parent="globals/MoodContext" pc="268445696" symbol="initialize"/>
        <entry filename="/Users/erdalgunes/garmin-jailbot/source/MoodSystem.mc" id="102" lineNum="328" parent="globals/ChargedState" pc="268445741" symbol="score"/>
        <entry filename="/Users/erdalgunes/garmin-jailbot/source/MoodSystem.mc" id="102" lineNum="329" parent="globals/ChargedState" pc="268445743" symbol="score"/>
        <entry filename="/Users/erdalgunes/garmin-jailbot/source/MoodSystem.mc" id="102" lineNum="330" parent="globals/ChargedState" pc="268445788" symbol="score"/>
        <entry filename="/Users/erdalgunes/garmin-jailbot/source/MoodSystem.mc" id="102" lineNum="332" parent="globals/ChargedState" pc="268445797" symbol="score"/>
        <entry filename="/Users/erdalgunes/garmin-jailbot/source/MoodSystem.mc" id="103" lineNum="345" parent="globals/ChargedState" pc="268445799" symbol="getExpression"/>
        <entry filename="/Users/erdalgunes/garmin-jailbot/source/MoodSystem.mc" id="103" lineNum="346" parent="globals/ChargedState" pc="268445801" symbol="getExpression"/>
        <entry filename="/Users/erdalgunes/garmin-jailbot/source/MoodSystem.mc" id="104" lineNum="335" parent="globals/ChargedState" pc="268445890" symbol="blinkProfile"/>
        <entry filename="/Users/erdalgunes/garmin-jailbot/source/MoodSystem.mc" id="104" lineNum="336" parent="globals/ChargedState" pc="268445892" symbol="blinkProfile"/>
        <entry filename="/Users/erdalgunes/garmin-jailbot/source/MoodSystem.mc" id="105" lineNum="358" parent="globals/ChargedState" pc="268445950" symbol="getEmoticon"/>
        <entry filename="/Users/erdalgunes/garmin-jailbot/source/MoodSystem.mc" id="105" lineNum="359" parent="globals/ChargedState" pc="268445952" symbol="getEmoticon"/>
        <entry filename="/Users/erdalgunes/garmin-jailbot/source/MoodSystem.mc" id="106" lineNum="326" parent="globals/ChargedState" pc="268445958" symbol="id"/>
        <entry filename="/Users/erdalgunes/garmin-jailbot/source/MoodSystem.mc" id="106" lineNum="326" parent="globals/ChargedState" pc="268445960" symbol="id"/>
        <entry filename="/Users/erdalgunes/garmin-jailbot/source/HealthDataProvider.mc" id="108" lineNum="204" parent="globals/HealthDataProvider" pc="268445966" symbol="&lt;globals/HealthDataProvider/&lt;&gt;wasActiveRecently&gt;"/>
        <entry filename="/Users/erdalgunes/garmin-jailbot/source/HealthDataProvider.mc" id="108" lineNum="207" parent="globals/HealthDataProvider" pc="268445968" symbol="&lt;globals/HealthDataProvider/&lt;&gt;wasActiveRecently&gt;"/>
        <entry filename="/Users/erdalgunes/garmin-jailbot/source/HealthDataProvider.mc" id="109" lineNum="210" parent="globals/HealthDataProvider" pc="268445970" symbol="&lt;globals/HealthDataProvider/&lt;&gt;estimateSleepQuality&gt;"/>
        <entry filename="/Users/erdalgunes/garmin-jailbot/source/HealthDataProvider.mc" id="109" lineNum="211" parent="globals/HealthDataProvider" pc="268445973" symbol="&lt;globals/HealthDataProvider/&lt;&gt;estimateSleepQuality&gt;"/>
        <entry filename="/Users/erdalgunes/garmin-jailbot/source/HealthDataProvider.mc" id="109" lineNum="215" parent="globals/HealthDataProvider" pc="268445980" symbol="&lt;globals/HealthDataProvider/&lt;&gt;estimateSleepQuality&gt;"/>
        <entry filename="/Users/erdalgunes/garmin-jailbot/source/HealthDataProvider.mc" id="109" lineNum="216" parent="globals/HealthDataProvider" pc="268445992" symbol="&lt;globals/HealthDataProvider/&lt;&gt;estimateSleepQuality&gt;"/>
        <entry filename="/Users/erdalgunes/garmin-jailbot/source/HealthDataProvider.mc" id="109" lineNum="219" parent="globals/HealthDataProvider" pc="268446000" symbol="&lt;globals/HealthDataProvider/&lt;&gt;estimateSleepQuality&gt;"/>
        <entry filename="/Users/erdalgunes/garmin-jailbot/source/HealthDataProvider.mc" id="109" lineNum="220" parent="globals/HealthDataProvider" pc="268446016" symbol="&lt;globals/HealthDataProvider/&lt;&gt;estimateSleepQuality&gt;"/>
        <entry filename="/Users/erdalgunes/garmin-jailbot/source/HealthDataProvider.mc" id="109" lineNum="221" parent="globals/HealthDataProvider" pc="268446024" symbol="&lt;globals/HealthDataProvider/&lt;&gt;estimateSleepQuality&gt;"/>
        <entry filename="/Users/erdalgunes/garmin-jailbot/source/HealthDataProvider.mc" id="109" lineNum="224" parent="globals/HealthDataProvider" pc="268446037" symbol="&lt;globals/HealthDataProvider/&lt;&gt;estimateSleepQuality&gt;"/>
        <entry filename="/Users/erdalgunes/garmin-jailbot/source/HealthDataProvider.mc" id="109" lineNum="227" parent="globals/HealthDataProvider" pc="268446050" symbol="&lt;globals/HealthDataProvider/&lt;&gt;estimateSleepQuality&gt;"/>
        <entry filename="/Users/erdalgunes/garmin-jailbot/source/HealthDataProvider.mc" id="109" lineNum="228" parent="globals/HealthDataProvider" pc="268446054" symbol="&lt;globals/HealthDataProvider/&lt;&gt;estimateSleepQuality&gt;"/>
        <entry filename="/Users/erdalgunes/garmin-jailbot/source/HealthDataProvider.mc" id="109" lineNum="231" parent="globals/HealthDataProvider" pc="268446092" symbol="&lt;globals/HealthDataProvider/&lt;&gt;estimateSleepQuality&gt;"/>
        <entry filename="/Users/erdalgunes/garmin-jailbot/source/HealthDataProvider.mc" id="110" lineNum="168" parent="globals/HealthDataProvider" pc="268446095" symbol="&lt;globals/HealthDataProvider/&lt;&gt;getActivityStatus&gt;"/>
        <entry filename="/Users/erdalgunes/garmin-jailbot/source/HealthDataProvider.mc" id="110" lineNum="169" parent="globals/HealthDataProvider" pc="268446098" symbol="&lt;globals/HealthDataProvider/&lt;&gt;getActivityStatus&gt;"/>
        <entry filename="/Users/erdalgunes/garmin-jailbot/source/HealthDataProvider.mc" id="110" lineNum="170" parent="globals/HealthDataProvider" pc="268446101" symbol="&lt;globals/HealthDataProvider/&lt;&gt;getActivityStatus&gt;"/>
        <entry filename="/Users/erdalgunes/garmin-jailbot/source/HealthDataProvider.mc" id="110" lineNum="176" parent="globals/HealthDataProvider" pc="268446104" symbol="&lt;globals/HealthDataProvider/&lt;&gt;getActivityStatus&gt;"/>
        <entry filename="/Users/erdalgunes/garmin-jailbot/source/HealthDataProvider.mc" id="110" lineNum="177" parent="globals/HealthDataProvider" pc="268446112" symbol="&lt;globals/HealthDataProvider/&lt;&gt;getActivityStatus&gt;"/>
        <entry filename="/Users/erdalgunes/garmin-jailbot/source/HealthDataProvider.mc" id="110" lineNum="180" parent="globals/HealthDataProvider" pc="268446131" symbol="&lt;globals/HealthDataProvider/&lt;&gt;getActivityStatus&gt;"/>
        <entry filename="/Users/erdalgunes/garmin-jailbot/source/HealthDataProvider.mc" id="110" lineNum="183" parent="globals/HealthDataProvider" pc="268446138" symbol="&lt;globals/HealthDataProvider/&lt;&gt;getActivityStatus&gt;"/>
        <entry filename="/Users/erdalgunes/garmin-jailbot/source/HealthDataProvider.mc" id="110" lineNum="184" parent="globals/HealthDataProvider" pc="268446150" symbol="&lt;globals/HealthDataProvider/&lt;&gt;getActivityStatus&gt;"/>
        <entry filename="/Users/erdalgunes/garmin-jailbot/source/HealthDataProvider.mc" id="110" lineNum="185" parent="globals/HealthDataProvider" pc="268446160" symbol="&lt;globals/HealthDataProvider/&lt;&gt;getActivityStatus&gt;"/>
        <entry filename="/Users/erdalgunes/garmin-jailbot/source/HealthDataProvider.mc" id="110" lineNum="186" parent="globals/HealthDataProvider" pc="268446170" symbol="&lt;globals/HealthDataProvider/&lt;&gt;getActivityStatus&gt;"/>
        <entry filename="/Users/erdalgunes/garmin-jailbot/source/HealthDataProvider.mc" id="110" lineNum="190" parent="globals/HealthDataProvider" pc="268446182" symbol="&lt;globals/HealthDataProvider/&lt;&gt;getActivityStatus&gt;"/>
        <entry filename="/Users/erdalgunes/garmin-jailbot/source/HealthDataProvider.mc" id="110" lineNum="191" parent="globals/HealthDataProvider" pc="268446197" symbol="&lt;globals/HealthDataProvider/&lt;&gt;getActivityStatus&gt;"/>
        <entry filename="/Users/erdalgunes/garmin-jailbot/source/HealthDataProvider.mc" id="110" lineNum="194" parent="globals/HealthDataProvider" pc="268446215" symbol="&lt;globals/HealthDataProvider/&lt;&gt;getActivityStatus&gt;"/>
        <entry filename="/Users/erdalgunes/garmin-jailbot/source/HealthDataProvider.mc" id="110" lineNum="195" parent="globals/HealthDataProvider" pc="268446219" symbol="&lt;globals/HealthDataProvider/&lt;&gt;getActivityStatus&gt;"/>
        <entry filename="/Users/erdalgunes/garmin-jailbot/source/HealthDataProvider.mc" id="110" lineNum="198" parent="globals/HealthDataProvider" pc="268446257" symbol="&lt;globals/HealthDataProvider/&lt;&gt;getActivityStatus&gt;"/>
        <entry filename="/Users/erdalgunes/garmin-jailbot/source/HealthDataProvider.mc" id="111" lineNum="234" parent="globals/HealthDataProvider" pc="268446279" symbol="&lt;globals/HealthDataProvider/&lt;&gt;detectAchievements&gt;"/>
        <entry filename="/Users/erdalgunes/garmin-jailbot/source/HealthDataProvider.mc" id="111" lineNum="235" parent="globals/HealthDataProvider" pc="268446282" symbol="&lt;globals/HealthDataProvider/&lt;&gt;detectAchievements&gt;"/>
        <entry filename="/Users/erdalgunes/garmin-jailbot/source/HealthDataProvider.mc" id="111" lineNum="238" parent="globals/HealthDataProvider" pc="268446285" symbol="&lt;globals/HealthDataProvider/&lt;&gt;detectAchievements&gt;"/>
        <entry filename="/Users/erdalgunes/garmin-jailbot/source/HealthDataProvider.mc" id="111" lineNum="239" parent="globals/HealthDataProvider" pc="268446308" symbol="&lt;globals/HealthDataProvider/&lt;&gt;detectAchievements&gt;"/>
        <entry filename="/Users/erdalgunes/garmin-jailbot/source/HealthDataProvider.mc" id="111" lineNum="240" parent="globals/HealthDataProvider" pc="268446311" symbol="&lt;globals/HealthDataProvider/&lt;&gt;detectAchievements&gt;"/>
        <entry filename="/Users/erdalgunes/garmin-jailbot/source/HealthDataProvider.mc" id="111" lineNum="241" parent="globals/HealthDataProvider" pc="268446323" symbol="&lt;globals/HealthDataProvider/&lt;&gt;detectAchievements&gt;"/>
        <entry filename="/Users/erdalgunes/garmin-jailbot/source/HealthDataProvider.mc" id="111" lineNum="245" parent="globals/HealthDataProvider" pc="268446344" symbol="&lt;globals/HealthDataProvider/&lt;&gt;detectAchievements&gt;"/>
        <entry filename="/Users/erdalgunes/garmin-jailbot/source/HealthDataProvider.mc" id="111" lineNum="246" parent="globals/HealthDataProvider" pc="268446361" symbol="&lt;globals/HealthDataProvider/&lt;&gt;detectAchievements&gt;"/>
        <entry filename="/Users/erdalgunes/garmin-jailbot/source/HealthDataProvider.mc" id="111" lineNum="249" parent="globals/HealthDataProvider" pc="268446376" symbol="&lt;globals/HealthDataProvider/&lt;&gt;detectAchievements&gt;"/>
        <entry filename="/Users/erdalgunes/garmin-jailbot/source/HealthDataProvider.mc" id="111" lineNum="251" parent="globals/HealthDataProvider" pc="268446389" symbol="&lt;globals/HealthDataProvider/&lt;&gt;detectAchievements&gt;"/>
        <entry filename="/Users/erdalgunes/garmin-jailbot/source/HealthDataProvider.mc" id="112" lineNum="85" parent="globals/HealthDataProvider" pc="268446392" symbol="&lt;globals/HealthDataProvider/&lt;&gt;getStressLevel&gt;"/>
        <entry filename="/Users/erdalgunes/garmin-jailbot/source/HealthDataProvider.mc" id="112" lineNum="88" parent="globals/HealthDataProvider" pc="268446395" symbol="&lt;globals/HealthDataProvider/&lt;&gt;getStressLevel&gt;"/>
        <entry filename="/Users/erdalgunes/garmin-jailbot/source/HealthDataProvider.mc" id="112" lineNum="89" parent="globals/HealthDataProvider" pc="268446403" symbol="&lt;globals/HealthDataProvider/&lt;&gt;getStressLevel&gt;"/>
        <entry filename="/Users/erdalgunes/garmin-jailbot/source/HealthDataProvider.mc" id="113" lineNum="144" parent="globals/HealthDataProvider" pc="268446406" symbol="&lt;globals/HealthDataProvider/&lt;&gt;estimateBodyBattery&gt;"/>
        <entry filename="/Users/erdalgunes/garmin-jailbot/source/HealthDataProvider.mc" id="113" lineNum="146" parent="globals/HealthDataProvider" pc="268446409" symbol="&lt;globals/HealthDataProvider/&lt;&gt;estimateBodyBattery&gt;"/>
        <entry filename="/Users/erdalgunes/garmin-jailbot/source/HealthDataProvider.mc" id="113" lineNum="147" parent="globals/HealthDataProvider" pc="268446421" symbol="&lt;globals/HealthDataProvider/&lt;&gt;estimateBodyBattery&gt;"/>
        <entry filename="/Users/erdalgunes/garmin-jailbot/source/HealthDataProvider.mc" id="113" lineNum="150" parent="globals/HealthDataProvider" pc="268446429" symbol="&lt;globals/HealthDataProvider/&lt;&gt;estimateBodyBattery&gt;"/>
        <entry filename="/Users/erdalgunes/garmin-jailbot/source/HealthDataProvider.mc" id="113" lineNum="153" parent="globals/HealthDataProvider" pc="268446442" symbol="&lt;globals/HealthDataProvider/&lt;&gt;estimateBodyBattery&gt;"/>
        <entry filename="/Users/erdalgunes/garmin-jailbot/source/HealthDataProvider.mc" id="113" lineNum="154" parent="globals/HealthDataProvider" pc="268446454" symbol="&lt;globals/HealthDataProvider/&lt;&gt;estimateBodyBattery&gt;"/>
        <entry filename="/Users/erdalgunes/garmin-jailbot/source/HealthDataProvider.mc" id="113" lineNum="155" parent="globals/HealthDataProvider" pc="268446476" symbol="&lt;globals/HealthDataProvider/&lt;&gt;estimateBodyBattery&gt;"/>
        <entry filename="/Users/erdalgunes/garmin-jailbot/source/HealthDataProvider.mc" id="113" lineNum="157" parent="globals/HealthDataProvider" pc="268446500" symbol="&lt;globals/HealthDataProvider/&lt;&gt;estimateBodyBattery&gt;"/>
        <entry filename="/Users/erdalgunes/garmin-jailbot/source/HealthDataProvider.mc" id="113" lineNum="158" parent="globals/HealthDataProvider" pc="268446503" symbol="&lt;globals/HealthDataProvider/&lt;&gt;estimateBodyBattery&gt;"/>
        <entry filename="/Users/erdalgunes/garmin-jailbot/source/HealthDataProvider.mc" id="113" lineNum="159" parent="globals/HealthDataProvider" pc="268446517" symbol="&lt;globals/HealthDataProvider/&lt;&gt;estimateBodyBattery&gt;"/>
        <entry filename="/Users/erdalgunes/garmin-jailbot/source/HealthDataProvider.mc" id="113" lineNum="160" parent="globals/HealthDataProvider" pc="268446524" symbol="&lt;globals/HealthDataProvider/&lt;&gt;estimateBodyBattery&gt;"/>
        <entry filename="/Users/erdalgunes/garmin-jailbot/source/HealthDataProvider.mc" id="113" lineNum="161" parent="globals/HealthDataProvider" pc="268446538" symbol="&lt;globals/HealthDataProvider/&lt;&gt;estimateBodyBattery&gt;"/>
        <entry filename="/Users/erdalgunes/garmin-jailbot/source/HealthDataProvider.mc" id="113" lineNum="164" parent="globals/HealthDataProvider" pc="268446545" symbol="&lt;globals/HealthDataProvider/&lt;&gt;estimateBodyBattery&gt;"/>
        <entry filename="/Users/erdalgunes/garmin-jailbot/source/HealthDataProvider.mc" id="113" lineNum="165" parent="globals/HealthDataProvider" pc="268446552" symbol="&lt;globals/HealthDataProvider/&lt;&gt;estimateBodyBattery&gt;"/>
        <entry filename="/Users/erdalgunes/garmin-jailbot/source/HealthDataProvider.mc" id="114" lineNum="273" parent="globals/HealthDataProvider" pc="268446579" symbol="updateRestingHRBaseline"/>
        <entry filename="/Users/erdalgunes/garmin-jailbot/source/HealthDataProvider.mc" id="114" lineNum="274" parent="globals/HealthDataProvider" pc="268446582" symbol="updateRestingHRBaseline"/>
        <entry filename="/Users/erdalgunes/garmin-jailbot/source/HealthDataProvider.mc" id="114" lineNum="276" parent="globals/HealthDataProvider" pc="268446603" symbol="updateRestingHRBaseline"/>
        <entry filename="/Users/erdalgunes/garmin-jailbot/source/HealthDataProvider.mc" id="114" lineNum="277" parent="globals/HealthDataProvider" pc="268446610" symbol="updateRestingHRBaseline"/>
        <entry filename="/Users/erdalgunes/garmin-jailbot/source/HealthDataProvider.mc" id="115" lineNum="109" parent="globals/HealthDataProvider" pc="268446641" symbol="&lt;globals/HealthDataProvider/&lt;&gt;estimateStressFromActivity&gt;"/>
        <entry filename="/Users/erdalgunes/garmin-jailbot/source/HealthDataProvider.mc" id="115" lineNum="110" parent="globals/HealthDataProvider" pc="268446644" symbol="&lt;globals/HealthDataProvider/&lt;&gt;estimateStressFromActivity&gt;"/>
        <entry filename="/Users/erdalgunes/garmin-jailbot/source/HealthDataProvider.mc" id="115" lineNum="113" parent="globals/HealthDataProvider" pc="268446648" symbol="&lt;globals/HealthDataProvider/&lt;&gt;estimateStressFromActivity&gt;"/>
        <entry filename="/Users/erdalgunes/garmin-jailbot/source/HealthDataProvider.mc" id="115" lineNum="114" parent="globals/HealthDataProvider" pc="268446660" symbol="&lt;globals/HealthDataProvider/&lt;&gt;estimateStressFromActivity&gt;"/>
        <entry filename="/Users/erdalgunes/garmin-jailbot/source/HealthDataProvider.mc" id="115" lineNum="115" parent="globals/HealthDataProvider" pc="268446672" symbol="&lt;globals/HealthDataProvider/&lt;&gt;estimateStressFromActivity&gt;"/>
        <entry filename="/Users/erdalgunes/garmin-jailbot/source/HealthDataProvider.mc" id="115" lineNum="118" parent="globals/HealthDataProvider" pc="268446680" symbol="&lt;globals/HealthDataProvider/&lt;&gt;estimateStressFromActivity&gt;"/>
        <entry filename="/Users/erdalgunes/garmin-jailbot/source/HealthDataProvider.mc" id="115" lineNum="119" parent="globals/HealthDataProvider" pc="268446696" symbol="&lt;globals/HealthDataProvider/&lt;&gt;estimateStressFromActivity&gt;"/>
        <entry filename="/Users/erdalgunes/garmin-jailbot/source/HealthDataProvider.mc" id="115" lineNum="121" parent="globals/HealthDataProvider" pc="268446706" symbol="&lt;globals/HealthDataProvider/&lt;&gt;estimateStressFromActivity&gt;"/>
        <entry filename="/Users/erdalgunes/garmin-jailbot/source/HealthDataProvider.mc" id="115" lineNum="122" parent="globals/HealthDataProvider" pc="268446722" symbol="&lt;globals/HealthDataProvider/&lt;&gt;estimateStressFromActivity&gt;"/>
        <entry filename="/Users/erdalgunes/garmin-jailbot/source/HealthDataProvider.mc" id="115" lineNum="126" parent="globals/HealthDataProvider" pc="268446732" symbol="&lt;globals/HealthDataProvider/&lt;&gt;estimateStressFromActivity&gt;"/>
        <entry filename="/Users/erdalgunes/garmin-jailbot/source/HealthDataProvider.mc" id="115" lineNum="127" parent="globals/HealthDataProvider" pc="268446754" symbol="&lt;globals/HealthDataProvider/&lt;&gt;estimateStressFromActivity&gt;"/>
        <entry filename="/Users/erdalgunes/garmin-jailbot/source/HealthDataProvider.mc" id="115" lineNum="128" parent="globals/HealthDataProvider" pc="268446768" symbol="&lt;globals/HealthDataProvider/&lt;&gt;estimateStressFromActivity&gt;"/>
        <entry filename="/Users/erdalgunes/garmin-jailbot/source/HealthDataProvider.mc" id="115" lineNum="129" parent="globals/HealthDataProvider" pc="268446777" symbol="&lt;globals/HealthDataProvider/&lt;&gt;estimateStressFromActivity&gt;"/>
        <entry filename="/Users/erdalgunes/garmin-jailbot/source/HealthDataProvider.mc" id="115" lineNum="134" parent="globals/HealthDataProvider" pc="268446790" symbol="&lt;globals/HealthDataProvider/&lt;&gt;estimateStressFromActivity&gt;"/>
        <entry filename="/Users/erdalgunes/garmin-jailbot/source/HealthDataProvider.mc" id="115" lineNum="134" parent="globals/HealthDataProvider" pc="268446797" symbol="&lt;globals/HealthDataProvider/&lt;&gt;estimateStressFromActivity&gt;"/>
        <entry filename="/Users/erdalgunes/garmin-jailbot/source/HealthDataProvider.mc" id="115" lineNum="135" parent="globals/HealthDataProvider" pc="268446803" symbol="&lt;globals/HealthDataProvider/&lt;&gt;estimateStressFromActivity&gt;"/>
        <entry filename="/Users/erdalgunes/garmin-jailbot/source/HealthDataProvider.mc" id="115" lineNum="135" parent="globals/HealthDataProvider" pc="268446811" symbol="&lt;globals/HealthDataProvider/&lt;&gt;estimateStressFromActivity&gt;"/>
        <entry filename="/Users/erdalgunes/garmin-jailbot/source/HealthDataProvider.mc" id="115" lineNum="137" parent="globals/HealthDataProvider" pc="268446824" symbol="&lt;globals/HealthDataProvider/&lt;&gt;estimateStressFromActivity&gt;"/>
        <entry filename="/Users/erdalgunes/garmin-jailbot/source/HealthDataProvider.mc" id="115" lineNum="138" parent="globals/HealthDataProvider" pc="268446828" symbol="&lt;globals/HealthDataProvider/&lt;&gt;estimateStressFromActivity&gt;"/>
        <entry filename="/Users/erdalgunes/garmin-jailbot/source/HealthDataProvider.mc" id="115" lineNum="141" parent="globals/HealthDataProvider" pc="268446866" symbol="&lt;globals/HealthDataProvider/&lt;&gt;estimateStressFromActivity&gt;"/>
        <entry filename="/Users/erdalgunes/garmin-jailbot/source/HealthDataProvider.mc" id="116" lineNum="23" parent="globals/HealthDataProvider" pc="268446869" symbol="gatherSensorData"/>
        <entry filename="/Users/erdalgunes/garmin-jailbot/source/HealthDataProvider.mc" id="116" lineNum="24" parent="globals/HealthDataProvider" pc="268446872" symbol="gatherSensorData"/>
        <entry filename="/Users/erdalgunes/garmin-jailbot/source/HealthDataProvider.mc" id="116" lineNum="27" parent="globals/HealthDataProvider" pc="268446876" symbol="gatherSensorData"/>
        <entry filename="/Users/erdalgunes/garmin-jailbot/source/HealthDataProvider.mc" id="116" lineNum="28" parent="globals/HealthDataProvider" pc="268446888" symbol="gatherSensorData"/>
        <entry filename="/Users/erdalgunes/garmin-jailbot/source/HealthDataProvider.mc" id="116" lineNum="31" parent="globals/HealthDataProvider" pc="268446900" symbol="gatherSensorData"/>
        <entry filename="/Users/erdalgunes/garmin-jailbot/source/HealthDataProvider.mc" id="116" lineNum="32" parent="globals/HealthDataProvider" pc="268446928" symbol="gatherSensorData"/>
        <entry filename="/Users/erdalgunes/garmin-jailbot/source/HealthDataProvider.mc" id="116" lineNum="35" parent="globals/HealthDataProvider" pc="268446960" symbol="gatherSensorData"/>
        <entry filename="/Users/erdalgunes/garmin-jailbot/source/HealthDataProvider.mc" id="116" lineNum="36" parent="globals/HealthDataProvider" pc="268446981" symbol="gatherSensorData"/>
        <entry filename="/Users/erdalgunes/garmin-jailbot/source/HealthDataProvider.mc" id="116" lineNum="40" parent="globals/HealthDataProvider" pc="268446997" symbol="gatherSensorData"/>
        <entry filename="/Users/erdalgunes/garmin-jailbot/source/HealthDataProvider.mc" id="116" lineNum="41" parent="globals/HealthDataProvider" pc="268447005" symbol="gatherSensorData"/>
        <entry filename="/Users/erdalgunes/garmin-jailbot/source/HealthDataProvider.mc" id="116" lineNum="42" parent="globals/HealthDataProvider" pc="268447021" symbol="gatherSensorData"/>
        <entry filename="/Users/erdalgunes/garmin-jailbot/source/HealthDataProvider.mc" id="116" lineNum="45" parent="globals/HealthDataProvider" pc="268447037" symbol="gatherSensorData"/>
        <entry filename="/Users/erdalgunes/garmin-jailbot/source/HealthDataProvider.mc" id="116" lineNum="46" parent="globals/HealthDataProvider" pc="268447051" symbol="gatherSensorData"/>
        <entry filename="/Users/erdalgunes/garmin-jailbot/source/HealthDataProvider.mc" id="116" lineNum="49" parent="globals/HealthDataProvider" pc="268447065" symbol="gatherSensorData"/>
        <entry filename="/Users/erdalgunes/garmin-jailbot/source/HealthDataProvider.mc" id="116" lineNum="50" parent="globals/HealthDataProvider" pc="268447073" symbol="gatherSensorData"/>
        <entry filename="/Users/erdalgunes/garmin-jailbot/source/HealthDataProvider.mc" id="116" lineNum="51" parent="globals/HealthDataProvider" pc="268447089" symbol="gatherSensorData"/>
        <entry filename="/Users/erdalgunes/garmin-jailbot/source/HealthDataProvider.mc" id="116" lineNum="54" parent="globals/HealthDataProvider" pc="268447105" symbol="gatherSensorData"/>
        <entry filename="/Users/erdalgunes/garmin-jailbot/source/HealthDataProvider.mc" id="116" lineNum="57" parent="globals/HealthDataProvider" pc="268447119" symbol="gatherSensorData"/>
        <entry filename="/Users/erdalgunes/garmin-jailbot/source/HealthDataProvider.mc" id="116" lineNum="60" parent="globals/HealthDataProvider" pc="268447151" symbol="gatherSensorData"/>
        <entry filename="/Users/erdalgunes/garmin-jailbot/source/HealthDataProvider.mc" id="116" lineNum="62" parent="globals/HealthDataProvider" pc="268447165" symbol="gatherSensorData"/>
        <entry filename="/Users/erdalgunes/garmin-jailbot/source/HealthDataProvider.mc" id="117" lineNum="282" parent="globals/HealthDataProvider" pc="268447168" symbol="debugSensorData"/>
        <entry filename="/Users/erdalgunes/garmin-jailbot/source/HealthDataProvider.mc" id="117" lineNum="283" parent="globals/HealthDataProvider" pc="268447171" symbol="debugSensorData"/>
        <entry filename="/Users/erdalgunes/garmin-jailbot/source/HealthDataProvider.mc" id="117" lineNum="285" parent="globals/HealthDataProvider" pc="268447179" symbol="debugSensorData"/>
        <entry filename="/Users/erdalgunes/garmin-jailbot/source/HealthDataProvider.mc" id="117" lineNum="286" parent="globals/HealthDataProvider" pc="268447197" symbol="debugSensorData"/>
        <entry filename="/Users/erdalgunes/garmin-jailbot/source/HealthDataProvider.mc" id="117" lineNum="287" parent="globals/HealthDataProvider" pc="268447239" symbol="debugSensorData"/>
        <entry filename="/Users/erdalgunes/garmin-jailbot/source/HealthDataProvider.mc" id="117" lineNum="288" parent="globals/HealthDataProvider" pc="268447287" symbol="debugSensorData"/>
        <entry filename="/Users/erdalgunes/garmin-jailbot/source/HealthDataProvider.mc" id="117" lineNum="289" parent="globals/HealthDataProvider" pc="268447314" symbol="debugSensorData"/>
        <entry filename="/Users/erdalgunes/garmin-jailbot/source/HealthDataProvider.mc" id="117" lineNum="290" parent="globals/HealthDataProvider" pc="268447341" symbol="debugSensorData"/>
        <entry filename="/Users/erdalgunes/garmin-jailbot/source/HealthDataProvider.mc" id="117" lineNum="291" parent="globals/HealthDataProvider" pc="268447368" symbol="debugSensorData"/>
        <entry filename="/Users/erdalgunes/garmin-jailbot/source/HealthDataProvider.mc" id="117" lineNum="292" parent="globals/HealthDataProvider" pc="268447395" symbol="debugSensorData"/>
        <entry filename="/Users/erdalgunes/garmin-jailbot/source/HealthDataProvider.mc" id="117" lineNum="293" parent="globals/HealthDataProvider" pc="268447422" symbol="debugSensorData"/>
        <entry filename="/Users/erdalgunes/garmin-jailbot/source/HealthDataProvider.mc" id="117" lineNum="294" parent="globals/HealthDataProvider" pc="268447449" symbol="debugSensorData"/>
        <entry filename="/Users/erdalgunes/garmin-jailbot/source/HealthDataProvider.mc" id="117" lineNum="295" parent="globals/HealthDataProvider" pc="268447476" symbol="debugSensorData"/>
        <entry filename="/Users/erdalgunes/garmin-jailbot/source/HealthDataProvider.mc" id="118" lineNum="65" parent="globals/HealthDataProvider" pc="268447495" symbol="&lt;globals/HealthDataProvider/&lt;&gt;getHeartRateData&gt;"/>
        <entry filename="/Users/erdalgunes/garmin-jailbot/source/HealthDataProvider.mc" id="118" lineNum="66" parent="globals/HealthDataProvider" pc="268447498" symbol="&lt;globals/HealthDataProvider/&lt;&gt;getHeartRateData&gt;"/>
        <entry filename="/Users/erdalgunes/garmin-jailbot/source/HealthDataProvider.mc" id="118" lineNum="70" parent="globals/HealthDataProvider" pc="268447502" symbol="&lt;globals/HealthDataProvider/&lt;&gt;getHeartRateData&gt;"/>
        <entry filename="/Users/erdalgunes/garmin-jailbot/source/HealthDataProvider.mc" id="118" lineNum="71" parent="globals/HealthDataProvider" pc="268447514" symbol="&lt;globals/HealthDataProvider/&lt;&gt;getHeartRateData&gt;"/>
        <entry filename="/Users/erdalgunes/garmin-jailbot/source/HealthDataProvider.mc" id="118" lineNum="72" parent="globals/HealthDataProvider" pc="268447536" symbol="&lt;globals/HealthDataProvider/&lt;&gt;getHeartRateData&gt;"/>
        <entry filename="/Users/erdalgunes/garmin-jailbot/source/HealthDataProvider.mc" id="118" lineNum="74" parent="globals/HealthDataProvider" pc="268447554" symbol="&lt;globals/HealthDataProvider/&lt;&gt;getHeartRateData&gt;"/>
        <entry filename="/Users/erdalgunes/garmin-jailbot/source/HealthDataProvider.mc" id="118" lineNum="76" parent="globals/HealthDataProvider" pc="268447558" symbol="&lt;globals/HealthDataProvider/&lt;&gt;getHeartRateData&gt;"/>
        <entry filename="/Users/erdalgunes/garmin-jailbot/source/HealthDataProvider.mc" id="118" lineNum="79" parent="globals/HealthDataProvider" pc="268447596" symbol="&lt;globals/HealthDataProvider/&lt;&gt;getHeartRateData&gt;"/>
        <entry filename="/Users/erdalgunes/garmin-jailbot/source/HealthDataProvider.mc" id="119" lineNum="92" parent="globals/HealthDataProvider" pc="268447621" symbol="&lt;globals/HealthDataProvider/&lt;&gt;getBodyBatteryLevel&gt;"/>
        <entry filename="/Users/erdalgunes/garmin-jailbot/source/HealthDataProvider.mc" id="119" lineNum="93" parent="globals/HealthDataProvider" pc="268447624" symbol="&lt;globals/HealthDataProvider/&lt;&gt;getBodyBatteryLevel&gt;"/>
        <entry filename="/Users/erdalgunes/garmin-jailbot/source/HealthDataProvider.mc" id="119" lineNum="97" parent="globals/HealthDataProvider" pc="268447628" symbol="&lt;globals/HealthDataProvider/&lt;&gt;getBodyBatteryLevel&gt;"/>
        <entry filename="/Users/erdalgunes/garmin-jailbot/source/HealthDataProvider.mc" id="119" lineNum="98" parent="globals/HealthDataProvider" pc="268447640" symbol="&lt;globals/HealthDataProvider/&lt;&gt;getBodyBatteryLevel&gt;"/>
        <entry filename="/Users/erdalgunes/garmin-jailbot/source/HealthDataProvider.mc" id="119" lineNum="100" parent="globals/HealthDataProvider" pc="268447651" symbol="&lt;globals/HealthDataProvider/&lt;&gt;getBodyBatteryLevel&gt;"/>
        <entry filename="/Users/erdalgunes/garmin-jailbot/source/HealthDataProvider.mc" id="119" lineNum="102" parent="globals/HealthDataProvider" pc="268447668" symbol="&lt;globals/HealthDataProvider/&lt;&gt;getBodyBatteryLevel&gt;"/>
        <entry filename="/Users/erdalgunes/garmin-jailbot/source/HealthDataProvider.mc" id="119" lineNum="103" parent="globals/HealthDataProvider" pc="268447672" symbol="&lt;globals/HealthDataProvider/&lt;&gt;getBodyBatteryLevel&gt;"/>
        <entry filename="/Users/erdalgunes/garmin-jailbot/source/HealthDataProvider.mc" id="119" lineNum="106" parent="globals/HealthDataProvider" pc="268447710" symbol="&lt;globals/HealthDataProvider/&lt;&gt;getBodyBatteryLevel&gt;"/>
        <entry filename="/Users/erdalgunes/garmin-jailbot/source/HealthDataProvider.mc" id="120" lineNum="13" parent="globals/HealthDataProvider" pc="268447713" symbol="initialize"/>
        <entry filename="/Users/erdalgunes/garmin-jailbot/source/HealthDataProvider.mc" id="120" lineNum="14" parent="globals/HealthDataProvider" pc="268447715" symbol="initialize"/>
        <entry filename="/Users/erdalgunes/garmin-jailbot/source/HealthDataProvider.mc" id="120" lineNum="15" parent="globals/HealthDataProvider" pc="268447723" symbol="initialize"/>
        <entry filename="/Users/erdalgunes/garmin-jailbot/source/HealthDataProvider.mc" id="120" lineNum="16" parent="globals/HealthDataProvider" pc="268447732" symbol="initialize"/>
        <entry filename="/Users/erdalgunes/garmin-jailbot/source/HealthDataProvider.mc" id="120" lineNum="17" parent="globals/HealthDataProvider" pc="268447742" symbol="initialize"/>
        <entry filename="/Users/erdalgunes/garmin-jailbot/source/HealthDataProvider.mc" id="121" lineNum="254" parent="globals/HealthDataProvider" pc="268447769" symbol="&lt;globals/HealthDataProvider/&lt;&gt;isInAODMode&gt;"/>
        <entry filename="/Users/erdalgunes/garmin-jailbot/source/HealthDataProvider.mc" id="121" lineNum="258" parent="globals/HealthDataProvider" pc="268447772" symbol="&lt;globals/HealthDataProvider/&lt;&gt;isInAODMode&gt;"/>
        <entry filename="/Users/erdalgunes/garmin-jailbot/source/HealthDataProvider.mc" id="121" lineNum="260" parent="globals/HealthDataProvider" pc="268447784" symbol="&lt;globals/HealthDataProvider/&lt;&gt;isInAODMode&gt;"/>
        <entry filename="/Users/erdalgunes/garmin-jailbot/source/HealthDataProvider.mc" id="121" lineNum="261" parent="globals/HealthDataProvider" pc="268447795" symbol="&lt;globals/HealthDataProvider/&lt;&gt;isInAODMode&gt;"/>
        <entry filename="/Users/erdalgunes/garmin-jailbot/source/HealthDataProvider.mc" id="121" lineNum="265" parent="globals/HealthDataProvider" pc="268447809" symbol="&lt;globals/HealthDataProvider/&lt;&gt;isInAODMode&gt;"/>
        <entry filename="/Users/erdalgunes/garmin-jailbot/source/HealthDataProvider.mc" id="121" lineNum="267" parent="globals/HealthDataProvider" pc="268447828" symbol="&lt;globals/HealthDataProvider/&lt;&gt;isInAODMode&gt;"/>
        <entry filename="/Users/erdalgunes/garmin-jailbot/source/HealthDataProvider.mc" id="121" lineNum="268" parent="globals/HealthDataProvider" pc="268447832" symbol="&lt;globals/HealthDataProvider/&lt;&gt;isInAODMode&gt;"/>
        <entry filename="/Users/erdalgunes/garmin-jailbot/source/MoodSystem.mc" id="122" lineNum="125" parent="globals/VictoryState" pc="268447851" symbol="score"/>
        <entry filename="/Users/erdalgunes/garmin-jailbot/source/MoodSystem.mc" id="122" lineNum="126" parent="globals/VictoryState" pc="268447853" symbol="score"/>
        <entry filename="/Users/erdalgunes/garmin-jailbot/source/MoodSystem.mc" id="123" lineNum="139" parent="globals/VictoryState" pc="268447872" symbol="getExpression"/>
        <entry filename="/Users/erdalgunes/garmin-jailbot/source/MoodSystem.mc" id="123" lineNum="140" parent="globals/VictoryState" pc="268447874" symbol="getExpression"/>
        <entry filename="/Users/erdalgunes/garmin-jailbot/source/MoodSystem.mc" id="124" lineNum="129" parent="globals/VictoryState" pc="268447963" symbol="blinkProfile"/>
        <entry filename="/Users/erdalgunes/garmin-jailbot/source/MoodSystem.mc" id="124" lineNum="130" parent="globals/VictoryState" pc="268447965" symbol="blinkProfile"/>
        <entry filename="/Users/erdalgunes/garmin-jailbot/source/MoodSystem.mc" id="125" lineNum="152" parent="globals/VictoryState" pc="268448023" symbol="getEmoticon"/>
        <entry filename="/Users/erdalgunes/garmin-jailbot/source/MoodSystem.mc" id="125" lineNum="153" parent="globals/VictoryState" pc="268448025" symbol="getEmoticon"/>
        <entry filename="/Users/erdalgunes/garmin-jailbot/source/MoodSystem.mc" id="126" lineNum="123" parent="globals/VictoryState" pc="268448031" symbol="id"/>
        <entry filename="/Users/erdalgunes/garmin-jailbot/source/MoodSystem.mc" id="126" lineNum="123" parent="globals/VictoryState" pc="268448033" symbol="id"/>
        <entry filename="/Users/erdalgunes/garmin-jailbot/source/JailbotWatchFaceView.mc" id="128" lineNum="212" parent="globals/JailbotWatchFaceView" pc="268448039" symbol="drawAuthenticJailbot"/>
        <entry filename="/Users/erdalgunes/garmin-jailbot/source/JailbotWatchFaceView.mc" id="128" lineNum="213" parent="globals/JailbotWatchFaceView" pc="268448042" symbol="drawAuthenticJailbot"/>
        <entry filename="/Users/erdalgunes/garmin-jailbot/source/JailbotWatchFaceView.mc" id="128" lineNum="214" parent="globals/JailbotWatchFaceView" pc="268448049" symbol="drawAuthenticJailbot"/>
        <entry filename="/Users/erdalgunes/garmin-jailbot/source/JailbotWatchFaceView.mc" id="128" lineNum="215" parent="globals/JailbotWatchFaceView" pc="268448056" symbol="drawAuthenticJailbot"/>
        <entry filename="/Users/erdalgunes/garmin-jailbot/source/JailbotWatchFaceView.mc" id="128" lineNum="217" parent="globals/JailbotWatchFaceView" pc="268448079" symbol="drawAuthenticJailbot"/>
        <entry filename="/Users/erdalgunes/garmin-jailbot/source/JailbotWatchFaceView.mc" id="128" lineNum="218" parent="globals/JailbotWatchFaceView" pc="268448091" symbol="drawAuthenticJailbot"/>
        <entry filename="/Users/erdalgunes/garmin-jailbot/source/JailbotWatchFaceView.mc" id="128" lineNum="219" parent="globals/JailbotWatchFaceView" pc="268448099" symbol="drawAuthenticJailbot"/>
        <entry filename="/Users/erdalgunes/garmin-jailbot/source/JailbotWatchFaceView.mc" id="128" lineNum="220" parent="globals/JailbotWatchFaceView" pc="268448107" symbol="drawAuthenticJailbot"/>
        <entry filename="/Users/erdalgunes/garmin-jailbot/source/JailbotWatchFaceView.mc" id="128" lineNum="223" parent="globals/JailbotWatchFaceView" pc="268448115" symbol="drawAuthenticJailbot"/>
        <entry filename="/Users/erdalgunes/garmin-jailbot/source/JailbotWatchFaceView.mc" id="128" lineNum="226" parent="globals/JailbotWatchFaceView" pc="268448132" symbol="drawAuthenticJailbot"/>
        <entry filename="/Users/erdalgunes/garmin-jailbot/source/JailbotWatchFaceView.mc" id="128" lineNum="227" parent="globals/JailbotWatchFaceView" pc="268448166" symbol="drawAuthenticJailbot"/>
        <entry filename="/Users/erdalgunes/garmin-jailbot/source/JailbotWatchFaceView.mc" id="128" lineNum="228" parent="globals/JailbotWatchFaceView" pc="268448176" symbol="drawAuthenticJailbot"/>
        <entry filename="/Users/erdalgunes/garmin-jailbot/source/JailbotWatchFaceView.mc" id="128" lineNum="229" parent="globals/JailbotWatchFaceView" pc="268448186" symbol="drawAuthenticJailbot"/>
        <entry filename="/Users/erdalgunes/garmin-jailbot/source/JailbotWatchFaceView.mc" id="128" lineNum="230" parent="globals/JailbotWatchFaceView" pc="268448208" symbol="drawAuthenticJailbot"/>
        <entry filename="/Users/erdalgunes/garmin-jailbot/source/JailbotWatchFaceView.mc" id="128" lineNum="231" parent="globals/JailbotWatchFaceView" pc="268448230" symbol="drawAuthenticJailbot"/>
        <entry filename="/Users/erdalgunes/garmin-jailbot/source/JailbotWatchFaceView.mc" id="128" lineNum="232" parent="globals/JailbotWatchFaceView" pc="268448252" symbol="drawAuthenticJailbot"/>
        <entry filename="/Users/erdalgunes/garmin-jailbot/source/JailbotWatchFaceView.mc" id="128" lineNum="233" parent="globals/JailbotWatchFaceView" pc="268448274" symbol="drawAuthenticJailbot"/>
        <entry filename="/Users/erdalgunes/garmin-jailbot/source/JailbotWatchFaceView.mc" id="128" lineNum="234" parent="globals/JailbotWatchFaceView" pc="268448286" symbol="drawAuthenticJailbot"/>
        <entry filename="/Users/erdalgunes/garmin-jailbot/source/JailbotWatchFaceView.mc" id="128" lineNum="237" parent="globals/JailbotWatchFaceView" pc="268448304" symbol="drawAuthenticJailbot"/>
        <entry filename="/Users/erdalgunes/garmin-jailbot/source/JailbotWatchFaceView.mc" id="128" lineNum="238" parent="globals/JailbotWatchFaceView" pc="268448320" symbol="drawAuthenticJailbot"/>
        <entry filename="/Users/erdalgunes/garmin-jailbot/source/JailbotWatchFaceView.mc" id="128" lineNum="239" parent="globals/JailbotWatchFaceView" pc="268448330" symbol="drawAuthenticJailbot"/>
        <entry filename="/Users/erdalgunes/garmin-jailbot/source/JailbotWatchFaceView.mc" id="128" lineNum="240" parent="globals/JailbotWatchFaceView" pc="268448340" symbol="drawAuthenticJailbot"/>
        <entry filename="/Users/erdalgunes/garmin-jailbot/source/JailbotWatchFaceView.mc" id="128" lineNum="241" parent="globals/JailbotWatchFaceView" pc="268448362" symbol="drawAuthenticJailbot"/>
        <entry filename="/Users/erdalgunes/garmin-jailbot/source/JailbotWatchFaceView.mc" id="128" lineNum="242" parent="globals/JailbotWatchFaceView" pc="268448384" symbol="drawAuthenticJailbot"/>
        <entry filename="/Users/erdalgunes/garmin-jailbot/source/JailbotWatchFaceView.mc" id="128" lineNum="243" parent="globals/JailbotWatchFaceView" pc="268448406" symbol="drawAuthenticJailbot"/>
        <entry filename="/Users/erdalgunes/garmin-jailbot/source/JailbotWatchFaceView.mc" id="128" lineNum="244" parent="globals/JailbotWatchFaceView" pc="268448428" symbol="drawAuthenticJailbot"/>
        <entry filename="/Users/erdalgunes/garmin-jailbot/source/JailbotWatchFaceView.mc" id="128" lineNum="245" parent="globals/JailbotWatchFaceView" pc="268448440" symbol="drawAuthenticJailbot"/>
        <entry filename="/Users/erdalgunes/garmin-jailbot/source/JailbotWatchFaceView.mc" id="128" lineNum="248" parent="globals/JailbotWatchFaceView" pc="268448458" symbol="drawAuthenticJailbot"/>
        <entry filename="/Users/erdalgunes/garmin-jailbot/source/JailbotWatchFaceView.mc" id="128" lineNum="249" parent="globals/JailbotWatchFaceView" pc="268448474" symbol="drawAuthenticJailbot"/>
        <entry filename="/Users/erdalgunes/garmin-jailbot/source/JailbotWatchFaceView.mc" id="128" lineNum="250" parent="globals/JailbotWatchFaceView" pc="268448484" symbol="drawAuthenticJailbot"/>
        <entry filename="/Users/erdalgunes/garmin-jailbot/source/JailbotWatchFaceView.mc" id="128" lineNum="251" parent="globals/JailbotWatchFaceView" pc="268448494" symbol="drawAuthenticJailbot"/>
        <entry filename="/Users/erdalgunes/garmin-jailbot/source/JailbotWatchFaceView.mc" id="128" lineNum="252" parent="globals/JailbotWatchFaceView" pc="268448516" symbol="drawAuthenticJailbot"/>
        <entry filename="/Users/erdalgunes/garmin-jailbot/source/JailbotWatchFaceView.mc" id="128" lineNum="253" parent="globals/JailbotWatchFaceView" pc="268448538" symbol="drawAuthenticJailbot"/>
        <entry filename="/Users/erdalgunes/garmin-jailbot/source/JailbotWatchFaceView.mc" id="128" lineNum="254" parent="globals/JailbotWatchFaceView" pc="268448560" symbol="drawAuthenticJailbot"/>
        <entry filename="/Users/erdalgunes/garmin-jailbot/source/JailbotWatchFaceView.mc" id="128" lineNum="255" parent="globals/JailbotWatchFaceView" pc="268448582" symbol="drawAuthenticJailbot"/>
        <entry filename="/Users/erdalgunes/garmin-jailbot/source/JailbotWatchFaceView.mc" id="128" lineNum="256" parent="globals/JailbotWatchFaceView" pc="268448594" symbol="drawAuthenticJailbot"/>
        <entry filename="/Users/erdalgunes/garmin-jailbot/source/JailbotWatchFaceView.mc" id="128" lineNum="259" parent="globals/JailbotWatchFaceView" pc="268448612" symbol="drawAuthenticJailbot"/>
        <entry filename="/Users/erdalgunes/garmin-jailbot/source/JailbotWatchFaceView.mc" id="128" lineNum="260" parent="globals/JailbotWatchFaceView" pc="268448622" symbol="drawAuthenticJailbot"/>
        <entry filename="/Users/erdalgunes/garmin-jailbot/source/JailbotWatchFaceView.mc" id="128" lineNum="261" parent="globals/JailbotWatchFaceView" pc="268448632" symbol="drawAuthenticJailbot"/>
        <entry filename="/Users/erdalgunes/garmin-jailbot/source/JailbotWatchFaceView.mc" id="128" lineNum="264" parent="globals/JailbotWatchFaceView" pc="268448642" symbol="drawAuthenticJailbot"/>
        <entry filename="/Users/erdalgunes/garmin-jailbot/source/JailbotWatchFaceView.mc" id="128" lineNum="265" parent="globals/JailbotWatchFaceView" pc="268448659" symbol="drawAuthenticJailbot"/>
        <entry filename="/Users/erdalgunes/garmin-jailbot/source/JailbotWatchFaceView.mc" id="128" lineNum="268" parent="globals/JailbotWatchFaceView" pc="268448682" symbol="drawAuthenticJailbot"/>
        <entry filename="/Users/erdalgunes/garmin-jailbot/source/JailbotWatchFaceView.mc" id="128" lineNum="269" parent="globals/JailbotWatchFaceView" pc="268448695" symbol="drawAuthenticJailbot"/>
        <entry filename="/Users/erdalgunes/garmin-jailbot/source/JailbotWatchFaceView.mc" id="128" lineNum="270" parent="globals/JailbotWatchFaceView" pc="268448707" symbol="drawAuthenticJailbot"/>
        <entry filename="/Users/erdalgunes/garmin-jailbot/source/JailbotWatchFaceView.mc" id="128" lineNum="273" parent="globals/JailbotWatchFaceView" pc="268448730" symbol="drawAuthenticJailbot"/>
        <entry filename="/Users/erdalgunes/garmin-jailbot/source/JailbotWatchFaceView.mc" id="128" lineNum="274" parent="globals/JailbotWatchFaceView" pc="268448740" symbol="drawAuthenticJailbot"/>
        <entry filename="/Users/erdalgunes/garmin-jailbot/source/JailbotWatchFaceView.mc" id="128" lineNum="275" parent="globals/JailbotWatchFaceView" pc="268448750" symbol="drawAuthenticJailbot"/>
        <entry filename="/Users/erdalgunes/garmin-jailbot/source/JailbotWatchFaceView.mc" id="128" lineNum="276" parent="globals/JailbotWatchFaceView" pc="268448760" symbol="drawAuthenticJailbot"/>
        <entry filename="/Users/erdalgunes/garmin-jailbot/source/JailbotWatchFaceView.mc" id="128" lineNum="278" parent="globals/JailbotWatchFaceView" pc="268448773" symbol="drawAuthenticJailbot"/>
        <entry filename="/Users/erdalgunes/garmin-jailbot/source/JailbotWatchFaceView.mc" id="128" lineNum="279" parent="globals/JailbotWatchFaceView" pc="268448786" symbol="drawAuthenticJailbot"/>
        <entry filename="/Users/erdalgunes/garmin-jailbot/source/JailbotWatchFaceView.mc" id="128" lineNum="282" parent="globals/JailbotWatchFaceView" pc="268448804" symbol="drawAuthenticJailbot"/>
        <entry filename="/Users/erdalgunes/garmin-jailbot/source/JailbotWatchFaceView.mc" id="128" lineNum="283" parent="globals/JailbotWatchFaceView" pc="268448811" symbol="drawAuthenticJailbot"/>
        <entry filename="/Users/erdalgunes/garmin-jailbot/source/JailbotWatchFaceView.mc" id="128" lineNum="284" parent="globals/JailbotWatchFaceView" pc="268448821" symbol="drawAuthenticJailbot"/>
        <entry filename="/Users/erdalgunes/garmin-jailbot/source/JailbotWatchFaceView.mc" id="128" lineNum="285" parent="globals/JailbotWatchFaceView" pc="268448828" symbol="drawAuthenticJailbot"/>
        <entry filename="/Users/erdalgunes/garmin-jailbot/source/JailbotWatchFaceView.mc" id="128" lineNum="287" parent="globals/JailbotWatchFaceView" pc="268448835" symbol="drawAuthenticJailbot"/>
        <entry filename="/Users/erdalgunes/garmin-jailbot/source/JailbotWatchFaceView.mc" id="128" lineNum="288" parent="globals/JailbotWatchFaceView" pc="268448848" symbol="drawAuthenticJailbot"/>
        <entry filename="/Users/erdalgunes/garmin-jailbot/source/JailbotWatchFaceView.mc" id="128" lineNum="291" parent="globals/JailbotWatchFaceView" pc="268448864" symbol="drawAuthenticJailbot"/>
        <entry filename="/Users/erdalgunes/garmin-jailbot/source/JailbotWatchFaceView.mc" id="128" lineNum="292" parent="globals/JailbotWatchFaceView" pc="268448868" symbol="drawAuthenticJailbot"/>
        <entry filename="/Users/erdalgunes/garmin-jailbot/source/JailbotWatchFaceView.mc" id="128" lineNum="293" parent="globals/JailbotWatchFaceView" pc="268448872" symbol="drawAuthenticJailbot"/>
        <entry filename="/Users/erdalgunes/garmin-jailbot/source/JailbotWatchFaceView.mc" id="128" lineNum="294" parent="globals/JailbotWatchFaceView" pc="268448882" symbol="drawAuthenticJailbot"/>
        <entry filename="/Users/erdalgunes/garmin-jailbot/source/JailbotWatchFaceView.mc" id="128" lineNum="295" parent="globals/JailbotWatchFaceView" pc="268448892" symbol="drawAuthenticJailbot"/>
        <entry filename="/Users/erdalgunes/garmin-jailbot/source/JailbotWatchFaceView.mc" id="128" lineNum="296" parent="globals/JailbotWatchFaceView" pc="268448905" symbol="drawAuthenticJailbot"/>
        <entry filename="/Users/erdalgunes/garmin-jailbot/source/JailbotWatchFaceView.mc" id="128" lineNum="302" parent="globals/JailbotWatchFaceView" pc="268448918" symbol="drawAuthenticJailbot"/>
        <entry filename="/Users/erdalgunes/garmin-jailbot/source/JailbotWatchFaceView.mc" id="128" lineNum="303" parent="globals/JailbotWatchFaceView" pc="268448930" symbol="drawAuthenticJailbot"/>
        <entry filename="/Users/erdalgunes/garmin-jailbot/source/JailbotWatchFaceView.mc" id="128" lineNum="304" parent="globals/JailbotWatchFaceView" pc="268448936" symbol="drawAuthenticJailbot"/>
        <entry filename="/Users/erdalgunes/garmin-jailbot/source/JailbotWatchFaceView.mc" id="128" lineNum="305" parent="globals/JailbotWatchFaceView" pc="268448949" symbol="drawAuthenticJailbot"/>
        <entry filename="/Users/erdalgunes/garmin-jailbot/source/JailbotWatchFaceView.mc" id="128" lineNum="306" parent="globals/JailbotWatchFaceView" pc="268448962" symbol="drawAuthenticJailbot"/>
        <entry filename="/Users/erdalgunes/garmin-jailbot/source/JailbotWatchFaceView.mc" id="128" lineNum="311" parent="globals/JailbotWatchFaceView" pc="268448993" symbol="drawAuthenticJailbot"/>
        <entry filename="/Users/erdalgunes/garmin-jailbot/source/JailbotWatchFaceView.mc" id="128" lineNum="312" parent="globals/JailbotWatchFaceView" pc="268449005" symbol="drawAuthenticJailbot"/>
        <entry filename="/Users/erdalgunes/garmin-jailbot/source/JailbotWatchFaceView.mc" id="128" lineNum="313" parent="globals/JailbotWatchFaceView" pc="268449018" symbol="drawAuthenticJailbot"/>
        <entry filename="/Users/erdalgunes/garmin-jailbot/source/JailbotWatchFaceView.mc" id="128" lineNum="314" parent="globals/JailbotWatchFaceView" pc="268449031" symbol="drawAuthenticJailbot"/>
        <entry filename="/Users/erdalgunes/garmin-jailbot/source/JailbotWatchFaceView.mc" id="128" lineNum="319" parent="globals/JailbotWatchFaceView" pc="268449059" symbol="drawAuthenticJailbot"/>
        <entry filename="/Users/erdalgunes/garmin-jailbot/source/JailbotWatchFaceView.mc" id="128" lineNum="320" parent="globals/JailbotWatchFaceView" pc="268449071" symbol="drawAuthenticJailbot"/>
        <entry filename="/Users/erdalgunes/garmin-jailbot/source/JailbotWatchFaceView.mc" id="128" lineNum="321" parent="globals/JailbotWatchFaceView" pc="268449077" symbol="drawAuthenticJailbot"/>
        <entry filename="/Users/erdalgunes/garmin-jailbot/source/JailbotWatchFaceView.mc" id="128" lineNum="322" parent="globals/JailbotWatchFaceView" pc="268449090" symbol="drawAuthenticJailbot"/>
        <entry filename="/Users/erdalgunes/garmin-jailbot/source/JailbotWatchFaceView.mc" id="128" lineNum="323" parent="globals/JailbotWatchFaceView" pc="268449103" symbol="drawAuthenticJailbot"/>
        <entry filename="/Users/erdalgunes/garmin-jailbot/source/JailbotWatchFaceView.mc" id="128" lineNum="328" parent="globals/JailbotWatchFaceView" pc="268449134" symbol="drawAuthenticJailbot"/>
        <entry filename="/Users/erdalgunes/garmin-jailbot/source/JailbotWatchFaceView.mc" id="128" lineNum="329" parent="globals/JailbotWatchFaceView" pc="268449146" symbol="drawAuthenticJailbot"/>
        <entry filename="/Users/erdalgunes/garmin-jailbot/source/JailbotWatchFaceView.mc" id="128" lineNum="330" parent="globals/JailbotWatchFaceView" pc="268449159" symbol="drawAuthenticJailbot"/>
        <entry filename="/Users/erdalgunes/garmin-jailbot/source/JailbotWatchFaceView.mc" id="128" lineNum="331" parent="globals/JailbotWatchFaceView" pc="268449172" symbol="drawAuthenticJailbot"/>
        <entry filename="/Users/erdalgunes/garmin-jailbot/source/JailbotWatchFaceView.mc" id="128" lineNum="335" parent="globals/JailbotWatchFaceView" pc="268449200" symbol="drawAuthenticJailbot"/>
        <entry filename="/Users/erdalgunes/garmin-jailbot/source/JailbotWatchFaceView.mc" id="128" lineNum="336" parent="globals/JailbotWatchFaceView" pc="268449212" symbol="drawAuthenticJailbot"/>
        <entry filename="/Users/erdalgunes/garmin-jailbot/source/JailbotWatchFaceView.mc" id="128" lineNum="337" parent="globals/JailbotWatchFaceView" pc="268449224" symbol="drawAuthenticJailbot"/>
        <entry filename="/Users/erdalgunes/garmin-jailbot/source/JailbotWatchFaceView.mc" id="128" lineNum="338" parent="globals/JailbotWatchFaceView" pc="268449237" symbol="drawAuthenticJailbot"/>
        <entry filename="/Users/erdalgunes/garmin-jailbot/source/JailbotWatchFaceView.mc" id="128" lineNum="339" parent="globals/JailbotWatchFaceView" pc="268449250" symbol="drawAuthenticJailbot"/>
        <entry filename="/Users/erdalgunes/garmin-jailbot/source/JailbotWatchFaceView.mc" id="129" lineNum="559" parent="globals/JailbotWatchFaceView" pc="268449289" symbol="drawStaticJailbotFace"/>
        <entry filename="/Users/erdalgunes/garmin-jailbot/source/JailbotWatchFaceView.mc" id="129" lineNum="561" parent="globals/JailbotWatchFaceView" pc="268449292" symbol="drawStaticJailbotFace"/>
        <entry filename="/Users/erdalgunes/garmin-jailbot/source/JailbotWatchFaceView.mc" id="129" lineNum="562" parent="globals/JailbotWatchFaceView" pc="268449299" symbol="drawStaticJailbotFace"/>
        <entry filename="/Users/erdalgunes/garmin-jailbot/source/JailbotWatchFaceView.mc" id="129" lineNum="563" parent="globals/JailbotWatchFaceView" pc="268449306" symbol="drawStaticJailbotFace"/>
        <entry filename="/Users/erdalgunes/garmin-jailbot/source/JailbotWatchFaceView.mc" id="129" lineNum="564" parent="globals/JailbotWatchFaceView" pc="268449316" symbol="drawStaticJailbotFace"/>
        <entry filename="/Users/erdalgunes/garmin-jailbot/source/JailbotWatchFaceView.mc" id="129" lineNum="565" parent="globals/JailbotWatchFaceView" pc="268449326" symbol="drawStaticJailbotFace"/>
        <entry filename="/Users/erdalgunes/garmin-jailbot/source/JailbotWatchFaceView.mc" id="129" lineNum="567" parent="globals/JailbotWatchFaceView" pc="268449336" symbol="drawStaticJailbotFace"/>
        <entry filename="/Users/erdalgunes/garmin-jailbot/source/JailbotWatchFaceView.mc" id="129" lineNum="568" parent="globals/JailbotWatchFaceView" pc="268449352" symbol="drawStaticJailbotFace"/>
        <entry filename="/Users/erdalgunes/garmin-jailbot/source/JailbotWatchFaceView.mc" id="129" lineNum="569" parent="globals/JailbotWatchFaceView" pc="268449378" symbol="drawStaticJailbotFace"/>
        <entry filename="/Users/erdalgunes/garmin-jailbot/source/JailbotWatchFaceView.mc" id="129" lineNum="571" parent="globals/JailbotWatchFaceView" pc="268449404" symbol="drawStaticJailbotFace"/>
        <entry filename="/Users/erdalgunes/garmin-jailbot/source/JailbotWatchFaceView.mc" id="129" lineNum="572" parent="globals/JailbotWatchFaceView" pc="268449414" symbol="drawStaticJailbotFace"/>
        <entry filename="/Users/erdalgunes/garmin-jailbot/source/JailbotWatchFaceView.mc" id="129" lineNum="573" parent="globals/JailbotWatchFaceView" pc="268449421" symbol="drawStaticJailbotFace"/>
        <entry filename="/Users/erdalgunes/garmin-jailbot/source/JailbotWatchFaceView.mc" id="129" lineNum="575" parent="globals/JailbotWatchFaceView" pc="268449431" symbol="drawStaticJailbotFace"/>
        <entry filename="/Users/erdalgunes/garmin-jailbot/source/JailbotWatchFaceView.mc" id="130" lineNum="186" parent="globals/JailbotWatchFaceView" pc="268449458" symbol="drawHollowBlock"/>
        <entry filename="/Users/erdalgunes/garmin-jailbot/source/JailbotWatchFaceView.mc" id="130" lineNum="188" parent="globals/JailbotWatchFaceView" pc="268449461" symbol="drawHollowBlock"/>
        <entry filename="/Users/erdalgunes/garmin-jailbot/source/JailbotWatchFaceView.mc" id="130" lineNum="191" parent="globals/JailbotWatchFaceView" pc="268449465" symbol="drawHollowBlock"/>
        <entry filename="/Users/erdalgunes/garmin-jailbot/source/JailbotWatchFaceView.mc" id="130" lineNum="193" parent="globals/JailbotWatchFaceView" pc="268449483" symbol="drawHollowBlock"/>
        <entry filename="/Users/erdalgunes/garmin-jailbot/source/JailbotWatchFaceView.mc" id="130" lineNum="195" parent="globals/JailbotWatchFaceView" pc="268449507" symbol="drawHollowBlock"/>
        <entry filename="/Users/erdalgunes/garmin-jailbot/source/JailbotWatchFaceView.mc" id="130" lineNum="197" parent="globals/JailbotWatchFaceView" pc="268449525" symbol="drawHollowBlock"/>
        <entry filename="/Users/erdalgunes/garmin-jailbot/source/JailbotWatchFaceView.mc" id="131" lineNum="344" parent="globals/JailbotWatchFaceView" pc="268449550" symbol="drawJailbot3"/>
        <entry filename="/Users/erdalgunes/garmin-jailbot/source/JailbotWatchFaceView.mc" id="131" lineNum="345" parent="globals/JailbotWatchFaceView" pc="268449553" symbol="drawJailbot3"/>
        <entry filename="/Users/erdalgunes/garmin-jailbot/source/JailbotWatchFaceView.mc" id="131" lineNum="346" parent="globals/JailbotWatchFaceView" pc="268449560" symbol="drawJailbot3"/>
        <entry filename="/Users/erdalgunes/garmin-jailbot/source/JailbotWatchFaceView.mc" id="131" lineNum="348" parent="globals/JailbotWatchFaceView" pc="268449567" symbol="drawJailbot3"/>
        <entry filename="/Users/erdalgunes/garmin-jailbot/source/JailbotWatchFaceView.mc" id="131" lineNum="349" parent="globals/JailbotWatchFaceView" pc="268449579" symbol="drawJailbot3"/>
        <entry filename="/Users/erdalgunes/garmin-jailbot/source/JailbotWatchFaceView.mc" id="131" lineNum="350" parent="globals/JailbotWatchFaceView" pc="268449587" symbol="drawJailbot3"/>
        <entry filename="/Users/erdalgunes/garmin-jailbot/source/JailbotWatchFaceView.mc" id="131" lineNum="355" parent="globals/JailbotWatchFaceView" pc="268449595" symbol="drawJailbot3"/>
        <entry filename="/Users/erdalgunes/garmin-jailbot/source/JailbotWatchFaceView.mc" id="131" lineNum="356" parent="globals/JailbotWatchFaceView" pc="268449605" symbol="drawJailbot3"/>
        <entry filename="/Users/erdalgunes/garmin-jailbot/source/JailbotWatchFaceView.mc" id="131" lineNum="357" parent="globals/JailbotWatchFaceView" pc="268449615" symbol="drawJailbot3"/>
        <entry filename="/Users/erdalgunes/garmin-jailbot/source/JailbotWatchFaceView.mc" id="131" lineNum="358" parent="globals/JailbotWatchFaceView" pc="268449625" symbol="drawJailbot3"/>
        <entry filename="/Users/erdalgunes/garmin-jailbot/source/JailbotWatchFaceView.mc" id="131" lineNum="361" parent="globals/JailbotWatchFaceView" pc="268449635" symbol="drawJailbot3"/>
        <entry filename="/Users/erdalgunes/garmin-jailbot/source/JailbotWatchFaceView.mc" id="131" lineNum="362" parent="globals/JailbotWatchFaceView" pc="268449648" symbol="drawJailbot3"/>
        <entry filename="/Users/erdalgunes/garmin-jailbot/source/JailbotWatchFaceView.mc" id="131" lineNum="365" parent="globals/JailbotWatchFaceView" pc="268449674" symbol="drawJailbot3"/>
        <entry filename="/Users/erdalgunes/garmin-jailbot/source/JailbotWatchFaceView.mc" id="131" lineNum="366" parent="globals/JailbotWatchFaceView" pc="268449690" symbol="drawJailbot3"/>
        <entry filename="/Users/erdalgunes/garmin-jailbot/source/JailbotWatchFaceView.mc" id="131" lineNum="367" parent="globals/JailbotWatchFaceView" pc="268449702" symbol="drawJailbot3"/>
        <entry filename="/Users/erdalgunes/garmin-jailbot/source/JailbotWatchFaceView.mc" id="131" lineNum="370" parent="globals/JailbotWatchFaceView" pc="268449728" symbol="drawJailbot3"/>
        <entry filename="/Users/erdalgunes/garmin-jailbot/source/JailbotWatchFaceView.mc" id="131" lineNum="371" parent="globals/JailbotWatchFaceView" pc="268449741" symbol="drawJailbot3"/>
        <entry filename="/Users/erdalgunes/garmin-jailbot/source/JailbotWatchFaceView.mc" id="131" lineNum="372" parent="globals/JailbotWatchFaceView" pc="268449748" symbol="drawJailbot3"/>
        <entry filename="/Users/erdalgunes/garmin-jailbot/source/JailbotWatchFaceView.mc" id="131" lineNum="373" parent="globals/JailbotWatchFaceView" pc="268449755" symbol="drawJailbot3"/>
        <entry filename="/Users/erdalgunes/garmin-jailbot/source/JailbotWatchFaceView.mc" id="131" lineNum="374" parent="globals/JailbotWatchFaceView" pc="268449768" symbol="drawJailbot3"/>
        <entry filename="/Users/erdalgunes/garmin-jailbot/source/JailbotWatchFaceView.mc" id="131" lineNum="375" parent="globals/JailbotWatchFaceView" pc="268449781" symbol="drawJailbot3"/>
        <entry filename="/Users/erdalgunes/garmin-jailbot/source/JailbotWatchFaceView.mc" id="131" lineNum="377" parent="globals/JailbotWatchFaceView" pc="268449794" symbol="drawJailbot3"/>
        <entry filename="/Users/erdalgunes/garmin-jailbot/source/JailbotWatchFaceView.mc" id="131" lineNum="379" parent="globals/JailbotWatchFaceView" pc="268449800" symbol="drawJailbot3"/>
        <entry filename="/Users/erdalgunes/garmin-jailbot/source/JailbotWatchFaceView.mc" id="131" lineNum="380" parent="globals/JailbotWatchFaceView" pc="268449816" symbol="drawJailbot3"/>
        <entry filename="/Users/erdalgunes/garmin-jailbot/source/JailbotWatchFaceView.mc" id="131" lineNum="381" parent="globals/JailbotWatchFaceView" pc="268449846" symbol="drawJailbot3"/>
        <entry filename="/Users/erdalgunes/garmin-jailbot/source/JailbotWatchFaceView.mc" id="131" lineNum="384" parent="globals/JailbotWatchFaceView" pc="268449876" symbol="drawJailbot3"/>
        <entry filename="/Users/erdalgunes/garmin-jailbot/source/JailbotWatchFaceView.mc" id="131" lineNum="385" parent="globals/JailbotWatchFaceView" pc="268449893" symbol="drawJailbot3"/>
        <entry filename="/Users/erdalgunes/garmin-jailbot/source/JailbotWatchFaceView.mc" id="131" lineNum="386" parent="globals/JailbotWatchFaceView" pc="268449911" symbol="drawJailbot3"/>
        <entry filename="/Users/erdalgunes/garmin-jailbot/source/JailbotWatchFaceView.mc" id="131" lineNum="390" parent="globals/JailbotWatchFaceView" pc="268449932" symbol="drawJailbot3"/>
        <entry filename="/Users/erdalgunes/garmin-jailbot/source/JailbotWatchFaceView.mc" id="131" lineNum="391" parent="globals/JailbotWatchFaceView" pc="268449949" symbol="drawJailbot3"/>
        <entry filename="/Users/erdalgunes/garmin-jailbot/source/JailbotWatchFaceView.mc" id="131" lineNum="392" parent="globals/JailbotWatchFaceView" pc="268449953" symbol="drawJailbot3"/>
        <entry filename="/Users/erdalgunes/garmin-jailbot/source/JailbotWatchFaceView.mc" id="131" lineNum="393" parent="globals/JailbotWatchFaceView" pc="268449967" symbol="drawJailbot3"/>
        <entry filename="/Users/erdalgunes/garmin-jailbot/source/JailbotWatchFaceView.mc" id="131" lineNum="394" parent="globals/JailbotWatchFaceView" pc="268449977" symbol="drawJailbot3"/>
        <entry filename="/Users/erdalgunes/garmin-jailbot/source/JailbotWatchFaceView.mc" id="131" lineNum="395" parent="globals/JailbotWatchFaceView" pc="268449990" symbol="drawJailbot3"/>
        <entry filename="/Users/erdalgunes/garmin-jailbot/source/JailbotWatchFaceView.mc" id="131" lineNum="398" parent="globals/JailbotWatchFaceView" pc="268449997" symbol="drawJailbot3"/>
        <entry filename="/Users/erdalgunes/garmin-jailbot/source/JailbotWatchFaceView.mc" id="131" lineNum="399" parent="globals/JailbotWatchFaceView" pc="268450004" symbol="drawJailbot3"/>
        <entry filename="/Users/erdalgunes/garmin-jailbot/source/JailbotWatchFaceView.mc" id="131" lineNum="400" parent="globals/JailbotWatchFaceView" pc="268450020" symbol="drawJailbot3"/>
        <entry filename="/Users/erdalgunes/garmin-jailbot/source/JailbotWatchFaceView.mc" id="131" lineNum="403" parent="globals/JailbotWatchFaceView" pc="268450036" symbol="drawJailbot3"/>
        <entry filename="/Users/erdalgunes/garmin-jailbot/source/JailbotWatchFaceView.mc" id="131" lineNum="404" parent="globals/JailbotWatchFaceView" pc="268450053" symbol="drawJailbot3"/>
        <entry filename="/Users/erdalgunes/garmin-jailbot/source/JailbotWatchFaceView.mc" id="131" lineNum="405" parent="globals/JailbotWatchFaceView" pc="268450075" symbol="drawJailbot3"/>
        <entry filename="/Users/erdalgunes/garmin-jailbot/source/JailbotWatchFaceView.mc" id="131" lineNum="408" parent="globals/JailbotWatchFaceView" pc="268450098" symbol="drawJailbot3"/>
        <entry filename="/Users/erdalgunes/garmin-jailbot/source/JailbotWatchFaceView.mc" id="131" lineNum="409" parent="globals/JailbotWatchFaceView" pc="268450114" symbol="drawJailbot3"/>
        <entry filename="/Users/erdalgunes/garmin-jailbot/source/JailbotWatchFaceView.mc" id="131" lineNum="412" parent="globals/JailbotWatchFaceView" pc="268450138" symbol="drawJailbot3"/>
        <entry filename="/Users/erdalgunes/garmin-jailbot/source/JailbotWatchFaceView.mc" id="131" lineNum="413" parent="globals/JailbotWatchFaceView" pc="268450142" symbol="drawJailbot3"/>
        <entry filename="/Users/erdalgunes/garmin-jailbot/source/JailbotWatchFaceView.mc" id="131" lineNum="414" parent="globals/JailbotWatchFaceView" pc="268450152" symbol="drawJailbot3"/>
        <entry filename="/Users/erdalgunes/garmin-jailbot/source/JailbotWatchFaceView.mc" id="131" lineNum="417" parent="globals/JailbotWatchFaceView" pc="268450162" symbol="drawJailbot3"/>
        <entry filename="/Users/erdalgunes/garmin-jailbot/source/JailbotWatchFaceView.mc" id="131" lineNum="418" parent="globals/JailbotWatchFaceView" pc="268450179" symbol="drawJailbot3"/>
        <entry filename="/Users/erdalgunes/garmin-jailbot/source/JailbotWatchFaceView.mc" id="131" lineNum="419" parent="globals/JailbotWatchFaceView" pc="268450189" symbol="drawJailbot3"/>
        <entry filename="/Users/erdalgunes/garmin-jailbot/source/JailbotWatchFaceView.mc" id="131" lineNum="422" parent="globals/JailbotWatchFaceView" pc="268450205" symbol="drawJailbot3"/>
        <entry filename="/Users/erdalgunes/garmin-jailbot/source/JailbotWatchFaceView.mc" id="131" lineNum="425" parent="globals/JailbotWatchFaceView" pc="268450253" symbol="drawJailbot3"/>
        <entry filename="/Users/erdalgunes/garmin-jailbot/source/JailbotWatchFaceView.mc" id="131" lineNum="428" parent="globals/JailbotWatchFaceView" pc="268450277" symbol="drawJailbot3"/>
        <entry filename="/Users/erdalgunes/garmin-jailbot/source/JailbotWatchFaceView.mc" id="131" lineNum="429" parent="globals/JailbotWatchFaceView" pc="268450293" symbol="drawJailbot3"/>
        <entry filename="/Users/erdalgunes/garmin-jailbot/source/JailbotWatchFaceView.mc" id="131" lineNum="430" parent="globals/JailbotWatchFaceView" pc="268450305" symbol="drawJailbot3"/>
        <entry filename="/Users/erdalgunes/garmin-jailbot/source/JailbotWatchFaceView.mc" id="131" lineNum="433" parent="globals/JailbotWatchFaceView" pc="268450323" symbol="drawJailbot3"/>
        <entry filename="/Users/erdalgunes/garmin-jailbot/source/JailbotWatchFaceView.mc" id="131" lineNum="434" parent="globals/JailbotWatchFaceView" pc="268450333" symbol="drawJailbot3"/>
        <entry filename="/Users/erdalgunes/garmin-jailbot/source/JailbotWatchFaceView.mc" id="131" lineNum="436" parent="globals/JailbotWatchFaceView" pc="268450343" symbol="drawJailbot3"/>
        <entry filename="/Users/erdalgunes/garmin-jailbot/source/JailbotWatchFaceView.mc" id="131" lineNum="437" parent="globals/JailbotWatchFaceView" pc="268450359" symbol="drawJailbot3"/>
        <entry filename="/Users/erdalgunes/garmin-jailbot/source/JailbotWatchFaceView.mc" id="131" lineNum="439" parent="globals/JailbotWatchFaceView" pc="268450383" symbol="drawJailbot3"/>
        <entry filename="/Users/erdalgunes/garmin-jailbot/source/JailbotWatchFaceView.mc" id="131" lineNum="440" parent="globals/JailbotWatchFaceView" pc="268450399" symbol="drawJailbot3"/>
        <entry filename="/Users/erdalgunes/garmin-jailbot/source/JailbotWatchFaceView.mc" id="131" lineNum="441" parent="globals/JailbotWatchFaceView" pc="268450411" symbol="drawJailbot3"/>
        <entry filename="/Users/erdalgunes/garmin-jailbot/source/JailbotWatchFaceView.mc" id="131" lineNum="444" parent="globals/JailbotWatchFaceView" pc="268450429" symbol="drawJailbot3"/>
        <entry filename="/Users/erdalgunes/garmin-jailbot/source/JailbotWatchFaceView.mc" id="131" lineNum="445" parent="globals/JailbotWatchFaceView" pc="268450439" symbol="drawJailbot3"/>
        <entry filename="/Users/erdalgunes/garmin-jailbot/source/JailbotWatchFaceView.mc" id="131" lineNum="448" parent="globals/JailbotWatchFaceView" pc="268450456" symbol="drawJailbot3"/>
        <entry filename="/Users/erdalgunes/garmin-jailbot/source/JailbotWatchFaceView.mc" id="131" lineNum="449" parent="globals/JailbotWatchFaceView" pc="268450481" symbol="drawJailbot3"/>
        <entry filename="/Users/erdalgunes/garmin-jailbot/source/JailbotWatchFaceView.mc" id="131" lineNum="450" parent="globals/JailbotWatchFaceView" pc="268450522" symbol="drawJailbot3"/>
        <entry filename="/Users/erdalgunes/garmin-jailbot/source/JailbotWatchFaceView.mc" id="131" lineNum="453" parent="globals/JailbotWatchFaceView" pc="268450548" symbol="drawJailbot3"/>
        <entry filename="/Users/erdalgunes/garmin-jailbot/source/JailbotWatchFaceView.mc" id="131" lineNum="454" parent="globals/JailbotWatchFaceView" pc="268450588" symbol="drawJailbot3"/>
        <entry filename="/Users/erdalgunes/garmin-jailbot/source/JailbotWatchFaceView.mc" id="132" lineNum="457" parent="globals/JailbotWatchFaceView" pc="268450615" symbol="drawJailbot20PixelArt"/>
        <entry filename="/Users/erdalgunes/garmin-jailbot/source/JailbotWatchFaceView.mc" id="132" lineNum="458" parent="globals/JailbotWatchFaceView" pc="268450618" symbol="drawJailbot20PixelArt"/>
        <entry filename="/Users/erdalgunes/garmin-jailbot/source/JailbotWatchFaceView.mc" id="132" lineNum="459" parent="globals/JailbotWatchFaceView" pc="268450625" symbol="drawJailbot20PixelArt"/>
        <entry filename="/Users/erdalgunes/garmin-jailbot/source/JailbotWatchFaceView.mc" id="132" lineNum="461" parent="globals/JailbotWatchFaceView" pc="268450632" symbol="drawJailbot20PixelArt"/>
        <entry filename="/Users/erdalgunes/garmin-jailbot/source/JailbotWatchFaceView.mc" id="132" lineNum="463" parent="globals/JailbotWatchFaceView" pc="268450686" symbol="drawJailbot20PixelArt"/>
        <entry filename="/Users/erdalgunes/garmin-jailbot/source/JailbotWatchFaceView.mc" id="132" lineNum="464" parent="globals/JailbotWatchFaceView" pc="268450698" symbol="drawJailbot20PixelArt"/>
        <entry filename="/Users/erdalgunes/garmin-jailbot/source/JailbotWatchFaceView.mc" id="132" lineNum="465" parent="globals/JailbotWatchFaceView" pc="268450706" symbol="drawJailbot20PixelArt"/>
        <entry filename="/Users/erdalgunes/garmin-jailbot/source/JailbotWatchFaceView.mc" id="132" lineNum="468" parent="globals/JailbotWatchFaceView" pc="268450714" symbol="drawJailbot20PixelArt"/>
        <entry filename="/Users/erdalgunes/garmin-jailbot/source/JailbotWatchFaceView.mc" id="132" lineNum="469" parent="globals/JailbotWatchFaceView" pc="268450726" symbol="drawJailbot20PixelArt"/>
        <entry filename="/Users/erdalgunes/garmin-jailbot/source/JailbotWatchFaceView.mc" id="132" lineNum="472" parent="globals/JailbotWatchFaceView" pc="268450734" symbol="drawJailbot20PixelArt"/>
        <entry filename="/Users/erdalgunes/garmin-jailbot/source/JailbotWatchFaceView.mc" id="132" lineNum="475" parent="globals/JailbotWatchFaceView" pc="268450757" symbol="drawJailbot20PixelArt"/>
        <entry filename="/Users/erdalgunes/garmin-jailbot/source/JailbotWatchFaceView.mc" id="132" lineNum="476" parent="globals/JailbotWatchFaceView" pc="268450768" symbol="drawJailbot20PixelArt"/>
        <entry filename="/Users/erdalgunes/garmin-jailbot/source/JailbotWatchFaceView.mc" id="132" lineNum="477" parent="globals/JailbotWatchFaceView" pc="268450784" symbol="drawJailbot20PixelArt"/>
        <entry filename="/Users/erdalgunes/garmin-jailbot/source/JailbotWatchFaceView.mc" id="132" lineNum="478" parent="globals/JailbotWatchFaceView" pc="268450806" symbol="drawJailbot20PixelArt"/>
        <entry filename="/Users/erdalgunes/garmin-jailbot/source/JailbotWatchFaceView.mc" id="132" lineNum="480" parent="globals/JailbotWatchFaceView" pc="268450828" symbol="drawJailbot20PixelArt"/>
        <entry filename="/Users/erdalgunes/garmin-jailbot/source/JailbotWatchFaceView.mc" id="132" lineNum="482" parent="globals/JailbotWatchFaceView" pc="268450844" symbol="drawJailbot20PixelArt"/>
        <entry filename="/Users/erdalgunes/garmin-jailbot/source/JailbotWatchFaceView.mc" id="132" lineNum="484" parent="globals/JailbotWatchFaceView" pc="268450854" symbol="drawJailbot20PixelArt"/>
        <entry filename="/Users/erdalgunes/garmin-jailbot/source/JailbotWatchFaceView.mc" id="132" lineNum="486" parent="globals/JailbotWatchFaceView" pc="268450861" symbol="drawJailbot20PixelArt"/>
        <entry filename="/Users/erdalgunes/garmin-jailbot/source/JailbotWatchFaceView.mc" id="132" lineNum="488" parent="globals/JailbotWatchFaceView" pc="268450890" symbol="drawJailbot20PixelArt"/>
        <entry filename="/Users/erdalgunes/garmin-jailbot/source/JailbotWatchFaceView.mc" id="132" lineNum="492" parent="globals/JailbotWatchFaceView" pc="268450919" symbol="drawJailbot20PixelArt"/>
        <entry filename="/Users/erdalgunes/garmin-jailbot/source/JailbotWatchFaceView.mc" id="132" lineNum="498" parent="globals/JailbotWatchFaceView" pc="268450955" symbol="drawJailbot20PixelArt"/>
        <entry filename="/Users/erdalgunes/garmin-jailbot/source/JailbotWatchFaceView.mc" id="132" lineNum="499" parent="globals/JailbotWatchFaceView" pc="268450968" symbol="drawJailbot20PixelArt"/>
        <entry filename="/Users/erdalgunes/garmin-jailbot/source/JailbotWatchFaceView.mc" id="132" lineNum="501" parent="globals/JailbotWatchFaceView" pc="268450981" symbol="drawJailbot20PixelArt"/>
        <entry filename="/Users/erdalgunes/garmin-jailbot/source/JailbotWatchFaceView.mc" id="132" lineNum="504" parent="globals/JailbotWatchFaceView" pc="268450998" symbol="drawJailbot20PixelArt"/>
        <entry filename="/Users/erdalgunes/garmin-jailbot/source/JailbotWatchFaceView.mc" id="132" lineNum="505" parent="globals/JailbotWatchFaceView" pc="268451008" symbol="drawJailbot20PixelArt"/>
        <entry filename="/Users/erdalgunes/garmin-jailbot/source/JailbotWatchFaceView.mc" id="132" lineNum="506" parent="globals/JailbotWatchFaceView" pc="268451028" symbol="drawJailbot20PixelArt"/>
        <entry filename="/Users/erdalgunes/garmin-jailbot/source/JailbotWatchFaceView.mc" id="132" lineNum="510" parent="globals/JailbotWatchFaceView" pc="268451054" symbol="drawJailbot20PixelArt"/>
        <entry filename="/Users/erdalgunes/garmin-jailbot/source/JailbotWatchFaceView.mc" id="132" lineNum="512" parent="globals/JailbotWatchFaceView" pc="268451058" symbol="drawJailbot20PixelArt"/>
        <entry filename="/Users/erdalgunes/garmin-jailbot/source/JailbotWatchFaceView.mc" id="132" lineNum="513" parent="globals/JailbotWatchFaceView" pc="268451084" symbol="drawJailbot20PixelArt"/>
        <entry filename="/Users/erdalgunes/garmin-jailbot/source/JailbotWatchFaceView.mc" id="132" lineNum="517" parent="globals/JailbotWatchFaceView" pc="268451119" symbol="drawJailbot20PixelArt"/>
        <entry filename="/Users/erdalgunes/garmin-jailbot/source/JailbotWatchFaceView.mc" id="132" lineNum="518" parent="globals/JailbotWatchFaceView" pc="268451145" symbol="drawJailbot20PixelArt"/>
        <entry filename="/Users/erdalgunes/garmin-jailbot/source/JailbotWatchFaceView.mc" id="132" lineNum="519" parent="globals/JailbotWatchFaceView" pc="268451158" symbol="drawJailbot20PixelArt"/>
        <entry filename="/Users/erdalgunes/garmin-jailbot/source/JailbotWatchFaceView.mc" id="132" lineNum="520" parent="globals/JailbotWatchFaceView" pc="268451168" symbol="drawJailbot20PixelArt"/>
        <entry filename="/Users/erdalgunes/garmin-jailbot/source/JailbotWatchFaceView.mc" id="132" lineNum="523" parent="globals/JailbotWatchFaceView" pc="268451192" symbol="drawJailbot20PixelArt"/>
        <entry filename="/Users/erdalgunes/garmin-jailbot/source/JailbotWatchFaceView.mc" id="132" lineNum="524" parent="globals/JailbotWatchFaceView" pc="268451205" symbol="drawJailbot20PixelArt"/>
        <entry filename="/Users/erdalgunes/garmin-jailbot/source/JailbotWatchFaceView.mc" id="132" lineNum="528" parent="globals/JailbotWatchFaceView" pc="268451244" symbol="drawJailbot20PixelArt"/>
        <entry filename="/Users/erdalgunes/garmin-jailbot/source/JailbotWatchFaceView.mc" id="132" lineNum="529" parent="globals/JailbotWatchFaceView" pc="268451260" symbol="drawJailbot20PixelArt"/>
        <entry filename="/Users/erdalgunes/garmin-jailbot/source/JailbotWatchFaceView.mc" id="132" lineNum="530" parent="globals/JailbotWatchFaceView" pc="268451267" symbol="drawJailbot20PixelArt"/>
        <entry filename="/Users/erdalgunes/garmin-jailbot/source/JailbotWatchFaceView.mc" id="132" lineNum="531" parent="globals/JailbotWatchFaceView" pc="268451289" symbol="drawJailbot20PixelArt"/>
        <entry filename="/Users/erdalgunes/garmin-jailbot/source/JailbotWatchFaceView.mc" id="132" lineNum="534" parent="globals/JailbotWatchFaceView" pc="268451311" symbol="drawJailbot20PixelArt"/>
        <entry filename="/Users/erdalgunes/garmin-jailbot/source/JailbotWatchFaceView.mc" id="132" lineNum="535" parent="globals/JailbotWatchFaceView" pc="268451315" symbol="drawJailbot20PixelArt"/>
        <entry filename="/Users/erdalgunes/garmin-jailbot/source/JailbotWatchFaceView.mc" id="132" lineNum="537" parent="globals/JailbotWatchFaceView" pc="268451332" symbol="drawJailbot20PixelArt"/>
        <entry filename="/Users/erdalgunes/garmin-jailbot/source/JailbotWatchFaceView.mc" id="132" lineNum="538" parent="globals/JailbotWatchFaceView" pc="268451338" symbol="drawJailbot20PixelArt"/>
        <entry filename="/Users/erdalgunes/garmin-jailbot/source/JailbotWatchFaceView.mc" id="132" lineNum="539" parent="globals/JailbotWatchFaceView" pc="268451345" symbol="drawJailbot20PixelArt"/>
        <entry filename="/Users/erdalgunes/garmin-jailbot/source/JailbotWatchFaceView.mc" id="132" lineNum="540" parent="globals/JailbotWatchFaceView" pc="268451352" symbol="drawJailbot20PixelArt"/>
        <entry filename="/Users/erdalgunes/garmin-jailbot/source/JailbotWatchFaceView.mc" id="132" lineNum="541" parent="globals/JailbotWatchFaceView" pc="268451360" symbol="drawJailbot20PixelArt"/>
        <entry filename="/Users/erdalgunes/garmin-jailbot/source/JailbotWatchFaceView.mc" id="132" lineNum="545" parent="globals/JailbotWatchFaceView" pc="268451373" symbol="drawJailbot20PixelArt"/>
        <entry filename="/Users/erdalgunes/garmin-jailbot/source/JailbotWatchFaceView.mc" id="132" lineNum="548" parent="globals/JailbotWatchFaceView" pc="268451389" symbol="drawJailbot20PixelArt"/>
        <entry filename="/Users/erdalgunes/garmin-jailbot/source/JailbotWatchFaceView.mc" id="132" lineNum="549" parent="globals/JailbotWatchFaceView" pc="268451402" symbol="drawJailbot20PixelArt"/>
        <entry filename="/Users/erdalgunes/garmin-jailbot/source/JailbotWatchFaceView.mc" id="132" lineNum="552" parent="globals/JailbotWatchFaceView" pc="268451428" symbol="drawJailbot20PixelArt"/>
        <entry filename="/Users/erdalgunes/garmin-jailbot/source/JailbotWatchFaceView.mc" id="132" lineNum="553" parent="globals/JailbotWatchFaceView" pc="268451444" symbol="drawJailbot20PixelArt"/>
        <entry filename="/Users/erdalgunes/garmin-jailbot/source/JailbotWatchFaceView.mc" id="133" lineNum="176" parent="globals/JailbotWatchFaceView" pc="268451465" symbol="drawHollowDigit"/>
        <entry filename="/Users/erdalgunes/garmin-jailbot/source/JailbotWatchFaceView.mc" id="133" lineNum="177" parent="globals/JailbotWatchFaceView" pc="268451468" symbol="drawHollowDigit"/>
        <entry filename="/Users/erdalgunes/garmin-jailbot/source/JailbotWatchFaceView.mc" id="133" lineNum="178" parent="globals/JailbotWatchFaceView" pc="268451479" symbol="drawHollowDigit"/>
        <entry filename="/Users/erdalgunes/garmin-jailbot/source/JailbotWatchFaceView.mc" id="133" lineNum="179" parent="globals/JailbotWatchFaceView" pc="268451490" symbol="drawHollowDigit"/>
        <entry filename="/Users/erdalgunes/garmin-jailbot/source/JailbotWatchFaceView.mc" id="133" lineNum="180" parent="globals/JailbotWatchFaceView" pc="268451504" symbol="drawHollowDigit"/>
        <entry filename="/Users/erdalgunes/garmin-jailbot/source/JailbotWatchFaceView.mc" id="134" lineNum="93" parent="globals/JailbotWatchFaceView" pc="268451557" symbol="onHide"/>
        <entry filename="/Users/erdalgunes/garmin-jailbot/source/JailbotWatchFaceView.mc" id="134" lineNum="95" parent="globals/JailbotWatchFaceView" pc="268451559" symbol="onHide"/>
        <entry filename="/Users/erdalgunes/garmin-jailbot/source/JailbotWatchFaceView.mc" id="134" lineNum="98" parent="globals/JailbotWatchFaceView" pc="268451571" symbol="onHide"/>
        <entry filename="/Users/erdalgunes/garmin-jailbot/source/JailbotWatchFaceView.mc" id="134" lineNum="99" parent="globals/JailbotWatchFaceView" pc="268451588" symbol="onHide"/>
        <entry filename="/Users/erdalgunes/garmin-jailbot/source/JailbotWatchFaceView.mc" id="134" lineNum="100" parent="globals/JailbotWatchFaceView" pc="268451600" symbol="onHide"/>
        <entry filename="/Users/erdalgunes/garmin-jailbot/source/JailbotWatchFaceView.mc" id="135" lineNum="203" parent="globals/JailbotWatchFaceView" pc="268451622" symbol="drawDirectAnalogJailbot"/>
        <entry filename="/Users/erdalgunes/garmin-jailbot/source/JailbotWatchFaceView.mc" id="135" lineNum="205" parent="globals/JailbotWatchFaceView" pc="268451624" symbol="drawDirectAnalogJailbot"/>
        <entry filename="/Users/erdalgunes/garmin-jailbot/source/JailbotWatchFaceView.mc" id="135" lineNum="206" parent="globals/JailbotWatchFaceView" pc="268451636" symbol="drawDirectAnalogJailbot"/>
        <entry filename="/Users/erdalgunes/garmin-jailbot/source/JailbotWatchFaceView.mc" id="135" lineNum="209" parent="globals/JailbotWatchFaceView" pc="268451644" symbol="drawDirectAnalogJailbot"/>
        <entry filename="/Users/erdalgunes/garmin-jailbot/source/JailbotWatchFaceView.mc" id="137" lineNum="63" parent="globals/JailbotWatchFaceView" pc="268451660" symbol="onShow"/>
        <entry filename="/Users/erdalgunes/garmin-jailbot/source/JailbotWatchFaceView.mc" id="137" lineNum="65" parent="globals/JailbotWatchFaceView" pc="268451662" symbol="onShow"/>
        <entry filename="/Users/erdalgunes/garmin-jailbot/source/JailbotWatchFaceView.mc" id="137" lineNum="68" parent="globals/JailbotWatchFaceView" pc="268451693" symbol="onShow"/>
        <entry filename="/Users/erdalgunes/garmin-jailbot/source/JailbotWatchFaceView.mc" id="137" lineNum="69" parent="globals/JailbotWatchFaceView" pc="268451710" symbol="onShow"/>
        <entry filename="/Users/erdalgunes/garmin-jailbot/source/JailbotWatchFaceView.mc" id="137" lineNum="70" parent="globals/JailbotWatchFaceView" pc="268451722" symbol="onShow"/>
        <entry filename="/Users/erdalgunes/garmin-jailbot/source/JailbotWatchFaceView.mc" id="138" lineNum="44" parent="globals/JailbotWatchFaceView" pc="268451744" symbol="onLayout"/>
        <entry filename="/Users/erdalgunes/garmin-jailbot/source/JailbotWatchFaceView.mc" id="138" lineNum="46" parent="globals/JailbotWatchFaceView" pc="268451747" symbol="onLayout"/>
        <entry filename="/Users/erdalgunes/garmin-jailbot/source/JailbotWatchFaceView.mc" id="138" lineNum="47" parent="globals/JailbotWatchFaceView" pc="268451759" symbol="onLayout"/>
        <entry filename="/Users/erdalgunes/garmin-jailbot/source/JailbotWatchFaceView.mc" id="138" lineNum="48" parent="globals/JailbotWatchFaceView" pc="268451767" symbol="onLayout"/>
        <entry filename="/Users/erdalgunes/garmin-jailbot/source/JailbotWatchFaceView.mc" id="138" lineNum="49" parent="globals/JailbotWatchFaceView" pc="268451775" symbol="onLayout"/>
        <entry filename="/Users/erdalgunes/garmin-jailbot/source/JailbotWatchFaceView.mc" id="138" lineNum="50" parent="globals/JailbotWatchFaceView" pc="268451782" symbol="onLayout"/>
        <entry filename="/Users/erdalgunes/garmin-jailbot/source/JailbotWatchFaceView.mc" id="138" lineNum="51" parent="globals/JailbotWatchFaceView" pc="268451789" symbol="onLayout"/>
        <entry filename="/Users/erdalgunes/garmin-jailbot/source/JailbotWatchFaceView.mc" id="138" lineNum="54" parent="globals/JailbotWatchFaceView" pc="268451812" symbol="onLayout"/>
        <entry filename="/Users/erdalgunes/garmin-jailbot/source/JailbotWatchFaceView.mc" id="138" lineNum="55" parent="globals/JailbotWatchFaceView" pc="268451847" symbol="onLayout"/>
        <entry filename="/Users/erdalgunes/garmin-jailbot/source/JailbotWatchFaceView.mc" id="138" lineNum="56" parent="globals/JailbotWatchFaceView" pc="268451873" symbol="onLayout"/>
        <entry filename="/Users/erdalgunes/garmin-jailbot/source/JailbotWatchFaceView.mc" id="138" lineNum="58" parent="globals/JailbotWatchFaceView" pc="268451877" symbol="onLayout"/>
        <entry filename="/Users/erdalgunes/garmin-jailbot/source/JailbotWatchFaceView.mc" id="138" lineNum="59" parent="globals/JailbotWatchFaceView" pc="268451903" symbol="onLayout"/>
        <entry filename="/Users/erdalgunes/garmin-jailbot/source/JailbotWatchFaceView.mc" id="139" lineNum="115" parent="globals/JailbotWatchFaceView" pc="268451924" symbol="drawPixelatedAOD"/>
        <entry filename="/Users/erdalgunes/garmin-jailbot/source/JailbotWatchFaceView.mc" id="139" lineNum="116" parent="globals/JailbotWatchFaceView" pc="268451927" symbol="drawPixelatedAOD"/>
        <entry filename="/Users/erdalgunes/garmin-jailbot/source/JailbotWatchFaceView.mc" id="139" lineNum="117" parent="globals/JailbotWatchFaceView" pc="268451939" symbol="drawPixelatedAOD"/>
        <entry filename="/Users/erdalgunes/garmin-jailbot/source/JailbotWatchFaceView.mc" id="139" lineNum="118" parent="globals/JailbotWatchFaceView" pc="268451947" symbol="drawPixelatedAOD"/>
        <entry filename="/Users/erdalgunes/garmin-jailbot/source/JailbotWatchFaceView.mc" id="139" lineNum="120" parent="globals/JailbotWatchFaceView" pc="268451955" symbol="drawPixelatedAOD"/>
        <entry filename="/Users/erdalgunes/garmin-jailbot/source/JailbotWatchFaceView.mc" id="139" lineNum="121" parent="globals/JailbotWatchFaceView" pc="268451972" symbol="drawPixelatedAOD"/>
        <entry filename="/Users/erdalgunes/garmin-jailbot/source/JailbotWatchFaceView.mc" id="139" lineNum="122" parent="globals/JailbotWatchFaceView" pc="268451978" symbol="drawPixelatedAOD"/>
        <entry filename="/Users/erdalgunes/garmin-jailbot/source/JailbotWatchFaceView.mc" id="139" lineNum="123" parent="globals/JailbotWatchFaceView" pc="268451985" symbol="drawPixelatedAOD"/>
        <entry filename="/Users/erdalgunes/garmin-jailbot/source/JailbotWatchFaceView.mc" id="139" lineNum="124" parent="globals/JailbotWatchFaceView" pc="268451992" symbol="drawPixelatedAOD"/>
        <entry filename="/Users/erdalgunes/garmin-jailbot/source/JailbotWatchFaceView.mc" id="139" lineNum="125" parent="globals/JailbotWatchFaceView" pc="268452000" symbol="drawPixelatedAOD"/>
        <entry filename="/Users/erdalgunes/garmin-jailbot/source/JailbotWatchFaceView.mc" id="139" lineNum="130" parent="globals/JailbotWatchFaceView" pc="268452013" symbol="drawPixelatedAOD"/>
        <entry filename="/Users/erdalgunes/garmin-jailbot/source/JailbotWatchFaceView.mc" id="139" lineNum="143" parent="globals/JailbotWatchFaceView" pc="268452489" symbol="drawPixelatedAOD"/>
        <entry filename="/Users/erdalgunes/garmin-jailbot/source/JailbotWatchFaceView.mc" id="139" lineNum="145" parent="globals/JailbotWatchFaceView" pc="268452505" symbol="drawPixelatedAOD"/>
        <entry filename="/Users/erdalgunes/garmin-jailbot/source/JailbotWatchFaceView.mc" id="139" lineNum="146" parent="globals/JailbotWatchFaceView" pc="268452509" symbol="drawPixelatedAOD"/>
        <entry filename="/Users/erdalgunes/garmin-jailbot/source/JailbotWatchFaceView.mc" id="139" lineNum="147" parent="globals/JailbotWatchFaceView" pc="268452516" symbol="drawPixelatedAOD"/>
        <entry filename="/Users/erdalgunes/garmin-jailbot/source/JailbotWatchFaceView.mc" id="139" lineNum="148" parent="globals/JailbotWatchFaceView" pc="268452520" symbol="drawPixelatedAOD"/>
        <entry filename="/Users/erdalgunes/garmin-jailbot/source/JailbotWatchFaceView.mc" id="139" lineNum="150" parent="globals/JailbotWatchFaceView" pc="268452524" symbol="drawPixelatedAOD"/>
        <entry filename="/Users/erdalgunes/garmin-jailbot/source/JailbotWatchFaceView.mc" id="139" lineNum="151" parent="globals/JailbotWatchFaceView" pc="268452540" symbol="drawPixelatedAOD"/>
        <entry filename="/Users/erdalgunes/garmin-jailbot/source/JailbotWatchFaceView.mc" id="139" lineNum="152" parent="globals/JailbotWatchFaceView" pc="268452550" symbol="drawPixelatedAOD"/>
        <entry filename="/Users/erdalgunes/garmin-jailbot/source/JailbotWatchFaceView.mc" id="139" lineNum="155" parent="globals/JailbotWatchFaceView" pc="268452563" symbol="drawPixelatedAOD"/>
        <entry filename="/Users/erdalgunes/garmin-jailbot/source/JailbotWatchFaceView.mc" id="139" lineNum="156" parent="globals/JailbotWatchFaceView" pc="268452570" symbol="drawPixelatedAOD"/>
        <entry filename="/Users/erdalgunes/garmin-jailbot/source/JailbotWatchFaceView.mc" id="139" lineNum="159" parent="globals/JailbotWatchFaceView" pc="268452592" symbol="drawPixelatedAOD"/>
        <entry filename="/Users/erdalgunes/garmin-jailbot/source/JailbotWatchFaceView.mc" id="139" lineNum="160" parent="globals/JailbotWatchFaceView" pc="268452599" symbol="drawPixelatedAOD"/>
        <entry filename="/Users/erdalgunes/garmin-jailbot/source/JailbotWatchFaceView.mc" id="139" lineNum="163" parent="globals/JailbotWatchFaceView" pc="268452627" symbol="drawPixelatedAOD"/>
        <entry filename="/Users/erdalgunes/garmin-jailbot/source/JailbotWatchFaceView.mc" id="139" lineNum="164" parent="globals/JailbotWatchFaceView" pc="268452643" symbol="drawPixelatedAOD"/>
        <entry filename="/Users/erdalgunes/garmin-jailbot/source/JailbotWatchFaceView.mc" id="139" lineNum="165" parent="globals/JailbotWatchFaceView" pc="268452663" symbol="drawPixelatedAOD"/>
        <entry filename="/Users/erdalgunes/garmin-jailbot/source/JailbotWatchFaceView.mc" id="139" lineNum="168" parent="globals/JailbotWatchFaceView" pc="268452686" symbol="drawPixelatedAOD"/>
        <entry filename="/Users/erdalgunes/garmin-jailbot/source/JailbotWatchFaceView.mc" id="139" lineNum="169" parent="globals/JailbotWatchFaceView" pc="268452693" symbol="drawPixelatedAOD"/>
        <entry filename="/Users/erdalgunes/garmin-jailbot/source/JailbotWatchFaceView.mc" id="139" lineNum="172" parent="globals/JailbotWatchFaceView" pc="268452721" symbol="drawPixelatedAOD"/>
        <entry filename="/Users/erdalgunes/garmin-jailbot/source/JailbotWatchFaceView.mc" id="139" lineNum="173" parent="globals/JailbotWatchFaceView" pc="268452728" symbol="drawPixelatedAOD"/>
        <entry filename="/Users/erdalgunes/garmin-jailbot/source/JailbotWatchFaceView.mc" id="140" lineNum="104" parent="globals/JailbotWatchFaceView" pc="268452763" symbol="requestUpdate"/>
        <entry filename="/Users/erdalgunes/garmin-jailbot/source/JailbotWatchFaceView.mc" id="140" lineNum="106" parent="globals/JailbotWatchFaceView" pc="268452765" symbol="requestUpdate"/>
        <entry filename="/Users/erdalgunes/garmin-jailbot/source/JailbotWatchFaceView.mc" id="141" lineNum="84" parent="globals/JailbotWatchFaceView" pc="268452777" symbol="onPartialUpdate"/>
        <entry filename="/Users/erdalgunes/garmin-jailbot/source/JailbotWatchFaceView.mc" id="141" lineNum="85" parent="globals/JailbotWatchFaceView" pc="268452780" symbol="onPartialUpdate"/>
        <entry filename="/Users/erdalgunes/garmin-jailbot/source/JailbotWatchFaceView.mc" id="141" lineNum="87" parent="globals/JailbotWatchFaceView" pc="268452788" symbol="onPartialUpdate"/>
        <entry filename="/Users/erdalgunes/garmin-jailbot/source/JailbotWatchFaceView.mc" id="141" lineNum="88" parent="globals/JailbotWatchFaceView" pc="268452797" symbol="onPartialUpdate"/>
        <entry filename="/Users/erdalgunes/garmin-jailbot/source/JailbotWatchFaceView.mc" id="141" lineNum="90" parent="globals/JailbotWatchFaceView" pc="268452806" symbol="onPartialUpdate"/>
        <entry filename="/Users/erdalgunes/garmin-jailbot/source/JailbotWatchFaceView.mc" id="143" lineNum="22" parent="globals/JailbotWatchFaceView" pc="268452827" symbol="initialize"/>
        <entry filename="/Users/erdalgunes/garmin-jailbot/source/JailbotWatchFaceView.mc" id="143" lineNum="23" parent="globals/JailbotWatchFaceView" pc="268452829" symbol="initialize"/>
        <entry filename="/Users/erdalgunes/garmin-jailbot/source/JailbotWatchFaceView.mc" id="143" lineNum="26" parent="globals/JailbotWatchFaceView" pc="268452841" symbol="initialize"/>
        <entry filename="/Users/erdalgunes/garmin-jailbot/source/JailbotWatchFaceView.mc" id="143" lineNum="27" parent="globals/JailbotWatchFaceView" pc="268452849" symbol="initialize"/>
        <entry filename="/Users/erdalgunes/garmin-jailbot/source/JailbotWatchFaceView.mc" id="143" lineNum="30" parent="globals/JailbotWatchFaceView" pc="268452878" symbol="initialize"/>
        <entry filename="/Users/erdalgunes/garmin-jailbot/source/JailbotWatchFaceView.mc" id="143" lineNum="31" parent="globals/JailbotWatchFaceView" pc="268452903" symbol="initialize"/>
        <entry filename="/Users/erdalgunes/garmin-jailbot/source/JailbotWatchFaceView.mc" id="143" lineNum="34" parent="globals/JailbotWatchFaceView" pc="268452928" symbol="initialize"/>
        <entry filename="/Users/erdalgunes/garmin-jailbot/source/JailbotWatchFaceView.mc" id="143" lineNum="35" parent="globals/JailbotWatchFaceView" pc="268452936" symbol="initialize"/>
        <entry filename="/Users/erdalgunes/garmin-jailbot/source/JailbotWatchFaceView.mc" id="143" lineNum="36" parent="globals/JailbotWatchFaceView" pc="268452961" symbol="initialize"/>
        <entry filename="/Users/erdalgunes/garmin-jailbot/source/JailbotWatchFaceView.mc" id="143" lineNum="37" parent="globals/JailbotWatchFaceView" pc="268452986" symbol="initialize"/>
        <entry filename="/Users/erdalgunes/garmin-jailbot/source/JailbotWatchFaceView.mc" id="143" lineNum="41" parent="globals/JailbotWatchFaceView" pc="268453007" symbol="initialize"/>
        <entry filename="/Users/erdalgunes/garmin-jailbot/source/JailbotWatchFaceView.mc" id="144" lineNum="74" parent="globals/JailbotWatchFaceView" pc="268453037" symbol="onUpdate"/>
        <entry filename="/Users/erdalgunes/garmin-jailbot/source/JailbotWatchFaceView.mc" id="144" lineNum="75" parent="globals/JailbotWatchFaceView" pc="268453040" symbol="onUpdate"/>
        <entry filename="/Users/erdalgunes/garmin-jailbot/source/JailbotWatchFaceView.mc" id="144" lineNum="77" parent="globals/JailbotWatchFaceView" pc="268453048" symbol="onUpdate"/>
        <entry filename="/Users/erdalgunes/garmin-jailbot/source/JailbotWatchFaceView.mc" id="144" lineNum="78" parent="globals/JailbotWatchFaceView" pc="268453057" symbol="onUpdate"/>
        <entry filename="/Users/erdalgunes/garmin-jailbot/source/JailbotWatchFaceView.mc" id="144" lineNum="81" parent="globals/JailbotWatchFaceView" pc="268453066" symbol="onUpdate"/>
        <entry filename="/Users/erdalgunes/garmin-jailbot/source/MoodSystem.mc" id="145" lineNum="13" parent="globals/IMoodState" pc="268453082" symbol="score"/>
        <entry filename="/Users/erdalgunes/garmin-jailbot/source/MoodSystem.mc" id="145" lineNum="14" parent="globals/IMoodState" pc="268453084" symbol="score"/>
        <entry filename="/Users/erdalgunes/garmin-jailbot/source/MoodSystem.mc" id="146" lineNum="21" parent="globals/IMoodState" pc="268453086" symbol="exit"/>
        <entry filename="/Users/erdalgunes/garmin-jailbot/source/MoodSystem.mc" id="147" lineNum="39" parent="globals/IMoodState" pc="268453089" symbol="aodExpression"/>
        <entry filename="/Users/erdalgunes/garmin-jailbot/source/MoodSystem.mc" id="147" lineNum="40" parent="globals/IMoodState" pc="268453091" symbol="aodExpression"/>
        <entry filename="/Users/erdalgunes/garmin-jailbot/source/MoodSystem.mc" id="148" lineNum="48" parent="globals/IMoodState" pc="268453137" symbol="getExpression"/>
        <entry filename="/Users/erdalgunes/garmin-jailbot/source/MoodSystem.mc" id="148" lineNum="49" parent="globals/IMoodState" pc="268453139" symbol="getExpression"/>
        <entry filename="/Users/erdalgunes/garmin-jailbot/source/MoodSystem.mc" id="149" lineNum="25" parent="globals/IMoodState" pc="268453224" symbol="allowedVariants"/>
        <entry filename="/Users/erdalgunes/garmin-jailbot/source/MoodSystem.mc" id="149" lineNum="26" parent="globals/IMoodState" pc="268453226" symbol="allowedVariants"/>
        <entry filename="/Users/erdalgunes/garmin-jailbot/source/MoodSystem.mc" id="150" lineNum="29" parent="globals/IMoodState" pc="268453232" symbol="blinkProfile"/>
        <entry filename="/Users/erdalgunes/garmin-jailbot/source/MoodSystem.mc" id="150" lineNum="30" parent="globals/IMoodState" pc="268453234" symbol="blinkProfile"/>
        <entry filename="/Users/erdalgunes/garmin-jailbot/source/MoodSystem.mc" id="151" lineNum="61" parent="globals/IMoodState" pc="268453288" symbol="getEmoticon"/>
        <entry filename="/Users/erdalgunes/garmin-jailbot/source/MoodSystem.mc" id="151" lineNum="62" parent="globals/IMoodState" pc="268453290" symbol="getEmoticon"/>
        <entry filename="/Users/erdalgunes/garmin-jailbot/source/MoodSystem.mc" id="152" lineNum="9" parent="globals/IMoodState" pc="268453296" symbol="id"/>
        <entry filename="/Users/erdalgunes/garmin-jailbot/source/MoodSystem.mc" id="152" lineNum="10" parent="globals/IMoodState" pc="268453298" symbol="id"/>
        <entry filename="/Users/erdalgunes/garmin-jailbot/source/MoodSystem.mc" id="153" lineNum="17" parent="globals/IMoodState" pc="268453304" symbol="enter"/>
        <entry filename="/Users/erdalgunes/garmin-jailbot/source/MoodEngine.mc" id="155" lineNum="276" parent="globals/BlinkScheduler" pc="268453307" symbol="&lt;globals/BlinkScheduler/&lt;&gt;scheduleNextBlink&gt;"/>
        <entry filename="/Users/erdalgunes/garmin-jailbot/source/MoodEngine.mc" id="155" lineNum="278" parent="globals/BlinkScheduler" pc="268453310" symbol="&lt;globals/BlinkScheduler/&lt;&gt;scheduleNextBlink&gt;"/>
        <entry filename="/Users/erdalgunes/garmin-jailbot/source/MoodEngine.mc" id="155" lineNum="279" parent="globals/BlinkScheduler" pc="268453330" symbol="&lt;globals/BlinkScheduler/&lt;&gt;scheduleNextBlink&gt;"/>
        <entry filename="/Users/erdalgunes/garmin-jailbot/source/MoodEngine.mc" id="155" lineNum="280" parent="globals/BlinkScheduler" pc="268453350" symbol="&lt;globals/BlinkScheduler/&lt;&gt;scheduleNextBlink&gt;"/>
        <entry filename="/Users/erdalgunes/garmin-jailbot/source/MoodEngine.mc" id="155" lineNum="283" parent="globals/BlinkScheduler" pc="268453370" symbol="&lt;globals/BlinkScheduler/&lt;&gt;scheduleNextBlink&gt;"/>
        <entry filename="/Users/erdalgunes/garmin-jailbot/source/MoodEngine.mc" id="155" lineNum="285" parent="globals/BlinkScheduler" pc="268453386" symbol="&lt;globals/BlinkScheduler/&lt;&gt;scheduleNextBlink&gt;"/>
        <entry filename="/Users/erdalgunes/garmin-jailbot/source/MoodEngine.mc" id="156" lineNum="308" parent="globals/BlinkScheduler" pc="268453407" symbol="getBlinkPhase"/>
        <entry filename="/Users/erdalgunes/garmin-jailbot/source/MoodEngine.mc" id="156" lineNum="309" parent="globals/BlinkScheduler" pc="268453410" symbol="getBlinkPhase"/>
        <entry filename="/Users/erdalgunes/garmin-jailbot/source/MoodEngine.mc" id="156" lineNum="310" parent="globals/BlinkScheduler" pc="268453419" symbol="getBlinkPhase"/>
        <entry filename="/Users/erdalgunes/garmin-jailbot/source/MoodEngine.mc" id="156" lineNum="313" parent="globals/BlinkScheduler" pc="268453424" symbol="getBlinkPhase"/>
        <entry filename="/Users/erdalgunes/garmin-jailbot/source/MoodEngine.mc" id="156" lineNum="314" parent="globals/BlinkScheduler" pc="268453442" symbol="getBlinkPhase"/>
        <entry filename="/Users/erdalgunes/garmin-jailbot/source/MoodEngine.mc" id="156" lineNum="316" parent="globals/BlinkScheduler" pc="268453457" symbol="getBlinkPhase"/>
        <entry filename="/Users/erdalgunes/garmin-jailbot/source/MoodEngine.mc" id="156" lineNum="317" parent="globals/BlinkScheduler" pc="268453468" symbol="getBlinkPhase"/>
        <entry filename="/Users/erdalgunes/garmin-jailbot/source/MoodEngine.mc" id="156" lineNum="321" parent="globals/BlinkScheduler" pc="268453473" symbol="getBlinkPhase"/>
        <entry filename="/Users/erdalgunes/garmin-jailbot/source/MoodEngine.mc" id="157" lineNum="324" parent="globals/BlinkScheduler" pc="268453494" symbol="&lt;globals/BlinkScheduler/&lt;&gt;getDefaultProfile&gt;"/>
        <entry filename="/Users/erdalgunes/garmin-jailbot/source/MoodEngine.mc" id="157" lineNum="325" parent="globals/BlinkScheduler" pc="268453496" symbol="&lt;globals/BlinkScheduler/&lt;&gt;getDefaultProfile&gt;"/>
        <entry filename="/Users/erdalgunes/garmin-jailbot/source/MoodEngine.mc" id="158" lineNum="270" parent="globals/BlinkScheduler" pc="268453550" symbol="&lt;globals/BlinkScheduler/&lt;&gt;startBlink&gt;"/>
        <entry filename="/Users/erdalgunes/garmin-jailbot/source/MoodEngine.mc" id="158" lineNum="271" parent="globals/BlinkScheduler" pc="268453552" symbol="&lt;globals/BlinkScheduler/&lt;&gt;startBlink&gt;"/>
        <entry filename="/Users/erdalgunes/garmin-jailbot/source/MoodEngine.mc" id="158" lineNum="272" parent="globals/BlinkScheduler" pc="268453560" symbol="&lt;globals/BlinkScheduler/&lt;&gt;startBlink&gt;"/>
        <entry filename="/Users/erdalgunes/garmin-jailbot/source/MoodEngine.mc" id="158" lineNum="273" parent="globals/BlinkScheduler" pc="268453577" symbol="&lt;globals/BlinkScheduler/&lt;&gt;startBlink&gt;"/>
        <entry filename="/Users/erdalgunes/garmin-jailbot/source/MoodEngine.mc" id="159" lineNum="288" parent="globals/BlinkScheduler" pc="268453587" symbol="&lt;globals/BlinkScheduler/&lt;&gt;generateBlinkInterval&gt;"/>
        <entry filename="/Users/erdalgunes/garmin-jailbot/source/MoodEngine.mc" id="159" lineNum="290" parent="globals/BlinkScheduler" pc="268453590" symbol="&lt;globals/BlinkScheduler/&lt;&gt;generateBlinkInterval&gt;"/>
        <entry filename="/Users/erdalgunes/garmin-jailbot/source/MoodEngine.mc" id="159" lineNum="291" parent="globals/BlinkScheduler" pc="268453597" symbol="&lt;globals/BlinkScheduler/&lt;&gt;generateBlinkInterval&gt;"/>
        <entry filename="/Users/erdalgunes/garmin-jailbot/source/MoodEngine.mc" id="159" lineNum="293" parent="globals/BlinkScheduler" pc="268453607" symbol="&lt;globals/BlinkScheduler/&lt;&gt;generateBlinkInterval&gt;"/>
        <entry filename="/Users/erdalgunes/garmin-jailbot/source/MoodEngine.mc" id="159" lineNum="294" parent="globals/BlinkScheduler" pc="268453629" symbol="&lt;globals/BlinkScheduler/&lt;&gt;generateBlinkInterval&gt;"/>
        <entry filename="/Users/erdalgunes/garmin-jailbot/source/MoodEngine.mc" id="159" lineNum="297" parent="globals/BlinkScheduler" pc="268453651" symbol="&lt;globals/BlinkScheduler/&lt;&gt;generateBlinkInterval&gt;"/>
        <entry filename="/Users/erdalgunes/garmin-jailbot/source/MoodEngine.mc" id="159" lineNum="301" parent="globals/BlinkScheduler" pc="268453728" symbol="&lt;globals/BlinkScheduler/&lt;&gt;generateBlinkInterval&gt;"/>
        <entry filename="/Users/erdalgunes/garmin-jailbot/source/MoodEngine.mc" id="160" lineNum="236" parent="globals/BlinkScheduler" pc="268453737" symbol="update"/>
        <entry filename="/Users/erdalgunes/garmin-jailbot/source/MoodEngine.mc" id="160" lineNum="237" parent="globals/BlinkScheduler" pc="268453740" symbol="update"/>
        <entry filename="/Users/erdalgunes/garmin-jailbot/source/MoodEngine.mc" id="160" lineNum="238" parent="globals/BlinkScheduler" pc="268453749" symbol="update"/>
        <entry filename="/Users/erdalgunes/garmin-jailbot/source/MoodEngine.mc" id="160" lineNum="241" parent="globals/BlinkScheduler" pc="268453761" symbol="update"/>
        <entry filename="/Users/erdalgunes/garmin-jailbot/source/MoodEngine.mc" id="160" lineNum="242" parent="globals/BlinkScheduler" pc="268453769" symbol="update"/>
        <entry filename="/Users/erdalgunes/garmin-jailbot/source/MoodEngine.mc" id="160" lineNum="243" parent="globals/BlinkScheduler" pc="268453792" symbol="update"/>
        <entry filename="/Users/erdalgunes/garmin-jailbot/source/MoodEngine.mc" id="160" lineNum="244" parent="globals/BlinkScheduler" pc="268453800" symbol="update"/>
        <entry filename="/Users/erdalgunes/garmin-jailbot/source/MoodEngine.mc" id="160" lineNum="248" parent="globals/BlinkScheduler" pc="268453804" symbol="update"/>
        <entry filename="/Users/erdalgunes/garmin-jailbot/source/MoodEngine.mc" id="160" lineNum="249" parent="globals/BlinkScheduler" pc="268453824" symbol="update"/>
        <entry filename="/Users/erdalgunes/garmin-jailbot/source/MoodEngine.mc" id="160" lineNum="252" parent="globals/BlinkScheduler" pc="268453847" symbol="update"/>
        <entry filename="/Users/erdalgunes/garmin-jailbot/source/MoodEngine.mc" id="160" lineNum="254" parent="globals/BlinkScheduler" pc="268453883" symbol="update"/>
        <entry filename="/Users/erdalgunes/garmin-jailbot/source/MoodEngine.mc" id="160" lineNum="256" parent="globals/BlinkScheduler" pc="268453913" symbol="update"/>
        <entry filename="/Users/erdalgunes/garmin-jailbot/source/MoodEngine.mc" id="160" lineNum="261" parent="globals/BlinkScheduler" pc="268453927" symbol="update"/>
        <entry filename="/Users/erdalgunes/garmin-jailbot/source/MoodEngine.mc" id="160" lineNum="262" parent="globals/BlinkScheduler" pc="268453952" symbol="update"/>
        <entry filename="/Users/erdalgunes/garmin-jailbot/source/MoodEngine.mc" id="160" lineNum="264" parent="globals/BlinkScheduler" pc="268453960" symbol="update"/>
        <entry filename="/Users/erdalgunes/garmin-jailbot/source/MoodEngine.mc" id="160" lineNum="265" parent="globals/BlinkScheduler" pc="268453971" symbol="update"/>
        <entry filename="/Users/erdalgunes/garmin-jailbot/source/MoodEngine.mc" id="161" lineNum="304" parent="globals/BlinkScheduler" pc="268453989" symbol="triggerEventBlink"/>
        <entry filename="/Users/erdalgunes/garmin-jailbot/source/MoodEngine.mc" id="161" lineNum="305" parent="globals/BlinkScheduler" pc="268453991" symbol="triggerEventBlink"/>
        <entry filename="/Users/erdalgunes/garmin-jailbot/source/MoodEngine.mc" id="162" lineNum="225" parent="globals/BlinkScheduler" pc="268454000" symbol="initialize"/>
        <entry filename="/Users/erdalgunes/garmin-jailbot/source/MoodEngine.mc" id="162" lineNum="226" parent="globals/BlinkScheduler" pc="268454002" symbol="initialize"/>
        <entry filename="/Users/erdalgunes/garmin-jailbot/source/MoodEngine.mc" id="162" lineNum="227" parent="globals/BlinkScheduler" pc="268454010" symbol="initialize"/>
        <entry filename="/Users/erdalgunes/garmin-jailbot/source/MoodEngine.mc" id="162" lineNum="228" parent="globals/BlinkScheduler" pc="268454018" symbol="initialize"/>
        <entry filename="/Users/erdalgunes/garmin-jailbot/source/MoodEngine.mc" id="162" lineNum="229" parent="globals/BlinkScheduler" pc="268454027" symbol="initialize"/>
        <entry filename="/Users/erdalgunes/garmin-jailbot/source/MoodEngine.mc" id="162" lineNum="230" parent="globals/BlinkScheduler" pc="268454035" symbol="initialize"/>
        <entry filename="/Users/erdalgunes/garmin-jailbot/source/MoodEngine.mc" id="162" lineNum="231" parent="globals/BlinkScheduler" pc="268454043" symbol="initialize"/>
        <entry filename="/Users/erdalgunes/garmin-jailbot/source/MoodEngine.mc" id="162" lineNum="233" parent="globals/BlinkScheduler" pc="268454051" symbol="initialize"/>
        <entry filename="/Users/erdalgunes/garmin-jailbot/source/MoodSystem.mc" id="163" lineNum="255" parent="globals/RecoveringState" pc="268454067" symbol="score"/>
        <entry filename="/Users/erdalgunes/garmin-jailbot/source/MoodSystem.mc" id="163" lineNum="256" parent="globals/RecoveringState" pc="268454069" symbol="score"/>
        <entry filename="/Users/erdalgunes/garmin-jailbot/source/MoodSystem.mc" id="163" lineNum="256" parent="globals/RecoveringState" pc="268454078" symbol="score"/>
        <entry filename="/Users/erdalgunes/garmin-jailbot/source/MoodSystem.mc" id="163" lineNum="257" parent="globals/RecoveringState" pc="268454087" symbol="score"/>
        <entry filename="/Users/erdalgunes/garmin-jailbot/source/MoodSystem.mc" id="163" lineNum="257" parent="globals/RecoveringState" pc="268454111" symbol="score"/>
        <entry filename="/Users/erdalgunes/garmin-jailbot/source/MoodSystem.mc" id="163" lineNum="258" parent="globals/RecoveringState" pc="268454120" symbol="score"/>
        <entry filename="/Users/erdalgunes/garmin-jailbot/source/MoodSystem.mc" id="164" lineNum="271" parent="globals/RecoveringState" pc="268454122" symbol="getExpression"/>
        <entry filename="/Users/erdalgunes/garmin-jailbot/source/MoodSystem.mc" id="164" lineNum="272" parent="globals/RecoveringState" pc="268454124" symbol="getExpression"/>
        <entry filename="/Users/erdalgunes/garmin-jailbot/source/MoodSystem.mc" id="165" lineNum="261" parent="globals/RecoveringState" pc="268454213" symbol="blinkProfile"/>
        <entry filename="/Users/erdalgunes/garmin-jailbot/source/MoodSystem.mc" id="165" lineNum="262" parent="globals/RecoveringState" pc="268454215" symbol="blinkProfile"/>
        <entry filename="/Users/erdalgunes/garmin-jailbot/source/MoodSystem.mc" id="166" lineNum="284" parent="globals/RecoveringState" pc="268454269" symbol="getEmoticon"/>
        <entry filename="/Users/erdalgunes/garmin-jailbot/source/MoodSystem.mc" id="166" lineNum="285" parent="globals/RecoveringState" pc="268454271" symbol="getEmoticon"/>
        <entry filename="/Users/erdalgunes/garmin-jailbot/source/MoodSystem.mc" id="167" lineNum="253" parent="globals/RecoveringState" pc="268454277" symbol="id"/>
        <entry filename="/Users/erdalgunes/garmin-jailbot/source/MoodSystem.mc" id="167" lineNum="253" parent="globals/RecoveringState" pc="268454279" symbol="id"/>
        <entry filename="/Users/erdalgunes/garmin-jailbot/source/PixelResolution.mc" id="169" lineNum="29" parent="globals/PixelResolution/PixelMetrics" pc="268454285" symbol="getCellX"/>
        <entry filename="/Users/erdalgunes/garmin-jailbot/source/PixelResolution.mc" id="169" lineNum="30" parent="globals/PixelResolution/PixelMetrics" pc="268454287" symbol="getCellX"/>
        <entry filename="/Users/erdalgunes/garmin-jailbot/source/PixelResolution.mc" id="170" lineNum="33" parent="globals/PixelResolution/PixelMetrics" pc="268454308" symbol="getCellY"/>
        <entry filename="/Users/erdalgunes/garmin-jailbot/source/PixelResolution.mc" id="170" lineNum="34" parent="globals/PixelResolution/PixelMetrics" pc="268454310" symbol="getCellY"/>
        <entry filename="/Users/erdalgunes/garmin-jailbot/source/PixelResolution.mc" id="171" lineNum="37" parent="globals/PixelResolution/PixelMetrics" pc="268454331" symbol="getTotalWidth"/>
        <entry filename="/Users/erdalgunes/garmin-jailbot/source/PixelResolution.mc" id="171" lineNum="38" parent="globals/PixelResolution/PixelMetrics" pc="268454333" symbol="getTotalWidth"/>
        <entry filename="/Users/erdalgunes/garmin-jailbot/source/PixelResolution.mc" id="172" lineNum="41" parent="globals/PixelResolution/PixelMetrics" pc="268454354" symbol="getTotalHeight"/>
        <entry filename="/Users/erdalgunes/garmin-jailbot/source/PixelResolution.mc" id="172" lineNum="42" parent="globals/PixelResolution/PixelMetrics" pc="268454356" symbol="getTotalHeight"/>
        <entry filename="/Users/erdalgunes/garmin-jailbot/source/PixelResolution.mc" id="173" lineNum="22" parent="globals/PixelResolution/PixelMetrics" pc="268454377" symbol="initialize"/>
        <entry filename="/Users/erdalgunes/garmin-jailbot/source/PixelResolution.mc" id="173" lineNum="23" parent="globals/PixelResolution/PixelMetrics" pc="268454379" symbol="initialize"/>
        <entry filename="/Users/erdalgunes/garmin-jailbot/source/PixelResolution.mc" id="173" lineNum="24" parent="globals/PixelResolution/PixelMetrics" pc="268454388" symbol="initialize"/>
        <entry filename="/Users/erdalgunes/garmin-jailbot/source/PixelResolution.mc" id="173" lineNum="25" parent="globals/PixelResolution/PixelMetrics" pc="268454397" symbol="initialize"/>
        <entry filename="/Users/erdalgunes/garmin-jailbot/source/PixelResolution.mc" id="173" lineNum="26" parent="globals/PixelResolution/PixelMetrics" pc="268454406" symbol="initialize"/>
        <entry filename="/Users/erdalgunes/garmin-jailbot/source/PixelResolution.mc" id="174" lineNum="57" parent="globals/PixelResolution/ResolutionManager" pc="268454416" symbol="updateScale"/>
        <entry filename="/Users/erdalgunes/garmin-jailbot/source/PixelResolution.mc" id="174" lineNum="58" parent="globals/PixelResolution/ResolutionManager" pc="268454419" symbol="updateScale"/>
        <entry filename="/Users/erdalgunes/garmin-jailbot/source/PixelResolution.mc" id="174" lineNum="59" parent="globals/PixelResolution/ResolutionManager" pc="268454428" symbol="updateScale"/>
        <entry filename="/Users/erdalgunes/garmin-jailbot/source/PixelResolution.mc" id="174" lineNum="61" parent="globals/PixelResolution/ResolutionManager" pc="268454438" symbol="updateScale"/>
        <entry filename="/Users/erdalgunes/garmin-jailbot/source/PixelResolution.mc" id="174" lineNum="62" parent="globals/PixelResolution/ResolutionManager" pc="268454465" symbol="updateScale"/>
        <entry filename="/Users/erdalgunes/garmin-jailbot/source/PixelResolution.mc" id="174" lineNum="62" parent="globals/PixelResolution/ResolutionManager" pc="268454476" symbol="updateScale"/>
        <entry filename="/Users/erdalgunes/garmin-jailbot/source/PixelResolution.mc" id="174" lineNum="64" parent="globals/PixelResolution/ResolutionManager" pc="268454488" symbol="updateScale"/>
        <entry filename="/Users/erdalgunes/garmin-jailbot/source/PixelResolution.mc" id="174" lineNum="65" parent="globals/PixelResolution/ResolutionManager" pc="268454515" symbol="updateScale"/>
        <entry filename="/Users/erdalgunes/garmin-jailbot/source/PixelResolution.mc" id="174" lineNum="65" parent="globals/PixelResolution/ResolutionManager" pc="268454525" symbol="updateScale"/>
        <entry filename="/Users/erdalgunes/garmin-jailbot/source/PixelResolution.mc" id="175" lineNum="80" parent="globals/PixelResolution/ResolutionManager" pc="268454537" symbol="setGap"/>
        <entry filename="/Users/erdalgunes/garmin-jailbot/source/PixelResolution.mc" id="175" lineNum="81" parent="globals/PixelResolution/ResolutionManager" pc="268454539" symbol="setGap"/>
        <entry filename="/Users/erdalgunes/garmin-jailbot/source/PixelResolution.mc" id="176" lineNum="84" parent="globals/PixelResolution/ResolutionManager" pc="268454549" symbol="centerGrid"/>
        <entry filename="/Users/erdalgunes/garmin-jailbot/source/PixelResolution.mc" id="176" lineNum="85" parent="globals/PixelResolution/ResolutionManager" pc="268454552" symbol="centerGrid"/>
        <entry filename="/Users/erdalgunes/garmin-jailbot/source/PixelResolution.mc" id="176" lineNum="86" parent="globals/PixelResolution/ResolutionManager" pc="268454584" symbol="centerGrid"/>
        <entry filename="/Users/erdalgunes/garmin-jailbot/source/PixelResolution.mc" id="176" lineNum="87" parent="globals/PixelResolution/ResolutionManager" pc="268454601" symbol="centerGrid"/>
        <entry filename="/Users/erdalgunes/garmin-jailbot/source/PixelResolution.mc" id="176" lineNum="89" parent="globals/PixelResolution/ResolutionManager" pc="268454618" symbol="centerGrid"/>
        <entry filename="/Users/erdalgunes/garmin-jailbot/source/PixelResolution.mc" id="176" lineNum="90" parent="globals/PixelResolution/ResolutionManager" pc="268454634" symbol="centerGrid"/>
        <entry filename="/Users/erdalgunes/garmin-jailbot/source/PixelResolution.mc" id="176" lineNum="92" parent="globals/PixelResolution/ResolutionManager" pc="268454650" symbol="centerGrid"/>
        <entry filename="/Users/erdalgunes/garmin-jailbot/source/PixelResolution.mc" id="178" lineNum="68" parent="globals/PixelResolution/ResolutionManager" pc="268454653" symbol="dp"/>
        <entry filename="/Users/erdalgunes/garmin-jailbot/source/PixelResolution.mc" id="178" lineNum="69" parent="globals/PixelResolution/ResolutionManager" pc="268454656" symbol="dp"/>
        <entry filename="/Users/erdalgunes/garmin-jailbot/source/PixelResolution.mc" id="178" lineNum="70" parent="globals/PixelResolution/ResolutionManager" pc="268454665" symbol="dp"/>
        <entry filename="/Users/erdalgunes/garmin-jailbot/source/PixelResolution.mc" id="178" lineNum="71" parent="globals/PixelResolution/ResolutionManager" pc="268454675" symbol="dp"/>
        <entry filename="/Users/erdalgunes/garmin-jailbot/source/PixelResolution.mc" id="178" lineNum="72" parent="globals/PixelResolution/ResolutionManager" pc="268454694" symbol="dp"/>
        <entry filename="/Users/erdalgunes/garmin-jailbot/source/PixelResolution.mc" id="178" lineNum="72" parent="globals/PixelResolution/ResolutionManager" pc="268454702" symbol="dp"/>
        <entry filename="/Users/erdalgunes/garmin-jailbot/source/PixelResolution.mc" id="178" lineNum="73" parent="globals/PixelResolution/ResolutionManager" pc="268454709" symbol="dp"/>
        <entry filename="/Users/erdalgunes/garmin-jailbot/source/PixelResolution.mc" id="179" lineNum="76" parent="globals/PixelResolution/ResolutionManager" pc="268454712" symbol="setBlockSize"/>
        <entry filename="/Users/erdalgunes/garmin-jailbot/source/PixelResolution.mc" id="179" lineNum="77" parent="globals/PixelResolution/ResolutionManager" pc="268454714" symbol="setBlockSize"/>
        <entry filename="/Users/erdalgunes/garmin-jailbot/source/PixelResolution.mc" id="180" lineNum="95" parent="globals/PixelResolution/ResolutionManager" pc="268454724" symbol="positionGrid"/>
        <entry filename="/Users/erdalgunes/garmin-jailbot/source/PixelResolution.mc" id="180" lineNum="96" parent="globals/PixelResolution/ResolutionManager" pc="268454726" symbol="positionGrid"/>
        <entry filename="/Users/erdalgunes/garmin-jailbot/source/PixelResolution.mc" id="181" lineNum="10" parent="globals/PixelResolution/GridSpec" pc="268454759" symbol="initialize"/>
        <entry filename="/Users/erdalgunes/garmin-jailbot/source/PixelResolution.mc" id="181" lineNum="11" parent="globals/PixelResolution/GridSpec" pc="268454761" symbol="initialize"/>
        <entry filename="/Users/erdalgunes/garmin-jailbot/source/PixelResolution.mc" id="181" lineNum="12" parent="globals/PixelResolution/GridSpec" pc="268454770" symbol="initialize"/>
        <entry filename="/Users/erdalgunes/garmin-jailbot/source/PixelResolution.mc" id="182" lineNum="124" parent="globals/PixelResolution/PixelRenderer" pc="268454780" symbol="drawRectangle"/>
        <entry filename="/Users/erdalgunes/garmin-jailbot/source/PixelResolution.mc" id="182" lineNum="125" parent="globals/PixelResolution/PixelRenderer" pc="268454783" symbol="drawRectangle"/>
        <entry filename="/Users/erdalgunes/garmin-jailbot/source/PixelResolution.mc" id="182" lineNum="126" parent="globals/PixelResolution/PixelRenderer" pc="268454794" symbol="drawRectangle"/>
        <entry filename="/Users/erdalgunes/garmin-jailbot/source/PixelResolution.mc" id="182" lineNum="127" parent="globals/PixelResolution/PixelRenderer" pc="268454805" symbol="drawRectangle"/>
        <entry filename="/Users/erdalgunes/garmin-jailbot/source/PixelResolution.mc" id="183" lineNum="109" parent="globals/PixelResolution/PixelRenderer" pc="268454896" symbol="drawGrid"/>
        <entry filename="/Users/erdalgunes/garmin-jailbot/source/PixelResolution.mc" id="183" lineNum="110" parent="globals/PixelResolution/PixelRenderer" pc="268454899" symbol="drawGrid"/>
        <entry filename="/Users/erdalgunes/garmin-jailbot/source/PixelResolution.mc" id="183" lineNum="111" parent="globals/PixelResolution/PixelRenderer" pc="268454914" symbol="drawGrid"/>
        <entry filename="/Users/erdalgunes/garmin-jailbot/source/PixelResolution.mc" id="183" lineNum="112" parent="globals/PixelResolution/PixelRenderer" pc="268454929" symbol="drawGrid"/>
        <entry filename="/Users/erdalgunes/garmin-jailbot/source/PixelResolution.mc" id="183" lineNum="113" parent="globals/PixelResolution/PixelRenderer" pc="268454958" symbol="drawGrid"/>
        <entry filename="/Users/erdalgunes/garmin-jailbot/source/PixelResolution.mc" id="184" lineNum="104" parent="globals/PixelResolution/PixelRenderer" pc="268455046" symbol="initialize"/>
        <entry filename="/Users/erdalgunes/garmin-jailbot/source/PixelResolution.mc" id="184" lineNum="105" parent="globals/PixelResolution/PixelRenderer" pc="268455048" symbol="initialize"/>
        <entry filename="/Users/erdalgunes/garmin-jailbot/source/PixelResolution.mc" id="184" lineNum="106" parent="globals/PixelResolution/PixelRenderer" pc="268455057" symbol="initialize"/>
        <entry filename="/Users/erdalgunes/garmin-jailbot/source/PixelTimeComponents.mc" id="185" lineNum="145" parent="globals/PixelTime/TimeDisplay" pc="268455067" symbol="drawDigit"/>
        <entry filename="/Users/erdalgunes/garmin-jailbot/source/PixelTimeComponents.mc" id="185" lineNum="146" parent="globals/PixelTime/TimeDisplay" pc="268455070" symbol="drawDigit"/>
        <entry filename="/Users/erdalgunes/garmin-jailbot/source/PixelTimeComponents.mc" id="185" lineNum="147" parent="globals/PixelTime/TimeDisplay" pc="268455085" symbol="drawDigit"/>
        <entry filename="/Users/erdalgunes/garmin-jailbot/source/PixelTimeComponents.mc" id="185" lineNum="148" parent="globals/PixelTime/TimeDisplay" pc="268455104" symbol="drawDigit"/>
        <entry filename="/Users/erdalgunes/garmin-jailbot/source/PixelTimeComponents.mc" id="185" lineNum="150" parent="globals/PixelTime/TimeDisplay" pc="268455132" symbol="drawDigit"/>
        <entry filename="/Users/erdalgunes/garmin-jailbot/source/PixelTimeComponents.mc" id="185" lineNum="151" parent="globals/PixelTime/TimeDisplay" pc="268455146" symbol="drawDigit"/>
        <entry filename="/Users/erdalgunes/garmin-jailbot/source/PixelTimeComponents.mc" id="185" lineNum="152" parent="globals/PixelTime/TimeDisplay" pc="268455160" symbol="drawDigit"/>
        <entry filename="/Users/erdalgunes/garmin-jailbot/source/PixelTimeComponents.mc" id="185" lineNum="153" parent="globals/PixelTime/TimeDisplay" pc="268455174" symbol="drawDigit"/>
        <entry filename="/Users/erdalgunes/garmin-jailbot/source/PixelTimeComponents.mc" id="186" lineNum="78" parent="globals/PixelTime/TimeDisplay" pc="268455216" symbol="initialize"/>
        <entry filename="/Users/erdalgunes/garmin-jailbot/source/PixelTimeComponents.mc" id="186" lineNum="79" parent="globals/PixelTime/TimeDisplay" pc="268455218" symbol="initialize"/>
        <entry filename="/Users/erdalgunes/garmin-jailbot/source/PixelTimeComponents.mc" id="187" lineNum="82" parent="globals/PixelTime/TimeDisplay" pc="268455248" symbol="draw"/>
        <entry filename="/Users/erdalgunes/garmin-jailbot/source/PixelTimeComponents.mc" id="187" lineNum="83" parent="globals/PixelTime/TimeDisplay" pc="268455251" symbol="draw"/>
        <entry filename="/Users/erdalgunes/garmin-jailbot/source/PixelTimeComponents.mc" id="187" lineNum="84" parent="globals/PixelTime/TimeDisplay" pc="268455263" symbol="draw"/>
        <entry filename="/Users/erdalgunes/garmin-jailbot/source/PixelTimeComponents.mc" id="187" lineNum="85" parent="globals/PixelTime/TimeDisplay" pc="268455271" symbol="draw"/>
        <entry filename="/Users/erdalgunes/garmin-jailbot/source/PixelTimeComponents.mc" id="187" lineNum="87" parent="globals/PixelTime/TimeDisplay" pc="268455279" symbol="draw"/>
        <entry filename="/Users/erdalgunes/garmin-jailbot/source/PixelTimeComponents.mc" id="187" lineNum="88" parent="globals/PixelTime/TimeDisplay" pc="268455296" symbol="draw"/>
        <entry filename="/Users/erdalgunes/garmin-jailbot/source/PixelTimeComponents.mc" id="187" lineNum="89" parent="globals/PixelTime/TimeDisplay" pc="268455302" symbol="draw"/>
        <entry filename="/Users/erdalgunes/garmin-jailbot/source/PixelTimeComponents.mc" id="187" lineNum="90" parent="globals/PixelTime/TimeDisplay" pc="268455309" symbol="draw"/>
        <entry filename="/Users/erdalgunes/garmin-jailbot/source/PixelTimeComponents.mc" id="187" lineNum="91" parent="globals/PixelTime/TimeDisplay" pc="268455316" symbol="draw"/>
        <entry filename="/Users/erdalgunes/garmin-jailbot/source/PixelTimeComponents.mc" id="187" lineNum="92" parent="globals/PixelTime/TimeDisplay" pc="268455324" symbol="draw"/>
        <entry filename="/Users/erdalgunes/garmin-jailbot/source/PixelTimeComponents.mc" id="187" lineNum="96" parent="globals/PixelTime/TimeDisplay" pc="268455337" symbol="draw"/>
        <entry filename="/Users/erdalgunes/garmin-jailbot/source/PixelTimeComponents.mc" id="187" lineNum="99" parent="globals/PixelTime/TimeDisplay" pc="268455354" symbol="draw"/>
        <entry filename="/Users/erdalgunes/garmin-jailbot/source/PixelTimeComponents.mc" id="187" lineNum="101" parent="globals/PixelTime/TimeDisplay" pc="268455370" symbol="draw"/>
        <entry filename="/Users/erdalgunes/garmin-jailbot/source/PixelTimeComponents.mc" id="187" lineNum="102" parent="globals/PixelTime/TimeDisplay" pc="268455382" symbol="draw"/>
        <entry filename="/Users/erdalgunes/garmin-jailbot/source/PixelTimeComponents.mc" id="187" lineNum="105" parent="globals/PixelTime/TimeDisplay" pc="268455394" symbol="draw"/>
        <entry filename="/Users/erdalgunes/garmin-jailbot/source/PixelTimeComponents.mc" id="187" lineNum="106" parent="globals/PixelTime/TimeDisplay" pc="268455416" symbol="draw"/>
        <entry filename="/Users/erdalgunes/garmin-jailbot/source/PixelTimeComponents.mc" id="187" lineNum="107" parent="globals/PixelTime/TimeDisplay" pc="268455438" symbol="draw"/>
        <entry filename="/Users/erdalgunes/garmin-jailbot/source/PixelTimeComponents.mc" id="187" lineNum="108" parent="globals/PixelTime/TimeDisplay" pc="268455442" symbol="draw"/>
        <entry filename="/Users/erdalgunes/garmin-jailbot/source/PixelTimeComponents.mc" id="187" lineNum="111" parent="globals/PixelTime/TimeDisplay" pc="268455455" symbol="draw"/>
        <entry filename="/Users/erdalgunes/garmin-jailbot/source/PixelTimeComponents.mc" id="187" lineNum="112" parent="globals/PixelTime/TimeDisplay" pc="268455471" symbol="draw"/>
        <entry filename="/Users/erdalgunes/garmin-jailbot/source/PixelTimeComponents.mc" id="187" lineNum="113" parent="globals/PixelTime/TimeDisplay" pc="268455481" symbol="draw"/>
        <entry filename="/Users/erdalgunes/garmin-jailbot/source/PixelTimeComponents.mc" id="187" lineNum="116" parent="globals/PixelTime/TimeDisplay" pc="268455485" symbol="draw"/>
        <entry filename="/Users/erdalgunes/garmin-jailbot/source/PixelTimeComponents.mc" id="187" lineNum="117" parent="globals/PixelTime/TimeDisplay" pc="268455492" symbol="draw"/>
        <entry filename="/Users/erdalgunes/garmin-jailbot/source/PixelTimeComponents.mc" id="187" lineNum="120" parent="globals/PixelTime/TimeDisplay" pc="268455509" symbol="draw"/>
        <entry filename="/Users/erdalgunes/garmin-jailbot/source/PixelTimeComponents.mc" id="187" lineNum="121" parent="globals/PixelTime/TimeDisplay" pc="268455516" symbol="draw"/>
        <entry filename="/Users/erdalgunes/garmin-jailbot/source/PixelTimeComponents.mc" id="187" lineNum="124" parent="globals/PixelTime/TimeDisplay" pc="268455539" symbol="draw"/>
        <entry filename="/Users/erdalgunes/garmin-jailbot/source/PixelTimeComponents.mc" id="187" lineNum="125" parent="globals/PixelTime/TimeDisplay" pc="268455552" symbol="draw"/>
        <entry filename="/Users/erdalgunes/garmin-jailbot/source/PixelTimeComponents.mc" id="187" lineNum="126" parent="globals/PixelTime/TimeDisplay" pc="268455562" symbol="draw"/>
        <entry filename="/Users/erdalgunes/garmin-jailbot/source/PixelTimeComponents.mc" id="187" lineNum="128" parent="globals/PixelTime/TimeDisplay" pc="268455575" symbol="draw"/>
        <entry filename="/Users/erdalgunes/garmin-jailbot/source/PixelTimeComponents.mc" id="187" lineNum="129" parent="globals/PixelTime/TimeDisplay" pc="268455594" symbol="draw"/>
        <entry filename="/Users/erdalgunes/garmin-jailbot/source/PixelTimeComponents.mc" id="187" lineNum="130" parent="globals/PixelTime/TimeDisplay" pc="268455622" symbol="draw"/>
        <entry filename="/Users/erdalgunes/garmin-jailbot/source/PixelTimeComponents.mc" id="187" lineNum="132" parent="globals/PixelTime/TimeDisplay" pc="268455638" symbol="draw"/>
        <entry filename="/Users/erdalgunes/garmin-jailbot/source/PixelTimeComponents.mc" id="187" lineNum="133" parent="globals/PixelTime/TimeDisplay" pc="268455657" symbol="draw"/>
        <entry filename="/Users/erdalgunes/garmin-jailbot/source/PixelTimeComponents.mc" id="187" lineNum="134" parent="globals/PixelTime/TimeDisplay" pc="268455685" symbol="draw"/>
        <entry filename="/Users/erdalgunes/garmin-jailbot/source/PixelTimeComponents.mc" id="187" lineNum="137" parent="globals/PixelTime/TimeDisplay" pc="268455701" symbol="draw"/>
        <entry filename="/Users/erdalgunes/garmin-jailbot/source/PixelTimeComponents.mc" id="187" lineNum="138" parent="globals/PixelTime/TimeDisplay" pc="268455708" symbol="draw"/>
        <entry filename="/Users/erdalgunes/garmin-jailbot/source/PixelTimeComponents.mc" id="187" lineNum="141" parent="globals/PixelTime/TimeDisplay" pc="268455731" symbol="draw"/>
        <entry filename="/Users/erdalgunes/garmin-jailbot/source/PixelTimeComponents.mc" id="187" lineNum="142" parent="globals/PixelTime/TimeDisplay" pc="268455738" symbol="draw"/>
        <entry filename="/Users/erdalgunes/garmin-jailbot/source/AODComponents.mc" id="189" lineNum="138" parent="globals/AOD/MinimalTimeDisplay" pc="268455768" symbol="drawHollowDigit"/>
        <entry filename="/Users/erdalgunes/garmin-jailbot/source/AODComponents.mc" id="189" lineNum="140" parent="globals/AOD/MinimalTimeDisplay" pc="268455771" symbol="drawHollowDigit"/>
        <entry filename="/Users/erdalgunes/garmin-jailbot/source/AODComponents.mc" id="189" lineNum="141" parent="globals/AOD/MinimalTimeDisplay" pc="268455782" symbol="drawHollowDigit"/>
        <entry filename="/Users/erdalgunes/garmin-jailbot/source/AODComponents.mc" id="189" lineNum="142" parent="globals/AOD/MinimalTimeDisplay" pc="268455793" symbol="drawHollowDigit"/>
        <entry filename="/Users/erdalgunes/garmin-jailbot/source/AODComponents.mc" id="189" lineNum="144" parent="globals/AOD/MinimalTimeDisplay" pc="268455807" symbol="drawHollowDigit"/>
        <entry filename="/Users/erdalgunes/garmin-jailbot/source/AODComponents.mc" id="189" lineNum="147" parent="globals/AOD/MinimalTimeDisplay" pc="268455810" symbol="drawHollowDigit"/>
        <entry filename="/Users/erdalgunes/garmin-jailbot/source/AODComponents.mc" id="189" lineNum="148" parent="globals/AOD/MinimalTimeDisplay" pc="268455840" symbol="drawHollowDigit"/>
        <entry filename="/Users/erdalgunes/garmin-jailbot/source/AODComponents.mc" id="189" lineNum="149" parent="globals/AOD/MinimalTimeDisplay" pc="268455846" symbol="drawHollowDigit"/>
        <entry filename="/Users/erdalgunes/garmin-jailbot/source/AODComponents.mc" id="189" lineNum="151" parent="globals/AOD/MinimalTimeDisplay" pc="268455910" symbol="drawHollowDigit"/>
        <entry filename="/Users/erdalgunes/garmin-jailbot/source/AODComponents.mc" id="189" lineNum="154" parent="globals/AOD/MinimalTimeDisplay" pc="268455916" symbol="drawHollowDigit"/>
        <entry filename="/Users/erdalgunes/garmin-jailbot/source/AODComponents.mc" id="189" lineNum="155" parent="globals/AOD/MinimalTimeDisplay" pc="268455921" symbol="drawHollowDigit"/>
        <entry filename="/Users/erdalgunes/garmin-jailbot/source/AODComponents.mc" id="190" lineNum="168" parent="globals/AOD/MinimalTimeDisplay" pc="268455969" symbol="drawPixelDot"/>
        <entry filename="/Users/erdalgunes/garmin-jailbot/source/AODComponents.mc" id="190" lineNum="170" parent="globals/AOD/MinimalTimeDisplay" pc="268455972" symbol="drawPixelDot"/>
        <entry filename="/Users/erdalgunes/garmin-jailbot/source/AODComponents.mc" id="190" lineNum="171" parent="globals/AOD/MinimalTimeDisplay" pc="268455990" symbol="drawPixelDot"/>
        <entry filename="/Users/erdalgunes/garmin-jailbot/source/AODComponents.mc" id="190" lineNum="172" parent="globals/AOD/MinimalTimeDisplay" pc="268456008" symbol="drawPixelDot"/>
        <entry filename="/Users/erdalgunes/garmin-jailbot/source/AODComponents.mc" id="190" lineNum="173" parent="globals/AOD/MinimalTimeDisplay" pc="268456021" symbol="drawPixelDot"/>
        <entry filename="/Users/erdalgunes/garmin-jailbot/source/AODComponents.mc" id="191" lineNum="79" parent="globals/AOD/MinimalTimeDisplay" pc="268456045" symbol="drawAOD"/>
        <entry filename="/Users/erdalgunes/garmin-jailbot/source/AODComponents.mc" id="191" lineNum="80" parent="globals/AOD/MinimalTimeDisplay" pc="268456048" symbol="drawAOD"/>
        <entry filename="/Users/erdalgunes/garmin-jailbot/source/AODComponents.mc" id="191" lineNum="81" parent="globals/AOD/MinimalTimeDisplay" pc="268456060" symbol="drawAOD"/>
        <entry filename="/Users/erdalgunes/garmin-jailbot/source/AODComponents.mc" id="191" lineNum="82" parent="globals/AOD/MinimalTimeDisplay" pc="268456068" symbol="drawAOD"/>
        <entry filename="/Users/erdalgunes/garmin-jailbot/source/AODComponents.mc" id="191" lineNum="85" parent="globals/AOD/MinimalTimeDisplay" pc="268456076" symbol="drawAOD"/>
        <entry filename="/Users/erdalgunes/garmin-jailbot/source/AODComponents.mc" id="191" lineNum="86" parent="globals/AOD/MinimalTimeDisplay" pc="268456088" symbol="drawAOD"/>
        <entry filename="/Users/erdalgunes/garmin-jailbot/source/AODComponents.mc" id="191" lineNum="88" parent="globals/AOD/MinimalTimeDisplay" pc="268456096" symbol="drawAOD"/>
        <entry filename="/Users/erdalgunes/garmin-jailbot/source/AODComponents.mc" id="191" lineNum="89" parent="globals/AOD/MinimalTimeDisplay" pc="268456113" symbol="drawAOD"/>
        <entry filename="/Users/erdalgunes/garmin-jailbot/source/AODComponents.mc" id="191" lineNum="90" parent="globals/AOD/MinimalTimeDisplay" pc="268456119" symbol="drawAOD"/>
        <entry filename="/Users/erdalgunes/garmin-jailbot/source/AODComponents.mc" id="191" lineNum="91" parent="globals/AOD/MinimalTimeDisplay" pc="268456126" symbol="drawAOD"/>
        <entry filename="/Users/erdalgunes/garmin-jailbot/source/AODComponents.mc" id="191" lineNum="92" parent="globals/AOD/MinimalTimeDisplay" pc="268456133" symbol="drawAOD"/>
        <entry filename="/Users/erdalgunes/garmin-jailbot/source/AODComponents.mc" id="191" lineNum="93" parent="globals/AOD/MinimalTimeDisplay" pc="268456141" symbol="drawAOD"/>
        <entry filename="/Users/erdalgunes/garmin-jailbot/source/AODComponents.mc" id="191" lineNum="98" parent="globals/AOD/MinimalTimeDisplay" pc="268456154" symbol="drawAOD"/>
        <entry filename="/Users/erdalgunes/garmin-jailbot/source/AODComponents.mc" id="191" lineNum="101" parent="globals/AOD/MinimalTimeDisplay" pc="268456170" symbol="drawAOD"/>
        <entry filename="/Users/erdalgunes/garmin-jailbot/source/AODComponents.mc" id="191" lineNum="102" parent="globals/AOD/MinimalTimeDisplay" pc="268456198" symbol="drawAOD"/>
        <entry filename="/Users/erdalgunes/garmin-jailbot/source/AODComponents.mc" id="191" lineNum="103" parent="globals/AOD/MinimalTimeDisplay" pc="268456219" symbol="drawAOD"/>
        <entry filename="/Users/erdalgunes/garmin-jailbot/source/AODComponents.mc" id="191" lineNum="106" parent="globals/AOD/MinimalTimeDisplay" pc="268456247" symbol="drawAOD"/>
        <entry filename="/Users/erdalgunes/garmin-jailbot/source/AODComponents.mc" id="191" lineNum="107" parent="globals/AOD/MinimalTimeDisplay" pc="268456259" symbol="drawAOD"/>
        <entry filename="/Users/erdalgunes/garmin-jailbot/source/AODComponents.mc" id="191" lineNum="108" parent="globals/AOD/MinimalTimeDisplay" pc="268456276" symbol="drawAOD"/>
        <entry filename="/Users/erdalgunes/garmin-jailbot/source/AODComponents.mc" id="191" lineNum="109" parent="globals/AOD/MinimalTimeDisplay" pc="268456293" symbol="drawAOD"/>
        <entry filename="/Users/erdalgunes/garmin-jailbot/source/AODComponents.mc" id="191" lineNum="117" parent="globals/AOD/MinimalTimeDisplay" pc="268456353" symbol="drawAOD"/>
        <entry filename="/Users/erdalgunes/garmin-jailbot/source/AODComponents.mc" id="191" lineNum="119" parent="globals/AOD/MinimalTimeDisplay" pc="268456369" symbol="drawAOD"/>
        <entry filename="/Users/erdalgunes/garmin-jailbot/source/AODComponents.mc" id="191" lineNum="120" parent="globals/AOD/MinimalTimeDisplay" pc="268456376" symbol="drawAOD"/>
        <entry filename="/Users/erdalgunes/garmin-jailbot/source/AODComponents.mc" id="191" lineNum="121" parent="globals/AOD/MinimalTimeDisplay" pc="268456383" symbol="drawAOD"/>
        <entry filename="/Users/erdalgunes/garmin-jailbot/source/AODComponents.mc" id="191" lineNum="122" parent="globals/AOD/MinimalTimeDisplay" pc="268456390" symbol="drawAOD"/>
        <entry filename="/Users/erdalgunes/garmin-jailbot/source/AODComponents.mc" id="191" lineNum="125" parent="globals/AOD/MinimalTimeDisplay" pc="268456397" symbol="drawAOD"/>
        <entry filename="/Users/erdalgunes/garmin-jailbot/source/AODComponents.mc" id="191" lineNum="126" parent="globals/AOD/MinimalTimeDisplay" pc="268456420" symbol="drawAOD"/>
        <entry filename="/Users/erdalgunes/garmin-jailbot/source/AODComponents.mc" id="191" lineNum="129" parent="globals/AOD/MinimalTimeDisplay" pc="268456443" symbol="drawAOD"/>
        <entry filename="/Users/erdalgunes/garmin-jailbot/source/AODComponents.mc" id="191" lineNum="131" parent="globals/AOD/MinimalTimeDisplay" pc="268456458" symbol="drawAOD"/>
        <entry filename="/Users/erdalgunes/garmin-jailbot/source/AODComponents.mc" id="191" lineNum="132" parent="globals/AOD/MinimalTimeDisplay" pc="268456481" symbol="drawAOD"/>
        <entry filename="/Users/erdalgunes/garmin-jailbot/source/AODComponents.mc" id="191" lineNum="135" parent="globals/AOD/MinimalTimeDisplay" pc="268456504" symbol="drawAOD"/>
        <entry filename="/Users/erdalgunes/garmin-jailbot/source/AODComponents.mc" id="192" lineNum="176" parent="globals/AOD/MinimalTimeDisplay" pc="268456523" symbol="drawGhostJailbot"/>
        <entry filename="/Users/erdalgunes/garmin-jailbot/source/AODComponents.mc" id="192" lineNum="177" parent="globals/AOD/MinimalTimeDisplay" pc="268456526" symbol="drawGhostJailbot"/>
        <entry filename="/Users/erdalgunes/garmin-jailbot/source/AODComponents.mc" id="192" lineNum="178" parent="globals/AOD/MinimalTimeDisplay" pc="268456533" symbol="drawGhostJailbot"/>
        <entry filename="/Users/erdalgunes/garmin-jailbot/source/AODComponents.mc" id="192" lineNum="181" parent="globals/AOD/MinimalTimeDisplay" pc="268456540" symbol="drawGhostJailbot"/>
        <entry filename="/Users/erdalgunes/garmin-jailbot/source/AODComponents.mc" id="192" lineNum="182" parent="globals/AOD/MinimalTimeDisplay" pc="268456552" symbol="drawGhostJailbot"/>
        <entry filename="/Users/erdalgunes/garmin-jailbot/source/AODComponents.mc" id="192" lineNum="185" parent="globals/AOD/MinimalTimeDisplay" pc="268456587" symbol="drawGhostJailbot"/>
        <entry filename="/Users/erdalgunes/garmin-jailbot/source/AODComponents.mc" id="192" lineNum="186" parent="globals/AOD/MinimalTimeDisplay" pc="268456599" symbol="drawGhostJailbot"/>
        <entry filename="/Users/erdalgunes/garmin-jailbot/source/AODComponents.mc" id="192" lineNum="190" parent="globals/AOD/MinimalTimeDisplay" pc="268456607" symbol="drawGhostJailbot"/>
        <entry filename="/Users/erdalgunes/garmin-jailbot/source/AODComponents.mc" id="192" lineNum="192" parent="globals/AOD/MinimalTimeDisplay" pc="268456629" symbol="drawGhostJailbot"/>
        <entry filename="/Users/erdalgunes/garmin-jailbot/source/AODComponents.mc" id="192" lineNum="193" parent="globals/AOD/MinimalTimeDisplay" pc="268456639" symbol="drawGhostJailbot"/>
        <entry filename="/Users/erdalgunes/garmin-jailbot/source/AODComponents.mc" id="192" lineNum="194" parent="globals/AOD/MinimalTimeDisplay" pc="268456649" symbol="drawGhostJailbot"/>
        <entry filename="/Users/erdalgunes/garmin-jailbot/source/AODComponents.mc" id="192" lineNum="196" parent="globals/AOD/MinimalTimeDisplay" pc="268456659" symbol="drawGhostJailbot"/>
        <entry filename="/Users/erdalgunes/garmin-jailbot/source/AODComponents.mc" id="192" lineNum="198" parent="globals/AOD/MinimalTimeDisplay" pc="268456664" symbol="drawGhostJailbot"/>
        <entry filename="/Users/erdalgunes/garmin-jailbot/source/AODComponents.mc" id="192" lineNum="199" parent="globals/AOD/MinimalTimeDisplay" pc="268456688" symbol="drawGhostJailbot"/>
        <entry filename="/Users/erdalgunes/garmin-jailbot/source/AODComponents.mc" id="192" lineNum="202" parent="globals/AOD/MinimalTimeDisplay" pc="268456715" symbol="drawGhostJailbot"/>
        <entry filename="/Users/erdalgunes/garmin-jailbot/source/AODComponents.mc" id="192" lineNum="203" parent="globals/AOD/MinimalTimeDisplay" pc="268456731" symbol="drawGhostJailbot"/>
        <entry filename="/Users/erdalgunes/garmin-jailbot/source/AODComponents.mc" id="192" lineNum="207" parent="globals/AOD/MinimalTimeDisplay" pc="268456747" symbol="drawGhostJailbot"/>
        <entry filename="/Users/erdalgunes/garmin-jailbot/source/AODComponents.mc" id="192" lineNum="208" parent="globals/AOD/MinimalTimeDisplay" pc="268456757" symbol="drawGhostJailbot"/>
        <entry filename="/Users/erdalgunes/garmin-jailbot/source/AODComponents.mc" id="193" lineNum="75" parent="globals/AOD/MinimalTimeDisplay" pc="268456788" symbol="initialize"/>
        <entry filename="/Users/erdalgunes/garmin-jailbot/source/AODComponents.mc" id="193" lineNum="76" parent="globals/AOD/MinimalTimeDisplay" pc="268456790" symbol="initialize"/>
        <entry filename="/Users/erdalgunes/garmin-jailbot/source/AODComponents.mc" id="194" lineNum="162" parent="globals/AOD/MinimalTimeDisplay" pc="268456820" symbol="drawMinimalColon"/>
        <entry filename="/Users/erdalgunes/garmin-jailbot/source/AODComponents.mc" id="194" lineNum="164" parent="globals/AOD/MinimalTimeDisplay" pc="268456822" symbol="drawMinimalColon"/>
        <entry filename="/Users/erdalgunes/garmin-jailbot/source/AODComponents.mc" id="194" lineNum="165" parent="globals/AOD/MinimalTimeDisplay" pc="268456840" symbol="drawMinimalColon"/>
        <entry filename="/Users/erdalgunes/garmin-jailbot/source/AnalogComponents.mc" id="195" lineNum="12" parent="globals/AnalogClock/HourHand" pc="268456859" symbol="setup"/>
        <entry filename="/Users/erdalgunes/garmin-jailbot/source/AnalogComponents.mc" id="195" lineNum="13" parent="globals/AnalogClock/HourHand" pc="268456861" symbol="setup"/>
        <entry filename="/Users/erdalgunes/garmin-jailbot/source/AnalogComponents.mc" id="195" lineNum="14" parent="globals/AnalogClock/HourHand" pc="268456876" symbol="setup"/>
        <entry filename="/Users/erdalgunes/garmin-jailbot/source/AnalogComponents.mc" id="195" lineNum="15" parent="globals/AnalogClock/HourHand" pc="268456885" symbol="setup"/>
        <entry filename="/Users/erdalgunes/garmin-jailbot/source/AnalogComponents.mc" id="196" lineNum="18" parent="globals/AnalogClock/HourHand" pc="268456898" symbol="draw"/>
        <entry filename="/Users/erdalgunes/garmin-jailbot/source/AnalogComponents.mc" id="196" lineNum="20" parent="globals/AnalogClock/HourHand" pc="268456901" symbol="draw"/>
        <entry filename="/Users/erdalgunes/garmin-jailbot/source/AnalogComponents.mc" id="196" lineNum="21" parent="globals/AnalogClock/HourHand" pc="268456926" symbol="draw"/>
        <entry filename="/Users/erdalgunes/garmin-jailbot/source/AnalogComponents.mc" id="196" lineNum="22" parent="globals/AnalogClock/HourHand" pc="268456951" symbol="draw"/>
        <entry filename="/Users/erdalgunes/garmin-jailbot/source/AnalogComponents.mc" id="196" lineNum="23" parent="globals/AnalogClock/HourHand" pc="268456982" symbol="draw"/>
        <entry filename="/Users/erdalgunes/garmin-jailbot/source/AnalogComponents.mc" id="196" lineNum="25" parent="globals/AnalogClock/HourHand" pc="268457013" symbol="draw"/>
        <entry filename="/Users/erdalgunes/garmin-jailbot/source/AnalogComponents.mc" id="196" lineNum="26" parent="globals/AnalogClock/HourHand" pc="268457030" symbol="draw"/>
        <entry filename="/Users/erdalgunes/garmin-jailbot/source/AnalogComponents.mc" id="196" lineNum="27" parent="globals/AnalogClock/HourHand" pc="268457045" symbol="draw"/>
        <entry filename="/Users/erdalgunes/garmin-jailbot/source/AnalogComponents.mc" id="198" lineNum="30" parent="globals/AnalogClock/HourHand" pc="268457064" symbol="calculateAngle"/>
        <entry filename="/Users/erdalgunes/garmin-jailbot/source/AnalogComponents.mc" id="198" lineNum="32" parent="globals/AnalogClock/HourHand" pc="268457067" symbol="calculateAngle"/>
        <entry filename="/Users/erdalgunes/garmin-jailbot/source/AnalogComponents.mc" id="198" lineNum="33" parent="globals/AnalogClock/HourHand" pc="268457080" symbol="calculateAngle"/>
        <entry filename="/Users/erdalgunes/garmin-jailbot/source/AnalogComponents.mc" id="199" lineNum="125" parent="globals/AnalogClock/RimIndicators" pc="268457098" symbol="drawStrongMark"/>
        <entry filename="/Users/erdalgunes/garmin-jailbot/source/AnalogComponents.mc" id="199" lineNum="127" parent="globals/AnalogClock/RimIndicators" pc="268457101" symbol="drawStrongMark"/>
        <entry filename="/Users/erdalgunes/garmin-jailbot/source/AnalogComponents.mc" id="199" lineNum="128" parent="globals/AnalogClock/RimIndicators" pc="268457114" symbol="drawStrongMark"/>
        <entry filename="/Users/erdalgunes/garmin-jailbot/source/AnalogComponents.mc" id="199" lineNum="130" parent="globals/AnalogClock/RimIndicators" pc="268457130" symbol="drawStrongMark"/>
        <entry filename="/Users/erdalgunes/garmin-jailbot/source/AnalogComponents.mc" id="199" lineNum="131" parent="globals/AnalogClock/RimIndicators" pc="268457155" symbol="drawStrongMark"/>
        <entry filename="/Users/erdalgunes/garmin-jailbot/source/AnalogComponents.mc" id="199" lineNum="132" parent="globals/AnalogClock/RimIndicators" pc="268457180" symbol="drawStrongMark"/>
        <entry filename="/Users/erdalgunes/garmin-jailbot/source/AnalogComponents.mc" id="199" lineNum="133" parent="globals/AnalogClock/RimIndicators" pc="268457205" symbol="drawStrongMark"/>
        <entry filename="/Users/erdalgunes/garmin-jailbot/source/AnalogComponents.mc" id="199" lineNum="135" parent="globals/AnalogClock/RimIndicators" pc="268457230" symbol="drawStrongMark"/>
        <entry filename="/Users/erdalgunes/garmin-jailbot/source/AnalogComponents.mc" id="199" lineNum="136" parent="globals/AnalogClock/RimIndicators" pc="268457242" symbol="drawStrongMark"/>
        <entry filename="/Users/erdalgunes/garmin-jailbot/source/AnalogComponents.mc" id="200" lineNum="139" parent="globals/AnalogClock/RimIndicators" pc="268457261" symbol="drawSecondaryMark"/>
        <entry filename="/Users/erdalgunes/garmin-jailbot/source/AnalogComponents.mc" id="200" lineNum="141" parent="globals/AnalogClock/RimIndicators" pc="268457264" symbol="drawSecondaryMark"/>
        <entry filename="/Users/erdalgunes/garmin-jailbot/source/AnalogComponents.mc" id="200" lineNum="142" parent="globals/AnalogClock/RimIndicators" pc="268457277" symbol="drawSecondaryMark"/>
        <entry filename="/Users/erdalgunes/garmin-jailbot/source/AnalogComponents.mc" id="200" lineNum="144" parent="globals/AnalogClock/RimIndicators" pc="268457293" symbol="drawSecondaryMark"/>
        <entry filename="/Users/erdalgunes/garmin-jailbot/source/AnalogComponents.mc" id="200" lineNum="145" parent="globals/AnalogClock/RimIndicators" pc="268457318" symbol="drawSecondaryMark"/>
        <entry filename="/Users/erdalgunes/garmin-jailbot/source/AnalogComponents.mc" id="200" lineNum="146" parent="globals/AnalogClock/RimIndicators" pc="268457343" symbol="drawSecondaryMark"/>
        <entry filename="/Users/erdalgunes/garmin-jailbot/source/AnalogComponents.mc" id="200" lineNum="147" parent="globals/AnalogClock/RimIndicators" pc="268457368" symbol="drawSecondaryMark"/>
        <entry filename="/Users/erdalgunes/garmin-jailbot/source/AnalogComponents.mc" id="200" lineNum="149" parent="globals/AnalogClock/RimIndicators" pc="268457393" symbol="drawSecondaryMark"/>
        <entry filename="/Users/erdalgunes/garmin-jailbot/source/AnalogComponents.mc" id="200" lineNum="150" parent="globals/AnalogClock/RimIndicators" pc="268457405" symbol="drawSecondaryMark"/>
        <entry filename="/Users/erdalgunes/garmin-jailbot/source/AnalogComponents.mc" id="201" lineNum="103" parent="globals/AnalogClock/RimIndicators" pc="268457424" symbol="setup"/>
        <entry filename="/Users/erdalgunes/garmin-jailbot/source/AnalogComponents.mc" id="201" lineNum="104" parent="globals/AnalogClock/RimIndicators" pc="268457426" symbol="setup"/>
        <entry filename="/Users/erdalgunes/garmin-jailbot/source/AnalogComponents.mc" id="201" lineNum="105" parent="globals/AnalogClock/RimIndicators" pc="268457435" symbol="setup"/>
        <entry filename="/Users/erdalgunes/garmin-jailbot/source/AnalogComponents.mc" id="201" lineNum="106" parent="globals/AnalogClock/RimIndicators" pc="268457444" symbol="setup"/>
        <entry filename="/Users/erdalgunes/garmin-jailbot/source/AnalogComponents.mc" id="201" lineNum="107" parent="globals/AnalogClock/RimIndicators" pc="268457453" symbol="setup"/>
        <entry filename="/Users/erdalgunes/garmin-jailbot/source/AnalogComponents.mc" id="201" lineNum="108" parent="globals/AnalogClock/RimIndicators" pc="268457468" symbol="setup"/>
        <entry filename="/Users/erdalgunes/garmin-jailbot/source/AnalogComponents.mc" id="202" lineNum="111" parent="globals/AnalogClock/RimIndicators" pc="268457484" symbol="draw"/>
        <entry filename="/Users/erdalgunes/garmin-jailbot/source/AnalogComponents.mc" id="202" lineNum="112" parent="globals/AnalogClock/RimIndicators" pc="268457486" symbol="draw"/>
        <entry filename="/Users/erdalgunes/garmin-jailbot/source/AnalogComponents.mc" id="202" lineNum="116" parent="globals/AnalogClock/RimIndicators" pc="268457503" symbol="draw"/>
        <entry filename="/Users/erdalgunes/garmin-jailbot/source/AnalogComponents.mc" id="202" lineNum="119" parent="globals/AnalogClock/RimIndicators" pc="268457515" symbol="draw"/>
        <entry filename="/Users/erdalgunes/garmin-jailbot/source/AnalogComponents.mc" id="202" lineNum="120" parent="globals/AnalogClock/RimIndicators" pc="268457531" symbol="draw"/>
        <entry filename="/Users/erdalgunes/garmin-jailbot/source/AnalogComponents.mc" id="202" lineNum="121" parent="globals/AnalogClock/RimIndicators" pc="268457547" symbol="draw"/>
        <entry filename="/Users/erdalgunes/garmin-jailbot/source/AnalogComponents.mc" id="204" lineNum="42" parent="globals/AnalogClock/MinuteHand" pc="268457564" symbol="setup"/>
        <entry filename="/Users/erdalgunes/garmin-jailbot/source/AnalogComponents.mc" id="204" lineNum="43" parent="globals/AnalogClock/MinuteHand" pc="268457566" symbol="setup"/>
        <entry filename="/Users/erdalgunes/garmin-jailbot/source/AnalogComponents.mc" id="204" lineNum="44" parent="globals/AnalogClock/MinuteHand" pc="268457581" symbol="setup"/>
        <entry filename="/Users/erdalgunes/garmin-jailbot/source/AnalogComponents.mc" id="204" lineNum="45" parent="globals/AnalogClock/MinuteHand" pc="268457590" symbol="setup"/>
        <entry filename="/Users/erdalgunes/garmin-jailbot/source/AnalogComponents.mc" id="205" lineNum="48" parent="globals/AnalogClock/MinuteHand" pc="268457603" symbol="draw"/>
        <entry filename="/Users/erdalgunes/garmin-jailbot/source/AnalogComponents.mc" id="205" lineNum="50" parent="globals/AnalogClock/MinuteHand" pc="268457606" symbol="draw"/>
        <entry filename="/Users/erdalgunes/garmin-jailbot/source/AnalogComponents.mc" id="205" lineNum="51" parent="globals/AnalogClock/MinuteHand" pc="268457631" symbol="draw"/>
        <entry filename="/Users/erdalgunes/garmin-jailbot/source/AnalogComponents.mc" id="205" lineNum="52" parent="globals/AnalogClock/MinuteHand" pc="268457656" symbol="draw"/>
        <entry filename="/Users/erdalgunes/garmin-jailbot/source/AnalogComponents.mc" id="205" lineNum="53" parent="globals/AnalogClock/MinuteHand" pc="268457687" symbol="draw"/>
        <entry filename="/Users/erdalgunes/garmin-jailbot/source/AnalogComponents.mc" id="205" lineNum="55" parent="globals/AnalogClock/MinuteHand" pc="268457718" symbol="draw"/>
        <entry filename="/Users/erdalgunes/garmin-jailbot/source/AnalogComponents.mc" id="205" lineNum="56" parent="globals/AnalogClock/MinuteHand" pc="268457735" symbol="draw"/>
        <entry filename="/Users/erdalgunes/garmin-jailbot/source/AnalogComponents.mc" id="205" lineNum="57" parent="globals/AnalogClock/MinuteHand" pc="268457750" symbol="draw"/>
        <entry filename="/Users/erdalgunes/garmin-jailbot/source/AnalogComponents.mc" id="207" lineNum="60" parent="globals/AnalogClock/MinuteHand" pc="268457769" symbol="calculateAngle"/>
        <entry filename="/Users/erdalgunes/garmin-jailbot/source/AnalogComponents.mc" id="207" lineNum="62" parent="globals/AnalogClock/MinuteHand" pc="268457772" symbol="calculateAngle"/>
        <entry filename="/Users/erdalgunes/garmin-jailbot/source/AnalogComponents.mc" id="207" lineNum="63" parent="globals/AnalogClock/MinuteHand" pc="268457782" symbol="calculateAngle"/>
        <entry filename="/Users/erdalgunes/garmin-jailbot/source/AnalogComponents.mc" id="208" lineNum="164" parent="globals/AnalogClock/AnalogClockFace" pc="268457800" symbol="initialize"/>
        <entry filename="/Users/erdalgunes/garmin-jailbot/source/AnalogComponents.mc" id="208" lineNum="165" parent="globals/AnalogClock/AnalogClockFace" pc="268457802" symbol="initialize"/>
        <entry filename="/Users/erdalgunes/garmin-jailbot/source/AnalogComponents.mc" id="208" lineNum="166" parent="globals/AnalogClock/AnalogClockFace" pc="268457811" symbol="initialize"/>
        <entry filename="/Users/erdalgunes/garmin-jailbot/source/AnalogComponents.mc" id="208" lineNum="167" parent="globals/AnalogClock/AnalogClockFace" pc="268457820" symbol="initialize"/>
        <entry filename="/Users/erdalgunes/garmin-jailbot/source/AnalogComponents.mc" id="208" lineNum="169" parent="globals/AnalogClock/AnalogClockFace" pc="268457829" symbol="initialize"/>
        <entry filename="/Users/erdalgunes/garmin-jailbot/source/AnalogComponents.mc" id="208" lineNum="170" parent="globals/AnalogClock/AnalogClockFace" pc="268457854" symbol="initialize"/>
        <entry filename="/Users/erdalgunes/garmin-jailbot/source/AnalogComponents.mc" id="208" lineNum="172" parent="globals/AnalogClock/AnalogClockFace" pc="268457873" symbol="initialize"/>
        <entry filename="/Users/erdalgunes/garmin-jailbot/source/AnalogComponents.mc" id="208" lineNum="173" parent="globals/AnalogClock/AnalogClockFace" pc="268457898" symbol="initialize"/>
        <entry filename="/Users/erdalgunes/garmin-jailbot/source/AnalogComponents.mc" id="208" lineNum="175" parent="globals/AnalogClock/AnalogClockFace" pc="268457917" symbol="initialize"/>
        <entry filename="/Users/erdalgunes/garmin-jailbot/source/AnalogComponents.mc" id="208" lineNum="176" parent="globals/AnalogClock/AnalogClockFace" pc="268457942" symbol="initialize"/>
        <entry filename="/Users/erdalgunes/garmin-jailbot/source/AnalogComponents.mc" id="208" lineNum="178" parent="globals/AnalogClock/AnalogClockFace" pc="268457961" symbol="initialize"/>
        <entry filename="/Users/erdalgunes/garmin-jailbot/source/AnalogComponents.mc" id="208" lineNum="179" parent="globals/AnalogClock/AnalogClockFace" pc="268457986" symbol="initialize"/>
        <entry filename="/Users/erdalgunes/garmin-jailbot/source/AnalogComponents.mc" id="209" lineNum="182" parent="globals/AnalogClock/AnalogClockFace" pc="268458016" symbol="draw"/>
        <entry filename="/Users/erdalgunes/garmin-jailbot/source/AnalogComponents.mc" id="209" lineNum="184" parent="globals/AnalogClock/AnalogClockFace" pc="268458019" symbol="draw"/>
        <entry filename="/Users/erdalgunes/garmin-jailbot/source/AnalogComponents.mc" id="209" lineNum="187" parent="globals/AnalogClock/AnalogClockFace" pc="268458035" symbol="draw"/>
        <entry filename="/Users/erdalgunes/garmin-jailbot/source/AnalogComponents.mc" id="209" lineNum="188" parent="globals/AnalogClock/AnalogClockFace" pc="268458054" symbol="draw"/>
        <entry filename="/Users/erdalgunes/garmin-jailbot/source/AnalogComponents.mc" id="209" lineNum="189" parent="globals/AnalogClock/AnalogClockFace" pc="268458073" symbol="draw"/>
        <entry filename="/Users/erdalgunes/garmin-jailbot/source/AnalogComponents.mc" id="209" lineNum="191" parent="globals/AnalogClock/AnalogClockFace" pc="268458090" symbol="draw"/>
        <entry filename="/Users/erdalgunes/garmin-jailbot/source/AnalogComponents.mc" id="209" lineNum="192" parent="globals/AnalogClock/AnalogClockFace" pc="268458118" symbol="draw"/>
        <entry filename="/Users/erdalgunes/garmin-jailbot/source/AnalogComponents.mc" id="209" lineNum="193" parent="globals/AnalogClock/AnalogClockFace" pc="268458146" symbol="draw"/>
        <entry filename="/Users/erdalgunes/garmin-jailbot/source/AnalogComponents.mc" id="210" lineNum="72" parent="globals/AnalogClock/SecondHand" pc="268458175" symbol="setup"/>
        <entry filename="/Users/erdalgunes/garmin-jailbot/source/AnalogComponents.mc" id="210" lineNum="73" parent="globals/AnalogClock/SecondHand" pc="268458177" symbol="setup"/>
        <entry filename="/Users/erdalgunes/garmin-jailbot/source/AnalogComponents.mc" id="210" lineNum="74" parent="globals/AnalogClock/SecondHand" pc="268458192" symbol="setup"/>
        <entry filename="/Users/erdalgunes/garmin-jailbot/source/AnalogComponents.mc" id="210" lineNum="75" parent="globals/AnalogClock/SecondHand" pc="268458201" symbol="setup"/>
        <entry filename="/Users/erdalgunes/garmin-jailbot/source/AnalogComponents.mc" id="211" lineNum="78" parent="globals/AnalogClock/SecondHand" pc="268458214" symbol="draw"/>
        <entry filename="/Users/erdalgunes/garmin-jailbot/source/AnalogComponents.mc" id="211" lineNum="80" parent="globals/AnalogClock/SecondHand" pc="268458217" symbol="draw"/>
        <entry filename="/Users/erdalgunes/garmin-jailbot/source/AnalogComponents.mc" id="211" lineNum="81" parent="globals/AnalogClock/SecondHand" pc="268458242" symbol="draw"/>
        <entry filename="/Users/erdalgunes/garmin-jailbot/source/AnalogComponents.mc" id="211" lineNum="82" parent="globals/AnalogClock/SecondHand" pc="268458267" symbol="draw"/>
        <entry filename="/Users/erdalgunes/garmin-jailbot/source/AnalogComponents.mc" id="211" lineNum="83" parent="globals/AnalogClock/SecondHand" pc="268458298" symbol="draw"/>
        <entry filename="/Users/erdalgunes/garmin-jailbot/source/AnalogComponents.mc" id="211" lineNum="85" parent="globals/AnalogClock/SecondHand" pc="268458329" symbol="draw"/>
        <entry filename="/Users/erdalgunes/garmin-jailbot/source/AnalogComponents.mc" id="211" lineNum="86" parent="globals/AnalogClock/SecondHand" pc="268458346" symbol="draw"/>
        <entry filename="/Users/erdalgunes/garmin-jailbot/source/AnalogComponents.mc" id="211" lineNum="87" parent="globals/AnalogClock/SecondHand" pc="268458361" symbol="draw"/>
        <entry filename="/Users/erdalgunes/garmin-jailbot/source/AnalogComponents.mc" id="213" lineNum="90" parent="globals/AnalogClock/SecondHand" pc="268458380" symbol="calculateAngle"/>
        <entry filename="/Users/erdalgunes/garmin-jailbot/source/AnalogComponents.mc" id="213" lineNum="91" parent="globals/AnalogClock/SecondHand" pc="268458382" symbol="calculateAngle"/>
        <entry filename="/Users/erdalgunes/garmin-jailbot/source/JailbotAnalogFace.mc" id="214" lineNum="90" parent="globals/JailbotAnalog/AnalogStyleFactory" pc="268458400" symbol="createMinimalStyle"/>
        <entry filename="/Users/erdalgunes/garmin-jailbot/source/JailbotAnalogFace.mc" id="214" lineNum="91" parent="globals/JailbotAnalog/AnalogStyleFactory" pc="268458403" symbol="createMinimalStyle"/>
        <entry filename="/Users/erdalgunes/garmin-jailbot/source/JailbotAnalogFace.mc" id="214" lineNum="93" parent="globals/JailbotAnalog/AnalogStyleFactory" pc="268458429" symbol="createMinimalStyle"/>
        <entry filename="/Users/erdalgunes/garmin-jailbot/source/JailbotAnalogFace.mc" id="215" lineNum="85" parent="globals/JailbotAnalog/AnalogStyleFactory" pc="268458432" symbol="createClassicStyle"/>
        <entry filename="/Users/erdalgunes/garmin-jailbot/source/JailbotAnalogFace.mc" id="215" lineNum="86" parent="globals/JailbotAnalog/AnalogStyleFactory" pc="268458435" symbol="createClassicStyle"/>
        <entry filename="/Users/erdalgunes/garmin-jailbot/source/JailbotAnalogFace.mc" id="215" lineNum="87" parent="globals/JailbotAnalog/AnalogStyleFactory" pc="268458461" symbol="createClassicStyle"/>
        <entry filename="/Users/erdalgunes/garmin-jailbot/source/JailbotAnalogFace.mc" id="217" lineNum="42" parent="globals/JailbotAnalog/JailbotAnalogFace" pc="268458464" symbol="drawJailbotElements"/>
        <entry filename="/Users/erdalgunes/garmin-jailbot/source/JailbotAnalogFace.mc" id="217" lineNum="44" parent="globals/JailbotAnalog/JailbotAnalogFace" pc="268458467" symbol="drawJailbotElements"/>
        <entry filename="/Users/erdalgunes/garmin-jailbot/source/JailbotAnalogFace.mc" id="217" lineNum="47" parent="globals/JailbotAnalog/JailbotAnalogFace" pc="268458480" symbol="drawJailbotElements"/>
        <entry filename="/Users/erdalgunes/garmin-jailbot/source/JailbotAnalogFace.mc" id="217" lineNum="48" parent="globals/JailbotAnalog/JailbotAnalogFace" pc="268458493" symbol="drawJailbotElements"/>
        <entry filename="/Users/erdalgunes/garmin-jailbot/source/JailbotAnalogFace.mc" id="217" lineNum="49" parent="globals/JailbotAnalog/JailbotAnalogFace" pc="268458506" symbol="drawJailbotElements"/>
        <entry filename="/Users/erdalgunes/garmin-jailbot/source/JailbotAnalogFace.mc" id="217" lineNum="51" parent="globals/JailbotAnalog/JailbotAnalogFace" pc="268458519" symbol="drawJailbotElements"/>
        <entry filename="/Users/erdalgunes/garmin-jailbot/source/JailbotAnalogFace.mc" id="218" lineNum="37" parent="globals/JailbotAnalog/JailbotAnalogFace" pc="268458539" symbol="drawWithScreen"/>
        <entry filename="/Users/erdalgunes/garmin-jailbot/source/JailbotAnalogFace.mc" id="218" lineNum="38" parent="globals/JailbotAnalog/JailbotAnalogFace" pc="268458542" symbol="drawWithScreen"/>
        <entry filename="/Users/erdalgunes/garmin-jailbot/source/JailbotAnalogFace.mc" id="218" lineNum="39" parent="globals/JailbotAnalog/JailbotAnalogFace" pc="268458554" symbol="drawWithScreen"/>
        <entry filename="/Users/erdalgunes/garmin-jailbot/source/JailbotAnalogFace.mc" id="219" lineNum="78" parent="globals/JailbotAnalog/JailbotAnalogFace" pc="268458584" symbol="toggleJailbotDisplay"/>
        <entry filename="/Users/erdalgunes/garmin-jailbot/source/JailbotAnalogFace.mc" id="219" lineNum="79" parent="globals/JailbotAnalog/JailbotAnalogFace" pc="268458586" symbol="toggleJailbotDisplay"/>
        <entry filename="/Users/erdalgunes/garmin-jailbot/source/JailbotAnalogFace.mc" id="220" lineNum="12" parent="globals/JailbotAnalog/JailbotAnalogFace" pc="268458600" symbol="initialize"/>
        <entry filename="/Users/erdalgunes/garmin-jailbot/source/JailbotAnalogFace.mc" id="220" lineNum="13" parent="globals/JailbotAnalog/JailbotAnalogFace" pc="268458602" symbol="initialize"/>
        <entry filename="/Users/erdalgunes/garmin-jailbot/source/JailbotAnalogFace.mc" id="220" lineNum="16" parent="globals/JailbotAnalog/JailbotAnalogFace" pc="268458622" symbol="initialize"/>
        <entry filename="/Users/erdalgunes/garmin-jailbot/source/JailbotAnalogFace.mc" id="220" lineNum="17" parent="globals/JailbotAnalog/JailbotAnalogFace" pc="268458651" symbol="initialize"/>
        <entry filename="/Users/erdalgunes/garmin-jailbot/source/JailbotAnalogFace.mc" id="220" lineNum="19" parent="globals/JailbotAnalog/JailbotAnalogFace" pc="268458663" symbol="initialize"/>
        <entry filename="/Users/erdalgunes/garmin-jailbot/source/JailbotAnalogFace.mc" id="220" lineNum="20" parent="globals/JailbotAnalog/JailbotAnalogFace" pc="268458671" symbol="initialize"/>
        <entry filename="/Users/erdalgunes/garmin-jailbot/source/JailbotAnalogFace.mc" id="221" lineNum="23" parent="globals/JailbotAnalog/JailbotAnalogFace" pc="268458680" symbol="draw"/>
        <entry filename="/Users/erdalgunes/garmin-jailbot/source/JailbotAnalogFace.mc" id="221" lineNum="25" parent="globals/JailbotAnalog/JailbotAnalogFace" pc="268458683" symbol="draw"/>
        <entry filename="/Users/erdalgunes/garmin-jailbot/source/JailbotAnalogFace.mc" id="221" lineNum="26" parent="globals/JailbotAnalog/JailbotAnalogFace" pc="268458695" symbol="draw"/>
        <entry filename="/Users/erdalgunes/garmin-jailbot/source/JailbotAnalogFace.mc" id="221" lineNum="29" parent="globals/JailbotAnalog/JailbotAnalogFace" pc="268458703" symbol="draw"/>
        <entry filename="/Users/erdalgunes/garmin-jailbot/source/JailbotAnalogFace.mc" id="221" lineNum="31" parent="globals/JailbotAnalog/JailbotAnalogFace" pc="268458725" symbol="draw"/>
        <entry filename="/Users/erdalgunes/garmin-jailbot/source/JailbotAnalogFace.mc" id="221" lineNum="32" parent="globals/JailbotAnalog/JailbotAnalogFace" pc="268458733" symbol="draw"/>
        <entry filename="/Users/erdalgunes/garmin-jailbot/source/JailbotAnalogFace.mc" id="221" lineNum="33" parent="globals/JailbotAnalog/JailbotAnalogFace" pc="268458745" symbol="draw"/>
        <entry filename="/Users/erdalgunes/garmin-jailbot/source/JailbotAnalogFace.mc" id="222" lineNum="54" parent="globals/JailbotAnalog/JailbotAnalogFace" pc="268458762" symbol="drawMiniJailbot"/>
        <entry filename="/Users/erdalgunes/garmin-jailbot/source/JailbotAnalogFace.mc" id="222" lineNum="55" parent="globals/JailbotAnalog/JailbotAnalogFace" pc="268458765" symbol="drawMiniJailbot"/>
        <entry filename="/Users/erdalgunes/garmin-jailbot/source/JailbotAnalogFace.mc" id="222" lineNum="57" parent="globals/JailbotAnalog/JailbotAnalogFace" pc="268458782" symbol="drawMiniJailbot"/>
        <entry filename="/Users/erdalgunes/garmin-jailbot/source/JailbotAnalogFace.mc" id="222" lineNum="60" parent="globals/JailbotAnalog/JailbotAnalogFace" pc="268458789" symbol="drawMiniJailbot"/>
        <entry filename="/Users/erdalgunes/garmin-jailbot/source/JailbotAnalogFace.mc" id="222" lineNum="61" parent="globals/JailbotAnalog/JailbotAnalogFace" pc="268458799" symbol="drawMiniJailbot"/>
        <entry filename="/Users/erdalgunes/garmin-jailbot/source/JailbotAnalogFace.mc" id="222" lineNum="62" parent="globals/JailbotAnalog/JailbotAnalogFace" pc="268458809" symbol="drawMiniJailbot"/>
        <entry filename="/Users/erdalgunes/garmin-jailbot/source/JailbotAnalogFace.mc" id="222" lineNum="63" parent="globals/JailbotAnalog/JailbotAnalogFace" pc="268458819" symbol="drawMiniJailbot"/>
        <entry filename="/Users/erdalgunes/garmin-jailbot/source/JailbotAnalogFace.mc" id="222" lineNum="64" parent="globals/JailbotAnalog/JailbotAnalogFace" pc="268458826" symbol="drawMiniJailbot"/>
        <entry filename="/Users/erdalgunes/garmin-jailbot/source/JailbotAnalogFace.mc" id="222" lineNum="66" parent="globals/JailbotAnalog/JailbotAnalogFace" pc="268458843" symbol="drawMiniJailbot"/>
        <entry filename="/Users/erdalgunes/garmin-jailbot/source/JailbotAnalogFace.mc" id="222" lineNum="67" parent="globals/JailbotAnalog/JailbotAnalogFace" pc="268458861" symbol="drawMiniJailbot"/>
        <entry filename="/Users/erdalgunes/garmin-jailbot/source/JailbotAnalogFace.mc" id="222" lineNum="70" parent="globals/JailbotAnalog/JailbotAnalogFace" pc="268458879" symbol="drawMiniJailbot"/>
        <entry filename="/Users/erdalgunes/garmin-jailbot/source/JailbotAnalogFace.mc" id="222" lineNum="71" parent="globals/JailbotAnalog/JailbotAnalogFace" pc="268458889" symbol="drawMiniJailbot"/>
        <entry filename="/Users/erdalgunes/garmin-jailbot/source/JailbotAnalogFace.mc" id="222" lineNum="72" parent="globals/JailbotAnalog/JailbotAnalogFace" pc="268458899" symbol="drawMiniJailbot"/>
        <entry filename="/Users/erdalgunes/garmin-jailbot/source/JailbotAnalogFace.mc" id="222" lineNum="73" parent="globals/JailbotAnalog/JailbotAnalogFace" pc="268458906" symbol="drawMiniJailbot"/>
        <entry filename="/Users/erdalgunes/garmin-jailbot/source/JailbotAnalogFace.mc" id="222" lineNum="75" parent="globals/JailbotAnalog/JailbotAnalogFace" pc="268458910" symbol="drawMiniJailbot"/>
        <entry filename="/Users/erdalgunes/garmin-jailbot/source/JailbotFaceComponents.mc" id="223" lineNum="9" parent="globals/JailbotFace/Eye" pc="268458929" symbol="getSpec"/>
        <entry filename="/Users/erdalgunes/garmin-jailbot/source/JailbotFaceComponents.mc" id="223" lineNum="10" parent="globals/JailbotFace/Eye" pc="268458931" symbol="getSpec"/>
        <entry filename="/Users/erdalgunes/garmin-jailbot/source/JailbotFaceComponents.mc" id="225" lineNum="18" parent="globals/JailbotFace/Mouth" pc="268458964" symbol="getSpec"/>
        <entry filename="/Users/erdalgunes/garmin-jailbot/source/JailbotFaceComponents.mc" id="225" lineNum="19" parent="globals/JailbotFace/Mouth" pc="268458966" symbol="getSpec"/>
        <entry filename="/Users/erdalgunes/garmin-jailbot/source/JailbotFaceComponents.mc" id="227" lineNum="45" parent="globals/JailbotFace/FaceLayout" pc="268458999" symbol="moveEyesCloser"/>
        <entry filename="/Users/erdalgunes/garmin-jailbot/source/JailbotFaceComponents.mc" id="227" lineNum="46" parent="globals/JailbotFace/FaceLayout" pc="268459001" symbol="moveEyesCloser"/>
        <entry filename="/Users/erdalgunes/garmin-jailbot/source/JailbotFaceComponents.mc" id="227" lineNum="47" parent="globals/JailbotFace/FaceLayout" pc="268459011" symbol="moveEyesCloser"/>
        <entry filename="/Users/erdalgunes/garmin-jailbot/source/JailbotFaceComponents.mc" id="228" lineNum="51" parent="globals/JailbotFace/FaceLayout" pc="268459030" symbol="setEyeSpacing"/>
        <entry filename="/Users/erdalgunes/garmin-jailbot/source/JailbotFaceComponents.mc" id="228" lineNum="52" parent="globals/JailbotFace/FaceLayout" pc="268459032" symbol="setEyeSpacing"/>
        <entry filename="/Users/erdalgunes/garmin-jailbot/source/JailbotFaceComponents.mc" id="229" lineNum="37" parent="globals/JailbotFace/FaceLayout" pc="268459042" symbol="adjustEyeSpacing"/>
        <entry filename="/Users/erdalgunes/garmin-jailbot/source/JailbotFaceComponents.mc" id="229" lineNum="38" parent="globals/JailbotFace/FaceLayout" pc="268459044" symbol="adjustEyeSpacing"/>
        <entry filename="/Users/erdalgunes/garmin-jailbot/source/JailbotFaceComponents.mc" id="230" lineNum="30" parent="globals/JailbotFace/FaceLayout" pc="268459054" symbol="initialize"/>
        <entry filename="/Users/erdalgunes/garmin-jailbot/source/JailbotFaceComponents.mc" id="230" lineNum="31" parent="globals/JailbotFace/FaceLayout" pc="268459056" symbol="initialize"/>
        <entry filename="/Users/erdalgunes/garmin-jailbot/source/JailbotFaceComponents.mc" id="230" lineNum="32" parent="globals/JailbotFace/FaceLayout" pc="268459085" symbol="initialize"/>
        <entry filename="/Users/erdalgunes/garmin-jailbot/source/JailbotFaceComponents.mc" id="230" lineNum="33" parent="globals/JailbotFace/FaceLayout" pc="268459110" symbol="initialize"/>
        <entry filename="/Users/erdalgunes/garmin-jailbot/source/JailbotFaceComponents.mc" id="230" lineNum="34" parent="globals/JailbotFace/FaceLayout" pc="268459135" symbol="initialize"/>
        <entry filename="/Users/erdalgunes/garmin-jailbot/source/JailbotFaceComponents.mc" id="231" lineNum="55" parent="globals/JailbotFace/FaceLayout" pc="268459161" symbol="draw"/>
        <entry filename="/Users/erdalgunes/garmin-jailbot/source/JailbotFaceComponents.mc" id="231" lineNum="56" parent="globals/JailbotFace/FaceLayout" pc="268459164" symbol="draw"/>
        <entry filename="/Users/erdalgunes/garmin-jailbot/source/JailbotFaceComponents.mc" id="231" lineNum="59" parent="globals/JailbotFace/FaceLayout" pc="268459181" symbol="draw"/>
        <entry filename="/Users/erdalgunes/garmin-jailbot/source/JailbotFaceComponents.mc" id="231" lineNum="61" parent="globals/JailbotFace/FaceLayout" pc="268459197" symbol="draw"/>
        <entry filename="/Users/erdalgunes/garmin-jailbot/source/JailbotFaceComponents.mc" id="231" lineNum="62" parent="globals/JailbotFace/FaceLayout" pc="268459209" symbol="draw"/>
        <entry filename="/Users/erdalgunes/garmin-jailbot/source/JailbotFaceComponents.mc" id="231" lineNum="65" parent="globals/JailbotFace/FaceLayout" pc="268459221" symbol="draw"/>
        <entry filename="/Users/erdalgunes/garmin-jailbot/source/JailbotFaceComponents.mc" id="231" lineNum="67" parent="globals/JailbotFace/FaceLayout" pc="268459233" symbol="draw"/>
        <entry filename="/Users/erdalgunes/garmin-jailbot/source/JailbotFaceComponents.mc" id="231" lineNum="70" parent="globals/JailbotFace/FaceLayout" pc="268459246" symbol="draw"/>
        <entry filename="/Users/erdalgunes/garmin-jailbot/source/JailbotFaceComponents.mc" id="231" lineNum="71" parent="globals/JailbotFace/FaceLayout" pc="268459259" symbol="draw"/>
        <entry filename="/Users/erdalgunes/garmin-jailbot/source/JailbotFaceComponents.mc" id="231" lineNum="72" parent="globals/JailbotFace/FaceLayout" pc="268459283" symbol="draw"/>
        <entry filename="/Users/erdalgunes/garmin-jailbot/source/JailbotFaceComponents.mc" id="231" lineNum="75" parent="globals/JailbotFace/FaceLayout" pc="268459307" symbol="draw"/>
        <entry filename="/Users/erdalgunes/garmin-jailbot/source/JailbotFaceComponents.mc" id="231" lineNum="78" parent="globals/JailbotFace/FaceLayout" pc="268459320" symbol="draw"/>
        <entry filename="/Users/erdalgunes/garmin-jailbot/source/JailbotFaceComponents.mc" id="231" lineNum="79" parent="globals/JailbotFace/FaceLayout" pc="268459330" symbol="draw"/>
        <entry filename="/Users/erdalgunes/garmin-jailbot/source/JailbotFaceComponents.mc" id="231" lineNum="80" parent="globals/JailbotFace/FaceLayout" pc="268459340" symbol="draw"/>
        <entry filename="/Users/erdalgunes/garmin-jailbot/source/JailbotFaceComponents.mc" id="231" lineNum="81" parent="globals/JailbotFace/FaceLayout" pc="268459350" symbol="draw"/>
        <entry filename="/Users/erdalgunes/garmin-jailbot/source/JailbotFaceComponents.mc" id="231" lineNum="84" parent="globals/JailbotFace/FaceLayout" pc="268459363" symbol="draw"/>
        <entry filename="/Users/erdalgunes/garmin-jailbot/source/JailbotFaceComponents.mc" id="231" lineNum="85" parent="globals/JailbotFace/FaceLayout" pc="268459382" symbol="draw"/>
        <entry filename="/Users/erdalgunes/garmin-jailbot/source/JailbotFaceComponents.mc" id="231" lineNum="86" parent="globals/JailbotFace/FaceLayout" pc="268459410" symbol="draw"/>
        <entry filename="/Users/erdalgunes/garmin-jailbot/source/JailbotFaceComponents.mc" id="231" lineNum="88" parent="globals/JailbotFace/FaceLayout" pc="268459416" symbol="draw"/>
        <entry filename="/Users/erdalgunes/garmin-jailbot/source/JailbotFaceComponents.mc" id="231" lineNum="91" parent="globals/JailbotFace/FaceLayout" pc="268459443" symbol="draw"/>
        <entry filename="/Users/erdalgunes/garmin-jailbot/source/JailbotFaceComponents.mc" id="231" lineNum="95" parent="globals/JailbotFace/FaceLayout" pc="268459471" symbol="draw"/>
        <entry filename="/Users/erdalgunes/garmin-jailbot/source/JailbotFaceComponents.mc" id="231" lineNum="96" parent="globals/JailbotFace/FaceLayout" pc="268459490" symbol="draw"/>
        <entry filename="/Users/erdalgunes/garmin-jailbot/source/JailbotFaceComponents.mc" id="231" lineNum="97" parent="globals/JailbotFace/FaceLayout" pc="268459518" symbol="draw"/>
        <entry filename="/Users/erdalgunes/garmin-jailbot/source/JailbotFaceComponents.mc" id="231" lineNum="99" parent="globals/JailbotFace/FaceLayout" pc="268459524" symbol="draw"/>
        <entry filename="/Users/erdalgunes/garmin-jailbot/source/JailbotFaceComponents.mc" id="231" lineNum="102" parent="globals/JailbotFace/FaceLayout" pc="268459551" symbol="draw"/>
        <entry filename="/Users/erdalgunes/garmin-jailbot/source/JailbotFaceComponents.mc" id="231" lineNum="106" parent="globals/JailbotFace/FaceLayout" pc="268459579" symbol="draw"/>
        <entry filename="/Users/erdalgunes/garmin-jailbot/source/JailbotFaceComponents.mc" id="231" lineNum="107" parent="globals/JailbotFace/FaceLayout" pc="268459592" symbol="draw"/>
        <entry filename="/Users/erdalgunes/garmin-jailbot/source/JailbotFaceComponents.mc" id="231" lineNum="108" parent="globals/JailbotFace/FaceLayout" pc="268459616" symbol="draw"/>
        <entry filename="/Users/erdalgunes/garmin-jailbot/source/JailbotFaceComponents.mc" id="231" lineNum="109" parent="globals/JailbotFace/FaceLayout" pc="268459626" symbol="draw"/>
        <entry filename="/Users/erdalgunes/garmin-jailbot/source/JailbotFaceComponents.mc" id="231" lineNum="111" parent="globals/JailbotFace/FaceLayout" pc="268459642" symbol="draw"/>
        <entry filename="/Users/erdalgunes/garmin-jailbot/source/JailbotFaceComponents.mc" id="231" lineNum="112" parent="globals/JailbotFace/FaceLayout" pc="268459661" symbol="draw"/>
        <entry filename="/Users/erdalgunes/garmin-jailbot/source/JailbotFaceComponents.mc" id="231" lineNum="113" parent="globals/JailbotFace/FaceLayout" pc="268459689" symbol="draw"/>
        <entry filename="/Users/erdalgunes/garmin-jailbot/source/JailbotFaceComponents.mc" id="232" lineNum="41" parent="globals/JailbotFace/FaceLayout" pc="268459714" symbol="moveEyesApart"/>
        <entry filename="/Users/erdalgunes/garmin-jailbot/source/JailbotFaceComponents.mc" id="232" lineNum="42" parent="globals/JailbotFace/FaceLayout" pc="268459716" symbol="moveEyesApart"/>
    </pcToLineNum>
    <symbolTable>
        <entry id="290" symbol="hasBlinkTimer"/>
        <entry id="8388639" module="true" symbol="Graphics"/>
        <entry id="286" symbol="emoticon"/>
        <entry id="36" module="true" symbol="PixelTime"/>
        <entry id="205" method="true" symbol="&lt;globals/BlinkScheduler/&lt;&gt;getDefaultProfile&gt;"/>
        <entry id="186" method="true" symbol="drawHollowDigit"/>
        <entry id="229" method="true" symbol="updateScale"/>
        <entry field="true" id="163" symbol="&lt;globals/HealthDataProvider/&lt;&gt;achievementFlags&gt;"/>
        <entry field="true" id="236" symbol="digitCols"/>
        <entry field="true" id="200" symbol="&lt;globals/BlinkScheduler/&lt;&gt;blinkStartTime&gt;"/>
        <entry id="168" method="true" symbol="&lt;globals/HealthDataProvider/&lt;&gt;estimateStressFromActivity&gt;"/>
        <entry field="true" id="223" symbol="baseWidth"/>
        <entry id="174" method="true" symbol="&lt;globals/HealthDataProvider/&lt;&gt;isInAODMode&gt;"/>
        <entry field="true" id="272" symbol="mouth"/>
        <entry id="172" method="true" symbol="&lt;globals/HealthDataProvider/&lt;&gt;getHeartRateData&gt;"/>
        <entry id="287" symbol="isRunning"/>
        <entry id="5" module="true" symbol="globals/JailbotAnalog/AnalogStyleFactory/&lt;statics&gt;"/>
        <entry id="126" method="true" symbol="&lt;globals/BlinkController/&lt;&gt;scheduleNextBlink&gt;"/>
        <entry id="8388632" method="true" symbol="&lt;init&gt;"/>
        <entry field="true" id="87" symbol="eyeAsymmetry"/>
        <entry id="20" object="true" symbol="EmoticonRenderer"/>
        <entry field="true" id="146" symbol="&lt;globals/MoodEngine/&lt;&gt;states&gt;"/>
        <entry field="true" id="125" symbol="&lt;globals/BlinkController/&lt;&gt;reopenTimer&gt;"/>
        <entry id="243" method="true" symbol="drawGhostJailbot"/>
        <entry id="18" object="true" symbol="DrowsyState"/>
        <entry id="8391212" method="true" symbol="mean"/>
        <entry id="189" method="true" symbol="drawPixelatedAOD"/>
        <entry id="267" method="true" symbol="toggleJailbotDisplay"/>
        <entry id="204" method="true" symbol="getBlinkPhase"/>
        <entry id="8389683" method="true" symbol="onSettingsChanged"/>
        <entry id="297" symbol="resting"/>
        <entry id="2" module="true" symbol="globals/AOD"/>
        <entry field="true" id="117" symbol="&lt;globals/BlinkController/&lt;&gt;blinkCount&gt;"/>
        <entry field="true" id="8389759" symbol="radius"/>
        <entry id="109" object="true" symbol="RimIndicators"/>
        <entry id="9" module="true" symbol="globals/PixelTime/DigitPatterns/&lt;statics&gt;"/>
        <entry field="true" id="221" symbol="baseBlockSize"/>
        <entry id="4" module="true" symbol="globals/JailbotAnalog"/>
        <entry id="35" module="true" symbol="PixelResolution"/>
        <entry field="true" id="266" symbol="showJailbot"/>
        <entry id="260" method="true" symbol="createMinimalStyle"/>
        <entry id="55" method="true" symbol="&lt;globals/EmoticonParser/&lt;&gt;applyHappy&gt;"/>
        <entry id="80" method="true" symbol="render"/>
        <entry id="244" method="true" symbol="drawMinimalColon"/>
        <entry id="228" method="true" symbol="setGap"/>
        <entry id="106" object="true" symbol="AnalogClockFace"/>
        <entry id="62" method="true" symbol="&lt;globals/EmoticonParser/&lt;&gt;applyTongue&gt;"/>
        <entry id="188" method="true" symbol="drawJailbot3"/>
        <entry field="true" id="222" symbol="baseGap"/>
        <entry field="true" id="92" symbol="eyeShape"/>
        <entry field="true" id="149" symbol="achievementEvent"/>
        <entry id="82" method="true" symbol="renderWithEmoticon"/>
        <entry field="true" id="231" symbol="rows"/>
        <entry id="71" method="true" symbol="score"/>
        <entry id="14" module="true" symbol="AnalogClock"/>
        <entry id="259" method="true" symbol="createClassicStyle"/>
        <entry id="27" module="true" symbol="JailbotAnalog"/>
        <entry id="69" object="true" symbol="ResolutionManager"/>
        <entry field="true" id="137" symbol="&lt;globals/MoodEngine/&lt;&gt;currentState&gt;"/>
        <entry id="30" object="true" symbol="JailbotWatchFaceView"/>
        <entry id="277" symbol="renderer"/>
        <entry field="true" id="98" symbol="mouthShape"/>
        <entry id="66" object="true" symbol="GridSpec"/>
        <entry id="8388924" module="true" symbol="Gregorian"/>
        <entry field="true" id="159" symbol="recoveryNeed"/>
        <entry id="17" object="true" symbol="ChargedState"/>
        <entry field="true" id="136" symbol="&lt;globals/MoodEngine/&lt;&gt;blinkScheduler&gt;"/>
        <entry field="true" id="8388611" module="true" symbol="Toybox"/>
        <entry id="289" symbol="lastBlinkTime"/>
        <entry field="true" id="138" symbol="&lt;globals/MoodEngine/&lt;&gt;emoticonRenderer&gt;"/>
        <entry field="true" id="96" symbol="mouthOpenness"/>
        <entry id="78" method="true" symbol="&lt;globals/ExpressionRenderer/&lt;&gt;applyBlinkOverlay&gt;"/>
        <entry field="true" id="145" symbol="&lt;globals/MoodEngine/&lt;&gt;stateMemory&gt;"/>
        <entry id="73" object="true" symbol="TimeDisplay"/>
        <entry id="143" method="true" symbol="&lt;globals/MoodEngine/&lt;&gt;selectState&gt;"/>
        <entry field="true" id="237" symbol="digitRows"/>
        <entry id="183" method="true" symbol="drawAuthenticJailbot"/>
        <entry id="74" method="true" symbol="allowedVariants"/>
        <entry id="48" method="true" symbol="selectVariant"/>
        <entry id="293" symbol="bodyBattery"/>
        <entry id="264" method="true" symbol="drawWithScreen"/>
        <entry id="50" method="true" symbol="&lt;globals/EmoticonParser/&lt;&gt;applyAngry&gt;"/>
        <entry id="37" object="true" symbol="RecoveringState"/>
        <entry field="true" id="100" symbol="showBlush"/>
        <entry field="true" id="235" symbol="colonSpacing"/>
        <entry field="true" id="265" symbol="jailbotFace"/>
        <entry field="true" id="150" symbol="aod"/>
        <entry id="75" method="true" symbol="blinkProfile"/>
        <entry field="true" id="101" symbol="showTears"/>
        <entry field="true" id="212" symbol="AppName"/>
        <entry id="216" method="true" symbol="getCellY"/>
        <entry id="215" method="true" symbol="getCellX"/>
        <entry id="8388633" module="true" symbol="ActivityMonitor"/>
        <entry id="42" method="true" symbol="&lt;globals/EyeRenderer/&lt;&gt;drawOpenEyes&gt;"/>
        <entry id="65" method="true" symbol="parseEmoticon"/>
        <entry field="true" id="161" symbol="stepProgress"/>
        <entry id="67" object="true" symbol="PixelMetrics"/>
        <entry id="190" method="true" symbol="drawStaticJailbotFace"/>
        <entry field="true" id="123" symbol="&lt;globals/BlinkController/&lt;&gt;lastBlinkTime&gt;"/>
        <entry id="12" module="true" symbol="globals/Rez/Strings"/>
        <entry id="76" method="true" symbol="getEmoticon"/>
        <entry field="true" id="8388912" symbol="steps"/>
        <entry field="true" id="8388795" method="true" symbol="length"/>
        <entry id="28" module="true" symbol="JailbotFace"/>
        <entry id="173" method="true" symbol="&lt;globals/HealthDataProvider/&lt;&gt;getStressLevel&gt;"/>
        <entry id="197" method="true" symbol="aodExpression"/>
        <entry id="8388648" module="true" symbol="WatchUi"/>
        <entry id="8389181" method="true" symbol="drawRectangle"/>
        <entry id="8390097" method="true" symbol="onPartialUpdate"/>
        <entry field="true" id="44" symbol="&lt;globals/MoodMemory/&lt;&gt;achievementEventTime&gt;"/>
        <entry id="252" method="true" symbol="drawStrongMark"/>
        <entry field="true" id="256" symbol="minuteHand"/>
        <entry id="38" object="true" symbol="StandbyState"/>
        <entry id="165" method="true" symbol="&lt;globals/HealthDataProvider/&lt;&gt;detectAchievements&gt;"/>
        <entry field="true" id="8388913" symbol="stepGoal"/>
        <entry field="true" id="177" symbol="&lt;globals/HealthDataProvider/&lt;&gt;stepGoalCache&gt;"/>
        <entry id="10" module="true" symbol="globals/Rez"/>
        <entry id="127" method="true" symbol="&lt;globals/EmoticonRenderer/&lt;&gt;drawAccessories&gt;"/>
        <entry id="58" method="true" symbol="&lt;globals/EmoticonParser/&lt;&gt;applyLove&gt;"/>
        <entry id="218" method="true" symbol="getTotalWidth"/>
        <entry id="26" object="true" symbol="IMoodState"/>
        <entry id="269" method="true" symbol="adjustEyeSpacing"/>
        <entry id="263" method="true" symbol="drawMiniJailbot"/>
        <entry id="120" method="true" symbol="endBlink"/>
        <entry id="251" method="true" symbol="drawSecondaryMark"/>
        <entry id="8389124" method="true" symbol="onUpdate"/>
        <entry id="112" object="true" symbol="JailbotAnalogFace"/>
        <entry field="true" id="97" symbol="mouthRadius"/>
        <entry id="292" symbol="variant"/>
        <entry id="147" method="true" symbol="&lt;globals/MoodEngine/&lt;&gt;transitionToState&gt;"/>
        <entry field="true" id="214" symbol="gap"/>
        <entry id="209" method="true" symbol="&lt;globals/BlinkScheduler/&lt;&gt;startBlink&gt;"/>
        <entry field="true" id="220" symbol="originY"/>
        <entry field="true" id="219" symbol="originX"/>
        <entry id="60" method="true" symbol="&lt;globals/EmoticonParser/&lt;&gt;applySad&gt;"/>
        <entry field="true" id="254" symbol="minuteMarkLength"/>
        <entry id="167" method="true" symbol="&lt;globals/HealthDataProvider/&lt;&gt;estimateSleepQuality&gt;"/>
        <entry field="true" id="207" symbol="&lt;globals/BlinkScheduler/&lt;&gt;nextBlinkTime&gt;"/>
        <entry id="8389026" method="true" symbol="requestUpdate"/>
        <entry field="true" id="8388721" symbol="min"/>
        <entry id="8388771" module="true" object="true" symbol="Drawables"/>
        <entry field="true" id="202" symbol="&lt;globals/BlinkScheduler/&lt;&gt;eventBlinkPending&gt;"/>
        <entry field="true" id="84" symbol="blinkRate"/>
        <entry field="true" id="152" symbol="energy"/>
        <entry field="true" id="157" symbol="overloadRisk"/>
        <entry id="283" symbol="closureMs"/>
        <entry id="268" method="true" symbol="getSpec"/>
        <entry id="13" module="true" symbol="AOD"/>
        <entry field="true" id="8389869" symbol="activeMinutesWeek"/>
        <entry id="217" method="true" symbol="getTotalHeight"/>
        <entry field="true" id="8389066" symbol="width"/>
        <entry id="295" symbol="restingHR"/>
        <entry field="true" id="195" symbol="testMode"/>
        <entry id="208" method="true" symbol="&lt;globals/BlinkScheduler/&lt;&gt;scheduleNextBlink&gt;"/>
        <entry id="281" symbol="max"/>
        <entry id="8389122" method="true" symbol="onLayout"/>
        <entry field="true" id="153" symbol="focusContext"/>
        <entry field="true" id="201" symbol="&lt;globals/BlinkScheduler/&lt;&gt;currentProfile&gt;"/>
        <entry id="8389376" method="true" symbol="onEnterSleep"/>
        <entry id="70" method="true" symbol="id"/>
        <entry id="77" method="true" symbol="getExpression"/>
        <entry id="29" object="true" symbol="JailbotWatchFaceApp"/>
        <entry field="true" id="93" symbol="eyeWidth"/>
        <entry id="54" method="true" symbol="&lt;globals/EmoticonParser/&lt;&gt;applyGrin&gt;"/>
        <entry id="225" method="true" symbol="dp"/>
        <entry field="true" id="232" symbol="dc"/>
        <entry id="274" method="true" symbol="moveEyesCloser"/>
        <entry field="true" id="258" symbol="secondHand"/>
        <entry id="22" object="true" symbol="ExpressionRenderer"/>
        <entry field="true" id="99" symbol="mouthWidth"/>
        <entry field="true" id="181" symbol="aodDisplay"/>
        <entry field="true" id="271" symbol="leftEye"/>
        <entry id="111" object="true" symbol="AnalogStyleFactory"/>
        <entry id="16" object="true" symbol="BlinkScheduler"/>
        <entry field="true" id="89" symbol="eyeOpenness"/>
        <entry id="298" symbol="active"/>
        <entry id="72" object="true" symbol="DigitPatterns"/>
        <entry id="187" method="true" symbol="drawJailbot20PixelArt"/>
        <entry id="238" method="true" symbol="drawDigit"/>
        <entry field="true" id="8391854" symbol="batteryInDays"/>
        <entry field="true" id="158" symbol="postActivity30"/>
        <entry id="79" method="true" symbol="&lt;globals/ExpressionRenderer/&lt;&gt;drawAccentEffects&gt;"/>
        <entry id="41" method="true" symbol="drawEyes"/>
        <entry field="true" id="261" symbol="blinkTimer"/>
        <entry id="23" object="true" symbol="EyeRenderer"/>
        <entry id="128" method="true" symbol="&lt;globals/EmoticonRenderer/&lt;&gt;drawArcEyes&gt;"/>
        <entry id="285" symbol="blinkPhase"/>
        <entry id="11" module="true" symbol="globals/Rez/Drawables"/>
        <entry id="178" method="true" symbol="updateRestingHRBaseline"/>
        <entry id="33" object="true" symbol="MoodMemory"/>
        <entry id="164" method="true" symbol="debugSensorData"/>
        <entry field="true" id="142" symbol="&lt;globals/MoodEngine/&lt;&gt;lastUpdateTime&gt;"/>
        <entry id="154" method="true" symbol="&lt;globals/MoodContext/&lt;&gt;getTimeAdjustedGoal&gt;"/>
        <entry id="108" object="true" symbol="MinuteHand"/>
        <entry id="242" method="true" symbol="drawAOD"/>
        <entry field="true" id="180" symbol="analogFace"/>
        <entry field="true" id="193" symbol="inAOD"/>
        <entry field="true" id="118" symbol="&lt;globals/BlinkController/&lt;&gt;blinkState&gt;"/>
        <entry id="46" method="true" symbol="isAchievementEventRecent"/>
        <entry id="57" method="true" symbol="&lt;globals/EmoticonParser/&lt;&gt;applyLaugh&gt;"/>
        <entry id="40" method="true" symbol="&lt;globals/EyeRenderer/&lt;&gt;drawClosedEyes&gt;"/>
        <entry id="8388699" method="true" symbol="stop"/>
        <entry id="116" method="true" symbol="beginBlink"/>
        <entry id="53" method="true" symbol="&lt;globals/EmoticonParser/&lt;&gt;applyCrying&gt;"/>
        <entry id="25" object="true" symbol="HealthDataProvider"/>
        <entry id="113" object="true" symbol="Eye"/>
        <entry id="169" method="true" symbol="gatherSensorData"/>
        <entry field="true" id="246" symbol="lastMinute"/>
        <entry id="114" object="true" symbol="FaceLayout"/>
        <entry field="true" id="83" symbol="blinkDuration"/>
        <entry field="true" id="47" symbol="&lt;globals/MoodMemory/&lt;&gt;lastVariantTime&gt;"/>
        <entry id="291" symbol="hasReopenTimer"/>
        <entry field="true" id="257" symbol="rimIndicators"/>
        <entry id="280" symbol="accent"/>
        <entry id="8389377" method="true" symbol="onExitSleep"/>
        <entry id="8388644" module="true" symbol="System"/>
        <entry id="59" method="true" symbol="&lt;globals/EmoticonParser/&lt;&gt;applyNeutral&gt;"/>
        <entry id="166" method="true" symbol="&lt;globals/HealthDataProvider/&lt;&gt;estimateBodyBattery&gt;"/>
        <entry field="true" id="162" symbol="stressLevel"/>
        <entry id="8388645" module="true" symbol="Time"/>
        <entry id="8388769" module="true" object="true" symbol="Rez"/>
        <entry field="true" id="192" symbol="healthDataProvider"/>
        <entry id="131" method="true" symbol="&lt;globals/EmoticonRenderer/&lt;&gt;drawHeartEyes&gt;"/>
        <entry id="81" method="true" symbol="renderLegacy"/>
        <entry field="true" id="95" symbol="mouthHeight"/>
        <entry id="276" method="true" symbol="setEyeSpacing"/>
        <entry id="248" method="true" symbol="setup"/>
        <entry id="247" method="true" symbol="calculateAngle"/>
        <entry id="8388640" module="true" symbol="Lang"/>
        <entry id="262" method="true" symbol="drawJailbotElements"/>
        <entry id="299" symbol="stepGoalReached"/>
        <entry id="8389068" method="true" symbol="draw"/>
        <entry field="true" id="240" symbol="patterns"/>
        <entry id="245" method="true" symbol="drawPixelDot"/>
        <entry field="true" id="206" symbol="&lt;globals/BlinkScheduler/&lt;&gt;isBlinking&gt;"/>
        <entry id="107" object="true" symbol="HourHand"/>
        <entry id="3" module="true" symbol="globals/AnalogClock"/>
        <entry field="true" id="90" symbol="eyeRadius"/>
        <entry field="true" id="144" symbol="&lt;globals/MoodEngine/&lt;&gt;stateCooldowns&gt;"/>
        <entry field="true" id="211" symbol="LauncherIcon"/>
        <entry id="179" method="true" symbol="&lt;globals/HealthDataProvider/&lt;&gt;wasActiveRecently&gt;"/>
        <entry field="true" id="194" symbol="moodEngine"/>
        <entry id="300" symbol="lastStepCount"/>
        <entry id="8388610" symbol="statics"/>
        <entry id="8389123" method="true" symbol="onShow"/>
        <entry field="true" id="253" symbol="hourMarkLength"/>
        <entry field="true" id="275" symbol="rightEye"/>
        <entry field="true" id="49" symbol="&lt;globals/MoodMemory/&lt;&gt;stateHistory&gt;"/>
        <entry field="true" id="191" symbol="eyeRenderer"/>
        <entry id="110" object="true" symbol="SecondHand"/>
        <entry id="56" method="true" symbol="&lt;globals/EmoticonParser/&lt;&gt;applyJoy&gt;"/>
        <entry field="true" id="196" symbol="updateTimer"/>
        <entry id="8389350" module="true" symbol="globals"/>
        <entry id="132" method="true" symbol="&lt;globals/EmoticonRenderer/&lt;&gt;drawMouth&gt;"/>
        <entry id="184" method="true" symbol="drawDirectAnalogJailbot"/>
        <entry field="true" id="122" symbol="&lt;globals/BlinkController/&lt;&gt;isRunning&gt;"/>
        <entry id="8388770" module="true" object="true" symbol="Strings"/>
        <entry field="true" id="8388960" symbol="heartRate"/>
        <entry id="61" method="true" symbol="&lt;globals/EmoticonParser/&lt;&gt;applyShock&gt;"/>
        <entry id="24" object="true" symbol="FocusedState"/>
        <entry field="true" id="250" symbol="centerY"/>
        <entry field="true" id="249" symbol="centerX"/>
        <entry field="true" id="88" symbol="eyeHeight"/>
        <entry field="true" id="199" symbol="&lt;globals/BlinkScheduler/&lt;&gt;blinkDuration&gt;"/>
        <entry id="8388702" method="true" symbol="initialize"/>
        <entry id="210" method="true" symbol="triggerEventBlink"/>
        <entry field="true" id="241" symbol="digitPatterns"/>
        <entry id="8389279" method="true" symbol="onStart"/>
        <entry field="true" id="139" symbol="&lt;globals/MoodEngine/&lt;&gt;expressionRenderer&gt;"/>
        <entry id="105" object="true" symbol="MinimalTimeDisplay"/>
        <entry field="true" id="213" symbol="blockSize"/>
        <entry field="true" id="104" symbol="tongueSize"/>
        <entry id="8388641" module="true" symbol="Math"/>
        <entry field="true" id="182" symbol="blinkController"/>
        <entry id="203" method="true" symbol="&lt;globals/BlinkScheduler/&lt;&gt;generateBlinkInterval&gt;"/>
        <entry id="278" symbol="version"/>
        <entry id="198" method="true" symbol="enter"/>
        <entry id="171" method="true" symbol="&lt;globals/HealthDataProvider/&lt;&gt;getBodyBatteryLevel&gt;"/>
        <entry field="true" id="239" symbol="resManager"/>
        <entry id="115" object="true" symbol="Mouth"/>
        <entry id="6" module="true" symbol="globals/JailbotFace"/>
        <entry field="true" id="45" symbol="&lt;globals/MoodMemory/&lt;&gt;currentVariant&gt;"/>
        <entry id="8389280" method="true" symbol="getInitialView"/>
        <entry id="227" method="true" symbol="setBlockSize"/>
        <entry id="8389281" method="true" symbol="onStop"/>
        <entry id="133" method="true" symbol="&lt;globals/EmoticonRenderer/&lt;&gt;drawXEyes&gt;"/>
        <entry field="true" id="156" symbol="inActivity"/>
        <entry id="224" method="true" symbol="centerGrid"/>
        <entry id="279" symbol="mouthCurve"/>
        <entry field="true" id="8389347" symbol="color"/>
        <entry id="52" method="true" symbol="&lt;globals/EmoticonParser/&lt;&gt;applyConfused&gt;"/>
        <entry id="31" object="true" symbol="MoodContext"/>
        <entry field="true" id="134" symbol="&lt;globals/EmoticonRenderer/&lt;&gt;parser&gt;"/>
        <entry field="true" id="155" symbol="hrAnomaly"/>
        <entry id="288" symbol="blinkCount"/>
        <entry id="8388717" method="true" symbol="exit"/>
        <entry id="19" object="true" symbol="EmoticonParser"/>
        <entry id="21" object="true" symbol="ExpressionParams"/>
        <entry field="true" id="86" symbol="expressionIntensity"/>
        <entry id="140" method="true" symbol="&lt;globals/MoodEngine/&lt;&gt;getCooldownForState&gt;"/>
        <entry id="151" method="true" symbol="&lt;globals/MoodContext/&lt;&gt;clamp01&gt;"/>
        <entry id="170" method="true" symbol="&lt;globals/HealthDataProvider/&lt;&gt;getActivityStatus&gt;"/>
        <entry field="true" id="160" symbol="sleepQuality"/>
        <entry id="121" method="true" symbol="getBlinkState"/>
        <entry id="51" method="true" symbol="&lt;globals/EmoticonParser/&lt;&gt;applyCat&gt;"/>
        <entry id="8388646" module="true" object="true" symbol="Timer"/>
        <entry id="39" object="true" symbol="VictoryState"/>
        <entry id="284" symbol="expression"/>
        <entry id="148" method="true" symbol="&lt;globals/MoodEngine/&lt;&gt;updateCooldowns&gt;"/>
        <entry field="true" id="270" symbol="eyeSpacingBlocks"/>
        <entry field="true" id="8389487" symbol="state"/>
        <entry id="8388698" method="true" symbol="start"/>
        <entry id="233" method="true" symbol="drawGrid"/>
        <entry field="true" id="85" symbol="blushIntensity"/>
        <entry field="true" id="119" symbol="&lt;globals/BlinkController/&lt;&gt;blinkTimer&gt;"/>
        <entry id="296" symbol="current"/>
        <entry id="34" object="true" symbol="OverheatState"/>
        <entry id="282" symbol="doubleProb"/>
        <entry field="true" id="255" symbol="hourHand"/>
        <entry id="185" method="true" symbol="drawHollowBlock"/>
        <entry id="141" method="true" symbol="&lt;globals/MoodEngine/&lt;&gt;getRenderData&gt;"/>
        <entry field="true" id="102" symbol="showTongue"/>
        <entry id="226" method="true" symbol="positionGrid"/>
        <entry id="135" method="true" symbol="renderEmoticon"/>
        <entry id="130" method="true" symbol="&lt;globals/EmoticonRenderer/&lt;&gt;drawEyes&gt;"/>
        <entry id="8" module="true" symbol="globals/PixelTime"/>
        <entry id="32" object="true" symbol="MoodEngine"/>
        <entry field="true" id="176" symbol="&lt;globals/HealthDataProvider/&lt;&gt;restingHRBaseline&gt;"/>
        <entry id="68" object="true" symbol="PixelRenderer"/>
        <entry id="64" method="true" symbol="&lt;globals/EmoticonParser/&lt;&gt;applyWink&gt;"/>
        <entry id="8389125" method="true" symbol="onHide"/>
        <entry field="true" id="103" symbol="tearSize"/>
        <entry id="8390514" method="true" symbol="update"/>
        <entry field="true" id="230" symbol="cols"/>
        <entry field="true" id="91" symbol="eyeSeparation"/>
        <entry id="124" method="true" symbol="onLowPowerChange"/>
        <entry field="true" id="94" symbol="mouthCurvature"/>
        <entry id="63" method="true" symbol="&lt;globals/EmoticonParser/&lt;&gt;applyUnimpressed&gt;"/>
        <entry id="129" method="true" symbol="drawExpression"/>
        <entry field="true" id="234" symbol="metrics"/>
        <entry id="8388635" module="true" symbol="Application"/>
        <entry id="273" method="true" symbol="moveEyesApart"/>
        <entry id="7" module="true" symbol="globals/PixelResolution"/>
        <entry id="43" method="true" symbol="getDebugInfo"/>
        <entry field="true" id="175" symbol="&lt;globals/HealthDataProvider/&lt;&gt;lastActivityEndTime&gt;"/>
        <entry id="294" symbol="stress"/>
        <entry id="15" object="true" symbol="BlinkController"/>
    </symbolTable>
    <localVars>
        <entry arg="true" endPc="268435780" name="dc" stackId="1" startPc="268435588"/>
        <entry arg="true" endPc="268435780" name="centerX" stackId="2" startPc="268435588"/>
        <entry arg="true" endPc="268435780" name="centerY" stackId="3" startPc="268435588"/>
        <entry arg="true" endPc="268435780" name="faceSize" stackId="4" startPc="268435588"/>
        <entry arg="true" endPc="268435780" name="state" stackId="5" startPc="268435588"/>
        <entry endPc="268435779" name="eyeSpacing" stackId="6" startPc="268435591"/>
        <entry endPc="268435779" name="eyeY" stackId="7" startPc="268435591"/>
        <entry endPc="268435779" name="leftEyeX" stackId="8" startPc="268435591"/>
        <entry endPc="268435779" name="rightEyeX" stackId="9" startPc="268435591"/>
        <entry arg="true" endPc="268436029" name="dc" stackId="1" startPc="268435832"/>
        <entry arg="true" endPc="268436029" name="leftX" stackId="2" startPc="268435832"/>
        <entry arg="true" endPc="268436029" name="rightX" stackId="3" startPc="268435832"/>
        <entry arg="true" endPc="268436029" name="y" stackId="4" startPc="268435832"/>
        <entry arg="true" endPc="268436029" name="faceSize" stackId="5" startPc="268435832"/>
        <entry endPc="268436028" name="lidWidth" stackId="6" startPc="268435835"/>
        <entry endPc="268436028" name="lineWidth" stackId="7" startPc="268435835"/>
        <entry arg="true" endPc="268436224" name="dc" stackId="1" startPc="268436030"/>
        <entry arg="true" endPc="268436224" name="leftX" stackId="2" startPc="268436030"/>
        <entry arg="true" endPc="268436224" name="rightX" stackId="3" startPc="268436030"/>
        <entry arg="true" endPc="268436224" name="y" stackId="4" startPc="268436030"/>
        <entry arg="true" endPc="268436224" name="faceSize" stackId="5" startPc="268436030"/>
        <entry endPc="268436223" name="eyeWidth" stackId="6" startPc="268436033"/>
        <entry endPc="268436223" name="eyeHeight" stackId="7" startPc="268436033"/>
        <entry endPc="268436223" name="eyeRadius" stackId="8" startPc="268436033"/>
        <entry arg="true" endPc="268436431" name="allowedVariants" stackId="1" startPc="268436312"/>
        <entry arg="true" endPc="268436431" name="ctx" stackId="2" startPc="268436312"/>
        <entry endPc="268436423" name="now" stackId="3" startPc="268436356"/>
        <entry arg="true" endPc="268436463" name="ctx" stackId="1" startPc="268436432"/>
        <entry arg="true" endPc="268436463" name="deltaMs" stackId="2" startPc="268436432"/>
        <entry arg="true" endPc="268436580" name="params" stackId="1" startPc="268436504"/>
        <entry arg="true" endPc="268436687" name="params" stackId="1" startPc="268436581"/>
        <entry arg="true" endPc="268436803" name="params" stackId="1" startPc="268436688"/>
        <entry arg="true" endPc="268436845" name="params" stackId="1" startPc="268436804"/>
        <entry arg="true" endPc="268436952" name="params" stackId="1" startPc="268436846"/>
        <entry arg="true" endPc="268437068" name="params" stackId="1" startPc="268436953"/>
        <entry arg="true" endPc="268437149" name="params" stackId="1" startPc="268437069"/>
        <entry arg="true" endPc="268437683" name="emoticon" stackId="1" startPc="268437150"/>
        <entry endPc="268437683" name="params" stackId="2" startPc="268437153"/>
        <entry endPc="268437683" name="emotStr" stackId="3" startPc="268437153"/>
        <entry arg="true" endPc="268437764" name="params" stackId="1" startPc="268437684"/>
        <entry arg="true" endPc="268437819" name="params" stackId="1" startPc="268437765"/>
        <entry arg="true" endPc="268437887" name="params" stackId="1" startPc="268437820"/>
        <entry arg="true" endPc="268437977" name="params" stackId="1" startPc="268437888"/>
        <entry arg="true" endPc="268438084" name="params" stackId="1" startPc="268437978"/>
        <entry arg="true" endPc="268438152" name="params" stackId="1" startPc="268438085"/>
        <entry arg="true" endPc="268438246" name="params" stackId="1" startPc="268438153"/>
        <entry arg="true" endPc="268438314" name="params" stackId="1" startPc="268438247"/>
        <entry arg="true" endPc="268438322" name="ctx" stackId="1" startPc="268438315"/>
        <entry arg="true" endPc="268438879" name="ctx" stackId="1" startPc="268438813"/>
        <entry arg="true" endPc="268439071" name="ctx" stackId="1" startPc="268438880"/>
        <entry arg="true" endPc="268439071" name="variant" stackId="2" startPc="268438880"/>
        <entry arg="true" endPc="268439117" name="ctx" stackId="1" startPc="268439072"/>
        <entry endPc="268439117" name="variants" stackId="2" startPc="268439075"/>
        <entry arg="true" endPc="268439174" name="ctx" stackId="1" startPc="268439118"/>
        <entry arg="true" endPc="268439593" name="dc" stackId="1" startPc="268439191"/>
        <entry arg="true" endPc="268439593" name="renderData" stackId="2" startPc="268439191"/>
        <entry arg="true" endPc="268439593" name="faceSize" stackId="3" startPc="268439191"/>
        <entry arg="true" endPc="268439593" name="centerX" stackId="4" startPc="268439191"/>
        <entry arg="true" endPc="268439593" name="centerY" stackId="5" startPc="268439191"/>
        <entry endPc="268439592" name="expression" stackId="6" startPc="268439194"/>
        <entry endPc="268439592" name="blinkPhase" stackId="7" startPc="268439194"/>
        <entry endPc="268439592" name="aod" stackId="8" startPc="268439194"/>
        <entry endPc="268439592" name="eyeWidth" stackId="9" startPc="268439194"/>
        <entry endPc="268439592" name="eyeHeight" stackId="10" startPc="268439194"/>
        <entry endPc="268439592" name="eyeRadius" stackId="11" startPc="268439194"/>
        <entry endPc="268439592" name="currentEyeHeight" stackId="12" startPc="268439194"/>
        <entry endPc="268439592" name="eyeY" stackId="13" startPc="268439194"/>
        <entry endPc="268439592" name="leftEyeX" stackId="14" startPc="268439194"/>
        <entry endPc="268439592" name="rightEyeX" stackId="15" startPc="268439194"/>
        <entry endPc="268439592" name="mouthWidth" stackId="16" startPc="268439194"/>
        <entry endPc="268439592" name="mouthHeight" stackId="17" startPc="268439194"/>
        <entry endPc="268439592" name="mouthY" stackId="18" startPc="268439194"/>
        <entry endPc="268439592" name="mouthRadius" stackId="19" startPc="268439194"/>
        <entry arg="true" endPc="268439723" name="dc" stackId="1" startPc="268439597"/>
        <entry arg="true" endPc="268439723" name="centerX" stackId="2" startPc="268439597"/>
        <entry arg="true" endPc="268439723" name="centerY" stackId="3" startPc="268439597"/>
        <entry arg="true" endPc="268439723" name="faceSize" stackId="4" startPc="268439597"/>
        <entry arg="true" endPc="268439723" name="blinkPhase" stackId="5" startPc="268439597"/>
        <entry endPc="268439722" name="eyeY" stackId="6" startPc="268439600"/>
        <entry endPc="268439722" name="leftEyeX" stackId="7" startPc="268439600"/>
        <entry endPc="268439722" name="rightEyeX" stackId="8" startPc="268439600"/>
        <entry endPc="268439722" name="eyeWidth" stackId="9" startPc="268439600"/>
        <entry endPc="268439722" name="eyeHeight" stackId="10" startPc="268439600"/>
        <entry endPc="268439722" name="eyelidHeight" stackId="11" startPc="268439600"/>
        <entry arg="true" endPc="268439832" name="dc" stackId="1" startPc="268439724"/>
        <entry arg="true" endPc="268439832" name="renderData" stackId="2" startPc="268439724"/>
        <entry arg="true" endPc="268439832" name="faceSize" stackId="3" startPc="268439724"/>
        <entry arg="true" endPc="268439832" name="centerX" stackId="4" startPc="268439724"/>
        <entry arg="true" endPc="268439832" name="centerY" stackId="5" startPc="268439724"/>
        <entry endPc="268439831" name="emoticon" stackId="6" startPc="268439727"/>
        <entry endPc="268439831" name="blinkPhase" stackId="7" startPc="268439727"/>
        <entry endPc="268439831" name="emoticonRenderer" stackId="8" startPc="268439727"/>
        <entry arg="true" endPc="268439931" name="dc" stackId="1" startPc="268439833"/>
        <entry arg="true" endPc="268439931" name="renderData" stackId="2" startPc="268439833"/>
        <entry arg="true" endPc="268439931" name="faceSize" stackId="3" startPc="268439833"/>
        <entry arg="true" endPc="268439931" name="centerX" stackId="4" startPc="268439833"/>
        <entry arg="true" endPc="268439931" name="centerY" stackId="5" startPc="268439833"/>
        <entry endPc="268439930" name="emoticon" stackId="6" startPc="268439836"/>
        <entry endPc="268439930" name="blinkPhase" stackId="7" startPc="268439836"/>
        <entry endPc="268439930" name="aod" stackId="8" startPc="268439836"/>
        <entry arg="true" endPc="268440699" name="ctx" stackId="1" startPc="268440654"/>
        <entry arg="true" endPc="268440790" name="ctx" stackId="1" startPc="268440700"/>
        <entry arg="true" endPc="268440790" name="variant" stackId="2" startPc="268440700"/>
        <entry arg="true" endPc="268440850" name="ctx" stackId="1" startPc="268440791"/>
        <entry endPc="268441018" name="interval" stackId="1" startPc="268440882"/>
        <entry arg="true" endPc="268441396" name="isLowPower" stackId="1" startPc="268441339"/>
        <entry endPc="268441716" name="rand" stackId="1" startPc="268441476"/>
        <entry endPc="268441716" name="doubleThreshold" stackId="2" startPc="268441476"/>
        <entry arg="true" endPc="268441986" name="dc" stackId="1" startPc="268441905"/>
        <entry arg="true" endPc="268441986" name="leftX" stackId="2" startPc="268441905"/>
        <entry arg="true" endPc="268441986" name="rightX" stackId="3" startPc="268441905"/>
        <entry arg="true" endPc="268441986" name="eyeY" stackId="4" startPc="268441905"/>
        <entry arg="true" endPc="268441986" name="width" stackId="5" startPc="268441905"/>
        <entry arg="true" endPc="268441986" name="height" stackId="6" startPc="268441905"/>
        <entry endPc="268441985" name="heartWidth" stackId="7" startPc="268441908"/>
        <entry endPc="268441985" name="heartHeight" stackId="8" startPc="268441908"/>
        <entry arg="true" endPc="268442184" name="dc" stackId="1" startPc="268441987"/>
        <entry arg="true" endPc="268442184" name="leftX" stackId="2" startPc="268441987"/>
        <entry arg="true" endPc="268442184" name="rightX" stackId="3" startPc="268441987"/>
        <entry arg="true" endPc="268442184" name="eyeY" stackId="4" startPc="268441987"/>
        <entry arg="true" endPc="268442184" name="width" stackId="5" startPc="268441987"/>
        <entry arg="true" endPc="268442184" name="height" stackId="6" startPc="268441987"/>
        <entry endPc="268442183" name="thickness" stackId="7" startPc="268441990"/>
        <entry endPc="268442183" name="halfWidth" stackId="8" startPc="268441990"/>
        <entry endPc="268442183" name="halfHeight" stackId="9" startPc="268441990"/>
        <entry arg="true" endPc="268442224" name="dc" stackId="1" startPc="268442185"/>
        <entry arg="true" endPc="268442224" name="emoticon" stackId="2" startPc="268442185"/>
        <entry arg="true" endPc="268442224" name="centerX" stackId="3" startPc="268442185"/>
        <entry arg="true" endPc="268442224" name="centerY" stackId="4" startPc="268442185"/>
        <entry arg="true" endPc="268442224" name="faceSize" stackId="5" startPc="268442185"/>
        <entry endPc="268442223" name="params" stackId="6" startPc="268442188"/>
        <entry arg="true" endPc="268442316" name="dc" stackId="1" startPc="268442225"/>
        <entry arg="true" endPc="268442316" name="leftX" stackId="2" startPc="268442225"/>
        <entry arg="true" endPc="268442316" name="rightX" stackId="3" startPc="268442225"/>
        <entry arg="true" endPc="268442316" name="eyeY" stackId="4" startPc="268442225"/>
        <entry arg="true" endPc="268442316" name="width" stackId="5" startPc="268442225"/>
        <entry arg="true" endPc="268442316" name="height" stackId="6" startPc="268442225"/>
        <entry arg="true" endPc="268442316" name="upward" stackId="7" startPc="268442225"/>
        <entry endPc="268442315" name="arcHeight" stackId="8" startPc="268442228"/>
        <entry endPc="268442315" name="y" stackId="9" startPc="268442228"/>
        <entry arg="true" endPc="268442821" name="dc" stackId="1" startPc="268442317"/>
        <entry arg="true" endPc="268442821" name="params" stackId="2" startPc="268442317"/>
        <entry arg="true" endPc="268442821" name="leftX" stackId="3" startPc="268442317"/>
        <entry arg="true" endPc="268442821" name="rightX" stackId="4" startPc="268442317"/>
        <entry arg="true" endPc="268442821" name="eyeY" stackId="5" startPc="268442317"/>
        <entry arg="true" endPc="268442821" name="baseWidth" stackId="6" startPc="268442317"/>
        <entry arg="true" endPc="268442821" name="baseHeight" stackId="7" startPc="268442317"/>
        <entry endPc="268442820" name="eyeWidth" stackId="8" startPc="268442320"/>
        <entry endPc="268442820" name="eyeHeight" stackId="9" startPc="268442320"/>
        <entry endPc="268442820" name="eyeRadius" stackId="10" startPc="268442320"/>
        <entry endPc="268442567" name="closedHeight" stackId="11" startPc="268442497"/>
        <entry endPc="268442678" name="lineHeight" stackId="12" startPc="268442593"/>
        <entry arg="true" endPc="268443001" name="dc" stackId="1" startPc="268442850"/>
        <entry arg="true" endPc="268443001" name="params" stackId="2" startPc="268442850"/>
        <entry arg="true" endPc="268443001" name="centerX" stackId="3" startPc="268442850"/>
        <entry arg="true" endPc="268443001" name="centerY" stackId="4" startPc="268442850"/>
        <entry arg="true" endPc="268443001" name="faceSize" stackId="5" startPc="268442850"/>
        <entry endPc="268443000" name="baseEyeWidth" stackId="6" startPc="268442853"/>
        <entry endPc="268443000" name="baseEyeHeight" stackId="7" startPc="268442853"/>
        <entry endPc="268443000" name="baseMouthWidth" stackId="8" startPc="268442853"/>
        <entry endPc="268443000" name="baseMouthHeight" stackId="9" startPc="268442853"/>
        <entry endPc="268443000" name="eyeY" stackId="10" startPc="268442853"/>
        <entry endPc="268443000" name="eyeSep" stackId="11" startPc="268442853"/>
        <entry endPc="268443000" name="leftEyeX" stackId="12" startPc="268442853"/>
        <entry endPc="268443000" name="rightEyeX" stackId="13" startPc="268442853"/>
        <entry endPc="268443000" name="mouthY" stackId="14" startPc="268442853"/>
        <entry arg="true" endPc="268443586" name="dc" stackId="1" startPc="268443002"/>
        <entry arg="true" endPc="268443586" name="params" stackId="2" startPc="268443002"/>
        <entry arg="true" endPc="268443586" name="centerX" stackId="3" startPc="268443002"/>
        <entry arg="true" endPc="268443586" name="mouthY" stackId="4" startPc="268443002"/>
        <entry arg="true" endPc="268443586" name="baseWidth" stackId="5" startPc="268443002"/>
        <entry arg="true" endPc="268443586" name="baseHeight" stackId="6" startPc="268443002"/>
        <entry endPc="268443585" name="mouthWidth" stackId="7" startPc="268443005"/>
        <entry endPc="268443585" name="mouthHeight" stackId="8" startPc="268443005"/>
        <entry endPc="268443585" name="mouthRadius" stackId="9" startPc="268443005"/>
        <entry endPc="268443398" name="ovalWidth" stackId="10" startPc="268443340"/>
        <entry endPc="268443398" name="ovalHeight" stackId="11" startPc="268443340"/>
        <entry endPc="268443459" name="catWidth" stackId="12" startPc="268443424"/>
        <entry endPc="268443579" name="tongueWidth" stackId="13" startPc="268443520"/>
        <entry endPc="268443579" name="tongueHeight" stackId="14" startPc="268443520"/>
        <entry endPc="268443579" name="tongueY" stackId="15" startPc="268443520"/>
        <entry arg="true" endPc="268443784" name="dc" stackId="1" startPc="268443587"/>
        <entry arg="true" endPc="268443784" name="params" stackId="2" startPc="268443587"/>
        <entry arg="true" endPc="268443784" name="centerX" stackId="3" startPc="268443587"/>
        <entry arg="true" endPc="268443784" name="centerY" stackId="4" startPc="268443587"/>
        <entry arg="true" endPc="268443784" name="faceSize" stackId="5" startPc="268443587"/>
        <entry endPc="268443674" name="tearSize" stackId="6" startPc="268443615"/>
        <entry endPc="268443674" name="tearX" stackId="7" startPc="268443615"/>
        <entry endPc="268443674" name="tearY" stackId="8" startPc="268443615"/>
        <entry endPc="268443780" name="blushSize" stackId="9" startPc="268443687"/>
        <entry endPc="268443780" name="blushY" stackId="10" startPc="268443687"/>
        <entry arg="true" endPc="268443924" name="newState" stackId="1" startPc="268443785"/>
        <entry arg="true" endPc="268443924" name="ctx" stackId="2" startPc="268443785"/>
        <entry endPc="268443923" name="prevStateId" stackId="3" startPc="268443788"/>
        <entry arg="true" endPc="268444101" name="rawSensors" stackId="1" startPc="268443925"/>
        <entry endPc="268444101" name="ctx" stackId="2" startPc="268443928"/>
        <entry endPc="268444101" name="now" stackId="3" startPc="268443928"/>
        <entry endPc="268444101" name="deltaMs" stackId="4" startPc="268443928"/>
        <entry endPc="268444101" name="newState" stackId="5" startPc="268443928"/>
        <entry arg="true" endPc="268444258" name="stateId" stackId="1" startPc="268444102"/>
        <entry arg="true" endPc="268444432" name="ctx" stackId="1" startPc="268444259"/>
        <entry endPc="268444432" name="allowedVariants" stackId="2" startPc="268444262"/>
        <entry endPc="268444432" name="variant" stackId="3" startPc="268444262"/>
        <entry endPc="268444432" name="expression" stackId="4" startPc="268444262"/>
        <entry endPc="268444432" name="blinkPhase" stackId="5" startPc="268444262"/>
        <entry arg="true" endPc="268444539" name="deltaMs" stackId="1" startPc="268444433"/>
        <entry endPc="268444538" name="keys" stackId="2" startPc="268444436"/>
        <entry endPc="268444538" name="i" stackId="3" startPc="268444465"/>
        <entry endPc="268444528" name="key" stackId="4" startPc="268444465"/>
        <entry endPc="268444904" name="i" stackId="1" startPc="268444874"/>
        <entry arg="true" endPc="268445100" name="ctx" stackId="1" startPc="268444906"/>
        <entry endPc="268445100" name="bestState" stackId="2" startPc="268444909"/>
        <entry endPc="268445100" name="bestScore" stackId="3" startPc="268444909"/>
        <entry endPc="268445068" name="i" stackId="4" startPc="268444939"/>
        <entry endPc="268445058" name="state" stackId="5" startPc="268444939"/>
        <entry endPc="268445058" name="stateId" stackId="6" startPc="268444939"/>
        <entry endPc="268445058" name="score" stackId="7" startPc="268444939"/>
        <entry arg="true" endPc="268445137" name="ctx" stackId="1" startPc="268445101"/>
        <entry arg="true" endPc="268445224" name="ctx" stackId="1" startPc="268445138"/>
        <entry arg="true" endPc="268445224" name="variant" stackId="2" startPc="268445138"/>
        <entry arg="true" endPc="268445280" name="ctx" stackId="1" startPc="268445225"/>
        <entry arg="true" endPc="268445335" name="value" stackId="1" startPc="268445297"/>
        <entry arg="true" endPc="268445381" name="goal" stackId="1" startPc="268445336"/>
        <entry endPc="268445381" name="now" stackId="2" startPc="268445339"/>
        <entry endPc="268445381" name="hour" stackId="3" startPc="268445339"/>
        <entry arg="true" endPc="268445740" name="sensors" stackId="1" startPc="268445382"/>
        <entry endPc="268445739" name="stepGoal" stackId="2" startPc="268445385"/>
        <entry endPc="268445739" name="timeAdjustedGoal" stackId="3" startPc="268445385"/>
        <entry arg="true" endPc="268445798" name="ctx" stackId="1" startPc="268445741"/>
        <entry arg="true" endPc="268445889" name="ctx" stackId="1" startPc="268445799"/>
        <entry arg="true" endPc="268445889" name="variant" stackId="2" startPc="268445799"/>
        <entry arg="true" endPc="268445949" name="ctx" stackId="1" startPc="268445890"/>
        <entry endPc="268446094" name="quality" stackId="1" startPc="268445973"/>
        <entry endPc="268446043" name="now" stackId="2" startPc="268445980"/>
        <entry endPc="268446043" name="hour" stackId="3" startPc="268445980"/>
        <entry endPc="268446033" name="bodyBattery" stackId="4" startPc="268446016"/>
        <entry endPc="268446086" name="ex" stackId="5" startPc="268446050"/>
        <entry endPc="268446278" name="active" stackId="1" startPc="268446098"/>
        <entry endPc="268446278" name="postActivity30" stackId="2" startPc="268446098"/>
        <entry endPc="268446208" name="hrData" stackId="3" startPc="268446104"/>
        <entry endPc="268446208" name="hrElevation" stackId="4" startPc="268446104"/>
        <entry endPc="268446208" name="now" stackId="5" startPc="268446104"/>
        <entry endPc="268446178" name="timeSinceActivity" stackId="6" startPc="268446160"/>
        <entry endPc="268446251" name="ex" stackId="7" startPc="268446215"/>
        <entry arg="true" endPc="268446391" name="steps" stackId="1" startPc="268446279"/>
        <entry arg="true" endPc="268446391" name="stepGoal" stackId="2" startPc="268446279"/>
        <entry endPc="268446391" name="achievementDetected" stackId="3" startPc="268446282"/>
        <entry endPc="268446405" name="stress" stackId="1" startPc="268446395"/>
        <entry endPc="268446578" name="now" stackId="1" startPc="268446409"/>
        <entry endPc="268446578" name="hour" stackId="2" startPc="268446409"/>
        <entry endPc="268446578" name="timeBasedEnergy" stackId="3" startPc="268446409"/>
        <entry endPc="268446578" name="info" stackId="4" startPc="268446409"/>
        <entry endPc="268446578" name="steps" stackId="5" startPc="268446409"/>
        <entry endPc="268446578" name="stepGoal" stackId="6" startPc="268446409"/>
        <entry endPc="268446578" name="activityAdjustment" stackId="7" startPc="268446409"/>
        <entry endPc="268446578" name="estimated" stackId="8" startPc="268446409"/>
        <entry arg="true" endPc="268446640" name="currentHR" stackId="1" startPc="268446579"/>
        <entry arg="true" endPc="268446640" name="isResting" stackId="2" startPc="268446579"/>
        <entry endPc="268446636" name="alpha" stackId="3" startPc="268446603"/>
        <entry endPc="268446868" name="stress" stackId="1" startPc="268446644"/>
        <entry endPc="268446817" name="info" stackId="2" startPc="268446648"/>
        <entry endPc="268446817" name="now" stackId="3" startPc="268446648"/>
        <entry endPc="268446817" name="hour" stackId="4" startPc="268446648"/>
        <entry endPc="268446786" name="weeklyActive" stackId="5" startPc="268446754"/>
        <entry endPc="268446860" name="ex" stackId="6" startPc="268446824"/>
        <entry endPc="268447167" name="sensors" stackId="1" startPc="268446872"/>
        <entry endPc="268447167" name="info" stackId="2" startPc="268446872"/>
        <entry endPc="268447167" name="stats" stackId="3" startPc="268446872"/>
        <entry endPc="268447167" name="heartRateData" stackId="4" startPc="268446872"/>
        <entry endPc="268447167" name="activityInfo" stackId="5" startPc="268446872"/>
        <entry endPc="268447493" name="sensors" stackId="1" startPc="268447171"/>
        <entry endPc="268447620" name="currentHR" stackId="1" startPc="268447498"/>
        <entry endPc="268447547" name="info" stackId="2" startPc="268447502"/>
        <entry endPc="268447590" name="ex" stackId="3" startPc="268447554"/>
        <entry endPc="268447712" name="bodyBattery" stackId="1" startPc="268447624"/>
        <entry endPc="268447661" name="stats" stackId="2" startPc="268447628"/>
        <entry endPc="268447704" name="ex" stackId="3" startPc="268447668"/>
        <entry endPc="268447821" name="stats" stackId="1" startPc="268447772"/>
        <entry endPc="268447844" name="ex" stackId="2" startPc="268447828"/>
        <entry arg="true" endPc="268447871" name="ctx" stackId="1" startPc="268447851"/>
        <entry arg="true" endPc="268447962" name="ctx" stackId="1" startPc="268447872"/>
        <entry arg="true" endPc="268447962" name="variant" stackId="2" startPc="268447872"/>
        <entry arg="true" endPc="268448022" name="ctx" stackId="1" startPc="268447963"/>
        <entry arg="true" endPc="268449288" name="dc" stackId="1" startPc="268448039"/>
        <entry arg="true" endPc="268449288" name="width" stackId="2" startPc="268448039"/>
        <entry arg="true" endPc="268449288" name="height" stackId="3" startPc="268448039"/>
        <entry endPc="268449287" name="centerX" stackId="4" startPc="268448042"/>
        <entry endPc="268449287" name="centerY" stackId="5" startPc="268448042"/>
        <entry endPc="268449287" name="radius" stackId="6" startPc="268448042"/>
        <entry endPc="268449287" name="clockTime" stackId="7" startPc="268448042"/>
        <entry endPc="268449287" name="hours" stackId="8" startPc="268448042"/>
        <entry endPc="268449287" name="minutes" stackId="9" startPc="268448042"/>
        <entry endPc="268449287" name="seconds" stackId="10" startPc="268448042"/>
        <entry endPc="268449287" name="hourAngle" stackId="11" startPc="268448042"/>
        <entry endPc="268449287" name="hourLength" stackId="12" startPc="268448042"/>
        <entry endPc="268449287" name="hourTail" stackId="13" startPc="268448042"/>
        <entry endPc="268449287" name="hourStartX" stackId="14" startPc="268448042"/>
        <entry endPc="268449287" name="hourStartY" stackId="15" startPc="268448042"/>
        <entry endPc="268449287" name="hourEndX" stackId="16" startPc="268448042"/>
        <entry endPc="268449287" name="hourEndY" stackId="17" startPc="268448042"/>
        <entry endPc="268449287" name="minuteAngle" stackId="18" startPc="268448042"/>
        <entry endPc="268449287" name="minuteLength" stackId="19" startPc="268448042"/>
        <entry endPc="268449287" name="minuteTail" stackId="20" startPc="268448042"/>
        <entry endPc="268449287" name="minuteStartX" stackId="21" startPc="268448042"/>
        <entry endPc="268449287" name="minuteStartY" stackId="22" startPc="268448042"/>
        <entry endPc="268449287" name="minuteEndX" stackId="23" startPc="268448042"/>
        <entry endPc="268449287" name="minuteEndY" stackId="24" startPc="268448042"/>
        <entry endPc="268449287" name="secondAngle" stackId="25" startPc="268448042"/>
        <entry endPc="268449287" name="secondLength" stackId="26" startPc="268448042"/>
        <entry endPc="268449287" name="secondTail" stackId="27" startPc="268448042"/>
        <entry endPc="268449287" name="secondStartX" stackId="28" startPc="268448042"/>
        <entry endPc="268449287" name="secondStartY" stackId="29" startPc="268448042"/>
        <entry endPc="268449287" name="secondEndX" stackId="30" startPc="268448042"/>
        <entry endPc="268449287" name="secondEndY" stackId="31" startPc="268448042"/>
        <entry endPc="268449287" name="jailbotSize" stackId="32" startPc="268448042"/>
        <entry endPc="268449287" name="bodyX" stackId="33" startPc="268448042"/>
        <entry endPc="268449287" name="bodyY" stackId="34" startPc="268448042"/>
        <entry endPc="268449287" name="panelWidth" stackId="35" startPc="268448042"/>
        <entry endPc="268449287" name="panelHeight" stackId="36" startPc="268448042"/>
        <entry endPc="268449287" name="panelX" stackId="37" startPc="268448042"/>
        <entry endPc="268449287" name="panelY" stackId="38" startPc="268448042"/>
        <entry endPc="268449287" name="dotSize" stackId="39" startPc="268448042"/>
        <entry endPc="268449287" name="dotSpacing" stackId="40" startPc="268448042"/>
        <entry endPc="268449287" name="gridStartX" stackId="41" startPc="268448042"/>
        <entry endPc="268449287" name="gridStartY" stackId="42" startPc="268448042"/>
        <entry endPc="268449287" name="shouldBlink" stackId="43" startPc="268448042"/>
        <entry endPc="268449287" name="cols" stackId="44" startPc="268448042"/>
        <entry endPc="268449287" name="rows" stackId="45" startPc="268448042"/>
        <entry endPc="268448992" name="col" stackId="46" startPc="268448930"/>
        <entry endPc="268448979" name="dotX" stackId="47" startPc="268448936"/>
        <entry endPc="268448979" name="dotY" stackId="48" startPc="268448936"/>
        <entry endPc="268449058" name="col" stackId="49" startPc="268449005"/>
        <entry endPc="268449048" name="dotX" stackId="50" startPc="268449005"/>
        <entry endPc="268449048" name="dotY" stackId="51" startPc="268449005"/>
        <entry endPc="268449133" name="col" stackId="52" startPc="268449071"/>
        <entry endPc="268449120" name="dotX" stackId="53" startPc="268449077"/>
        <entry endPc="268449120" name="dotY" stackId="54" startPc="268449077"/>
        <entry endPc="268449199" name="col" stackId="55" startPc="268449146"/>
        <entry endPc="268449189" name="dotX" stackId="56" startPc="268449146"/>
        <entry endPc="268449189" name="dotY" stackId="57" startPc="268449146"/>
        <entry endPc="268449287" name="row" stackId="58" startPc="268449212"/>
        <entry endPc="268449277" name="col" stackId="59" startPc="268449224"/>
        <entry endPc="268449267" name="dotX" stackId="60" startPc="268449224"/>
        <entry endPc="268449267" name="dotY" stackId="61" startPc="268449224"/>
        <entry arg="true" endPc="268449457" name="dc" stackId="1" startPc="268449289"/>
        <entry arg="true" endPc="268449457" name="centerX" stackId="2" startPc="268449289"/>
        <entry arg="true" endPc="268449457" name="centerY" stackId="3" startPc="268449289"/>
        <entry arg="true" endPc="268449457" name="faceSize" stackId="4" startPc="268449289"/>
        <entry endPc="268449456" name="eyeWidth" stackId="5" startPc="268449292"/>
        <entry endPc="268449456" name="eyeHeight" stackId="6" startPc="268449292"/>
        <entry endPc="268449456" name="eyeY" stackId="7" startPc="268449292"/>
        <entry endPc="268449456" name="leftEyeX" stackId="8" startPc="268449292"/>
        <entry endPc="268449456" name="rightEyeX" stackId="9" startPc="268449292"/>
        <entry endPc="268449456" name="mouthWidth" stackId="10" startPc="268449292"/>
        <entry endPc="268449456" name="mouthHeight" stackId="11" startPc="268449292"/>
        <entry endPc="268449456" name="mouthY" stackId="12" startPc="268449292"/>
        <entry arg="true" endPc="268449549" name="dc" stackId="1" startPc="268449458"/>
        <entry arg="true" endPc="268449549" name="x" stackId="2" startPc="268449458"/>
        <entry arg="true" endPc="268449549" name="y" stackId="3" startPc="268449458"/>
        <entry arg="true" endPc="268449549" name="size" stackId="4" startPc="268449458"/>
        <entry endPc="268449548" name="borderWidth" stackId="5" startPc="268449461"/>
        <entry arg="true" endPc="268450614" name="dc" stackId="1" startPc="268449550"/>
        <entry arg="true" endPc="268450614" name="width" stackId="2" startPc="268449550"/>
        <entry arg="true" endPc="268450614" name="height" stackId="3" startPc="268449550"/>
        <entry endPc="268450613" name="centerX" stackId="4" startPc="268449553"/>
        <entry endPc="268450613" name="centerY" stackId="5" startPc="268449553"/>
        <entry endPc="268450613" name="clockTime" stackId="6" startPc="268449553"/>
        <entry endPc="268450613" name="hours" stackId="7" startPc="268449553"/>
        <entry endPc="268450613" name="minutes" stackId="8" startPc="268449553"/>
        <entry endPc="268450613" name="visorWidth" stackId="9" startPc="268449553"/>
        <entry endPc="268450613" name="visorHeight" stackId="10" startPc="268449553"/>
        <entry endPc="268450613" name="visorX" stackId="11" startPc="268449553"/>
        <entry endPc="268450613" name="visorY" stackId="12" startPc="268449553"/>
        <entry endPc="268450613" name="shouldBlink" stackId="13" startPc="268449553"/>
        <entry endPc="268450613" name="eyeWidth" stackId="14" startPc="268449553"/>
        <entry endPc="268450613" name="eyeHeight" stackId="15" startPc="268449553"/>
        <entry endPc="268450613" name="leftEyeX" stackId="16" startPc="268449553"/>
        <entry endPc="268450613" name="rightEyeX" stackId="17" startPc="268449553"/>
        <entry endPc="268450613" name="eyeY" stackId="18" startPc="268449553"/>
        <entry endPc="268450613" name="is24Hour" stackId="19" startPc="268449553"/>
        <entry endPc="268450613" name="timeHour" stackId="20" startPc="268449553"/>
        <entry endPc="268450613" name="timeY" stackId="21" startPc="268449553"/>
        <entry endPc="268450613" name="hourStr" stackId="22" startPc="268449553"/>
        <entry endPc="268450613" name="minStr" stackId="23" startPc="268449553"/>
        <entry endPc="268450613" name="barWidth" stackId="24" startPc="268449553"/>
        <entry endPc="268450613" name="barHeight" stackId="25" startPc="268449553"/>
        <entry endPc="268450613" name="barY" stackId="26" startPc="268449553"/>
        <entry endPc="268450613" name="batteryLevel" stackId="27" startPc="268449553"/>
        <entry endPc="268450613" name="leftBarX" stackId="28" startPc="268449553"/>
        <entry endPc="268450613" name="batteryHeight" stackId="29" startPc="268449553"/>
        <entry endPc="268450613" name="rightBarX" stackId="30" startPc="268449553"/>
        <entry endPc="268450613" name="stepsHeight" stackId="31" startPc="268449553"/>
        <entry endPc="268450613" name="bottomY" stackId="32" startPc="268449553"/>
        <entry endPc="268450613" name="today" stackId="33" startPc="268449553"/>
        <entry endPc="268450613" name="dateStr" stackId="34" startPc="268449553"/>
        <entry endPc="268450613" name="battStr" stackId="35" startPc="268449553"/>
        <entry arg="true" endPc="268451464" name="dc" stackId="1" startPc="268450615"/>
        <entry arg="true" endPc="268451464" name="width" stackId="2" startPc="268450615"/>
        <entry arg="true" endPc="268451464" name="height" stackId="3" startPc="268450615"/>
        <entry endPc="268451463" name="centerX" stackId="4" startPc="268450618"/>
        <entry endPc="268451463" name="centerY" stackId="5" startPc="268450618"/>
        <entry endPc="268451463" name="clockTime" stackId="6" startPc="268450618"/>
        <entry endPc="268451463" name="hours" stackId="7" startPc="268450618"/>
        <entry endPc="268451463" name="minutes" stackId="8" startPc="268450618"/>
        <entry endPc="268451463" name="rimRadius" stackId="9" startPc="268450618"/>
        <entry endPc="268450954" name="i" stackId="10" startPc="268450768"/>
        <entry endPc="268450944" name="angle" stackId="11" startPc="268450768"/>
        <entry endPc="268450944" name="markerX" stackId="12" startPc="268450768"/>
        <entry endPc="268450944" name="markerY" stackId="13" startPc="268450768"/>
        <entry endPc="268451047" name="rawSensors" stackId="14" startPc="268450955"/>
        <entry endPc="268451047" name="renderData" stackId="15" startPc="268450955"/>
        <entry endPc="268451047" name="faceSize" stackId="16" startPc="268450955"/>
        <entry endPc="268451047" name="renderer" stackId="17" startPc="268450955"/>
        <entry endPc="268451113" name="ex" stackId="18" startPc="268451054"/>
        <entry endPc="268451240" name="blinkState" stackId="19" startPc="268451145"/>
        <entry endPc="268451240" name="faceSize" stackId="20" startPc="268451145"/>
        <entry endPc="268451240" name="debugInfo" stackId="21" startPc="268451145"/>
        <entry endPc="268451463" name="minuteAngle" stackId="22" startPc="268450618"/>
        <entry endPc="268451463" name="handRadius" stackId="23" startPc="268450618"/>
        <entry endPc="268451463" name="numberX" stackId="24" startPc="268450618"/>
        <entry endPc="268451463" name="numberY" stackId="25" startPc="268450618"/>
        <entry endPc="268451463" name="displayHour" stackId="26" startPc="268450618"/>
        <entry endPc="268451463" name="is24Hour" stackId="27" startPc="268450618"/>
        <entry endPc="268451463" name="hourStr" stackId="28" startPc="268450618"/>
        <entry arg="true" endPc="268451556" name="dc" stackId="1" startPc="268451465"/>
        <entry arg="true" endPc="268451556" name="pattern" stackId="2" startPc="268451465"/>
        <entry arg="true" endPc="268451556" name="x" stackId="3" startPc="268451465"/>
        <entry arg="true" endPc="268451556" name="y" stackId="4" startPc="268451465"/>
        <entry arg="true" endPc="268451556" name="blockSize" stackId="5" startPc="268451465"/>
        <entry endPc="268451555" name="row" stackId="6" startPc="268451479"/>
        <entry endPc="268451545" name="col" stackId="7" startPc="268451490"/>
        <entry arg="true" endPc="268451659" name="dc" stackId="1" startPc="268451622"/>
        <entry arg="true" endPc="268451659" name="width" stackId="2" startPc="268451622"/>
        <entry arg="true" endPc="268451659" name="height" stackId="3" startPc="268451622"/>
        <entry arg="true" endPc="268451923" name="dc" stackId="1" startPc="268451744"/>
        <entry endPc="268451922" name="deviceSettings" stackId="2" startPc="268451747"/>
        <entry endPc="268451922" name="width" stackId="3" startPc="268451747"/>
        <entry endPc="268451922" name="height" stackId="4" startPc="268451747"/>
        <entry endPc="268451922" name="centerX" stackId="5" startPc="268451747"/>
        <entry endPc="268451922" name="centerY" stackId="6" startPc="268451747"/>
        <entry endPc="268451922" name="radius" stackId="7" startPc="268451747"/>
        <entry endPc="268451917" name="ex" stackId="8" startPc="268451873"/>
        <entry arg="true" endPc="268452762" name="dc" stackId="1" startPc="268451924"/>
        <entry arg="true" endPc="268452762" name="screenWidth" stackId="2" startPc="268451924"/>
        <entry arg="true" endPc="268452762" name="screenHeight" stackId="3" startPc="268451924"/>
        <entry endPc="268452761" name="clockTime" stackId="4" startPc="268451927"/>
        <entry endPc="268452761" name="hour" stackId="5" startPc="268451927"/>
        <entry endPc="268452761" name="min" stackId="6" startPc="268451927"/>
        <entry endPc="268452761" name="is24Hour" stackId="7" startPc="268451927"/>
        <entry endPc="268452761" name="digitPatterns" stackId="8" startPc="268451927"/>
        <entry endPc="268452761" name="blockSize" stackId="9" startPc="268451927"/>
        <entry endPc="268452761" name="digitWidth" stackId="10" startPc="268451927"/>
        <entry endPc="268452761" name="digitSpacing" stackId="11" startPc="268451927"/>
        <entry endPc="268452761" name="colonWidth" stackId="12" startPc="268451927"/>
        <entry endPc="268452761" name="totalWidth" stackId="13" startPc="268451927"/>
        <entry endPc="268452761" name="startX" stackId="14" startPc="268451927"/>
        <entry endPc="268452761" name="startY" stackId="15" startPc="268451927"/>
        <entry endPc="268452761" name="hourTens" stackId="16" startPc="268451927"/>
        <entry endPc="268452761" name="hourOnes" stackId="17" startPc="268451927"/>
        <entry endPc="268452761" name="colonX" stackId="18" startPc="268451927"/>
        <entry endPc="268452761" name="minTens" stackId="19" startPc="268451927"/>
        <entry endPc="268452761" name="minOnes" stackId="20" startPc="268451927"/>
        <entry arg="true" endPc="268452826" name="dc" stackId="1" startPc="268452777"/>
        <entry endPc="268452825" name="width" stackId="2" startPc="268452780"/>
        <entry endPc="268452825" name="height" stackId="3" startPc="268452780"/>
        <entry arg="true" endPc="268453081" name="dc" stackId="1" startPc="268453037"/>
        <entry endPc="268453080" name="width" stackId="2" startPc="268453040"/>
        <entry endPc="268453080" name="height" stackId="3" startPc="268453040"/>
        <entry arg="true" endPc="268453085" name="ctx" stackId="1" startPc="268453082"/>
        <entry arg="true" endPc="268453136" name="ctx" stackId="1" startPc="268453089"/>
        <entry arg="true" endPc="268453223" name="ctx" stackId="1" startPc="268453137"/>
        <entry arg="true" endPc="268453223" name="variant" stackId="2" startPc="268453137"/>
        <entry arg="true" endPc="268453231" name="ctx" stackId="1" startPc="268453224"/>
        <entry arg="true" endPc="268453287" name="ctx" stackId="1" startPc="268453232"/>
        <entry arg="true" endPc="268453406" name="profile" stackId="1" startPc="268453307"/>
        <entry endPc="268453405" name="min" stackId="2" startPc="268453310"/>
        <entry endPc="268453405" name="max" stackId="3" startPc="268453310"/>
        <entry endPc="268453405" name="mean" stackId="4" startPc="268453310"/>
        <entry endPc="268453405" name="interval" stackId="5" startPc="268453310"/>
        <entry endPc="268453493" name="elapsed" stackId="1" startPc="268453410"/>
        <entry endPc="268453493" name="progress" stackId="2" startPc="268453410"/>
        <entry arg="true" endPc="268453586" name="duration" stackId="1" startPc="268453550"/>
        <entry arg="true" endPc="268453736" name="min" stackId="1" startPc="268453587"/>
        <entry arg="true" endPc="268453736" name="max" stackId="2" startPc="268453587"/>
        <entry arg="true" endPc="268453736" name="mean" stackId="3" startPc="268453587"/>
        <entry endPc="268453736" name="range" stackId="4" startPc="268453590"/>
        <entry endPc="268453736" name="meanOffset" stackId="5" startPc="268453590"/>
        <entry endPc="268453736" name="rand1" stackId="6" startPc="268453590"/>
        <entry endPc="268453736" name="rand2" stackId="7" startPc="268453590"/>
        <entry endPc="268453736" name="biased" stackId="8" startPc="268453590"/>
        <entry arg="true" endPc="268453988" name="profile" stackId="1" startPc="268453737"/>
        <entry arg="true" endPc="268453988" name="deltaMs" stackId="2" startPc="268453737"/>
        <entry endPc="268453987" name="now" stackId="3" startPc="268453740"/>
        <entry arg="true" endPc="268454121" name="ctx" stackId="1" startPc="268454067"/>
        <entry arg="true" endPc="268454212" name="ctx" stackId="1" startPc="268454122"/>
        <entry arg="true" endPc="268454212" name="variant" stackId="2" startPc="268454122"/>
        <entry arg="true" endPc="268454268" name="ctx" stackId="1" startPc="268454213"/>
        <entry arg="true" endPc="268454307" name="col" stackId="1" startPc="268454285"/>
        <entry arg="true" endPc="268454330" name="row" stackId="1" startPc="268454308"/>
        <entry arg="true" endPc="268454353" name="cols" stackId="1" startPc="268454331"/>
        <entry arg="true" endPc="268454376" name="rows" stackId="1" startPc="268454354"/>
        <entry arg="true" endPc="268454415" name="block" stackId="1" startPc="268454377"/>
        <entry arg="true" endPc="268454415" name="g" stackId="2" startPc="268454377"/>
        <entry arg="true" endPc="268454415" name="x" stackId="3" startPc="268454377"/>
        <entry arg="true" endPc="268454415" name="y" stackId="4" startPc="268454377"/>
        <entry arg="true" endPc="268454536" name="dc" stackId="1" startPc="268454416"/>
        <entry endPc="268454535" name="currentWidth" stackId="2" startPc="268454419"/>
        <entry endPc="268454535" name="scale" stackId="3" startPc="268454419"/>
        <entry arg="true" endPc="268454548" name="g" stackId="1" startPc="268454537"/>
        <entry arg="true" endPc="268454652" name="screenWidth" stackId="1" startPc="268454549"/>
        <entry arg="true" endPc="268454652" name="screenHeight" stackId="2" startPc="268454549"/>
        <entry arg="true" endPc="268454652" name="gridSpec" stackId="3" startPc="268454549"/>
        <entry endPc="268454652" name="metrics" stackId="4" startPc="268454552"/>
        <entry endPc="268454652" name="totalWidth" stackId="5" startPc="268454552"/>
        <entry endPc="268454652" name="totalHeight" stackId="6" startPc="268454552"/>
        <entry arg="true" endPc="268454711" name="pixels" stackId="1" startPc="268454653"/>
        <entry arg="true" endPc="268454711" name="dc" stackId="2" startPc="268454653"/>
        <entry endPc="268454711" name="currentWidth" stackId="3" startPc="268454656"/>
        <entry endPc="268454711" name="scale" stackId="4" startPc="268454656"/>
        <entry endPc="268454711" name="result" stackId="5" startPc="268454656"/>
        <entry arg="true" endPc="268454723" name="size" stackId="1" startPc="268454712"/>
        <entry arg="true" endPc="268454758" name="x" stackId="1" startPc="268454724"/>
        <entry arg="true" endPc="268454758" name="y" stackId="2" startPc="268454724"/>
        <entry arg="true" endPc="268454779" name="c" stackId="1" startPc="268454759"/>
        <entry arg="true" endPc="268454779" name="r" stackId="2" startPc="268454759"/>
        <entry arg="true" endPc="268454895" name="startCol" stackId="1" startPc="268454780"/>
        <entry arg="true" endPc="268454895" name="startRow" stackId="2" startPc="268454780"/>
        <entry arg="true" endPc="268454895" name="cols" stackId="3" startPc="268454780"/>
        <entry arg="true" endPc="268454895" name="rows" stackId="4" startPc="268454780"/>
        <entry endPc="268454894" name="row" stackId="5" startPc="268454794"/>
        <entry endPc="268454884" name="col" stackId="6" startPc="268454805"/>
        <entry arg="true" endPc="268455045" name="gridSpec" stackId="1" startPc="268454896"/>
        <entry arg="true" endPc="268455045" name="pattern" stackId="2" startPc="268454896"/>
        <entry endPc="268455044" name="row" stackId="3" startPc="268454914"/>
        <entry endPc="268455034" name="col" stackId="4" startPc="268454929"/>
        <entry arg="true" endPc="268455066" name="drawContext" stackId="1" startPc="268455046"/>
        <entry arg="true" endPc="268455066" name="pixelMetrics" stackId="2" startPc="268455046"/>
        <entry arg="true" endPc="268455215" name="dc" stackId="1" startPc="268455067"/>
        <entry arg="true" endPc="268455215" name="digit" stackId="2" startPc="268455067"/>
        <entry arg="true" endPc="268455215" name="x" stackId="3" startPc="268455067"/>
        <entry arg="true" endPc="268455215" name="y" stackId="4" startPc="268455067"/>
        <entry endPc="268455214" name="pattern" stackId="5" startPc="268455070"/>
        <entry endPc="268455214" name="metrics" stackId="6" startPc="268455070"/>
        <entry endPc="268455214" name="renderer" stackId="7" startPc="268455070"/>
        <entry endPc="268455214" name="row" stackId="8" startPc="268455146"/>
        <entry endPc="268455204" name="col" stackId="9" startPc="268455160"/>
        <entry arg="true" endPc="268455767" name="dc" stackId="1" startPc="268455248"/>
        <entry arg="true" endPc="268455767" name="screenWidth" stackId="2" startPc="268455248"/>
        <entry arg="true" endPc="268455767" name="screenHeight" stackId="3" startPc="268455248"/>
        <entry endPc="268455766" name="clockTime" stackId="4" startPc="268455251"/>
        <entry endPc="268455766" name="hour" stackId="5" startPc="268455251"/>
        <entry endPc="268455766" name="min" stackId="6" startPc="268455251"/>
        <entry endPc="268455766" name="is24Hour" stackId="7" startPc="268455251"/>
        <entry endPc="268455766" name="blockSize" stackId="8" startPc="268455251"/>
        <entry endPc="268455766" name="gap" stackId="9" startPc="268455251"/>
        <entry endPc="268455766" name="digitWidth" stackId="10" startPc="268455251"/>
        <entry endPc="268455766" name="digitHeight" stackId="11" startPc="268455251"/>
        <entry endPc="268455766" name="colonWidth" stackId="12" startPc="268455251"/>
        <entry endPc="268455766" name="spaceBetweenDigits" stackId="13" startPc="268455251"/>
        <entry endPc="268455766" name="totalWidth" stackId="14" startPc="268455251"/>
        <entry endPc="268455766" name="startX" stackId="15" startPc="268455251"/>
        <entry endPc="268455766" name="startY" stackId="16" startPc="268455251"/>
        <entry endPc="268455766" name="hourTens" stackId="17" startPc="268455251"/>
        <entry endPc="268455766" name="hourOnes" stackId="18" startPc="268455251"/>
        <entry endPc="268455766" name="colonX" stackId="19" startPc="268455251"/>
        <entry endPc="268455766" name="colonY1" stackId="20" startPc="268455251"/>
        <entry endPc="268455766" name="colonY2" stackId="21" startPc="268455251"/>
        <entry endPc="268455766" name="colonMetrics" stackId="22" startPc="268455251"/>
        <entry endPc="268455766" name="colonRenderer" stackId="23" startPc="268455251"/>
        <entry endPc="268455766" name="minTens" stackId="24" startPc="268455251"/>
        <entry endPc="268455766" name="minOnes" stackId="25" startPc="268455251"/>
        <entry arg="true" endPc="268455968" name="renderer" stackId="1" startPc="268455768"/>
        <entry arg="true" endPc="268455968" name="pattern" stackId="2" startPc="268455768"/>
        <entry arg="true" endPc="268455968" name="startCol" stackId="3" startPc="268455768"/>
        <entry arg="true" endPc="268455968" name="startRow" stackId="4" startPc="268455768"/>
        <entry endPc="268455967" name="row" stackId="5" startPc="268455782"/>
        <entry endPc="268455957" name="col" stackId="6" startPc="268455793"/>
        <entry endPc="268455944" name="isEdge" stackId="7" startPc="268455807"/>
        <entry arg="true" endPc="268456044" name="renderer" stackId="1" startPc="268455969"/>
        <entry arg="true" endPc="268456044" name="col" stackId="2" startPc="268455969"/>
        <entry arg="true" endPc="268456044" name="row" stackId="3" startPc="268455969"/>
        <entry endPc="268456043" name="x" stackId="4" startPc="268455972"/>
        <entry endPc="268456043" name="y" stackId="5" startPc="268455972"/>
        <entry endPc="268456043" name="size" stackId="6" startPc="268455972"/>
        <entry arg="true" endPc="268456522" name="dc" stackId="1" startPc="268456045"/>
        <entry arg="true" endPc="268456522" name="screenWidth" stackId="2" startPc="268456045"/>
        <entry arg="true" endPc="268456522" name="screenHeight" stackId="3" startPc="268456045"/>
        <entry endPc="268456521" name="clockTime" stackId="4" startPc="268456048"/>
        <entry endPc="268456521" name="hour" stackId="5" startPc="268456048"/>
        <entry endPc="268456521" name="min" stackId="6" startPc="268456048"/>
        <entry endPc="268456521" name="is24Hour" stackId="7" startPc="268456048"/>
        <entry endPc="268456521" name="timeSpec" stackId="8" startPc="268456048"/>
        <entry endPc="268456521" name="timeMetrics" stackId="9" startPc="268456048"/>
        <entry endPc="268456521" name="timeRenderer" stackId="10" startPc="268456048"/>
        <entry endPc="268456521" name="clearWidth" stackId="11" startPc="268456048"/>
        <entry endPc="268456521" name="clearHeight" stackId="12" startPc="268456048"/>
        <entry endPc="268456521" name="hourTens" stackId="13" startPc="268456048"/>
        <entry endPc="268456521" name="hourOnes" stackId="14" startPc="268456048"/>
        <entry endPc="268456521" name="minTens" stackId="15" startPc="268456048"/>
        <entry endPc="268456521" name="minOnes" stackId="16" startPc="268456048"/>
        <entry arg="true" endPc="268456787" name="dc" stackId="1" startPc="268456523"/>
        <entry arg="true" endPc="268456787" name="screenWidth" stackId="2" startPc="268456523"/>
        <entry arg="true" endPc="268456787" name="centerY" stackId="3" startPc="268456523"/>
        <entry endPc="268456786" name="centerX" stackId="4" startPc="268456526"/>
        <entry endPc="268456786" name="size" stackId="5" startPc="268456526"/>
        <entry endPc="268456786" name="clockTime" stackId="6" startPc="268456526"/>
        <entry endPc="268456786" name="min" stackId="7" startPc="268456526"/>
        <entry endPc="268456786" name="shouldBlink" stackId="8" startPc="268456526"/>
        <entry endPc="268456786" name="eyeY" stackId="9" startPc="268456526"/>
        <entry endPc="268456786" name="leftEyeX" stackId="10" startPc="268456526"/>
        <entry endPc="268456786" name="rightEyeX" stackId="11" startPc="268456526"/>
        <entry endPc="268456786" name="mouthY" stackId="12" startPc="268456526"/>
        <entry arg="true" endPc="268456858" name="renderer" stackId="1" startPc="268456820"/>
        <entry arg="true" endPc="268456858" name="startCol" stackId="2" startPc="268456820"/>
        <entry arg="true" endPc="268456858" name="startRow" stackId="3" startPc="268456820"/>
        <entry arg="true" endPc="268456897" name="radius" stackId="1" startPc="268456859"/>
        <entry arg="true" endPc="268457063" name="dc" stackId="1" startPc="268456898"/>
        <entry arg="true" endPc="268457063" name="centerX" stackId="2" startPc="268456898"/>
        <entry arg="true" endPc="268457063" name="centerY" stackId="3" startPc="268456898"/>
        <entry arg="true" endPc="268457063" name="angle" stackId="4" startPc="268456898"/>
        <entry endPc="268457062" name="endX" stackId="5" startPc="268456901"/>
        <entry endPc="268457062" name="endY" stackId="6" startPc="268456901"/>
        <entry endPc="268457062" name="startX" stackId="7" startPc="268456901"/>
        <entry endPc="268457062" name="startY" stackId="8" startPc="268456901"/>
        <entry arg="true" endPc="268457097" name="hours" stackId="1" startPc="268457064"/>
        <entry arg="true" endPc="268457097" name="minutes" stackId="2" startPc="268457064"/>
        <entry endPc="268457097" name="totalMinutes" stackId="3" startPc="268457067"/>
        <entry arg="true" endPc="268457260" name="dc" stackId="1" startPc="268457098"/>
        <entry arg="true" endPc="268457260" name="angle" stackId="2" startPc="268457098"/>
        <entry endPc="268457259" name="outerRadius" stackId="3" startPc="268457101"/>
        <entry endPc="268457259" name="innerRadius" stackId="4" startPc="268457101"/>
        <entry endPc="268457259" name="outerX" stackId="5" startPc="268457101"/>
        <entry endPc="268457259" name="outerY" stackId="6" startPc="268457101"/>
        <entry endPc="268457259" name="innerX" stackId="7" startPc="268457101"/>
        <entry endPc="268457259" name="innerY" stackId="8" startPc="268457101"/>
        <entry arg="true" endPc="268457423" name="dc" stackId="1" startPc="268457261"/>
        <entry arg="true" endPc="268457423" name="angle" stackId="2" startPc="268457261"/>
        <entry endPc="268457422" name="outerRadius" stackId="3" startPc="268457264"/>
        <entry endPc="268457422" name="innerRadius" stackId="4" startPc="268457264"/>
        <entry endPc="268457422" name="outerX" stackId="5" startPc="268457264"/>
        <entry endPc="268457422" name="outerY" stackId="6" startPc="268457264"/>
        <entry endPc="268457422" name="innerX" stackId="7" startPc="268457264"/>
        <entry endPc="268457422" name="innerY" stackId="8" startPc="268457264"/>
        <entry arg="true" endPc="268457483" name="x" stackId="1" startPc="268457424"/>
        <entry arg="true" endPc="268457483" name="y" stackId="2" startPc="268457424"/>
        <entry arg="true" endPc="268457483" name="r" stackId="3" startPc="268457424"/>
        <entry arg="true" endPc="268457563" name="dc" stackId="1" startPc="268457484"/>
        <entry arg="true" endPc="268457602" name="radius" stackId="1" startPc="268457564"/>
        <entry arg="true" endPc="268457768" name="dc" stackId="1" startPc="268457603"/>
        <entry arg="true" endPc="268457768" name="centerX" stackId="2" startPc="268457603"/>
        <entry arg="true" endPc="268457768" name="centerY" stackId="3" startPc="268457603"/>
        <entry arg="true" endPc="268457768" name="angle" stackId="4" startPc="268457603"/>
        <entry endPc="268457767" name="endX" stackId="5" startPc="268457606"/>
        <entry endPc="268457767" name="endY" stackId="6" startPc="268457606"/>
        <entry endPc="268457767" name="startX" stackId="7" startPc="268457606"/>
        <entry endPc="268457767" name="startY" stackId="8" startPc="268457606"/>
        <entry arg="true" endPc="268457799" name="minutes" stackId="1" startPc="268457769"/>
        <entry arg="true" endPc="268457799" name="seconds" stackId="2" startPc="268457769"/>
        <entry endPc="268457799" name="totalSeconds" stackId="3" startPc="268457772"/>
        <entry arg="true" endPc="268458015" name="x" stackId="1" startPc="268457800"/>
        <entry arg="true" endPc="268458015" name="y" stackId="2" startPc="268457800"/>
        <entry arg="true" endPc="268458015" name="r" stackId="3" startPc="268457800"/>
        <entry arg="true" endPc="268458174" name="dc" stackId="1" startPc="268458016"/>
        <entry arg="true" endPc="268458174" name="hours" stackId="2" startPc="268458016"/>
        <entry arg="true" endPc="268458174" name="minutes" stackId="3" startPc="268458016"/>
        <entry arg="true" endPc="268458174" name="seconds" stackId="4" startPc="268458016"/>
        <entry endPc="268458173" name="hourAngle" stackId="5" startPc="268458019"/>
        <entry endPc="268458173" name="minuteAngle" stackId="6" startPc="268458019"/>
        <entry endPc="268458173" name="secondAngle" stackId="7" startPc="268458019"/>
        <entry arg="true" endPc="268458213" name="radius" stackId="1" startPc="268458175"/>
        <entry arg="true" endPc="268458379" name="dc" stackId="1" startPc="268458214"/>
        <entry arg="true" endPc="268458379" name="centerX" stackId="2" startPc="268458214"/>
        <entry arg="true" endPc="268458379" name="centerY" stackId="3" startPc="268458214"/>
        <entry arg="true" endPc="268458379" name="angle" stackId="4" startPc="268458214"/>
        <entry endPc="268458378" name="endX" stackId="5" startPc="268458217"/>
        <entry endPc="268458378" name="endY" stackId="6" startPc="268458217"/>
        <entry endPc="268458378" name="startX" stackId="7" startPc="268458217"/>
        <entry endPc="268458378" name="startY" stackId="8" startPc="268458217"/>
        <entry arg="true" endPc="268458399" name="seconds" stackId="1" startPc="268458380"/>
        <entry arg="true" endPc="268458431" name="x" stackId="1" startPc="268458400"/>
        <entry arg="true" endPc="268458431" name="y" stackId="2" startPc="268458400"/>
        <entry arg="true" endPc="268458431" name="r" stackId="3" startPc="268458400"/>
        <entry endPc="268458431" name="face" stackId="4" startPc="268458403"/>
        <entry arg="true" endPc="268458463" name="x" stackId="1" startPc="268458432"/>
        <entry arg="true" endPc="268458463" name="y" stackId="2" startPc="268458432"/>
        <entry arg="true" endPc="268458463" name="r" stackId="3" startPc="268458432"/>
        <entry endPc="268458463" name="face" stackId="4" startPc="268458435"/>
        <entry arg="true" endPc="268458538" name="dc" stackId="1" startPc="268458464"/>
        <entry arg="true" endPc="268458538" name="clockTime" stackId="2" startPc="268458464"/>
        <entry endPc="268458537" name="shouldBlink" stackId="3" startPc="268458467"/>
        <entry endPc="268458537" name="jailbotSize" stackId="4" startPc="268458467"/>
        <entry endPc="268458537" name="jailbotX" stackId="5" startPc="268458467"/>
        <entry endPc="268458537" name="jailbotY" stackId="6" startPc="268458467"/>
        <entry arg="true" endPc="268458583" name="dc" stackId="1" startPc="268458539"/>
        <entry arg="true" endPc="268458583" name="screenWidth" stackId="2" startPc="268458539"/>
        <entry arg="true" endPc="268458583" name="screenHeight" stackId="3" startPc="268458539"/>
        <entry endPc="268458582" name="clockTime" stackId="4" startPc="268458542"/>
        <entry arg="true" endPc="268458679" name="x" stackId="1" startPc="268458600"/>
        <entry arg="true" endPc="268458679" name="y" stackId="2" startPc="268458600"/>
        <entry arg="true" endPc="268458679" name="r" stackId="3" startPc="268458600"/>
        <entry arg="true" endPc="268458761" name="dc" stackId="1" startPc="268458680"/>
        <entry arg="true" endPc="268458761" name="hours" stackId="2" startPc="268458680"/>
        <entry arg="true" endPc="268458761" name="minutes" stackId="3" startPc="268458680"/>
        <entry arg="true" endPc="268458761" name="seconds" stackId="4" startPc="268458680"/>
        <entry endPc="268458757" name="clockTime" stackId="5" startPc="268458733"/>
        <entry arg="true" endPc="268458928" name="dc" stackId="1" startPc="268458762"/>
        <entry arg="true" endPc="268458928" name="x" stackId="2" startPc="268458762"/>
        <entry arg="true" endPc="268458928" name="y" stackId="3" startPc="268458762"/>
        <entry arg="true" endPc="268458928" name="size" stackId="4" startPc="268458762"/>
        <entry arg="true" endPc="268458928" name="shouldBlink" stackId="5" startPc="268458762"/>
        <entry endPc="268458927" name="blockSize" stackId="6" startPc="268458765"/>
        <entry endPc="268458927" name="leftEyeX" stackId="7" startPc="268458765"/>
        <entry endPc="268458927" name="rightEyeX" stackId="8" startPc="268458765"/>
        <entry endPc="268458927" name="eyeY" stackId="9" startPc="268458765"/>
        <entry endPc="268458927" name="eyeWidth" stackId="10" startPc="268458765"/>
        <entry endPc="268458927" name="eyeHeight" stackId="11" startPc="268458765"/>
        <entry endPc="268458927" name="mouthX" stackId="12" startPc="268458765"/>
        <entry endPc="268458927" name="mouthY" stackId="13" startPc="268458765"/>
        <entry endPc="268458927" name="mouthWidth" stackId="14" startPc="268458765"/>
        <entry endPc="268458927" name="mouthHeight" stackId="15" startPc="268458765"/>
        <entry arg="true" endPc="268459041" name="blocks" stackId="1" startPc="268459030"/>
        <entry arg="true" endPc="268459053" name="blocks" stackId="1" startPc="268459042"/>
        <entry arg="true" endPc="268459713" name="dc" stackId="1" startPc="268459161"/>
        <entry arg="true" endPc="268459713" name="screenWidth" stackId="2" startPc="268459161"/>
        <entry arg="true" endPc="268459713" name="screenHeight" stackId="3" startPc="268459161"/>
        <entry endPc="268459712" name="blockSize" stackId="4" startPc="268459164"/>
        <entry endPc="268459712" name="gap" stackId="5" startPc="268459164"/>
        <entry endPc="268459712" name="clockTime" stackId="6" startPc="268459164"/>
        <entry endPc="268459712" name="shouldBlink" stackId="7" startPc="268459164"/>
        <entry endPc="268459712" name="eyeSpec" stackId="8" startPc="268459164"/>
        <entry endPc="268459712" name="eyeWidth" stackId="9" startPc="268459164"/>
        <entry endPc="268459712" name="eyeHeight" stackId="10" startPc="268459164"/>
        <entry endPc="268459712" name="eyeSpacingPx" stackId="11" startPc="268459164"/>
        <entry endPc="268459712" name="totalEyesWidth" stackId="12" startPc="268459164"/>
        <entry endPc="268459712" name="leftEyeX" stackId="13" startPc="268459164"/>
        <entry endPc="268459712" name="rightEyeX" stackId="14" startPc="268459164"/>
        <entry endPc="268459712" name="eyeY" stackId="15" startPc="268459164"/>
        <entry endPc="268459712" name="leftEyeMetrics" stackId="16" startPc="268459164"/>
        <entry endPc="268459712" name="leftRenderer" stackId="17" startPc="268459164"/>
        <entry endPc="268459712" name="rightEyeMetrics" stackId="18" startPc="268459164"/>
        <entry endPc="268459712" name="rightRenderer" stackId="19" startPc="268459164"/>
        <entry endPc="268459712" name="mouthSpec" stackId="20" startPc="268459164"/>
        <entry endPc="268459712" name="mouthWidth" stackId="21" startPc="268459164"/>
        <entry endPc="268459712" name="mouthX" stackId="22" startPc="268459164"/>
        <entry endPc="268459712" name="mouthY" stackId="23" startPc="268459164"/>
        <entry endPc="268459712" name="mouthMetrics" stackId="24" startPc="268459164"/>
        <entry endPc="268459712" name="mouthRenderer" stackId="25" startPc="268459164"/>
    </localVars>
    <deviceInfo deviceVersion="8fc30743a4191ec19bcafa28e3ffcc2b5a958a17" partNumber="006-B3906-00"/>
    <annotations>
        <annotationEntry annotation="initialized" class="Drawables" module="globals/Rez" symbol="LauncherIcon"/>
        <annotationEntry annotation="initialized" class="Strings" module="globals/Rez" symbol="AppName"/>
    </annotations>
    <dataEntryOffsetMappings>
        <dataEntry label="globals" offset="121" parentId="" symbolId="globals" type="module"/>
        <dataEntry label="globals/EyeRenderer" offset="404" parentId="globals" symbolId="EyeRenderer" type="class"/>
        <dataEntry label="globals/JailbotWatchFaceApp" offset="484" parentId="globals" symbolId="JailbotWatchFaceApp" type="class"/>
        <dataEntry label="globals/MoodMemory" offset="564" parentId="globals" symbolId="MoodMemory" type="class"/>
        <dataEntry label="globals/Rez" offset="671" parentId="globals" symbolId="Rez" type="module"/>
        <dataEntry label="globals/EmoticonParser" offset="715" parentId="globals" symbolId="EmoticonParser" type="class"/>
        <dataEntry label="globals/PixelResolution" offset="903" parentId="globals" symbolId="PixelResolution" type="module"/>
        <dataEntry label="globals/StandbyState" offset="965" parentId="globals" symbolId="StandbyState" type="class"/>
        <dataEntry label="globals/PixelTime" offset="1027" parentId="globals" symbolId="PixelTime" type="module"/>
        <dataEntry label="globals/DrowsyState" offset="1071" parentId="globals" symbolId="DrowsyState" type="class"/>
        <dataEntry label="globals/ExpressionRenderer" offset="1169" parentId="globals" symbolId="ExpressionRenderer" type="class"/>
        <dataEntry label="globals/ExpressionParams" offset="1258" parentId="globals" symbolId="ExpressionParams" type="class"/>
        <dataEntry label="globals/AOD" offset="1500" parentId="globals" symbolId="AOD" type="module"/>
        <dataEntry label="globals/OverheatState" offset="1535" parentId="globals" symbolId="OverheatState" type="class"/>
        <dataEntry label="globals/AnalogClock" offset="1624" parentId="globals" symbolId="AnalogClock" type="module"/>
        <dataEntry label="globals/JailbotAnalog" offset="1695" parentId="globals" symbolId="JailbotAnalog" type="module"/>
        <dataEntry label="globals/JailbotFace" offset="1739" parentId="globals" symbolId="JailbotFace" type="module"/>
        <dataEntry label="globals/BlinkController" offset="1792" parentId="globals" symbolId="BlinkController" type="class"/>
        <dataEntry label="globals/EmoticonRenderer" offset="1962" parentId="globals" symbolId="EmoticonRenderer" type="class"/>
        <dataEntry label="globals/MoodEngine" offset="2087" parentId="globals" symbolId="MoodEngine" type="class"/>
        <dataEntry label="globals/FocusedState" offset="2257" parentId="globals" symbolId="FocusedState" type="class"/>
        <dataEntry label="globals/MoodContext" offset="2346" parentId="globals" symbolId="MoodContext" type="class"/>
        <dataEntry label="globals/ChargedState" offset="2516" parentId="globals" symbolId="ChargedState" type="class"/>
        <dataEntry label="globals/HealthDataProvider" offset="2605" parentId="globals" symbolId="HealthDataProvider" type="class"/>
        <dataEntry label="globals/VictoryState" offset="2802" parentId="globals" symbolId="VictoryState" type="class"/>
        <dataEntry label="globals/JailbotWatchFaceView" offset="2891" parentId="globals" symbolId="JailbotWatchFaceView" type="class"/>
        <dataEntry label="globals/IMoodState" offset="3160" parentId="globals" symbolId="IMoodState" type="class"/>
        <dataEntry label="globals/BlinkScheduler" offset="3285" parentId="globals" symbolId="BlinkScheduler" type="class"/>
        <dataEntry label="globals/RecoveringState" offset="3446" parentId="globals" symbolId="RecoveringState" type="class"/>
        <dataEntry label="globals/Rez/Drawables" offset="3535" parentId="Rez" symbolId="Drawables" type="module"/>
        <dataEntry label="globals/Rez/Strings" offset="3570" parentId="Rez" symbolId="Strings" type="module"/>
        <dataEntry label="globals/PixelResolution/PixelMetrics" offset="3605" parentId="PixelResolution" symbolId="PixelMetrics" type="class"/>
        <dataEntry label="globals/PixelResolution/ResolutionManager" offset="3721" parentId="PixelResolution" symbolId="ResolutionManager" type="class"/>
        <dataEntry label="globals/PixelResolution/GridSpec" offset="3864" parentId="PixelResolution" symbolId="GridSpec" type="class"/>
        <dataEntry label="globals/PixelResolution/PixelRenderer" offset="3926" parentId="PixelResolution" symbolId="PixelRenderer" type="class"/>
        <dataEntry label="globals/PixelTime/TimeDisplay" offset="4006" parentId="PixelTime" symbolId="TimeDisplay" type="class"/>
        <dataEntry label="globals/PixelTime/DigitPatterns" offset="4104" parentId="PixelTime" symbolId="DigitPatterns" type="class"/>
        <dataEntry label="globals/PixelTime/DigitPatterns/&lt;statics&gt;" offset="4152" parentId="DigitPatterns" symbolId="&lt;statics&gt;" type="module"/>
        <dataEntry label="globals/AOD/MinimalTimeDisplay" offset="4183" parentId="AOD" symbolId="MinimalTimeDisplay" type="class"/>
        <dataEntry label="globals/AnalogClock/HourHand" offset="4299" parentId="AnalogClock" symbolId="HourHand" type="class"/>
        <dataEntry label="globals/AnalogClock/RimIndicators" offset="4397" parentId="AnalogClock" symbolId="RimIndicators" type="class"/>
        <dataEntry label="globals/AnalogClock/MinuteHand" offset="4522" parentId="AnalogClock" symbolId="MinuteHand" type="class"/>
        <dataEntry label="globals/AnalogClock/AnalogClockFace" offset="4620" parentId="AnalogClock" symbolId="AnalogClockFace" type="class"/>
        <dataEntry label="globals/AnalogClock/SecondHand" offset="4736" parentId="AnalogClock" symbolId="SecondHand" type="class"/>
        <dataEntry label="globals/JailbotAnalog/AnalogStyleFactory" offset="4834" parentId="JailbotAnalog" symbolId="AnalogStyleFactory" type="class"/>
        <dataEntry label="globals/JailbotAnalog/AnalogStyleFactory/&lt;statics&gt;" offset="4882" parentId="AnalogStyleFactory" symbolId="&lt;statics&gt;" type="module"/>
        <dataEntry label="globals/JailbotAnalog/JailbotAnalogFace" offset="4922" parentId="JailbotAnalog" symbolId="JailbotAnalogFace" type="class"/>
        <dataEntry label="globals/JailbotFace/Eye" offset="5038" parentId="JailbotFace" symbolId="Eye" type="class"/>
        <dataEntry label="globals/JailbotFace/Mouth" offset="5109" parentId="JailbotFace" symbolId="Mouth" type="class"/>
        <dataEntry label="globals/JailbotFace/FaceLayout" offset="5180" parentId="JailbotFace" symbolId="FaceLayout" type="class"/>
    </dataEntryOffsetMappings>
    <functions>
        <functionEntry accessMode="public" name="&lt;init&gt;" parent="EyeRenderer">
            <documentation/>
        </functionEntry>
        <functionEntry accessMode="public" endPc="268435471" name="&lt;init&gt;" parent="JailbotWatchFaceApp" startPc="268435460">
            <documentation/>
        </functionEntry>
        <functionEntry accessMode="public" name="&lt;init&gt;" parent="MoodMemory">
            <documentation/>
        </functionEntry>
        <functionEntry accessMode="public" endPc="268435491" name="&lt;init&gt;" parent="Rez" startPc="268435472">
            <documentation/>
        </functionEntry>
        <functionEntry accessMode="public" name="&lt;init&gt;" parent="EmoticonParser">
            <documentation/>
        </functionEntry>
        <functionEntry accessMode="public" name="&lt;init&gt;" parent="PixelResolution">
            <documentation/>
        </functionEntry>
        <functionEntry accessMode="public" endPc="268435503" name="&lt;init&gt;" parent="StandbyState" startPc="268435492">
            <documentation/>
        </functionEntry>
        <functionEntry accessMode="public" name="&lt;init&gt;" parent="PixelTime">
            <documentation/>
        </functionEntry>
        <functionEntry accessMode="public" endPc="268435515" name="&lt;init&gt;" parent="DrowsyState" startPc="268435504">
            <documentation/>
        </functionEntry>
        <functionEntry accessMode="public" name="&lt;init&gt;" parent="ExpressionRenderer">
            <documentation/>
        </functionEntry>
        <functionEntry accessMode="public" name="&lt;init&gt;" parent="ExpressionParams">
            <documentation/>
        </functionEntry>
        <functionEntry accessMode="public" name="&lt;init&gt;" parent="AOD">
            <documentation/>
        </functionEntry>
        <functionEntry accessMode="public" endPc="268435527" name="&lt;init&gt;" parent="OverheatState" startPc="268435516">
            <documentation/>
        </functionEntry>
        <functionEntry accessMode="public" name="&lt;init&gt;" parent="AnalogClock">
            <documentation/>
        </functionEntry>
        <functionEntry accessMode="public" name="&lt;init&gt;" parent="JailbotAnalog">
            <documentation/>
        </functionEntry>
        <functionEntry accessMode="public" name="&lt;init&gt;" parent="JailbotFace">
            <documentation/>
        </functionEntry>
        <functionEntry accessMode="public" name="&lt;init&gt;" parent="BlinkController">
            <documentation/>
        </functionEntry>
        <functionEntry accessMode="public" name="&lt;init&gt;" parent="EmoticonRenderer">
            <documentation/>
        </functionEntry>
        <functionEntry accessMode="public" name="&lt;init&gt;" parent="MoodEngine">
            <documentation/>
        </functionEntry>
        <functionEntry accessMode="public" endPc="268435539" name="&lt;init&gt;" parent="FocusedState" startPc="268435528">
            <documentation/>
        </functionEntry>
        <functionEntry accessMode="public" name="&lt;init&gt;" parent="MoodContext">
            <documentation/>
        </functionEntry>
        <functionEntry accessMode="public" endPc="268435551" name="&lt;init&gt;" parent="ChargedState" startPc="268435540">
            <documentation/>
        </functionEntry>
        <functionEntry accessMode="public" name="&lt;init&gt;" parent="HealthDataProvider">
            <documentation/>
        </functionEntry>
        <functionEntry accessMode="public" endPc="268435563" name="&lt;init&gt;" parent="VictoryState" startPc="268435552">
            <documentation/>
        </functionEntry>
        <functionEntry accessMode="public" endPc="268435575" name="&lt;init&gt;" parent="JailbotWatchFaceView" startPc="268435564">
            <documentation/>
        </functionEntry>
        <functionEntry accessMode="public" name="&lt;init&gt;" parent="IMoodState">
            <documentation/>
        </functionEntry>
        <functionEntry accessMode="public" name="&lt;init&gt;" parent="BlinkScheduler">
            <documentation/>
        </functionEntry>
        <functionEntry accessMode="public" endPc="268435587" name="&lt;init&gt;" parent="RecoveringState" startPc="268435576">
            <documentation/>
        </functionEntry>
        <functionEntry accessMode="public" endPc="268435780" name="drawEyes" parent="EyeRenderer" startPc="268435588">
            <param id="dc"/>
            <param id="centerX"/>
            <param id="centerY"/>
            <param id="faceSize"/>
            <param id="state"/>
            <documentation/>
        </functionEntry>
        <functionEntry accessMode="public" endPc="268435801" name="initialize" parent="EyeRenderer" startPc="268435781">
            <documentation/>
        </functionEntry>
        <functionEntry accessMode="public" endPc="268435831" name="getDebugInfo" parent="EyeRenderer" startPc="268435802">
            <documentation/>
        </functionEntry>
        <functionEntry accessMode="private" endPc="268436029" name="&lt;globals/EyeRenderer/&lt;&gt;drawClosedEyes&gt;" parent="EyeRenderer" startPc="268435832">
            <param id="dc"/>
            <param id="leftX"/>
            <param id="rightX"/>
            <param id="y"/>
            <param id="faceSize"/>
            <documentation/>
        </functionEntry>
        <functionEntry accessMode="private" endPc="268436224" name="&lt;globals/EyeRenderer/&lt;&gt;drawOpenEyes&gt;" parent="EyeRenderer" startPc="268436030">
            <param id="dc"/>
            <param id="leftX"/>
            <param id="rightX"/>
            <param id="y"/>
            <param id="faceSize"/>
            <documentation/>
        </functionEntry>
        <functionEntry accessMode="public" endPc="268436227" name="onStart" parent="JailbotWatchFaceApp" startPc="268436225">
            <param id="state"/>
            <documentation/>
        </functionEntry>
        <functionEntry accessMode="public" endPc="268436241" name="onSettingsChanged" parent="JailbotWatchFaceApp" startPc="268436228">
            <documentation/>
        </functionEntry>
        <functionEntry accessMode="public" endPc="268436269" name="getInitialView" parent="JailbotWatchFaceApp" startPc="268436242">
            <documentation/>
        </functionEntry>
        <functionEntry accessMode="public" endPc="268436284" name="initialize" parent="JailbotWatchFaceApp" startPc="268436270">
            <documentation/>
        </functionEntry>
        <functionEntry accessMode="public" endPc="268436287" name="onStop" parent="JailbotWatchFaceApp" startPc="268436285">
            <param id="state"/>
            <documentation/>
        </functionEntry>
        <functionEntry accessMode="public" endPc="268436311" name="isAchievementEventRecent" parent="MoodMemory" startPc="268436288">
            <documentation/>
        </functionEntry>
        <functionEntry accessMode="public" endPc="268436431" name="selectVariant" parent="MoodMemory" startPc="268436312">
            <param id="allowedVariants"/>
            <param id="ctx"/>
            <documentation/>
        </functionEntry>
        <functionEntry accessMode="public" endPc="268436463" name="update" parent="MoodMemory" startPc="268436432">
            <param id="ctx"/>
            <param id="deltaMs"/>
            <documentation/>
        </functionEntry>
        <functionEntry accessMode="public" endPc="268436503" name="initialize" parent="MoodMemory" startPc="268436464">
            <documentation/>
        </functionEntry>
        <functionEntry accessMode="public" name="&lt;init&gt;" parent="Drawables">
            <documentation/>
        </functionEntry>
        <functionEntry accessMode="public" name="&lt;init&gt;" parent="Strings">
            <documentation/>
        </functionEntry>
        <functionEntry accessMode="private" endPc="268436580" name="&lt;globals/EmoticonParser/&lt;&gt;applyTongue&gt;" parent="EmoticonParser" startPc="268436504">
            <param id="params"/>
            <documentation/>
        </functionEntry>
        <functionEntry accessMode="private" endPc="268436687" name="&lt;globals/EmoticonParser/&lt;&gt;applyConfused&gt;" parent="EmoticonParser" startPc="268436581">
            <param id="params"/>
            <documentation/>
        </functionEntry>
        <functionEntry accessMode="private" endPc="268436803" name="&lt;globals/EmoticonParser/&lt;&gt;applyLove&gt;" parent="EmoticonParser" startPc="268436688">
            <param id="params"/>
            <documentation/>
        </functionEntry>
        <functionEntry accessMode="private" endPc="268436845" name="&lt;globals/EmoticonParser/&lt;&gt;applyNeutral&gt;" parent="EmoticonParser" startPc="268436804">
            <param id="params"/>
            <documentation/>
        </functionEntry>
        <functionEntry accessMode="private" endPc="268436952" name="&lt;globals/EmoticonParser/&lt;&gt;applyShock&gt;" parent="EmoticonParser" startPc="268436846">
            <param id="params"/>
            <documentation/>
        </functionEntry>
        <functionEntry accessMode="private" endPc="268437068" name="&lt;globals/EmoticonParser/&lt;&gt;applyJoy&gt;" parent="EmoticonParser" startPc="268436953">
            <param id="params"/>
            <documentation/>
        </functionEntry>
        <functionEntry accessMode="private" endPc="268437149" name="&lt;globals/EmoticonParser/&lt;&gt;applyLaugh&gt;" parent="EmoticonParser" startPc="268437069">
            <param id="params"/>
            <documentation/>
        </functionEntry>
        <functionEntry accessMode="public" endPc="268437683" name="parseEmoticon" parent="EmoticonParser" startPc="268437150">
            <param id="emoticon"/>
            <documentation/>
        </functionEntry>
        <functionEntry accessMode="private" endPc="268437764" name="&lt;globals/EmoticonParser/&lt;&gt;applyWink&gt;" parent="EmoticonParser" startPc="268437684">
            <param id="params"/>
            <documentation/>
        </functionEntry>
        <functionEntry accessMode="private" endPc="268437819" name="&lt;globals/EmoticonParser/&lt;&gt;applyHappy&gt;" parent="EmoticonParser" startPc="268437765">
            <param id="params"/>
            <documentation/>
        </functionEntry>
        <functionEntry accessMode="private" endPc="268437887" name="&lt;globals/EmoticonParser/&lt;&gt;applyUnimpressed&gt;" parent="EmoticonParser" startPc="268437820">
            <param id="params"/>
            <documentation/>
        </functionEntry>
        <functionEntry accessMode="private" endPc="268437977" name="&lt;globals/EmoticonParser/&lt;&gt;applyCrying&gt;" parent="EmoticonParser" startPc="268437888">
            <param id="params"/>
            <documentation/>
        </functionEntry>
        <functionEntry accessMode="private" endPc="268438084" name="&lt;globals/EmoticonParser/&lt;&gt;applyAngry&gt;" parent="EmoticonParser" startPc="268437978">
            <param id="params"/>
            <documentation/>
        </functionEntry>
        <functionEntry accessMode="public" name="initialize" parent="EmoticonParser">
            <documentation/>
        </functionEntry>
        <functionEntry accessMode="private" endPc="268438152" name="&lt;globals/EmoticonParser/&lt;&gt;applySad&gt;" parent="EmoticonParser" startPc="268438085">
            <param id="params"/>
            <documentation/>
        </functionEntry>
        <functionEntry accessMode="private" endPc="268438246" name="&lt;globals/EmoticonParser/&lt;&gt;applyGrin&gt;" parent="EmoticonParser" startPc="268438153">
            <param id="params"/>
            <documentation/>
        </functionEntry>
        <functionEntry accessMode="private" endPc="268438314" name="&lt;globals/EmoticonParser/&lt;&gt;applyCat&gt;" parent="EmoticonParser" startPc="268438247">
            <param id="params"/>
            <documentation/>
        </functionEntry>
        <functionEntry accessMode="public" name="&lt;init&gt;" parent="PixelMetrics">
            <documentation/>
        </functionEntry>
        <functionEntry accessMode="public" name="&lt;init&gt;" parent="ResolutionManager">
            <documentation/>
        </functionEntry>
        <functionEntry accessMode="public" name="&lt;init&gt;" parent="GridSpec">
            <documentation/>
        </functionEntry>
        <functionEntry accessMode="public" name="&lt;init&gt;" parent="PixelRenderer">
            <documentation/>
        </functionEntry>
        <functionEntry accessMode="public" endPc="268438322" name="score" parent="StandbyState" startPc="268438315">
            <param id="ctx"/>
            <documentation/>
        </functionEntry>
        <functionEntry accessMode="public" endPc="268438330" name="id" parent="StandbyState" startPc="268438323">
            <documentation/>
        </functionEntry>
        <functionEntry accessMode="public" name="initialize" parent="StandbyState">
            <documentation/>
        </functionEntry>
        <functionEntry accessMode="public" name="&lt;init&gt;" parent="TimeDisplay">
            <documentation/>
        </functionEntry>
        <functionEntry accessMode="public" name="&lt;init&gt;" parent="DigitPatterns">
            <documentation/>
        </functionEntry>
        <functionEntry accessMode="public" endPc="268438812" name="&lt;init&gt;" parent="globals/PixelTime/DigitPatterns" startPc="268438331">
            <documentation/>
        </functionEntry>
        <functionEntry accessMode="public" endPc="268438879" name="score" parent="DrowsyState" startPc="268438813">
            <param id="ctx"/>
            <documentation/>
        </functionEntry>
        <functionEntry accessMode="public" endPc="268439071" name="getExpression" parent="DrowsyState" startPc="268438880">
            <param id="ctx"/>
            <param id="variant"/>
            <documentation/>
        </functionEntry>
        <functionEntry accessMode="public" endPc="268439117" name="allowedVariants" parent="DrowsyState" startPc="268439072">
            <param id="ctx"/>
            <documentation/>
        </functionEntry>
        <functionEntry accessMode="public" endPc="268439174" name="blinkProfile" parent="DrowsyState" startPc="268439118">
            <param id="ctx"/>
            <documentation/>
        </functionEntry>
        <functionEntry accessMode="public" endPc="268439182" name="getEmoticon" parent="DrowsyState" startPc="268439175">
            <documentation/>
        </functionEntry>
        <functionEntry accessMode="public" endPc="268439190" name="id" parent="DrowsyState" startPc="268439183">
            <documentation/>
        </functionEntry>
        <functionEntry accessMode="public" name="initialize" parent="DrowsyState">
            <documentation/>
        </functionEntry>
        <functionEntry accessMode="public" endPc="268439593" name="renderLegacy" parent="ExpressionRenderer" startPc="268439191">
            <param id="dc"/>
            <param id="renderData"/>
            <param id="faceSize"/>
            <param id="centerX"/>
            <param id="centerY"/>
            <documentation/>
        </functionEntry>
        <functionEntry accessMode="private" endPc="268439596" name="&lt;globals/ExpressionRenderer/&lt;&gt;drawAccentEffects&gt;" parent="ExpressionRenderer" startPc="268439594">
            <param id="dc"/>
            <param id="state"/>
            <param id="centerX"/>
            <param id="centerY"/>
            <param id="faceSize"/>
            <documentation/>
        </functionEntry>
        <functionEntry accessMode="private" endPc="268439723" name="&lt;globals/ExpressionRenderer/&lt;&gt;applyBlinkOverlay&gt;" parent="ExpressionRenderer" startPc="268439597">
            <param id="dc"/>
            <param id="centerX"/>
            <param id="centerY"/>
            <param id="faceSize"/>
            <param id="blinkPhase"/>
            <documentation/>
        </functionEntry>
        <functionEntry accessMode="public" name="initialize" parent="ExpressionRenderer">
            <documentation/>
        </functionEntry>
        <functionEntry accessMode="public" endPc="268439832" name="renderWithEmoticon" parent="ExpressionRenderer" startPc="268439724">
            <param id="dc"/>
            <param id="renderData"/>
            <param id="faceSize"/>
            <param id="centerX"/>
            <param id="centerY"/>
            <documentation/>
        </functionEntry>
        <functionEntry accessMode="public" endPc="268439931" name="render" parent="ExpressionRenderer" startPc="268439833">
            <param id="dc"/>
            <param id="renderData"/>
            <param id="faceSize"/>
            <param id="centerX"/>
            <param id="centerY"/>
            <documentation/>
        </functionEntry>
        <functionEntry accessMode="public" endPc="268440171" name="initialize" parent="ExpressionParams" startPc="268439932">
            <documentation/>
        </functionEntry>
        <functionEntry accessMode="public" endPc="268440653" name="&lt;init&gt;" parent="MinimalTimeDisplay" startPc="268440172">
            <documentation/>
        </functionEntry>
        <functionEntry accessMode="public" endPc="268440699" name="score" parent="OverheatState" startPc="268440654">
            <param id="ctx"/>
            <documentation/>
        </functionEntry>
        <functionEntry accessMode="public" endPc="268440790" name="getExpression" parent="OverheatState" startPc="268440700">
            <param id="ctx"/>
            <param id="variant"/>
            <documentation/>
        </functionEntry>
        <functionEntry accessMode="public" endPc="268440850" name="blinkProfile" parent="OverheatState" startPc="268440791">
            <param id="ctx"/>
            <documentation/>
        </functionEntry>
        <functionEntry accessMode="public" endPc="268440858" name="getEmoticon" parent="OverheatState" startPc="268440851">
            <documentation/>
        </functionEntry>
        <functionEntry accessMode="public" endPc="268440866" name="id" parent="OverheatState" startPc="268440859">
            <documentation/>
        </functionEntry>
        <functionEntry accessMode="public" name="initialize" parent="OverheatState">
            <documentation/>
        </functionEntry>
        <functionEntry accessMode="public" name="&lt;init&gt;" parent="HourHand">
            <documentation/>
        </functionEntry>
        <functionEntry accessMode="public" name="&lt;init&gt;" parent="RimIndicators">
            <documentation/>
        </functionEntry>
        <functionEntry accessMode="public" name="&lt;init&gt;" parent="MinuteHand">
            <documentation/>
        </functionEntry>
        <functionEntry accessMode="public" name="&lt;init&gt;" parent="AnalogClockFace">
            <documentation/>
        </functionEntry>
        <functionEntry accessMode="public" name="&lt;init&gt;" parent="SecondHand">
            <documentation/>
        </functionEntry>
        <functionEntry accessMode="public" name="&lt;init&gt;" parent="AnalogStyleFactory">
            <documentation/>
        </functionEntry>
        <functionEntry accessMode="public" name="&lt;init&gt;" parent="globals/JailbotAnalog/AnalogStyleFactory">
            <documentation/>
        </functionEntry>
        <functionEntry accessMode="public" endPc="268440878" name="&lt;init&gt;" parent="JailbotAnalogFace" startPc="268440867">
            <documentation/>
        </functionEntry>
        <functionEntry accessMode="public" name="&lt;init&gt;" parent="Eye">
            <documentation/>
        </functionEntry>
        <functionEntry accessMode="public" name="&lt;init&gt;" parent="Mouth">
            <documentation/>
        </functionEntry>
        <functionEntry accessMode="public" name="&lt;init&gt;" parent="FaceLayout">
            <documentation/>
        </functionEntry>
        <functionEntry accessMode="private" endPc="268441019" name="&lt;globals/BlinkController/&lt;&gt;scheduleNextBlink&gt;" parent="BlinkController" startPc="268440879">
            <documentation/>
        </functionEntry>
        <functionEntry accessMode="public" endPc="268441097" name="start" parent="BlinkController" startPc="268441020">
            <documentation/>
        </functionEntry>
        <functionEntry accessMode="public" endPc="268441105" name="getBlinkState" parent="BlinkController" startPc="268441098">
            <documentation/>
        </functionEntry>
        <functionEntry accessMode="public" endPc="268441259" name="stop" parent="BlinkController" startPc="268441106">
            <documentation/>
        </functionEntry>
        <functionEntry accessMode="public" endPc="268441338" name="initialize" parent="BlinkController" startPc="268441260">
            <documentation/>
        </functionEntry>
        <functionEntry accessMode="public" endPc="268441396" name="onLowPowerChange" parent="BlinkController" startPc="268441339">
            <param id="isLowPower"/>
            <documentation/>
        </functionEntry>
        <functionEntry accessMode="public" endPc="268441472" name="getDebugInfo" parent="BlinkController" startPc="268441397">
            <documentation/>
        </functionEntry>
        <functionEntry accessMode="public" endPc="268441717" name="endBlink" parent="BlinkController" startPc="268441473">
            <documentation/>
        </functionEntry>
        <functionEntry accessMode="public" endPc="268441904" name="beginBlink" parent="BlinkController" startPc="268441718">
            <documentation/>
        </functionEntry>
        <functionEntry accessMode="private" endPc="268441986" name="&lt;globals/EmoticonRenderer/&lt;&gt;drawHeartEyes&gt;" parent="EmoticonRenderer" startPc="268441905">
            <param id="dc"/>
            <param id="leftX"/>
            <param id="rightX"/>
            <param id="eyeY"/>
            <param id="width"/>
            <param id="height"/>
            <documentation/>
        </functionEntry>
        <functionEntry accessMode="private" endPc="268442184" name="&lt;globals/EmoticonRenderer/&lt;&gt;drawXEyes&gt;" parent="EmoticonRenderer" startPc="268441987">
            <param id="dc"/>
            <param id="leftX"/>
            <param id="rightX"/>
            <param id="eyeY"/>
            <param id="width"/>
            <param id="height"/>
            <documentation/>
        </functionEntry>
        <functionEntry accessMode="public" endPc="268442224" name="renderEmoticon" parent="EmoticonRenderer" startPc="268442185">
            <param id="dc"/>
            <param id="emoticon"/>
            <param id="centerX"/>
            <param id="centerY"/>
            <param id="faceSize"/>
            <documentation/>
        </functionEntry>
        <functionEntry accessMode="private" endPc="268442316" name="&lt;globals/EmoticonRenderer/&lt;&gt;drawArcEyes&gt;" parent="EmoticonRenderer" startPc="268442225">
            <param id="dc"/>
            <param id="leftX"/>
            <param id="rightX"/>
            <param id="eyeY"/>
            <param id="width"/>
            <param id="height"/>
            <param id="upward"/>
            <documentation/>
        </functionEntry>
        <functionEntry accessMode="private" endPc="268442821" name="&lt;globals/EmoticonRenderer/&lt;&gt;drawEyes&gt;" parent="EmoticonRenderer" startPc="268442317">
            <param id="dc"/>
            <param id="params"/>
            <param id="leftX"/>
            <param id="rightX"/>
            <param id="eyeY"/>
            <param id="baseWidth"/>
            <param id="baseHeight"/>
            <documentation/>
        </functionEntry>
        <functionEntry accessMode="public" endPc="268442849" name="initialize" parent="EmoticonRenderer" startPc="268442822">
            <documentation/>
        </functionEntry>
        <functionEntry accessMode="public" endPc="268443001" name="drawExpression" parent="EmoticonRenderer" startPc="268442850">
            <param id="dc"/>
            <param id="params"/>
            <param id="centerX"/>
            <param id="centerY"/>
            <param id="faceSize"/>
            <documentation/>
        </functionEntry>
        <functionEntry accessMode="private" endPc="268443586" name="&lt;globals/EmoticonRenderer/&lt;&gt;drawMouth&gt;" parent="EmoticonRenderer" startPc="268443002">
            <param id="dc"/>
            <param id="params"/>
            <param id="centerX"/>
            <param id="mouthY"/>
            <param id="baseWidth"/>
            <param id="baseHeight"/>
            <documentation/>
        </functionEntry>
        <functionEntry accessMode="private" endPc="268443784" name="&lt;globals/EmoticonRenderer/&lt;&gt;drawAccessories&gt;" parent="EmoticonRenderer" startPc="268443587">
            <param id="dc"/>
            <param id="params"/>
            <param id="centerX"/>
            <param id="centerY"/>
            <param id="faceSize"/>
            <documentation/>
        </functionEntry>
        <functionEntry accessMode="private" endPc="268443924" name="&lt;globals/MoodEngine/&lt;&gt;transitionToState&gt;" parent="MoodEngine" startPc="268443785">
            <param id="newState"/>
            <param id="ctx"/>
            <documentation/>
        </functionEntry>
        <functionEntry accessMode="public" endPc="268444101" name="update" parent="MoodEngine" startPc="268443925">
            <param id="rawSensors"/>
            <documentation/>
        </functionEntry>
        <functionEntry accessMode="private" endPc="268444258" name="&lt;globals/MoodEngine/&lt;&gt;getCooldownForState&gt;" parent="MoodEngine" startPc="268444102">
            <param id="stateId"/>
            <documentation/>
        </functionEntry>
        <functionEntry accessMode="private" endPc="268444432" name="&lt;globals/MoodEngine/&lt;&gt;getRenderData&gt;" parent="MoodEngine" startPc="268444259">
            <param id="ctx"/>
            <documentation/>
        </functionEntry>
        <functionEntry accessMode="private" endPc="268444539" name="&lt;globals/MoodEngine/&lt;&gt;updateCooldowns&gt;" parent="MoodEngine" startPc="268444433">
            <param id="deltaMs"/>
            <documentation/>
        </functionEntry>
        <functionEntry accessMode="public" endPc="268444905" name="initialize" parent="MoodEngine" startPc="268444540">
            <documentation/>
        </functionEntry>
        <functionEntry accessMode="private" endPc="268445100" name="&lt;globals/MoodEngine/&lt;&gt;selectState&gt;" parent="MoodEngine" startPc="268444906">
            <param id="ctx"/>
            <documentation/>
        </functionEntry>
        <functionEntry accessMode="public" endPc="268445137" name="score" parent="FocusedState" startPc="268445101">
            <param id="ctx"/>
            <documentation/>
        </functionEntry>
        <functionEntry accessMode="public" endPc="268445224" name="getExpression" parent="FocusedState" startPc="268445138">
            <param id="ctx"/>
            <param id="variant"/>
            <documentation/>
        </functionEntry>
        <functionEntry accessMode="public" endPc="268445280" name="blinkProfile" parent="FocusedState" startPc="268445225">
            <param id="ctx"/>
            <documentation/>
        </functionEntry>
        <functionEntry accessMode="public" endPc="268445288" name="getEmoticon" parent="FocusedState" startPc="268445281">
            <documentation/>
        </functionEntry>
        <functionEntry accessMode="public" endPc="268445296" name="id" parent="FocusedState" startPc="268445289">
            <documentation/>
        </functionEntry>
        <functionEntry accessMode="public" name="initialize" parent="FocusedState">
            <documentation/>
        </functionEntry>
        <functionEntry accessMode="private" endPc="268445335" name="&lt;globals/MoodContext/&lt;&gt;clamp01&gt;" parent="MoodContext" startPc="268445297">
            <param id="value"/>
            <documentation/>
        </functionEntry>
        <functionEntry accessMode="private" endPc="268445381" name="&lt;globals/MoodContext/&lt;&gt;getTimeAdjustedGoal&gt;" parent="MoodContext" startPc="268445336">
            <param id="goal"/>
            <documentation/>
        </functionEntry>
        <functionEntry accessMode="public" endPc="268445740" name="initialize" parent="MoodContext" startPc="268445382">
            <param id="sensors"/>
            <documentation/>
        </functionEntry>
        <functionEntry accessMode="public" endPc="268445798" name="score" parent="ChargedState" startPc="268445741">
            <param id="ctx"/>
            <documentation/>
        </functionEntry>
        <functionEntry accessMode="public" endPc="268445889" name="getExpression" parent="ChargedState" startPc="268445799">
            <param id="ctx"/>
            <param id="variant"/>
            <documentation/>
        </functionEntry>
        <functionEntry accessMode="public" endPc="268445949" name="blinkProfile" parent="ChargedState" startPc="268445890">
            <param id="ctx"/>
            <documentation/>
        </functionEntry>
        <functionEntry accessMode="public" endPc="268445957" name="getEmoticon" parent="ChargedState" startPc="268445950">
            <documentation/>
        </functionEntry>
        <functionEntry accessMode="public" endPc="268445965" name="id" parent="ChargedState" startPc="268445958">
            <documentation/>
        </functionEntry>
        <functionEntry accessMode="public" name="initialize" parent="ChargedState">
            <documentation/>
        </functionEntry>
        <functionEntry accessMode="private" endPc="268445969" name="&lt;globals/HealthDataProvider/&lt;&gt;wasActiveRecently&gt;" parent="HealthDataProvider" startPc="268445966">
            <documentation/>
        </functionEntry>
        <functionEntry accessMode="private" endPc="268446094" name="&lt;globals/HealthDataProvider/&lt;&gt;estimateSleepQuality&gt;" parent="HealthDataProvider" startPc="268445970">
            <documentation/>
        </functionEntry>
        <functionEntry accessMode="private" endPc="268446278" name="&lt;globals/HealthDataProvider/&lt;&gt;getActivityStatus&gt;" parent="HealthDataProvider" startPc="268446095">
            <documentation/>
        </functionEntry>
        <functionEntry accessMode="private" endPc="268446391" name="&lt;globals/HealthDataProvider/&lt;&gt;detectAchievements&gt;" parent="HealthDataProvider" startPc="268446279">
            <param id="steps"/>
            <param id="stepGoal"/>
            <documentation/>
        </functionEntry>
        <functionEntry accessMode="private" endPc="268446405" name="&lt;globals/HealthDataProvider/&lt;&gt;getStressLevel&gt;" parent="HealthDataProvider" startPc="268446392">
            <documentation/>
        </functionEntry>
        <functionEntry accessMode="private" endPc="268446578" name="&lt;globals/HealthDataProvider/&lt;&gt;estimateBodyBattery&gt;" parent="HealthDataProvider" startPc="268446406">
            <documentation/>
        </functionEntry>
        <functionEntry accessMode="public" endPc="268446640" name="updateRestingHRBaseline" parent="HealthDataProvider" startPc="268446579">
            <param id="currentHR"/>
            <param id="isResting"/>
            <documentation/>
        </functionEntry>
        <functionEntry accessMode="private" endPc="268446868" name="&lt;globals/HealthDataProvider/&lt;&gt;estimateStressFromActivity&gt;" parent="HealthDataProvider" startPc="268446641">
            <documentation/>
        </functionEntry>
        <functionEntry accessMode="public" endPc="268447167" name="gatherSensorData" parent="HealthDataProvider" startPc="268446869">
            <documentation/>
        </functionEntry>
        <functionEntry accessMode="public" endPc="268447494" name="debugSensorData" parent="HealthDataProvider" startPc="268447168">
            <documentation/>
        </functionEntry>
        <functionEntry accessMode="private" endPc="268447620" name="&lt;globals/HealthDataProvider/&lt;&gt;getHeartRateData&gt;" parent="HealthDataProvider" startPc="268447495">
            <documentation/>
        </functionEntry>
        <functionEntry accessMode="private" endPc="268447712" name="&lt;globals/HealthDataProvider/&lt;&gt;getBodyBatteryLevel&gt;" parent="HealthDataProvider" startPc="268447621">
            <documentation/>
        </functionEntry>
        <functionEntry accessMode="public" endPc="268447768" name="initialize" parent="HealthDataProvider" startPc="268447713">
            <documentation/>
        </functionEntry>
        <functionEntry accessMode="private" endPc="268447850" name="&lt;globals/HealthDataProvider/&lt;&gt;isInAODMode&gt;" parent="HealthDataProvider" startPc="268447769">
            <documentation/>
        </functionEntry>
        <functionEntry accessMode="public" endPc="268447871" name="score" parent="VictoryState" startPc="268447851">
            <param id="ctx"/>
            <documentation/>
        </functionEntry>
        <functionEntry accessMode="public" endPc="268447962" name="getExpression" parent="VictoryState" startPc="268447872">
            <param id="ctx"/>
            <param id="variant"/>
            <documentation/>
        </functionEntry>
        <functionEntry accessMode="public" endPc="268448022" name="blinkProfile" parent="VictoryState" startPc="268447963">
            <param id="ctx"/>
            <documentation/>
        </functionEntry>
        <functionEntry accessMode="public" endPc="268448030" name="getEmoticon" parent="VictoryState" startPc="268448023">
            <documentation/>
        </functionEntry>
        <functionEntry accessMode="public" endPc="268448038" name="id" parent="VictoryState" startPc="268448031">
            <documentation/>
        </functionEntry>
        <functionEntry accessMode="public" name="initialize" parent="VictoryState">
            <documentation/>
        </functionEntry>
        <functionEntry accessMode="public" endPc="268449288" name="drawAuthenticJailbot" parent="JailbotWatchFaceView" startPc="268448039">
            <param id="dc"/>
            <param id="width"/>
            <param id="height"/>
            <documentation/>
        </functionEntry>
        <functionEntry accessMode="public" endPc="268449457" name="drawStaticJailbotFace" parent="JailbotWatchFaceView" startPc="268449289">
            <param id="dc"/>
            <param id="centerX"/>
            <param id="centerY"/>
            <param id="faceSize"/>
            <documentation/>
        </functionEntry>
        <functionEntry accessMode="public" endPc="268449549" name="drawHollowBlock" parent="JailbotWatchFaceView" startPc="268449458">
            <param id="dc"/>
            <param id="x"/>
            <param id="y"/>
            <param id="size"/>
            <documentation/>
        </functionEntry>
        <functionEntry accessMode="public" endPc="268450614" name="drawJailbot3" parent="JailbotWatchFaceView" startPc="268449550">
            <param id="dc"/>
            <param id="width"/>
            <param id="height"/>
            <documentation/>
        </functionEntry>
        <functionEntry accessMode="public" endPc="268451464" name="drawJailbot20PixelArt" parent="JailbotWatchFaceView" startPc="268450615">
            <param id="dc"/>
            <param id="width"/>
            <param id="height"/>
            <documentation/>
        </functionEntry>
        <functionEntry accessMode="public" endPc="268451556" name="drawHollowDigit" parent="JailbotWatchFaceView" startPc="268451465">
            <param id="dc"/>
            <param id="pattern"/>
            <param id="x"/>
            <param id="y"/>
            <param id="blockSize"/>
            <documentation/>
        </functionEntry>
        <functionEntry accessMode="public" endPc="268451621" name="onHide" parent="JailbotWatchFaceView" startPc="268451557">
            <documentation/>
        </functionEntry>
        <functionEntry accessMode="public" endPc="268451659" name="drawDirectAnalogJailbot" parent="JailbotWatchFaceView" startPc="268451622">
            <param id="dc"/>
            <param id="width"/>
            <param id="height"/>
            <documentation/>
        </functionEntry>
        <functionEntry accessMode="public" name="onExitSleep" parent="JailbotWatchFaceView">
            <documentation/>
        </functionEntry>
        <functionEntry accessMode="public" endPc="268451743" name="onShow" parent="JailbotWatchFaceView" startPc="268451660">
            <documentation/>
        </functionEntry>
        <functionEntry accessMode="public" endPc="268451923" name="onLayout" parent="JailbotWatchFaceView" startPc="268451744">
            <param id="dc"/>
            <documentation/>
        </functionEntry>
        <functionEntry accessMode="public" endPc="268452762" name="drawPixelatedAOD" parent="JailbotWatchFaceView" startPc="268451924">
            <param id="dc"/>
            <param id="screenWidth"/>
            <param id="screenHeight"/>
            <documentation/>
        </functionEntry>
        <functionEntry accessMode="public" endPc="268452776" name="requestUpdate" parent="JailbotWatchFaceView" startPc="268452763">
            <documentation/>
        </functionEntry>
        <functionEntry accessMode="public" endPc="268452826" name="onPartialUpdate" parent="JailbotWatchFaceView" startPc="268452777">
            <param id="dc"/>
            <documentation/>
        </functionEntry>
        <functionEntry accessMode="public" name="onEnterSleep" parent="JailbotWatchFaceView">
            <documentation/>
        </functionEntry>
        <functionEntry accessMode="public" endPc="268453036" name="initialize" parent="JailbotWatchFaceView" startPc="268452827">
            <documentation/>
        </functionEntry>
        <functionEntry accessMode="public" endPc="268453081" name="onUpdate" parent="JailbotWatchFaceView" startPc="268453037">
            <param id="dc"/>
            <documentation/>
        </functionEntry>
        <functionEntry accessMode="public" endPc="268453085" name="score" parent="IMoodState" startPc="268453082">
            <param id="ctx"/>
            <documentation/>
        </functionEntry>
        <functionEntry accessMode="public" endPc="268453088" name="exit" parent="IMoodState" startPc="268453086">
            <param id="ctx"/>
            <documentation/>
        </functionEntry>
        <functionEntry accessMode="public" endPc="268453136" name="aodExpression" parent="IMoodState" startPc="268453089">
            <param id="ctx"/>
            <documentation/>
        </functionEntry>
        <functionEntry accessMode="public" endPc="268453223" name="getExpression" parent="IMoodState" startPc="268453137">
            <param id="ctx"/>
            <param id="variant"/>
            <documentation/>
        </functionEntry>
        <functionEntry accessMode="public" endPc="268453231" name="allowedVariants" parent="IMoodState" startPc="268453224">
            <param id="ctx"/>
            <documentation/>
        </functionEntry>
        <functionEntry accessMode="public" endPc="268453287" name="blinkProfile" parent="IMoodState" startPc="268453232">
            <param id="ctx"/>
            <documentation/>
        </functionEntry>
        <functionEntry accessMode="public" endPc="268453295" name="getEmoticon" parent="IMoodState" startPc="268453288">
            <documentation/>
        </functionEntry>
        <functionEntry accessMode="public" endPc="268453303" name="id" parent="IMoodState" startPc="268453296">
            <documentation/>
        </functionEntry>
        <functionEntry accessMode="public" endPc="268453306" name="enter" parent="IMoodState" startPc="268453304">
            <param id="ctx"/>
            <documentation/>
        </functionEntry>
        <functionEntry accessMode="public" name="initialize" parent="IMoodState">
            <documentation/>
        </functionEntry>
        <functionEntry accessMode="private" endPc="268453406" name="&lt;globals/BlinkScheduler/&lt;&gt;scheduleNextBlink&gt;" parent="BlinkScheduler" startPc="268453307">
            <param id="profile"/>
            <documentation/>
        </functionEntry>
        <functionEntry accessMode="public" endPc="268453493" name="getBlinkPhase" parent="BlinkScheduler" startPc="268453407">
            <documentation/>
        </functionEntry>
        <functionEntry accessMode="private" endPc="268453549" name="&lt;globals/BlinkScheduler/&lt;&gt;getDefaultProfile&gt;" parent="BlinkScheduler" startPc="268453494">
            <documentation/>
        </functionEntry>
        <functionEntry accessMode="private" endPc="268453586" name="&lt;globals/BlinkScheduler/&lt;&gt;startBlink&gt;" parent="BlinkScheduler" startPc="268453550">
            <param id="duration"/>
            <documentation/>
        </functionEntry>
        <functionEntry accessMode="private" endPc="268453736" name="&lt;globals/BlinkScheduler/&lt;&gt;generateBlinkInterval&gt;" parent="BlinkScheduler" startPc="268453587">
            <param id="min"/>
            <param id="max"/>
            <param id="mean"/>
            <documentation/>
        </functionEntry>
        <functionEntry accessMode="public" endPc="268453988" name="update" parent="BlinkScheduler" startPc="268453737">
            <param id="profile"/>
            <param id="deltaMs"/>
            <documentation/>
        </functionEntry>
        <functionEntry accessMode="public" endPc="268453999" name="triggerEventBlink" parent="BlinkScheduler" startPc="268453989">
            <documentation/>
        </functionEntry>
        <functionEntry accessMode="public" endPc="268454066" name="initialize" parent="BlinkScheduler" startPc="268454000">
            <documentation/>
        </functionEntry>
        <functionEntry accessMode="public" endPc="268454121" name="score" parent="RecoveringState" startPc="268454067">
            <param id="ctx"/>
            <documentation/>
        </functionEntry>
        <functionEntry accessMode="public" endPc="268454212" name="getExpression" parent="RecoveringState" startPc="268454122">
            <param id="ctx"/>
            <param id="variant"/>
            <documentation/>
        </functionEntry>
        <functionEntry accessMode="public" endPc="268454268" name="blinkProfile" parent="RecoveringState" startPc="268454213">
            <param id="ctx"/>
            <documentation/>
        </functionEntry>
        <functionEntry accessMode="public" endPc="268454276" name="getEmoticon" parent="RecoveringState" startPc="268454269">
            <documentation/>
        </functionEntry>
        <functionEntry accessMode="public" endPc="268454284" name="id" parent="RecoveringState" startPc="268454277">
            <documentation/>
        </functionEntry>
        <functionEntry accessMode="public" name="initialize" parent="RecoveringState">
            <documentation/>
        </functionEntry>
        <functionEntry accessMode="public" endPc="268454307" name="getCellX" parent="PixelMetrics" startPc="268454285">
            <param id="col"/>
            <documentation/>
        </functionEntry>
        <functionEntry accessMode="public" endPc="268454330" name="getCellY" parent="PixelMetrics" startPc="268454308">
            <param id="row"/>
            <documentation/>
        </functionEntry>
        <functionEntry accessMode="public" endPc="268454353" name="getTotalWidth" parent="PixelMetrics" startPc="268454331">
            <param id="cols"/>
            <documentation/>
        </functionEntry>
        <functionEntry accessMode="public" endPc="268454376" name="getTotalHeight" parent="PixelMetrics" startPc="268454354">
            <param id="rows"/>
            <documentation/>
        </functionEntry>
        <functionEntry accessMode="public" endPc="268454415" name="initialize" parent="PixelMetrics" startPc="268454377">
            <param id="block"/>
            <param id="g"/>
            <param id="x"/>
            <param id="y"/>
            <documentation/>
        </functionEntry>
        <functionEntry accessMode="public" endPc="268454536" name="updateScale" parent="ResolutionManager" startPc="268454416">
            <param id="dc"/>
            <documentation/>
        </functionEntry>
        <functionEntry accessMode="public" endPc="268454548" name="setGap" parent="ResolutionManager" startPc="268454537">
            <param id="g"/>
            <documentation/>
        </functionEntry>
        <functionEntry accessMode="public" endPc="268454652" name="centerGrid" parent="ResolutionManager" startPc="268454549">
            <param id="screenWidth"/>
            <param id="screenHeight"/>
            <param id="gridSpec"/>
            <documentation/>
        </functionEntry>
        <functionEntry accessMode="public" name="initialize" parent="ResolutionManager">
            <documentation/>
        </functionEntry>
        <functionEntry accessMode="public" endPc="268454711" name="dp" parent="ResolutionManager" startPc="268454653">
            <param id="pixels"/>
            <param id="dc"/>
            <documentation/>
        </functionEntry>
        <functionEntry accessMode="public" endPc="268454723" name="setBlockSize" parent="ResolutionManager" startPc="268454712">
            <param id="size"/>
            <documentation/>
        </functionEntry>
        <functionEntry accessMode="public" endPc="268454758" name="positionGrid" parent="ResolutionManager" startPc="268454724">
            <param id="x"/>
            <param id="y"/>
            <documentation/>
        </functionEntry>
        <functionEntry accessMode="public" endPc="268454779" name="initialize" parent="GridSpec" startPc="268454759">
            <param id="c"/>
            <param id="r"/>
            <documentation/>
        </functionEntry>
        <functionEntry accessMode="public" endPc="268454895" name="drawRectangle" parent="PixelRenderer" startPc="268454780">
            <param id="startCol"/>
            <param id="startRow"/>
            <param id="cols"/>
            <param id="rows"/>
            <documentation/>
        </functionEntry>
        <functionEntry accessMode="public" endPc="268455045" name="drawGrid" parent="PixelRenderer" startPc="268454896">
            <param id="gridSpec"/>
            <param id="pattern"/>
            <documentation/>
        </functionEntry>
        <functionEntry accessMode="public" endPc="268455066" name="initialize" parent="PixelRenderer" startPc="268455046">
            <param id="drawContext"/>
            <param id="pixelMetrics"/>
            <documentation/>
        </functionEntry>
        <functionEntry accessMode="public" endPc="268455215" name="drawDigit" parent="TimeDisplay" startPc="268455067">
            <param id="dc"/>
            <param id="digit"/>
            <param id="x"/>
            <param id="y"/>
            <documentation/>
        </functionEntry>
        <functionEntry accessMode="public" endPc="268455247" name="initialize" parent="TimeDisplay" startPc="268455216">
            <documentation/>
        </functionEntry>
        <functionEntry accessMode="public" endPc="268455767" name="draw" parent="TimeDisplay" startPc="268455248">
            <param id="dc"/>
            <param id="screenWidth"/>
            <param id="screenHeight"/>
            <documentation/>
        </functionEntry>
        <functionEntry accessMode="public" name="initialize" parent="DigitPatterns">
            <documentation/>
        </functionEntry>
        <functionEntry accessMode="public" endPc="268455968" name="drawHollowDigit" parent="MinimalTimeDisplay" startPc="268455768">
            <param id="renderer"/>
            <param id="pattern"/>
            <param id="startCol"/>
            <param id="startRow"/>
            <documentation/>
        </functionEntry>
        <functionEntry accessMode="public" endPc="268456044" name="drawPixelDot" parent="MinimalTimeDisplay" startPc="268455969">
            <param id="renderer"/>
            <param id="col"/>
            <param id="row"/>
            <documentation/>
        </functionEntry>
        <functionEntry accessMode="public" endPc="268456522" name="drawAOD" parent="MinimalTimeDisplay" startPc="268456045">
            <param id="dc"/>
            <param id="screenWidth"/>
            <param id="screenHeight"/>
            <documentation/>
        </functionEntry>
        <functionEntry accessMode="public" endPc="268456787" name="drawGhostJailbot" parent="MinimalTimeDisplay" startPc="268456523">
            <param id="dc"/>
            <param id="screenWidth"/>
            <param id="centerY"/>
            <documentation/>
        </functionEntry>
        <functionEntry accessMode="public" endPc="268456819" name="initialize" parent="MinimalTimeDisplay" startPc="268456788">
            <documentation/>
        </functionEntry>
        <functionEntry accessMode="public" endPc="268456858" name="drawMinimalColon" parent="MinimalTimeDisplay" startPc="268456820">
            <param id="renderer"/>
            <param id="startCol"/>
            <param id="startRow"/>
            <documentation/>
        </functionEntry>
        <functionEntry accessMode="public" endPc="268456897" name="setup" parent="HourHand" startPc="268456859">
            <param id="radius"/>
            <documentation/>
        </functionEntry>
        <functionEntry accessMode="public" endPc="268457063" name="draw" parent="HourHand" startPc="268456898">
            <param id="dc"/>
            <param id="centerX"/>
            <param id="centerY"/>
            <param id="angle"/>
            <documentation/>
        </functionEntry>
        <functionEntry accessMode="public" name="initialize" parent="HourHand">
            <documentation/>
        </functionEntry>
        <functionEntry accessMode="public" endPc="268457097" name="calculateAngle" parent="HourHand" startPc="268457064">
            <param id="hours"/>
            <param id="minutes"/>
            <documentation/>
        </functionEntry>
        <functionEntry accessMode="public" endPc="268457260" name="drawStrongMark" parent="RimIndicators" startPc="268457098">
            <param id="dc"/>
            <param id="angle"/>
            <documentation/>
        </functionEntry>
        <functionEntry accessMode="public" endPc="268457423" name="drawSecondaryMark" parent="RimIndicators" startPc="268457261">
            <param id="dc"/>
            <param id="angle"/>
            <documentation/>
        </functionEntry>
        <functionEntry accessMode="public" endPc="268457483" name="setup" parent="RimIndicators" startPc="268457424">
            <param id="x"/>
            <param id="y"/>
            <param id="r"/>
            <documentation/>
        </functionEntry>
        <functionEntry accessMode="public" endPc="268457563" name="draw" parent="RimIndicators" startPc="268457484">
            <param id="dc"/>
            <documentation/>
        </functionEntry>
        <functionEntry accessMode="public" name="initialize" parent="RimIndicators">
            <documentation/>
        </functionEntry>
        <functionEntry accessMode="public" endPc="268457602" name="setup" parent="MinuteHand" startPc="268457564">
            <param id="radius"/>
            <documentation/>
        </functionEntry>
        <functionEntry accessMode="public" endPc="268457768" name="draw" parent="MinuteHand" startPc="268457603">
            <param id="dc"/>
            <param id="centerX"/>
            <param id="centerY"/>
            <param id="angle"/>
            <documentation/>
        </functionEntry>
        <functionEntry accessMode="public" name="initialize" parent="MinuteHand">
            <documentation/>
        </functionEntry>
        <functionEntry accessMode="public" endPc="268457799" name="calculateAngle" parent="MinuteHand" startPc="268457769">
            <param id="minutes"/>
            <param id="seconds"/>
            <documentation/>
        </functionEntry>
        <functionEntry accessMode="public" endPc="268458015" name="initialize" parent="AnalogClockFace" startPc="268457800">
            <param id="x"/>
            <param id="y"/>
            <param id="r"/>
            <documentation/>
        </functionEntry>
        <functionEntry accessMode="public" endPc="268458174" name="draw" parent="AnalogClockFace" startPc="268458016">
            <param id="dc"/>
            <param id="hours"/>
            <param id="minutes"/>
            <param id="seconds"/>
            <documentation/>
        </functionEntry>
        <functionEntry accessMode="public" endPc="268458213" name="setup" parent="SecondHand" startPc="268458175">
            <param id="radius"/>
            <documentation/>
        </functionEntry>
        <functionEntry accessMode="public" endPc="268458379" name="draw" parent="SecondHand" startPc="268458214">
            <param id="dc"/>
            <param id="centerX"/>
            <param id="centerY"/>
            <param id="angle"/>
            <documentation/>
        </functionEntry>
        <functionEntry accessMode="public" name="initialize" parent="SecondHand">
            <documentation/>
        </functionEntry>
        <functionEntry accessMode="public" endPc="268458399" name="calculateAngle" parent="SecondHand" startPc="268458380">
            <param id="seconds"/>
            <documentation/>
        </functionEntry>
        <functionEntry accessMode="public" endPc="268458431" name="createMinimalStyle" parent="AnalogStyleFactory" startPc="268458400">
            <param id="x"/>
            <param id="y"/>
            <param id="r"/>
            <documentation/>
        </functionEntry>
        <functionEntry accessMode="public" endPc="268458463" name="createClassicStyle" parent="AnalogStyleFactory" startPc="268458432">
            <param id="x"/>
            <param id="y"/>
            <param id="r"/>
            <documentation/>
        </functionEntry>
        <functionEntry accessMode="public" name="initialize" parent="AnalogStyleFactory">
            <documentation/>
        </functionEntry>
        <functionEntry accessMode="public" endPc="268458538" name="drawJailbotElements" parent="JailbotAnalogFace" startPc="268458464">
            <param id="dc"/>
            <param id="clockTime"/>
            <documentation/>
        </functionEntry>
        <functionEntry accessMode="public" endPc="268458583" name="drawWithScreen" parent="JailbotAnalogFace" startPc="268458539">
            <param id="dc"/>
            <param id="screenWidth"/>
            <param id="screenHeight"/>
            <documentation/>
        </functionEntry>
        <functionEntry accessMode="public" endPc="268458599" name="toggleJailbotDisplay" parent="JailbotAnalogFace" startPc="268458584">
            <documentation/>
        </functionEntry>
        <functionEntry accessMode="public" endPc="268458679" name="initialize" parent="JailbotAnalogFace" startPc="268458600">
            <param id="x"/>
            <param id="y"/>
            <param id="r"/>
            <documentation/>
        </functionEntry>
        <functionEntry accessMode="public" endPc="268458761" name="draw" parent="JailbotAnalogFace" startPc="268458680">
            <param id="dc"/>
            <param id="hours"/>
            <param id="minutes"/>
            <param id="seconds"/>
            <documentation/>
        </functionEntry>
        <functionEntry accessMode="public" endPc="268458928" name="drawMiniJailbot" parent="JailbotAnalogFace" startPc="268458762">
            <param id="dc"/>
            <param id="x"/>
            <param id="y"/>
            <param id="size"/>
            <param id="shouldBlink"/>
            <documentation/>
        </functionEntry>
        <functionEntry accessMode="public" endPc="268458963" name="getSpec" parent="Eye" startPc="268458929">
            <documentation/>
        </functionEntry>
        <functionEntry accessMode="public" name="initialize" parent="Eye">
            <documentation/>
        </functionEntry>
        <functionEntry accessMode="public" endPc="268458998" name="getSpec" parent="Mouth" startPc="268458964">
            <documentation/>
        </functionEntry>
        <functionEntry accessMode="public" name="initialize" parent="Mouth">
            <documentation/>
        </functionEntry>
        <functionEntry accessMode="public" endPc="268459029" name="moveEyesCloser" parent="FaceLayout" startPc="268458999">
            <documentation/>
        </functionEntry>
        <functionEntry accessMode="public" endPc="268459041" name="setEyeSpacing" parent="FaceLayout" startPc="268459030">
            <param id="blocks"/>
            <documentation/>
        </functionEntry>
        <functionEntry accessMode="public" endPc="268459053" name="adjustEyeSpacing" parent="FaceLayout" startPc="268459042">
            <param id="blocks"/>
            <documentation/>
        </functionEntry>
        <functionEntry accessMode="public" endPc="268459160" name="initialize" parent="FaceLayout" startPc="268459054">
            <documentation/>
        </functionEntry>
        <functionEntry accessMode="public" endPc="268459713" name="draw" parent="FaceLayout" startPc="268459161">
            <param id="dc"/>
            <param id="screenWidth"/>
            <param id="screenHeight"/>
            <documentation/>
        </functionEntry>
        <functionEntry accessMode="public" endPc="268459731" name="moveEyesApart" parent="FaceLayout" startPc="268459714">
            <documentation/>
        </functionEntry>
    </functions>
</debugInfo>
